
Generation: 0
Best Individual:
Subpopulation 0:
Evaluated: true
Fitness: Standardized=0.4926677 Adjusted=0.6699415 Hits=0
Tree 0:
digraph g {
node [shape=rectangle];
n[label = "If_Then_Else"];
n0[label = "If_Then_Else"];
n00[label = "FarthestFirstNode"];
n0 -> n00;
n01[label = "FarthestInsertion"];
n0 -> n01;
n02[label = "FarthestNeighbor"];
n0 -> n02;
n -> n0;
n1[label = "If_Then"];
n10[label = "NearestInsertion"];
n1 -> n10;
n11[label = "WorstMove"];
n1 -> n11;
n -> n1;
n2[label = "If_Then_Else"];
n20[label = "NearestNeighbor"];
n2 -> n20;
n21[label = "WorstMove"];
n2 -> n21;
n22[label = "NearestInsertion"];
n2 -> n22;
n -> n2;
}


Generation: 1
Best Individual:
Subpopulation 0:
Evaluated: true
Fitness: Standardized=0.4926677 Adjusted=0.6699415 Hits=0
Tree 0:
digraph g {
node [shape=rectangle];
n[label = "If_Then_Else"];
n0[label = "If_Then_Else"];
n00[label = "FarthestFirstNode"];
n0 -> n00;
n01[label = "FarthestInsertion"];
n0 -> n01;
n02[label = "FarthestNeighbor"];
n0 -> n02;
n -> n0;
n1[label = "If_Then"];
n10[label = "NearestInsertion"];
n1 -> n10;
n11[label = "WorstMove"];
n1 -> n11;
n -> n1;
n2[label = "If_Then_Else"];
n20[label = "NearestNeighbor"];
n2 -> n20;
n21[label = "WorstMove"];
n2 -> n21;
n22[label = "NearestInsertion"];
n2 -> n22;
n -> n2;
}


Generation: 2
Best Individual:
Subpopulation 0:
Evaluated: true
Fitness: Standardized=0.42734218 Adjusted=0.7006028 Hits=0
Tree 0:
digraph g {
node [shape=rectangle];
n[label = "If_Then_Else"];
n0[label = "If_Then_Else"];
n00[label = "FarthestFirstNode"];
n0 -> n00;
n01[label = "FarthestInsertion"];
n0 -> n01;
n02[label = "FarthestNeighbor"];
n0 -> n02;
n -> n0;
n1[label = "FarthestNeighbor"];
n -> n1;
n2[label = "If_Then_Else"];
n20[label = "NearestNeighbor"];
n2 -> n20;
n21[label = "WorstMove"];
n2 -> n21;
n22[label = "NearestInsertion"];
n2 -> n22;
n -> n2;
}


Generation: 3
Best Individual:
Subpopulation 0:
Evaluated: true
Fitness: Standardized=0.34766445 Adjusted=0.7420245 Hits=0
Tree 0:
digraph g {
node [shape=rectangle];
n[label = "And"];
n0[label = "Or"];
n00[label = "If_Then_Else"];
n000[label = "And"];
n0000[label = "BestMove"];
n000 -> n0000;
n0001[label = "FarthestNeighbor"];
n000 -> n0001;
n00 -> n000;
n001[label = "While"];
n0010[label = "NearestInsertion"];
n001 -> n0010;
n0011[label = "NearestNeighbor"];
n001 -> n0011;
n00 -> n001;
n002[label = "Equal"];
n0020[label = "FarthestFirstNode"];
n002 -> n0020;
n0021[label = "NearestNeighbor"];
n002 -> n0021;
n00 -> n002;
n0 -> n00;
n01[label = "Or"];
n010[label = "If_Then_Else"];
n0100[label = "BestMove"];
n010 -> n0100;
n0101[label = "FarthestInsertion"];
n010 -> n0101;
n0102[label = "FarthestFirstNode"];
n010 -> n0102;
n01 -> n010;
n011[label = "Equal"];
n0110[label = "WorstMove"];
n011 -> n0110;
n0111[label = "BestMove"];
n011 -> n0111;
n01 -> n011;
n0 -> n01;
n -> n0;
n1[label = "If_Then"];
n10[label = "If_Then_Else"];
n100[label = "And"];
n1000[label = "FarthestInsertion"];
n100 -> n1000;
n1001[label = "NearestInsertion"];
n100 -> n1001;
n10 -> n100;
n101[label = "If_Then_Else"];
n1010[label = "FarthestNeighbor"];
n101 -> n1010;
n1011[label = "NearestFirstNode"];
n101 -> n1011;
n1012[label = "NearestInsertion"];
n101 -> n1012;
n10 -> n101;
n102[label = "Or"];
n1020[label = "WorstMove"];
n102 -> n1020;
n1021[label = "FarthestNeighbor"];
n102 -> n1021;
n10 -> n102;
n1 -> n10;
n11[label = "NearestInsertion"];
n1 -> n11;
n -> n1;
}


Generation: 4
Best Individual:
Subpopulation 0:
Evaluated: true
Fitness: Standardized=0.33815062 Adjusted=0.7473 Hits=3
Tree 0:
digraph g {
node [shape=rectangle];
n[label = "And"];
n0[label = "Or"];
n00[label = "If_Then_Else"];
n000[label = "And"];
n0000[label = "BestMove"];
n000 -> n0000;
n0001[label = "FarthestNeighbor"];
n000 -> n0001;
n00 -> n000;
n001[label = "While"];
n0010[label = "NearestInsertion"];
n001 -> n0010;
n0011[label = "NearestNeighbor"];
n001 -> n0011;
n00 -> n001;
n002[label = "Equal"];
n0020[label = "FarthestFirstNode"];
n002 -> n0020;
n0021[label = "NearestNeighbor"];
n002 -> n0021;
n00 -> n002;
n0 -> n00;
n01[label = "Or"];
n010[label = "If_Then_Else"];
n0100[label = "BestMove"];
n010 -> n0100;
n0101[label = "FarthestInsertion"];
n010 -> n0101;
n0102[label = "FarthestFirstNode"];
n010 -> n0102;
n01 -> n010;
n011[label = "Equal"];
n0110[label = "WorstMove"];
n011 -> n0110;
n0111[label = "BestMove"];
n011 -> n0111;
n01 -> n011;
n0 -> n01;
n -> n0;
n1[label = "If_Then"];
n10[label = "While"];
n100[label = "NearestInsertion"];
n10 -> n100;
n101[label = "NearestNeighbor"];
n10 -> n101;
n1 -> n10;
n11[label = "NearestInsertion"];
n1 -> n11;
n -> n1;
}


Generation: 5
Best Individual:
Subpopulation 0:
Evaluated: true
Fitness: Standardized=0.3272424 Adjusted=0.7534419 Hits=3
Tree 0:
digraph g {
node [shape=rectangle];
n[label = "And"];
n0[label = "Or"];
n00[label = "If_Then_Else"];
n000[label = "And"];
n0000[label = "BestMove"];
n000 -> n0000;
n0001[label = "FarthestNeighbor"];
n000 -> n0001;
n00 -> n000;
n001[label = "While"];
n0010[label = "NearestInsertion"];
n001 -> n0010;
n0011[label = "NearestNeighbor"];
n001 -> n0011;
n00 -> n001;
n002[label = "If_Then_Else"];
n0020[label = "BestMove"];
n002 -> n0020;
n0021[label = "FarthestInsertion"];
n002 -> n0021;
n0022[label = "FarthestFirstNode"];
n002 -> n0022;
n00 -> n002;
n0 -> n00;
n01[label = "Or"];
n010[label = "If_Then_Else"];
n0100[label = "BestMove"];
n010 -> n0100;
n0101[label = "FarthestInsertion"];
n010 -> n0101;
n0102[label = "FarthestFirstNode"];
n010 -> n0102;
n01 -> n010;
n011[label = "Equal"];
n0110[label = "WorstMove"];
n011 -> n0110;
n0111[label = "BestMove"];
n011 -> n0111;
n01 -> n011;
n0 -> n01;
n -> n0;
n1[label = "If_Then"];
n10[label = "While"];
n100[label = "NearestInsertion"];
n10 -> n100;
n101[label = "NearestNeighbor"];
n10 -> n101;
n1 -> n10;
n11[label = "NearestInsertion"];
n1 -> n11;
n -> n1;
}


Generation: 6
Best Individual:
Subpopulation 0:
Evaluated: true
Fitness: Standardized=0.3272424 Adjusted=0.7534419 Hits=3
Tree 0:
digraph g {
node [shape=rectangle];
n[label = "And"];
n0[label = "Or"];
n00[label = "If_Then_Else"];
n000[label = "And"];
n0000[label = "BestMove"];
n000 -> n0000;
n0001[label = "FarthestNeighbor"];
n000 -> n0001;
n00 -> n000;
n001[label = "While"];
n0010[label = "NearestInsertion"];
n001 -> n0010;
n0011[label = "NearestNeighbor"];
n001 -> n0011;
n00 -> n001;
n002[label = "If_Then_Else"];
n0020[label = "BestMove"];
n002 -> n0020;
n0021[label = "FarthestInsertion"];
n002 -> n0021;
n0022[label = "FarthestFirstNode"];
n002 -> n0022;
n00 -> n002;
n0 -> n00;
n01[label = "Or"];
n010[label = "If_Then_Else"];
n0100[label = "BestMove"];
n010 -> n0100;
n0101[label = "FarthestInsertion"];
n010 -> n0101;
n0102[label = "FarthestFirstNode"];
n010 -> n0102;
n01 -> n010;
n011[label = "Equal"];
n0110[label = "WorstMove"];
n011 -> n0110;
n0111[label = "BestMove"];
n011 -> n0111;
n01 -> n011;
n0 -> n01;
n -> n0;
n1[label = "If_Then"];
n10[label = "While"];
n100[label = "NearestInsertion"];
n10 -> n100;
n101[label = "NearestNeighbor"];
n10 -> n101;
n1 -> n10;
n11[label = "NearestInsertion"];
n1 -> n11;
n -> n1;
}


Generation: 7
Best Individual:
Subpopulation 0:
Evaluated: true
Fitness: Standardized=0.3153726 Adjusted=0.76024085 Hits=3
Tree 0:
digraph g {
node [shape=rectangle];
n[label = "And"];
n0[label = "Or"];
n00[label = "If_Then_Else"];
n000[label = "And"];
n0000[label = "BestMove"];
n000 -> n0000;
n0001[label = "FarthestNeighbor"];
n000 -> n0001;
n00 -> n000;
n001[label = "While"];
n0010[label = "NearestInsertion"];
n001 -> n0010;
n0011[label = "NearestNeighbor"];
n001 -> n0011;
n00 -> n001;
n002[label = "While"];
n0020[label = "NearestInsertion"];
n002 -> n0020;
n0021[label = "NearestNeighbor"];
n002 -> n0021;
n00 -> n002;
n0 -> n00;
n01[label = "Or"];
n010[label = "If_Then_Else"];
n0100[label = "BestMove"];
n010 -> n0100;
n0101[label = "FarthestInsertion"];
n010 -> n0101;
n0102[label = "FarthestFirstNode"];
n010 -> n0102;
n01 -> n010;
n011[label = "Equal"];
n0110[label = "WorstMove"];
n011 -> n0110;
n0111[label = "BestMove"];
n011 -> n0111;
n01 -> n011;
n0 -> n01;
n -> n0;
n1[label = "If_Then"];
n10[label = "While"];
n100[label = "NearestInsertion"];
n10 -> n100;
n101[label = "NearestNeighbor"];
n10 -> n101;
n1 -> n10;
n11[label = "NearestInsertion"];
n1 -> n11;
n -> n1;
}


Generation: 8
Best Individual:
Subpopulation 0:
Evaluated: true
Fitness: Standardized=0.29688746 Adjusted=0.771077 Hits=3
Tree 0:
digraph g {
node [shape=rectangle];
n[label = "And"];
n0[label = "Or"];
n00[label = "If_Then_Else"];
n000[label = "And"];
n0000[label = "BestMove"];
n000 -> n0000;
n0001[label = "FarthestNeighbor"];
n000 -> n0001;
n00 -> n000;
n001[label = "While"];
n0010[label = "NearestInsertion"];
n001 -> n0010;
n0011[label = "NearestNeighbor"];
n001 -> n0011;
n00 -> n001;
n002[label = "NearestInsertion"];
n00 -> n002;
n0 -> n00;
n01[label = "Or"];
n010[label = "If_Then_Else"];
n0100[label = "BestMove"];
n010 -> n0100;
n0101[label = "FarthestInsertion"];
n010 -> n0101;
n0102[label = "FarthestFirstNode"];
n010 -> n0102;
n01 -> n010;
n011[label = "Equal"];
n0110[label = "WorstMove"];
n011 -> n0110;
n0111[label = "BestMove"];
n011 -> n0111;
n01 -> n011;
n0 -> n01;
n -> n0;
n1[label = "If_Then"];
n10[label = "While"];
n100[label = "NearestInsertion"];
n10 -> n100;
n101[label = "NearestNeighbor"];
n10 -> n101;
n1 -> n10;
n11[label = "NearestInsertion"];
n1 -> n11;
n -> n1;
}


Generation: 9
Best Individual:
Subpopulation 0:
Evaluated: true
Fitness: Standardized=0.29688746 Adjusted=0.771077 Hits=3
Tree 0:
digraph g {
node [shape=rectangle];
n[label = "And"];
n0[label = "Or"];
n00[label = "If_Then_Else"];
n000[label = "And"];
n0000[label = "BestMove"];
n000 -> n0000;
n0001[label = "FarthestNeighbor"];
n000 -> n0001;
n00 -> n000;
n001[label = "While"];
n0010[label = "NearestInsertion"];
n001 -> n0010;
n0011[label = "NearestNeighbor"];
n001 -> n0011;
n00 -> n001;
n002[label = "NearestInsertion"];
n00 -> n002;
n0 -> n00;
n01[label = "Or"];
n010[label = "If_Then_Else"];
n0100[label = "BestMove"];
n010 -> n0100;
n0101[label = "FarthestInsertion"];
n010 -> n0101;
n0102[label = "FarthestFirstNode"];
n010 -> n0102;
n01 -> n010;
n011[label = "Equal"];
n0110[label = "WorstMove"];
n011 -> n0110;
n0111[label = "BestMove"];
n011 -> n0111;
n01 -> n011;
n0 -> n01;
n -> n0;
n1[label = "If_Then"];
n10[label = "While"];
n100[label = "NearestInsertion"];
n10 -> n100;
n101[label = "NearestNeighbor"];
n10 -> n101;
n1 -> n10;
n11[label = "NearestInsertion"];
n1 -> n11;
n -> n1;
}


Generation: 10
Best Individual:
Subpopulation 0:
Evaluated: true
Fitness: Standardized=0.29688746 Adjusted=0.771077 Hits=3
Tree 0:
digraph g {
node [shape=rectangle];
n[label = "And"];
n0[label = "Or"];
n00[label = "If_Then_Else"];
n000[label = "And"];
n0000[label = "BestMove"];
n000 -> n0000;
n0001[label = "FarthestNeighbor"];
n000 -> n0001;
n00 -> n000;
n001[label = "While"];
n0010[label = "NearestInsertion"];
n001 -> n0010;
n0011[label = "NearestNeighbor"];
n001 -> n0011;
n00 -> n001;
n002[label = "NearestInsertion"];
n00 -> n002;
n0 -> n00;
n01[label = "Or"];
n010[label = "If_Then_Else"];
n0100[label = "BestMove"];
n010 -> n0100;
n0101[label = "NearestInsertion"];
n010 -> n0101;
n0102[label = "FarthestFirstNode"];
n010 -> n0102;
n01 -> n010;
n011[label = "Equal"];
n0110[label = "WorstMove"];
n011 -> n0110;
n0111[label = "BestMove"];
n011 -> n0111;
n01 -> n011;
n0 -> n01;
n -> n0;
n1[label = "If_Then"];
n10[label = "While"];
n100[label = "NearestInsertion"];
n10 -> n100;
n101[label = "NearestNeighbor"];
n10 -> n101;
n1 -> n10;
n11[label = "NearestInsertion"];
n1 -> n11;
n -> n1;
}


Generation: 11
Best Individual:
Subpopulation 0:
Evaluated: true
Fitness: Standardized=0.29688746 Adjusted=0.771077 Hits=3
Tree 0:
digraph g {
node [shape=rectangle];
n[label = "And"];
n0[label = "Or"];
n00[label = "If_Then_Else"];
n000[label = "And"];
n0000[label = "BestMove"];
n000 -> n0000;
n0001[label = "FarthestNeighbor"];
n000 -> n0001;
n00 -> n000;
n001[label = "While"];
n0010[label = "NearestInsertion"];
n001 -> n0010;
n0011[label = "NearestNeighbor"];
n001 -> n0011;
n00 -> n001;
n002[label = "NearestInsertion"];
n00 -> n002;
n0 -> n00;
n01[label = "Or"];
n010[label = "If_Then_Else"];
n0100[label = "BestMove"];
n010 -> n0100;
n0101[label = "NearestInsertion"];
n010 -> n0101;
n0102[label = "FarthestFirstNode"];
n010 -> n0102;
n01 -> n010;
n011[label = "Equal"];
n0110[label = "NearestInsertion"];
n011 -> n0110;
n0111[label = "BestMove"];
n011 -> n0111;
n01 -> n011;
n0 -> n01;
n -> n0;
n1[label = "If_Then"];
n10[label = "While"];
n100[label = "NearestInsertion"];
n10 -> n100;
n101[label = "NearestNeighbor"];
n10 -> n101;
n1 -> n10;
n11[label = "NearestInsertion"];
n1 -> n11;
n -> n1;
}


Generation: 12
Best Individual:
Subpopulation 0:
Evaluated: true
Fitness: Standardized=0.29688746 Adjusted=0.771077 Hits=3
Tree 0:
digraph g {
node [shape=rectangle];
n[label = "And"];
n0[label = "Or"];
n00[label = "If_Then_Else"];
n000[label = "And"];
n0000[label = "BestMove"];
n000 -> n0000;
n0001[label = "FarthestNeighbor"];
n000 -> n0001;
n00 -> n000;
n001[label = "While"];
n0010[label = "NearestInsertion"];
n001 -> n0010;
n0011[label = "NearestNeighbor"];
n001 -> n0011;
n00 -> n001;
n002[label = "NearestInsertion"];
n00 -> n002;
n0 -> n00;
n01[label = "Or"];
n010[label = "If_Then_Else"];
n0100[label = "BestMove"];
n010 -> n0100;
n0101[label = "FarthestInsertion"];
n010 -> n0101;
n0102[label = "FarthestFirstNode"];
n010 -> n0102;
n01 -> n010;
n011[label = "FarthestFirstNode"];
n01 -> n011;
n0 -> n01;
n -> n0;
n1[label = "If_Then"];
n10[label = "While"];
n100[label = "NearestInsertion"];
n10 -> n100;
n101[label = "NearestNeighbor"];
n10 -> n101;
n1 -> n10;
n11[label = "NearestInsertion"];
n1 -> n11;
n -> n1;
}


Generation: 13
Best Individual:
Subpopulation 0:
Evaluated: true
Fitness: Standardized=0.29688746 Adjusted=0.771077 Hits=3
Tree 0:
digraph g {
node [shape=rectangle];
n[label = "And"];
n0[label = "NearestNeighbor"];
n -> n0;
n1[label = "If_Then"];
n10[label = "While"];
n100[label = "NearestInsertion"];
n10 -> n100;
n101[label = "NearestNeighbor"];
n10 -> n101;
n1 -> n10;
n11[label = "NearestInsertion"];
n1 -> n11;
n -> n1;
}


Generation: 14
Best Individual:
Subpopulation 0:
Evaluated: true
Fitness: Standardized=0.29688746 Adjusted=0.771077 Hits=3
Tree 0:
digraph g {
node [shape=rectangle];
n[label = "And"];
n0[label = "Or"];
n00[label = "If_Then_Else"];
n000[label = "And"];
n0000[label = "BestMove"];
n000 -> n0000;
n0001[label = "FarthestNeighbor"];
n000 -> n0001;
n00 -> n000;
n001[label = "While"];
n0010[label = "NearestInsertion"];
n001 -> n0010;
n0011[label = "NearestNeighbor"];
n001 -> n0011;
n00 -> n001;
n002[label = "NearestInsertion"];
n00 -> n002;
n0 -> n00;
n01[label = "While"];
n010[label = "NearestInsertion"];
n01 -> n010;
n011[label = "NearestNeighbor"];
n01 -> n011;
n0 -> n01;
n -> n0;
n1[label = "If_Then"];
n10[label = "While"];
n100[label = "NearestInsertion"];
n10 -> n100;
n101[label = "NearestNeighbor"];
n10 -> n101;
n1 -> n10;
n11[label = "NearestInsertion"];
n1 -> n11;
n -> n1;
}


Generation: 15
Best Individual:
Subpopulation 0:
Evaluated: true
Fitness: Standardized=0.29688746 Adjusted=0.771077 Hits=3
Tree 0:
digraph g {
node [shape=rectangle];
n[label = "And"];
n0[label = "Or"];
n00[label = "If_Then_Else"];
n000[label = "And"];
n0000[label = "BestMove"];
n000 -> n0000;
n0001[label = "FarthestNeighbor"];
n000 -> n0001;
n00 -> n000;
n001[label = "While"];
n0010[label = "NearestInsertion"];
n001 -> n0010;
n0011[label = "NearestNeighbor"];
n001 -> n0011;
n00 -> n001;
n002[label = "NearestInsertion"];
n00 -> n002;
n0 -> n00;
n01[label = "While"];
n010[label = "NearestInsertion"];
n01 -> n010;
n011[label = "NearestNeighbor"];
n01 -> n011;
n0 -> n01;
n -> n0;
n1[label = "If_Then"];
n10[label = "While"];
n100[label = "NearestInsertion"];
n10 -> n100;
n101[label = "NearestNeighbor"];
n10 -> n101;
n1 -> n10;
n11[label = "NearestInsertion"];
n1 -> n11;
n -> n1;
}


Generation: 16
Best Individual:
Subpopulation 0:
Evaluated: true
Fitness: Standardized=0.29688746 Adjusted=0.771077 Hits=3
Tree 0:
digraph g {
node [shape=rectangle];
n[label = "And"];
n0[label = "Or"];
n00[label = "If_Then_Else"];
n000[label = "If_Then_Else"];
n0000[label = "BestMove"];
n000 -> n0000;
n0001[label = "FarthestInsertion"];
n000 -> n0001;
n0002[label = "NearestInsertion"];
n000 -> n0002;
n00 -> n000;
n001[label = "While"];
n0010[label = "NearestInsertion"];
n001 -> n0010;
n0011[label = "NearestNeighbor"];
n001 -> n0011;
n00 -> n001;
n002[label = "NearestInsertion"];
n00 -> n002;
n0 -> n00;
n01[label = "Or"];
n010[label = "And"];
n0100[label = "BestMove"];
n010 -> n0100;
n0101[label = "FarthestNeighbor"];
n010 -> n0101;
n01 -> n010;
n011[label = "Equal"];
n0110[label = "NearestInsertion"];
n011 -> n0110;
n0111[label = "BestMove"];
n011 -> n0111;
n01 -> n011;
n0 -> n01;
n -> n0;
n1[label = "If_Then"];
n10[label = "While"];
n100[label = "NearestInsertion"];
n10 -> n100;
n101[label = "NearestNeighbor"];
n10 -> n101;
n1 -> n10;
n11[label = "NearestInsertion"];
n1 -> n11;
n -> n1;
}


Generation: 17
Best Individual:
Subpopulation 0:
Evaluated: true
Fitness: Standardized=0.29434255 Adjusted=0.772593 Hits=3
Tree 0:
digraph g {
node [shape=rectangle];
n[label = "And"];
n0[label = "Or"];
n00[label = "If_Then_Else"];
n000[label = "If_Then_Else"];
n0000[label = "BestMove"];
n000 -> n0000;
n0001[label = "FarthestInsertion"];
n000 -> n0001;
n0002[label = "NearestInsertion"];
n000 -> n0002;
n00 -> n000;
n001[label = "While"];
n0010[label = "NearestInsertion"];
n001 -> n0010;
n0011[label = "NearestNeighbor"];
n001 -> n0011;
n00 -> n001;
n002[label = "NearestInsertion"];
n00 -> n002;
n0 -> n00;
n01[label = "Or"];
n010[label = "And"];
n0100[label = "BestMove"];
n010 -> n0100;
n0101[label = "FarthestNeighbor"];
n010 -> n0101;
n01 -> n010;
n011[label = "And"];
n0110[label = "BestMove"];
n011 -> n0110;
n0111[label = "FarthestNeighbor"];
n011 -> n0111;
n01 -> n011;
n0 -> n01;
n -> n0;
n1[label = "If_Then"];
n10[label = "And"];
n100[label = "BestMove"];
n10 -> n100;
n101[label = "FarthestNeighbor"];
n10 -> n101;
n1 -> n10;
n11[label = "NearestInsertion"];
n1 -> n11;
n -> n1;
}


Generation: 18
Best Individual:
Subpopulation 0:
Evaluated: true
Fitness: Standardized=0.29434255 Adjusted=0.772593 Hits=3
Tree 0:
digraph g {
node [shape=rectangle];
n[label = "And"];
n0[label = "Or"];
n00[label = "If_Then_Else"];
n000[label = "If_Then_Else"];
n0000[label = "BestMove"];
n000 -> n0000;
n0001[label = "FarthestInsertion"];
n000 -> n0001;
n0002[label = "NearestInsertion"];
n000 -> n0002;
n00 -> n000;
n001[label = "While"];
n0010[label = "NearestInsertion"];
n001 -> n0010;
n0011[label = "NearestNeighbor"];
n001 -> n0011;
n00 -> n001;
n002[label = "NearestInsertion"];
n00 -> n002;
n0 -> n00;
n01[label = "Or"];
n010[label = "And"];
n0100[label = "BestMove"];
n010 -> n0100;
n0101[label = "FarthestNeighbor"];
n010 -> n0101;
n01 -> n010;
n011[label = "And"];
n0110[label = "BestMove"];
n011 -> n0110;
n0111[label = "FarthestNeighbor"];
n011 -> n0111;
n01 -> n011;
n0 -> n01;
n -> n0;
n1[label = "If_Then"];
n10[label = "And"];
n100[label = "BestMove"];
n10 -> n100;
n101[label = "FarthestNeighbor"];
n10 -> n101;
n1 -> n10;
n11[label = "NearestInsertion"];
n1 -> n11;
n -> n1;
}


Generation: 19
Best Individual:
Subpopulation 0:
Evaluated: true
Fitness: Standardized=0.29434255 Adjusted=0.772593 Hits=3
Tree 0:
digraph g {
node [shape=rectangle];
n[label = "And"];
n0[label = "Or"];
n00[label = "If_Then_Else"];
n000[label = "If_Then_Else"];
n0000[label = "BestMove"];
n000 -> n0000;
n0001[label = "FarthestInsertion"];
n000 -> n0001;
n0002[label = "NearestInsertion"];
n000 -> n0002;
n00 -> n000;
n001[label = "While"];
n0010[label = "NearestInsertion"];
n001 -> n0010;
n0011[label = "NearestNeighbor"];
n001 -> n0011;
n00 -> n001;
n002[label = "NearestInsertion"];
n00 -> n002;
n0 -> n00;
n01[label = "Or"];
n010[label = "And"];
n0100[label = "BestMove"];
n010 -> n0100;
n0101[label = "FarthestNeighbor"];
n010 -> n0101;
n01 -> n010;
n011[label = "And"];
n0110[label = "BestMove"];
n011 -> n0110;
n0111[label = "FarthestNeighbor"];
n011 -> n0111;
n01 -> n011;
n0 -> n01;
n -> n0;
n1[label = "If_Then"];
n10[label = "And"];
n100[label = "BestMove"];
n10 -> n100;
n101[label = "FarthestNeighbor"];
n10 -> n101;
n1 -> n10;
n11[label = "NearestInsertion"];
n1 -> n11;
n -> n1;
}


Generation: 20
Best Individual:
Subpopulation 0:
Evaluated: true
Fitness: Standardized=0.24143645 Adjusted=0.80551845 Hits=3
Tree 0:
digraph g {
node [shape=rectangle];
n[label = "And"];
n0[label = "Or"];
n00[label = "If_Then_Else"];
n000[label = "If_Then_Else"];
n0000[label = "BestMove"];
n000 -> n0000;
n0001[label = "FarthestInsertion"];
n000 -> n0001;
n0002[label = "NearestInsertion"];
n000 -> n0002;
n00 -> n000;
n001[label = "While"];
n0010[label = "NearestInsertion"];
n001 -> n0010;
n0011[label = "NearestInsertion"];
n001 -> n0011;
n00 -> n001;
n002[label = "NearestInsertion"];
n00 -> n002;
n0 -> n00;
n01[label = "Or"];
n010[label = "And"];
n0100[label = "BestMove"];
n010 -> n0100;
n0101[label = "FarthestNeighbor"];
n010 -> n0101;
n01 -> n010;
n011[label = "And"];
n0110[label = "BestMove"];
n011 -> n0110;
n0111[label = "FarthestNeighbor"];
n011 -> n0111;
n01 -> n011;
n0 -> n01;
n -> n0;
n1[label = "If_Then"];
n10[label = "And"];
n100[label = "BestMove"];
n10 -> n100;
n101[label = "FarthestNeighbor"];
n10 -> n101;
n1 -> n10;
n11[label = "NearestInsertion"];
n1 -> n11;
n -> n1;
}


Generation: 21
Best Individual:
Subpopulation 0:
Evaluated: true
Fitness: Standardized=0.24143645 Adjusted=0.80551845 Hits=3
Tree 0:
digraph g {
node [shape=rectangle];
n[label = "And"];
n0[label = "Or"];
n00[label = "If_Then_Else"];
n000[label = "If_Then_Else"];
n0000[label = "BestMove"];
n000 -> n0000;
n0001[label = "FarthestInsertion"];
n000 -> n0001;
n0002[label = "NearestInsertion"];
n000 -> n0002;
n00 -> n000;
n001[label = "While"];
n0010[label = "NearestInsertion"];
n001 -> n0010;
n0011[label = "NearestInsertion"];
n001 -> n0011;
n00 -> n001;
n002[label = "NearestInsertion"];
n00 -> n002;
n0 -> n00;
n01[label = "Or"];
n010[label = "And"];
n0100[label = "BestMove"];
n010 -> n0100;
n0101[label = "FarthestNeighbor"];
n010 -> n0101;
n01 -> n010;
n011[label = "And"];
n0110[label = "BestMove"];
n011 -> n0110;
n0111[label = "FarthestNeighbor"];
n011 -> n0111;
n01 -> n011;
n0 -> n01;
n -> n0;
n1[label = "If_Then"];
n10[label = "If_Then_Else"];
n100[label = "If_Then_Else"];
n1000[label = "BestMove"];
n100 -> n1000;
n1001[label = "FarthestInsertion"];
n100 -> n1001;
n1002[label = "NearestInsertion"];
n100 -> n1002;
n10 -> n100;
n101[label = "While"];
n1010[label = "NearestInsertion"];
n101 -> n1010;
n1011[label = "NearestInsertion"];
n101 -> n1011;
n10 -> n101;
n102[label = "NearestInsertion"];
n10 -> n102;
n1 -> n10;
n11[label = "NearestInsertion"];
n1 -> n11;
n -> n1;
}


Generation: 22
Best Individual:
Subpopulation 0:
Evaluated: true
Fitness: Standardized=0.24143645 Adjusted=0.80551845 Hits=3
Tree 0:
digraph g {
node [shape=rectangle];
n[label = "And"];
n0[label = "Or"];
n00[label = "If_Then_Else"];
n000[label = "If_Then_Else"];
n0000[label = "BestMove"];
n000 -> n0000;
n0001[label = "FarthestInsertion"];
n000 -> n0001;
n0002[label = "NearestInsertion"];
n000 -> n0002;
n00 -> n000;
n001[label = "While"];
n0010[label = "NearestInsertion"];
n001 -> n0010;
n0011[label = "NearestInsertion"];
n001 -> n0011;
n00 -> n001;
n002[label = "NearestInsertion"];
n00 -> n002;
n0 -> n00;
n01[label = "Or"];
n010[label = "And"];
n0100[label = "BestMove"];
n010 -> n0100;
n0101[label = "FarthestNeighbor"];
n010 -> n0101;
n01 -> n010;
n011[label = "And"];
n0110[label = "BestMove"];
n011 -> n0110;
n0111[label = "FarthestNeighbor"];
n011 -> n0111;
n01 -> n011;
n0 -> n01;
n -> n0;
n1[label = "If_Then"];
n10[label = "And"];
n100[label = "BestMove"];
n10 -> n100;
n101[label = "FarthestNeighbor"];
n10 -> n101;
n1 -> n10;
n11[label = "NearestInsertion"];
n1 -> n11;
n -> n1;
}


Generation: 23
Best Individual:
Subpopulation 0:
Evaluated: true
Fitness: Standardized=0.24143645 Adjusted=0.80551845 Hits=3
Tree 0:
digraph g {
node [shape=rectangle];
n[label = "And"];
n0[label = "Or"];
n00[label = "If_Then_Else"];
n000[label = "If_Then_Else"];
n0000[label = "BestMove"];
n000 -> n0000;
n0001[label = "FarthestInsertion"];
n000 -> n0001;
n0002[label = "NearestInsertion"];
n000 -> n0002;
n00 -> n000;
n001[label = "While"];
n0010[label = "NearestInsertion"];
n001 -> n0010;
n0011[label = "NearestInsertion"];
n001 -> n0011;
n00 -> n001;
n002[label = "NearestInsertion"];
n00 -> n002;
n0 -> n00;
n01[label = "Or"];
n010[label = "While"];
n0100[label = "NearestInsertion"];
n010 -> n0100;
n0101[label = "NearestInsertion"];
n010 -> n0101;
n01 -> n010;
n011[label = "And"];
n0110[label = "BestMove"];
n011 -> n0110;
n0111[label = "FarthestNeighbor"];
n011 -> n0111;
n01 -> n011;
n0 -> n01;
n -> n0;
n1[label = "If_Then"];
n10[label = "If_Then_Else"];
n100[label = "If_Then_Else"];
n1000[label = "BestMove"];
n100 -> n1000;
n1001[label = "FarthestInsertion"];
n100 -> n1001;
n1002[label = "NearestInsertion"];
n100 -> n1002;
n10 -> n100;
n101[label = "While"];
n1010[label = "NearestInsertion"];
n101 -> n1010;
n1011[label = "NearestInsertion"];
n101 -> n1011;
n10 -> n101;
n102[label = "NearestInsertion"];
n10 -> n102;
n1 -> n10;
n11[label = "NearestInsertion"];
n1 -> n11;
n -> n1;
}


Generation: 24
Best Individual:
Subpopulation 0:
Evaluated: true
Fitness: Standardized=0.24143645 Adjusted=0.80551845 Hits=3
Tree 0:
digraph g {
node [shape=rectangle];
n[label = "And"];
n0[label = "Or"];
n00[label = "If_Then_Else"];
n000[label = "If_Then_Else"];
n0000[label = "BestMove"];
n000 -> n0000;
n0001[label = "FarthestInsertion"];
n000 -> n0001;
n0002[label = "NearestInsertion"];
n000 -> n0002;
n00 -> n000;
n001[label = "While"];
n0010[label = "NearestInsertion"];
n001 -> n0010;
n0011[label = "NearestInsertion"];
n001 -> n0011;
n00 -> n001;
n002[label = "NearestInsertion"];
n00 -> n002;
n0 -> n00;
n01[label = "Or"];
n010[label = "And"];
n0100[label = "BestMove"];
n010 -> n0100;
n0101[label = "FarthestNeighbor"];
n010 -> n0101;
n01 -> n010;
n011[label = "And"];
n0110[label = "BestMove"];
n011 -> n0110;
n0111[label = "FarthestNeighbor"];
n011 -> n0111;
n01 -> n011;
n0 -> n01;
n -> n0;
n1[label = "If_Then"];
n10[label = "And"];
n100[label = "BestMove"];
n10 -> n100;
n101[label = "FarthestNeighbor"];
n10 -> n101;
n1 -> n10;
n11[label = "NearestInsertion"];
n1 -> n11;
n -> n1;
}


Generation: 25
Best Individual:
Subpopulation 0:
Evaluated: true
Fitness: Standardized=0.24143645 Adjusted=0.80551845 Hits=3
Tree 0:
digraph g {
node [shape=rectangle];
n[label = "And"];
n0[label = "Or"];
n00[label = "If_Then_Else"];
n000[label = "While"];
n0000[label = "NearestInsertion"];
n000 -> n0000;
n0001[label = "NearestInsertion"];
n000 -> n0001;
n00 -> n000;
n001[label = "While"];
n0010[label = "NearestInsertion"];
n001 -> n0010;
n0011[label = "NearestInsertion"];
n001 -> n0011;
n00 -> n001;
n002[label = "NearestInsertion"];
n00 -> n002;
n0 -> n00;
n01[label = "Or"];
n010[label = "And"];
n0100[label = "BestMove"];
n010 -> n0100;
n0101[label = "FarthestNeighbor"];
n010 -> n0101;
n01 -> n010;
n011[label = "And"];
n0110[label = "BestMove"];
n011 -> n0110;
n0111[label = "FarthestNeighbor"];
n011 -> n0111;
n01 -> n011;
n0 -> n01;
n -> n0;
n1[label = "If_Then"];
n10[label = "And"];
n100[label = "BestMove"];
n10 -> n100;
n101[label = "FarthestNeighbor"];
n10 -> n101;
n1 -> n10;
n11[label = "NearestInsertion"];
n1 -> n11;
n -> n1;
}


Generation: 26
Best Individual:
Subpopulation 0:
Evaluated: true
Fitness: Standardized=0.24143645 Adjusted=0.80551845 Hits=3
Tree 0:
digraph g {
node [shape=rectangle];
n[label = "And"];
n0[label = "Or"];
n00[label = "While"];
n000[label = "NearestInsertion"];
n00 -> n000;
n001[label = "NearestInsertion"];
n00 -> n001;
n0 -> n00;
n01[label = "Or"];
n010[label = "And"];
n0100[label = "BestMove"];
n010 -> n0100;
n0101[label = "FarthestNeighbor"];
n010 -> n0101;
n01 -> n010;
n011[label = "And"];
n0110[label = "BestMove"];
n011 -> n0110;
n0111[label = "FarthestNeighbor"];
n011 -> n0111;
n01 -> n011;
n0 -> n01;
n -> n0;
n1[label = "If_Then"];
n10[label = "And"];
n100[label = "BestMove"];
n10 -> n100;
n101[label = "FarthestNeighbor"];
n10 -> n101;
n1 -> n10;
n11[label = "NearestInsertion"];
n1 -> n11;
n -> n1;
}


Generation: 27
Best Individual:
Subpopulation 0:
Evaluated: true
Fitness: Standardized=0.24143645 Adjusted=0.80551845 Hits=3
Tree 0:
digraph g {
node [shape=rectangle];
n[label = "And"];
n0[label = "Or"];
n00[label = "And"];
n000[label = "BestMove"];
n00 -> n000;
n001[label = "FarthestNeighbor"];
n00 -> n001;
n0 -> n00;
n01[label = "Or"];
n010[label = "While"];
n0100[label = "NearestInsertion"];
n010 -> n0100;
n0101[label = "NearestInsertion"];
n010 -> n0101;
n01 -> n010;
n011[label = "And"];
n0110[label = "BestMove"];
n011 -> n0110;
n0111[label = "FarthestNeighbor"];
n011 -> n0111;
n01 -> n011;
n0 -> n01;
n -> n0;
n1[label = "If_Then"];
n10[label = "And"];
n100[label = "BestMove"];
n10 -> n100;
n101[label = "FarthestNeighbor"];
n10 -> n101;
n1 -> n10;
n11[label = "NearestInsertion"];
n1 -> n11;
n -> n1;
}


Generation: 28
Best Individual:
Subpopulation 0:
Evaluated: true
Fitness: Standardized=0.24143645 Adjusted=0.80551845 Hits=3
Tree 0:
digraph g {
node [shape=rectangle];
n[label = "And"];
n0[label = "Or"];
n00[label = "If_Then_Else"];
n000[label = "While"];
n0000[label = "NearestInsertion"];
n000 -> n0000;
n0001[label = "NearestInsertion"];
n000 -> n0001;
n00 -> n000;
n001[label = "While"];
n0010[label = "NearestInsertion"];
n001 -> n0010;
n0011[label = "NearestInsertion"];
n001 -> n0011;
n00 -> n001;
n002[label = "NearestInsertion"];
n00 -> n002;
n0 -> n00;
n01[label = "Or"];
n010[label = "And"];
n0100[label = "BestMove"];
n010 -> n0100;
n0101[label = "FarthestNeighbor"];
n010 -> n0101;
n01 -> n010;
n011[label = "NearestInsertion"];
n01 -> n011;
n0 -> n01;
n -> n0;
n1[label = "If_Then"];
n10[label = "And"];
n100[label = "BestMove"];
n10 -> n100;
n101[label = "FarthestNeighbor"];
n10 -> n101;
n1 -> n10;
n11[label = "NearestInsertion"];
n1 -> n11;
n -> n1;
}


Generation: 29
Best Individual:
Subpopulation 0:
Evaluated: true
Fitness: Standardized=0.24143645 Adjusted=0.80551845 Hits=3
Tree 0:
digraph g {
node [shape=rectangle];
n[label = "And"];
n0[label = "Or"];
n00[label = "While"];
n000[label = "NearestInsertion"];
n00 -> n000;
n001[label = "NearestInsertion"];
n00 -> n001;
n0 -> n00;
n01[label = "Or"];
n010[label = "And"];
n0100[label = "BestMove"];
n010 -> n0100;
n0101[label = "FarthestNeighbor"];
n010 -> n0101;
n01 -> n010;
n011[label = "And"];
n0110[label = "BestMove"];
n011 -> n0110;
n0111[label = "BestMove"];
n011 -> n0111;
n01 -> n011;
n0 -> n01;
n -> n0;
n1[label = "If_Then"];
n10[label = "And"];
n100[label = "BestMove"];
n10 -> n100;
n101[label = "FarthestNeighbor"];
n10 -> n101;
n1 -> n10;
n11[label = "NearestInsertion"];
n1 -> n11;
n -> n1;
}


Generation: 30
Best Individual:
Subpopulation 0:
Evaluated: true
Fitness: Standardized=0.24143645 Adjusted=0.80551845 Hits=3
Tree 0:
digraph g {
node [shape=rectangle];
n[label = "And"];
n0[label = "Or"];
n00[label = "If_Then_Else"];
n000[label = "While"];
n0000[label = "NearestInsertion"];
n000 -> n0000;
n0001[label = "NearestInsertion"];
n000 -> n0001;
n00 -> n000;
n001[label = "While"];
n0010[label = "NearestInsertion"];
n001 -> n0010;
n0011[label = "NearestInsertion"];
n001 -> n0011;
n00 -> n001;
n002[label = "NearestInsertion"];
n00 -> n002;
n0 -> n00;
n01[label = "Or"];
n010[label = "And"];
n0100[label = "BestMove"];
n010 -> n0100;
n0101[label = "FarthestNeighbor"];
n010 -> n0101;
n01 -> n010;
n011[label = "NearestInsertion"];
n01 -> n011;
n0 -> n01;
n -> n0;
n1[label = "If_Then"];
n10[label = "And"];
n100[label = "BestMove"];
n10 -> n100;
n101[label = "FarthestNeighbor"];
n10 -> n101;
n1 -> n10;
n11[label = "NearestInsertion"];
n1 -> n11;
n -> n1;
}


Generation: 31
Best Individual:
Subpopulation 0:
Evaluated: true
Fitness: Standardized=0.24143645 Adjusted=0.80551845 Hits=3
Tree 0:
digraph g {
node [shape=rectangle];
n[label = "And"];
n0[label = "While"];
n00[label = "NearestInsertion"];
n0 -> n00;
n01[label = "NearestInsertion"];
n0 -> n01;
n -> n0;
n1[label = "If_Then"];
n10[label = "BestMove"];
n1 -> n10;
n11[label = "If_Then"];
n110[label = "And"];
n1100[label = "BestMove"];
n110 -> n1100;
n1101[label = "FarthestNeighbor"];
n110 -> n1101;
n11 -> n110;
n111[label = "NearestInsertion"];
n11 -> n111;
n1 -> n11;
n -> n1;
}


Generation: 32
Best Individual:
Subpopulation 0:
Evaluated: true
Fitness: Standardized=0.24143645 Adjusted=0.80551845 Hits=3
Tree 0:
digraph g {
node [shape=rectangle];
n[label = "And"];
n0[label = "Or"];
n00[label = "If_Then_Else"];
n000[label = "While"];
n0000[label = "NearestInsertion"];
n000 -> n0000;
n0001[label = "NearestInsertion"];
n000 -> n0001;
n00 -> n000;
n001[label = "BestMove"];
n00 -> n001;
n002[label = "NearestInsertion"];
n00 -> n002;
n0 -> n00;
n01[label = "Or"];
n010[label = "And"];
n0100[label = "BestMove"];
n010 -> n0100;
n0101[label = "FarthestNeighbor"];
n010 -> n0101;
n01 -> n010;
n011[label = "NearestInsertion"];
n01 -> n011;
n0 -> n01;
n -> n0;
n1[label = "NearestInsertion"];
n -> n1;
}


Generation: 33
Best Individual:
Subpopulation 0:
Evaluated: true
Fitness: Standardized=0.24143645 Adjusted=0.80551845 Hits=3
Tree 0:
digraph g {
node [shape=rectangle];
n[label = "And"];
n0[label = "While"];
n00[label = "NearestInsertion"];
n0 -> n00;
n01[label = "NearestInsertion"];
n0 -> n01;
n -> n0;
n1[label = "If_Then"];
n10[label = "BestMove"];
n1 -> n10;
n11[label = "While"];
n110[label = "NearestInsertion"];
n11 -> n110;
n111[label = "NearestInsertion"];
n11 -> n111;
n1 -> n11;
n -> n1;
}


Generation: 34
Best Individual:
Subpopulation 0:
Evaluated: true
Fitness: Standardized=0.24143645 Adjusted=0.80551845 Hits=3
Tree 0:
digraph g {
node [shape=rectangle];
n[label = "And"];
n0[label = "While"];
n00[label = "If_Then_Else"];
n000[label = "If_Then_Else"];
n0000[label = "BestMove"];
n000 -> n0000;
n0001[label = "FarthestInsertion"];
n000 -> n0001;
n0002[label = "NearestInsertion"];
n000 -> n0002;
n00 -> n000;
n001[label = "While"];
n0010[label = "NearestInsertion"];
n001 -> n0010;
n0011[label = "NearestInsertion"];
n001 -> n0011;
n00 -> n001;
n002[label = "NearestInsertion"];
n00 -> n002;
n0 -> n00;
n01[label = "Or"];
n010[label = "And"];
n0100[label = "BestMove"];
n010 -> n0100;
n0101[label = "FarthestNeighbor"];
n010 -> n0101;
n01 -> n010;
n011[label = "And"];
n0110[label = "BestMove"];
n011 -> n0110;
n0111[label = "FarthestNeighbor"];
n011 -> n0111;
n01 -> n011;
n0 -> n01;
n -> n0;
n1[label = "Or"];
n10[label = "While"];
n100[label = "NearestInsertion"];
n10 -> n100;
n101[label = "NearestInsertion"];
n10 -> n101;
n1 -> n10;
n11[label = "FarthestNeighbor"];
n1 -> n11;
n -> n1;
}


Generation: 35
Best Individual:
Subpopulation 0:
Evaluated: true
Fitness: Standardized=0.24143645 Adjusted=0.80551845 Hits=3
Tree 0:
digraph g {
node [shape=rectangle];
n[label = "And"];
n0[label = "While"];
n00[label = "If_Then_Else"];
n000[label = "If_Then_Else"];
n0000[label = "BestMove"];
n000 -> n0000;
n0001[label = "FarthestInsertion"];
n000 -> n0001;
n0002[label = "NearestInsertion"];
n000 -> n0002;
n00 -> n000;
n001[label = "While"];
n0010[label = "NearestInsertion"];
n001 -> n0010;
n0011[label = "NearestInsertion"];
n001 -> n0011;
n00 -> n001;
n002[label = "NearestInsertion"];
n00 -> n002;
n0 -> n00;
n01[label = "Or"];
n010[label = "And"];
n0100[label = "BestMove"];
n010 -> n0100;
n0101[label = "FarthestNeighbor"];
n010 -> n0101;
n01 -> n010;
n011[label = "And"];
n0110[label = "BestMove"];
n011 -> n0110;
n0111[label = "FarthestNeighbor"];
n011 -> n0111;
n01 -> n011;
n0 -> n01;
n -> n0;
n1[label = "If_Then"];
n10[label = "BestMove"];
n1 -> n10;
n11[label = "While"];
n110[label = "NearestInsertion"];
n11 -> n110;
n111[label = "NearestInsertion"];
n11 -> n111;
n1 -> n11;
n -> n1;
}


Generation: 36
Best Individual:
Subpopulation 0:
Evaluated: true
Fitness: Standardized=0.24143645 Adjusted=0.80551845 Hits=3
Tree 0:
digraph g {
node [shape=rectangle];
n[label = "And"];
n0[label = "While"];
n00[label = "If_Then_Else"];
n000[label = "If_Then_Else"];
n0000[label = "BestMove"];
n000 -> n0000;
n0001[label = "FarthestInsertion"];
n000 -> n0001;
n0002[label = "NearestInsertion"];
n000 -> n0002;
n00 -> n000;
n001[label = "If_Then"];
n0010[label = "NearestInsertion"];
n001 -> n0010;
n0011[label = "NearestInsertion"];
n001 -> n0011;
n00 -> n001;
n002[label = "NearestInsertion"];
n00 -> n002;
n0 -> n00;
n01[label = "Or"];
n010[label = "And"];
n0100[label = "BestMove"];
n010 -> n0100;
n0101[label = "FarthestNeighbor"];
n010 -> n0101;
n01 -> n010;
n011[label = "While"];
n0110[label = "NearestInsertion"];
n011 -> n0110;
n0111[label = "NearestInsertion"];
n011 -> n0111;
n01 -> n011;
n0 -> n01;
n -> n0;
n1[label = "If_Then"];
n10[label = "BestMove"];
n1 -> n10;
n11[label = "If_Then"];
n110[label = "And"];
n1100[label = "BestMove"];
n110 -> n1100;
n1101[label = "FarthestNeighbor"];
n110 -> n1101;
n11 -> n110;
n111[label = "NearestInsertion"];
n11 -> n111;
n1 -> n11;
n -> n1;
}


Generation: 37
Best Individual:
Subpopulation 0:
Evaluated: true
Fitness: Standardized=0.24143645 Adjusted=0.80551845 Hits=3
Tree 0:
digraph g {
node [shape=rectangle];
n[label = "And"];
n0[label = "While"];
n00[label = "If_Then_Else"];
n000[label = "If_Then_Else"];
n0000[label = "BestMove"];
n000 -> n0000;
n0001[label = "FarthestInsertion"];
n000 -> n0001;
n0002[label = "NearestInsertion"];
n000 -> n0002;
n00 -> n000;
n001[label = "While"];
n0010[label = "NearestInsertion"];
n001 -> n0010;
n0011[label = "NearestInsertion"];
n001 -> n0011;
n00 -> n001;
n002[label = "NearestInsertion"];
n00 -> n002;
n0 -> n00;
n01[label = "Or"];
n010[label = "And"];
n0100[label = "BestMove"];
n010 -> n0100;
n0101[label = "FarthestNeighbor"];
n010 -> n0101;
n01 -> n010;
n011[label = "And"];
n0110[label = "BestMove"];
n011 -> n0110;
n0111[label = "FarthestNeighbor"];
n011 -> n0111;
n01 -> n011;
n0 -> n01;
n -> n0;
n1[label = "Or"];
n10[label = "Equal"];
n100[label = "NearestInsertion"];
n10 -> n100;
n101[label = "NearestInsertion"];
n10 -> n101;
n1 -> n10;
n11[label = "FarthestNeighbor"];
n1 -> n11;
n -> n1;
}


Generation: 38
Best Individual:
Subpopulation 0:
Evaluated: true
Fitness: Standardized=0.24143645 Adjusted=0.80551845 Hits=3
Tree 0:
digraph g {
node [shape=rectangle];
n[label = "And"];
n0[label = "While"];
n00[label = "If_Then_Else"];
n000[label = "If_Then_Else"];
n0000[label = "BestMove"];
n000 -> n0000;
n0001[label = "FarthestInsertion"];
n000 -> n0001;
n0002[label = "NearestInsertion"];
n000 -> n0002;
n00 -> n000;
n001[label = "If_Then"];
n0010[label = "NearestInsertion"];
n001 -> n0010;
n0011[label = "NearestInsertion"];
n001 -> n0011;
n00 -> n001;
n002[label = "NearestInsertion"];
n00 -> n002;
n0 -> n00;
n01[label = "Or"];
n010[label = "And"];
n0100[label = "BestMove"];
n010 -> n0100;
n0101[label = "FarthestNeighbor"];
n010 -> n0101;
n01 -> n010;
n011[label = "While"];
n0110[label = "NearestInsertion"];
n011 -> n0110;
n0111[label = "NearestInsertion"];
n011 -> n0111;
n01 -> n011;
n0 -> n01;
n -> n0;
n1[label = "If_Then"];
n10[label = "BestMove"];
n1 -> n10;
n11[label = "If_Then"];
n110[label = "And"];
n1100[label = "BestMove"];
n110 -> n1100;
n1101[label = "FarthestNeighbor"];
n110 -> n1101;
n11 -> n110;
n111[label = "NearestInsertion"];
n11 -> n111;
n1 -> n11;
n -> n1;
}


Generation: 39
Best Individual:
Subpopulation 0:
Evaluated: true
Fitness: Standardized=0.2298684 Adjusted=0.8130951 Hits=3
Tree 0:
digraph g {
node [shape=rectangle];
n[label = "And"];
n0[label = "While"];
n00[label = "FarthestNeighbor"];
n0 -> n00;
n01[label = "Or"];
n010[label = "And"];
n0100[label = "BestMove"];
n010 -> n0100;
n0101[label = "FarthestNeighbor"];
n010 -> n0101;
n01 -> n010;
n011[label = "While"];
n0110[label = "NearestInsertion"];
n011 -> n0110;
n0111[label = "NearestInsertion"];
n011 -> n0111;
n01 -> n011;
n0 -> n01;
n -> n0;
n1[label = "If_Then"];
n10[label = "BestMove"];
n1 -> n10;
n11[label = "If_Then"];
n110[label = "And"];
n1100[label = "BestMove"];
n110 -> n1100;
n1101[label = "FarthestNeighbor"];
n110 -> n1101;
n11 -> n110;
n111[label = "NearestInsertion"];
n11 -> n111;
n1 -> n11;
n -> n1;
}


Generation: 40
Best Individual:
Subpopulation 0:
Evaluated: true
Fitness: Standardized=0.2298684 Adjusted=0.8130951 Hits=3
Tree 0:
digraph g {
node [shape=rectangle];
n[label = "And"];
n0[label = "While"];
n00[label = "FarthestNeighbor"];
n0 -> n00;
n01[label = "Or"];
n010[label = "And"];
n0100[label = "BestMove"];
n010 -> n0100;
n0101[label = "FarthestNeighbor"];
n010 -> n0101;
n01 -> n010;
n011[label = "While"];
n0110[label = "NearestInsertion"];
n011 -> n0110;
n0111[label = "NearestInsertion"];
n011 -> n0111;
n01 -> n011;
n0 -> n01;
n -> n0;
n1[label = "If_Then"];
n10[label = "BestMove"];
n1 -> n10;
n11[label = "If_Then"];
n110[label = "And"];
n1100[label = "BestMove"];
n110 -> n1100;
n1101[label = "FarthestNeighbor"];
n110 -> n1101;
n11 -> n110;
n111[label = "NearestInsertion"];
n11 -> n111;
n1 -> n11;
n -> n1;
}


Generation: 41
Best Individual:
Subpopulation 0:
Evaluated: true
Fitness: Standardized=0.2298684 Adjusted=0.8130951 Hits=3
Tree 0:
digraph g {
node [shape=rectangle];
n[label = "And"];
n0[label = "While"];
n00[label = "FarthestNeighbor"];
n0 -> n00;
n01[label = "Or"];
n010[label = "And"];
n0100[label = "BestMove"];
n010 -> n0100;
n0101[label = "FarthestNeighbor"];
n010 -> n0101;
n01 -> n010;
n011[label = "While"];
n0110[label = "NearestInsertion"];
n011 -> n0110;
n0111[label = "NearestInsertion"];
n011 -> n0111;
n01 -> n011;
n0 -> n01;
n -> n0;
n1[label = "If_Then"];
n10[label = "BestMove"];
n1 -> n10;
n11[label = "If_Then"];
n110[label = "If_Then"];
n1100[label = "NearestInsertion"];
n110 -> n1100;
n1101[label = "NearestInsertion"];
n110 -> n1101;
n11 -> n110;
n111[label = "NearestInsertion"];
n11 -> n111;
n1 -> n11;
n -> n1;
}


Generation: 42
Best Individual:
Subpopulation 0:
Evaluated: true
Fitness: Standardized=0.2298684 Adjusted=0.8130951 Hits=3
Tree 0:
digraph g {
node [shape=rectangle];
n[label = "And"];
n0[label = "While"];
n00[label = "FarthestNeighbor"];
n0 -> n00;
n01[label = "Or"];
n010[label = "And"];
n0100[label = "BestMove"];
n010 -> n0100;
n0101[label = "FarthestNeighbor"];
n010 -> n0101;
n01 -> n010;
n011[label = "While"];
n0110[label = "NearestInsertion"];
n011 -> n0110;
n0111[label = "NearestInsertion"];
n011 -> n0111;
n01 -> n011;
n0 -> n01;
n -> n0;
n1[label = "If_Then"];
n10[label = "BestMove"];
n1 -> n10;
n11[label = "If_Then"];
n110[label = "And"];
n1100[label = "BestMove"];
n110 -> n1100;
n1101[label = "FarthestNeighbor"];
n110 -> n1101;
n11 -> n110;
n111[label = "NearestInsertion"];
n11 -> n111;
n1 -> n11;
n -> n1;
}


Generation: 43
Best Individual:
Subpopulation 0:
Evaluated: true
Fitness: Standardized=0.2298684 Adjusted=0.8130951 Hits=3
Tree 0:
digraph g {
node [shape=rectangle];
n[label = "And"];
n0[label = "While"];
n00[label = "FarthestNeighbor"];
n0 -> n00;
n01[label = "Or"];
n010[label = "And"];
n0100[label = "BestMove"];
n010 -> n0100;
n0101[label = "FarthestNeighbor"];
n010 -> n0101;
n01 -> n010;
n011[label = "While"];
n0110[label = "NearestInsertion"];
n011 -> n0110;
n0111[label = "NearestInsertion"];
n011 -> n0111;
n01 -> n011;
n0 -> n01;
n -> n0;
n1[label = "If_Then"];
n10[label = "BestMove"];
n1 -> n10;
n11[label = "While"];
n110[label = "NearestInsertion"];
n11 -> n110;
n111[label = "NearestInsertion"];
n11 -> n111;
n1 -> n11;
n -> n1;
}


Generation: 44
Best Individual:
Subpopulation 0:
Evaluated: true
Fitness: Standardized=0.2298684 Adjusted=0.8130951 Hits=3
Tree 0:
digraph g {
node [shape=rectangle];
n[label = "And"];
n0[label = "While"];
n00[label = "FarthestNeighbor"];
n0 -> n00;
n01[label = "Or"];
n010[label = "And"];
n0100[label = "BestMove"];
n010 -> n0100;
n0101[label = "FarthestNeighbor"];
n010 -> n0101;
n01 -> n010;
n011[label = "While"];
n0110[label = "NearestInsertion"];
n011 -> n0110;
n0111[label = "NearestInsertion"];
n011 -> n0111;
n01 -> n011;
n0 -> n01;
n -> n0;
n1[label = "If_Then"];
n10[label = "BestMove"];
n1 -> n10;
n11[label = "If_Then"];
n110[label = "And"];
n1100[label = "BestMove"];
n110 -> n1100;
n1101[label = "FarthestNeighbor"];
n110 -> n1101;
n11 -> n110;
n111[label = "NearestInsertion"];
n11 -> n111;
n1 -> n11;
n -> n1;
}


Generation: 45
Best Individual:
Subpopulation 0:
Evaluated: true
Fitness: Standardized=0.2298684 Adjusted=0.8130951 Hits=3
Tree 0:
digraph g {
node [shape=rectangle];
n[label = "And"];
n0[label = "While"];
n00[label = "FarthestNeighbor"];
n0 -> n00;
n01[label = "Or"];
n010[label = "And"];
n0100[label = "BestMove"];
n010 -> n0100;
n0101[label = "FarthestNeighbor"];
n010 -> n0101;
n01 -> n010;
n011[label = "While"];
n0110[label = "NearestInsertion"];
n011 -> n0110;
n0111[label = "NearestInsertion"];
n011 -> n0111;
n01 -> n011;
n0 -> n01;
n -> n0;
n1[label = "If_Then"];
n10[label = "BestMove"];
n1 -> n10;
n11[label = "If_Then"];
n110[label = "And"];
n1100[label = "BestMove"];
n110 -> n1100;
n1101[label = "FarthestNeighbor"];
n110 -> n1101;
n11 -> n110;
n111[label = "NearestInsertion"];
n11 -> n111;
n1 -> n11;
n -> n1;
}


Generation: 46
Best Individual:
Subpopulation 0:
Evaluated: true
Fitness: Standardized=0.2298684 Adjusted=0.8130951 Hits=3
Tree 0:
digraph g {
node [shape=rectangle];
n[label = "And"];
n0[label = "While"];
n00[label = "FarthestNeighbor"];
n0 -> n00;
n01[label = "Or"];
n010[label = "And"];
n0100[label = "BestMove"];
n010 -> n0100;
n0101[label = "FarthestNeighbor"];
n010 -> n0101;
n01 -> n010;
n011[label = "While"];
n0110[label = "NearestInsertion"];
n011 -> n0110;
n0111[label = "NearestInsertion"];
n011 -> n0111;
n01 -> n011;
n0 -> n01;
n -> n0;
n1[label = "While"];
n10[label = "And"];
n100[label = "BestMove"];
n10 -> n100;
n101[label = "FarthestNeighbor"];
n10 -> n101;
n1 -> n10;
n11[label = "NearestInsertion"];
n1 -> n11;
n -> n1;
}


Generation: 47
Best Individual:
Subpopulation 0:
Evaluated: true
Fitness: Standardized=0.2298684 Adjusted=0.8130951 Hits=3
Tree 0:
digraph g {
node [shape=rectangle];
n[label = "And"];
n0[label = "While"];
n00[label = "FarthestNeighbor"];
n0 -> n00;
n01[label = "Or"];
n010[label = "And"];
n0100[label = "BestMove"];
n010 -> n0100;
n0101[label = "FarthestNeighbor"];
n010 -> n0101;
n01 -> n010;
n011[label = "While"];
n0110[label = "NearestInsertion"];
n011 -> n0110;
n0111[label = "NearestInsertion"];
n011 -> n0111;
n01 -> n011;
n0 -> n01;
n -> n0;
n1[label = "And"];
n10[label = "BestMove"];
n1 -> n10;
n11[label = "FarthestNeighbor"];
n1 -> n11;
n -> n1;
}


Generation: 48
Best Individual:
Subpopulation 0:
Evaluated: true
Fitness: Standardized=0.2298684 Adjusted=0.8130951 Hits=3
Tree 0:
digraph g {
node [shape=rectangle];
n[label = "And"];
n0[label = "While"];
n00[label = "FarthestNeighbor"];
n0 -> n00;
n01[label = "Or"];
n010[label = "And"];
n0100[label = "BestMove"];
n010 -> n0100;
n0101[label = "FarthestNeighbor"];
n010 -> n0101;
n01 -> n010;
n011[label = "While"];
n0110[label = "NearestInsertion"];
n011 -> n0110;
n0111[label = "NearestInsertion"];
n011 -> n0111;
n01 -> n011;
n0 -> n01;
n -> n0;
n1[label = "If_Then"];
n10[label = "BestMove"];
n1 -> n10;
n11[label = "While"];
n110[label = "And"];
n1100[label = "BestMove"];
n110 -> n1100;
n1101[label = "FarthestNeighbor"];
n110 -> n1101;
n11 -> n110;
n111[label = "NearestInsertion"];
n11 -> n111;
n1 -> n11;
n -> n1;
}


Generation: 49
Best Individual:
Subpopulation 0:
Evaluated: true
Fitness: Standardized=0.2298684 Adjusted=0.8130951 Hits=3
Tree 0:
digraph g {
node [shape=rectangle];
n[label = "And"];
n0[label = "While"];
n00[label = "FarthestNeighbor"];
n0 -> n00;
n01[label = "Or"];
n010[label = "And"];
n0100[label = "BestMove"];
n010 -> n0100;
n0101[label = "FarthestNeighbor"];
n010 -> n0101;
n01 -> n010;
n011[label = "While"];
n0110[label = "NearestInsertion"];
n011 -> n0110;
n0111[label = "NearestInsertion"];
n011 -> n0111;
n01 -> n011;
n0 -> n01;
n -> n0;
n1[label = "If_Then"];
n10[label = "BestMove"];
n1 -> n10;
n11[label = "While"];
n110[label = "And"];
n1100[label = "BestMove"];
n110 -> n1100;
n1101[label = "FarthestNeighbor"];
n110 -> n1101;
n11 -> n110;
n111[label = "NearestInsertion"];
n11 -> n111;
n1 -> n11;
n -> n1;
}


Generation: 50
Best Individual:
Subpopulation 0:
Evaluated: true
Fitness: Standardized=0.2298684 Adjusted=0.8130951 Hits=3
Tree 0:
digraph g {
node [shape=rectangle];
n[label = "And"];
n0[label = "While"];
n00[label = "FarthestNeighbor"];
n0 -> n00;
n01[label = "Or"];
n010[label = "And"];
n0100[label = "BestMove"];
n010 -> n0100;
n0101[label = "FarthestNeighbor"];
n010 -> n0101;
n01 -> n010;
n011[label = "While"];
n0110[label = "NearestInsertion"];
n011 -> n0110;
n0111[label = "NearestInsertion"];
n011 -> n0111;
n01 -> n011;
n0 -> n01;
n -> n0;
n1[label = "If_Then"];
n10[label = "BestMove"];
n1 -> n10;
n11[label = "While"];
n110[label = "And"];
n1100[label = "BestMove"];
n110 -> n1100;
n1101[label = "FarthestNeighbor"];
n110 -> n1101;
n11 -> n110;
n111[label = "NearestInsertion"];
n11 -> n111;
n1 -> n11;
n -> n1;
}


Generation: 51
Best Individual:
Subpopulation 0:
Evaluated: true
Fitness: Standardized=0.2298684 Adjusted=0.8130951 Hits=3
Tree 0:
digraph g {
node [shape=rectangle];
n[label = "And"];
n0[label = "While"];
n00[label = "FarthestNeighbor"];
n0 -> n00;
n01[label = "Or"];
n010[label = "And"];
n0100[label = "BestMove"];
n010 -> n0100;
n0101[label = "FarthestNeighbor"];
n010 -> n0101;
n01 -> n010;
n011[label = "While"];
n0110[label = "NearestInsertion"];
n011 -> n0110;
n0111[label = "NearestInsertion"];
n011 -> n0111;
n01 -> n011;
n0 -> n01;
n -> n0;
n1[label = "If_Then"];
n10[label = "BestMove"];
n1 -> n10;
n11[label = "While"];
n110[label = "Equal"];
n1100[label = "BestMove"];
n110 -> n1100;
n1101[label = "FarthestNeighbor"];
n110 -> n1101;
n11 -> n110;
n111[label = "NearestInsertion"];
n11 -> n111;
n1 -> n11;
n -> n1;
}


Generation: 52
Best Individual:
Subpopulation 0:
Evaluated: true
Fitness: Standardized=0.2298684 Adjusted=0.8130951 Hits=3
Tree 0:
digraph g {
node [shape=rectangle];
n[label = "And"];
n0[label = "While"];
n00[label = "FarthestNeighbor"];
n0 -> n00;
n01[label = "Or"];
n010[label = "And"];
n0100[label = "BestMove"];
n010 -> n0100;
n0101[label = "FarthestNeighbor"];
n010 -> n0101;
n01 -> n010;
n011[label = "While"];
n0110[label = "NearestInsertion"];
n011 -> n0110;
n0111[label = "NearestInsertion"];
n011 -> n0111;
n01 -> n011;
n0 -> n01;
n -> n0;
n1[label = "If_Then"];
n10[label = "BestMove"];
n1 -> n10;
n11[label = "While"];
n110[label = "And"];
n1100[label = "BestMove"];
n110 -> n1100;
n1101[label = "FarthestNeighbor"];
n110 -> n1101;
n11 -> n110;
n111[label = "NearestInsertion"];
n11 -> n111;
n1 -> n11;
n -> n1;
}


Generation: 53
Best Individual:
Subpopulation 0:
Evaluated: true
Fitness: Standardized=0.2298684 Adjusted=0.8130951 Hits=3
Tree 0:
digraph g {
node [shape=rectangle];
n[label = "And"];
n0[label = "While"];
n00[label = "FarthestNeighbor"];
n0 -> n00;
n01[label = "Or"];
n010[label = "And"];
n0100[label = "BestMove"];
n010 -> n0100;
n0101[label = "FarthestNeighbor"];
n010 -> n0101;
n01 -> n010;
n011[label = "While"];
n0110[label = "NearestInsertion"];
n011 -> n0110;
n0111[label = "NearestInsertion"];
n011 -> n0111;
n01 -> n011;
n0 -> n01;
n -> n0;
n1[label = "If_Then"];
n10[label = "BestMove"];
n1 -> n10;
n11[label = "While"];
n110[label = "And"];
n1100[label = "BestMove"];
n110 -> n1100;
n1101[label = "FarthestNeighbor"];
n110 -> n1101;
n11 -> n110;
n111[label = "NearestInsertion"];
n11 -> n111;
n1 -> n11;
n -> n1;
}


Generation: 54
Best Individual:
Subpopulation 0:
Evaluated: true
Fitness: Standardized=0.2298684 Adjusted=0.8130951 Hits=3
Tree 0:
digraph g {
node [shape=rectangle];
n[label = "And"];
n0[label = "While"];
n00[label = "FarthestNeighbor"];
n0 -> n00;
n01[label = "Or"];
n010[label = "And"];
n0100[label = "BestMove"];
n010 -> n0100;
n0101[label = "FarthestNeighbor"];
n010 -> n0101;
n01 -> n010;
n011[label = "While"];
n0110[label = "NearestInsertion"];
n011 -> n0110;
n0111[label = "NearestInsertion"];
n011 -> n0111;
n01 -> n011;
n0 -> n01;
n -> n0;
n1[label = "If_Then"];
n10[label = "BestMove"];
n1 -> n10;
n11[label = "While"];
n110[label = "And"];
n1100[label = "BestMove"];
n110 -> n1100;
n1101[label = "FarthestNeighbor"];
n110 -> n1101;
n11 -> n110;
n111[label = "NearestInsertion"];
n11 -> n111;
n1 -> n11;
n -> n1;
}


Generation: 55
Best Individual:
Subpopulation 0:
Evaluated: true
Fitness: Standardized=0.2298684 Adjusted=0.8130951 Hits=3
Tree 0:
digraph g {
node [shape=rectangle];
n[label = "And"];
n0[label = "While"];
n00[label = "FarthestNeighbor"];
n0 -> n00;
n01[label = "Or"];
n010[label = "And"];
n0100[label = "BestMove"];
n010 -> n0100;
n0101[label = "FarthestNeighbor"];
n010 -> n0101;
n01 -> n010;
n011[label = "While"];
n0110[label = "NearestInsertion"];
n011 -> n0110;
n0111[label = "NearestInsertion"];
n011 -> n0111;
n01 -> n011;
n0 -> n01;
n -> n0;
n1[label = "If_Then"];
n10[label = "BestMove"];
n1 -> n10;
n11[label = "While"];
n110[label = "Equal"];
n1100[label = "BestMove"];
n110 -> n1100;
n1101[label = "FarthestNeighbor"];
n110 -> n1101;
n11 -> n110;
n111[label = "NearestInsertion"];
n11 -> n111;
n1 -> n11;
n -> n1;
}


Generation: 56
Best Individual:
Subpopulation 0:
Evaluated: true
Fitness: Standardized=0.2298684 Adjusted=0.8130951 Hits=3
Tree 0:
digraph g {
node [shape=rectangle];
n[label = "And"];
n0[label = "While"];
n00[label = "FarthestNeighbor"];
n0 -> n00;
n01[label = "Or"];
n010[label = "And"];
n0100[label = "BestMove"];
n010 -> n0100;
n0101[label = "FarthestNeighbor"];
n010 -> n0101;
n01 -> n010;
n011[label = "While"];
n0110[label = "NearestInsertion"];
n011 -> n0110;
n0111[label = "NearestInsertion"];
n011 -> n0111;
n01 -> n011;
n0 -> n01;
n -> n0;
n1[label = "If_Then"];
n10[label = "BestMove"];
n1 -> n10;
n11[label = "While"];
n110[label = "Equal"];
n1100[label = "BestMove"];
n110 -> n1100;
n1101[label = "FarthestNeighbor"];
n110 -> n1101;
n11 -> n110;
n111[label = "NearestInsertion"];
n11 -> n111;
n1 -> n11;
n -> n1;
}


Generation: 57
Best Individual:
Subpopulation 0:
Evaluated: true
Fitness: Standardized=0.2226938 Adjusted=0.81786627 Hits=3
Tree 0:
digraph g {
node [shape=rectangle];
n[label = "And"];
n0[label = "While"];
n00[label = "FarthestNeighbor"];
n0 -> n00;
n01[label = "Or"];
n010[label = "Equal"];
n0100[label = "BestMove"];
n010 -> n0100;
n0101[label = "FarthestNeighbor"];
n010 -> n0101;
n01 -> n010;
n011[label = "While"];
n0110[label = "NearestInsertion"];
n011 -> n0110;
n0111[label = "NearestInsertion"];
n011 -> n0111;
n01 -> n011;
n0 -> n01;
n -> n0;
n1[label = "And"];
n10[label = "BestMove"];
n1 -> n10;
n11[label = "FarthestNeighbor"];
n1 -> n11;
n -> n1;
}


Generation: 58
Best Individual:
Subpopulation 0:
Evaluated: true
Fitness: Standardized=0.2226938 Adjusted=0.81786627 Hits=3
Tree 0:
digraph g {
node [shape=rectangle];
n[label = "And"];
n0[label = "While"];
n00[label = "FarthestNeighbor"];
n0 -> n00;
n01[label = "Or"];
n010[label = "Equal"];
n0100[label = "BestMove"];
n010 -> n0100;
n0101[label = "FarthestNeighbor"];
n010 -> n0101;
n01 -> n010;
n011[label = "While"];
n0110[label = "NearestInsertion"];
n011 -> n0110;
n0111[label = "NearestInsertion"];
n011 -> n0111;
n01 -> n011;
n0 -> n01;
n -> n0;
n1[label = "And"];
n10[label = "BestMove"];
n1 -> n10;
n11[label = "FarthestNeighbor"];
n1 -> n11;
n -> n1;
}


Generation: 59
Best Individual:
Subpopulation 0:
Evaluated: true
Fitness: Standardized=0.2226938 Adjusted=0.81786627 Hits=3
Tree 0:
digraph g {
node [shape=rectangle];
n[label = "And"];
n0[label = "While"];
n00[label = "FarthestNeighbor"];
n0 -> n00;
n01[label = "Or"];
n010[label = "Equal"];
n0100[label = "BestMove"];
n010 -> n0100;
n0101[label = "FarthestNeighbor"];
n010 -> n0101;
n01 -> n010;
n011[label = "While"];
n0110[label = "NearestInsertion"];
n011 -> n0110;
n0111[label = "NearestInsertion"];
n011 -> n0111;
n01 -> n011;
n0 -> n01;
n -> n0;
n1[label = "And"];
n10[label = "BestMove"];
n1 -> n10;
n11[label = "FarthestNeighbor"];
n1 -> n11;
n -> n1;
}


Generation: 60
Best Individual:
Subpopulation 0:
Evaluated: true
Fitness: Standardized=0.2226938 Adjusted=0.81786627 Hits=3
Tree 0:
digraph g {
node [shape=rectangle];
n[label = "And"];
n0[label = "While"];
n00[label = "FarthestNeighbor"];
n0 -> n00;
n01[label = "Or"];
n010[label = "Equal"];
n0100[label = "BestMove"];
n010 -> n0100;
n0101[label = "FarthestNeighbor"];
n010 -> n0101;
n01 -> n010;
n011[label = "While"];
n0110[label = "NearestInsertion"];
n011 -> n0110;
n0111[label = "NearestInsertion"];
n011 -> n0111;
n01 -> n011;
n0 -> n01;
n -> n0;
n1[label = "And"];
n10[label = "BestMove"];
n1 -> n10;
n11[label = "FarthestNeighbor"];
n1 -> n11;
n -> n1;
}


Generation: 61
Best Individual:
Subpopulation 0:
Evaluated: true
Fitness: Standardized=0.17524536 Adjusted=0.8508861 Hits=5
Tree 0:
digraph g {
node [shape=rectangle];
n[label = "And"];
n0[label = "While"];
n00[label = "FarthestNeighbor"];
n0 -> n00;
n01[label = "Or"];
n010[label = "Or"];
n0100[label = "BestMove"];
n010 -> n0100;
n0101[label = "FarthestNeighbor"];
n010 -> n0101;
n01 -> n010;
n011[label = "While"];
n0110[label = "NearestInsertion"];
n011 -> n0110;
n0111[label = "NearestInsertion"];
n011 -> n0111;
n01 -> n011;
n0 -> n01;
n -> n0;
n1[label = "And"];
n10[label = "BestMove"];
n1 -> n10;
n11[label = "FarthestNeighbor"];
n1 -> n11;
n -> n1;
}


Generation: 62
Best Individual:
Subpopulation 0:
Evaluated: true
Fitness: Standardized=0.17524536 Adjusted=0.8508861 Hits=5
Tree 0:
digraph g {
node [shape=rectangle];
n[label = "And"];
n0[label = "While"];
n00[label = "FarthestNeighbor"];
n0 -> n00;
n01[label = "Or"];
n010[label = "Or"];
n0100[label = "BestMove"];
n010 -> n0100;
n0101[label = "FarthestNeighbor"];
n010 -> n0101;
n01 -> n010;
n011[label = "While"];
n0110[label = "NearestInsertion"];
n011 -> n0110;
n0111[label = "NearestInsertion"];
n011 -> n0111;
n01 -> n011;
n0 -> n01;
n -> n0;
n1[label = "And"];
n10[label = "BestMove"];
n1 -> n10;
n11[label = "FarthestNeighbor"];
n1 -> n11;
n -> n1;
}


Generation: 63
Best Individual:
Subpopulation 0:
Evaluated: true
Fitness: Standardized=0.17524536 Adjusted=0.8508861 Hits=5
Tree 0:
digraph g {
node [shape=rectangle];
n[label = "And"];
n0[label = "While"];
n00[label = "FarthestNeighbor"];
n0 -> n00;
n01[label = "Or"];
n010[label = "Or"];
n0100[label = "BestMove"];
n010 -> n0100;
n0101[label = "FarthestNeighbor"];
n010 -> n0101;
n01 -> n010;
n011[label = "While"];
n0110[label = "NearestInsertion"];
n011 -> n0110;
n0111[label = "NearestInsertion"];
n011 -> n0111;
n01 -> n011;
n0 -> n01;
n -> n0;
n1[label = "And"];
n10[label = "BestMove"];
n1 -> n10;
n11[label = "FarthestNeighbor"];
n1 -> n11;
n -> n1;
}


Generation: 64
Best Individual:
Subpopulation 0:
Evaluated: true
Fitness: Standardized=0.17524536 Adjusted=0.8508861 Hits=5
Tree 0:
digraph g {
node [shape=rectangle];
n[label = "And"];
n0[label = "While"];
n00[label = "FarthestNeighbor"];
n0 -> n00;
n01[label = "Or"];
n010[label = "BestMove"];
n01 -> n010;
n011[label = "FarthestNeighbor"];
n01 -> n011;
n0 -> n01;
n -> n0;
n1[label = "And"];
n10[label = "BestMove"];
n1 -> n10;
n11[label = "FarthestNeighbor"];
n1 -> n11;
n -> n1;
}


Generation: 65
Best Individual:
Subpopulation 0:
Evaluated: true
Fitness: Standardized=0.17524536 Adjusted=0.8508861 Hits=5
Tree 0:
digraph g {
node [shape=rectangle];
n[label = "And"];
n0[label = "While"];
n00[label = "FarthestNeighbor"];
n0 -> n00;
n01[label = "Or"];
n010[label = "Or"];
n0100[label = "BestMove"];
n010 -> n0100;
n0101[label = "FarthestNeighbor"];
n010 -> n0101;
n01 -> n010;
n011[label = "While"];
n0110[label = "NearestInsertion"];
n011 -> n0110;
n0111[label = "NearestInsertion"];
n011 -> n0111;
n01 -> n011;
n0 -> n01;
n -> n0;
n1[label = "And"];
n10[label = "BestMove"];
n1 -> n10;
n11[label = "FarthestNeighbor"];
n1 -> n11;
n -> n1;
}


Generation: 66
Best Individual:
Subpopulation 0:
Evaluated: true
Fitness: Standardized=0.17524536 Adjusted=0.8508861 Hits=5
Tree 0:
digraph g {
node [shape=rectangle];
n[label = "And"];
n0[label = "While"];
n00[label = "FarthestNeighbor"];
n0 -> n00;
n01[label = "Or"];
n010[label = "Or"];
n0100[label = "BestMove"];
n010 -> n0100;
n0101[label = "FarthestNeighbor"];
n010 -> n0101;
n01 -> n010;
n011[label = "While"];
n0110[label = "NearestInsertion"];
n011 -> n0110;
n0111[label = "NearestInsertion"];
n011 -> n0111;
n01 -> n011;
n0 -> n01;
n -> n0;
n1[label = "And"];
n10[label = "And"];
n100[label = "BestMove"];
n10 -> n100;
n101[label = "FarthestNeighbor"];
n10 -> n101;
n1 -> n10;
n11[label = "FarthestNeighbor"];
n1 -> n11;
n -> n1;
}


Generation: 67
Best Individual:
Subpopulation 0:
Evaluated: true
Fitness: Standardized=0.17524536 Adjusted=0.8508861 Hits=5
Tree 0:
digraph g {
node [shape=rectangle];
n[label = "And"];
n0[label = "While"];
n00[label = "FarthestNeighbor"];
n0 -> n00;
n01[label = "Or"];
n010[label = "Or"];
n0100[label = "BestMove"];
n010 -> n0100;
n0101[label = "FarthestNeighbor"];
n010 -> n0101;
n01 -> n010;
n011[label = "While"];
n0110[label = "NearestInsertion"];
n011 -> n0110;
n0111[label = "NearestInsertion"];
n011 -> n0111;
n01 -> n011;
n0 -> n01;
n -> n0;
n1[label = "And"];
n10[label = "BestMove"];
n1 -> n10;
n11[label = "FarthestNeighbor"];
n1 -> n11;
n -> n1;
}


Generation: 68
Best Individual:
Subpopulation 0:
Evaluated: true
Fitness: Standardized=0.17524536 Adjusted=0.8508861 Hits=5
Tree 0:
digraph g {
node [shape=rectangle];
n[label = "And"];
n0[label = "While"];
n00[label = "FarthestNeighbor"];
n0 -> n00;
n01[label = "Or"];
n010[label = "Or"];
n0100[label = "BestMove"];
n010 -> n0100;
n0101[label = "FarthestNeighbor"];
n010 -> n0101;
n01 -> n010;
n011[label = "While"];
n0110[label = "NearestInsertion"];
n011 -> n0110;
n0111[label = "NearestInsertion"];
n011 -> n0111;
n01 -> n011;
n0 -> n01;
n -> n0;
n1[label = "And"];
n10[label = "BestMove"];
n1 -> n10;
n11[label = "FarthestNeighbor"];
n1 -> n11;
n -> n1;
}


Generation: 69
Best Individual:
Subpopulation 0:
Evaluated: true
Fitness: Standardized=0.17524536 Adjusted=0.8508861 Hits=5
Tree 0:
digraph g {
node [shape=rectangle];
n[label = "And"];
n0[label = "While"];
n00[label = "FarthestNeighbor"];
n0 -> n00;
n01[label = "Or"];
n010[label = "Or"];
n0100[label = "BestMove"];
n010 -> n0100;
n0101[label = "FarthestNeighbor"];
n010 -> n0101;
n01 -> n010;
n011[label = "While"];
n0110[label = "NearestInsertion"];
n011 -> n0110;
n0111[label = "NearestInsertion"];
n011 -> n0111;
n01 -> n011;
n0 -> n01;
n -> n0;
n1[label = "Or"];
n10[label = "BestMove"];
n1 -> n10;
n11[label = "FarthestNeighbor"];
n1 -> n11;
n -> n1;
}


Generation: 70
Best Individual:
Subpopulation 0:
Evaluated: true
Fitness: Standardized=0.17524536 Adjusted=0.8508861 Hits=5
Tree 0:
digraph g {
node [shape=rectangle];
n[label = "And"];
n0[label = "While"];
n00[label = "FarthestNeighbor"];
n0 -> n00;
n01[label = "Or"];
n010[label = "Or"];
n0100[label = "BestMove"];
n010 -> n0100;
n0101[label = "FarthestNeighbor"];
n010 -> n0101;
n01 -> n010;
n011[label = "While"];
n0110[label = "NearestInsertion"];
n011 -> n0110;
n0111[label = "NearestInsertion"];
n011 -> n0111;
n01 -> n011;
n0 -> n01;
n -> n0;
n1[label = "Or"];
n10[label = "Or"];
n100[label = "BestMove"];
n10 -> n100;
n101[label = "FarthestNeighbor"];
n10 -> n101;
n1 -> n10;
n11[label = "While"];
n110[label = "NearestInsertion"];
n11 -> n110;
n111[label = "NearestInsertion"];
n11 -> n111;
n1 -> n11;
n -> n1;
}


Generation: 71
Best Individual:
Subpopulation 0:
Evaluated: true
Fitness: Standardized=0.17524536 Adjusted=0.8508861 Hits=5
Tree 0:
digraph g {
node [shape=rectangle];
n[label = "And"];
n0[label = "While"];
n00[label = "FarthestNeighbor"];
n0 -> n00;
n01[label = "Or"];
n010[label = "Or"];
n0100[label = "BestMove"];
n010 -> n0100;
n0101[label = "FarthestNeighbor"];
n010 -> n0101;
n01 -> n010;
n011[label = "While"];
n0110[label = "NearestInsertion"];
n011 -> n0110;
n0111[label = "NearestInsertion"];
n011 -> n0111;
n01 -> n011;
n0 -> n01;
n -> n0;
n1[label = "Or"];
n10[label = "Or"];
n100[label = "BestMove"];
n10 -> n100;
n101[label = "FarthestNeighbor"];
n10 -> n101;
n1 -> n10;
n11[label = "While"];
n110[label = "NearestInsertion"];
n11 -> n110;
n111[label = "NearestInsertion"];
n11 -> n111;
n1 -> n11;
n -> n1;
}


Generation: 72
Best Individual:
Subpopulation 0:
Evaluated: true
Fitness: Standardized=0.17524536 Adjusted=0.8508861 Hits=5
Tree 0:
digraph g {
node [shape=rectangle];
n[label = "And"];
n0[label = "While"];
n00[label = "FarthestNeighbor"];
n0 -> n00;
n01[label = "Or"];
n010[label = "Or"];
n0100[label = "BestMove"];
n010 -> n0100;
n0101[label = "FarthestNeighbor"];
n010 -> n0101;
n01 -> n010;
n011[label = "NearestInsertion"];
n01 -> n011;
n0 -> n01;
n -> n0;
n1[label = "Or"];
n10[label = "BestMove"];
n1 -> n10;
n11[label = "FarthestNeighbor"];
n1 -> n11;
n -> n1;
}


Generation: 73
Best Individual:
Subpopulation 0:
Evaluated: true
Fitness: Standardized=0.17524536 Adjusted=0.8508861 Hits=5
Tree 0:
digraph g {
node [shape=rectangle];
n[label = "And"];
n0[label = "While"];
n00[label = "FarthestNeighbor"];
n0 -> n00;
n01[label = "Or"];
n010[label = "Or"];
n0100[label = "BestMove"];
n010 -> n0100;
n0101[label = "FarthestNeighbor"];
n010 -> n0101;
n01 -> n010;
n011[label = "BestMove"];
n01 -> n011;
n0 -> n01;
n -> n0;
n1[label = "BestMove"];
n -> n1;
}


Generation: 74
Best Individual:
Subpopulation 0:
Evaluated: true
Fitness: Standardized=0.17524536 Adjusted=0.8508861 Hits=5
Tree 0:
digraph g {
node [shape=rectangle];
n[label = "And"];
n0[label = "While"];
n00[label = "FarthestNeighbor"];
n0 -> n00;
n01[label = "Or"];
n010[label = "Or"];
n0100[label = "BestMove"];
n010 -> n0100;
n0101[label = "FarthestNeighbor"];
n010 -> n0101;
n01 -> n010;
n011[label = "BestMove"];
n01 -> n011;
n0 -> n01;
n -> n0;
n1[label = "BestMove"];
n -> n1;
}


Generation: 75
Best Individual:
Subpopulation 0:
Evaluated: true
Fitness: Standardized=0.17524536 Adjusted=0.8508861 Hits=5
Tree 0:
digraph g {
node [shape=rectangle];
n[label = "And"];
n0[label = "While"];
n00[label = "FarthestNeighbor"];
n0 -> n00;
n01[label = "Or"];
n010[label = "Or"];
n0100[label = "BestMove"];
n010 -> n0100;
n0101[label = "FarthestNeighbor"];
n010 -> n0101;
n01 -> n010;
n011[label = "While"];
n0110[label = "NearestInsertion"];
n011 -> n0110;
n0111[label = "NearestInsertion"];
n011 -> n0111;
n01 -> n011;
n0 -> n01;
n -> n0;
n1[label = "Or"];
n10[label = "Or"];
n100[label = "BestMove"];
n10 -> n100;
n101[label = "FarthestNeighbor"];
n10 -> n101;
n1 -> n10;
n11[label = "While"];
n110[label = "NearestInsertion"];
n11 -> n110;
n111[label = "NearestInsertion"];
n11 -> n111;
n1 -> n11;
n -> n1;
}


Generation: 76
Best Individual:
Subpopulation 0:
Evaluated: true
Fitness: Standardized=0.17524536 Adjusted=0.8508861 Hits=5
Tree 0:
digraph g {
node [shape=rectangle];
n[label = "And"];
n0[label = "While"];
n00[label = "FarthestNeighbor"];
n0 -> n00;
n01[label = "Or"];
n010[label = "Or"];
n0100[label = "BestMove"];
n010 -> n0100;
n0101[label = "FarthestNeighbor"];
n010 -> n0101;
n01 -> n010;
n011[label = "While"];
n0110[label = "NearestInsertion"];
n011 -> n0110;
n0111[label = "NearestInsertion"];
n011 -> n0111;
n01 -> n011;
n0 -> n01;
n -> n0;
n1[label = "Or"];
n10[label = "Or"];
n100[label = "BestMove"];
n10 -> n100;
n101[label = "FarthestNeighbor"];
n10 -> n101;
n1 -> n10;
n11[label = "While"];
n110[label = "NearestInsertion"];
n11 -> n110;
n111[label = "NearestInsertion"];
n11 -> n111;
n1 -> n11;
n -> n1;
}


Generation: 77
Best Individual:
Subpopulation 0:
Evaluated: true
Fitness: Standardized=0.17524536 Adjusted=0.8508861 Hits=5
Tree 0:
digraph g {
node [shape=rectangle];
n[label = "And"];
n0[label = "While"];
n00[label = "FarthestNeighbor"];
n0 -> n00;
n01[label = "Or"];
n010[label = "Or"];
n0100[label = "BestMove"];
n010 -> n0100;
n0101[label = "FarthestNeighbor"];
n010 -> n0101;
n01 -> n010;
n011[label = "BestMove"];
n01 -> n011;
n0 -> n01;
n -> n0;
n1[label = "BestMove"];
n -> n1;
}


Generation: 78
Best Individual:
Subpopulation 0:
Evaluated: true
Fitness: Standardized=0.17524536 Adjusted=0.8508861 Hits=5
Tree 0:
digraph g {
node [shape=rectangle];
n[label = "And"];
n0[label = "While"];
n00[label = "FarthestNeighbor"];
n0 -> n00;
n01[label = "Or"];
n010[label = "Or"];
n0100[label = "BestMove"];
n010 -> n0100;
n0101[label = "FarthestNeighbor"];
n010 -> n0101;
n01 -> n010;
n011[label = "While"];
n0110[label = "NearestInsertion"];
n011 -> n0110;
n0111[label = "NearestInsertion"];
n011 -> n0111;
n01 -> n011;
n0 -> n01;
n -> n0;
n1[label = "BestMove"];
n -> n1;
}


Generation: 79
Best Individual:
Subpopulation 0:
Evaluated: true
Fitness: Standardized=0.17524536 Adjusted=0.8508861 Hits=5
Tree 0:
digraph g {
node [shape=rectangle];
n[label = "And"];
n0[label = "While"];
n00[label = "FarthestNeighbor"];
n0 -> n00;
n01[label = "Or"];
n010[label = "Or"];
n0100[label = "BestMove"];
n010 -> n0100;
n0101[label = "FarthestNeighbor"];
n010 -> n0101;
n01 -> n010;
n011[label = "While"];
n0110[label = "NearestInsertion"];
n011 -> n0110;
n0111[label = "NearestInsertion"];
n011 -> n0111;
n01 -> n011;
n0 -> n01;
n -> n0;
n1[label = "BestMove"];
n -> n1;
}


Generation: 80
Best Individual:
Subpopulation 0:
Evaluated: true
Fitness: Standardized=0.17524536 Adjusted=0.8508861 Hits=5
Tree 0:
digraph g {
node [shape=rectangle];
n[label = "And"];
n0[label = "While"];
n00[label = "FarthestNeighbor"];
n0 -> n00;
n01[label = "Or"];
n010[label = "Or"];
n0100[label = "BestMove"];
n010 -> n0100;
n0101[label = "FarthestNeighbor"];
n010 -> n0101;
n01 -> n010;
n011[label = "While"];
n0110[label = "NearestInsertion"];
n011 -> n0110;
n0111[label = "NearestInsertion"];
n011 -> n0111;
n01 -> n011;
n0 -> n01;
n -> n0;
n1[label = "BestMove"];
n -> n1;
}


Generation: 81
Best Individual:
Subpopulation 0:
Evaluated: true
Fitness: Standardized=0.17524536 Adjusted=0.8508861 Hits=5
Tree 0:
digraph g {
node [shape=rectangle];
n[label = "And"];
n0[label = "While"];
n00[label = "FarthestNeighbor"];
n0 -> n00;
n01[label = "Or"];
n010[label = "Or"];
n0100[label = "BestMove"];
n010 -> n0100;
n0101[label = "FarthestNeighbor"];
n010 -> n0101;
n01 -> n010;
n011[label = "While"];
n0110[label = "NearestInsertion"];
n011 -> n0110;
n0111[label = "NearestInsertion"];
n011 -> n0111;
n01 -> n011;
n0 -> n01;
n -> n0;
n1[label = "BestMove"];
n -> n1;
}


Generation: 82
Best Individual:
Subpopulation 0:
Evaluated: true
Fitness: Standardized=0.17524536 Adjusted=0.8508861 Hits=5
Tree 0:
digraph g {
node [shape=rectangle];
n[label = "And"];
n0[label = "While"];
n00[label = "FarthestNeighbor"];
n0 -> n00;
n01[label = "Or"];
n010[label = "Or"];
n0100[label = "BestMove"];
n010 -> n0100;
n0101[label = "FarthestNeighbor"];
n010 -> n0101;
n01 -> n010;
n011[label = "While"];
n0110[label = "NearestInsertion"];
n011 -> n0110;
n0111[label = "NearestInsertion"];
n011 -> n0111;
n01 -> n011;
n0 -> n01;
n -> n0;
n1[label = "BestMove"];
n -> n1;
}


Generation: 83
Best Individual:
Subpopulation 0:
Evaluated: true
Fitness: Standardized=0.17524536 Adjusted=0.8508861 Hits=5
Tree 0:
digraph g {
node [shape=rectangle];
n[label = "And"];
n0[label = "While"];
n00[label = "FarthestNeighbor"];
n0 -> n00;
n01[label = "Or"];
n010[label = "Or"];
n0100[label = "BestMove"];
n010 -> n0100;
n0101[label = "FarthestNeighbor"];
n010 -> n0101;
n01 -> n010;
n011[label = "Or"];
n0110[label = "BestMove"];
n011 -> n0110;
n0111[label = "FarthestNeighbor"];
n011 -> n0111;
n01 -> n011;
n0 -> n01;
n -> n0;
n1[label = "BestMove"];
n -> n1;
}


Generation: 84
Best Individual:
Subpopulation 0:
Evaluated: true
Fitness: Standardized=0.17524536 Adjusted=0.8508861 Hits=5
Tree 0:
digraph g {
node [shape=rectangle];
n[label = "And"];
n0[label = "While"];
n00[label = "FarthestNeighbor"];
n0 -> n00;
n01[label = "Or"];
n010[label = "Or"];
n0100[label = "BestMove"];
n010 -> n0100;
n0101[label = "FarthestNeighbor"];
n010 -> n0101;
n01 -> n010;
n011[label = "Or"];
n0110[label = "BestMove"];
n011 -> n0110;
n0111[label = "FarthestNeighbor"];
n011 -> n0111;
n01 -> n011;
n0 -> n01;
n -> n0;
n1[label = "BestMove"];
n -> n1;
}


Generation: 85
Best Individual:
Subpopulation 0:
Evaluated: true
Fitness: Standardized=0.17524536 Adjusted=0.8508861 Hits=5
Tree 0:
digraph g {
node [shape=rectangle];
n[label = "And"];
n0[label = "While"];
n00[label = "FarthestNeighbor"];
n0 -> n00;
n01[label = "Or"];
n010[label = "Or"];
n0100[label = "BestMove"];
n010 -> n0100;
n0101[label = "FarthestNeighbor"];
n010 -> n0101;
n01 -> n010;
n011[label = "While"];
n0110[label = "NearestInsertion"];
n011 -> n0110;
n0111[label = "NearestInsertion"];
n011 -> n0111;
n01 -> n011;
n0 -> n01;
n -> n0;
n1[label = "BestMove"];
n -> n1;
}


Generation: 86
Best Individual:
Subpopulation 0:
Evaluated: true
Fitness: Standardized=0.17524536 Adjusted=0.8508861 Hits=5
Tree 0:
digraph g {
node [shape=rectangle];
n[label = "And"];
n0[label = "While"];
n00[label = "FarthestNeighbor"];
n0 -> n00;
n01[label = "Or"];
n010[label = "Or"];
n0100[label = "BestMove"];
n010 -> n0100;
n0101[label = "FarthestNeighbor"];
n010 -> n0101;
n01 -> n010;
n011[label = "BestMove"];
n01 -> n011;
n0 -> n01;
n -> n0;
n1[label = "BestMove"];
n -> n1;
}


Generation: 87
Best Individual:
Subpopulation 0:
Evaluated: true
Fitness: Standardized=0.17524536 Adjusted=0.8508861 Hits=5
Tree 0:
digraph g {
node [shape=rectangle];
n[label = "And"];
n0[label = "While"];
n00[label = "FarthestNeighbor"];
n0 -> n00;
n01[label = "Or"];
n010[label = "Or"];
n0100[label = "BestMove"];
n010 -> n0100;
n0101[label = "FarthestNeighbor"];
n010 -> n0101;
n01 -> n010;
n011[label = "BestMove"];
n01 -> n011;
n0 -> n01;
n -> n0;
n1[label = "BestMove"];
n -> n1;
}


Generation: 88
Best Individual:
Subpopulation 0:
Evaluated: true
Fitness: Standardized=0.17524536 Adjusted=0.8508861 Hits=5
Tree 0:
digraph g {
node [shape=rectangle];
n[label = "And"];
n0[label = "While"];
n00[label = "FarthestNeighbor"];
n0 -> n00;
n01[label = "Or"];
n010[label = "Or"];
n0100[label = "BestMove"];
n010 -> n0100;
n0101[label = "BestMove"];
n010 -> n0101;
n01 -> n010;
n011[label = "Or"];
n0110[label = "BestMove"];
n011 -> n0110;
n0111[label = "FarthestNeighbor"];
n011 -> n0111;
n01 -> n011;
n0 -> n01;
n -> n0;
n1[label = "BestMove"];
n -> n1;
}


Generation: 89
Best Individual:
Subpopulation 0:
Evaluated: true
Fitness: Standardized=0.17524536 Adjusted=0.8508861 Hits=5
Tree 0:
digraph g {
node [shape=rectangle];
n[label = "And"];
n0[label = "While"];
n00[label = "FarthestNeighbor"];
n0 -> n00;
n01[label = "Or"];
n010[label = "Or"];
n0100[label = "BestMove"];
n010 -> n0100;
n0101[label = "BestMove"];
n010 -> n0101;
n01 -> n010;
n011[label = "Or"];
n0110[label = "BestMove"];
n011 -> n0110;
n0111[label = "FarthestNeighbor"];
n011 -> n0111;
n01 -> n011;
n0 -> n01;
n -> n0;
n1[label = "BestMove"];
n -> n1;
}


Generation: 90
Best Individual:
Subpopulation 0:
Evaluated: true
Fitness: Standardized=0.17524536 Adjusted=0.8508861 Hits=5
Tree 0:
digraph g {
node [shape=rectangle];
n[label = "And"];
n0[label = "While"];
n00[label = "FarthestNeighbor"];
n0 -> n00;
n01[label = "Or"];
n010[label = "Or"];
n0100[label = "BestMove"];
n010 -> n0100;
n0101[label = "FarthestNeighbor"];
n010 -> n0101;
n01 -> n010;
n011[label = "FarthestNeighbor"];
n01 -> n011;
n0 -> n01;
n -> n0;
n1[label = "BestMove"];
n -> n1;
}


Generation: 91
Best Individual:
Subpopulation 0:
Evaluated: true
Fitness: Standardized=0.17524536 Adjusted=0.8508861 Hits=5
Tree 0:
digraph g {
node [shape=rectangle];
n[label = "And"];
n0[label = "While"];
n00[label = "FarthestNeighbor"];
n0 -> n00;
n01[label = "Or"];
n010[label = "Or"];
n0100[label = "BestMove"];
n010 -> n0100;
n0101[label = "BestMove"];
n010 -> n0101;
n01 -> n010;
n011[label = "Or"];
n0110[label = "BestMove"];
n011 -> n0110;
n0111[label = "FarthestNeighbor"];
n011 -> n0111;
n01 -> n011;
n0 -> n01;
n -> n0;
n1[label = "BestMove"];
n -> n1;
}


Generation: 92
Best Individual:
Subpopulation 0:
Evaluated: true
Fitness: Standardized=0.17524536 Adjusted=0.8508861 Hits=5
Tree 0:
digraph g {
node [shape=rectangle];
n[label = "And"];
n0[label = "While"];
n00[label = "FarthestNeighbor"];
n0 -> n00;
n01[label = "Or"];
n010[label = "BestMove"];
n01 -> n010;
n011[label = "FarthestNeighbor"];
n01 -> n011;
n0 -> n01;
n -> n0;
n1[label = "BestMove"];
n -> n1;
}


Generation: 93
Best Individual:
Subpopulation 0:
Evaluated: true
Fitness: Standardized=0.17524536 Adjusted=0.8508861 Hits=5
Tree 0:
digraph g {
node [shape=rectangle];
n[label = "And"];
n0[label = "While"];
n00[label = "FarthestNeighbor"];
n0 -> n00;
n01[label = "Or"];
n010[label = "Or"];
n0100[label = "BestMove"];
n010 -> n0100;
n0101[label = "BestMove"];
n010 -> n0101;
n01 -> n010;
n011[label = "Or"];
n0110[label = "BestMove"];
n011 -> n0110;
n0111[label = "FarthestNeighbor"];
n011 -> n0111;
n01 -> n011;
n0 -> n01;
n -> n0;
n1[label = "BestMove"];
n -> n1;
}


Generation: 94
Best Individual:
Subpopulation 0:
Evaluated: true
Fitness: Standardized=0.17524536 Adjusted=0.8508861 Hits=5
Tree 0:
digraph g {
node [shape=rectangle];
n[label = "And"];
n0[label = "While"];
n00[label = "FarthestNeighbor"];
n0 -> n00;
n01[label = "Or"];
n010[label = "Or"];
n0100[label = "BestMove"];
n010 -> n0100;
n0101[label = "BestMove"];
n010 -> n0101;
n01 -> n010;
n011[label = "FarthestNeighbor"];
n01 -> n011;
n0 -> n01;
n -> n0;
n1[label = "BestMove"];
n -> n1;
}


Generation: 95
Best Individual:
Subpopulation 0:
Evaluated: true
Fitness: Standardized=0.17524536 Adjusted=0.8508861 Hits=5
Tree 0:
digraph g {
node [shape=rectangle];
n[label = "And"];
n0[label = "While"];
n00[label = "FarthestNeighbor"];
n0 -> n00;
n01[label = "Or"];
n010[label = "Or"];
n0100[label = "BestMove"];
n010 -> n0100;
n0101[label = "BestMove"];
n010 -> n0101;
n01 -> n010;
n011[label = "FarthestNeighbor"];
n01 -> n011;
n0 -> n01;
n -> n0;
n1[label = "BestMove"];
n -> n1;
}


Generation: 96
Best Individual:
Subpopulation 0:
Evaluated: true
Fitness: Standardized=0.17524536 Adjusted=0.8508861 Hits=5
Tree 0:
digraph g {
node [shape=rectangle];
n[label = "And"];
n0[label = "While"];
n00[label = "FarthestNeighbor"];
n0 -> n00;
n01[label = "Or"];
n010[label = "Or"];
n0100[label = "BestMove"];
n010 -> n0100;
n0101[label = "BestMove"];
n010 -> n0101;
n01 -> n010;
n011[label = "Or"];
n0110[label = "BestMove"];
n011 -> n0110;
n0111[label = "FarthestNeighbor"];
n011 -> n0111;
n01 -> n011;
n0 -> n01;
n -> n0;
n1[label = "BestMove"];
n -> n1;
}


Generation: 97
Best Individual:
Subpopulation 0:
Evaluated: true
Fitness: Standardized=0.17524536 Adjusted=0.8508861 Hits=5
Tree 0:
digraph g {
node [shape=rectangle];
n[label = "And"];
n0[label = "While"];
n00[label = "FarthestNeighbor"];
n0 -> n00;
n01[label = "Or"];
n010[label = "Or"];
n0100[label = "BestMove"];
n010 -> n0100;
n0101[label = "BestMove"];
n010 -> n0101;
n01 -> n010;
n011[label = "Or"];
n0110[label = "BestMove"];
n011 -> n0110;
n0111[label = "FarthestNeighbor"];
n011 -> n0111;
n01 -> n011;
n0 -> n01;
n -> n0;
n1[label = "BestMove"];
n -> n1;
}


Generation: 98
Best Individual:
Subpopulation 0:
Evaluated: true
Fitness: Standardized=0.17524536 Adjusted=0.8508861 Hits=5
Tree 0:
digraph g {
node [shape=rectangle];
n[label = "And"];
n0[label = "While"];
n00[label = "FarthestNeighbor"];
n0 -> n00;
n01[label = "Or"];
n010[label = "Or"];
n0100[label = "BestMove"];
n010 -> n0100;
n0101[label = "BestMove"];
n010 -> n0101;
n01 -> n010;
n011[label = "Or"];
n0110[label = "BestMove"];
n011 -> n0110;
n0111[label = "FarthestNeighbor"];
n011 -> n0111;
n01 -> n011;
n0 -> n01;
n -> n0;
n1[label = "BestMove"];
n -> n1;
}


Generation: 99
Best Individual:
Subpopulation 0:
Evaluated: true
Fitness: Standardized=0.17524536 Adjusted=0.8508861 Hits=5
Tree 0:
digraph g {
node [shape=rectangle];
n[label = "And"];
n0[label = "While"];
n00[label = "FarthestNeighbor"];
n0 -> n00;
n01[label = "Or"];
n010[label = "Or"];
n0100[label = "BestMove"];
n010 -> n0100;
n0101[label = "BestMove"];
n010 -> n0101;
n01 -> n010;
n011[label = "Or"];
n0110[label = "BestMove"];
n011 -> n0110;
n0111[label = "FarthestNeighbor"];
n011 -> n0111;
n01 -> n011;
n0 -> n01;
n -> n0;
n1[label = "BestMove"];
n -> n1;
}


Best Individual of Run:
Subpopulation 0:
Evaluated: true
Fitness: Standardized=0.17524536 Adjusted=0.8508861 Hits=5
Tree 0:
digraph g {
node [shape=rectangle];
n[label = "And"];
n0[label = "While"];
n00[label = "FarthestNeighbor"];
n0 -> n00;
n01[label = "Or"];
n010[label = "Or"];
n0100[label = "BestMove"];
n010 -> n0100;
n0101[label = "FarthestNeighbor"];
n010 -> n0101;
n01 -> n010;
n011[label = "While"];
n0110[label = "NearestInsertion"];
n011 -> n0110;
n0111[label = "NearestInsertion"];
n011 -> n0111;
n01 -> n011;
n0 -> n01;
n -> n0;
n1[label = "And"];
n10[label = "BestMove"];
n1 -> n10;
n11[label = "FarthestNeighbor"];
n1 -> n11;
n -> n1;
}

