
Generation: 0
Best Individual:
Subpopulation 0:
Evaluated: true
Fitness: Standardized=0.4832403 Adjusted=0.6741996 Hits=2
Tree 0:
digraph g {
node [shape=rectangle];
n[label = "If_Then_Else"];
n0[label = "Or"];
n00[label = "And"];
n000[label = "FarthestNeighbor"];
n00 -> n000;
n001[label = "BestMove"];
n00 -> n001;
n0 -> n00;
n01[label = "If_Then_Else"];
n010[label = "BestMove"];
n01 -> n010;
n011[label = "NearestInsertion"];
n01 -> n011;
n012[label = "NearestFirstNode"];
n01 -> n012;
n0 -> n01;
n -> n0;
n1[label = "Or"];
n10[label = "Equal"];
n100[label = "WorstMove"];
n10 -> n100;
n101[label = "FarthestInsertion"];
n10 -> n101;
n1 -> n10;
n11[label = "While"];
n110[label = "BestMove"];
n11 -> n110;
n111[label = "CplexTerminal"];
n11 -> n111;
n1 -> n11;
n -> n1;
n2[label = "And"];
n20[label = "If_Then"];
n200[label = "BestMove"];
n20 -> n200;
n201[label = "NearestNeighbor"];
n20 -> n201;
n2 -> n20;
n21[label = "If_Then"];
n210[label = "FarthestFirstNode"];
n21 -> n210;
n211[label = "CplexTerminal"];
n21 -> n211;
n2 -> n21;
n -> n2;
}


Generation: 1
Best Individual:
Subpopulation 0:
Evaluated: true
Fitness: Standardized=0.23307051 Adjusted=0.81098366 Hits=6
Tree 0:
digraph g {
node [shape=rectangle];
n[label = "If_Then_Else"];
n0[label = "Or"];
n00[label = "And"];
n000[label = "FarthestNeighbor"];
n00 -> n000;
n001[label = "BestMove"];
n00 -> n001;
n0 -> n00;
n01[label = "Or"];
n010[label = "FarthestNeighbor"];
n01 -> n010;
n011[label = "FarthestInsertion"];
n01 -> n011;
n0 -> n01;
n -> n0;
n1[label = "Or"];
n10[label = "Equal"];
n100[label = "WorstMove"];
n10 -> n100;
n101[label = "FarthestInsertion"];
n10 -> n101;
n1 -> n10;
n11[label = "While"];
n110[label = "BestMove"];
n11 -> n110;
n111[label = "CplexTerminal"];
n11 -> n111;
n1 -> n11;
n -> n1;
n2[label = "And"];
n20[label = "If_Then"];
n200[label = "BestMove"];
n20 -> n200;
n201[label = "NearestNeighbor"];
n20 -> n201;
n2 -> n20;
n21[label = "If_Then"];
n210[label = "FarthestFirstNode"];
n21 -> n210;
n211[label = "CplexTerminal"];
n21 -> n211;
n2 -> n21;
n -> n2;
}


Generation: 2
Best Individual:
Subpopulation 0:
Evaluated: true
Fitness: Standardized=0.18898115 Adjusted=0.8410562 Hits=8
Tree 0:
digraph g {
node [shape=rectangle];
n[label = "If_Then_Else"];
n0[label = "Or"];
n00[label = "And"];
n000[label = "FarthestFirstNode"];
n00 -> n000;
n001[label = "BestMove"];
n00 -> n001;
n0 -> n00;
n01[label = "Or"];
n010[label = "FarthestNeighbor"];
n01 -> n010;
n011[label = "FarthestInsertion"];
n01 -> n011;
n0 -> n01;
n -> n0;
n1[label = "Or"];
n10[label = "Equal"];
n100[label = "WorstMove"];
n10 -> n100;
n101[label = "FarthestInsertion"];
n10 -> n101;
n1 -> n10;
n11[label = "While"];
n110[label = "BestMove"];
n11 -> n110;
n111[label = "CplexTerminal"];
n11 -> n111;
n1 -> n11;
n -> n1;
n2[label = "And"];
n20[label = "If_Then"];
n200[label = "BestMove"];
n20 -> n200;
n201[label = "NearestNeighbor"];
n20 -> n201;
n2 -> n20;
n21[label = "If_Then"];
n210[label = "FarthestFirstNode"];
n21 -> n210;
n211[label = "CplexTerminal"];
n21 -> n211;
n2 -> n21;
n -> n2;
}


Generation: 3
Best Individual:
Subpopulation 0:
Evaluated: true
Fitness: Standardized=0.18898115 Adjusted=0.8410562 Hits=8
Tree 0:
digraph g {
node [shape=rectangle];
n[label = "If_Then_Else"];
n0[label = "Or"];
n00[label = "And"];
n000[label = "FarthestFirstNode"];
n00 -> n000;
n001[label = "BestMove"];
n00 -> n001;
n0 -> n00;
n01[label = "Or"];
n010[label = "FarthestNeighbor"];
n01 -> n010;
n011[label = "FarthestInsertion"];
n01 -> n011;
n0 -> n01;
n -> n0;
n1[label = "Or"];
n10[label = "Equal"];
n100[label = "WorstMove"];
n10 -> n100;
n101[label = "FarthestInsertion"];
n10 -> n101;
n1 -> n10;
n11[label = "While"];
n110[label = "BestMove"];
n11 -> n110;
n111[label = "CplexTerminal"];
n11 -> n111;
n1 -> n11;
n -> n1;
n2[label = "And"];
n20[label = "If_Then"];
n200[label = "BestMove"];
n20 -> n200;
n201[label = "NearestNeighbor"];
n20 -> n201;
n2 -> n20;
n21[label = "If_Then"];
n210[label = "FarthestFirstNode"];
n21 -> n210;
n211[label = "CplexTerminal"];
n21 -> n211;
n2 -> n21;
n -> n2;
}


Generation: 4
Best Individual:
Subpopulation 0:
Evaluated: true
Fitness: Standardized=0.18898115 Adjusted=0.8410562 Hits=8
Tree 0:
digraph g {
node [shape=rectangle];
n[label = "If_Then_Else"];
n0[label = "Or"];
n00[label = "And"];
n000[label = "FarthestFirstNode"];
n00 -> n000;
n001[label = "BestMove"];
n00 -> n001;
n0 -> n00;
n01[label = "Or"];
n010[label = "FarthestNeighbor"];
n01 -> n010;
n011[label = "FarthestInsertion"];
n01 -> n011;
n0 -> n01;
n -> n0;
n1[label = "Or"];
n10[label = "Equal"];
n100[label = "WorstMove"];
n10 -> n100;
n101[label = "FarthestInsertion"];
n10 -> n101;
n1 -> n10;
n11[label = "While"];
n110[label = "BestMove"];
n11 -> n110;
n111[label = "CplexTerminal"];
n11 -> n111;
n1 -> n11;
n -> n1;
n2[label = "And"];
n20[label = "If_Then"];
n200[label = "BestMove"];
n20 -> n200;
n201[label = "NearestNeighbor"];
n20 -> n201;
n2 -> n20;
n21[label = "If_Then"];
n210[label = "FarthestFirstNode"];
n21 -> n210;
n211[label = "CplexTerminal"];
n21 -> n211;
n2 -> n21;
n -> n2;
}


Generation: 5
Best Individual:
Subpopulation 0:
Evaluated: true
Fitness: Standardized=0.182849 Adjusted=0.8454164 Hits=8
Tree 0:
digraph g {
node [shape=rectangle];
n[label = "If_Then_Else"];
n0[label = "Or"];
n00[label = "And"];
n000[label = "FarthestFirstNode"];
n00 -> n000;
n001[label = "BestMove"];
n00 -> n001;
n0 -> n00;
n01[label = "Or"];
n010[label = "FarthestNeighbor"];
n01 -> n010;
n011[label = "FarthestInsertion"];
n01 -> n011;
n0 -> n01;
n -> n0;
n1[label = "Or"];
n10[label = "Equal"];
n100[label = "WorstMove"];
n10 -> n100;
n101[label = "FarthestInsertion"];
n10 -> n101;
n1 -> n10;
n11[label = "While"];
n110[label = "BestMove"];
n11 -> n110;
n111[label = "CplexTerminal"];
n11 -> n111;
n1 -> n11;
n -> n1;
n2[label = "And"];
n20[label = "If_Then"];
n200[label = "BestMove"];
n20 -> n200;
n201[label = "NearestNeighbor"];
n20 -> n201;
n2 -> n20;
n21[label = "FarthestInsertion"];
n2 -> n21;
n -> n2;
}


Generation: 6
Best Individual:
Subpopulation 0:
Evaluated: true
Fitness: Standardized=0.18166119 Adjusted=0.8462663 Hits=7
Tree 0:
digraph g {
node [shape=rectangle];
n[label = "If_Then_Else"];
n0[label = "Or"];
n00[label = "And"];
n000[label = "FarthestFirstNode"];
n00 -> n000;
n001[label = "BestMove"];
n00 -> n001;
n0 -> n00;
n01[label = "Or"];
n010[label = "FarthestNeighbor"];
n01 -> n010;
n011[label = "FarthestInsertion"];
n01 -> n011;
n0 -> n01;
n -> n0;
n1[label = "Or"];
n10[label = "Equal"];
n100[label = "WorstMove"];
n10 -> n100;
n101[label = "FarthestInsertion"];
n10 -> n101;
n1 -> n10;
n11[label = "While"];
n110[label = "BestMove"];
n11 -> n110;
n111[label = "CplexTerminal"];
n11 -> n111;
n1 -> n11;
n -> n1;
n2[label = "And"];
n20[label = "If_Then"];
n200[label = "BestMove"];
n20 -> n200;
n201[label = "NearestNeighbor"];
n20 -> n201;
n2 -> n20;
n21[label = "FarthestInsertion"];
n2 -> n21;
n -> n2;
}


Generation: 7
Best Individual:
Subpopulation 0:
Evaluated: true
Fitness: Standardized=0.18166119 Adjusted=0.8462663 Hits=7
Tree 0:
digraph g {
node [shape=rectangle];
n[label = "If_Then_Else"];
n0[label = "Or"];
n00[label = "And"];
n000[label = "FarthestFirstNode"];
n00 -> n000;
n001[label = "BestMove"];
n00 -> n001;
n0 -> n00;
n01[label = "Or"];
n010[label = "FarthestNeighbor"];
n01 -> n010;
n011[label = "FarthestInsertion"];
n01 -> n011;
n0 -> n01;
n -> n0;
n1[label = "Or"];
n10[label = "Equal"];
n100[label = "WorstMove"];
n10 -> n100;
n101[label = "FarthestInsertion"];
n10 -> n101;
n1 -> n10;
n11[label = "While"];
n110[label = "BestMove"];
n11 -> n110;
n111[label = "CplexTerminal"];
n11 -> n111;
n1 -> n11;
n -> n1;
n2[label = "And"];
n20[label = "If_Then"];
n200[label = "BestMove"];
n20 -> n200;
n201[label = "NearestNeighbor"];
n20 -> n201;
n2 -> n20;
n21[label = "FarthestInsertion"];
n2 -> n21;
n -> n2;
}


Generation: 8
Best Individual:
Subpopulation 0:
Evaluated: true
Fitness: Standardized=0.18166119 Adjusted=0.8462663 Hits=7
Tree 0:
digraph g {
node [shape=rectangle];
n[label = "If_Then_Else"];
n0[label = "Or"];
n00[label = "And"];
n000[label = "FarthestFirstNode"];
n00 -> n000;
n001[label = "BestMove"];
n00 -> n001;
n0 -> n00;
n01[label = "Or"];
n010[label = "FarthestNeighbor"];
n01 -> n010;
n011[label = "FarthestInsertion"];
n01 -> n011;
n0 -> n01;
n -> n0;
n1[label = "Or"];
n10[label = "Equal"];
n100[label = "WorstMove"];
n10 -> n100;
n101[label = "FarthestInsertion"];
n10 -> n101;
n1 -> n10;
n11[label = "While"];
n110[label = "BestMove"];
n11 -> n110;
n111[label = "CplexTerminal"];
n11 -> n111;
n1 -> n11;
n -> n1;
n2[label = "And"];
n20[label = "If_Then"];
n200[label = "BestMove"];
n20 -> n200;
n201[label = "NearestNeighbor"];
n20 -> n201;
n2 -> n20;
n21[label = "FarthestInsertion"];
n2 -> n21;
n -> n2;
}


Generation: 9
Best Individual:
Subpopulation 0:
Evaluated: true
Fitness: Standardized=0.18166119 Adjusted=0.8462663 Hits=7
Tree 0:
digraph g {
node [shape=rectangle];
n[label = "If_Then_Else"];
n0[label = "Or"];
n00[label = "And"];
n000[label = "FarthestFirstNode"];
n00 -> n000;
n001[label = "BestMove"];
n00 -> n001;
n0 -> n00;
n01[label = "Or"];
n010[label = "FarthestNeighbor"];
n01 -> n010;
n011[label = "FarthestInsertion"];
n01 -> n011;
n0 -> n01;
n -> n0;
n1[label = "Or"];
n10[label = "Equal"];
n100[label = "WorstMove"];
n10 -> n100;
n101[label = "FarthestInsertion"];
n10 -> n101;
n1 -> n10;
n11[label = "While"];
n110[label = "BestMove"];
n11 -> n110;
n111[label = "CplexTerminal"];
n11 -> n111;
n1 -> n11;
n -> n1;
n2[label = "And"];
n20[label = "If_Then"];
n200[label = "BestMove"];
n20 -> n200;
n201[label = "NearestNeighbor"];
n20 -> n201;
n2 -> n20;
n21[label = "FarthestInsertion"];
n2 -> n21;
n -> n2;
}


Generation: 10
Best Individual:
Subpopulation 0:
Evaluated: true
Fitness: Standardized=0.16025344 Adjusted=0.86188066 Hits=8
Tree 0:
digraph g {
node [shape=rectangle];
n[label = "If_Then_Else"];
n0[label = "Or"];
n00[label = "And"];
n000[label = "FarthestFirstNode"];
n00 -> n000;
n001[label = "BestMove"];
n00 -> n001;
n0 -> n00;
n01[label = "Or"];
n010[label = "FarthestNeighbor"];
n01 -> n010;
n011[label = "FarthestInsertion"];
n01 -> n011;
n0 -> n01;
n -> n0;
n1[label = "Or"];
n10[label = "Equal"];
n100[label = "WorstMove"];
n10 -> n100;
n101[label = "FarthestInsertion"];
n10 -> n101;
n1 -> n10;
n11[label = "While"];
n110[label = "BestMove"];
n11 -> n110;
n111[label = "CplexTerminal"];
n11 -> n111;
n1 -> n11;
n -> n1;
n2[label = "Or"];
n20[label = "FarthestNeighbor"];
n2 -> n20;
n21[label = "FarthestInsertion"];
n2 -> n21;
n -> n2;
}


Generation: 11
Best Individual:
Subpopulation 0:
Evaluated: true
Fitness: Standardized=0.16025344 Adjusted=0.86188066 Hits=8
Tree 0:
digraph g {
node [shape=rectangle];
n[label = "If_Then_Else"];
n0[label = "Or"];
n00[label = "And"];
n000[label = "FarthestFirstNode"];
n00 -> n000;
n001[label = "BestMove"];
n00 -> n001;
n0 -> n00;
n01[label = "Or"];
n010[label = "FarthestNeighbor"];
n01 -> n010;
n011[label = "FarthestInsertion"];
n01 -> n011;
n0 -> n01;
n -> n0;
n1[label = "Or"];
n10[label = "Equal"];
n100[label = "WorstMove"];
n10 -> n100;
n101[label = "FarthestInsertion"];
n10 -> n101;
n1 -> n10;
n11[label = "While"];
n110[label = "BestMove"];
n11 -> n110;
n111[label = "CplexTerminal"];
n11 -> n111;
n1 -> n11;
n -> n1;
n2[label = "Or"];
n20[label = "FarthestNeighbor"];
n2 -> n20;
n21[label = "FarthestInsertion"];
n2 -> n21;
n -> n2;
}


Generation: 12
Best Individual:
Subpopulation 0:
Evaluated: true
Fitness: Standardized=0.16025344 Adjusted=0.86188066 Hits=8
Tree 0:
digraph g {
node [shape=rectangle];
n[label = "If_Then_Else"];
n0[label = "Or"];
n00[label = "And"];
n000[label = "FarthestFirstNode"];
n00 -> n000;
n001[label = "BestMove"];
n00 -> n001;
n0 -> n00;
n01[label = "Or"];
n010[label = "FarthestNeighbor"];
n01 -> n010;
n011[label = "FarthestInsertion"];
n01 -> n011;
n0 -> n01;
n -> n0;
n1[label = "Or"];
n10[label = "Equal"];
n100[label = "WorstMove"];
n10 -> n100;
n101[label = "FarthestInsertion"];
n10 -> n101;
n1 -> n10;
n11[label = "While"];
n110[label = "BestMove"];
n11 -> n110;
n111[label = "CplexTerminal"];
n11 -> n111;
n1 -> n11;
n -> n1;
n2[label = "Or"];
n20[label = "FarthestNeighbor"];
n2 -> n20;
n21[label = "FarthestInsertion"];
n2 -> n21;
n -> n2;
}


Generation: 13
Best Individual:
Subpopulation 0:
Evaluated: true
Fitness: Standardized=0.16025344 Adjusted=0.86188066 Hits=8
Tree 0:
digraph g {
node [shape=rectangle];
n[label = "If_Then_Else"];
n0[label = "Or"];
n00[label = "And"];
n000[label = "FarthestFirstNode"];
n00 -> n000;
n001[label = "BestMove"];
n00 -> n001;
n0 -> n00;
n01[label = "Or"];
n010[label = "FarthestNeighbor"];
n01 -> n010;
n011[label = "FarthestInsertion"];
n01 -> n011;
n0 -> n01;
n -> n0;
n1[label = "Or"];
n10[label = "Equal"];
n100[label = "WorstMove"];
n10 -> n100;
n101[label = "FarthestInsertion"];
n10 -> n101;
n1 -> n10;
n11[label = "While"];
n110[label = "BestMove"];
n11 -> n110;
n111[label = "CplexTerminal"];
n11 -> n111;
n1 -> n11;
n -> n1;
n2[label = "Or"];
n20[label = "Equal"];
n200[label = "WorstMove"];
n20 -> n200;
n201[label = "FarthestInsertion"];
n20 -> n201;
n2 -> n20;
n21[label = "While"];
n210[label = "BestMove"];
n21 -> n210;
n211[label = "CplexTerminal"];
n21 -> n211;
n2 -> n21;
n -> n2;
}


Generation: 14
Best Individual:
Subpopulation 0:
Evaluated: true
Fitness: Standardized=0.16025344 Adjusted=0.86188066 Hits=8
Tree 0:
digraph g {
node [shape=rectangle];
n[label = "If_Then_Else"];
n0[label = "Or"];
n00[label = "And"];
n000[label = "FarthestFirstNode"];
n00 -> n000;
n001[label = "BestMove"];
n00 -> n001;
n0 -> n00;
n01[label = "Or"];
n010[label = "FarthestNeighbor"];
n01 -> n010;
n011[label = "FarthestInsertion"];
n01 -> n011;
n0 -> n01;
n -> n0;
n1[label = "Or"];
n10[label = "Equal"];
n100[label = "WorstMove"];
n10 -> n100;
n101[label = "FarthestInsertion"];
n10 -> n101;
n1 -> n10;
n11[label = "While"];
n110[label = "BestMove"];
n11 -> n110;
n111[label = "CplexTerminal"];
n11 -> n111;
n1 -> n11;
n -> n1;
n2[label = "Or"];
n20[label = "Equal"];
n200[label = "WorstMove"];
n20 -> n200;
n201[label = "FarthestInsertion"];
n20 -> n201;
n2 -> n20;
n21[label = "While"];
n210[label = "BestMove"];
n21 -> n210;
n211[label = "CplexTerminal"];
n21 -> n211;
n2 -> n21;
n -> n2;
}


Generation: 15
Best Individual:
Subpopulation 0:
Evaluated: true
Fitness: Standardized=0.15107459 Adjusted=0.8687534 Hits=7
Tree 0:
digraph g {
node [shape=rectangle];
n[label = "If_Then_Else"];
n0[label = "Or"];
n00[label = "And"];
n000[label = "Or"];
n0000[label = "FarthestFirstNode"];
n000 -> n0000;
n0001[label = "FarthestInsertion"];
n000 -> n0001;
n00 -> n000;
n001[label = "BestMove"];
n00 -> n001;
n0 -> n00;
n01[label = "Equal"];
n010[label = "FarthestNeighbor"];
n01 -> n010;
n011[label = "FarthestInsertion"];
n01 -> n011;
n0 -> n01;
n -> n0;
n1[label = "Or"];
n10[label = "Equal"];
n100[label = "WorstMove"];
n10 -> n100;
n101[label = "FarthestInsertion"];
n10 -> n101;
n1 -> n10;
n11[label = "While"];
n110[label = "BestMove"];
n11 -> n110;
n111[label = "CplexTerminal"];
n11 -> n111;
n1 -> n11;
n -> n1;
n2[label = "While"];
n20[label = "BestMove"];
n2 -> n20;
n21[label = "CplexTerminal"];
n2 -> n21;
n -> n2;
}


Generation: 16
Best Individual:
Subpopulation 0:
Evaluated: true
Fitness: Standardized=0.110754944 Adjusted=0.9002886 Hits=7
Tree 0:
digraph g {
node [shape=rectangle];
n[label = "If_Then_Else"];
n0[label = "Or"];
n00[label = "And"];
n000[label = "FarthestFirstNode"];
n00 -> n000;
n001[label = "BestMove"];
n00 -> n001;
n0 -> n00;
n01[label = "FarthestInsertion"];
n0 -> n01;
n -> n0;
n1[label = "Or"];
n10[label = "Equal"];
n100[label = "Equal"];
n1000[label = "WorstMove"];
n100 -> n1000;
n1001[label = "FarthestInsertion"];
n100 -> n1001;
n10 -> n100;
n101[label = "FarthestInsertion"];
n10 -> n101;
n1 -> n10;
n11[label = "While"];
n110[label = "BestMove"];
n11 -> n110;
n111[label = "CplexTerminal"];
n11 -> n111;
n1 -> n11;
n -> n1;
n2[label = "Or"];
n20[label = "FarthestNeighbor"];
n2 -> n20;
n21[label = "Or"];
n210[label = "FarthestNeighbor"];
n21 -> n210;
n211[label = "FarthestInsertion"];
n21 -> n211;
n2 -> n21;
n -> n2;
}


Generation: 17
Best Individual:
Subpopulation 0:
Evaluated: true
Fitness: Standardized=0.110754944 Adjusted=0.9002886 Hits=7
Tree 0:
digraph g {
node [shape=rectangle];
n[label = "If_Then_Else"];
n0[label = "Or"];
n00[label = "And"];
n000[label = "FarthestFirstNode"];
n00 -> n000;
n001[label = "BestMove"];
n00 -> n001;
n0 -> n00;
n01[label = "FarthestInsertion"];
n0 -> n01;
n -> n0;
n1[label = "Or"];
n10[label = "Equal"];
n100[label = "Equal"];
n1000[label = "WorstMove"];
n100 -> n1000;
n1001[label = "FarthestInsertion"];
n100 -> n1001;
n10 -> n100;
n101[label = "FarthestInsertion"];
n10 -> n101;
n1 -> n10;
n11[label = "While"];
n110[label = "BestMove"];
n11 -> n110;
n111[label = "CplexTerminal"];
n11 -> n111;
n1 -> n11;
n -> n1;
n2[label = "Or"];
n20[label = "FarthestNeighbor"];
n2 -> n20;
n21[label = "Or"];
n210[label = "FarthestNeighbor"];
n21 -> n210;
n211[label = "FarthestInsertion"];
n21 -> n211;
n2 -> n21;
n -> n2;
}


Generation: 18
Best Individual:
Subpopulation 0:
Evaluated: true
Fitness: Standardized=0.110754944 Adjusted=0.9002886 Hits=7
Tree 0:
digraph g {
node [shape=rectangle];
n[label = "If_Then_Else"];
n0[label = "Or"];
n00[label = "And"];
n000[label = "FarthestFirstNode"];
n00 -> n000;
n001[label = "BestMove"];
n00 -> n001;
n0 -> n00;
n01[label = "FarthestInsertion"];
n0 -> n01;
n -> n0;
n1[label = "Or"];
n10[label = "Equal"];
n100[label = "Equal"];
n1000[label = "WorstMove"];
n100 -> n1000;
n1001[label = "FarthestInsertion"];
n100 -> n1001;
n10 -> n100;
n101[label = "FarthestInsertion"];
n10 -> n101;
n1 -> n10;
n11[label = "While"];
n110[label = "BestMove"];
n11 -> n110;
n111[label = "CplexTerminal"];
n11 -> n111;
n1 -> n11;
n -> n1;
n2[label = "Or"];
n20[label = "FarthestNeighbor"];
n2 -> n20;
n21[label = "Or"];
n210[label = "FarthestNeighbor"];
n21 -> n210;
n211[label = "FarthestInsertion"];
n21 -> n211;
n2 -> n21;
n -> n2;
}


Generation: 19
Best Individual:
Subpopulation 0:
Evaluated: true
Fitness: Standardized=0.110754944 Adjusted=0.9002886 Hits=7
Tree 0:
digraph g {
node [shape=rectangle];
n[label = "If_Then_Else"];
n0[label = "Or"];
n00[label = "And"];
n000[label = "FarthestFirstNode"];
n00 -> n000;
n001[label = "BestMove"];
n00 -> n001;
n0 -> n00;
n01[label = "FarthestInsertion"];
n0 -> n01;
n -> n0;
n1[label = "Or"];
n10[label = "Equal"];
n100[label = "Equal"];
n1000[label = "WorstMove"];
n100 -> n1000;
n1001[label = "FarthestInsertion"];
n100 -> n1001;
n10 -> n100;
n101[label = "FarthestInsertion"];
n10 -> n101;
n1 -> n10;
n11[label = "While"];
n110[label = "BestMove"];
n11 -> n110;
n111[label = "CplexTerminal"];
n11 -> n111;
n1 -> n11;
n -> n1;
n2[label = "Or"];
n20[label = "FarthestNeighbor"];
n2 -> n20;
n21[label = "Or"];
n210[label = "FarthestNeighbor"];
n21 -> n210;
n211[label = "FarthestInsertion"];
n21 -> n211;
n2 -> n21;
n -> n2;
}


Generation: 20
Best Individual:
Subpopulation 0:
Evaluated: true
Fitness: Standardized=0.110754944 Adjusted=0.9002886 Hits=7
Tree 0:
digraph g {
node [shape=rectangle];
n[label = "If_Then_Else"];
n0[label = "Or"];
n00[label = "And"];
n000[label = "FarthestFirstNode"];
n00 -> n000;
n001[label = "BestMove"];
n00 -> n001;
n0 -> n00;
n01[label = "FarthestInsertion"];
n0 -> n01;
n -> n0;
n1[label = "Or"];
n10[label = "Equal"];
n100[label = "Equal"];
n1000[label = "WorstMove"];
n100 -> n1000;
n1001[label = "FarthestInsertion"];
n100 -> n1001;
n10 -> n100;
n101[label = "FarthestInsertion"];
n10 -> n101;
n1 -> n10;
n11[label = "While"];
n110[label = "BestMove"];
n11 -> n110;
n111[label = "CplexTerminal"];
n11 -> n111;
n1 -> n11;
n -> n1;
n2[label = "Or"];
n20[label = "FarthestNeighbor"];
n2 -> n20;
n21[label = "Or"];
n210[label = "FarthestNeighbor"];
n21 -> n210;
n211[label = "FarthestInsertion"];
n21 -> n211;
n2 -> n21;
n -> n2;
}


Generation: 21
Best Individual:
Subpopulation 0:
Evaluated: true
Fitness: Standardized=0.110754944 Adjusted=0.9002886 Hits=7
Tree 0:
digraph g {
node [shape=rectangle];
n[label = "If_Then_Else"];
n0[label = "Or"];
n00[label = "And"];
n000[label = "FarthestFirstNode"];
n00 -> n000;
n001[label = "BestMove"];
n00 -> n001;
n0 -> n00;
n01[label = "FarthestInsertion"];
n0 -> n01;
n -> n0;
n1[label = "Or"];
n10[label = "Equal"];
n100[label = "Equal"];
n1000[label = "WorstMove"];
n100 -> n1000;
n1001[label = "FarthestInsertion"];
n100 -> n1001;
n10 -> n100;
n101[label = "FarthestInsertion"];
n10 -> n101;
n1 -> n10;
n11[label = "While"];
n110[label = "BestMove"];
n11 -> n110;
n111[label = "CplexTerminal"];
n11 -> n111;
n1 -> n11;
n -> n1;
n2[label = "Or"];
n20[label = "FarthestNeighbor"];
n2 -> n20;
n21[label = "Or"];
n210[label = "FarthestNeighbor"];
n21 -> n210;
n211[label = "FarthestInsertion"];
n21 -> n211;
n2 -> n21;
n -> n2;
}


Generation: 22
Best Individual:
Subpopulation 0:
Evaluated: true
Fitness: Standardized=0.110754944 Adjusted=0.9002886 Hits=7
Tree 0:
digraph g {
node [shape=rectangle];
n[label = "If_Then_Else"];
n0[label = "Or"];
n00[label = "And"];
n000[label = "FarthestFirstNode"];
n00 -> n000;
n001[label = "BestMove"];
n00 -> n001;
n0 -> n00;
n01[label = "FarthestInsertion"];
n0 -> n01;
n -> n0;
n1[label = "Or"];
n10[label = "Equal"];
n100[label = "Equal"];
n1000[label = "WorstMove"];
n100 -> n1000;
n1001[label = "FarthestInsertion"];
n100 -> n1001;
n10 -> n100;
n101[label = "FarthestInsertion"];
n10 -> n101;
n1 -> n10;
n11[label = "While"];
n110[label = "BestMove"];
n11 -> n110;
n111[label = "CplexTerminal"];
n11 -> n111;
n1 -> n11;
n -> n1;
n2[label = "Or"];
n20[label = "FarthestNeighbor"];
n2 -> n20;
n21[label = "Or"];
n210[label = "FarthestNeighbor"];
n21 -> n210;
n211[label = "FarthestInsertion"];
n21 -> n211;
n2 -> n21;
n -> n2;
}


Generation: 23
Best Individual:
Subpopulation 0:
Evaluated: true
Fitness: Standardized=0.110754944 Adjusted=0.9002886 Hits=7
Tree 0:
digraph g {
node [shape=rectangle];
n[label = "If_Then_Else"];
n0[label = "Or"];
n00[label = "And"];
n000[label = "FarthestFirstNode"];
n00 -> n000;
n001[label = "BestMove"];
n00 -> n001;
n0 -> n00;
n01[label = "FarthestInsertion"];
n0 -> n01;
n -> n0;
n1[label = "Or"];
n10[label = "Equal"];
n100[label = "Equal"];
n1000[label = "WorstMove"];
n100 -> n1000;
n1001[label = "FarthestInsertion"];
n100 -> n1001;
n10 -> n100;
n101[label = "FarthestInsertion"];
n10 -> n101;
n1 -> n10;
n11[label = "While"];
n110[label = "BestMove"];
n11 -> n110;
n111[label = "CplexTerminal"];
n11 -> n111;
n1 -> n11;
n -> n1;
n2[label = "Or"];
n20[label = "FarthestNeighbor"];
n2 -> n20;
n21[label = "Or"];
n210[label = "FarthestNeighbor"];
n21 -> n210;
n211[label = "FarthestInsertion"];
n21 -> n211;
n2 -> n21;
n -> n2;
}


Generation: 24
Best Individual:
Subpopulation 0:
Evaluated: true
Fitness: Standardized=0.1099108 Adjusted=0.90097326 Hits=8
Tree 0:
digraph g {
node [shape=rectangle];
n[label = "If_Then_Else"];
n0[label = "Or"];
n00[label = "And"];
n000[label = "FarthestFirstNode"];
n00 -> n000;
n001[label = "BestMove"];
n00 -> n001;
n0 -> n00;
n01[label = "FarthestInsertion"];
n0 -> n01;
n -> n0;
n1[label = "Or"];
n10[label = "Equal"];
n100[label = "Equal"];
n1000[label = "WorstMove"];
n100 -> n1000;
n1001[label = "FarthestInsertion"];
n100 -> n1001;
n10 -> n100;
n101[label = "FarthestInsertion"];
n10 -> n101;
n1 -> n10;
n11[label = "While"];
n110[label = "BestMove"];
n11 -> n110;
n111[label = "CplexTerminal"];
n11 -> n111;
n1 -> n11;
n -> n1;
n2[label = "Or"];
n20[label = "FarthestNeighbor"];
n2 -> n20;
n21[label = "NearestFirstNode"];
n2 -> n21;
n -> n2;
}


Generation: 25
Best Individual:
Subpopulation 0:
Evaluated: true
Fitness: Standardized=0.1099108 Adjusted=0.90097326 Hits=8
Tree 0:
digraph g {
node [shape=rectangle];
n[label = "If_Then_Else"];
n0[label = "Or"];
n00[label = "And"];
n000[label = "FarthestFirstNode"];
n00 -> n000;
n001[label = "BestMove"];
n00 -> n001;
n0 -> n00;
n01[label = "FarthestInsertion"];
n0 -> n01;
n -> n0;
n1[label = "Or"];
n10[label = "Equal"];
n100[label = "Equal"];
n1000[label = "WorstMove"];
n100 -> n1000;
n1001[label = "FarthestInsertion"];
n100 -> n1001;
n10 -> n100;
n101[label = "FarthestInsertion"];
n10 -> n101;
n1 -> n10;
n11[label = "While"];
n110[label = "BestMove"];
n11 -> n110;
n111[label = "CplexTerminal"];
n11 -> n111;
n1 -> n11;
n -> n1;
n2[label = "Or"];
n20[label = "FarthestNeighbor"];
n2 -> n20;
n21[label = "NearestFirstNode"];
n2 -> n21;
n -> n2;
}


Generation: 26
Best Individual:
Subpopulation 0:
Evaluated: true
Fitness: Standardized=0.1099108 Adjusted=0.90097326 Hits=8
Tree 0:
digraph g {
node [shape=rectangle];
n[label = "If_Then_Else"];
n0[label = "Or"];
n00[label = "And"];
n000[label = "FarthestFirstNode"];
n00 -> n000;
n001[label = "BestMove"];
n00 -> n001;
n0 -> n00;
n01[label = "FarthestInsertion"];
n0 -> n01;
n -> n0;
n1[label = "Or"];
n10[label = "Equal"];
n100[label = "Equal"];
n1000[label = "WorstMove"];
n100 -> n1000;
n1001[label = "FarthestInsertion"];
n100 -> n1001;
n10 -> n100;
n101[label = "FarthestInsertion"];
n10 -> n101;
n1 -> n10;
n11[label = "While"];
n110[label = "BestMove"];
n11 -> n110;
n111[label = "CplexTerminal"];
n11 -> n111;
n1 -> n11;
n -> n1;
n2[label = "Or"];
n20[label = "FarthestNeighbor"];
n2 -> n20;
n21[label = "NearestFirstNode"];
n2 -> n21;
n -> n2;
}


Generation: 27
Best Individual:
Subpopulation 0:
Evaluated: true
Fitness: Standardized=0.1099108 Adjusted=0.90097326 Hits=8
Tree 0:
digraph g {
node [shape=rectangle];
n[label = "If_Then_Else"];
n0[label = "Or"];
n00[label = "And"];
n000[label = "FarthestFirstNode"];
n00 -> n000;
n001[label = "BestMove"];
n00 -> n001;
n0 -> n00;
n01[label = "FarthestInsertion"];
n0 -> n01;
n -> n0;
n1[label = "Or"];
n10[label = "Equal"];
n100[label = "Equal"];
n1000[label = "WorstMove"];
n100 -> n1000;
n1001[label = "FarthestInsertion"];
n100 -> n1001;
n10 -> n100;
n101[label = "FarthestInsertion"];
n10 -> n101;
n1 -> n10;
n11[label = "While"];
n110[label = "BestMove"];
n11 -> n110;
n111[label = "CplexTerminal"];
n11 -> n111;
n1 -> n11;
n -> n1;
n2[label = "Or"];
n20[label = "FarthestNeighbor"];
n2 -> n20;
n21[label = "NearestFirstNode"];
n2 -> n21;
n -> n2;
}


Generation: 28
Best Individual:
Subpopulation 0:
Evaluated: true
Fitness: Standardized=0.1099108 Adjusted=0.90097326 Hits=8
Tree 0:
digraph g {
node [shape=rectangle];
n[label = "If_Then_Else"];
n0[label = "Or"];
n00[label = "And"];
n000[label = "FarthestFirstNode"];
n00 -> n000;
n001[label = "BestMove"];
n00 -> n001;
n0 -> n00;
n01[label = "FarthestInsertion"];
n0 -> n01;
n -> n0;
n1[label = "Or"];
n10[label = "Equal"];
n100[label = "Equal"];
n1000[label = "WorstMove"];
n100 -> n1000;
n1001[label = "FarthestInsertion"];
n100 -> n1001;
n10 -> n100;
n101[label = "FarthestInsertion"];
n10 -> n101;
n1 -> n10;
n11[label = "While"];
n110[label = "BestMove"];
n11 -> n110;
n111[label = "CplexTerminal"];
n11 -> n111;
n1 -> n11;
n -> n1;
n2[label = "Or"];
n20[label = "FarthestNeighbor"];
n2 -> n20;
n21[label = "NearestFirstNode"];
n2 -> n21;
n -> n2;
}


Generation: 29
Best Individual:
Subpopulation 0:
Evaluated: true
Fitness: Standardized=0.1099108 Adjusted=0.90097326 Hits=8
Tree 0:
digraph g {
node [shape=rectangle];
n[label = "If_Then_Else"];
n0[label = "Or"];
n00[label = "And"];
n000[label = "FarthestFirstNode"];
n00 -> n000;
n001[label = "BestMove"];
n00 -> n001;
n0 -> n00;
n01[label = "FarthestInsertion"];
n0 -> n01;
n -> n0;
n1[label = "Or"];
n10[label = "Equal"];
n100[label = "Equal"];
n1000[label = "WorstMove"];
n100 -> n1000;
n1001[label = "FarthestInsertion"];
n100 -> n1001;
n10 -> n100;
n101[label = "FarthestInsertion"];
n10 -> n101;
n1 -> n10;
n11[label = "While"];
n110[label = "BestMove"];
n11 -> n110;
n111[label = "CplexTerminal"];
n11 -> n111;
n1 -> n11;
n -> n1;
n2[label = "Or"];
n20[label = "FarthestNeighbor"];
n2 -> n20;
n21[label = "NearestFirstNode"];
n2 -> n21;
n -> n2;
}


Generation: 30
Best Individual:
Subpopulation 0:
Evaluated: true
Fitness: Standardized=0.1099108 Adjusted=0.90097326 Hits=8
Tree 0:
digraph g {
node [shape=rectangle];
n[label = "If_Then_Else"];
n0[label = "Or"];
n00[label = "And"];
n000[label = "FarthestFirstNode"];
n00 -> n000;
n001[label = "BestMove"];
n00 -> n001;
n0 -> n00;
n01[label = "FarthestInsertion"];
n0 -> n01;
n -> n0;
n1[label = "Or"];
n10[label = "Equal"];
n100[label = "Equal"];
n1000[label = "WorstMove"];
n100 -> n1000;
n1001[label = "FarthestInsertion"];
n100 -> n1001;
n10 -> n100;
n101[label = "FarthestInsertion"];
n10 -> n101;
n1 -> n10;
n11[label = "While"];
n110[label = "BestMove"];
n11 -> n110;
n111[label = "CplexTerminal"];
n11 -> n111;
n1 -> n11;
n -> n1;
n2[label = "Or"];
n20[label = "FarthestNeighbor"];
n2 -> n20;
n21[label = "NearestFirstNode"];
n2 -> n21;
n -> n2;
}


Generation: 31
Best Individual:
Subpopulation 0:
Evaluated: true
Fitness: Standardized=0.1099108 Adjusted=0.90097326 Hits=8
Tree 0:
digraph g {
node [shape=rectangle];
n[label = "If_Then_Else"];
n0[label = "Or"];
n00[label = "And"];
n000[label = "FarthestFirstNode"];
n00 -> n000;
n001[label = "BestMove"];
n00 -> n001;
n0 -> n00;
n01[label = "FarthestInsertion"];
n0 -> n01;
n -> n0;
n1[label = "Or"];
n10[label = "Equal"];
n100[label = "Equal"];
n1000[label = "WorstMove"];
n100 -> n1000;
n1001[label = "FarthestInsertion"];
n100 -> n1001;
n10 -> n100;
n101[label = "FarthestInsertion"];
n10 -> n101;
n1 -> n10;
n11[label = "While"];
n110[label = "BestMove"];
n11 -> n110;
n111[label = "CplexTerminal"];
n11 -> n111;
n1 -> n11;
n -> n1;
n2[label = "Or"];
n20[label = "FarthestNeighbor"];
n2 -> n20;
n21[label = "NearestFirstNode"];
n2 -> n21;
n -> n2;
}


Generation: 32
Best Individual:
Subpopulation 0:
Evaluated: true
Fitness: Standardized=0.1099108 Adjusted=0.90097326 Hits=8
Tree 0:
digraph g {
node [shape=rectangle];
n[label = "If_Then_Else"];
n0[label = "Or"];
n00[label = "And"];
n000[label = "FarthestFirstNode"];
n00 -> n000;
n001[label = "BestMove"];
n00 -> n001;
n0 -> n00;
n01[label = "FarthestInsertion"];
n0 -> n01;
n -> n0;
n1[label = "Or"];
n10[label = "Equal"];
n100[label = "Equal"];
n1000[label = "WorstMove"];
n100 -> n1000;
n1001[label = "FarthestInsertion"];
n100 -> n1001;
n10 -> n100;
n101[label = "FarthestInsertion"];
n10 -> n101;
n1 -> n10;
n11[label = "While"];
n110[label = "BestMove"];
n11 -> n110;
n111[label = "CplexTerminal"];
n11 -> n111;
n1 -> n11;
n -> n1;
n2[label = "Or"];
n20[label = "FarthestNeighbor"];
n2 -> n20;
n21[label = "NearestFirstNode"];
n2 -> n21;
n -> n2;
}


Generation: 33
Best Individual:
Subpopulation 0:
Evaluated: true
Fitness: Standardized=0.1099108 Adjusted=0.90097326 Hits=8
Tree 0:
digraph g {
node [shape=rectangle];
n[label = "If_Then_Else"];
n0[label = "Or"];
n00[label = "And"];
n000[label = "FarthestFirstNode"];
n00 -> n000;
n001[label = "BestMove"];
n00 -> n001;
n0 -> n00;
n01[label = "FarthestInsertion"];
n0 -> n01;
n -> n0;
n1[label = "Or"];
n10[label = "Equal"];
n100[label = "Equal"];
n1000[label = "WorstMove"];
n100 -> n1000;
n1001[label = "FarthestInsertion"];
n100 -> n1001;
n10 -> n100;
n101[label = "FarthestInsertion"];
n10 -> n101;
n1 -> n10;
n11[label = "While"];
n110[label = "BestMove"];
n11 -> n110;
n111[label = "CplexTerminal"];
n11 -> n111;
n1 -> n11;
n -> n1;
n2[label = "Or"];
n20[label = "FarthestNeighbor"];
n2 -> n20;
n21[label = "NearestFirstNode"];
n2 -> n21;
n -> n2;
}


Generation: 34
Best Individual:
Subpopulation 0:
Evaluated: true
Fitness: Standardized=0.10931589 Adjusted=0.9014565 Hits=8
Tree 0:
digraph g {
node [shape=rectangle];
n[label = "If_Then_Else"];
n0[label = "Or"];
n00[label = "And"];
n000[label = "FarthestFirstNode"];
n00 -> n000;
n001[label = "BestMove"];
n00 -> n001;
n0 -> n00;
n01[label = "FarthestInsertion"];
n0 -> n01;
n -> n0;
n1[label = "Or"];
n10[label = "Equal"];
n100[label = "Equal"];
n1000[label = "WorstMove"];
n100 -> n1000;
n1001[label = "FarthestInsertion"];
n100 -> n1001;
n10 -> n100;
n101[label = "FarthestInsertion"];
n10 -> n101;
n1 -> n10;
n11[label = "While"];
n110[label = "BestMove"];
n11 -> n110;
n111[label = "CplexTerminal"];
n11 -> n111;
n1 -> n11;
n -> n1;
n2[label = "Or"];
n20[label = "FarthestNeighbor"];
n2 -> n20;
n21[label = "NearestFirstNode"];
n2 -> n21;
n -> n2;
}


Generation: 35
Best Individual:
Subpopulation 0:
Evaluated: true
Fitness: Standardized=0.10931589 Adjusted=0.9014565 Hits=8
Tree 0:
digraph g {
node [shape=rectangle];
n[label = "If_Then_Else"];
n0[label = "Or"];
n00[label = "And"];
n000[label = "FarthestFirstNode"];
n00 -> n000;
n001[label = "BestMove"];
n00 -> n001;
n0 -> n00;
n01[label = "FarthestInsertion"];
n0 -> n01;
n -> n0;
n1[label = "Or"];
n10[label = "Equal"];
n100[label = "Equal"];
n1000[label = "WorstMove"];
n100 -> n1000;
n1001[label = "FarthestInsertion"];
n100 -> n1001;
n10 -> n100;
n101[label = "FarthestInsertion"];
n10 -> n101;
n1 -> n10;
n11[label = "While"];
n110[label = "BestMove"];
n11 -> n110;
n111[label = "CplexTerminal"];
n11 -> n111;
n1 -> n11;
n -> n1;
n2[label = "Or"];
n20[label = "FarthestNeighbor"];
n2 -> n20;
n21[label = "NearestFirstNode"];
n2 -> n21;
n -> n2;
}


Generation: 36
Best Individual:
Subpopulation 0:
Evaluated: true
Fitness: Standardized=0.10931589 Adjusted=0.9014565 Hits=8
Tree 0:
digraph g {
node [shape=rectangle];
n[label = "If_Then_Else"];
n0[label = "Or"];
n00[label = "And"];
n000[label = "FarthestFirstNode"];
n00 -> n000;
n001[label = "BestMove"];
n00 -> n001;
n0 -> n00;
n01[label = "FarthestInsertion"];
n0 -> n01;
n -> n0;
n1[label = "Or"];
n10[label = "Equal"];
n100[label = "Equal"];
n1000[label = "WorstMove"];
n100 -> n1000;
n1001[label = "FarthestInsertion"];
n100 -> n1001;
n10 -> n100;
n101[label = "FarthestInsertion"];
n10 -> n101;
n1 -> n10;
n11[label = "While"];
n110[label = "BestMove"];
n11 -> n110;
n111[label = "CplexTerminal"];
n11 -> n111;
n1 -> n11;
n -> n1;
n2[label = "Or"];
n20[label = "FarthestNeighbor"];
n2 -> n20;
n21[label = "NearestFirstNode"];
n2 -> n21;
n -> n2;
}


Generation: 37
Best Individual:
Subpopulation 0:
Evaluated: true
Fitness: Standardized=0.10708027 Adjusted=0.9032769 Hits=8
Tree 0:
digraph g {
node [shape=rectangle];
n[label = "If_Then_Else"];
n0[label = "Or"];
n00[label = "And"];
n000[label = "FarthestFirstNode"];
n00 -> n000;
n001[label = "BestMove"];
n00 -> n001;
n0 -> n00;
n01[label = "FarthestInsertion"];
n0 -> n01;
n -> n0;
n1[label = "Or"];
n10[label = "Equal"];
n100[label = "Equal"];
n1000[label = "WorstMove"];
n100 -> n1000;
n1001[label = "FarthestInsertion"];
n100 -> n1001;
n10 -> n100;
n101[label = "FarthestInsertion"];
n10 -> n101;
n1 -> n10;
n11[label = "While"];
n110[label = "BestMove"];
n11 -> n110;
n111[label = "CplexTerminal"];
n11 -> n111;
n1 -> n11;
n -> n1;
n2[label = "Or"];
n20[label = "And"];
n200[label = "FarthestFirstNode"];
n20 -> n200;
n201[label = "BestMove"];
n20 -> n201;
n2 -> n20;
n21[label = "FarthestInsertion"];
n2 -> n21;
n -> n2;
}


Generation: 38
Best Individual:
Subpopulation 0:
Evaluated: true
Fitness: Standardized=0.10708027 Adjusted=0.9032769 Hits=8
Tree 0:
digraph g {
node [shape=rectangle];
n[label = "If_Then_Else"];
n0[label = "Or"];
n00[label = "And"];
n000[label = "FarthestFirstNode"];
n00 -> n000;
n001[label = "BestMove"];
n00 -> n001;
n0 -> n00;
n01[label = "FarthestInsertion"];
n0 -> n01;
n -> n0;
n1[label = "Or"];
n10[label = "Equal"];
n100[label = "Equal"];
n1000[label = "WorstMove"];
n100 -> n1000;
n1001[label = "FarthestInsertion"];
n100 -> n1001;
n10 -> n100;
n101[label = "FarthestInsertion"];
n10 -> n101;
n1 -> n10;
n11[label = "While"];
n110[label = "BestMove"];
n11 -> n110;
n111[label = "CplexTerminal"];
n11 -> n111;
n1 -> n11;
n -> n1;
n2[label = "Or"];
n20[label = "And"];
n200[label = "FarthestFirstNode"];
n20 -> n200;
n201[label = "BestMove"];
n20 -> n201;
n2 -> n20;
n21[label = "FarthestInsertion"];
n2 -> n21;
n -> n2;
}


Generation: 39
Best Individual:
Subpopulation 0:
Evaluated: true
Fitness: Standardized=0.10708027 Adjusted=0.9032769 Hits=8
Tree 0:
digraph g {
node [shape=rectangle];
n[label = "If_Then_Else"];
n0[label = "Or"];
n00[label = "And"];
n000[label = "FarthestFirstNode"];
n00 -> n000;
n001[label = "BestMove"];
n00 -> n001;
n0 -> n00;
n01[label = "FarthestInsertion"];
n0 -> n01;
n -> n0;
n1[label = "Or"];
n10[label = "Equal"];
n100[label = "Equal"];
n1000[label = "WorstMove"];
n100 -> n1000;
n1001[label = "FarthestInsertion"];
n100 -> n1001;
n10 -> n100;
n101[label = "FarthestInsertion"];
n10 -> n101;
n1 -> n10;
n11[label = "While"];
n110[label = "BestMove"];
n11 -> n110;
n111[label = "CplexTerminal"];
n11 -> n111;
n1 -> n11;
n -> n1;
n2[label = "Or"];
n20[label = "And"];
n200[label = "FarthestFirstNode"];
n20 -> n200;
n201[label = "BestMove"];
n20 -> n201;
n2 -> n20;
n21[label = "FarthestInsertion"];
n2 -> n21;
n -> n2;
}


Generation: 40
Best Individual:
Subpopulation 0:
Evaluated: true
Fitness: Standardized=0.10708027 Adjusted=0.9032769 Hits=8
Tree 0:
digraph g {
node [shape=rectangle];
n[label = "If_Then_Else"];
n0[label = "Or"];
n00[label = "And"];
n000[label = "FarthestFirstNode"];
n00 -> n000;
n001[label = "BestMove"];
n00 -> n001;
n0 -> n00;
n01[label = "FarthestInsertion"];
n0 -> n01;
n -> n0;
n1[label = "Or"];
n10[label = "Equal"];
n100[label = "Equal"];
n1000[label = "WorstMove"];
n100 -> n1000;
n1001[label = "FarthestInsertion"];
n100 -> n1001;
n10 -> n100;
n101[label = "FarthestInsertion"];
n10 -> n101;
n1 -> n10;
n11[label = "While"];
n110[label = "BestMove"];
n11 -> n110;
n111[label = "CplexTerminal"];
n11 -> n111;
n1 -> n11;
n -> n1;
n2[label = "Or"];
n20[label = "And"];
n200[label = "FarthestFirstNode"];
n20 -> n200;
n201[label = "BestMove"];
n20 -> n201;
n2 -> n20;
n21[label = "FarthestInsertion"];
n2 -> n21;
n -> n2;
}


Generation: 41
Best Individual:
Subpopulation 0:
Evaluated: true
Fitness: Standardized=0.10708027 Adjusted=0.9032769 Hits=8
Tree 0:
digraph g {
node [shape=rectangle];
n[label = "If_Then_Else"];
n0[label = "Or"];
n00[label = "And"];
n000[label = "FarthestFirstNode"];
n00 -> n000;
n001[label = "BestMove"];
n00 -> n001;
n0 -> n00;
n01[label = "FarthestInsertion"];
n0 -> n01;
n -> n0;
n1[label = "Or"];
n10[label = "Equal"];
n100[label = "Equal"];
n1000[label = "WorstMove"];
n100 -> n1000;
n1001[label = "FarthestInsertion"];
n100 -> n1001;
n10 -> n100;
n101[label = "FarthestInsertion"];
n10 -> n101;
n1 -> n10;
n11[label = "While"];
n110[label = "BestMove"];
n11 -> n110;
n111[label = "CplexTerminal"];
n11 -> n111;
n1 -> n11;
n -> n1;
n2[label = "Or"];
n20[label = "And"];
n200[label = "FarthestFirstNode"];
n20 -> n200;
n201[label = "BestMove"];
n20 -> n201;
n2 -> n20;
n21[label = "FarthestInsertion"];
n2 -> n21;
n -> n2;
}


Generation: 42
Best Individual:
Subpopulation 0:
Evaluated: true
Fitness: Standardized=0.10708027 Adjusted=0.9032769 Hits=8
Tree 0:
digraph g {
node [shape=rectangle];
n[label = "If_Then_Else"];
n0[label = "Or"];
n00[label = "And"];
n000[label = "FarthestFirstNode"];
n00 -> n000;
n001[label = "BestMove"];
n00 -> n001;
n0 -> n00;
n01[label = "FarthestInsertion"];
n0 -> n01;
n -> n0;
n1[label = "Or"];
n10[label = "Equal"];
n100[label = "Equal"];
n1000[label = "WorstMove"];
n100 -> n1000;
n1001[label = "FarthestInsertion"];
n100 -> n1001;
n10 -> n100;
n101[label = "FarthestInsertion"];
n10 -> n101;
n1 -> n10;
n11[label = "While"];
n110[label = "BestMove"];
n11 -> n110;
n111[label = "CplexTerminal"];
n11 -> n111;
n1 -> n11;
n -> n1;
n2[label = "Or"];
n20[label = "And"];
n200[label = "FarthestFirstNode"];
n20 -> n200;
n201[label = "BestMove"];
n20 -> n201;
n2 -> n20;
n21[label = "FarthestInsertion"];
n2 -> n21;
n -> n2;
}


Generation: 43
Best Individual:
Subpopulation 0:
Evaluated: true
Fitness: Standardized=0.10708027 Adjusted=0.9032769 Hits=8
Tree 0:
digraph g {
node [shape=rectangle];
n[label = "If_Then_Else"];
n0[label = "Or"];
n00[label = "And"];
n000[label = "FarthestFirstNode"];
n00 -> n000;
n001[label = "BestMove"];
n00 -> n001;
n0 -> n00;
n01[label = "FarthestInsertion"];
n0 -> n01;
n -> n0;
n1[label = "Or"];
n10[label = "Equal"];
n100[label = "Equal"];
n1000[label = "WorstMove"];
n100 -> n1000;
n1001[label = "FarthestInsertion"];
n100 -> n1001;
n10 -> n100;
n101[label = "FarthestInsertion"];
n10 -> n101;
n1 -> n10;
n11[label = "While"];
n110[label = "BestMove"];
n11 -> n110;
n111[label = "CplexTerminal"];
n11 -> n111;
n1 -> n11;
n -> n1;
n2[label = "Or"];
n20[label = "And"];
n200[label = "FarthestFirstNode"];
n20 -> n200;
n201[label = "BestMove"];
n20 -> n201;
n2 -> n20;
n21[label = "FarthestInsertion"];
n2 -> n21;
n -> n2;
}


Generation: 44
Best Individual:
Subpopulation 0:
Evaluated: true
Fitness: Standardized=0.10708027 Adjusted=0.9032769 Hits=8
Tree 0:
digraph g {
node [shape=rectangle];
n[label = "If_Then_Else"];
n0[label = "Or"];
n00[label = "And"];
n000[label = "FarthestFirstNode"];
n00 -> n000;
n001[label = "BestMove"];
n00 -> n001;
n0 -> n00;
n01[label = "FarthestInsertion"];
n0 -> n01;
n -> n0;
n1[label = "Or"];
n10[label = "Equal"];
n100[label = "Equal"];
n1000[label = "WorstMove"];
n100 -> n1000;
n1001[label = "FarthestInsertion"];
n100 -> n1001;
n10 -> n100;
n101[label = "FarthestInsertion"];
n10 -> n101;
n1 -> n10;
n11[label = "While"];
n110[label = "BestMove"];
n11 -> n110;
n111[label = "CplexTerminal"];
n11 -> n111;
n1 -> n11;
n -> n1;
n2[label = "Or"];
n20[label = "And"];
n200[label = "FarthestFirstNode"];
n20 -> n200;
n201[label = "BestMove"];
n20 -> n201;
n2 -> n20;
n21[label = "FarthestInsertion"];
n2 -> n21;
n -> n2;
}


Generation: 45
Best Individual:
Subpopulation 0:
Evaluated: true
Fitness: Standardized=0.10708027 Adjusted=0.9032769 Hits=8
Tree 0:
digraph g {
node [shape=rectangle];
n[label = "If_Then_Else"];
n0[label = "Or"];
n00[label = "And"];
n000[label = "FarthestFirstNode"];
n00 -> n000;
n001[label = "BestMove"];
n00 -> n001;
n0 -> n00;
n01[label = "FarthestInsertion"];
n0 -> n01;
n -> n0;
n1[label = "Or"];
n10[label = "Equal"];
n100[label = "Equal"];
n1000[label = "WorstMove"];
n100 -> n1000;
n1001[label = "FarthestInsertion"];
n100 -> n1001;
n10 -> n100;
n101[label = "FarthestInsertion"];
n10 -> n101;
n1 -> n10;
n11[label = "While"];
n110[label = "BestMove"];
n11 -> n110;
n111[label = "CplexTerminal"];
n11 -> n111;
n1 -> n11;
n -> n1;
n2[label = "Or"];
n20[label = "And"];
n200[label = "FarthestFirstNode"];
n20 -> n200;
n201[label = "BestMove"];
n20 -> n201;
n2 -> n20;
n21[label = "FarthestInsertion"];
n2 -> n21;
n -> n2;
}


Generation: 46
Best Individual:
Subpopulation 0:
Evaluated: true
Fitness: Standardized=0.10708027 Adjusted=0.9032769 Hits=8
Tree 0:
digraph g {
node [shape=rectangle];
n[label = "If_Then_Else"];
n0[label = "Or"];
n00[label = "And"];
n000[label = "FarthestFirstNode"];
n00 -> n000;
n001[label = "BestMove"];
n00 -> n001;
n0 -> n00;
n01[label = "FarthestInsertion"];
n0 -> n01;
n -> n0;
n1[label = "Or"];
n10[label = "Equal"];
n100[label = "Equal"];
n1000[label = "WorstMove"];
n100 -> n1000;
n1001[label = "FarthestInsertion"];
n100 -> n1001;
n10 -> n100;
n101[label = "FarthestInsertion"];
n10 -> n101;
n1 -> n10;
n11[label = "While"];
n110[label = "BestMove"];
n11 -> n110;
n111[label = "CplexTerminal"];
n11 -> n111;
n1 -> n11;
n -> n1;
n2[label = "Or"];
n20[label = "And"];
n200[label = "FarthestFirstNode"];
n20 -> n200;
n201[label = "BestMove"];
n20 -> n201;
n2 -> n20;
n21[label = "FarthestInsertion"];
n2 -> n21;
n -> n2;
}


Generation: 47
Best Individual:
Subpopulation 0:
Evaluated: true
Fitness: Standardized=0.10708027 Adjusted=0.9032769 Hits=8
Tree 0:
digraph g {
node [shape=rectangle];
n[label = "If_Then_Else"];
n0[label = "Or"];
n00[label = "And"];
n000[label = "FarthestFirstNode"];
n00 -> n000;
n001[label = "BestMove"];
n00 -> n001;
n0 -> n00;
n01[label = "FarthestInsertion"];
n0 -> n01;
n -> n0;
n1[label = "Or"];
n10[label = "Equal"];
n100[label = "Equal"];
n1000[label = "WorstMove"];
n100 -> n1000;
n1001[label = "FarthestInsertion"];
n100 -> n1001;
n10 -> n100;
n101[label = "FarthestInsertion"];
n10 -> n101;
n1 -> n10;
n11[label = "While"];
n110[label = "BestMove"];
n11 -> n110;
n111[label = "CplexTerminal"];
n11 -> n111;
n1 -> n11;
n -> n1;
n2[label = "Or"];
n20[label = "And"];
n200[label = "FarthestFirstNode"];
n20 -> n200;
n201[label = "BestMove"];
n20 -> n201;
n2 -> n20;
n21[label = "FarthestInsertion"];
n2 -> n21;
n -> n2;
}


Generation: 48
Best Individual:
Subpopulation 0:
Evaluated: true
Fitness: Standardized=0.10708027 Adjusted=0.9032769 Hits=8
Tree 0:
digraph g {
node [shape=rectangle];
n[label = "If_Then_Else"];
n0[label = "Or"];
n00[label = "And"];
n000[label = "FarthestFirstNode"];
n00 -> n000;
n001[label = "BestMove"];
n00 -> n001;
n0 -> n00;
n01[label = "FarthestInsertion"];
n0 -> n01;
n -> n0;
n1[label = "Or"];
n10[label = "Equal"];
n100[label = "Equal"];
n1000[label = "WorstMove"];
n100 -> n1000;
n1001[label = "FarthestInsertion"];
n100 -> n1001;
n10 -> n100;
n101[label = "FarthestInsertion"];
n10 -> n101;
n1 -> n10;
n11[label = "While"];
n110[label = "BestMove"];
n11 -> n110;
n111[label = "CplexTerminal"];
n11 -> n111;
n1 -> n11;
n -> n1;
n2[label = "Or"];
n20[label = "And"];
n200[label = "FarthestFirstNode"];
n20 -> n200;
n201[label = "BestMove"];
n20 -> n201;
n2 -> n20;
n21[label = "FarthestInsertion"];
n2 -> n21;
n -> n2;
}


Generation: 49
Best Individual:
Subpopulation 0:
Evaluated: true
Fitness: Standardized=0.10708027 Adjusted=0.9032769 Hits=8
Tree 0:
digraph g {
node [shape=rectangle];
n[label = "If_Then_Else"];
n0[label = "Or"];
n00[label = "And"];
n000[label = "FarthestFirstNode"];
n00 -> n000;
n001[label = "BestMove"];
n00 -> n001;
n0 -> n00;
n01[label = "FarthestInsertion"];
n0 -> n01;
n -> n0;
n1[label = "Or"];
n10[label = "Equal"];
n100[label = "Equal"];
n1000[label = "WorstMove"];
n100 -> n1000;
n1001[label = "FarthestInsertion"];
n100 -> n1001;
n10 -> n100;
n101[label = "FarthestInsertion"];
n10 -> n101;
n1 -> n10;
n11[label = "While"];
n110[label = "BestMove"];
n11 -> n110;
n111[label = "CplexTerminal"];
n11 -> n111;
n1 -> n11;
n -> n1;
n2[label = "Or"];
n20[label = "And"];
n200[label = "FarthestFirstNode"];
n20 -> n200;
n201[label = "BestMove"];
n20 -> n201;
n2 -> n20;
n21[label = "FarthestInsertion"];
n2 -> n21;
n -> n2;
}


Generation: 50
Best Individual:
Subpopulation 0:
Evaluated: true
Fitness: Standardized=0.10708027 Adjusted=0.9032769 Hits=8
Tree 0:
digraph g {
node [shape=rectangle];
n[label = "If_Then_Else"];
n0[label = "Or"];
n00[label = "And"];
n000[label = "FarthestFirstNode"];
n00 -> n000;
n001[label = "BestMove"];
n00 -> n001;
n0 -> n00;
n01[label = "FarthestInsertion"];
n0 -> n01;
n -> n0;
n1[label = "Or"];
n10[label = "Equal"];
n100[label = "Equal"];
n1000[label = "WorstMove"];
n100 -> n1000;
n1001[label = "FarthestInsertion"];
n100 -> n1001;
n10 -> n100;
n101[label = "FarthestInsertion"];
n10 -> n101;
n1 -> n10;
n11[label = "While"];
n110[label = "BestMove"];
n11 -> n110;
n111[label = "CplexTerminal"];
n11 -> n111;
n1 -> n11;
n -> n1;
n2[label = "Or"];
n20[label = "And"];
n200[label = "FarthestFirstNode"];
n20 -> n200;
n201[label = "BestMove"];
n20 -> n201;
n2 -> n20;
n21[label = "FarthestInsertion"];
n2 -> n21;
n -> n2;
}


Generation: 51
Best Individual:
Subpopulation 0:
Evaluated: true
Fitness: Standardized=0.10708027 Adjusted=0.9032769 Hits=8
Tree 0:
digraph g {
node [shape=rectangle];
n[label = "If_Then_Else"];
n0[label = "Or"];
n00[label = "And"];
n000[label = "FarthestFirstNode"];
n00 -> n000;
n001[label = "BestMove"];
n00 -> n001;
n0 -> n00;
n01[label = "FarthestInsertion"];
n0 -> n01;
n -> n0;
n1[label = "Or"];
n10[label = "Equal"];
n100[label = "Equal"];
n1000[label = "WorstMove"];
n100 -> n1000;
n1001[label = "FarthestInsertion"];
n100 -> n1001;
n10 -> n100;
n101[label = "FarthestInsertion"];
n10 -> n101;
n1 -> n10;
n11[label = "While"];
n110[label = "BestMove"];
n11 -> n110;
n111[label = "CplexTerminal"];
n11 -> n111;
n1 -> n11;
n -> n1;
n2[label = "Or"];
n20[label = "And"];
n200[label = "FarthestFirstNode"];
n20 -> n200;
n201[label = "BestMove"];
n20 -> n201;
n2 -> n20;
n21[label = "FarthestInsertion"];
n2 -> n21;
n -> n2;
}


Generation: 52
Best Individual:
Subpopulation 0:
Evaluated: true
Fitness: Standardized=0.10708027 Adjusted=0.9032769 Hits=8
Tree 0:
digraph g {
node [shape=rectangle];
n[label = "If_Then_Else"];
n0[label = "Or"];
n00[label = "And"];
n000[label = "FarthestFirstNode"];
n00 -> n000;
n001[label = "BestMove"];
n00 -> n001;
n0 -> n00;
n01[label = "FarthestInsertion"];
n0 -> n01;
n -> n0;
n1[label = "Or"];
n10[label = "Equal"];
n100[label = "Equal"];
n1000[label = "WorstMove"];
n100 -> n1000;
n1001[label = "FarthestInsertion"];
n100 -> n1001;
n10 -> n100;
n101[label = "FarthestInsertion"];
n10 -> n101;
n1 -> n10;
n11[label = "While"];
n110[label = "BestMove"];
n11 -> n110;
n111[label = "CplexTerminal"];
n11 -> n111;
n1 -> n11;
n -> n1;
n2[label = "Or"];
n20[label = "And"];
n200[label = "FarthestFirstNode"];
n20 -> n200;
n201[label = "BestMove"];
n20 -> n201;
n2 -> n20;
n21[label = "FarthestInsertion"];
n2 -> n21;
n -> n2;
}


Generation: 53
Best Individual:
Subpopulation 0:
Evaluated: true
Fitness: Standardized=0.10708027 Adjusted=0.9032769 Hits=8
Tree 0:
digraph g {
node [shape=rectangle];
n[label = "If_Then_Else"];
n0[label = "Or"];
n00[label = "And"];
n000[label = "FarthestFirstNode"];
n00 -> n000;
n001[label = "BestMove"];
n00 -> n001;
n0 -> n00;
n01[label = "FarthestInsertion"];
n0 -> n01;
n -> n0;
n1[label = "Or"];
n10[label = "Equal"];
n100[label = "Equal"];
n1000[label = "WorstMove"];
n100 -> n1000;
n1001[label = "FarthestInsertion"];
n100 -> n1001;
n10 -> n100;
n101[label = "FarthestInsertion"];
n10 -> n101;
n1 -> n10;
n11[label = "While"];
n110[label = "BestMove"];
n11 -> n110;
n111[label = "CplexTerminal"];
n11 -> n111;
n1 -> n11;
n -> n1;
n2[label = "Or"];
n20[label = "And"];
n200[label = "FarthestFirstNode"];
n20 -> n200;
n201[label = "BestMove"];
n20 -> n201;
n2 -> n20;
n21[label = "FarthestInsertion"];
n2 -> n21;
n -> n2;
}


Generation: 54
Best Individual:
Subpopulation 0:
Evaluated: true
Fitness: Standardized=0.10708027 Adjusted=0.9032769 Hits=8
Tree 0:
digraph g {
node [shape=rectangle];
n[label = "If_Then_Else"];
n0[label = "Or"];
n00[label = "And"];
n000[label = "FarthestFirstNode"];
n00 -> n000;
n001[label = "BestMove"];
n00 -> n001;
n0 -> n00;
n01[label = "FarthestInsertion"];
n0 -> n01;
n -> n0;
n1[label = "Or"];
n10[label = "Equal"];
n100[label = "Equal"];
n1000[label = "WorstMove"];
n100 -> n1000;
n1001[label = "FarthestInsertion"];
n100 -> n1001;
n10 -> n100;
n101[label = "FarthestInsertion"];
n10 -> n101;
n1 -> n10;
n11[label = "While"];
n110[label = "BestMove"];
n11 -> n110;
n111[label = "CplexTerminal"];
n11 -> n111;
n1 -> n11;
n -> n1;
n2[label = "Or"];
n20[label = "And"];
n200[label = "FarthestFirstNode"];
n20 -> n200;
n201[label = "BestMove"];
n20 -> n201;
n2 -> n20;
n21[label = "FarthestInsertion"];
n2 -> n21;
n -> n2;
}


Generation: 55
Best Individual:
Subpopulation 0:
Evaluated: true
Fitness: Standardized=0.10708027 Adjusted=0.9032769 Hits=8
Tree 0:
digraph g {
node [shape=rectangle];
n[label = "If_Then_Else"];
n0[label = "Or"];
n00[label = "And"];
n000[label = "FarthestFirstNode"];
n00 -> n000;
n001[label = "BestMove"];
n00 -> n001;
n0 -> n00;
n01[label = "FarthestInsertion"];
n0 -> n01;
n -> n0;
n1[label = "Or"];
n10[label = "Equal"];
n100[label = "Equal"];
n1000[label = "WorstMove"];
n100 -> n1000;
n1001[label = "FarthestInsertion"];
n100 -> n1001;
n10 -> n100;
n101[label = "FarthestInsertion"];
n10 -> n101;
n1 -> n10;
n11[label = "While"];
n110[label = "BestMove"];
n11 -> n110;
n111[label = "CplexTerminal"];
n11 -> n111;
n1 -> n11;
n -> n1;
n2[label = "Or"];
n20[label = "And"];
n200[label = "FarthestFirstNode"];
n20 -> n200;
n201[label = "BestMove"];
n20 -> n201;
n2 -> n20;
n21[label = "FarthestInsertion"];
n2 -> n21;
n -> n2;
}


Generation: 56
Best Individual:
Subpopulation 0:
Evaluated: true
Fitness: Standardized=0.10708027 Adjusted=0.9032769 Hits=8
Tree 0:
digraph g {
node [shape=rectangle];
n[label = "If_Then_Else"];
n0[label = "Or"];
n00[label = "And"];
n000[label = "FarthestFirstNode"];
n00 -> n000;
n001[label = "BestMove"];
n00 -> n001;
n0 -> n00;
n01[label = "FarthestInsertion"];
n0 -> n01;
n -> n0;
n1[label = "Or"];
n10[label = "Equal"];
n100[label = "Equal"];
n1000[label = "WorstMove"];
n100 -> n1000;
n1001[label = "FarthestInsertion"];
n100 -> n1001;
n10 -> n100;
n101[label = "FarthestInsertion"];
n10 -> n101;
n1 -> n10;
n11[label = "While"];
n110[label = "BestMove"];
n11 -> n110;
n111[label = "CplexTerminal"];
n11 -> n111;
n1 -> n11;
n -> n1;
n2[label = "Or"];
n20[label = "And"];
n200[label = "FarthestFirstNode"];
n20 -> n200;
n201[label = "BestMove"];
n20 -> n201;
n2 -> n20;
n21[label = "FarthestInsertion"];
n2 -> n21;
n -> n2;
}


Generation: 57
Best Individual:
Subpopulation 0:
Evaluated: true
Fitness: Standardized=0.10708027 Adjusted=0.9032769 Hits=8
Tree 0:
digraph g {
node [shape=rectangle];
n[label = "If_Then_Else"];
n0[label = "Or"];
n00[label = "And"];
n000[label = "FarthestFirstNode"];
n00 -> n000;
n001[label = "BestMove"];
n00 -> n001;
n0 -> n00;
n01[label = "FarthestInsertion"];
n0 -> n01;
n -> n0;
n1[label = "Or"];
n10[label = "Equal"];
n100[label = "Equal"];
n1000[label = "WorstMove"];
n100 -> n1000;
n1001[label = "FarthestInsertion"];
n100 -> n1001;
n10 -> n100;
n101[label = "FarthestInsertion"];
n10 -> n101;
n1 -> n10;
n11[label = "While"];
n110[label = "BestMove"];
n11 -> n110;
n111[label = "CplexTerminal"];
n11 -> n111;
n1 -> n11;
n -> n1;
n2[label = "Or"];
n20[label = "And"];
n200[label = "FarthestFirstNode"];
n20 -> n200;
n201[label = "BestMove"];
n20 -> n201;
n2 -> n20;
n21[label = "FarthestInsertion"];
n2 -> n21;
n -> n2;
}


Generation: 58
Best Individual:
Subpopulation 0:
Evaluated: true
Fitness: Standardized=0.10708027 Adjusted=0.9032769 Hits=8
Tree 0:
digraph g {
node [shape=rectangle];
n[label = "If_Then_Else"];
n0[label = "Or"];
n00[label = "And"];
n000[label = "FarthestFirstNode"];
n00 -> n000;
n001[label = "BestMove"];
n00 -> n001;
n0 -> n00;
n01[label = "FarthestInsertion"];
n0 -> n01;
n -> n0;
n1[label = "Or"];
n10[label = "Equal"];
n100[label = "Equal"];
n1000[label = "WorstMove"];
n100 -> n1000;
n1001[label = "FarthestInsertion"];
n100 -> n1001;
n10 -> n100;
n101[label = "FarthestInsertion"];
n10 -> n101;
n1 -> n10;
n11[label = "While"];
n110[label = "BestMove"];
n11 -> n110;
n111[label = "CplexTerminal"];
n11 -> n111;
n1 -> n11;
n -> n1;
n2[label = "Or"];
n20[label = "And"];
n200[label = "FarthestFirstNode"];
n20 -> n200;
n201[label = "BestMove"];
n20 -> n201;
n2 -> n20;
n21[label = "FarthestInsertion"];
n2 -> n21;
n -> n2;
}


Generation: 59
Best Individual:
Subpopulation 0:
Evaluated: true
Fitness: Standardized=0.10708027 Adjusted=0.9032769 Hits=8
Tree 0:
digraph g {
node [shape=rectangle];
n[label = "If_Then_Else"];
n0[label = "Or"];
n00[label = "And"];
n000[label = "FarthestFirstNode"];
n00 -> n000;
n001[label = "BestMove"];
n00 -> n001;
n0 -> n00;
n01[label = "FarthestInsertion"];
n0 -> n01;
n -> n0;
n1[label = "Or"];
n10[label = "Equal"];
n100[label = "Equal"];
n1000[label = "WorstMove"];
n100 -> n1000;
n1001[label = "FarthestInsertion"];
n100 -> n1001;
n10 -> n100;
n101[label = "FarthestInsertion"];
n10 -> n101;
n1 -> n10;
n11[label = "While"];
n110[label = "BestMove"];
n11 -> n110;
n111[label = "CplexTerminal"];
n11 -> n111;
n1 -> n11;
n -> n1;
n2[label = "Or"];
n20[label = "And"];
n200[label = "FarthestFirstNode"];
n20 -> n200;
n201[label = "BestMove"];
n20 -> n201;
n2 -> n20;
n21[label = "FarthestInsertion"];
n2 -> n21;
n -> n2;
}


Generation: 60
Best Individual:
Subpopulation 0:
Evaluated: true
Fitness: Standardized=0.10708027 Adjusted=0.9032769 Hits=8
Tree 0:
digraph g {
node [shape=rectangle];
n[label = "If_Then_Else"];
n0[label = "Or"];
n00[label = "And"];
n000[label = "FarthestFirstNode"];
n00 -> n000;
n001[label = "BestMove"];
n00 -> n001;
n0 -> n00;
n01[label = "FarthestInsertion"];
n0 -> n01;
n -> n0;
n1[label = "Or"];
n10[label = "Equal"];
n100[label = "Equal"];
n1000[label = "WorstMove"];
n100 -> n1000;
n1001[label = "FarthestInsertion"];
n100 -> n1001;
n10 -> n100;
n101[label = "FarthestInsertion"];
n10 -> n101;
n1 -> n10;
n11[label = "While"];
n110[label = "BestMove"];
n11 -> n110;
n111[label = "CplexTerminal"];
n11 -> n111;
n1 -> n11;
n -> n1;
n2[label = "Or"];
n20[label = "And"];
n200[label = "FarthestFirstNode"];
n20 -> n200;
n201[label = "BestMove"];
n20 -> n201;
n2 -> n20;
n21[label = "FarthestInsertion"];
n2 -> n21;
n -> n2;
}


Generation: 61
Best Individual:
Subpopulation 0:
Evaluated: true
Fitness: Standardized=0.10708027 Adjusted=0.9032769 Hits=8
Tree 0:
digraph g {
node [shape=rectangle];
n[label = "If_Then_Else"];
n0[label = "Or"];
n00[label = "And"];
n000[label = "FarthestFirstNode"];
n00 -> n000;
n001[label = "BestMove"];
n00 -> n001;
n0 -> n00;
n01[label = "FarthestInsertion"];
n0 -> n01;
n -> n0;
n1[label = "Or"];
n10[label = "Equal"];
n100[label = "Equal"];
n1000[label = "WorstMove"];
n100 -> n1000;
n1001[label = "FarthestInsertion"];
n100 -> n1001;
n10 -> n100;
n101[label = "FarthestInsertion"];
n10 -> n101;
n1 -> n10;
n11[label = "While"];
n110[label = "BestMove"];
n11 -> n110;
n111[label = "CplexTerminal"];
n11 -> n111;
n1 -> n11;
n -> n1;
n2[label = "Or"];
n20[label = "And"];
n200[label = "FarthestFirstNode"];
n20 -> n200;
n201[label = "BestMove"];
n20 -> n201;
n2 -> n20;
n21[label = "FarthestInsertion"];
n2 -> n21;
n -> n2;
}


Generation: 62
Best Individual:
Subpopulation 0:
Evaluated: true
Fitness: Standardized=0.10708027 Adjusted=0.9032769 Hits=8
Tree 0:
digraph g {
node [shape=rectangle];
n[label = "If_Then_Else"];
n0[label = "Or"];
n00[label = "And"];
n000[label = "FarthestFirstNode"];
n00 -> n000;
n001[label = "BestMove"];
n00 -> n001;
n0 -> n00;
n01[label = "FarthestInsertion"];
n0 -> n01;
n -> n0;
n1[label = "Or"];
n10[label = "Equal"];
n100[label = "Equal"];
n1000[label = "WorstMove"];
n100 -> n1000;
n1001[label = "FarthestInsertion"];
n100 -> n1001;
n10 -> n100;
n101[label = "FarthestInsertion"];
n10 -> n101;
n1 -> n10;
n11[label = "While"];
n110[label = "BestMove"];
n11 -> n110;
n111[label = "CplexTerminal"];
n11 -> n111;
n1 -> n11;
n -> n1;
n2[label = "Or"];
n20[label = "And"];
n200[label = "FarthestFirstNode"];
n20 -> n200;
n201[label = "BestMove"];
n20 -> n201;
n2 -> n20;
n21[label = "FarthestInsertion"];
n2 -> n21;
n -> n2;
}


Generation: 63
Best Individual:
Subpopulation 0:
Evaluated: true
Fitness: Standardized=0.10708027 Adjusted=0.9032769 Hits=8
Tree 0:
digraph g {
node [shape=rectangle];
n[label = "If_Then_Else"];
n0[label = "Or"];
n00[label = "And"];
n000[label = "FarthestFirstNode"];
n00 -> n000;
n001[label = "BestMove"];
n00 -> n001;
n0 -> n00;
n01[label = "FarthestInsertion"];
n0 -> n01;
n -> n0;
n1[label = "Or"];
n10[label = "Equal"];
n100[label = "Equal"];
n1000[label = "WorstMove"];
n100 -> n1000;
n1001[label = "FarthestInsertion"];
n100 -> n1001;
n10 -> n100;
n101[label = "FarthestInsertion"];
n10 -> n101;
n1 -> n10;
n11[label = "While"];
n110[label = "BestMove"];
n11 -> n110;
n111[label = "CplexTerminal"];
n11 -> n111;
n1 -> n11;
n -> n1;
n2[label = "Or"];
n20[label = "And"];
n200[label = "FarthestFirstNode"];
n20 -> n200;
n201[label = "BestMove"];
n20 -> n201;
n2 -> n20;
n21[label = "FarthestInsertion"];
n2 -> n21;
n -> n2;
}


Generation: 64
Best Individual:
Subpopulation 0:
Evaluated: true
Fitness: Standardized=0.10708027 Adjusted=0.9032769 Hits=8
Tree 0:
digraph g {
node [shape=rectangle];
n[label = "If_Then_Else"];
n0[label = "Or"];
n00[label = "And"];
n000[label = "FarthestFirstNode"];
n00 -> n000;
n001[label = "BestMove"];
n00 -> n001;
n0 -> n00;
n01[label = "FarthestInsertion"];
n0 -> n01;
n -> n0;
n1[label = "Or"];
n10[label = "Equal"];
n100[label = "Equal"];
n1000[label = "WorstMove"];
n100 -> n1000;
n1001[label = "FarthestInsertion"];
n100 -> n1001;
n10 -> n100;
n101[label = "FarthestInsertion"];
n10 -> n101;
n1 -> n10;
n11[label = "While"];
n110[label = "BestMove"];
n11 -> n110;
n111[label = "CplexTerminal"];
n11 -> n111;
n1 -> n11;
n -> n1;
n2[label = "Or"];
n20[label = "And"];
n200[label = "FarthestFirstNode"];
n20 -> n200;
n201[label = "BestMove"];
n20 -> n201;
n2 -> n20;
n21[label = "FarthestInsertion"];
n2 -> n21;
n -> n2;
}


Generation: 65
Best Individual:
Subpopulation 0:
Evaluated: true
Fitness: Standardized=0.10708027 Adjusted=0.9032769 Hits=8
Tree 0:
digraph g {
node [shape=rectangle];
n[label = "If_Then_Else"];
n0[label = "Or"];
n00[label = "And"];
n000[label = "FarthestFirstNode"];
n00 -> n000;
n001[label = "BestMove"];
n00 -> n001;
n0 -> n00;
n01[label = "FarthestInsertion"];
n0 -> n01;
n -> n0;
n1[label = "Or"];
n10[label = "Equal"];
n100[label = "Equal"];
n1000[label = "WorstMove"];
n100 -> n1000;
n1001[label = "FarthestInsertion"];
n100 -> n1001;
n10 -> n100;
n101[label = "FarthestInsertion"];
n10 -> n101;
n1 -> n10;
n11[label = "While"];
n110[label = "BestMove"];
n11 -> n110;
n111[label = "CplexTerminal"];
n11 -> n111;
n1 -> n11;
n -> n1;
n2[label = "Or"];
n20[label = "And"];
n200[label = "FarthestFirstNode"];
n20 -> n200;
n201[label = "BestMove"];
n20 -> n201;
n2 -> n20;
n21[label = "FarthestInsertion"];
n2 -> n21;
n -> n2;
}


Generation: 66
Best Individual:
Subpopulation 0:
Evaluated: true
Fitness: Standardized=0.10708027 Adjusted=0.9032769 Hits=8
Tree 0:
digraph g {
node [shape=rectangle];
n[label = "If_Then_Else"];
n0[label = "Or"];
n00[label = "And"];
n000[label = "FarthestFirstNode"];
n00 -> n000;
n001[label = "BestMove"];
n00 -> n001;
n0 -> n00;
n01[label = "FarthestInsertion"];
n0 -> n01;
n -> n0;
n1[label = "Or"];
n10[label = "Equal"];
n100[label = "Equal"];
n1000[label = "WorstMove"];
n100 -> n1000;
n1001[label = "FarthestInsertion"];
n100 -> n1001;
n10 -> n100;
n101[label = "FarthestInsertion"];
n10 -> n101;
n1 -> n10;
n11[label = "While"];
n110[label = "BestMove"];
n11 -> n110;
n111[label = "CplexTerminal"];
n11 -> n111;
n1 -> n11;
n -> n1;
n2[label = "Or"];
n20[label = "And"];
n200[label = "FarthestFirstNode"];
n20 -> n200;
n201[label = "BestMove"];
n20 -> n201;
n2 -> n20;
n21[label = "FarthestInsertion"];
n2 -> n21;
n -> n2;
}


Generation: 67
Best Individual:
Subpopulation 0:
Evaluated: true
Fitness: Standardized=0.10708027 Adjusted=0.9032769 Hits=8
Tree 0:
digraph g {
node [shape=rectangle];
n[label = "If_Then_Else"];
n0[label = "Or"];
n00[label = "And"];
n000[label = "FarthestFirstNode"];
n00 -> n000;
n001[label = "BestMove"];
n00 -> n001;
n0 -> n00;
n01[label = "FarthestInsertion"];
n0 -> n01;
n -> n0;
n1[label = "Or"];
n10[label = "Equal"];
n100[label = "Equal"];
n1000[label = "WorstMove"];
n100 -> n1000;
n1001[label = "FarthestInsertion"];
n100 -> n1001;
n10 -> n100;
n101[label = "FarthestInsertion"];
n10 -> n101;
n1 -> n10;
n11[label = "While"];
n110[label = "BestMove"];
n11 -> n110;
n111[label = "CplexTerminal"];
n11 -> n111;
n1 -> n11;
n -> n1;
n2[label = "Or"];
n20[label = "And"];
n200[label = "FarthestFirstNode"];
n20 -> n200;
n201[label = "BestMove"];
n20 -> n201;
n2 -> n20;
n21[label = "FarthestInsertion"];
n2 -> n21;
n -> n2;
}


Generation: 68
Best Individual:
Subpopulation 0:
Evaluated: true
Fitness: Standardized=0.10708027 Adjusted=0.9032769 Hits=8
Tree 0:
digraph g {
node [shape=rectangle];
n[label = "If_Then_Else"];
n0[label = "Or"];
n00[label = "And"];
n000[label = "FarthestFirstNode"];
n00 -> n000;
n001[label = "BestMove"];
n00 -> n001;
n0 -> n00;
n01[label = "FarthestInsertion"];
n0 -> n01;
n -> n0;
n1[label = "Or"];
n10[label = "Equal"];
n100[label = "Equal"];
n1000[label = "WorstMove"];
n100 -> n1000;
n1001[label = "FarthestInsertion"];
n100 -> n1001;
n10 -> n100;
n101[label = "FarthestInsertion"];
n10 -> n101;
n1 -> n10;
n11[label = "While"];
n110[label = "BestMove"];
n11 -> n110;
n111[label = "CplexTerminal"];
n11 -> n111;
n1 -> n11;
n -> n1;
n2[label = "Or"];
n20[label = "And"];
n200[label = "FarthestFirstNode"];
n20 -> n200;
n201[label = "BestMove"];
n20 -> n201;
n2 -> n20;
n21[label = "FarthestInsertion"];
n2 -> n21;
n -> n2;
}


Generation: 69
Best Individual:
Subpopulation 0:
Evaluated: true
Fitness: Standardized=0.0927851 Adjusted=0.915093 Hits=8
Tree 0:
digraph g {
node [shape=rectangle];
n[label = "If_Then_Else"];
n0[label = "Or"];
n00[label = "And"];
n000[label = "FarthestFirstNode"];
n00 -> n000;
n001[label = "BestMove"];
n00 -> n001;
n0 -> n00;
n01[label = "FarthestInsertion"];
n0 -> n01;
n -> n0;
n1[label = "Or"];
n10[label = "Equal"];
n100[label = "Equal"];
n1000[label = "WorstMove"];
n100 -> n1000;
n1001[label = "FarthestInsertion"];
n100 -> n1001;
n10 -> n100;
n101[label = "FarthestInsertion"];
n10 -> n101;
n1 -> n10;
n11[label = "While"];
n110[label = "BestMove"];
n11 -> n110;
n111[label = "CplexTerminal"];
n11 -> n111;
n1 -> n11;
n -> n1;
n2[label = "Or"];
n20[label = "And"];
n200[label = "FarthestFirstNode"];
n20 -> n200;
n201[label = "BestMove"];
n20 -> n201;
n2 -> n20;
n21[label = "FarthestInsertion"];
n2 -> n21;
n -> n2;
}


Generation: 70
Best Individual:
Subpopulation 0:
Evaluated: true
Fitness: Standardized=0.0927851 Adjusted=0.915093 Hits=8
Tree 0:
digraph g {
node [shape=rectangle];
n[label = "If_Then_Else"];
n0[label = "Or"];
n00[label = "And"];
n000[label = "FarthestFirstNode"];
n00 -> n000;
n001[label = "BestMove"];
n00 -> n001;
n0 -> n00;
n01[label = "FarthestInsertion"];
n0 -> n01;
n -> n0;
n1[label = "Or"];
n10[label = "Equal"];
n100[label = "Equal"];
n1000[label = "WorstMove"];
n100 -> n1000;
n1001[label = "FarthestInsertion"];
n100 -> n1001;
n10 -> n100;
n101[label = "FarthestInsertion"];
n10 -> n101;
n1 -> n10;
n11[label = "While"];
n110[label = "BestMove"];
n11 -> n110;
n111[label = "CplexTerminal"];
n11 -> n111;
n1 -> n11;
n -> n1;
n2[label = "Or"];
n20[label = "And"];
n200[label = "FarthestFirstNode"];
n20 -> n200;
n201[label = "BestMove"];
n20 -> n201;
n2 -> n20;
n21[label = "FarthestInsertion"];
n2 -> n21;
n -> n2;
}


Generation: 71
Best Individual:
Subpopulation 0:
Evaluated: true
Fitness: Standardized=0.0927851 Adjusted=0.915093 Hits=8
Tree 0:
digraph g {
node [shape=rectangle];
n[label = "If_Then_Else"];
n0[label = "Or"];
n00[label = "And"];
n000[label = "FarthestFirstNode"];
n00 -> n000;
n001[label = "BestMove"];
n00 -> n001;
n0 -> n00;
n01[label = "FarthestInsertion"];
n0 -> n01;
n -> n0;
n1[label = "Or"];
n10[label = "Equal"];
n100[label = "Equal"];
n1000[label = "WorstMove"];
n100 -> n1000;
n1001[label = "FarthestInsertion"];
n100 -> n1001;
n10 -> n100;
n101[label = "FarthestInsertion"];
n10 -> n101;
n1 -> n10;
n11[label = "While"];
n110[label = "BestMove"];
n11 -> n110;
n111[label = "CplexTerminal"];
n11 -> n111;
n1 -> n11;
n -> n1;
n2[label = "Or"];
n20[label = "And"];
n200[label = "FarthestFirstNode"];
n20 -> n200;
n201[label = "BestMove"];
n20 -> n201;
n2 -> n20;
n21[label = "FarthestInsertion"];
n2 -> n21;
n -> n2;
}


Generation: 72
Best Individual:
Subpopulation 0:
Evaluated: true
Fitness: Standardized=0.0927851 Adjusted=0.915093 Hits=8
Tree 0:
digraph g {
node [shape=rectangle];
n[label = "If_Then_Else"];
n0[label = "Or"];
n00[label = "And"];
n000[label = "FarthestFirstNode"];
n00 -> n000;
n001[label = "BestMove"];
n00 -> n001;
n0 -> n00;
n01[label = "FarthestInsertion"];
n0 -> n01;
n -> n0;
n1[label = "Or"];
n10[label = "Equal"];
n100[label = "Equal"];
n1000[label = "WorstMove"];
n100 -> n1000;
n1001[label = "FarthestInsertion"];
n100 -> n1001;
n10 -> n100;
n101[label = "FarthestInsertion"];
n10 -> n101;
n1 -> n10;
n11[label = "While"];
n110[label = "BestMove"];
n11 -> n110;
n111[label = "CplexTerminal"];
n11 -> n111;
n1 -> n11;
n -> n1;
n2[label = "Or"];
n20[label = "And"];
n200[label = "FarthestFirstNode"];
n20 -> n200;
n201[label = "BestMove"];
n20 -> n201;
n2 -> n20;
n21[label = "FarthestInsertion"];
n2 -> n21;
n -> n2;
}


Generation: 73
Best Individual:
Subpopulation 0:
Evaluated: true
Fitness: Standardized=0.0927851 Adjusted=0.915093 Hits=8
Tree 0:
digraph g {
node [shape=rectangle];
n[label = "If_Then_Else"];
n0[label = "Or"];
n00[label = "And"];
n000[label = "FarthestFirstNode"];
n00 -> n000;
n001[label = "BestMove"];
n00 -> n001;
n0 -> n00;
n01[label = "FarthestInsertion"];
n0 -> n01;
n -> n0;
n1[label = "Or"];
n10[label = "Equal"];
n100[label = "Equal"];
n1000[label = "WorstMove"];
n100 -> n1000;
n1001[label = "FarthestInsertion"];
n100 -> n1001;
n10 -> n100;
n101[label = "FarthestInsertion"];
n10 -> n101;
n1 -> n10;
n11[label = "While"];
n110[label = "BestMove"];
n11 -> n110;
n111[label = "CplexTerminal"];
n11 -> n111;
n1 -> n11;
n -> n1;
n2[label = "Or"];
n20[label = "And"];
n200[label = "FarthestFirstNode"];
n20 -> n200;
n201[label = "BestMove"];
n20 -> n201;
n2 -> n20;
n21[label = "FarthestInsertion"];
n2 -> n21;
n -> n2;
}


Generation: 74
Best Individual:
Subpopulation 0:
Evaluated: true
Fitness: Standardized=0.0927851 Adjusted=0.915093 Hits=8
Tree 0:
digraph g {
node [shape=rectangle];
n[label = "If_Then_Else"];
n0[label = "Or"];
n00[label = "And"];
n000[label = "FarthestFirstNode"];
n00 -> n000;
n001[label = "BestMove"];
n00 -> n001;
n0 -> n00;
n01[label = "FarthestInsertion"];
n0 -> n01;
n -> n0;
n1[label = "Or"];
n10[label = "Equal"];
n100[label = "Equal"];
n1000[label = "WorstMove"];
n100 -> n1000;
n1001[label = "FarthestInsertion"];
n100 -> n1001;
n10 -> n100;
n101[label = "FarthestInsertion"];
n10 -> n101;
n1 -> n10;
n11[label = "While"];
n110[label = "BestMove"];
n11 -> n110;
n111[label = "CplexTerminal"];
n11 -> n111;
n1 -> n11;
n -> n1;
n2[label = "Or"];
n20[label = "And"];
n200[label = "FarthestFirstNode"];
n20 -> n200;
n201[label = "BestMove"];
n20 -> n201;
n2 -> n20;
n21[label = "FarthestInsertion"];
n2 -> n21;
n -> n2;
}


Generation: 75
Best Individual:
Subpopulation 0:
Evaluated: true
Fitness: Standardized=0.0927851 Adjusted=0.915093 Hits=8
Tree 0:
digraph g {
node [shape=rectangle];
n[label = "If_Then_Else"];
n0[label = "Or"];
n00[label = "And"];
n000[label = "FarthestFirstNode"];
n00 -> n000;
n001[label = "BestMove"];
n00 -> n001;
n0 -> n00;
n01[label = "FarthestInsertion"];
n0 -> n01;
n -> n0;
n1[label = "Or"];
n10[label = "Equal"];
n100[label = "Equal"];
n1000[label = "WorstMove"];
n100 -> n1000;
n1001[label = "FarthestInsertion"];
n100 -> n1001;
n10 -> n100;
n101[label = "FarthestInsertion"];
n10 -> n101;
n1 -> n10;
n11[label = "While"];
n110[label = "BestMove"];
n11 -> n110;
n111[label = "CplexTerminal"];
n11 -> n111;
n1 -> n11;
n -> n1;
n2[label = "Or"];
n20[label = "And"];
n200[label = "FarthestFirstNode"];
n20 -> n200;
n201[label = "BestMove"];
n20 -> n201;
n2 -> n20;
n21[label = "FarthestInsertion"];
n2 -> n21;
n -> n2;
}


Generation: 76
Best Individual:
Subpopulation 0:
Evaluated: true
Fitness: Standardized=0.0927851 Adjusted=0.915093 Hits=8
Tree 0:
digraph g {
node [shape=rectangle];
n[label = "If_Then_Else"];
n0[label = "Or"];
n00[label = "And"];
n000[label = "FarthestFirstNode"];
n00 -> n000;
n001[label = "BestMove"];
n00 -> n001;
n0 -> n00;
n01[label = "FarthestInsertion"];
n0 -> n01;
n -> n0;
n1[label = "Or"];
n10[label = "Equal"];
n100[label = "Equal"];
n1000[label = "WorstMove"];
n100 -> n1000;
n1001[label = "FarthestInsertion"];
n100 -> n1001;
n10 -> n100;
n101[label = "FarthestInsertion"];
n10 -> n101;
n1 -> n10;
n11[label = "While"];
n110[label = "BestMove"];
n11 -> n110;
n111[label = "CplexTerminal"];
n11 -> n111;
n1 -> n11;
n -> n1;
n2[label = "Or"];
n20[label = "And"];
n200[label = "FarthestFirstNode"];
n20 -> n200;
n201[label = "BestMove"];
n20 -> n201;
n2 -> n20;
n21[label = "FarthestInsertion"];
n2 -> n21;
n -> n2;
}


Generation: 77
Best Individual:
Subpopulation 0:
Evaluated: true
Fitness: Standardized=0.0927851 Adjusted=0.915093 Hits=8
Tree 0:
digraph g {
node [shape=rectangle];
n[label = "If_Then_Else"];
n0[label = "Or"];
n00[label = "And"];
n000[label = "FarthestFirstNode"];
n00 -> n000;
n001[label = "BestMove"];
n00 -> n001;
n0 -> n00;
n01[label = "FarthestInsertion"];
n0 -> n01;
n -> n0;
n1[label = "Or"];
n10[label = "Equal"];
n100[label = "Equal"];
n1000[label = "WorstMove"];
n100 -> n1000;
n1001[label = "FarthestInsertion"];
n100 -> n1001;
n10 -> n100;
n101[label = "FarthestInsertion"];
n10 -> n101;
n1 -> n10;
n11[label = "While"];
n110[label = "BestMove"];
n11 -> n110;
n111[label = "CplexTerminal"];
n11 -> n111;
n1 -> n11;
n -> n1;
n2[label = "Or"];
n20[label = "And"];
n200[label = "FarthestFirstNode"];
n20 -> n200;
n201[label = "BestMove"];
n20 -> n201;
n2 -> n20;
n21[label = "FarthestInsertion"];
n2 -> n21;
n -> n2;
}


Generation: 78
Best Individual:
Subpopulation 0:
Evaluated: true
Fitness: Standardized=0.0927851 Adjusted=0.915093 Hits=8
Tree 0:
digraph g {
node [shape=rectangle];
n[label = "If_Then_Else"];
n0[label = "Or"];
n00[label = "And"];
n000[label = "FarthestFirstNode"];
n00 -> n000;
n001[label = "BestMove"];
n00 -> n001;
n0 -> n00;
n01[label = "FarthestInsertion"];
n0 -> n01;
n -> n0;
n1[label = "Or"];
n10[label = "Equal"];
n100[label = "Equal"];
n1000[label = "WorstMove"];
n100 -> n1000;
n1001[label = "FarthestInsertion"];
n100 -> n1001;
n10 -> n100;
n101[label = "FarthestInsertion"];
n10 -> n101;
n1 -> n10;
n11[label = "While"];
n110[label = "BestMove"];
n11 -> n110;
n111[label = "CplexTerminal"];
n11 -> n111;
n1 -> n11;
n -> n1;
n2[label = "Or"];
n20[label = "And"];
n200[label = "FarthestFirstNode"];
n20 -> n200;
n201[label = "BestMove"];
n20 -> n201;
n2 -> n20;
n21[label = "FarthestInsertion"];
n2 -> n21;
n -> n2;
}


Generation: 79
Best Individual:
Subpopulation 0:
Evaluated: true
Fitness: Standardized=0.0927851 Adjusted=0.915093 Hits=8
Tree 0:
digraph g {
node [shape=rectangle];
n[label = "If_Then_Else"];
n0[label = "Or"];
n00[label = "And"];
n000[label = "FarthestFirstNode"];
n00 -> n000;
n001[label = "BestMove"];
n00 -> n001;
n0 -> n00;
n01[label = "FarthestInsertion"];
n0 -> n01;
n -> n0;
n1[label = "Or"];
n10[label = "Equal"];
n100[label = "Equal"];
n1000[label = "WorstMove"];
n100 -> n1000;
n1001[label = "FarthestInsertion"];
n100 -> n1001;
n10 -> n100;
n101[label = "FarthestInsertion"];
n10 -> n101;
n1 -> n10;
n11[label = "While"];
n110[label = "BestMove"];
n11 -> n110;
n111[label = "CplexTerminal"];
n11 -> n111;
n1 -> n11;
n -> n1;
n2[label = "Or"];
n20[label = "And"];
n200[label = "FarthestFirstNode"];
n20 -> n200;
n201[label = "BestMove"];
n20 -> n201;
n2 -> n20;
n21[label = "FarthestInsertion"];
n2 -> n21;
n -> n2;
}


Generation: 80
Best Individual:
Subpopulation 0:
Evaluated: true
Fitness: Standardized=0.0927851 Adjusted=0.915093 Hits=8
Tree 0:
digraph g {
node [shape=rectangle];
n[label = "If_Then_Else"];
n0[label = "Or"];
n00[label = "And"];
n000[label = "FarthestFirstNode"];
n00 -> n000;
n001[label = "BestMove"];
n00 -> n001;
n0 -> n00;
n01[label = "FarthestInsertion"];
n0 -> n01;
n -> n0;
n1[label = "Or"];
n10[label = "Equal"];
n100[label = "Equal"];
n1000[label = "WorstMove"];
n100 -> n1000;
n1001[label = "FarthestInsertion"];
n100 -> n1001;
n10 -> n100;
n101[label = "FarthestInsertion"];
n10 -> n101;
n1 -> n10;
n11[label = "While"];
n110[label = "BestMove"];
n11 -> n110;
n111[label = "CplexTerminal"];
n11 -> n111;
n1 -> n11;
n -> n1;
n2[label = "Or"];
n20[label = "And"];
n200[label = "FarthestFirstNode"];
n20 -> n200;
n201[label = "BestMove"];
n20 -> n201;
n2 -> n20;
n21[label = "FarthestInsertion"];
n2 -> n21;
n -> n2;
}


Generation: 81
Best Individual:
Subpopulation 0:
Evaluated: true
Fitness: Standardized=0.0927851 Adjusted=0.915093 Hits=8
Tree 0:
digraph g {
node [shape=rectangle];
n[label = "If_Then_Else"];
n0[label = "Or"];
n00[label = "And"];
n000[label = "FarthestFirstNode"];
n00 -> n000;
n001[label = "BestMove"];
n00 -> n001;
n0 -> n00;
n01[label = "FarthestInsertion"];
n0 -> n01;
n -> n0;
n1[label = "Or"];
n10[label = "Equal"];
n100[label = "Equal"];
n1000[label = "WorstMove"];
n100 -> n1000;
n1001[label = "FarthestInsertion"];
n100 -> n1001;
n10 -> n100;
n101[label = "FarthestInsertion"];
n10 -> n101;
n1 -> n10;
n11[label = "While"];
n110[label = "BestMove"];
n11 -> n110;
n111[label = "CplexTerminal"];
n11 -> n111;
n1 -> n11;
n -> n1;
n2[label = "Or"];
n20[label = "And"];
n200[label = "FarthestFirstNode"];
n20 -> n200;
n201[label = "BestMove"];
n20 -> n201;
n2 -> n20;
n21[label = "FarthestInsertion"];
n2 -> n21;
n -> n2;
}


Generation: 82
Best Individual:
Subpopulation 0:
Evaluated: true
Fitness: Standardized=0.0927851 Adjusted=0.915093 Hits=8
Tree 0:
digraph g {
node [shape=rectangle];
n[label = "If_Then_Else"];
n0[label = "Or"];
n00[label = "And"];
n000[label = "FarthestFirstNode"];
n00 -> n000;
n001[label = "BestMove"];
n00 -> n001;
n0 -> n00;
n01[label = "FarthestInsertion"];
n0 -> n01;
n -> n0;
n1[label = "Or"];
n10[label = "Equal"];
n100[label = "Equal"];
n1000[label = "WorstMove"];
n100 -> n1000;
n1001[label = "FarthestInsertion"];
n100 -> n1001;
n10 -> n100;
n101[label = "FarthestInsertion"];
n10 -> n101;
n1 -> n10;
n11[label = "While"];
n110[label = "BestMove"];
n11 -> n110;
n111[label = "CplexTerminal"];
n11 -> n111;
n1 -> n11;
n -> n1;
n2[label = "Or"];
n20[label = "And"];
n200[label = "FarthestFirstNode"];
n20 -> n200;
n201[label = "BestMove"];
n20 -> n201;
n2 -> n20;
n21[label = "FarthestInsertion"];
n2 -> n21;
n -> n2;
}


Generation: 83
Best Individual:
Subpopulation 0:
Evaluated: true
Fitness: Standardized=0.0927851 Adjusted=0.915093 Hits=8
Tree 0:
digraph g {
node [shape=rectangle];
n[label = "If_Then_Else"];
n0[label = "Or"];
n00[label = "And"];
n000[label = "FarthestFirstNode"];
n00 -> n000;
n001[label = "BestMove"];
n00 -> n001;
n0 -> n00;
n01[label = "FarthestInsertion"];
n0 -> n01;
n -> n0;
n1[label = "Or"];
n10[label = "Equal"];
n100[label = "Equal"];
n1000[label = "WorstMove"];
n100 -> n1000;
n1001[label = "FarthestInsertion"];
n100 -> n1001;
n10 -> n100;
n101[label = "FarthestInsertion"];
n10 -> n101;
n1 -> n10;
n11[label = "While"];
n110[label = "BestMove"];
n11 -> n110;
n111[label = "CplexTerminal"];
n11 -> n111;
n1 -> n11;
n -> n1;
n2[label = "Or"];
n20[label = "And"];
n200[label = "FarthestFirstNode"];
n20 -> n200;
n201[label = "BestMove"];
n20 -> n201;
n2 -> n20;
n21[label = "FarthestInsertion"];
n2 -> n21;
n -> n2;
}


Generation: 84
Best Individual:
Subpopulation 0:
Evaluated: true
Fitness: Standardized=0.0927851 Adjusted=0.915093 Hits=8
Tree 0:
digraph g {
node [shape=rectangle];
n[label = "If_Then_Else"];
n0[label = "Or"];
n00[label = "And"];
n000[label = "FarthestFirstNode"];
n00 -> n000;
n001[label = "BestMove"];
n00 -> n001;
n0 -> n00;
n01[label = "FarthestInsertion"];
n0 -> n01;
n -> n0;
n1[label = "Or"];
n10[label = "Equal"];
n100[label = "Equal"];
n1000[label = "WorstMove"];
n100 -> n1000;
n1001[label = "FarthestInsertion"];
n100 -> n1001;
n10 -> n100;
n101[label = "FarthestInsertion"];
n10 -> n101;
n1 -> n10;
n11[label = "While"];
n110[label = "BestMove"];
n11 -> n110;
n111[label = "CplexTerminal"];
n11 -> n111;
n1 -> n11;
n -> n1;
n2[label = "Or"];
n20[label = "And"];
n200[label = "FarthestFirstNode"];
n20 -> n200;
n201[label = "BestMove"];
n20 -> n201;
n2 -> n20;
n21[label = "FarthestInsertion"];
n2 -> n21;
n -> n2;
}


Generation: 85
Best Individual:
Subpopulation 0:
Evaluated: true
Fitness: Standardized=0.0927851 Adjusted=0.915093 Hits=8
Tree 0:
digraph g {
node [shape=rectangle];
n[label = "If_Then_Else"];
n0[label = "Or"];
n00[label = "And"];
n000[label = "FarthestFirstNode"];
n00 -> n000;
n001[label = "BestMove"];
n00 -> n001;
n0 -> n00;
n01[label = "FarthestInsertion"];
n0 -> n01;
n -> n0;
n1[label = "Or"];
n10[label = "Equal"];
n100[label = "Equal"];
n1000[label = "WorstMove"];
n100 -> n1000;
n1001[label = "FarthestInsertion"];
n100 -> n1001;
n10 -> n100;
n101[label = "FarthestInsertion"];
n10 -> n101;
n1 -> n10;
n11[label = "While"];
n110[label = "BestMove"];
n11 -> n110;
n111[label = "CplexTerminal"];
n11 -> n111;
n1 -> n11;
n -> n1;
n2[label = "Or"];
n20[label = "And"];
n200[label = "FarthestFirstNode"];
n20 -> n200;
n201[label = "BestMove"];
n20 -> n201;
n2 -> n20;
n21[label = "FarthestInsertion"];
n2 -> n21;
n -> n2;
}


Generation: 86
Best Individual:
Subpopulation 0:
Evaluated: true
Fitness: Standardized=0.0927851 Adjusted=0.915093 Hits=8
Tree 0:
digraph g {
node [shape=rectangle];
n[label = "If_Then_Else"];
n0[label = "Or"];
n00[label = "And"];
n000[label = "FarthestFirstNode"];
n00 -> n000;
n001[label = "BestMove"];
n00 -> n001;
n0 -> n00;
n01[label = "FarthestInsertion"];
n0 -> n01;
n -> n0;
n1[label = "Or"];
n10[label = "Equal"];
n100[label = "Equal"];
n1000[label = "WorstMove"];
n100 -> n1000;
n1001[label = "FarthestInsertion"];
n100 -> n1001;
n10 -> n100;
n101[label = "FarthestInsertion"];
n10 -> n101;
n1 -> n10;
n11[label = "While"];
n110[label = "BestMove"];
n11 -> n110;
n111[label = "CplexTerminal"];
n11 -> n111;
n1 -> n11;
n -> n1;
n2[label = "Or"];
n20[label = "And"];
n200[label = "FarthestFirstNode"];
n20 -> n200;
n201[label = "BestMove"];
n20 -> n201;
n2 -> n20;
n21[label = "FarthestInsertion"];
n2 -> n21;
n -> n2;
}


Generation: 87
Best Individual:
Subpopulation 0:
Evaluated: true
Fitness: Standardized=0.0927851 Adjusted=0.915093 Hits=8
Tree 0:
digraph g {
node [shape=rectangle];
n[label = "If_Then_Else"];
n0[label = "Or"];
n00[label = "And"];
n000[label = "FarthestFirstNode"];
n00 -> n000;
n001[label = "BestMove"];
n00 -> n001;
n0 -> n00;
n01[label = "FarthestInsertion"];
n0 -> n01;
n -> n0;
n1[label = "Or"];
n10[label = "Equal"];
n100[label = "Equal"];
n1000[label = "WorstMove"];
n100 -> n1000;
n1001[label = "FarthestInsertion"];
n100 -> n1001;
n10 -> n100;
n101[label = "FarthestInsertion"];
n10 -> n101;
n1 -> n10;
n11[label = "While"];
n110[label = "BestMove"];
n11 -> n110;
n111[label = "CplexTerminal"];
n11 -> n111;
n1 -> n11;
n -> n1;
n2[label = "Or"];
n20[label = "And"];
n200[label = "FarthestFirstNode"];
n20 -> n200;
n201[label = "BestMove"];
n20 -> n201;
n2 -> n20;
n21[label = "FarthestInsertion"];
n2 -> n21;
n -> n2;
}


Generation: 88
Best Individual:
Subpopulation 0:
Evaluated: true
Fitness: Standardized=0.0927851 Adjusted=0.915093 Hits=8
Tree 0:
digraph g {
node [shape=rectangle];
n[label = "If_Then_Else"];
n0[label = "Or"];
n00[label = "And"];
n000[label = "FarthestFirstNode"];
n00 -> n000;
n001[label = "BestMove"];
n00 -> n001;
n0 -> n00;
n01[label = "FarthestInsertion"];
n0 -> n01;
n -> n0;
n1[label = "Or"];
n10[label = "Equal"];
n100[label = "Equal"];
n1000[label = "WorstMove"];
n100 -> n1000;
n1001[label = "FarthestInsertion"];
n100 -> n1001;
n10 -> n100;
n101[label = "FarthestInsertion"];
n10 -> n101;
n1 -> n10;
n11[label = "While"];
n110[label = "BestMove"];
n11 -> n110;
n111[label = "CplexTerminal"];
n11 -> n111;
n1 -> n11;
n -> n1;
n2[label = "Or"];
n20[label = "And"];
n200[label = "FarthestFirstNode"];
n20 -> n200;
n201[label = "BestMove"];
n20 -> n201;
n2 -> n20;
n21[label = "FarthestInsertion"];
n2 -> n21;
n -> n2;
}


Generation: 89
Best Individual:
Subpopulation 0:
Evaluated: true
Fitness: Standardized=0.0927851 Adjusted=0.915093 Hits=8
Tree 0:
digraph g {
node [shape=rectangle];
n[label = "If_Then_Else"];
n0[label = "Or"];
n00[label = "And"];
n000[label = "FarthestFirstNode"];
n00 -> n000;
n001[label = "BestMove"];
n00 -> n001;
n0 -> n00;
n01[label = "FarthestInsertion"];
n0 -> n01;
n -> n0;
n1[label = "Or"];
n10[label = "Equal"];
n100[label = "Equal"];
n1000[label = "WorstMove"];
n100 -> n1000;
n1001[label = "FarthestInsertion"];
n100 -> n1001;
n10 -> n100;
n101[label = "FarthestInsertion"];
n10 -> n101;
n1 -> n10;
n11[label = "While"];
n110[label = "BestMove"];
n11 -> n110;
n111[label = "CplexTerminal"];
n11 -> n111;
n1 -> n11;
n -> n1;
n2[label = "Or"];
n20[label = "And"];
n200[label = "FarthestFirstNode"];
n20 -> n200;
n201[label = "BestMove"];
n20 -> n201;
n2 -> n20;
n21[label = "FarthestInsertion"];
n2 -> n21;
n -> n2;
}


Generation: 90
Best Individual:
Subpopulation 0:
Evaluated: true
Fitness: Standardized=0.0927851 Adjusted=0.915093 Hits=8
Tree 0:
digraph g {
node [shape=rectangle];
n[label = "If_Then_Else"];
n0[label = "Or"];
n00[label = "And"];
n000[label = "FarthestFirstNode"];
n00 -> n000;
n001[label = "BestMove"];
n00 -> n001;
n0 -> n00;
n01[label = "FarthestInsertion"];
n0 -> n01;
n -> n0;
n1[label = "Or"];
n10[label = "Equal"];
n100[label = "Equal"];
n1000[label = "WorstMove"];
n100 -> n1000;
n1001[label = "FarthestInsertion"];
n100 -> n1001;
n10 -> n100;
n101[label = "FarthestInsertion"];
n10 -> n101;
n1 -> n10;
n11[label = "While"];
n110[label = "BestMove"];
n11 -> n110;
n111[label = "CplexTerminal"];
n11 -> n111;
n1 -> n11;
n -> n1;
n2[label = "Or"];
n20[label = "And"];
n200[label = "FarthestFirstNode"];
n20 -> n200;
n201[label = "BestMove"];
n20 -> n201;
n2 -> n20;
n21[label = "FarthestInsertion"];
n2 -> n21;
n -> n2;
}


Generation: 91
Best Individual:
Subpopulation 0:
Evaluated: true
Fitness: Standardized=0.0927851 Adjusted=0.915093 Hits=8
Tree 0:
digraph g {
node [shape=rectangle];
n[label = "If_Then_Else"];
n0[label = "Or"];
n00[label = "And"];
n000[label = "FarthestFirstNode"];
n00 -> n000;
n001[label = "BestMove"];
n00 -> n001;
n0 -> n00;
n01[label = "FarthestInsertion"];
n0 -> n01;
n -> n0;
n1[label = "Or"];
n10[label = "Equal"];
n100[label = "Equal"];
n1000[label = "WorstMove"];
n100 -> n1000;
n1001[label = "FarthestInsertion"];
n100 -> n1001;
n10 -> n100;
n101[label = "FarthestInsertion"];
n10 -> n101;
n1 -> n10;
n11[label = "While"];
n110[label = "BestMove"];
n11 -> n110;
n111[label = "CplexTerminal"];
n11 -> n111;
n1 -> n11;
n -> n1;
n2[label = "Or"];
n20[label = "And"];
n200[label = "FarthestFirstNode"];
n20 -> n200;
n201[label = "BestMove"];
n20 -> n201;
n2 -> n20;
n21[label = "FarthestInsertion"];
n2 -> n21;
n -> n2;
}


Generation: 92
Best Individual:
Subpopulation 0:
Evaluated: true
Fitness: Standardized=0.09050716 Adjusted=0.9170045 Hits=8
Tree 0:
digraph g {
node [shape=rectangle];
n[label = "If_Then_Else"];
n0[label = "Or"];
n00[label = "And"];
n000[label = "FarthestFirstNode"];
n00 -> n000;
n001[label = "BestMove"];
n00 -> n001;
n0 -> n00;
n01[label = "FarthestInsertion"];
n0 -> n01;
n -> n0;
n1[label = "Or"];
n10[label = "Equal"];
n100[label = "Equal"];
n1000[label = "WorstMove"];
n100 -> n1000;
n1001[label = "FarthestInsertion"];
n100 -> n1001;
n10 -> n100;
n101[label = "FarthestInsertion"];
n10 -> n101;
n1 -> n10;
n11[label = "While"];
n110[label = "BestMove"];
n11 -> n110;
n111[label = "CplexTerminal"];
n11 -> n111;
n1 -> n11;
n -> n1;
n2[label = "BestMove"];
n -> n2;
}


Generation: 93
Best Individual:
Subpopulation 0:
Evaluated: true
Fitness: Standardized=0.09050716 Adjusted=0.9170045 Hits=8
Tree 0:
digraph g {
node [shape=rectangle];
n[label = "If_Then_Else"];
n0[label = "Or"];
n00[label = "And"];
n000[label = "FarthestFirstNode"];
n00 -> n000;
n001[label = "BestMove"];
n00 -> n001;
n0 -> n00;
n01[label = "FarthestInsertion"];
n0 -> n01;
n -> n0;
n1[label = "Or"];
n10[label = "Equal"];
n100[label = "Equal"];
n1000[label = "WorstMove"];
n100 -> n1000;
n1001[label = "FarthestInsertion"];
n100 -> n1001;
n10 -> n100;
n101[label = "FarthestInsertion"];
n10 -> n101;
n1 -> n10;
n11[label = "While"];
n110[label = "BestMove"];
n11 -> n110;
n111[label = "CplexTerminal"];
n11 -> n111;
n1 -> n11;
n -> n1;
n2[label = "BestMove"];
n -> n2;
}


Generation: 94
Best Individual:
Subpopulation 0:
Evaluated: true
Fitness: Standardized=0.09050716 Adjusted=0.9170045 Hits=8
Tree 0:
digraph g {
node [shape=rectangle];
n[label = "If_Then_Else"];
n0[label = "Or"];
n00[label = "And"];
n000[label = "FarthestFirstNode"];
n00 -> n000;
n001[label = "BestMove"];
n00 -> n001;
n0 -> n00;
n01[label = "FarthestInsertion"];
n0 -> n01;
n -> n0;
n1[label = "Or"];
n10[label = "Equal"];
n100[label = "Equal"];
n1000[label = "WorstMove"];
n100 -> n1000;
n1001[label = "FarthestInsertion"];
n100 -> n1001;
n10 -> n100;
n101[label = "FarthestInsertion"];
n10 -> n101;
n1 -> n10;
n11[label = "While"];
n110[label = "BestMove"];
n11 -> n110;
n111[label = "CplexTerminal"];
n11 -> n111;
n1 -> n11;
n -> n1;
n2[label = "BestMove"];
n -> n2;
}


Generation: 95
Best Individual:
Subpopulation 0:
Evaluated: true
Fitness: Standardized=0.09050716 Adjusted=0.9170045 Hits=8
Tree 0:
digraph g {
node [shape=rectangle];
n[label = "If_Then_Else"];
n0[label = "Or"];
n00[label = "And"];
n000[label = "FarthestFirstNode"];
n00 -> n000;
n001[label = "BestMove"];
n00 -> n001;
n0 -> n00;
n01[label = "FarthestInsertion"];
n0 -> n01;
n -> n0;
n1[label = "Or"];
n10[label = "Equal"];
n100[label = "Equal"];
n1000[label = "WorstMove"];
n100 -> n1000;
n1001[label = "FarthestInsertion"];
n100 -> n1001;
n10 -> n100;
n101[label = "FarthestInsertion"];
n10 -> n101;
n1 -> n10;
n11[label = "While"];
n110[label = "BestMove"];
n11 -> n110;
n111[label = "CplexTerminal"];
n11 -> n111;
n1 -> n11;
n -> n1;
n2[label = "BestMove"];
n -> n2;
}


Generation: 96
Best Individual:
Subpopulation 0:
Evaluated: true
Fitness: Standardized=0.09050716 Adjusted=0.9170045 Hits=8
Tree 0:
digraph g {
node [shape=rectangle];
n[label = "If_Then_Else"];
n0[label = "Or"];
n00[label = "And"];
n000[label = "FarthestFirstNode"];
n00 -> n000;
n001[label = "BestMove"];
n00 -> n001;
n0 -> n00;
n01[label = "FarthestInsertion"];
n0 -> n01;
n -> n0;
n1[label = "Or"];
n10[label = "Equal"];
n100[label = "Equal"];
n1000[label = "WorstMove"];
n100 -> n1000;
n1001[label = "FarthestInsertion"];
n100 -> n1001;
n10 -> n100;
n101[label = "FarthestInsertion"];
n10 -> n101;
n1 -> n10;
n11[label = "While"];
n110[label = "BestMove"];
n11 -> n110;
n111[label = "CplexTerminal"];
n11 -> n111;
n1 -> n11;
n -> n1;
n2[label = "BestMove"];
n -> n2;
}


Generation: 97
Best Individual:
Subpopulation 0:
Evaluated: true
Fitness: Standardized=0.09050716 Adjusted=0.9170045 Hits=8
Tree 0:
digraph g {
node [shape=rectangle];
n[label = "If_Then_Else"];
n0[label = "Or"];
n00[label = "And"];
n000[label = "FarthestFirstNode"];
n00 -> n000;
n001[label = "BestMove"];
n00 -> n001;
n0 -> n00;
n01[label = "FarthestInsertion"];
n0 -> n01;
n -> n0;
n1[label = "Or"];
n10[label = "Equal"];
n100[label = "Equal"];
n1000[label = "WorstMove"];
n100 -> n1000;
n1001[label = "FarthestInsertion"];
n100 -> n1001;
n10 -> n100;
n101[label = "FarthestInsertion"];
n10 -> n101;
n1 -> n10;
n11[label = "While"];
n110[label = "BestMove"];
n11 -> n110;
n111[label = "CplexTerminal"];
n11 -> n111;
n1 -> n11;
n -> n1;
n2[label = "BestMove"];
n -> n2;
}


Generation: 98
Best Individual:
Subpopulation 0:
Evaluated: true
Fitness: Standardized=0.09050716 Adjusted=0.9170045 Hits=8
Tree 0:
digraph g {
node [shape=rectangle];
n[label = "If_Then_Else"];
n0[label = "Or"];
n00[label = "And"];
n000[label = "FarthestFirstNode"];
n00 -> n000;
n001[label = "BestMove"];
n00 -> n001;
n0 -> n00;
n01[label = "FarthestInsertion"];
n0 -> n01;
n -> n0;
n1[label = "Or"];
n10[label = "Equal"];
n100[label = "Equal"];
n1000[label = "WorstMove"];
n100 -> n1000;
n1001[label = "FarthestInsertion"];
n100 -> n1001;
n10 -> n100;
n101[label = "FarthestInsertion"];
n10 -> n101;
n1 -> n10;
n11[label = "While"];
n110[label = "BestMove"];
n11 -> n110;
n111[label = "CplexTerminal"];
n11 -> n111;
n1 -> n11;
n -> n1;
n2[label = "BestMove"];
n -> n2;
}


Generation: 99
Best Individual:
Subpopulation 0:
Evaluated: true
Fitness: Standardized=0.09050716 Adjusted=0.9170045 Hits=8
Tree 0:
digraph g {
node [shape=rectangle];
n[label = "If_Then_Else"];
n0[label = "Or"];
n00[label = "And"];
n000[label = "FarthestFirstNode"];
n00 -> n000;
n001[label = "BestMove"];
n00 -> n001;
n0 -> n00;
n01[label = "FarthestInsertion"];
n0 -> n01;
n -> n0;
n1[label = "Or"];
n10[label = "Equal"];
n100[label = "Equal"];
n1000[label = "WorstMove"];
n100 -> n1000;
n1001[label = "FarthestInsertion"];
n100 -> n1001;
n10 -> n100;
n101[label = "FarthestInsertion"];
n10 -> n101;
n1 -> n10;
n11[label = "While"];
n110[label = "BestMove"];
n11 -> n110;
n111[label = "CplexTerminal"];
n11 -> n111;
n1 -> n11;
n -> n1;
n2[label = "BestMove"];
n -> n2;
}


Best Individual of Run:
Subpopulation 0:
Evaluated: true
Fitness: Standardized=0.09050716 Adjusted=0.9170045 Hits=8
Tree 0:
digraph g {
node [shape=rectangle];
n[label = "If_Then_Else"];
n0[label = "Or"];
n00[label = "And"];
n000[label = "FarthestFirstNode"];
n00 -> n000;
n001[label = "BestMove"];
n00 -> n001;
n0 -> n00;
n01[label = "FarthestInsertion"];
n0 -> n01;
n -> n0;
n1[label = "Or"];
n10[label = "Equal"];
n100[label = "Equal"];
n1000[label = "WorstMove"];
n100 -> n1000;
n1001[label = "FarthestInsertion"];
n100 -> n1001;
n10 -> n100;
n101[label = "FarthestInsertion"];
n10 -> n101;
n1 -> n10;
n11[label = "While"];
n110[label = "BestMove"];
n11 -> n110;
n111[label = "CplexTerminal"];
n11 -> n111;
n1 -> n11;
n -> n1;
n2[label = "BestMove"];
n -> n2;
}

