
Generation: 0
Best Individual:
Subpopulation 0:
Evaluated: true
Fitness: Standardized=0.76305807 Adjusted=0.5671963 Hits=0
Tree 0:
digraph g {
node [shape=rectangle];
n[label = "Or"];
n0[label = "If_Then_Else"];
n00[label = "If_Then_Else"];
n000[label = "NearestNeighbor"];
n00 -> n000;
n001[label = "FarthestNeighbor"];
n00 -> n001;
n002[label = "NearestFirstNode"];
n00 -> n002;
n0 -> n00;
n01[label = "Equal"];
n010[label = "BestMove"];
n01 -> n010;
n011[label = "BestMove"];
n01 -> n011;
n0 -> n01;
n02[label = "If_Then"];
n020[label = "FarthestInsertion"];
n02 -> n020;
n021[label = "BestMove"];
n02 -> n021;
n0 -> n02;
n -> n0;
n1[label = "And"];
n10[label = "Equal"];
n100[label = "NearestFirstNode"];
n10 -> n100;
n101[label = "FarthestInsertion"];
n10 -> n101;
n1 -> n10;
n11[label = "And"];
n110[label = "WorstMove"];
n11 -> n110;
n111[label = "FarthestNeighbor"];
n11 -> n111;
n1 -> n11;
n -> n1;
}


Generation: 1
Best Individual:
Subpopulation 0:
Evaluated: true
Fitness: Standardized=0.6776786 Adjusted=0.5960617 Hits=0
Tree 0:
digraph g {
node [shape=rectangle];
n[label = "Or"];
n0[label = "If_Then_Else"];
n00[label = "If_Then_Else"];
n000[label = "FarthestInsertion"];
n00 -> n000;
n001[label = "FarthestNeighbor"];
n00 -> n001;
n002[label = "NearestFirstNode"];
n00 -> n002;
n0 -> n00;
n01[label = "Equal"];
n010[label = "BestMove"];
n01 -> n010;
n011[label = "BestMove"];
n01 -> n011;
n0 -> n01;
n02[label = "If_Then"];
n020[label = "FarthestInsertion"];
n02 -> n020;
n021[label = "BestMove"];
n02 -> n021;
n0 -> n02;
n -> n0;
n1[label = "And"];
n10[label = "Equal"];
n100[label = "NearestFirstNode"];
n10 -> n100;
n101[label = "FarthestInsertion"];
n10 -> n101;
n1 -> n10;
n11[label = "And"];
n110[label = "WorstMove"];
n11 -> n110;
n111[label = "FarthestNeighbor"];
n11 -> n111;
n1 -> n11;
n -> n1;
}


Generation: 2
Best Individual:
Subpopulation 0:
Evaluated: true
Fitness: Standardized=0.60017014 Adjusted=0.62493354 Hits=0
Tree 0:
digraph g {
node [shape=rectangle];
n[label = "Equal"];
n0[label = "FarthestInsertion"];
n -> n0;
n1[label = "Or"];
n10[label = "If_Then_Else"];
n100[label = "NearestNeighbor"];
n10 -> n100;
n101[label = "FarthestNeighbor"];
n10 -> n101;
n102[label = "NearestFirstNode"];
n10 -> n102;
n1 -> n10;
n11[label = "BestMove"];
n1 -> n11;
n -> n1;
}


Generation: 3
Best Individual:
Subpopulation 0:
Evaluated: true
Fitness: Standardized=0.42734218 Adjusted=0.7006028 Hits=0
Tree 0:
digraph g {
node [shape=rectangle];
n[label = "Equal"];
n0[label = "FarthestInsertion"];
n -> n0;
n1[label = "If_Then_Else"];
n10[label = "FarthestInsertion"];
n1 -> n10;
n11[label = "FarthestNeighbor"];
n1 -> n11;
n12[label = "NearestFirstNode"];
n1 -> n12;
n -> n1;
}


Generation: 4
Best Individual:
Subpopulation 0:
Evaluated: true
Fitness: Standardized=0.42734218 Adjusted=0.7006028 Hits=0
Tree 0:
digraph g {
node [shape=rectangle];
n[label = "Equal"];
n0[label = "FarthestInsertion"];
n -> n0;
n1[label = "If_Then_Else"];
n10[label = "FarthestInsertion"];
n1 -> n10;
n11[label = "FarthestNeighbor"];
n1 -> n11;
n12[label = "If_Then_Else"];
n120[label = "FarthestInsertion"];
n12 -> n120;
n121[label = "FarthestNeighbor"];
n12 -> n121;
n122[label = "NearestFirstNode"];
n12 -> n122;
n1 -> n12;
n -> n1;
}


Generation: 5
Best Individual:
Subpopulation 0:
Evaluated: true
Fitness: Standardized=0.30623427 Adjusted=0.7655595 Hits=0
Tree 0:
digraph g {
node [shape=rectangle];
n[label = "Equal"];
n0[label = "FarthestInsertion"];
n -> n0;
n1[label = "Equal"];
n10[label = "FarthestInsertion"];
n1 -> n10;
n11[label = "If_Then_Else"];
n110[label = "FarthestInsertion"];
n11 -> n110;
n111[label = "FarthestNeighbor"];
n11 -> n111;
n112[label = "NearestFirstNode"];
n11 -> n112;
n1 -> n11;
n -> n1;
}


Generation: 6
Best Individual:
Subpopulation 0:
Evaluated: true
Fitness: Standardized=0.29531434 Adjusted=0.77201337 Hits=0
Tree 0:
digraph g {
node [shape=rectangle];
n[label = "Equal"];
n0[label = "FarthestInsertion"];
n -> n0;
n1[label = "If_Then_Else"];
n10[label = "Equal"];
n100[label = "FarthestInsertion"];
n10 -> n100;
n101[label = "If_Then_Else"];
n1010[label = "FarthestInsertion"];
n101 -> n1010;
n1011[label = "FarthestNeighbor"];
n101 -> n1011;
n1012[label = "NearestFirstNode"];
n101 -> n1012;
n10 -> n101;
n1 -> n10;
n11[label = "FarthestNeighbor"];
n1 -> n11;
n12[label = "NearestFirstNode"];
n1 -> n12;
n -> n1;
}


Generation: 7
Best Individual:
Subpopulation 0:
Evaluated: true
Fitness: Standardized=0.29531434 Adjusted=0.77201337 Hits=0
Tree 0:
digraph g {
node [shape=rectangle];
n[label = "Equal"];
n0[label = "FarthestInsertion"];
n -> n0;
n1[label = "Equal"];
n10[label = "FarthestInsertion"];
n1 -> n10;
n11[label = "Equal"];
n110[label = "FarthestInsertion"];
n11 -> n110;
n111[label = "If_Then_Else"];
n1110[label = "FarthestInsertion"];
n111 -> n1110;
n1111[label = "FarthestNeighbor"];
n111 -> n1111;
n1112[label = "NearestFirstNode"];
n111 -> n1112;
n11 -> n111;
n1 -> n11;
n -> n1;
}


Generation: 8
Best Individual:
Subpopulation 0:
Evaluated: true
Fitness: Standardized=0.29531434 Adjusted=0.77201337 Hits=0
Tree 0:
digraph g {
node [shape=rectangle];
n[label = "Equal"];
n0[label = "FarthestInsertion"];
n -> n0;
n1[label = "Equal"];
n10[label = "FarthestInsertion"];
n1 -> n10;
n11[label = "Equal"];
n110[label = "FarthestInsertion"];
n11 -> n110;
n111[label = "If_Then_Else"];
n1110[label = "FarthestInsertion"];
n111 -> n1110;
n1111[label = "FarthestNeighbor"];
n111 -> n1111;
n1112[label = "NearestFirstNode"];
n111 -> n1112;
n11 -> n111;
n1 -> n11;
n -> n1;
}


Generation: 9
Best Individual:
Subpopulation 0:
Evaluated: true
Fitness: Standardized=0.29531434 Adjusted=0.77201337 Hits=0
Tree 0:
digraph g {
node [shape=rectangle];
n[label = "Equal"];
n0[label = "FarthestInsertion"];
n -> n0;
n1[label = "If_Then_Else"];
n10[label = "Equal"];
n100[label = "FarthestInsertion"];
n10 -> n100;
n101[label = "If_Then_Else"];
n1010[label = "FarthestInsertion"];
n101 -> n1010;
n1011[label = "FarthestNeighbor"];
n101 -> n1011;
n1012[label = "NearestFirstNode"];
n101 -> n1012;
n10 -> n101;
n1 -> n10;
n11[label = "FarthestNeighbor"];
n1 -> n11;
n12[label = "NearestFirstNode"];
n1 -> n12;
n -> n1;
}


Generation: 10
Best Individual:
Subpopulation 0:
Evaluated: true
Fitness: Standardized=0.29531434 Adjusted=0.77201337 Hits=0
Tree 0:
digraph g {
node [shape=rectangle];
n[label = "Equal"];
n0[label = "FarthestInsertion"];
n -> n0;
n1[label = "Equal"];
n10[label = "FarthestInsertion"];
n1 -> n10;
n11[label = "Equal"];
n110[label = "FarthestInsertion"];
n11 -> n110;
n111[label = "If_Then_Else"];
n1110[label = "FarthestInsertion"];
n111 -> n1110;
n1111[label = "FarthestNeighbor"];
n111 -> n1111;
n1112[label = "NearestFirstNode"];
n111 -> n1112;
n11 -> n111;
n1 -> n11;
n -> n1;
}


Generation: 11
Best Individual:
Subpopulation 0:
Evaluated: true
Fitness: Standardized=0.29531434 Adjusted=0.77201337 Hits=0
Tree 0:
digraph g {
node [shape=rectangle];
n[label = "Equal"];
n0[label = "FarthestInsertion"];
n -> n0;
n1[label = "If_Then_Else"];
n10[label = "Equal"];
n100[label = "FarthestInsertion"];
n10 -> n100;
n101[label = "If_Then_Else"];
n1010[label = "FarthestInsertion"];
n101 -> n1010;
n1011[label = "FarthestNeighbor"];
n101 -> n1011;
n1012[label = "NearestFirstNode"];
n101 -> n1012;
n10 -> n101;
n1 -> n10;
n11[label = "FarthestNeighbor"];
n1 -> n11;
n12[label = "NearestFirstNode"];
n1 -> n12;
n -> n1;
}


Generation: 12
Best Individual:
Subpopulation 0:
Evaluated: true
Fitness: Standardized=0.29531434 Adjusted=0.77201337 Hits=0
Tree 0:
digraph g {
node [shape=rectangle];
n[label = "Equal"];
n0[label = "FarthestInsertion"];
n -> n0;
n1[label = "If_Then_Else"];
n10[label = "Equal"];
n100[label = "FarthestInsertion"];
n10 -> n100;
n101[label = "If_Then_Else"];
n1010[label = "FarthestInsertion"];
n101 -> n1010;
n1011[label = "FarthestNeighbor"];
n101 -> n1011;
n1012[label = "NearestFirstNode"];
n101 -> n1012;
n10 -> n101;
n1 -> n10;
n11[label = "FarthestNeighbor"];
n1 -> n11;
n12[label = "NearestFirstNode"];
n1 -> n12;
n -> n1;
}


Generation: 13
Best Individual:
Subpopulation 0:
Evaluated: true
Fitness: Standardized=0.29531434 Adjusted=0.77201337 Hits=0
Tree 0:
digraph g {
node [shape=rectangle];
n[label = "Equal"];
n0[label = "FarthestInsertion"];
n -> n0;
n1[label = "If_Then_Else"];
n10[label = "Equal"];
n100[label = "FarthestInsertion"];
n10 -> n100;
n101[label = "If_Then_Else"];
n1010[label = "FarthestInsertion"];
n101 -> n1010;
n1011[label = "FarthestNeighbor"];
n101 -> n1011;
n1012[label = "NearestFirstNode"];
n101 -> n1012;
n10 -> n101;
n1 -> n10;
n11[label = "FarthestNeighbor"];
n1 -> n11;
n12[label = "NearestFirstNode"];
n1 -> n12;
n -> n1;
}


Generation: 14
Best Individual:
Subpopulation 0:
Evaluated: true
Fitness: Standardized=0.29531434 Adjusted=0.77201337 Hits=0
Tree 0:
digraph g {
node [shape=rectangle];
n[label = "Equal"];
n0[label = "FarthestInsertion"];
n -> n0;
n1[label = "If_Then_Else"];
n10[label = "Equal"];
n100[label = "FarthestInsertion"];
n10 -> n100;
n101[label = "If_Then_Else"];
n1010[label = "FarthestInsertion"];
n101 -> n1010;
n1011[label = "FarthestNeighbor"];
n101 -> n1011;
n1012[label = "NearestFirstNode"];
n101 -> n1012;
n10 -> n101;
n1 -> n10;
n11[label = "FarthestNeighbor"];
n1 -> n11;
n12[label = "NearestFirstNode"];
n1 -> n12;
n -> n1;
}


Generation: 15
Best Individual:
Subpopulation 0:
Evaluated: true
Fitness: Standardized=0.29531434 Adjusted=0.77201337 Hits=0
Tree 0:
digraph g {
node [shape=rectangle];
n[label = "If_Then"];
n0[label = "FarthestInsertion"];
n -> n0;
n1[label = "Equal"];
n10[label = "FarthestInsertion"];
n1 -> n10;
n11[label = "Equal"];
n110[label = "FarthestInsertion"];
n11 -> n110;
n111[label = "If_Then_Else"];
n1110[label = "FarthestInsertion"];
n111 -> n1110;
n1111[label = "FarthestNeighbor"];
n111 -> n1111;
n1112[label = "NearestFirstNode"];
n111 -> n1112;
n11 -> n111;
n1 -> n11;
n -> n1;
}


Generation: 16
Best Individual:
Subpopulation 0:
Evaluated: true
Fitness: Standardized=0.29531434 Adjusted=0.77201337 Hits=0
Tree 0:
digraph g {
node [shape=rectangle];
n[label = "Equal"];
n0[label = "FarthestInsertion"];
n -> n0;
n1[label = "If_Then_Else"];
n10[label = "Equal"];
n100[label = "FarthestNeighbor"];
n10 -> n100;
n101[label = "If_Then_Else"];
n1010[label = "FarthestInsertion"];
n101 -> n1010;
n1011[label = "FarthestNeighbor"];
n101 -> n1011;
n1012[label = "NearestFirstNode"];
n101 -> n1012;
n10 -> n101;
n1 -> n10;
n11[label = "FarthestNeighbor"];
n1 -> n11;
n12[label = "NearestFirstNode"];
n1 -> n12;
n -> n1;
}


Generation: 17
Best Individual:
Subpopulation 0:
Evaluated: true
Fitness: Standardized=0.29531434 Adjusted=0.77201337 Hits=0
Tree 0:
digraph g {
node [shape=rectangle];
n[label = "Equal"];
n0[label = "FarthestInsertion"];
n -> n0;
n1[label = "If_Then_Else"];
n10[label = "And"];
n100[label = "FarthestInsertion"];
n10 -> n100;
n101[label = "If_Then_Else"];
n1010[label = "FarthestInsertion"];
n101 -> n1010;
n1011[label = "FarthestNeighbor"];
n101 -> n1011;
n1012[label = "NearestFirstNode"];
n101 -> n1012;
n10 -> n101;
n1 -> n10;
n11[label = "FarthestNeighbor"];
n1 -> n11;
n12[label = "NearestFirstNode"];
n1 -> n12;
n -> n1;
}


Generation: 18
Best Individual:
Subpopulation 0:
Evaluated: true
Fitness: Standardized=0.29531434 Adjusted=0.77201337 Hits=0
Tree 0:
digraph g {
node [shape=rectangle];
n[label = "And"];
n0[label = "FarthestInsertion"];
n -> n0;
n1[label = "Equal"];
n10[label = "FarthestInsertion"];
n1 -> n10;
n11[label = "Equal"];
n110[label = "FarthestInsertion"];
n11 -> n110;
n111[label = "If_Then_Else"];
n1110[label = "FarthestInsertion"];
n111 -> n1110;
n1111[label = "FarthestNeighbor"];
n111 -> n1111;
n1112[label = "NearestFirstNode"];
n111 -> n1112;
n11 -> n111;
n1 -> n11;
n -> n1;
}


Generation: 19
Best Individual:
Subpopulation 0:
Evaluated: true
Fitness: Standardized=0.29531434 Adjusted=0.77201337 Hits=0
Tree 0:
digraph g {
node [shape=rectangle];
n[label = "Equal"];
n0[label = "FarthestNeighbor"];
n -> n0;
n1[label = "Equal"];
n10[label = "FarthestInsertion"];
n1 -> n10;
n11[label = "Equal"];
n110[label = "FarthestInsertion"];
n11 -> n110;
n111[label = "If_Then_Else"];
n1110[label = "FarthestInsertion"];
n111 -> n1110;
n1111[label = "FarthestInsertion"];
n111 -> n1111;
n1112[label = "NearestFirstNode"];
n111 -> n1112;
n11 -> n111;
n1 -> n11;
n -> n1;
}


Generation: 20
Best Individual:
Subpopulation 0:
Evaluated: true
Fitness: Standardized=0.29531434 Adjusted=0.77201337 Hits=0
Tree 0:
digraph g {
node [shape=rectangle];
n[label = "Equal"];
n0[label = "FarthestInsertion"];
n -> n0;
n1[label = "If_Then_Else"];
n10[label = "And"];
n100[label = "FarthestInsertion"];
n10 -> n100;
n101[label = "If_Then_Else"];
n1010[label = "FarthestInsertion"];
n101 -> n1010;
n1011[label = "FarthestNeighbor"];
n101 -> n1011;
n1012[label = "NearestFirstNode"];
n101 -> n1012;
n10 -> n101;
n1 -> n10;
n11[label = "FarthestNeighbor"];
n1 -> n11;
n12[label = "NearestFirstNode"];
n1 -> n12;
n -> n1;
}


Generation: 21
Best Individual:
Subpopulation 0:
Evaluated: true
Fitness: Standardized=0.29531434 Adjusted=0.77201337 Hits=0
Tree 0:
digraph g {
node [shape=rectangle];
n[label = "Equal"];
n0[label = "FarthestInsertion"];
n -> n0;
n1[label = "If_Then_Else"];
n10[label = "And"];
n100[label = "FarthestInsertion"];
n10 -> n100;
n101[label = "If_Then_Else"];
n1010[label = "FarthestInsertion"];
n101 -> n1010;
n1011[label = "FarthestNeighbor"];
n101 -> n1011;
n1012[label = "NearestFirstNode"];
n101 -> n1012;
n10 -> n101;
n1 -> n10;
n11[label = "FarthestNeighbor"];
n1 -> n11;
n12[label = "NearestFirstNode"];
n1 -> n12;
n -> n1;
}


Generation: 22
Best Individual:
Subpopulation 0:
Evaluated: true
Fitness: Standardized=0.29531434 Adjusted=0.77201337 Hits=0
Tree 0:
digraph g {
node [shape=rectangle];
n[label = "And"];
n0[label = "FarthestInsertion"];
n -> n0;
n1[label = "Equal"];
n10[label = "FarthestInsertion"];
n1 -> n10;
n11[label = "Equal"];
n110[label = "FarthestInsertion"];
n11 -> n110;
n111[label = "If_Then_Else"];
n1110[label = "FarthestInsertion"];
n111 -> n1110;
n1111[label = "FarthestNeighbor"];
n111 -> n1111;
n1112[label = "NearestFirstNode"];
n111 -> n1112;
n11 -> n111;
n1 -> n11;
n -> n1;
}


Generation: 23
Best Individual:
Subpopulation 0:
Evaluated: true
Fitness: Standardized=0.29531434 Adjusted=0.77201337 Hits=0
Tree 0:
digraph g {
node [shape=rectangle];
n[label = "Equal"];
n0[label = "FarthestInsertion"];
n -> n0;
n1[label = "If_Then_Else"];
n10[label = "And"];
n100[label = "FarthestInsertion"];
n10 -> n100;
n101[label = "If_Then_Else"];
n1010[label = "FarthestInsertion"];
n101 -> n1010;
n1011[label = "FarthestNeighbor"];
n101 -> n1011;
n1012[label = "NearestFirstNode"];
n101 -> n1012;
n10 -> n101;
n1 -> n10;
n11[label = "FarthestNeighbor"];
n1 -> n11;
n12[label = "NearestFirstNode"];
n1 -> n12;
n -> n1;
}


Generation: 24
Best Individual:
Subpopulation 0:
Evaluated: true
Fitness: Standardized=0.29531434 Adjusted=0.77201337 Hits=0
Tree 0:
digraph g {
node [shape=rectangle];
n[label = "And"];
n0[label = "FarthestInsertion"];
n -> n0;
n1[label = "Equal"];
n10[label = "FarthestInsertion"];
n1 -> n10;
n11[label = "Equal"];
n110[label = "FarthestInsertion"];
n11 -> n110;
n111[label = "If_Then_Else"];
n1110[label = "FarthestInsertion"];
n111 -> n1110;
n1111[label = "FarthestNeighbor"];
n111 -> n1111;
n1112[label = "NearestFirstNode"];
n111 -> n1112;
n11 -> n111;
n1 -> n11;
n -> n1;
}


Generation: 25
Best Individual:
Subpopulation 0:
Evaluated: true
Fitness: Standardized=0.29531434 Adjusted=0.77201337 Hits=0
Tree 0:
digraph g {
node [shape=rectangle];
n[label = "Equal"];
n0[label = "FarthestInsertion"];
n -> n0;
n1[label = "If_Then_Else"];
n10[label = "And"];
n100[label = "FarthestInsertion"];
n10 -> n100;
n101[label = "If_Then_Else"];
n1010[label = "FarthestInsertion"];
n101 -> n1010;
n1011[label = "FarthestNeighbor"];
n101 -> n1011;
n1012[label = "NearestFirstNode"];
n101 -> n1012;
n10 -> n101;
n1 -> n10;
n11[label = "FarthestNeighbor"];
n1 -> n11;
n12[label = "NearestFirstNode"];
n1 -> n12;
n -> n1;
}


Generation: 26
Best Individual:
Subpopulation 0:
Evaluated: true
Fitness: Standardized=0.29531434 Adjusted=0.77201337 Hits=0
Tree 0:
digraph g {
node [shape=rectangle];
n[label = "Equal"];
n0[label = "FarthestInsertion"];
n -> n0;
n1[label = "If_Then_Else"];
n10[label = "And"];
n100[label = "FarthestInsertion"];
n10 -> n100;
n101[label = "If_Then_Else"];
n1010[label = "FarthestInsertion"];
n101 -> n1010;
n1011[label = "FarthestNeighbor"];
n101 -> n1011;
n1012[label = "NearestFirstNode"];
n101 -> n1012;
n10 -> n101;
n1 -> n10;
n11[label = "FarthestNeighbor"];
n1 -> n11;
n12[label = "NearestFirstNode"];
n1 -> n12;
n -> n1;
}


Generation: 27
Best Individual:
Subpopulation 0:
Evaluated: true
Fitness: Standardized=0.29531434 Adjusted=0.77201337 Hits=0
Tree 0:
digraph g {
node [shape=rectangle];
n[label = "Equal"];
n0[label = "FarthestInsertion"];
n -> n0;
n1[label = "If_Then_Else"];
n10[label = "And"];
n100[label = "FarthestInsertion"];
n10 -> n100;
n101[label = "If_Then_Else"];
n1010[label = "FarthestInsertion"];
n101 -> n1010;
n1011[label = "FarthestNeighbor"];
n101 -> n1011;
n1012[label = "NearestFirstNode"];
n101 -> n1012;
n10 -> n101;
n1 -> n10;
n11[label = "FarthestNeighbor"];
n1 -> n11;
n12[label = "NearestFirstNode"];
n1 -> n12;
n -> n1;
}


Generation: 28
Best Individual:
Subpopulation 0:
Evaluated: true
Fitness: Standardized=0.29531434 Adjusted=0.77201337 Hits=0
Tree 0:
digraph g {
node [shape=rectangle];
n[label = "Equal"];
n0[label = "FarthestInsertion"];
n -> n0;
n1[label = "If_Then_Else"];
n10[label = "And"];
n100[label = "FarthestInsertion"];
n10 -> n100;
n101[label = "If_Then_Else"];
n1010[label = "FarthestInsertion"];
n101 -> n1010;
n1011[label = "FarthestNeighbor"];
n101 -> n1011;
n1012[label = "NearestFirstNode"];
n101 -> n1012;
n10 -> n101;
n1 -> n10;
n11[label = "FarthestNeighbor"];
n1 -> n11;
n12[label = "NearestFirstNode"];
n1 -> n12;
n -> n1;
}


Generation: 29
Best Individual:
Subpopulation 0:
Evaluated: true
Fitness: Standardized=0.29531434 Adjusted=0.77201337 Hits=0
Tree 0:
digraph g {
node [shape=rectangle];
n[label = "If_Then_Else"];
n0[label = "If_Then_Else"];
n00[label = "And"];
n000[label = "FarthestInsertion"];
n00 -> n000;
n001[label = "If_Then_Else"];
n0010[label = "FarthestInsertion"];
n001 -> n0010;
n0011[label = "FarthestNeighbor"];
n001 -> n0011;
n0012[label = "NearestFirstNode"];
n001 -> n0012;
n00 -> n001;
n0 -> n00;
n01[label = "FarthestNeighbor"];
n0 -> n01;
n02[label = "NearestFirstNode"];
n0 -> n02;
n -> n0;
n1[label = "FarthestNeighbor"];
n -> n1;
n2[label = "NearestFirstNode"];
n -> n2;
}


Generation: 30
Best Individual:
Subpopulation 0:
Evaluated: true
Fitness: Standardized=0.29531434 Adjusted=0.77201337 Hits=0
Tree 0:
digraph g {
node [shape=rectangle];
n[label = "If_Then_Else"];
n0[label = "If_Then_Else"];
n00[label = "And"];
n000[label = "FarthestInsertion"];
n00 -> n000;
n001[label = "If_Then_Else"];
n0010[label = "FarthestInsertion"];
n001 -> n0010;
n0011[label = "FarthestNeighbor"];
n001 -> n0011;
n0012[label = "NearestFirstNode"];
n001 -> n0012;
n00 -> n001;
n0 -> n00;
n01[label = "FarthestNeighbor"];
n0 -> n01;
n02[label = "NearestFirstNode"];
n0 -> n02;
n -> n0;
n1[label = "FarthestNeighbor"];
n -> n1;
n2[label = "NearestFirstNode"];
n -> n2;
}


Generation: 31
Best Individual:
Subpopulation 0:
Evaluated: true
Fitness: Standardized=0.29531434 Adjusted=0.77201337 Hits=0
Tree 0:
digraph g {
node [shape=rectangle];
n[label = "Equal"];
n0[label = "FarthestInsertion"];
n -> n0;
n1[label = "If_Then_Else"];
n10[label = "And"];
n100[label = "FarthestInsertion"];
n10 -> n100;
n101[label = "If_Then_Else"];
n1010[label = "FarthestInsertion"];
n101 -> n1010;
n1011[label = "FarthestNeighbor"];
n101 -> n1011;
n1012[label = "NearestFirstNode"];
n101 -> n1012;
n10 -> n101;
n1 -> n10;
n11[label = "FarthestNeighbor"];
n1 -> n11;
n12[label = "NearestFirstNode"];
n1 -> n12;
n -> n1;
}


Generation: 32
Best Individual:
Subpopulation 0:
Evaluated: true
Fitness: Standardized=0.29531434 Adjusted=0.77201337 Hits=0
Tree 0:
digraph g {
node [shape=rectangle];
n[label = "Equal"];
n0[label = "FarthestInsertion"];
n -> n0;
n1[label = "If_Then_Else"];
n10[label = "And"];
n100[label = "FarthestInsertion"];
n10 -> n100;
n101[label = "If_Then_Else"];
n1010[label = "FarthestInsertion"];
n101 -> n1010;
n1011[label = "FarthestNeighbor"];
n101 -> n1011;
n1012[label = "NearestNeighbor"];
n101 -> n1012;
n10 -> n101;
n1 -> n10;
n11[label = "FarthestNeighbor"];
n1 -> n11;
n12[label = "NearestFirstNode"];
n1 -> n12;
n -> n1;
}


Generation: 33
Best Individual:
Subpopulation 0:
Evaluated: true
Fitness: Standardized=0.28440526 Adjusted=0.7785705 Hits=0
Tree 0:
digraph g {
node [shape=rectangle];
n[label = "If_Then_Else"];
n0[label = "If_Then_Else"];
n00[label = "And"];
n000[label = "NearestFirstNode"];
n00 -> n000;
n001[label = "If_Then_Else"];
n0010[label = "FarthestInsertion"];
n001 -> n0010;
n0011[label = "FarthestNeighbor"];
n001 -> n0011;
n0012[label = "NearestFirstNode"];
n001 -> n0012;
n00 -> n001;
n0 -> n00;
n01[label = "FarthestNeighbor"];
n0 -> n01;
n02[label = "NearestFirstNode"];
n0 -> n02;
n -> n0;
n1[label = "FarthestNeighbor"];
n -> n1;
n2[label = "NearestFirstNode"];
n -> n2;
}


Generation: 34
Best Individual:
Subpopulation 0:
Evaluated: true
Fitness: Standardized=0.28440526 Adjusted=0.7785705 Hits=0
Tree 0:
digraph g {
node [shape=rectangle];
n[label = "If_Then_Else"];
n0[label = "If_Then_Else"];
n00[label = "And"];
n000[label = "NearestFirstNode"];
n00 -> n000;
n001[label = "If_Then_Else"];
n0010[label = "FarthestInsertion"];
n001 -> n0010;
n0011[label = "FarthestNeighbor"];
n001 -> n0011;
n0012[label = "NearestFirstNode"];
n001 -> n0012;
n00 -> n001;
n0 -> n00;
n01[label = "FarthestNeighbor"];
n0 -> n01;
n02[label = "NearestFirstNode"];
n0 -> n02;
n -> n0;
n1[label = "FarthestNeighbor"];
n -> n1;
n2[label = "NearestFirstNode"];
n -> n2;
}


Generation: 35
Best Individual:
Subpopulation 0:
Evaluated: true
Fitness: Standardized=0.28440526 Adjusted=0.7785705 Hits=0
Tree 0:
digraph g {
node [shape=rectangle];
n[label = "If_Then_Else"];
n0[label = "If_Then_Else"];
n00[label = "And"];
n000[label = "NearestFirstNode"];
n00 -> n000;
n001[label = "If_Then_Else"];
n0010[label = "FarthestInsertion"];
n001 -> n0010;
n0011[label = "FarthestNeighbor"];
n001 -> n0011;
n0012[label = "NearestFirstNode"];
n001 -> n0012;
n00 -> n001;
n0 -> n00;
n01[label = "FarthestNeighbor"];
n0 -> n01;
n02[label = "NearestFirstNode"];
n0 -> n02;
n -> n0;
n1[label = "FarthestNeighbor"];
n -> n1;
n2[label = "NearestFirstNode"];
n -> n2;
}


Generation: 36
Best Individual:
Subpopulation 0:
Evaluated: true
Fitness: Standardized=0.28440526 Adjusted=0.7785705 Hits=0
Tree 0:
digraph g {
node [shape=rectangle];
n[label = "If_Then_Else"];
n0[label = "If_Then_Else"];
n00[label = "And"];
n000[label = "NearestFirstNode"];
n00 -> n000;
n001[label = "If_Then_Else"];
n0010[label = "FarthestInsertion"];
n001 -> n0010;
n0011[label = "FarthestNeighbor"];
n001 -> n0011;
n0012[label = "NearestFirstNode"];
n001 -> n0012;
n00 -> n001;
n0 -> n00;
n01[label = "FarthestNeighbor"];
n0 -> n01;
n02[label = "NearestFirstNode"];
n0 -> n02;
n -> n0;
n1[label = "FarthestNeighbor"];
n -> n1;
n2[label = "NearestFirstNode"];
n -> n2;
}


Generation: 37
Best Individual:
Subpopulation 0:
Evaluated: true
Fitness: Standardized=0.28440526 Adjusted=0.7785705 Hits=0
Tree 0:
digraph g {
node [shape=rectangle];
n[label = "If_Then_Else"];
n0[label = "If_Then_Else"];
n00[label = "And"];
n000[label = "NearestFirstNode"];
n00 -> n000;
n001[label = "If_Then_Else"];
n0010[label = "FarthestInsertion"];
n001 -> n0010;
n0011[label = "FarthestNeighbor"];
n001 -> n0011;
n0012[label = "NearestFirstNode"];
n001 -> n0012;
n00 -> n001;
n0 -> n00;
n01[label = "FarthestNeighbor"];
n0 -> n01;
n02[label = "NearestFirstNode"];
n0 -> n02;
n -> n0;
n1[label = "FarthestNeighbor"];
n -> n1;
n2[label = "NearestFirstNode"];
n -> n2;
}


Generation: 38
Best Individual:
Subpopulation 0:
Evaluated: true
Fitness: Standardized=0.28440526 Adjusted=0.7785705 Hits=0
Tree 0:
digraph g {
node [shape=rectangle];
n[label = "If_Then_Else"];
n0[label = "If_Then_Else"];
n00[label = "And"];
n000[label = "NearestFirstNode"];
n00 -> n000;
n001[label = "If_Then_Else"];
n0010[label = "FarthestInsertion"];
n001 -> n0010;
n0011[label = "FarthestNeighbor"];
n001 -> n0011;
n0012[label = "NearestFirstNode"];
n001 -> n0012;
n00 -> n001;
n0 -> n00;
n01[label = "FarthestNeighbor"];
n0 -> n01;
n02[label = "NearestFirstNode"];
n0 -> n02;
n -> n0;
n1[label = "FarthestNeighbor"];
n -> n1;
n2[label = "NearestFirstNode"];
n -> n2;
}


Generation: 39
Best Individual:
Subpopulation 0:
Evaluated: true
Fitness: Standardized=0.28440526 Adjusted=0.7785705 Hits=0
Tree 0:
digraph g {
node [shape=rectangle];
n[label = "If_Then_Else"];
n0[label = "If_Then_Else"];
n00[label = "And"];
n000[label = "NearestFirstNode"];
n00 -> n000;
n001[label = "If_Then_Else"];
n0010[label = "FarthestInsertion"];
n001 -> n0010;
n0011[label = "FarthestNeighbor"];
n001 -> n0011;
n0012[label = "NearestFirstNode"];
n001 -> n0012;
n00 -> n001;
n0 -> n00;
n01[label = "FarthestNeighbor"];
n0 -> n01;
n02[label = "NearestFirstNode"];
n0 -> n02;
n -> n0;
n1[label = "FarthestNeighbor"];
n -> n1;
n2[label = "NearestFirstNode"];
n -> n2;
}


Generation: 40
Best Individual:
Subpopulation 0:
Evaluated: true
Fitness: Standardized=0.28440526 Adjusted=0.7785705 Hits=0
Tree 0:
digraph g {
node [shape=rectangle];
n[label = "If_Then_Else"];
n0[label = "If_Then_Else"];
n00[label = "And"];
n000[label = "NearestFirstNode"];
n00 -> n000;
n001[label = "If_Then_Else"];
n0010[label = "FarthestNeighbor"];
n001 -> n0010;
n0011[label = "FarthestNeighbor"];
n001 -> n0011;
n0012[label = "NearestFirstNode"];
n001 -> n0012;
n00 -> n001;
n0 -> n00;
n01[label = "FarthestNeighbor"];
n0 -> n01;
n02[label = "NearestFirstNode"];
n0 -> n02;
n -> n0;
n1[label = "FarthestNeighbor"];
n -> n1;
n2[label = "NearestFirstNode"];
n -> n2;
}


Generation: 41
Best Individual:
Subpopulation 0:
Evaluated: true
Fitness: Standardized=0.28440526 Adjusted=0.7785705 Hits=0
Tree 0:
digraph g {
node [shape=rectangle];
n[label = "If_Then_Else"];
n0[label = "If_Then_Else"];
n00[label = "And"];
n000[label = "NearestFirstNode"];
n00 -> n000;
n001[label = "If_Then_Else"];
n0010[label = "FarthestInsertion"];
n001 -> n0010;
n0011[label = "FarthestNeighbor"];
n001 -> n0011;
n0012[label = "NearestFirstNode"];
n001 -> n0012;
n00 -> n001;
n0 -> n00;
n01[label = "FarthestNeighbor"];
n0 -> n01;
n02[label = "CplexTerminal"];
n0 -> n02;
n -> n0;
n1[label = "FarthestNeighbor"];
n -> n1;
n2[label = "NearestFirstNode"];
n -> n2;
}


Generation: 42
Best Individual:
Subpopulation 0:
Evaluated: true
Fitness: Standardized=0.28440526 Adjusted=0.7785705 Hits=0
Tree 0:
digraph g {
node [shape=rectangle];
n[label = "If_Then_Else"];
n0[label = "If_Then_Else"];
n00[label = "And"];
n000[label = "NearestFirstNode"];
n00 -> n000;
n001[label = "If_Then_Else"];
n0010[label = "FarthestInsertion"];
n001 -> n0010;
n0011[label = "FarthestNeighbor"];
n001 -> n0011;
n0012[label = "NearestFirstNode"];
n001 -> n0012;
n00 -> n001;
n0 -> n00;
n01[label = "FarthestNeighbor"];
n0 -> n01;
n02[label = "NearestFirstNode"];
n0 -> n02;
n -> n0;
n1[label = "FarthestNeighbor"];
n -> n1;
n2[label = "NearestFirstNode"];
n -> n2;
}


Generation: 43
Best Individual:
Subpopulation 0:
Evaluated: true
Fitness: Standardized=0.28440526 Adjusted=0.7785705 Hits=0
Tree 0:
digraph g {
node [shape=rectangle];
n[label = "If_Then_Else"];
n0[label = "If_Then_Else"];
n00[label = "And"];
n000[label = "NearestFirstNode"];
n00 -> n000;
n001[label = "If_Then_Else"];
n0010[label = "FarthestInsertion"];
n001 -> n0010;
n0011[label = "FarthestNeighbor"];
n001 -> n0011;
n0012[label = "NearestFirstNode"];
n001 -> n0012;
n00 -> n001;
n0 -> n00;
n01[label = "FarthestNeighbor"];
n0 -> n01;
n02[label = "NearestFirstNode"];
n0 -> n02;
n -> n0;
n1[label = "FarthestNeighbor"];
n -> n1;
n2[label = "NearestFirstNode"];
n -> n2;
}


Generation: 44
Best Individual:
Subpopulation 0:
Evaluated: true
Fitness: Standardized=0.28440526 Adjusted=0.7785705 Hits=0
Tree 0:
digraph g {
node [shape=rectangle];
n[label = "If_Then_Else"];
n0[label = "If_Then_Else"];
n00[label = "And"];
n000[label = "NearestFirstNode"];
n00 -> n000;
n001[label = "If_Then_Else"];
n0010[label = "FarthestInsertion"];
n001 -> n0010;
n0011[label = "FarthestNeighbor"];
n001 -> n0011;
n0012[label = "NearestFirstNode"];
n001 -> n0012;
n00 -> n001;
n0 -> n00;
n01[label = "FarthestNeighbor"];
n0 -> n01;
n02[label = "If_Then_Else"];
n020[label = "FarthestInsertion"];
n02 -> n020;
n021[label = "FarthestNeighbor"];
n02 -> n021;
n022[label = "NearestFirstNode"];
n02 -> n022;
n0 -> n02;
n -> n0;
n1[label = "FarthestNeighbor"];
n -> n1;
n2[label = "NearestFirstNode"];
n -> n2;
}


Generation: 45
Best Individual:
Subpopulation 0:
Evaluated: true
Fitness: Standardized=0.28440526 Adjusted=0.7785705 Hits=0
Tree 0:
digraph g {
node [shape=rectangle];
n[label = "If_Then_Else"];
n0[label = "If_Then_Else"];
n00[label = "And"];
n000[label = "NearestFirstNode"];
n00 -> n000;
n001[label = "If_Then_Else"];
n0010[label = "FarthestInsertion"];
n001 -> n0010;
n0011[label = "FarthestNeighbor"];
n001 -> n0011;
n0012[label = "NearestFirstNode"];
n001 -> n0012;
n00 -> n001;
n0 -> n00;
n01[label = "FarthestNeighbor"];
n0 -> n01;
n02[label = "NearestFirstNode"];
n0 -> n02;
n -> n0;
n1[label = "FarthestNeighbor"];
n -> n1;
n2[label = "If_Then_Else"];
n20[label = "FarthestInsertion"];
n2 -> n20;
n21[label = "FarthestNeighbor"];
n2 -> n21;
n22[label = "NearestFirstNode"];
n2 -> n22;
n -> n2;
}


Generation: 46
Best Individual:
Subpopulation 0:
Evaluated: true
Fitness: Standardized=0.28440526 Adjusted=0.7785705 Hits=0
Tree 0:
digraph g {
node [shape=rectangle];
n[label = "If_Then_Else"];
n0[label = "If_Then_Else"];
n00[label = "And"];
n000[label = "NearestFirstNode"];
n00 -> n000;
n001[label = "If_Then_Else"];
n0010[label = "FarthestInsertion"];
n001 -> n0010;
n0011[label = "FarthestNeighbor"];
n001 -> n0011;
n0012[label = "NearestFirstNode"];
n001 -> n0012;
n00 -> n001;
n0 -> n00;
n01[label = "FarthestNeighbor"];
n0 -> n01;
n02[label = "NearestFirstNode"];
n0 -> n02;
n -> n0;
n1[label = "FarthestNeighbor"];
n -> n1;
n2[label = "NearestFirstNode"];
n -> n2;
}


Generation: 47
Best Individual:
Subpopulation 0:
Evaluated: true
Fitness: Standardized=0.28440526 Adjusted=0.7785705 Hits=0
Tree 0:
digraph g {
node [shape=rectangle];
n[label = "If_Then_Else"];
n0[label = "If_Then_Else"];
n00[label = "And"];
n000[label = "NearestFirstNode"];
n00 -> n000;
n001[label = "If_Then_Else"];
n0010[label = "FarthestInsertion"];
n001 -> n0010;
n0011[label = "FarthestNeighbor"];
n001 -> n0011;
n0012[label = "NearestFirstNode"];
n001 -> n0012;
n00 -> n001;
n0 -> n00;
n01[label = "FarthestNeighbor"];
n0 -> n01;
n02[label = "NearestFirstNode"];
n0 -> n02;
n -> n0;
n1[label = "FarthestNeighbor"];
n -> n1;
n2[label = "NearestFirstNode"];
n -> n2;
}


Generation: 48
Best Individual:
Subpopulation 0:
Evaluated: true
Fitness: Standardized=0.28440526 Adjusted=0.7785705 Hits=0
Tree 0:
digraph g {
node [shape=rectangle];
n[label = "If_Then_Else"];
n0[label = "If_Then_Else"];
n00[label = "And"];
n000[label = "NearestFirstNode"];
n00 -> n000;
n001[label = "If_Then_Else"];
n0010[label = "FarthestInsertion"];
n001 -> n0010;
n0011[label = "FarthestNeighbor"];
n001 -> n0011;
n0012[label = "NearestFirstNode"];
n001 -> n0012;
n00 -> n001;
n0 -> n00;
n01[label = "FarthestNeighbor"];
n0 -> n01;
n02[label = "NearestFirstNode"];
n0 -> n02;
n -> n0;
n1[label = "FarthestNeighbor"];
n -> n1;
n2[label = "NearestFirstNode"];
n -> n2;
}


Generation: 49
Best Individual:
Subpopulation 0:
Evaluated: true
Fitness: Standardized=0.28440526 Adjusted=0.7785705 Hits=0
Tree 0:
digraph g {
node [shape=rectangle];
n[label = "If_Then_Else"];
n0[label = "If_Then_Else"];
n00[label = "And"];
n000[label = "NearestFirstNode"];
n00 -> n000;
n001[label = "If_Then_Else"];
n0010[label = "FarthestInsertion"];
n001 -> n0010;
n0011[label = "FarthestNeighbor"];
n001 -> n0011;
n0012[label = "NearestFirstNode"];
n001 -> n0012;
n00 -> n001;
n0 -> n00;
n01[label = "FarthestNeighbor"];
n0 -> n01;
n02[label = "NearestFirstNode"];
n0 -> n02;
n -> n0;
n1[label = "FarthestNeighbor"];
n -> n1;
n2[label = "NearestFirstNode"];
n -> n2;
}


Generation: 50
Best Individual:
Subpopulation 0:
Evaluated: true
Fitness: Standardized=0.28440526 Adjusted=0.7785705 Hits=0
Tree 0:
digraph g {
node [shape=rectangle];
n[label = "If_Then_Else"];
n0[label = "If_Then_Else"];
n00[label = "And"];
n000[label = "NearestFirstNode"];
n00 -> n000;
n001[label = "If_Then_Else"];
n0010[label = "FarthestInsertion"];
n001 -> n0010;
n0011[label = "FarthestNeighbor"];
n001 -> n0011;
n0012[label = "NearestFirstNode"];
n001 -> n0012;
n00 -> n001;
n0 -> n00;
n01[label = "FarthestNeighbor"];
n0 -> n01;
n02[label = "NearestFirstNode"];
n0 -> n02;
n -> n0;
n1[label = "FarthestNeighbor"];
n -> n1;
n2[label = "NearestFirstNode"];
n -> n2;
}


Generation: 51
Best Individual:
Subpopulation 0:
Evaluated: true
Fitness: Standardized=0.28440526 Adjusted=0.7785705 Hits=0
Tree 0:
digraph g {
node [shape=rectangle];
n[label = "If_Then_Else"];
n0[label = "If_Then_Else"];
n00[label = "And"];
n000[label = "NearestFirstNode"];
n00 -> n000;
n001[label = "If_Then_Else"];
n0010[label = "FarthestInsertion"];
n001 -> n0010;
n0011[label = "FarthestNeighbor"];
n001 -> n0011;
n0012[label = "NearestFirstNode"];
n001 -> n0012;
n00 -> n001;
n0 -> n00;
n01[label = "FarthestNeighbor"];
n0 -> n01;
n02[label = "NearestFirstNode"];
n0 -> n02;
n -> n0;
n1[label = "FarthestNeighbor"];
n -> n1;
n2[label = "NearestFirstNode"];
n -> n2;
}


Generation: 52
Best Individual:
Subpopulation 0:
Evaluated: true
Fitness: Standardized=0.28440526 Adjusted=0.7785705 Hits=0
Tree 0:
digraph g {
node [shape=rectangle];
n[label = "If_Then_Else"];
n0[label = "If_Then_Else"];
n00[label = "And"];
n000[label = "NearestFirstNode"];
n00 -> n000;
n001[label = "If_Then_Else"];
n0010[label = "FarthestInsertion"];
n001 -> n0010;
n0011[label = "FarthestNeighbor"];
n001 -> n0011;
n0012[label = "NearestFirstNode"];
n001 -> n0012;
n00 -> n001;
n0 -> n00;
n01[label = "FarthestNeighbor"];
n0 -> n01;
n02[label = "NearestFirstNode"];
n0 -> n02;
n -> n0;
n1[label = "FarthestNeighbor"];
n -> n1;
n2[label = "NearestFirstNode"];
n -> n2;
}


Generation: 53
Best Individual:
Subpopulation 0:
Evaluated: true
Fitness: Standardized=0.28440526 Adjusted=0.7785705 Hits=0
Tree 0:
digraph g {
node [shape=rectangle];
n[label = "If_Then_Else"];
n0[label = "If_Then_Else"];
n00[label = "And"];
n000[label = "NearestFirstNode"];
n00 -> n000;
n001[label = "If_Then_Else"];
n0010[label = "FarthestInsertion"];
n001 -> n0010;
n0011[label = "FarthestNeighbor"];
n001 -> n0011;
n0012[label = "FarthestNeighbor"];
n001 -> n0012;
n00 -> n001;
n0 -> n00;
n01[label = "FarthestNeighbor"];
n0 -> n01;
n02[label = "NearestFirstNode"];
n0 -> n02;
n -> n0;
n1[label = "FarthestNeighbor"];
n -> n1;
n2[label = "NearestFirstNode"];
n -> n2;
}


Generation: 54
Best Individual:
Subpopulation 0:
Evaluated: true
Fitness: Standardized=0.28440526 Adjusted=0.7785705 Hits=0
Tree 0:
digraph g {
node [shape=rectangle];
n[label = "If_Then_Else"];
n0[label = "If_Then_Else"];
n00[label = "And"];
n000[label = "NearestFirstNode"];
n00 -> n000;
n001[label = "If_Then_Else"];
n0010[label = "FarthestInsertion"];
n001 -> n0010;
n0011[label = "FarthestNeighbor"];
n001 -> n0011;
n0012[label = "NearestFirstNode"];
n001 -> n0012;
n00 -> n001;
n0 -> n00;
n01[label = "FarthestNeighbor"];
n0 -> n01;
n02[label = "NearestFirstNode"];
n0 -> n02;
n -> n0;
n1[label = "FarthestNeighbor"];
n -> n1;
n2[label = "If_Then_Else"];
n20[label = "And"];
n200[label = "NearestFirstNode"];
n20 -> n200;
n201[label = "If_Then_Else"];
n2010[label = "FarthestInsertion"];
n201 -> n2010;
n2011[label = "FarthestNeighbor"];
n201 -> n2011;
n2012[label = "FarthestNeighbor"];
n201 -> n2012;
n20 -> n201;
n2 -> n20;
n21[label = "FarthestNeighbor"];
n2 -> n21;
n22[label = "NearestFirstNode"];
n2 -> n22;
n -> n2;
}


Generation: 55
Best Individual:
Subpopulation 0:
Evaluated: true
Fitness: Standardized=0.28440526 Adjusted=0.7785705 Hits=0
Tree 0:
digraph g {
node [shape=rectangle];
n[label = "If_Then_Else"];
n0[label = "If_Then_Else"];
n00[label = "And"];
n000[label = "NearestFirstNode"];
n00 -> n000;
n001[label = "If_Then_Else"];
n0010[label = "FarthestInsertion"];
n001 -> n0010;
n0011[label = "FarthestNeighbor"];
n001 -> n0011;
n0012[label = "FarthestNeighbor"];
n001 -> n0012;
n00 -> n001;
n0 -> n00;
n01[label = "FarthestNeighbor"];
n0 -> n01;
n02[label = "NearestFirstNode"];
n0 -> n02;
n -> n0;
n1[label = "FarthestNeighbor"];
n -> n1;
n2[label = "NearestFirstNode"];
n -> n2;
}


Generation: 56
Best Individual:
Subpopulation 0:
Evaluated: true
Fitness: Standardized=0.28440526 Adjusted=0.7785705 Hits=0
Tree 0:
digraph g {
node [shape=rectangle];
n[label = "If_Then_Else"];
n0[label = "If_Then_Else"];
n00[label = "And"];
n000[label = "NearestFirstNode"];
n00 -> n000;
n001[label = "If_Then_Else"];
n0010[label = "FarthestInsertion"];
n001 -> n0010;
n0011[label = "FarthestNeighbor"];
n001 -> n0011;
n0012[label = "FarthestNeighbor"];
n001 -> n0012;
n00 -> n001;
n0 -> n00;
n01[label = "FarthestNeighbor"];
n0 -> n01;
n02[label = "NearestFirstNode"];
n0 -> n02;
n -> n0;
n1[label = "FarthestNeighbor"];
n -> n1;
n2[label = "NearestFirstNode"];
n -> n2;
}


Generation: 57
Best Individual:
Subpopulation 0:
Evaluated: true
Fitness: Standardized=0.28440526 Adjusted=0.7785705 Hits=0
Tree 0:
digraph g {
node [shape=rectangle];
n[label = "If_Then_Else"];
n0[label = "If_Then_Else"];
n00[label = "And"];
n000[label = "NearestFirstNode"];
n00 -> n000;
n001[label = "If_Then_Else"];
n0010[label = "FarthestInsertion"];
n001 -> n0010;
n0011[label = "FarthestNeighbor"];
n001 -> n0011;
n0012[label = "NearestFirstNode"];
n001 -> n0012;
n00 -> n001;
n0 -> n00;
n01[label = "FarthestNeighbor"];
n0 -> n01;
n02[label = "NearestFirstNode"];
n0 -> n02;
n -> n0;
n1[label = "FarthestNeighbor"];
n -> n1;
n2[label = "NearestFirstNode"];
n -> n2;
}


Generation: 58
Best Individual:
Subpopulation 0:
Evaluated: true
Fitness: Standardized=0.28440526 Adjusted=0.7785705 Hits=0
Tree 0:
digraph g {
node [shape=rectangle];
n[label = "If_Then_Else"];
n0[label = "If_Then_Else"];
n00[label = "And"];
n000[label = "NearestFirstNode"];
n00 -> n000;
n001[label = "If_Then_Else"];
n0010[label = "FarthestInsertion"];
n001 -> n0010;
n0011[label = "FarthestNeighbor"];
n001 -> n0011;
n0012[label = "NearestFirstNode"];
n001 -> n0012;
n00 -> n001;
n0 -> n00;
n01[label = "FarthestNeighbor"];
n0 -> n01;
n02[label = "NearestFirstNode"];
n0 -> n02;
n -> n0;
n1[label = "FarthestNeighbor"];
n -> n1;
n2[label = "NearestFirstNode"];
n -> n2;
}


Generation: 59
Best Individual:
Subpopulation 0:
Evaluated: true
Fitness: Standardized=0.28440526 Adjusted=0.7785705 Hits=0
Tree 0:
digraph g {
node [shape=rectangle];
n[label = "If_Then_Else"];
n0[label = "If_Then_Else"];
n00[label = "And"];
n000[label = "NearestFirstNode"];
n00 -> n000;
n001[label = "If_Then_Else"];
n0010[label = "FarthestInsertion"];
n001 -> n0010;
n0011[label = "FarthestNeighbor"];
n001 -> n0011;
n0012[label = "NearestFirstNode"];
n001 -> n0012;
n00 -> n001;
n0 -> n00;
n01[label = "FarthestNeighbor"];
n0 -> n01;
n02[label = "NearestFirstNode"];
n0 -> n02;
n -> n0;
n1[label = "FarthestNeighbor"];
n -> n1;
n2[label = "NearestFirstNode"];
n -> n2;
}


Generation: 60
Best Individual:
Subpopulation 0:
Evaluated: true
Fitness: Standardized=0.28440526 Adjusted=0.7785705 Hits=0
Tree 0:
digraph g {
node [shape=rectangle];
n[label = "If_Then_Else"];
n0[label = "If_Then_Else"];
n00[label = "And"];
n000[label = "NearestFirstNode"];
n00 -> n000;
n001[label = "If_Then_Else"];
n0010[label = "FarthestInsertion"];
n001 -> n0010;
n0011[label = "FarthestNeighbor"];
n001 -> n0011;
n0012[label = "NearestFirstNode"];
n001 -> n0012;
n00 -> n001;
n0 -> n00;
n01[label = "FarthestNeighbor"];
n0 -> n01;
n02[label = "NearestFirstNode"];
n0 -> n02;
n -> n0;
n1[label = "FarthestNeighbor"];
n -> n1;
n2[label = "If_Then_Else"];
n20[label = "FarthestInsertion"];
n2 -> n20;
n21[label = "FarthestNeighbor"];
n2 -> n21;
n22[label = "NearestFirstNode"];
n2 -> n22;
n -> n2;
}


Generation: 61
Best Individual:
Subpopulation 0:
Evaluated: true
Fitness: Standardized=0.28440526 Adjusted=0.7785705 Hits=0
Tree 0:
digraph g {
node [shape=rectangle];
n[label = "If_Then_Else"];
n0[label = "If_Then_Else"];
n00[label = "And"];
n000[label = "NearestFirstNode"];
n00 -> n000;
n001[label = "If_Then_Else"];
n0010[label = "FarthestInsertion"];
n001 -> n0010;
n0011[label = "FarthestNeighbor"];
n001 -> n0011;
n0012[label = "NearestFirstNode"];
n001 -> n0012;
n00 -> n001;
n0 -> n00;
n01[label = "FarthestNeighbor"];
n0 -> n01;
n02[label = "NearestFirstNode"];
n0 -> n02;
n -> n0;
n1[label = "FarthestNeighbor"];
n -> n1;
n2[label = "NearestFirstNode"];
n -> n2;
}


Generation: 62
Best Individual:
Subpopulation 0:
Evaluated: true
Fitness: Standardized=0.28440526 Adjusted=0.7785705 Hits=0
Tree 0:
digraph g {
node [shape=rectangle];
n[label = "If_Then_Else"];
n0[label = "If_Then_Else"];
n00[label = "And"];
n000[label = "NearestFirstNode"];
n00 -> n000;
n001[label = "If_Then_Else"];
n0010[label = "FarthestInsertion"];
n001 -> n0010;
n0011[label = "FarthestNeighbor"];
n001 -> n0011;
n0012[label = "NearestFirstNode"];
n001 -> n0012;
n00 -> n001;
n0 -> n00;
n01[label = "FarthestNeighbor"];
n0 -> n01;
n02[label = "NearestFirstNode"];
n0 -> n02;
n -> n0;
n1[label = "FarthestNeighbor"];
n -> n1;
n2[label = "NearestFirstNode"];
n -> n2;
}


Generation: 63
Best Individual:
Subpopulation 0:
Evaluated: true
Fitness: Standardized=0.28440526 Adjusted=0.7785705 Hits=0
Tree 0:
digraph g {
node [shape=rectangle];
n[label = "If_Then_Else"];
n0[label = "If_Then_Else"];
n00[label = "And"];
n000[label = "NearestFirstNode"];
n00 -> n000;
n001[label = "If_Then_Else"];
n0010[label = "FarthestInsertion"];
n001 -> n0010;
n0011[label = "FarthestNeighbor"];
n001 -> n0011;
n0012[label = "NearestFirstNode"];
n001 -> n0012;
n00 -> n001;
n0 -> n00;
n01[label = "FarthestNeighbor"];
n0 -> n01;
n02[label = "NearestFirstNode"];
n0 -> n02;
n -> n0;
n1[label = "FarthestNeighbor"];
n -> n1;
n2[label = "If_Then_Else"];
n20[label = "FarthestInsertion"];
n2 -> n20;
n21[label = "FarthestNeighbor"];
n2 -> n21;
n22[label = "FarthestNeighbor"];
n2 -> n22;
n -> n2;
}


Generation: 64
Best Individual:
Subpopulation 0:
Evaluated: true
Fitness: Standardized=0.28440526 Adjusted=0.7785705 Hits=0
Tree 0:
digraph g {
node [shape=rectangle];
n[label = "If_Then_Else"];
n0[label = "If_Then_Else"];
n00[label = "And"];
n000[label = "NearestFirstNode"];
n00 -> n000;
n001[label = "If_Then_Else"];
n0010[label = "FarthestInsertion"];
n001 -> n0010;
n0011[label = "FarthestNeighbor"];
n001 -> n0011;
n0012[label = "NearestFirstNode"];
n001 -> n0012;
n00 -> n001;
n0 -> n00;
n01[label = "FarthestNeighbor"];
n0 -> n01;
n02[label = "NearestFirstNode"];
n0 -> n02;
n -> n0;
n1[label = "FarthestNeighbor"];
n -> n1;
n2[label = "FarthestNeighbor"];
n -> n2;
}


Generation: 65
Best Individual:
Subpopulation 0:
Evaluated: true
Fitness: Standardized=0.28440526 Adjusted=0.7785705 Hits=0
Tree 0:
digraph g {
node [shape=rectangle];
n[label = "If_Then_Else"];
n0[label = "If_Then_Else"];
n00[label = "And"];
n000[label = "NearestFirstNode"];
n00 -> n000;
n001[label = "If_Then_Else"];
n0010[label = "FarthestInsertion"];
n001 -> n0010;
n0011[label = "FarthestNeighbor"];
n001 -> n0011;
n0012[label = "NearestFirstNode"];
n001 -> n0012;
n00 -> n001;
n0 -> n00;
n01[label = "FarthestNeighbor"];
n0 -> n01;
n02[label = "NearestFirstNode"];
n0 -> n02;
n -> n0;
n1[label = "FarthestNeighbor"];
n -> n1;
n2[label = "And"];
n20[label = "NearestFirstNode"];
n2 -> n20;
n21[label = "If_Then_Else"];
n210[label = "FarthestInsertion"];
n21 -> n210;
n211[label = "FarthestNeighbor"];
n21 -> n211;
n212[label = "NearestFirstNode"];
n21 -> n212;
n2 -> n21;
n -> n2;
}


Generation: 66
Best Individual:
Subpopulation 0:
Evaluated: true
Fitness: Standardized=0.28440526 Adjusted=0.7785705 Hits=0
Tree 0:
digraph g {
node [shape=rectangle];
n[label = "If_Then_Else"];
n0[label = "If_Then_Else"];
n00[label = "And"];
n000[label = "NearestFirstNode"];
n00 -> n000;
n001[label = "If_Then_Else"];
n0010[label = "FarthestInsertion"];
n001 -> n0010;
n0011[label = "FarthestNeighbor"];
n001 -> n0011;
n0012[label = "NearestFirstNode"];
n001 -> n0012;
n00 -> n001;
n0 -> n00;
n01[label = "FarthestNeighbor"];
n0 -> n01;
n02[label = "NearestFirstNode"];
n0 -> n02;
n -> n0;
n1[label = "FarthestInsertion"];
n -> n1;
n2[label = "NearestFirstNode"];
n -> n2;
}


Generation: 67
Best Individual:
Subpopulation 0:
Evaluated: true
Fitness: Standardized=0.28440526 Adjusted=0.7785705 Hits=0
Tree 0:
digraph g {
node [shape=rectangle];
n[label = "If_Then_Else"];
n0[label = "If_Then_Else"];
n00[label = "And"];
n000[label = "NearestFirstNode"];
n00 -> n000;
n001[label = "If_Then_Else"];
n0010[label = "FarthestInsertion"];
n001 -> n0010;
n0011[label = "FarthestNeighbor"];
n001 -> n0011;
n0012[label = "NearestFirstNode"];
n001 -> n0012;
n00 -> n001;
n0 -> n00;
n01[label = "FarthestNeighbor"];
n0 -> n01;
n02[label = "NearestFirstNode"];
n0 -> n02;
n -> n0;
n1[label = "FarthestNeighbor"];
n -> n1;
n2[label = "NearestFirstNode"];
n -> n2;
}


Generation: 68
Best Individual:
Subpopulation 0:
Evaluated: true
Fitness: Standardized=0.28440526 Adjusted=0.7785705 Hits=0
Tree 0:
digraph g {
node [shape=rectangle];
n[label = "If_Then_Else"];
n0[label = "If_Then_Else"];
n00[label = "And"];
n000[label = "NearestFirstNode"];
n00 -> n000;
n001[label = "If_Then_Else"];
n0010[label = "FarthestInsertion"];
n001 -> n0010;
n0011[label = "FarthestNeighbor"];
n001 -> n0011;
n0012[label = "NearestFirstNode"];
n001 -> n0012;
n00 -> n001;
n0 -> n00;
n01[label = "FarthestNeighbor"];
n0 -> n01;
n02[label = "NearestFirstNode"];
n0 -> n02;
n -> n0;
n1[label = "FarthestNeighbor"];
n -> n1;
n2[label = "Or"];
n20[label = "NearestFirstNode"];
n2 -> n20;
n21[label = "If_Then_Else"];
n210[label = "FarthestInsertion"];
n21 -> n210;
n211[label = "FarthestNeighbor"];
n21 -> n211;
n212[label = "NearestFirstNode"];
n21 -> n212;
n2 -> n21;
n -> n2;
}


Generation: 69
Best Individual:
Subpopulation 0:
Evaluated: true
Fitness: Standardized=0.28440526 Adjusted=0.7785705 Hits=0
Tree 0:
digraph g {
node [shape=rectangle];
n[label = "If_Then_Else"];
n0[label = "If_Then_Else"];
n00[label = "And"];
n000[label = "NearestFirstNode"];
n00 -> n000;
n001[label = "If_Then_Else"];
n0010[label = "FarthestInsertion"];
n001 -> n0010;
n0011[label = "FarthestNeighbor"];
n001 -> n0011;
n0012[label = "FarthestNeighbor"];
n001 -> n0012;
n00 -> n001;
n0 -> n00;
n01[label = "FarthestNeighbor"];
n0 -> n01;
n02[label = "NearestFirstNode"];
n0 -> n02;
n -> n0;
n1[label = "FarthestNeighbor"];
n -> n1;
n2[label = "If_Then_Else"];
n20[label = "FarthestInsertion"];
n2 -> n20;
n21[label = "FarthestNeighbor"];
n2 -> n21;
n22[label = "NearestFirstNode"];
n2 -> n22;
n -> n2;
}


Generation: 70
Best Individual:
Subpopulation 0:
Evaluated: true
Fitness: Standardized=0.28440526 Adjusted=0.7785705 Hits=0
Tree 0:
digraph g {
node [shape=rectangle];
n[label = "If_Then_Else"];
n0[label = "If_Then_Else"];
n00[label = "And"];
n000[label = "NearestFirstNode"];
n00 -> n000;
n001[label = "If_Then_Else"];
n0010[label = "FarthestInsertion"];
n001 -> n0010;
n0011[label = "FarthestNeighbor"];
n001 -> n0011;
n0012[label = "FarthestNeighbor"];
n001 -> n0012;
n00 -> n001;
n0 -> n00;
n01[label = "FarthestNeighbor"];
n0 -> n01;
n02[label = "NearestFirstNode"];
n0 -> n02;
n -> n0;
n1[label = "FarthestNeighbor"];
n -> n1;
n2[label = "And"];
n20[label = "NearestFirstNode"];
n2 -> n20;
n21[label = "If_Then_Else"];
n210[label = "FarthestInsertion"];
n21 -> n210;
n211[label = "FarthestNeighbor"];
n21 -> n211;
n212[label = "NearestFirstNode"];
n21 -> n212;
n2 -> n21;
n -> n2;
}


Generation: 71
Best Individual:
Subpopulation 0:
Evaluated: true
Fitness: Standardized=0.28440526 Adjusted=0.7785705 Hits=0
Tree 0:
digraph g {
node [shape=rectangle];
n[label = "If_Then_Else"];
n0[label = "If_Then_Else"];
n00[label = "And"];
n000[label = "NearestFirstNode"];
n00 -> n000;
n001[label = "If_Then_Else"];
n0010[label = "FarthestInsertion"];
n001 -> n0010;
n0011[label = "FarthestNeighbor"];
n001 -> n0011;
n0012[label = "FarthestNeighbor"];
n001 -> n0012;
n00 -> n001;
n0 -> n00;
n01[label = "FarthestNeighbor"];
n0 -> n01;
n02[label = "NearestFirstNode"];
n0 -> n02;
n -> n0;
n1[label = "FarthestNeighbor"];
n -> n1;
n2[label = "And"];
n20[label = "NearestFirstNode"];
n2 -> n20;
n21[label = "If_Then_Else"];
n210[label = "FarthestInsertion"];
n21 -> n210;
n211[label = "If_Then_Else"];
n2110[label = "FarthestInsertion"];
n211 -> n2110;
n2111[label = "FarthestNeighbor"];
n211 -> n2111;
n2112[label = "NearestFirstNode"];
n211 -> n2112;
n21 -> n211;
n212[label = "NearestFirstNode"];
n21 -> n212;
n2 -> n21;
n -> n2;
}


Generation: 72
Best Individual:
Subpopulation 0:
Evaluated: true
Fitness: Standardized=0.28440526 Adjusted=0.7785705 Hits=0
Tree 0:
digraph g {
node [shape=rectangle];
n[label = "If_Then_Else"];
n0[label = "If_Then_Else"];
n00[label = "And"];
n000[label = "NearestFirstNode"];
n00 -> n000;
n001[label = "If_Then_Else"];
n0010[label = "FarthestInsertion"];
n001 -> n0010;
n0011[label = "FarthestNeighbor"];
n001 -> n0011;
n0012[label = "NearestFirstNode"];
n001 -> n0012;
n00 -> n001;
n0 -> n00;
n01[label = "FarthestNeighbor"];
n0 -> n01;
n02[label = "And"];
n020[label = "NearestInsertion"];
n02 -> n020;
n021[label = "NearestFirstNode"];
n02 -> n021;
n0 -> n02;
n -> n0;
n1[label = "FarthestNeighbor"];
n -> n1;
n2[label = "And"];
n20[label = "NearestFirstNode"];
n2 -> n20;
n21[label = "If_Then_Else"];
n210[label = "FarthestInsertion"];
n21 -> n210;
n211[label = "FarthestNeighbor"];
n21 -> n211;
n212[label = "NearestFirstNode"];
n21 -> n212;
n2 -> n21;
n -> n2;
}


Generation: 73
Best Individual:
Subpopulation 0:
Evaluated: true
Fitness: Standardized=0.28440526 Adjusted=0.7785705 Hits=0
Tree 0:
digraph g {
node [shape=rectangle];
n[label = "If_Then_Else"];
n0[label = "If_Then_Else"];
n00[label = "And"];
n000[label = "NearestFirstNode"];
n00 -> n000;
n001[label = "If_Then_Else"];
n0010[label = "FarthestInsertion"];
n001 -> n0010;
n0011[label = "FarthestNeighbor"];
n001 -> n0011;
n0012[label = "FarthestNeighbor"];
n001 -> n0012;
n00 -> n001;
n0 -> n00;
n01[label = "FarthestNeighbor"];
n0 -> n01;
n02[label = "NearestFirstNode"];
n0 -> n02;
n -> n0;
n1[label = "FarthestNeighbor"];
n -> n1;
n2[label = "And"];
n20[label = "NearestFirstNode"];
n2 -> n20;
n21[label = "If_Then_Else"];
n210[label = "FarthestInsertion"];
n21 -> n210;
n211[label = "FarthestNeighbor"];
n21 -> n211;
n212[label = "NearestFirstNode"];
n21 -> n212;
n2 -> n21;
n -> n2;
}


Generation: 74
Best Individual:
Subpopulation 0:
Evaluated: true
Fitness: Standardized=0.28440526 Adjusted=0.7785705 Hits=0
Tree 0:
digraph g {
node [shape=rectangle];
n[label = "If_Then_Else"];
n0[label = "If_Then_Else"];
n00[label = "And"];
n000[label = "NearestFirstNode"];
n00 -> n000;
n001[label = "If_Then_Else"];
n0010[label = "FarthestInsertion"];
n001 -> n0010;
n0011[label = "FarthestNeighbor"];
n001 -> n0011;
n0012[label = "FarthestNeighbor"];
n001 -> n0012;
n00 -> n001;
n0 -> n00;
n01[label = "FarthestNeighbor"];
n0 -> n01;
n02[label = "NearestFirstNode"];
n0 -> n02;
n -> n0;
n1[label = "FarthestNeighbor"];
n -> n1;
n2[label = "And"];
n20[label = "NearestFirstNode"];
n2 -> n20;
n21[label = "If_Then_Else"];
n210[label = "FarthestInsertion"];
n21 -> n210;
n211[label = "FarthestNeighbor"];
n21 -> n211;
n212[label = "NearestFirstNode"];
n21 -> n212;
n2 -> n21;
n -> n2;
}


Generation: 75
Best Individual:
Subpopulation 0:
Evaluated: true
Fitness: Standardized=0.28440526 Adjusted=0.7785705 Hits=0
Tree 0:
digraph g {
node [shape=rectangle];
n[label = "If_Then_Else"];
n0[label = "If_Then_Else"];
n00[label = "And"];
n000[label = "NearestFirstNode"];
n00 -> n000;
n001[label = "If_Then_Else"];
n0010[label = "FarthestInsertion"];
n001 -> n0010;
n0011[label = "FarthestNeighbor"];
n001 -> n0011;
n0012[label = "FarthestNeighbor"];
n001 -> n0012;
n00 -> n001;
n0 -> n00;
n01[label = "FarthestNeighbor"];
n0 -> n01;
n02[label = "NearestFirstNode"];
n0 -> n02;
n -> n0;
n1[label = "FarthestNeighbor"];
n -> n1;
n2[label = "And"];
n20[label = "NearestFirstNode"];
n2 -> n20;
n21[label = "If_Then_Else"];
n210[label = "FarthestInsertion"];
n21 -> n210;
n211[label = "If_Then_Else"];
n2110[label = "FarthestInsertion"];
n211 -> n2110;
n2111[label = "FarthestNeighbor"];
n211 -> n2111;
n2112[label = "NearestFirstNode"];
n211 -> n2112;
n21 -> n211;
n212[label = "NearestFirstNode"];
n21 -> n212;
n2 -> n21;
n -> n2;
}


Generation: 76
Best Individual:
Subpopulation 0:
Evaluated: true
Fitness: Standardized=0.28440526 Adjusted=0.7785705 Hits=0
Tree 0:
digraph g {
node [shape=rectangle];
n[label = "If_Then_Else"];
n0[label = "And"];
n00[label = "NearestFirstNode"];
n0 -> n00;
n01[label = "If_Then_Else"];
n010[label = "FarthestInsertion"];
n01 -> n010;
n011[label = "If_Then_Else"];
n0110[label = "FarthestInsertion"];
n011 -> n0110;
n0111[label = "FarthestNeighbor"];
n011 -> n0111;
n0112[label = "NearestFirstNode"];
n011 -> n0112;
n01 -> n011;
n012[label = "NearestFirstNode"];
n01 -> n012;
n0 -> n01;
n -> n0;
n1[label = "FarthestNeighbor"];
n -> n1;
n2[label = "And"];
n20[label = "NearestFirstNode"];
n2 -> n20;
n21[label = "And"];
n210[label = "NearestFirstNode"];
n21 -> n210;
n211[label = "If_Then_Else"];
n2110[label = "FarthestInsertion"];
n211 -> n2110;
n2111[label = "FarthestNeighbor"];
n211 -> n2111;
n2112[label = "FarthestNeighbor"];
n211 -> n2112;
n21 -> n211;
n2 -> n21;
n -> n2;
}


Generation: 77
Best Individual:
Subpopulation 0:
Evaluated: true
Fitness: Standardized=0.28440526 Adjusted=0.7785705 Hits=0
Tree 0:
digraph g {
node [shape=rectangle];
n[label = "If_Then_Else"];
n0[label = "If_Then_Else"];
n00[label = "And"];
n000[label = "NearestFirstNode"];
n00 -> n000;
n001[label = "If_Then_Else"];
n0010[label = "FarthestInsertion"];
n001 -> n0010;
n0011[label = "FarthestNeighbor"];
n001 -> n0011;
n0012[label = "FarthestNeighbor"];
n001 -> n0012;
n00 -> n001;
n0 -> n00;
n01[label = "FarthestNeighbor"];
n0 -> n01;
n02[label = "NearestFirstNode"];
n0 -> n02;
n -> n0;
n1[label = "FarthestNeighbor"];
n -> n1;
n2[label = "And"];
n20[label = "NearestFirstNode"];
n2 -> n20;
n21[label = "NearestFirstNode"];
n2 -> n21;
n -> n2;
}


Generation: 78
Best Individual:
Subpopulation 0:
Evaluated: true
Fitness: Standardized=0.28440526 Adjusted=0.7785705 Hits=0
Tree 0:
digraph g {
node [shape=rectangle];
n[label = "If_Then_Else"];
n0[label = "If_Then_Else"];
n00[label = "And"];
n000[label = "NearestFirstNode"];
n00 -> n000;
n001[label = "If_Then_Else"];
n0010[label = "FarthestInsertion"];
n001 -> n0010;
n0011[label = "FarthestNeighbor"];
n001 -> n0011;
n0012[label = "FarthestNeighbor"];
n001 -> n0012;
n00 -> n001;
n0 -> n00;
n01[label = "FarthestNeighbor"];
n0 -> n01;
n02[label = "NearestFirstNode"];
n0 -> n02;
n -> n0;
n1[label = "FarthestNeighbor"];
n -> n1;
n2[label = "And"];
n20[label = "NearestFirstNode"];
n2 -> n20;
n21[label = "If_Then_Else"];
n210[label = "NearestInsertion"];
n21 -> n210;
n211[label = "NearestInsertion"];
n21 -> n211;
n212[label = "NearestFirstNode"];
n21 -> n212;
n2 -> n21;
n -> n2;
}


Generation: 79
Best Individual:
Subpopulation 0:
Evaluated: true
Fitness: Standardized=0.28440526 Adjusted=0.7785705 Hits=0
Tree 0:
digraph g {
node [shape=rectangle];
n[label = "If_Then_Else"];
n0[label = "And"];
n00[label = "NearestFirstNode"];
n0 -> n00;
n01[label = "If_Then_Else"];
n010[label = "FarthestInsertion"];
n01 -> n010;
n011[label = "If_Then_Else"];
n0110[label = "FarthestInsertion"];
n011 -> n0110;
n0111[label = "FarthestNeighbor"];
n011 -> n0111;
n0112[label = "NearestFirstNode"];
n011 -> n0112;
n01 -> n011;
n012[label = "NearestFirstNode"];
n01 -> n012;
n0 -> n01;
n -> n0;
n1[label = "FarthestNeighbor"];
n -> n1;
n2[label = "And"];
n20[label = "NearestFirstNode"];
n2 -> n20;
n21[label = "And"];
n210[label = "NearestFirstNode"];
n21 -> n210;
n211[label = "If_Then_Else"];
n2110[label = "FarthestInsertion"];
n211 -> n2110;
n2111[label = "FarthestNeighbor"];
n211 -> n2111;
n2112[label = "FarthestNeighbor"];
n211 -> n2112;
n21 -> n211;
n2 -> n21;
n -> n2;
}


Generation: 80
Best Individual:
Subpopulation 0:
Evaluated: true
Fitness: Standardized=0.28440526 Adjusted=0.7785705 Hits=0
Tree 0:
digraph g {
node [shape=rectangle];
n[label = "If_Then_Else"];
n0[label = "And"];
n00[label = "NearestFirstNode"];
n0 -> n00;
n01[label = "If_Then_Else"];
n010[label = "FarthestInsertion"];
n01 -> n010;
n011[label = "If_Then_Else"];
n0110[label = "FarthestInsertion"];
n011 -> n0110;
n0111[label = "FarthestNeighbor"];
n011 -> n0111;
n0112[label = "NearestFirstNode"];
n011 -> n0112;
n01 -> n011;
n012[label = "NearestFirstNode"];
n01 -> n012;
n0 -> n01;
n -> n0;
n1[label = "FarthestNeighbor"];
n -> n1;
n2[label = "FarthestNeighbor"];
n -> n2;
}


Generation: 81
Best Individual:
Subpopulation 0:
Evaluated: true
Fitness: Standardized=0.28440526 Adjusted=0.7785705 Hits=0
Tree 0:
digraph g {
node [shape=rectangle];
n[label = "If_Then_Else"];
n0[label = "And"];
n00[label = "NearestFirstNode"];
n0 -> n00;
n01[label = "If_Then_Else"];
n010[label = "FarthestInsertion"];
n01 -> n010;
n011[label = "If_Then_Else"];
n0110[label = "FarthestInsertion"];
n011 -> n0110;
n0111[label = "FarthestNeighbor"];
n011 -> n0111;
n0112[label = "NearestFirstNode"];
n011 -> n0112;
n01 -> n011;
n012[label = "NearestFirstNode"];
n01 -> n012;
n0 -> n01;
n -> n0;
n1[label = "FarthestNeighbor"];
n -> n1;
n2[label = "And"];
n20[label = "NearestFirstNode"];
n2 -> n20;
n21[label = "FarthestNeighbor"];
n2 -> n21;
n -> n2;
}


Generation: 82
Best Individual:
Subpopulation 0:
Evaluated: true
Fitness: Standardized=0.28440526 Adjusted=0.7785705 Hits=0
Tree 0:
digraph g {
node [shape=rectangle];
n[label = "If_Then_Else"];
n0[label = "If_Then_Else"];
n00[label = "And"];
n000[label = "NearestFirstNode"];
n00 -> n000;
n001[label = "If_Then_Else"];
n0010[label = "FarthestInsertion"];
n001 -> n0010;
n0011[label = "FarthestNeighbor"];
n001 -> n0011;
n0012[label = "FarthestNeighbor"];
n001 -> n0012;
n00 -> n001;
n0 -> n00;
n01[label = "FarthestNeighbor"];
n0 -> n01;
n02[label = "NearestFirstNode"];
n0 -> n02;
n -> n0;
n1[label = "FarthestNeighbor"];
n -> n1;
n2[label = "And"];
n20[label = "FarthestInsertion"];
n2 -> n20;
n21[label = "If_Then_Else"];
n210[label = "NearestInsertion"];
n21 -> n210;
n211[label = "NearestInsertion"];
n21 -> n211;
n212[label = "NearestFirstNode"];
n21 -> n212;
n2 -> n21;
n -> n2;
}


Generation: 83
Best Individual:
Subpopulation 0:
Evaluated: true
Fitness: Standardized=0.28440526 Adjusted=0.7785705 Hits=0
Tree 0:
digraph g {
node [shape=rectangle];
n[label = "If_Then_Else"];
n0[label = "And"];
n00[label = "NearestFirstNode"];
n0 -> n00;
n01[label = "If_Then_Else"];
n010[label = "FarthestInsertion"];
n01 -> n010;
n011[label = "If_Then_Else"];
n0110[label = "FarthestInsertion"];
n011 -> n0110;
n0111[label = "FarthestNeighbor"];
n011 -> n0111;
n0112[label = "NearestFirstNode"];
n011 -> n0112;
n01 -> n011;
n012[label = "NearestFirstNode"];
n01 -> n012;
n0 -> n01;
n -> n0;
n1[label = "FarthestNeighbor"];
n -> n1;
n2[label = "If_Then_Else"];
n20[label = "FarthestInsertion"];
n2 -> n20;
n21[label = "FarthestNeighbor"];
n2 -> n21;
n22[label = "NearestFirstNode"];
n2 -> n22;
n -> n2;
}


Generation: 84
Best Individual:
Subpopulation 0:
Evaluated: true
Fitness: Standardized=0.28440526 Adjusted=0.7785705 Hits=0
Tree 0:
digraph g {
node [shape=rectangle];
n[label = "If_Then_Else"];
n0[label = "And"];
n00[label = "NearestFirstNode"];
n0 -> n00;
n01[label = "If_Then_Else"];
n010[label = "FarthestInsertion"];
n01 -> n010;
n011[label = "If_Then_Else"];
n0110[label = "FarthestInsertion"];
n011 -> n0110;
n0111[label = "FarthestNeighbor"];
n011 -> n0111;
n0112[label = "NearestFirstNode"];
n011 -> n0112;
n01 -> n011;
n012[label = "NearestFirstNode"];
n01 -> n012;
n0 -> n01;
n -> n0;
n1[label = "FarthestNeighbor"];
n -> n1;
n2[label = "And"];
n20[label = "NearestFirstNode"];
n2 -> n20;
n21[label = "And"];
n210[label = "NearestFirstNode"];
n21 -> n210;
n211[label = "If_Then_Else"];
n2110[label = "FarthestInsertion"];
n211 -> n2110;
n2111[label = "FarthestNeighbor"];
n211 -> n2111;
n2112[label = "FarthestNeighbor"];
n211 -> n2112;
n21 -> n211;
n2 -> n21;
n -> n2;
}


Generation: 85
Best Individual:
Subpopulation 0:
Evaluated: true
Fitness: Standardized=0.28440526 Adjusted=0.7785705 Hits=0
Tree 0:
digraph g {
node [shape=rectangle];
n[label = "If_Then_Else"];
n0[label = "And"];
n00[label = "NearestFirstNode"];
n0 -> n00;
n01[label = "If_Then_Else"];
n010[label = "FarthestInsertion"];
n01 -> n010;
n011[label = "If_Then_Else"];
n0110[label = "FarthestInsertion"];
n011 -> n0110;
n0111[label = "FarthestNeighbor"];
n011 -> n0111;
n0112[label = "NearestFirstNode"];
n011 -> n0112;
n01 -> n011;
n012[label = "NearestFirstNode"];
n01 -> n012;
n0 -> n01;
n -> n0;
n1[label = "FarthestNeighbor"];
n -> n1;
n2[label = "FarthestInsertion"];
n -> n2;
}


Generation: 86
Best Individual:
Subpopulation 0:
Evaluated: true
Fitness: Standardized=0.28440526 Adjusted=0.7785705 Hits=0
Tree 0:
digraph g {
node [shape=rectangle];
n[label = "If_Then_Else"];
n0[label = "If_Then_Else"];
n00[label = "And"];
n000[label = "NearestFirstNode"];
n00 -> n000;
n001[label = "If_Then_Else"];
n0010[label = "FarthestInsertion"];
n001 -> n0010;
n0011[label = "FarthestNeighbor"];
n001 -> n0011;
n0012[label = "NearestFirstNode"];
n001 -> n0012;
n00 -> n001;
n0 -> n00;
n01[label = "FarthestNeighbor"];
n0 -> n01;
n02[label = "NearestFirstNode"];
n0 -> n02;
n -> n0;
n1[label = "FarthestNeighbor"];
n -> n1;
n2[label = "And"];
n20[label = "NearestFirstNode"];
n2 -> n20;
n21[label = "If_Then_Else"];
n210[label = "NearestInsertion"];
n21 -> n210;
n211[label = "NearestInsertion"];
n21 -> n211;
n212[label = "NearestFirstNode"];
n21 -> n212;
n2 -> n21;
n -> n2;
}


Generation: 87
Best Individual:
Subpopulation 0:
Evaluated: true
Fitness: Standardized=0.28440526 Adjusted=0.7785705 Hits=0
Tree 0:
digraph g {
node [shape=rectangle];
n[label = "If_Then_Else"];
n0[label = "And"];
n00[label = "NearestFirstNode"];
n0 -> n00;
n01[label = "If_Then_Else"];
n010[label = "FarthestInsertion"];
n01 -> n010;
n011[label = "If_Then_Else"];
n0110[label = "FarthestInsertion"];
n011 -> n0110;
n0111[label = "FarthestNeighbor"];
n011 -> n0111;
n0112[label = "NearestFirstNode"];
n011 -> n0112;
n01 -> n011;
n012[label = "NearestFirstNode"];
n01 -> n012;
n0 -> n01;
n -> n0;
n1[label = "FarthestNeighbor"];
n -> n1;
n2[label = "If_Then_Else"];
n20[label = "FarthestNeighbor"];
n2 -> n20;
n21[label = "FarthestNeighbor"];
n2 -> n21;
n22[label = "NearestFirstNode"];
n2 -> n22;
n -> n2;
}


Generation: 88
Best Individual:
Subpopulation 0:
Evaluated: true
Fitness: Standardized=0.28440526 Adjusted=0.7785705 Hits=0
Tree 0:
digraph g {
node [shape=rectangle];
n[label = "If_Then_Else"];
n0[label = "And"];
n00[label = "NearestFirstNode"];
n0 -> n00;
n01[label = "If_Then_Else"];
n010[label = "FarthestInsertion"];
n01 -> n010;
n011[label = "If_Then_Else"];
n0110[label = "FarthestNeighbor"];
n011 -> n0110;
n0111[label = "FarthestNeighbor"];
n011 -> n0111;
n0112[label = "NearestFirstNode"];
n011 -> n0112;
n01 -> n011;
n012[label = "NearestFirstNode"];
n01 -> n012;
n0 -> n01;
n -> n0;
n1[label = "FarthestNeighbor"];
n -> n1;
n2[label = "FarthestInsertion"];
n -> n2;
}


Generation: 89
Best Individual:
Subpopulation 0:
Evaluated: true
Fitness: Standardized=0.28440526 Adjusted=0.7785705 Hits=0
Tree 0:
digraph g {
node [shape=rectangle];
n[label = "If_Then_Else"];
n0[label = "And"];
n00[label = "NearestFirstNode"];
n0 -> n00;
n01[label = "If_Then_Else"];
n010[label = "FarthestInsertion"];
n01 -> n010;
n011[label = "If_Then_Else"];
n0110[label = "FarthestNeighbor"];
n011 -> n0110;
n0111[label = "FarthestNeighbor"];
n011 -> n0111;
n0112[label = "NearestFirstNode"];
n011 -> n0112;
n01 -> n011;
n012[label = "NearestFirstNode"];
n01 -> n012;
n0 -> n01;
n -> n0;
n1[label = "FarthestNeighbor"];
n -> n1;
n2[label = "FarthestInsertion"];
n -> n2;
}


Generation: 90
Best Individual:
Subpopulation 0:
Evaluated: true
Fitness: Standardized=0.28440526 Adjusted=0.7785705 Hits=0
Tree 0:
digraph g {
node [shape=rectangle];
n[label = "If_Then_Else"];
n0[label = "And"];
n00[label = "NearestFirstNode"];
n0 -> n00;
n01[label = "If_Then_Else"];
n010[label = "FarthestInsertion"];
n01 -> n010;
n011[label = "If_Then_Else"];
n0110[label = "FarthestNeighbor"];
n011 -> n0110;
n0111[label = "FarthestNeighbor"];
n011 -> n0111;
n0112[label = "NearestFirstNode"];
n011 -> n0112;
n01 -> n011;
n012[label = "NearestFirstNode"];
n01 -> n012;
n0 -> n01;
n -> n0;
n1[label = "FarthestNeighbor"];
n -> n1;
n2[label = "FarthestInsertion"];
n -> n2;
}


Generation: 91
Best Individual:
Subpopulation 0:
Evaluated: true
Fitness: Standardized=0.28440526 Adjusted=0.7785705 Hits=0
Tree 0:
digraph g {
node [shape=rectangle];
n[label = "If_Then_Else"];
n0[label = "And"];
n00[label = "NearestFirstNode"];
n0 -> n00;
n01[label = "If_Then_Else"];
n010[label = "FarthestInsertion"];
n01 -> n010;
n011[label = "If_Then_Else"];
n0110[label = "FarthestNeighbor"];
n011 -> n0110;
n0111[label = "FarthestNeighbor"];
n011 -> n0111;
n0112[label = "NearestFirstNode"];
n011 -> n0112;
n01 -> n011;
n012[label = "NearestFirstNode"];
n01 -> n012;
n0 -> n01;
n -> n0;
n1[label = "FarthestNeighbor"];
n -> n1;
n2[label = "FarthestInsertion"];
n -> n2;
}


Generation: 92
Best Individual:
Subpopulation 0:
Evaluated: true
Fitness: Standardized=0.28440526 Adjusted=0.7785705 Hits=0
Tree 0:
digraph g {
node [shape=rectangle];
n[label = "If_Then_Else"];
n0[label = "And"];
n00[label = "NearestFirstNode"];
n0 -> n00;
n01[label = "If_Then_Else"];
n010[label = "FarthestInsertion"];
n01 -> n010;
n011[label = "If_Then_Else"];
n0110[label = "FarthestNeighbor"];
n011 -> n0110;
n0111[label = "FarthestNeighbor"];
n011 -> n0111;
n0112[label = "NearestFirstNode"];
n011 -> n0112;
n01 -> n011;
n012[label = "NearestFirstNode"];
n01 -> n012;
n0 -> n01;
n -> n0;
n1[label = "FarthestFirstNode"];
n -> n1;
n2[label = "If_Then_Else"];
n20[label = "FarthestNeighbor"];
n2 -> n20;
n21[label = "FarthestNeighbor"];
n2 -> n21;
n22[label = "NearestFirstNode"];
n2 -> n22;
n -> n2;
}


Generation: 93
Best Individual:
Subpopulation 0:
Evaluated: true
Fitness: Standardized=0.28440526 Adjusted=0.7785705 Hits=0
Tree 0:
digraph g {
node [shape=rectangle];
n[label = "If_Then_Else"];
n0[label = "And"];
n00[label = "NearestFirstNode"];
n0 -> n00;
n01[label = "If_Then_Else"];
n010[label = "FarthestInsertion"];
n01 -> n010;
n011[label = "If_Then_Else"];
n0110[label = "FarthestNeighbor"];
n011 -> n0110;
n0111[label = "FarthestNeighbor"];
n011 -> n0111;
n0112[label = "NearestFirstNode"];
n011 -> n0112;
n01 -> n011;
n012[label = "NearestFirstNode"];
n01 -> n012;
n0 -> n01;
n -> n0;
n1[label = "FarthestNeighbor"];
n -> n1;
n2[label = "And"];
n20[label = "NearestFirstNode"];
n2 -> n20;
n21[label = "If_Then_Else"];
n210[label = "FarthestInsertion"];
n21 -> n210;
n211[label = "If_Then_Else"];
n2110[label = "FarthestNeighbor"];
n211 -> n2110;
n2111[label = "FarthestNeighbor"];
n211 -> n2111;
n2112[label = "NearestFirstNode"];
n211 -> n2112;
n21 -> n211;
n212[label = "NearestFirstNode"];
n21 -> n212;
n2 -> n21;
n -> n2;
}


Generation: 94
Best Individual:
Subpopulation 0:
Evaluated: true
Fitness: Standardized=0.28440526 Adjusted=0.7785705 Hits=0
Tree 0:
digraph g {
node [shape=rectangle];
n[label = "If_Then_Else"];
n0[label = "And"];
n00[label = "NearestFirstNode"];
n0 -> n00;
n01[label = "If_Then_Else"];
n010[label = "FarthestInsertion"];
n01 -> n010;
n011[label = "If_Then_Else"];
n0110[label = "FarthestNeighbor"];
n011 -> n0110;
n0111[label = "FarthestNeighbor"];
n011 -> n0111;
n0112[label = "NearestFirstNode"];
n011 -> n0112;
n01 -> n011;
n012[label = "NearestFirstNode"];
n01 -> n012;
n0 -> n01;
n -> n0;
n1[label = "FarthestFirstNode"];
n -> n1;
n2[label = "If_Then_Else"];
n20[label = "FarthestNeighbor"];
n2 -> n20;
n21[label = "FarthestNeighbor"];
n2 -> n21;
n22[label = "NearestFirstNode"];
n2 -> n22;
n -> n2;
}


Generation: 95
Best Individual:
Subpopulation 0:
Evaluated: true
Fitness: Standardized=0.28440526 Adjusted=0.7785705 Hits=0
Tree 0:
digraph g {
node [shape=rectangle];
n[label = "If_Then_Else"];
n0[label = "And"];
n00[label = "NearestFirstNode"];
n0 -> n00;
n01[label = "If_Then_Else"];
n010[label = "FarthestInsertion"];
n01 -> n010;
n011[label = "If_Then_Else"];
n0110[label = "FarthestNeighbor"];
n011 -> n0110;
n0111[label = "FarthestNeighbor"];
n011 -> n0111;
n0112[label = "NearestFirstNode"];
n011 -> n0112;
n01 -> n011;
n012[label = "NearestFirstNode"];
n01 -> n012;
n0 -> n01;
n -> n0;
n1[label = "FarthestNeighbor"];
n -> n1;
n2[label = "If_Then_Else"];
n20[label = "FarthestInsertion"];
n2 -> n20;
n21[label = "If_Then_Else"];
n210[label = "FarthestNeighbor"];
n21 -> n210;
n211[label = "FarthestNeighbor"];
n21 -> n211;
n212[label = "NearestFirstNode"];
n21 -> n212;
n2 -> n21;
n22[label = "NearestFirstNode"];
n2 -> n22;
n -> n2;
}


Generation: 96
Best Individual:
Subpopulation 0:
Evaluated: true
Fitness: Standardized=0.28440526 Adjusted=0.7785705 Hits=0
Tree 0:
digraph g {
node [shape=rectangle];
n[label = "If_Then_Else"];
n0[label = "And"];
n00[label = "NearestFirstNode"];
n0 -> n00;
n01[label = "If_Then_Else"];
n010[label = "FarthestInsertion"];
n01 -> n010;
n011[label = "If_Then_Else"];
n0110[label = "FarthestNeighbor"];
n011 -> n0110;
n0111[label = "FarthestNeighbor"];
n011 -> n0111;
n0112[label = "NearestFirstNode"];
n011 -> n0112;
n01 -> n011;
n012[label = "NearestFirstNode"];
n01 -> n012;
n0 -> n01;
n -> n0;
n1[label = "FarthestNeighbor"];
n -> n1;
n2[label = "If_Then_Else"];
n20[label = "FarthestInsertion"];
n2 -> n20;
n21[label = "If_Then_Else"];
n210[label = "FarthestNeighbor"];
n21 -> n210;
n211[label = "FarthestNeighbor"];
n21 -> n211;
n212[label = "NearestFirstNode"];
n21 -> n212;
n2 -> n21;
n22[label = "NearestFirstNode"];
n2 -> n22;
n -> n2;
}


Generation: 97
Best Individual:
Subpopulation 0:
Evaluated: true
Fitness: Standardized=0.28440526 Adjusted=0.7785705 Hits=0
Tree 0:
digraph g {
node [shape=rectangle];
n[label = "If_Then_Else"];
n0[label = "And"];
n00[label = "NearestFirstNode"];
n0 -> n00;
n01[label = "If_Then_Else"];
n010[label = "FarthestInsertion"];
n01 -> n010;
n011[label = "If_Then_Else"];
n0110[label = "FarthestNeighbor"];
n011 -> n0110;
n0111[label = "FarthestNeighbor"];
n011 -> n0111;
n0112[label = "NearestFirstNode"];
n011 -> n0112;
n01 -> n011;
n012[label = "NearestFirstNode"];
n01 -> n012;
n0 -> n01;
n -> n0;
n1[label = "FarthestNeighbor"];
n -> n1;
n2[label = "While"];
n20[label = "NearestFirstNode"];
n2 -> n20;
n21[label = "If_Then_Else"];
n210[label = "And"];
n2100[label = "WorstMove"];
n210 -> n2100;
n2101[label = "CplexTerminal"];
n210 -> n2101;
n21 -> n210;
n211[label = "If_Then_Else"];
n2110[label = "FarthestNeighbor"];
n211 -> n2110;
n2111[label = "FarthestNeighbor"];
n211 -> n2111;
n2112[label = "NearestFirstNode"];
n211 -> n2112;
n21 -> n211;
n212[label = "NearestFirstNode"];
n21 -> n212;
n2 -> n21;
n -> n2;
}


Generation: 98
Best Individual:
Subpopulation 0:
Evaluated: true
Fitness: Standardized=0.28440526 Adjusted=0.7785705 Hits=0
Tree 0:
digraph g {
node [shape=rectangle];
n[label = "If_Then_Else"];
n0[label = "And"];
n00[label = "NearestFirstNode"];
n0 -> n00;
n01[label = "If_Then_Else"];
n010[label = "FarthestInsertion"];
n01 -> n010;
n011[label = "If_Then_Else"];
n0110[label = "FarthestNeighbor"];
n011 -> n0110;
n0111[label = "FarthestNeighbor"];
n011 -> n0111;
n0112[label = "NearestFirstNode"];
n011 -> n0112;
n01 -> n011;
n012[label = "NearestFirstNode"];
n01 -> n012;
n0 -> n01;
n -> n0;
n1[label = "FarthestNeighbor"];
n -> n1;
n2[label = "And"];
n20[label = "NearestFirstNode"];
n2 -> n20;
n21[label = "If_Then_Else"];
n210[label = "FarthestInsertion"];
n21 -> n210;
n211[label = "If_Then_Else"];
n2110[label = "FarthestNeighbor"];
n211 -> n2110;
n2111[label = "FarthestNeighbor"];
n211 -> n2111;
n2112[label = "NearestFirstNode"];
n211 -> n2112;
n21 -> n211;
n212[label = "NearestFirstNode"];
n21 -> n212;
n2 -> n21;
n -> n2;
}


Generation: 99
Best Individual:
Subpopulation 0:
Evaluated: true
Fitness: Standardized=0.28440526 Adjusted=0.7785705 Hits=0
Tree 0:
digraph g {
node [shape=rectangle];
n[label = "If_Then_Else"];
n0[label = "And"];
n00[label = "NearestFirstNode"];
n0 -> n00;
n01[label = "If_Then_Else"];
n010[label = "FarthestInsertion"];
n01 -> n010;
n011[label = "If_Then_Else"];
n0110[label = "FarthestNeighbor"];
n011 -> n0110;
n0111[label = "FarthestNeighbor"];
n011 -> n0111;
n0112[label = "NearestFirstNode"];
n011 -> n0112;
n01 -> n011;
n012[label = "NearestFirstNode"];
n01 -> n012;
n0 -> n01;
n -> n0;
n1[label = "FarthestNeighbor"];
n -> n1;
n2[label = "If_Then_Else"];
n20[label = "FarthestInsertion"];
n2 -> n20;
n21[label = "If_Then_Else"];
n210[label = "FarthestNeighbor"];
n21 -> n210;
n211[label = "FarthestNeighbor"];
n21 -> n211;
n212[label = "NearestFirstNode"];
n21 -> n212;
n2 -> n21;
n22[label = "NearestFirstNode"];
n2 -> n22;
n -> n2;
}


Best Individual of Run:
Subpopulation 0:
Evaluated: true
Fitness: Standardized=0.28440526 Adjusted=0.7785705 Hits=0
Tree 0:
digraph g {
node [shape=rectangle];
n[label = "If_Then_Else"];
n0[label = "If_Then_Else"];
n00[label = "And"];
n000[label = "NearestFirstNode"];
n00 -> n000;
n001[label = "If_Then_Else"];
n0010[label = "FarthestInsertion"];
n001 -> n0010;
n0011[label = "FarthestNeighbor"];
n001 -> n0011;
n0012[label = "NearestFirstNode"];
n001 -> n0012;
n00 -> n001;
n0 -> n00;
n01[label = "FarthestNeighbor"];
n0 -> n01;
n02[label = "NearestFirstNode"];
n0 -> n02;
n -> n0;
n1[label = "FarthestNeighbor"];
n -> n1;
n2[label = "NearestFirstNode"];
n -> n2;
}

