
Generation: 0
Best Individual:
Subpopulation 0:
Evaluated: true
Fitness: Standardized=0.34397987 Adjusted=0.7440588 Hits=3
Tree 0:
digraph g {
node [shape=rectangle];
n[label = "If_Then"];
n0[label = "Equal"];
n00[label = "While"];
n000[label = "NearestInsertion"];
n00 -> n000;
n001[label = "Or"];
n0010[label = "BestMove"];
n001 -> n0010;
n0011[label = "NearestNeighbor"];
n001 -> n0011;
n00 -> n001;
n0 -> n00;
n01[label = "CplexTerminal"];
n0 -> n01;
n -> n0;
n1[label = "Or"];
n10[label = "BestMove"];
n1 -> n10;
n11[label = "If_Then"];
n110[label = "FarthestNeighbor"];
n11 -> n110;
n111[label = "WorstMove"];
n11 -> n111;
n1 -> n11;
n -> n1;
}


Generation: 1
Best Individual:
Subpopulation 0:
Evaluated: true
Fitness: Standardized=0.33928713 Adjusted=0.74666584 Hits=3
Tree 0:
digraph g {
node [shape=rectangle];
n[label = "If_Then"];
n0[label = "Equal"];
n00[label = "While"];
n000[label = "NearestInsertion"];
n00 -> n000;
n001[label = "Or"];
n0010[label = "BestMove"];
n001 -> n0010;
n0011[label = "NearestNeighbor"];
n001 -> n0011;
n00 -> n001;
n0 -> n00;
n01[label = "CplexTerminal"];
n0 -> n01;
n -> n0;
n1[label = "Equal"];
n10[label = "While"];
n100[label = "NearestInsertion"];
n10 -> n100;
n101[label = "Or"];
n1010[label = "BestMove"];
n101 -> n1010;
n1011[label = "NearestNeighbor"];
n101 -> n1011;
n10 -> n101;
n1 -> n10;
n11[label = "CplexTerminal"];
n1 -> n11;
n -> n1;
}


Generation: 2
Best Individual:
Subpopulation 0:
Evaluated: true
Fitness: Standardized=0.33819547 Adjusted=0.747275 Hits=3
Tree 0:
digraph g {
node [shape=rectangle];
n[label = "If_Then"];
n0[label = "Equal"];
n00[label = "While"];
n000[label = "NearestInsertion"];
n00 -> n000;
n001[label = "Or"];
n0010[label = "BestMove"];
n001 -> n0010;
n0011[label = "NearestNeighbor"];
n001 -> n0011;
n00 -> n001;
n0 -> n00;
n01[label = "CplexTerminal"];
n0 -> n01;
n -> n0;
n1[label = "Equal"];
n10[label = "While"];
n100[label = "Equal"];
n1000[label = "FarthestNeighbor"];
n100 -> n1000;
n1001[label = "FarthestInsertion"];
n100 -> n1001;
n10 -> n100;
n101[label = "Or"];
n1010[label = "BestMove"];
n101 -> n1010;
n1011[label = "NearestNeighbor"];
n101 -> n1011;
n10 -> n101;
n1 -> n10;
n11[label = "CplexTerminal"];
n1 -> n11;
n -> n1;
}


Generation: 3
Best Individual:
Subpopulation 0:
Evaluated: true
Fitness: Standardized=0.31494978 Adjusted=0.76048535 Hits=3
Tree 0:
digraph g {
node [shape=rectangle];
n[label = "If_Then"];
n0[label = "NearestNeighbor"];
n -> n0;
n1[label = "Equal"];
n10[label = "While"];
n100[label = "NearestInsertion"];
n10 -> n100;
n101[label = "Or"];
n1010[label = "BestMove"];
n101 -> n1010;
n1011[label = "NearestNeighbor"];
n101 -> n1011;
n10 -> n101;
n1 -> n10;
n11[label = "CplexTerminal"];
n1 -> n11;
n -> n1;
}


Generation: 4
Best Individual:
Subpopulation 0:
Evaluated: true
Fitness: Standardized=0.31494978 Adjusted=0.76048535 Hits=3
Tree 0:
digraph g {
node [shape=rectangle];
n[label = "If_Then"];
n0[label = "NearestNeighbor"];
n -> n0;
n1[label = "While"];
n10[label = "NearestInsertion"];
n1 -> n10;
n11[label = "Or"];
n110[label = "BestMove"];
n11 -> n110;
n111[label = "NearestNeighbor"];
n11 -> n111;
n1 -> n11;
n -> n1;
}


Generation: 5
Best Individual:
Subpopulation 0:
Evaluated: true
Fitness: Standardized=0.12500192 Adjusted=0.8888874 Hits=8
Tree 0:
digraph g {
node [shape=rectangle];
n[label = "If_Then"];
n0[label = "Equal"];
n00[label = "NearestNeighbor"];
n0 -> n00;
n01[label = "CplexTerminal"];
n0 -> n01;
n -> n0;
n1[label = "Equal"];
n10[label = "While"];
n100[label = "Equal"];
n1000[label = "FarthestNeighbor"];
n100 -> n1000;
n1001[label = "FarthestInsertion"];
n100 -> n1001;
n10 -> n100;
n101[label = "Or"];
n1010[label = "BestMove"];
n101 -> n1010;
n1011[label = "NearestNeighbor"];
n101 -> n1011;
n10 -> n101;
n1 -> n10;
n11[label = "CplexTerminal"];
n1 -> n11;
n -> n1;
}


Generation: 6
Best Individual:
Subpopulation 0:
Evaluated: true
Fitness: Standardized=0.12500192 Adjusted=0.8888874 Hits=8
Tree 0:
digraph g {
node [shape=rectangle];
n[label = "If_Then"];
n0[label = "Equal"];
n00[label = "NearestNeighbor"];
n0 -> n00;
n01[label = "CplexTerminal"];
n0 -> n01;
n -> n0;
n1[label = "Equal"];
n10[label = "While"];
n100[label = "Equal"];
n1000[label = "FarthestNeighbor"];
n100 -> n1000;
n1001[label = "FarthestInsertion"];
n100 -> n1001;
n10 -> n100;
n101[label = "Or"];
n1010[label = "BestMove"];
n101 -> n1010;
n1011[label = "NearestNeighbor"];
n101 -> n1011;
n10 -> n101;
n1 -> n10;
n11[label = "CplexTerminal"];
n1 -> n11;
n -> n1;
}


Generation: 7
Best Individual:
Subpopulation 0:
Evaluated: true
Fitness: Standardized=0.12500192 Adjusted=0.8888874 Hits=8
Tree 0:
digraph g {
node [shape=rectangle];
n[label = "If_Then"];
n0[label = "Equal"];
n00[label = "NearestNeighbor"];
n0 -> n00;
n01[label = "CplexTerminal"];
n0 -> n01;
n -> n0;
n1[label = "Equal"];
n10[label = "While"];
n100[label = "Equal"];
n1000[label = "FarthestNeighbor"];
n100 -> n1000;
n1001[label = "FarthestInsertion"];
n100 -> n1001;
n10 -> n100;
n101[label = "Or"];
n1010[label = "BestMove"];
n101 -> n1010;
n1011[label = "NearestNeighbor"];
n101 -> n1011;
n10 -> n101;
n1 -> n10;
n11[label = "CplexTerminal"];
n1 -> n11;
n -> n1;
}


Generation: 8
Best Individual:
Subpopulation 0:
Evaluated: true
Fitness: Standardized=0.12500192 Adjusted=0.8888874 Hits=8
Tree 0:
digraph g {
node [shape=rectangle];
n[label = "If_Then"];
n0[label = "Equal"];
n00[label = "NearestNeighbor"];
n0 -> n00;
n01[label = "CplexTerminal"];
n0 -> n01;
n -> n0;
n1[label = "Equal"];
n10[label = "While"];
n100[label = "Equal"];
n1000[label = "FarthestNeighbor"];
n100 -> n1000;
n1001[label = "FarthestInsertion"];
n100 -> n1001;
n10 -> n100;
n101[label = "Or"];
n1010[label = "BestMove"];
n101 -> n1010;
n1011[label = "NearestNeighbor"];
n101 -> n1011;
n10 -> n101;
n1 -> n10;
n11[label = "CplexTerminal"];
n1 -> n11;
n -> n1;
}


Generation: 9
Best Individual:
Subpopulation 0:
Evaluated: true
Fitness: Standardized=0.12500192 Adjusted=0.8888874 Hits=8
Tree 0:
digraph g {
node [shape=rectangle];
n[label = "If_Then"];
n0[label = "Equal"];
n00[label = "NearestNeighbor"];
n0 -> n00;
n01[label = "CplexTerminal"];
n0 -> n01;
n -> n0;
n1[label = "Equal"];
n10[label = "While"];
n100[label = "Equal"];
n1000[label = "FarthestNeighbor"];
n100 -> n1000;
n1001[label = "FarthestInsertion"];
n100 -> n1001;
n10 -> n100;
n101[label = "Or"];
n1010[label = "BestMove"];
n101 -> n1010;
n1011[label = "NearestNeighbor"];
n101 -> n1011;
n10 -> n101;
n1 -> n10;
n11[label = "CplexTerminal"];
n1 -> n11;
n -> n1;
}


Generation: 10
Best Individual:
Subpopulation 0:
Evaluated: true
Fitness: Standardized=0.12500192 Adjusted=0.8888874 Hits=8
Tree 0:
digraph g {
node [shape=rectangle];
n[label = "If_Then"];
n0[label = "Equal"];
n00[label = "NearestNeighbor"];
n0 -> n00;
n01[label = "CplexTerminal"];
n0 -> n01;
n -> n0;
n1[label = "Equal"];
n10[label = "While"];
n100[label = "Equal"];
n1000[label = "FarthestNeighbor"];
n100 -> n1000;
n1001[label = "FarthestInsertion"];
n100 -> n1001;
n10 -> n100;
n101[label = "Or"];
n1010[label = "BestMove"];
n101 -> n1010;
n1011[label = "NearestNeighbor"];
n101 -> n1011;
n10 -> n101;
n1 -> n10;
n11[label = "CplexTerminal"];
n1 -> n11;
n -> n1;
}


Generation: 11
Best Individual:
Subpopulation 0:
Evaluated: true
Fitness: Standardized=0.12500192 Adjusted=0.8888874 Hits=8
Tree 0:
digraph g {
node [shape=rectangle];
n[label = "If_Then"];
n0[label = "Equal"];
n00[label = "NearestNeighbor"];
n0 -> n00;
n01[label = "CplexTerminal"];
n0 -> n01;
n -> n0;
n1[label = "Equal"];
n10[label = "While"];
n100[label = "Equal"];
n1000[label = "FarthestNeighbor"];
n100 -> n1000;
n1001[label = "FarthestInsertion"];
n100 -> n1001;
n10 -> n100;
n101[label = "Or"];
n1010[label = "BestMove"];
n101 -> n1010;
n1011[label = "NearestNeighbor"];
n101 -> n1011;
n10 -> n101;
n1 -> n10;
n11[label = "CplexTerminal"];
n1 -> n11;
n -> n1;
}


Generation: 12
Best Individual:
Subpopulation 0:
Evaluated: true
Fitness: Standardized=0.12500192 Adjusted=0.8888874 Hits=8
Tree 0:
digraph g {
node [shape=rectangle];
n[label = "If_Then"];
n0[label = "Equal"];
n00[label = "NearestNeighbor"];
n0 -> n00;
n01[label = "CplexTerminal"];
n0 -> n01;
n -> n0;
n1[label = "Equal"];
n10[label = "While"];
n100[label = "Equal"];
n1000[label = "FarthestNeighbor"];
n100 -> n1000;
n1001[label = "FarthestInsertion"];
n100 -> n1001;
n10 -> n100;
n101[label = "Or"];
n1010[label = "BestMove"];
n101 -> n1010;
n1011[label = "NearestNeighbor"];
n101 -> n1011;
n10 -> n101;
n1 -> n10;
n11[label = "CplexTerminal"];
n1 -> n11;
n -> n1;
}


Generation: 13
Best Individual:
Subpopulation 0:
Evaluated: true
Fitness: Standardized=0.12500192 Adjusted=0.8888874 Hits=8
Tree 0:
digraph g {
node [shape=rectangle];
n[label = "If_Then"];
n0[label = "Equal"];
n00[label = "NearestNeighbor"];
n0 -> n00;
n01[label = "CplexTerminal"];
n0 -> n01;
n -> n0;
n1[label = "Equal"];
n10[label = "While"];
n100[label = "Equal"];
n1000[label = "FarthestNeighbor"];
n100 -> n1000;
n1001[label = "FarthestInsertion"];
n100 -> n1001;
n10 -> n100;
n101[label = "Or"];
n1010[label = "BestMove"];
n101 -> n1010;
n1011[label = "NearestNeighbor"];
n101 -> n1011;
n10 -> n101;
n1 -> n10;
n11[label = "CplexTerminal"];
n1 -> n11;
n -> n1;
}


Generation: 14
Best Individual:
Subpopulation 0:
Evaluated: true
Fitness: Standardized=0.12500192 Adjusted=0.8888874 Hits=8
Tree 0:
digraph g {
node [shape=rectangle];
n[label = "If_Then"];
n0[label = "Equal"];
n00[label = "NearestNeighbor"];
n0 -> n00;
n01[label = "CplexTerminal"];
n0 -> n01;
n -> n0;
n1[label = "Equal"];
n10[label = "While"];
n100[label = "Equal"];
n1000[label = "FarthestNeighbor"];
n100 -> n1000;
n1001[label = "FarthestInsertion"];
n100 -> n1001;
n10 -> n100;
n101[label = "Or"];
n1010[label = "BestMove"];
n101 -> n1010;
n1011[label = "NearestNeighbor"];
n101 -> n1011;
n10 -> n101;
n1 -> n10;
n11[label = "CplexTerminal"];
n1 -> n11;
n -> n1;
}


Generation: 15
Best Individual:
Subpopulation 0:
Evaluated: true
Fitness: Standardized=0.12500192 Adjusted=0.8888874 Hits=8
Tree 0:
digraph g {
node [shape=rectangle];
n[label = "If_Then"];
n0[label = "Equal"];
n00[label = "NearestNeighbor"];
n0 -> n00;
n01[label = "CplexTerminal"];
n0 -> n01;
n -> n0;
n1[label = "Equal"];
n10[label = "While"];
n100[label = "Or"];
n1000[label = "BestMove"];
n100 -> n1000;
n1001[label = "NearestNeighbor"];
n100 -> n1001;
n10 -> n100;
n101[label = "Or"];
n1010[label = "BestMove"];
n101 -> n1010;
n1011[label = "NearestNeighbor"];
n101 -> n1011;
n10 -> n101;
n1 -> n10;
n11[label = "CplexTerminal"];
n1 -> n11;
n -> n1;
}


Generation: 16
Best Individual:
Subpopulation 0:
Evaluated: true
Fitness: Standardized=0.12500192 Adjusted=0.8888874 Hits=8
Tree 0:
digraph g {
node [shape=rectangle];
n[label = "If_Then"];
n0[label = "Equal"];
n00[label = "NearestNeighbor"];
n0 -> n00;
n01[label = "CplexTerminal"];
n0 -> n01;
n -> n0;
n1[label = "Equal"];
n10[label = "While"];
n100[label = "Equal"];
n1000[label = "FarthestNeighbor"];
n100 -> n1000;
n1001[label = "FarthestInsertion"];
n100 -> n1001;
n10 -> n100;
n101[label = "Or"];
n1010[label = "BestMove"];
n101 -> n1010;
n1011[label = "NearestNeighbor"];
n101 -> n1011;
n10 -> n101;
n1 -> n10;
n11[label = "CplexTerminal"];
n1 -> n11;
n -> n1;
}


Generation: 17
Best Individual:
Subpopulation 0:
Evaluated: true
Fitness: Standardized=0.12500192 Adjusted=0.8888874 Hits=8
Tree 0:
digraph g {
node [shape=rectangle];
n[label = "If_Then"];
n0[label = "Equal"];
n00[label = "NearestNeighbor"];
n0 -> n00;
n01[label = "CplexTerminal"];
n0 -> n01;
n -> n0;
n1[label = "Equal"];
n10[label = "While"];
n100[label = "Equal"];
n1000[label = "FarthestNeighbor"];
n100 -> n1000;
n1001[label = "FarthestInsertion"];
n100 -> n1001;
n10 -> n100;
n101[label = "Or"];
n1010[label = "BestMove"];
n101 -> n1010;
n1011[label = "NearestNeighbor"];
n101 -> n1011;
n10 -> n101;
n1 -> n10;
n11[label = "CplexTerminal"];
n1 -> n11;
n -> n1;
}


Generation: 18
Best Individual:
Subpopulation 0:
Evaluated: true
Fitness: Standardized=0.12500192 Adjusted=0.8888874 Hits=8
Tree 0:
digraph g {
node [shape=rectangle];
n[label = "If_Then"];
n0[label = "Equal"];
n00[label = "NearestNeighbor"];
n0 -> n00;
n01[label = "CplexTerminal"];
n0 -> n01;
n -> n0;
n1[label = "Equal"];
n10[label = "While"];
n100[label = "Equal"];
n1000[label = "FarthestNeighbor"];
n100 -> n1000;
n1001[label = "FarthestInsertion"];
n100 -> n1001;
n10 -> n100;
n101[label = "Or"];
n1010[label = "BestMove"];
n101 -> n1010;
n1011[label = "NearestNeighbor"];
n101 -> n1011;
n10 -> n101;
n1 -> n10;
n11[label = "CplexTerminal"];
n1 -> n11;
n -> n1;
}


Generation: 19
Best Individual:
Subpopulation 0:
Evaluated: true
Fitness: Standardized=0.12500192 Adjusted=0.8888874 Hits=8
Tree 0:
digraph g {
node [shape=rectangle];
n[label = "If_Then"];
n0[label = "Equal"];
n00[label = "FarthestFirstNode"];
n0 -> n00;
n01[label = "CplexTerminal"];
n0 -> n01;
n -> n0;
n1[label = "Equal"];
n10[label = "While"];
n100[label = "Equal"];
n1000[label = "FarthestNeighbor"];
n100 -> n1000;
n1001[label = "FarthestInsertion"];
n100 -> n1001;
n10 -> n100;
n101[label = "Or"];
n1010[label = "BestMove"];
n101 -> n1010;
n1011[label = "NearestNeighbor"];
n101 -> n1011;
n10 -> n101;
n1 -> n10;
n11[label = "CplexTerminal"];
n1 -> n11;
n -> n1;
}


Generation: 20
Best Individual:
Subpopulation 0:
Evaluated: true
Fitness: Standardized=0.12500192 Adjusted=0.8888874 Hits=8
Tree 0:
digraph g {
node [shape=rectangle];
n[label = "If_Then"];
n0[label = "Equal"];
n00[label = "NearestNeighbor"];
n0 -> n00;
n01[label = "CplexTerminal"];
n0 -> n01;
n -> n0;
n1[label = "Equal"];
n10[label = "While"];
n100[label = "Equal"];
n1000[label = "FarthestNeighbor"];
n100 -> n1000;
n1001[label = "FarthestInsertion"];
n100 -> n1001;
n10 -> n100;
n101[label = "Or"];
n1010[label = "BestMove"];
n101 -> n1010;
n1011[label = "NearestNeighbor"];
n101 -> n1011;
n10 -> n101;
n1 -> n10;
n11[label = "Equal"];
n110[label = "FarthestInsertion"];
n11 -> n110;
n111[label = "NearestInsertion"];
n11 -> n111;
n1 -> n11;
n -> n1;
}


Generation: 21
Best Individual:
Subpopulation 0:
Evaluated: true
Fitness: Standardized=0.12500192 Adjusted=0.8888874 Hits=8
Tree 0:
digraph g {
node [shape=rectangle];
n[label = "If_Then"];
n0[label = "Equal"];
n00[label = "NearestNeighbor"];
n0 -> n00;
n01[label = "CplexTerminal"];
n0 -> n01;
n -> n0;
n1[label = "Equal"];
n10[label = "While"];
n100[label = "Equal"];
n1000[label = "FarthestNeighbor"];
n100 -> n1000;
n1001[label = "FarthestInsertion"];
n100 -> n1001;
n10 -> n100;
n101[label = "Or"];
n1010[label = "BestMove"];
n101 -> n1010;
n1011[label = "CplexTerminal"];
n101 -> n1011;
n10 -> n101;
n1 -> n10;
n11[label = "CplexTerminal"];
n1 -> n11;
n -> n1;
}


Generation: 22
Best Individual:
Subpopulation 0:
Evaluated: true
Fitness: Standardized=0.12500192 Adjusted=0.8888874 Hits=8
Tree 0:
digraph g {
node [shape=rectangle];
n[label = "If_Then"];
n0[label = "Equal"];
n00[label = "NearestNeighbor"];
n0 -> n00;
n01[label = "CplexTerminal"];
n0 -> n01;
n -> n0;
n1[label = "While"];
n10[label = "Equal"];
n100[label = "FarthestNeighbor"];
n10 -> n100;
n101[label = "FarthestInsertion"];
n10 -> n101;
n1 -> n10;
n11[label = "Or"];
n110[label = "BestMove"];
n11 -> n110;
n111[label = "CplexTerminal"];
n11 -> n111;
n1 -> n11;
n -> n1;
}


Generation: 23
Best Individual:
Subpopulation 0:
Evaluated: true
Fitness: Standardized=0.12500192 Adjusted=0.8888874 Hits=8
Tree 0:
digraph g {
node [shape=rectangle];
n[label = "If_Then"];
n0[label = "Equal"];
n00[label = "NearestNeighbor"];
n0 -> n00;
n01[label = "CplexTerminal"];
n0 -> n01;
n -> n0;
n1[label = "Equal"];
n10[label = "While"];
n100[label = "Equal"];
n1000[label = "FarthestNeighbor"];
n100 -> n1000;
n1001[label = "NearestNeighbor"];
n100 -> n1001;
n10 -> n100;
n101[label = "Or"];
n1010[label = "BestMove"];
n101 -> n1010;
n1011[label = "CplexTerminal"];
n101 -> n1011;
n10 -> n101;
n1 -> n10;
n11[label = "CplexTerminal"];
n1 -> n11;
n -> n1;
}


Generation: 24
Best Individual:
Subpopulation 0:
Evaluated: true
Fitness: Standardized=0.12500192 Adjusted=0.8888874 Hits=8
Tree 0:
digraph g {
node [shape=rectangle];
n[label = "If_Then"];
n0[label = "Equal"];
n00[label = "NearestNeighbor"];
n0 -> n00;
n01[label = "CplexTerminal"];
n0 -> n01;
n -> n0;
n1[label = "While"];
n10[label = "Or"];
n100[label = "BestMove"];
n10 -> n100;
n101[label = "CplexTerminal"];
n10 -> n101;
n1 -> n10;
n11[label = "Or"];
n110[label = "BestMove"];
n11 -> n110;
n111[label = "CplexTerminal"];
n11 -> n111;
n1 -> n11;
n -> n1;
}


Generation: 25
Best Individual:
Subpopulation 0:
Evaluated: true
Fitness: Standardized=0.12500192 Adjusted=0.8888874 Hits=8
Tree 0:
digraph g {
node [shape=rectangle];
n[label = "If_Then"];
n0[label = "Equal"];
n00[label = "NearestNeighbor"];
n0 -> n00;
n01[label = "CplexTerminal"];
n0 -> n01;
n -> n0;
n1[label = "While"];
n10[label = "Equal"];
n100[label = "FarthestNeighbor"];
n10 -> n100;
n101[label = "FarthestInsertion"];
n10 -> n101;
n1 -> n10;
n11[label = "Or"];
n110[label = "BestMove"];
n11 -> n110;
n111[label = "CplexTerminal"];
n11 -> n111;
n1 -> n11;
n -> n1;
}


Generation: 26
Best Individual:
Subpopulation 0:
Evaluated: true
Fitness: Standardized=0.12500192 Adjusted=0.8888874 Hits=8
Tree 0:
digraph g {
node [shape=rectangle];
n[label = "If_Then"];
n0[label = "Equal"];
n00[label = "NearestNeighbor"];
n0 -> n00;
n01[label = "CplexTerminal"];
n0 -> n01;
n -> n0;
n1[label = "Equal"];
n10[label = "While"];
n100[label = "Equal"];
n1000[label = "FarthestNeighbor"];
n100 -> n1000;
n1001[label = "NearestNeighbor"];
n100 -> n1001;
n10 -> n100;
n101[label = "Or"];
n1010[label = "BestMove"];
n101 -> n1010;
n1011[label = "CplexTerminal"];
n101 -> n1011;
n10 -> n101;
n1 -> n10;
n11[label = "NearestNeighbor"];
n1 -> n11;
n -> n1;
}


Generation: 27
Best Individual:
Subpopulation 0:
Evaluated: true
Fitness: Standardized=0.12150998 Adjusted=0.89165497 Hits=8
Tree 0:
digraph g {
node [shape=rectangle];
n[label = "If_Then"];
n0[label = "Equal"];
n00[label = "NearestNeighbor"];
n0 -> n00;
n01[label = "CplexTerminal"];
n0 -> n01;
n -> n0;
n1[label = "Equal"];
n10[label = "While"];
n100[label = "Equal"];
n1000[label = "FarthestNeighbor"];
n100 -> n1000;
n1001[label = "NearestNeighbor"];
n100 -> n1001;
n10 -> n100;
n101[label = "Or"];
n1010[label = "BestMove"];
n101 -> n1010;
n1011[label = "CplexTerminal"];
n101 -> n1011;
n10 -> n101;
n1 -> n10;
n11[label = "CplexTerminal"];
n1 -> n11;
n -> n1;
}


Generation: 28
Best Individual:
Subpopulation 0:
Evaluated: true
Fitness: Standardized=0.12150998 Adjusted=0.89165497 Hits=8
Tree 0:
digraph g {
node [shape=rectangle];
n[label = "If_Then"];
n0[label = "Equal"];
n00[label = "NearestNeighbor"];
n0 -> n00;
n01[label = "CplexTerminal"];
n0 -> n01;
n -> n0;
n1[label = "Equal"];
n10[label = "While"];
n100[label = "Equal"];
n1000[label = "FarthestNeighbor"];
n100 -> n1000;
n1001[label = "NearestNeighbor"];
n100 -> n1001;
n10 -> n100;
n101[label = "Or"];
n1010[label = "BestMove"];
n101 -> n1010;
n1011[label = "CplexTerminal"];
n101 -> n1011;
n10 -> n101;
n1 -> n10;
n11[label = "CplexTerminal"];
n1 -> n11;
n -> n1;
}


Generation: 29
Best Individual:
Subpopulation 0:
Evaluated: true
Fitness: Standardized=0.12150998 Adjusted=0.89165497 Hits=8
Tree 0:
digraph g {
node [shape=rectangle];
n[label = "If_Then"];
n0[label = "Equal"];
n00[label = "NearestNeighbor"];
n0 -> n00;
n01[label = "CplexTerminal"];
n0 -> n01;
n -> n0;
n1[label = "Equal"];
n10[label = "While"];
n100[label = "Equal"];
n1000[label = "FarthestNeighbor"];
n100 -> n1000;
n1001[label = "NearestNeighbor"];
n100 -> n1001;
n10 -> n100;
n101[label = "Or"];
n1010[label = "BestMove"];
n101 -> n1010;
n1011[label = "CplexTerminal"];
n101 -> n1011;
n10 -> n101;
n1 -> n10;
n11[label = "CplexTerminal"];
n1 -> n11;
n -> n1;
}


Generation: 30
Best Individual:
Subpopulation 0:
Evaluated: true
Fitness: Standardized=0.12150998 Adjusted=0.89165497 Hits=8
Tree 0:
digraph g {
node [shape=rectangle];
n[label = "If_Then"];
n0[label = "Equal"];
n00[label = "NearestNeighbor"];
n0 -> n00;
n01[label = "CplexTerminal"];
n0 -> n01;
n -> n0;
n1[label = "Equal"];
n10[label = "While"];
n100[label = "Equal"];
n1000[label = "FarthestNeighbor"];
n100 -> n1000;
n1001[label = "NearestNeighbor"];
n100 -> n1001;
n10 -> n100;
n101[label = "Or"];
n1010[label = "BestMove"];
n101 -> n1010;
n1011[label = "CplexTerminal"];
n101 -> n1011;
n10 -> n101;
n1 -> n10;
n11[label = "CplexTerminal"];
n1 -> n11;
n -> n1;
}


Generation: 31
Best Individual:
Subpopulation 0:
Evaluated: true
Fitness: Standardized=0.12150998 Adjusted=0.89165497 Hits=8
Tree 0:
digraph g {
node [shape=rectangle];
n[label = "If_Then"];
n0[label = "Equal"];
n00[label = "NearestNeighbor"];
n0 -> n00;
n01[label = "CplexTerminal"];
n0 -> n01;
n -> n0;
n1[label = "Equal"];
n10[label = "While"];
n100[label = "Equal"];
n1000[label = "FarthestNeighbor"];
n100 -> n1000;
n1001[label = "NearestNeighbor"];
n100 -> n1001;
n10 -> n100;
n101[label = "Or"];
n1010[label = "BestMove"];
n101 -> n1010;
n1011[label = "CplexTerminal"];
n101 -> n1011;
n10 -> n101;
n1 -> n10;
n11[label = "CplexTerminal"];
n1 -> n11;
n -> n1;
}


Generation: 32
Best Individual:
Subpopulation 0:
Evaluated: true
Fitness: Standardized=0.12150998 Adjusted=0.89165497 Hits=8
Tree 0:
digraph g {
node [shape=rectangle];
n[label = "If_Then"];
n0[label = "Equal"];
n00[label = "NearestNeighbor"];
n0 -> n00;
n01[label = "CplexTerminal"];
n0 -> n01;
n -> n0;
n1[label = "Equal"];
n10[label = "While"];
n100[label = "Equal"];
n1000[label = "FarthestNeighbor"];
n100 -> n1000;
n1001[label = "NearestNeighbor"];
n100 -> n1001;
n10 -> n100;
n101[label = "Or"];
n1010[label = "BestMove"];
n101 -> n1010;
n1011[label = "CplexTerminal"];
n101 -> n1011;
n10 -> n101;
n1 -> n10;
n11[label = "CplexTerminal"];
n1 -> n11;
n -> n1;
}


Generation: 33
Best Individual:
Subpopulation 0:
Evaluated: true
Fitness: Standardized=0.12150998 Adjusted=0.89165497 Hits=8
Tree 0:
digraph g {
node [shape=rectangle];
n[label = "If_Then"];
n0[label = "Equal"];
n00[label = "NearestNeighbor"];
n0 -> n00;
n01[label = "CplexTerminal"];
n0 -> n01;
n -> n0;
n1[label = "Equal"];
n10[label = "While"];
n100[label = "Equal"];
n1000[label = "FarthestNeighbor"];
n100 -> n1000;
n1001[label = "NearestNeighbor"];
n100 -> n1001;
n10 -> n100;
n101[label = "Or"];
n1010[label = "BestMove"];
n101 -> n1010;
n1011[label = "CplexTerminal"];
n101 -> n1011;
n10 -> n101;
n1 -> n10;
n11[label = "CplexTerminal"];
n1 -> n11;
n -> n1;
}


Generation: 34
Best Individual:
Subpopulation 0:
Evaluated: true
Fitness: Standardized=0.12150998 Adjusted=0.89165497 Hits=8
Tree 0:
digraph g {
node [shape=rectangle];
n[label = "If_Then"];
n0[label = "Equal"];
n00[label = "NearestNeighbor"];
n0 -> n00;
n01[label = "CplexTerminal"];
n0 -> n01;
n -> n0;
n1[label = "Equal"];
n10[label = "While"];
n100[label = "Equal"];
n1000[label = "FarthestNeighbor"];
n100 -> n1000;
n1001[label = "NearestNeighbor"];
n100 -> n1001;
n10 -> n100;
n101[label = "Or"];
n1010[label = "BestMove"];
n101 -> n1010;
n1011[label = "CplexTerminal"];
n101 -> n1011;
n10 -> n101;
n1 -> n10;
n11[label = "CplexTerminal"];
n1 -> n11;
n -> n1;
}


Generation: 35
Best Individual:
Subpopulation 0:
Evaluated: true
Fitness: Standardized=0.12150998 Adjusted=0.89165497 Hits=8
Tree 0:
digraph g {
node [shape=rectangle];
n[label = "If_Then"];
n0[label = "Equal"];
n00[label = "NearestNeighbor"];
n0 -> n00;
n01[label = "CplexTerminal"];
n0 -> n01;
n -> n0;
n1[label = "Equal"];
n10[label = "While"];
n100[label = "Equal"];
n1000[label = "FarthestNeighbor"];
n100 -> n1000;
n1001[label = "NearestNeighbor"];
n100 -> n1001;
n10 -> n100;
n101[label = "Or"];
n1010[label = "BestMove"];
n101 -> n1010;
n1011[label = "CplexTerminal"];
n101 -> n1011;
n10 -> n101;
n1 -> n10;
n11[label = "CplexTerminal"];
n1 -> n11;
n -> n1;
}


Generation: 36
Best Individual:
Subpopulation 0:
Evaluated: true
Fitness: Standardized=0.12150998 Adjusted=0.89165497 Hits=8
Tree 0:
digraph g {
node [shape=rectangle];
n[label = "If_Then"];
n0[label = "Equal"];
n00[label = "NearestNeighbor"];
n0 -> n00;
n01[label = "CplexTerminal"];
n0 -> n01;
n -> n0;
n1[label = "Equal"];
n10[label = "While"];
n100[label = "Equal"];
n1000[label = "FarthestNeighbor"];
n100 -> n1000;
n1001[label = "NearestNeighbor"];
n100 -> n1001;
n10 -> n100;
n101[label = "Or"];
n1010[label = "BestMove"];
n101 -> n1010;
n1011[label = "CplexTerminal"];
n101 -> n1011;
n10 -> n101;
n1 -> n10;
n11[label = "CplexTerminal"];
n1 -> n11;
n -> n1;
}


Generation: 37
Best Individual:
Subpopulation 0:
Evaluated: true
Fitness: Standardized=0.12150998 Adjusted=0.89165497 Hits=8
Tree 0:
digraph g {
node [shape=rectangle];
n[label = "If_Then"];
n0[label = "Equal"];
n00[label = "NearestNeighbor"];
n0 -> n00;
n01[label = "CplexTerminal"];
n0 -> n01;
n -> n0;
n1[label = "Equal"];
n10[label = "While"];
n100[label = "Equal"];
n1000[label = "FarthestNeighbor"];
n100 -> n1000;
n1001[label = "NearestNeighbor"];
n100 -> n1001;
n10 -> n100;
n101[label = "Or"];
n1010[label = "BestMove"];
n101 -> n1010;
n1011[label = "CplexTerminal"];
n101 -> n1011;
n10 -> n101;
n1 -> n10;
n11[label = "CplexTerminal"];
n1 -> n11;
n -> n1;
}


Generation: 38
Best Individual:
Subpopulation 0:
Evaluated: true
Fitness: Standardized=0.12150998 Adjusted=0.89165497 Hits=8
Tree 0:
digraph g {
node [shape=rectangle];
n[label = "If_Then"];
n0[label = "Equal"];
n00[label = "NearestNeighbor"];
n0 -> n00;
n01[label = "CplexTerminal"];
n0 -> n01;
n -> n0;
n1[label = "Equal"];
n10[label = "While"];
n100[label = "Equal"];
n1000[label = "FarthestNeighbor"];
n100 -> n1000;
n1001[label = "NearestNeighbor"];
n100 -> n1001;
n10 -> n100;
n101[label = "Or"];
n1010[label = "BestMove"];
n101 -> n1010;
n1011[label = "CplexTerminal"];
n101 -> n1011;
n10 -> n101;
n1 -> n10;
n11[label = "CplexTerminal"];
n1 -> n11;
n -> n1;
}


Generation: 39
Best Individual:
Subpopulation 0:
Evaluated: true
Fitness: Standardized=0.12150998 Adjusted=0.89165497 Hits=8
Tree 0:
digraph g {
node [shape=rectangle];
n[label = "If_Then"];
n0[label = "Equal"];
n00[label = "NearestNeighbor"];
n0 -> n00;
n01[label = "CplexTerminal"];
n0 -> n01;
n -> n0;
n1[label = "Equal"];
n10[label = "While"];
n100[label = "Equal"];
n1000[label = "FarthestNeighbor"];
n100 -> n1000;
n1001[label = "NearestNeighbor"];
n100 -> n1001;
n10 -> n100;
n101[label = "Or"];
n1010[label = "BestMove"];
n101 -> n1010;
n1011[label = "CplexTerminal"];
n101 -> n1011;
n10 -> n101;
n1 -> n10;
n11[label = "CplexTerminal"];
n1 -> n11;
n -> n1;
}


Generation: 40
Best Individual:
Subpopulation 0:
Evaluated: true
Fitness: Standardized=0.12150998 Adjusted=0.89165497 Hits=8
Tree 0:
digraph g {
node [shape=rectangle];
n[label = "If_Then"];
n0[label = "Equal"];
n00[label = "NearestNeighbor"];
n0 -> n00;
n01[label = "CplexTerminal"];
n0 -> n01;
n -> n0;
n1[label = "Equal"];
n10[label = "While"];
n100[label = "Equal"];
n1000[label = "FarthestNeighbor"];
n100 -> n1000;
n1001[label = "NearestNeighbor"];
n100 -> n1001;
n10 -> n100;
n101[label = "Or"];
n1010[label = "BestMove"];
n101 -> n1010;
n1011[label = "CplexTerminal"];
n101 -> n1011;
n10 -> n101;
n1 -> n10;
n11[label = "CplexTerminal"];
n1 -> n11;
n -> n1;
}


Generation: 41
Best Individual:
Subpopulation 0:
Evaluated: true
Fitness: Standardized=0.12150998 Adjusted=0.89165497 Hits=8
Tree 0:
digraph g {
node [shape=rectangle];
n[label = "If_Then"];
n0[label = "Equal"];
n00[label = "NearestNeighbor"];
n0 -> n00;
n01[label = "CplexTerminal"];
n0 -> n01;
n -> n0;
n1[label = "Equal"];
n10[label = "While"];
n100[label = "Equal"];
n1000[label = "FarthestNeighbor"];
n100 -> n1000;
n1001[label = "NearestNeighbor"];
n100 -> n1001;
n10 -> n100;
n101[label = "Or"];
n1010[label = "BestMove"];
n101 -> n1010;
n1011[label = "CplexTerminal"];
n101 -> n1011;
n10 -> n101;
n1 -> n10;
n11[label = "CplexTerminal"];
n1 -> n11;
n -> n1;
}


Generation: 42
Best Individual:
Subpopulation 0:
Evaluated: true
Fitness: Standardized=0.12150998 Adjusted=0.89165497 Hits=8
Tree 0:
digraph g {
node [shape=rectangle];
n[label = "If_Then"];
n0[label = "Equal"];
n00[label = "NearestNeighbor"];
n0 -> n00;
n01[label = "CplexTerminal"];
n0 -> n01;
n -> n0;
n1[label = "Equal"];
n10[label = "While"];
n100[label = "Equal"];
n1000[label = "FarthestNeighbor"];
n100 -> n1000;
n1001[label = "NearestNeighbor"];
n100 -> n1001;
n10 -> n100;
n101[label = "Or"];
n1010[label = "BestMove"];
n101 -> n1010;
n1011[label = "CplexTerminal"];
n101 -> n1011;
n10 -> n101;
n1 -> n10;
n11[label = "CplexTerminal"];
n1 -> n11;
n -> n1;
}


Generation: 43
Best Individual:
Subpopulation 0:
Evaluated: true
Fitness: Standardized=0.12150998 Adjusted=0.89165497 Hits=8
Tree 0:
digraph g {
node [shape=rectangle];
n[label = "If_Then"];
n0[label = "Equal"];
n00[label = "NearestNeighbor"];
n0 -> n00;
n01[label = "CplexTerminal"];
n0 -> n01;
n -> n0;
n1[label = "Equal"];
n10[label = "While"];
n100[label = "Equal"];
n1000[label = "FarthestNeighbor"];
n100 -> n1000;
n1001[label = "NearestNeighbor"];
n100 -> n1001;
n10 -> n100;
n101[label = "Or"];
n1010[label = "BestMove"];
n101 -> n1010;
n1011[label = "CplexTerminal"];
n101 -> n1011;
n10 -> n101;
n1 -> n10;
n11[label = "CplexTerminal"];
n1 -> n11;
n -> n1;
}


Generation: 44
Best Individual:
Subpopulation 0:
Evaluated: true
Fitness: Standardized=0.12150998 Adjusted=0.89165497 Hits=8
Tree 0:
digraph g {
node [shape=rectangle];
n[label = "If_Then"];
n0[label = "Equal"];
n00[label = "NearestNeighbor"];
n0 -> n00;
n01[label = "CplexTerminal"];
n0 -> n01;
n -> n0;
n1[label = "Equal"];
n10[label = "While"];
n100[label = "Equal"];
n1000[label = "FarthestNeighbor"];
n100 -> n1000;
n1001[label = "NearestNeighbor"];
n100 -> n1001;
n10 -> n100;
n101[label = "Or"];
n1010[label = "BestMove"];
n101 -> n1010;
n1011[label = "CplexTerminal"];
n101 -> n1011;
n10 -> n101;
n1 -> n10;
n11[label = "CplexTerminal"];
n1 -> n11;
n -> n1;
}


Generation: 45
Best Individual:
Subpopulation 0:
Evaluated: true
Fitness: Standardized=0.12150998 Adjusted=0.89165497 Hits=8
Tree 0:
digraph g {
node [shape=rectangle];
n[label = "If_Then"];
n0[label = "Equal"];
n00[label = "NearestNeighbor"];
n0 -> n00;
n01[label = "CplexTerminal"];
n0 -> n01;
n -> n0;
n1[label = "Equal"];
n10[label = "While"];
n100[label = "Equal"];
n1000[label = "FarthestNeighbor"];
n100 -> n1000;
n1001[label = "NearestNeighbor"];
n100 -> n1001;
n10 -> n100;
n101[label = "Or"];
n1010[label = "BestMove"];
n101 -> n1010;
n1011[label = "CplexTerminal"];
n101 -> n1011;
n10 -> n101;
n1 -> n10;
n11[label = "CplexTerminal"];
n1 -> n11;
n -> n1;
}


Generation: 46
Best Individual:
Subpopulation 0:
Evaluated: true
Fitness: Standardized=0.12150998 Adjusted=0.89165497 Hits=8
Tree 0:
digraph g {
node [shape=rectangle];
n[label = "If_Then"];
n0[label = "Equal"];
n00[label = "NearestNeighbor"];
n0 -> n00;
n01[label = "CplexTerminal"];
n0 -> n01;
n -> n0;
n1[label = "Equal"];
n10[label = "While"];
n100[label = "Equal"];
n1000[label = "FarthestNeighbor"];
n100 -> n1000;
n1001[label = "NearestNeighbor"];
n100 -> n1001;
n10 -> n100;
n101[label = "Or"];
n1010[label = "BestMove"];
n101 -> n1010;
n1011[label = "CplexTerminal"];
n101 -> n1011;
n10 -> n101;
n1 -> n10;
n11[label = "CplexTerminal"];
n1 -> n11;
n -> n1;
}


Generation: 47
Best Individual:
Subpopulation 0:
Evaluated: true
Fitness: Standardized=0.12150998 Adjusted=0.89165497 Hits=8
Tree 0:
digraph g {
node [shape=rectangle];
n[label = "If_Then"];
n0[label = "Equal"];
n00[label = "NearestNeighbor"];
n0 -> n00;
n01[label = "CplexTerminal"];
n0 -> n01;
n -> n0;
n1[label = "Equal"];
n10[label = "While"];
n100[label = "Equal"];
n1000[label = "FarthestNeighbor"];
n100 -> n1000;
n1001[label = "NearestNeighbor"];
n100 -> n1001;
n10 -> n100;
n101[label = "Or"];
n1010[label = "BestMove"];
n101 -> n1010;
n1011[label = "CplexTerminal"];
n101 -> n1011;
n10 -> n101;
n1 -> n10;
n11[label = "CplexTerminal"];
n1 -> n11;
n -> n1;
}


Generation: 48
Best Individual:
Subpopulation 0:
Evaluated: true
Fitness: Standardized=0.12150998 Adjusted=0.89165497 Hits=8
Tree 0:
digraph g {
node [shape=rectangle];
n[label = "If_Then"];
n0[label = "Equal"];
n00[label = "NearestNeighbor"];
n0 -> n00;
n01[label = "CplexTerminal"];
n0 -> n01;
n -> n0;
n1[label = "Equal"];
n10[label = "While"];
n100[label = "Equal"];
n1000[label = "FarthestNeighbor"];
n100 -> n1000;
n1001[label = "NearestNeighbor"];
n100 -> n1001;
n10 -> n100;
n101[label = "Or"];
n1010[label = "BestMove"];
n101 -> n1010;
n1011[label = "CplexTerminal"];
n101 -> n1011;
n10 -> n101;
n1 -> n10;
n11[label = "CplexTerminal"];
n1 -> n11;
n -> n1;
}


Generation: 49
Best Individual:
Subpopulation 0:
Evaluated: true
Fitness: Standardized=0.12150998 Adjusted=0.89165497 Hits=8
Tree 0:
digraph g {
node [shape=rectangle];
n[label = "If_Then"];
n0[label = "Equal"];
n00[label = "NearestNeighbor"];
n0 -> n00;
n01[label = "CplexTerminal"];
n0 -> n01;
n -> n0;
n1[label = "Equal"];
n10[label = "While"];
n100[label = "Equal"];
n1000[label = "FarthestNeighbor"];
n100 -> n1000;
n1001[label = "NearestNeighbor"];
n100 -> n1001;
n10 -> n100;
n101[label = "Or"];
n1010[label = "BestMove"];
n101 -> n1010;
n1011[label = "CplexTerminal"];
n101 -> n1011;
n10 -> n101;
n1 -> n10;
n11[label = "CplexTerminal"];
n1 -> n11;
n -> n1;
}


Generation: 50
Best Individual:
Subpopulation 0:
Evaluated: true
Fitness: Standardized=0.12150998 Adjusted=0.89165497 Hits=8
Tree 0:
digraph g {
node [shape=rectangle];
n[label = "If_Then"];
n0[label = "Equal"];
n00[label = "NearestNeighbor"];
n0 -> n00;
n01[label = "CplexTerminal"];
n0 -> n01;
n -> n0;
n1[label = "Equal"];
n10[label = "While"];
n100[label = "Equal"];
n1000[label = "FarthestNeighbor"];
n100 -> n1000;
n1001[label = "NearestNeighbor"];
n100 -> n1001;
n10 -> n100;
n101[label = "Or"];
n1010[label = "BestMove"];
n101 -> n1010;
n1011[label = "CplexTerminal"];
n101 -> n1011;
n10 -> n101;
n1 -> n10;
n11[label = "CplexTerminal"];
n1 -> n11;
n -> n1;
}


Generation: 51
Best Individual:
Subpopulation 0:
Evaluated: true
Fitness: Standardized=0.12150998 Adjusted=0.89165497 Hits=8
Tree 0:
digraph g {
node [shape=rectangle];
n[label = "If_Then"];
n0[label = "Equal"];
n00[label = "NearestNeighbor"];
n0 -> n00;
n01[label = "CplexTerminal"];
n0 -> n01;
n -> n0;
n1[label = "Equal"];
n10[label = "While"];
n100[label = "Equal"];
n1000[label = "FarthestNeighbor"];
n100 -> n1000;
n1001[label = "NearestNeighbor"];
n100 -> n1001;
n10 -> n100;
n101[label = "Or"];
n1010[label = "BestMove"];
n101 -> n1010;
n1011[label = "CplexTerminal"];
n101 -> n1011;
n10 -> n101;
n1 -> n10;
n11[label = "CplexTerminal"];
n1 -> n11;
n -> n1;
}


Generation: 52
Best Individual:
Subpopulation 0:
Evaluated: true
Fitness: Standardized=0.12150998 Adjusted=0.89165497 Hits=8
Tree 0:
digraph g {
node [shape=rectangle];
n[label = "If_Then"];
n0[label = "Equal"];
n00[label = "NearestNeighbor"];
n0 -> n00;
n01[label = "CplexTerminal"];
n0 -> n01;
n -> n0;
n1[label = "Equal"];
n10[label = "While"];
n100[label = "Equal"];
n1000[label = "FarthestNeighbor"];
n100 -> n1000;
n1001[label = "NearestNeighbor"];
n100 -> n1001;
n10 -> n100;
n101[label = "Or"];
n1010[label = "BestMove"];
n101 -> n1010;
n1011[label = "CplexTerminal"];
n101 -> n1011;
n10 -> n101;
n1 -> n10;
n11[label = "CplexTerminal"];
n1 -> n11;
n -> n1;
}


Generation: 53
Best Individual:
Subpopulation 0:
Evaluated: true
Fitness: Standardized=0.12150998 Adjusted=0.89165497 Hits=8
Tree 0:
digraph g {
node [shape=rectangle];
n[label = "If_Then"];
n0[label = "Equal"];
n00[label = "NearestNeighbor"];
n0 -> n00;
n01[label = "CplexTerminal"];
n0 -> n01;
n -> n0;
n1[label = "Equal"];
n10[label = "While"];
n100[label = "Equal"];
n1000[label = "FarthestNeighbor"];
n100 -> n1000;
n1001[label = "NearestNeighbor"];
n100 -> n1001;
n10 -> n100;
n101[label = "Or"];
n1010[label = "BestMove"];
n101 -> n1010;
n1011[label = "CplexTerminal"];
n101 -> n1011;
n10 -> n101;
n1 -> n10;
n11[label = "CplexTerminal"];
n1 -> n11;
n -> n1;
}


Generation: 54
Best Individual:
Subpopulation 0:
Evaluated: true
Fitness: Standardized=0.12150998 Adjusted=0.89165497 Hits=8
Tree 0:
digraph g {
node [shape=rectangle];
n[label = "If_Then"];
n0[label = "Equal"];
n00[label = "NearestNeighbor"];
n0 -> n00;
n01[label = "CplexTerminal"];
n0 -> n01;
n -> n0;
n1[label = "Equal"];
n10[label = "While"];
n100[label = "Equal"];
n1000[label = "FarthestNeighbor"];
n100 -> n1000;
n1001[label = "NearestNeighbor"];
n100 -> n1001;
n10 -> n100;
n101[label = "Or"];
n1010[label = "BestMove"];
n101 -> n1010;
n1011[label = "CplexTerminal"];
n101 -> n1011;
n10 -> n101;
n1 -> n10;
n11[label = "CplexTerminal"];
n1 -> n11;
n -> n1;
}


Generation: 55
Best Individual:
Subpopulation 0:
Evaluated: true
Fitness: Standardized=0.12150998 Adjusted=0.89165497 Hits=8
Tree 0:
digraph g {
node [shape=rectangle];
n[label = "If_Then"];
n0[label = "Equal"];
n00[label = "NearestNeighbor"];
n0 -> n00;
n01[label = "CplexTerminal"];
n0 -> n01;
n -> n0;
n1[label = "Equal"];
n10[label = "While"];
n100[label = "Equal"];
n1000[label = "FarthestNeighbor"];
n100 -> n1000;
n1001[label = "NearestNeighbor"];
n100 -> n1001;
n10 -> n100;
n101[label = "Or"];
n1010[label = "BestMove"];
n101 -> n1010;
n1011[label = "CplexTerminal"];
n101 -> n1011;
n10 -> n101;
n1 -> n10;
n11[label = "CplexTerminal"];
n1 -> n11;
n -> n1;
}


Generation: 56
Best Individual:
Subpopulation 0:
Evaluated: true
Fitness: Standardized=0.12150998 Adjusted=0.89165497 Hits=8
Tree 0:
digraph g {
node [shape=rectangle];
n[label = "If_Then"];
n0[label = "Equal"];
n00[label = "NearestNeighbor"];
n0 -> n00;
n01[label = "CplexTerminal"];
n0 -> n01;
n -> n0;
n1[label = "Equal"];
n10[label = "While"];
n100[label = "Equal"];
n1000[label = "FarthestNeighbor"];
n100 -> n1000;
n1001[label = "NearestNeighbor"];
n100 -> n1001;
n10 -> n100;
n101[label = "Or"];
n1010[label = "BestMove"];
n101 -> n1010;
n1011[label = "CplexTerminal"];
n101 -> n1011;
n10 -> n101;
n1 -> n10;
n11[label = "CplexTerminal"];
n1 -> n11;
n -> n1;
}


Generation: 57
Best Individual:
Subpopulation 0:
Evaluated: true
Fitness: Standardized=0.12150998 Adjusted=0.89165497 Hits=8
Tree 0:
digraph g {
node [shape=rectangle];
n[label = "If_Then"];
n0[label = "Equal"];
n00[label = "NearestNeighbor"];
n0 -> n00;
n01[label = "CplexTerminal"];
n0 -> n01;
n -> n0;
n1[label = "Equal"];
n10[label = "While"];
n100[label = "Equal"];
n1000[label = "FarthestNeighbor"];
n100 -> n1000;
n1001[label = "NearestNeighbor"];
n100 -> n1001;
n10 -> n100;
n101[label = "Or"];
n1010[label = "BestMove"];
n101 -> n1010;
n1011[label = "CplexTerminal"];
n101 -> n1011;
n10 -> n101;
n1 -> n10;
n11[label = "CplexTerminal"];
n1 -> n11;
n -> n1;
}


Generation: 58
Best Individual:
Subpopulation 0:
Evaluated: true
Fitness: Standardized=0.12150998 Adjusted=0.89165497 Hits=8
Tree 0:
digraph g {
node [shape=rectangle];
n[label = "If_Then"];
n0[label = "Equal"];
n00[label = "NearestNeighbor"];
n0 -> n00;
n01[label = "CplexTerminal"];
n0 -> n01;
n -> n0;
n1[label = "Equal"];
n10[label = "While"];
n100[label = "Equal"];
n1000[label = "FarthestNeighbor"];
n100 -> n1000;
n1001[label = "NearestNeighbor"];
n100 -> n1001;
n10 -> n100;
n101[label = "Or"];
n1010[label = "BestMove"];
n101 -> n1010;
n1011[label = "CplexTerminal"];
n101 -> n1011;
n10 -> n101;
n1 -> n10;
n11[label = "CplexTerminal"];
n1 -> n11;
n -> n1;
}


Generation: 59
Best Individual:
Subpopulation 0:
Evaluated: true
Fitness: Standardized=0.12150998 Adjusted=0.89165497 Hits=8
Tree 0:
digraph g {
node [shape=rectangle];
n[label = "If_Then"];
n0[label = "Equal"];
n00[label = "NearestNeighbor"];
n0 -> n00;
n01[label = "CplexTerminal"];
n0 -> n01;
n -> n0;
n1[label = "Equal"];
n10[label = "While"];
n100[label = "Equal"];
n1000[label = "FarthestNeighbor"];
n100 -> n1000;
n1001[label = "NearestNeighbor"];
n100 -> n1001;
n10 -> n100;
n101[label = "Or"];
n1010[label = "BestMove"];
n101 -> n1010;
n1011[label = "CplexTerminal"];
n101 -> n1011;
n10 -> n101;
n1 -> n10;
n11[label = "CplexTerminal"];
n1 -> n11;
n -> n1;
}


Generation: 60
Best Individual:
Subpopulation 0:
Evaluated: true
Fitness: Standardized=0.12150998 Adjusted=0.89165497 Hits=8
Tree 0:
digraph g {
node [shape=rectangle];
n[label = "If_Then"];
n0[label = "Equal"];
n00[label = "NearestNeighbor"];
n0 -> n00;
n01[label = "CplexTerminal"];
n0 -> n01;
n -> n0;
n1[label = "Equal"];
n10[label = "While"];
n100[label = "Equal"];
n1000[label = "FarthestNeighbor"];
n100 -> n1000;
n1001[label = "NearestNeighbor"];
n100 -> n1001;
n10 -> n100;
n101[label = "Or"];
n1010[label = "BestMove"];
n101 -> n1010;
n1011[label = "CplexTerminal"];
n101 -> n1011;
n10 -> n101;
n1 -> n10;
n11[label = "CplexTerminal"];
n1 -> n11;
n -> n1;
}


Generation: 61
Best Individual:
Subpopulation 0:
Evaluated: true
Fitness: Standardized=0.12150998 Adjusted=0.89165497 Hits=8
Tree 0:
digraph g {
node [shape=rectangle];
n[label = "If_Then"];
n0[label = "Equal"];
n00[label = "NearestNeighbor"];
n0 -> n00;
n01[label = "CplexTerminal"];
n0 -> n01;
n -> n0;
n1[label = "Equal"];
n10[label = "While"];
n100[label = "Equal"];
n1000[label = "FarthestNeighbor"];
n100 -> n1000;
n1001[label = "NearestNeighbor"];
n100 -> n1001;
n10 -> n100;
n101[label = "Or"];
n1010[label = "BestMove"];
n101 -> n1010;
n1011[label = "CplexTerminal"];
n101 -> n1011;
n10 -> n101;
n1 -> n10;
n11[label = "CplexTerminal"];
n1 -> n11;
n -> n1;
}


Generation: 62
Best Individual:
Subpopulation 0:
Evaluated: true
Fitness: Standardized=0.12150998 Adjusted=0.89165497 Hits=8
Tree 0:
digraph g {
node [shape=rectangle];
n[label = "If_Then"];
n0[label = "Equal"];
n00[label = "NearestNeighbor"];
n0 -> n00;
n01[label = "CplexTerminal"];
n0 -> n01;
n -> n0;
n1[label = "Equal"];
n10[label = "While"];
n100[label = "Equal"];
n1000[label = "FarthestNeighbor"];
n100 -> n1000;
n1001[label = "NearestNeighbor"];
n100 -> n1001;
n10 -> n100;
n101[label = "Or"];
n1010[label = "BestMove"];
n101 -> n1010;
n1011[label = "CplexTerminal"];
n101 -> n1011;
n10 -> n101;
n1 -> n10;
n11[label = "CplexTerminal"];
n1 -> n11;
n -> n1;
}


Generation: 63
Best Individual:
Subpopulation 0:
Evaluated: true
Fitness: Standardized=0.12150998 Adjusted=0.89165497 Hits=8
Tree 0:
digraph g {
node [shape=rectangle];
n[label = "If_Then"];
n0[label = "Equal"];
n00[label = "NearestNeighbor"];
n0 -> n00;
n01[label = "CplexTerminal"];
n0 -> n01;
n -> n0;
n1[label = "Equal"];
n10[label = "While"];
n100[label = "Equal"];
n1000[label = "FarthestNeighbor"];
n100 -> n1000;
n1001[label = "NearestNeighbor"];
n100 -> n1001;
n10 -> n100;
n101[label = "Or"];
n1010[label = "BestMove"];
n101 -> n1010;
n1011[label = "CplexTerminal"];
n101 -> n1011;
n10 -> n101;
n1 -> n10;
n11[label = "CplexTerminal"];
n1 -> n11;
n -> n1;
}


Generation: 64
Best Individual:
Subpopulation 0:
Evaluated: true
Fitness: Standardized=0.12150998 Adjusted=0.89165497 Hits=8
Tree 0:
digraph g {
node [shape=rectangle];
n[label = "If_Then"];
n0[label = "Equal"];
n00[label = "NearestNeighbor"];
n0 -> n00;
n01[label = "CplexTerminal"];
n0 -> n01;
n -> n0;
n1[label = "Equal"];
n10[label = "While"];
n100[label = "Equal"];
n1000[label = "FarthestNeighbor"];
n100 -> n1000;
n1001[label = "NearestNeighbor"];
n100 -> n1001;
n10 -> n100;
n101[label = "Or"];
n1010[label = "BestMove"];
n101 -> n1010;
n1011[label = "CplexTerminal"];
n101 -> n1011;
n10 -> n101;
n1 -> n10;
n11[label = "CplexTerminal"];
n1 -> n11;
n -> n1;
}


Generation: 65
Best Individual:
Subpopulation 0:
Evaluated: true
Fitness: Standardized=0.12150998 Adjusted=0.89165497 Hits=8
Tree 0:
digraph g {
node [shape=rectangle];
n[label = "If_Then"];
n0[label = "Equal"];
n00[label = "NearestNeighbor"];
n0 -> n00;
n01[label = "CplexTerminal"];
n0 -> n01;
n -> n0;
n1[label = "Equal"];
n10[label = "While"];
n100[label = "Equal"];
n1000[label = "FarthestNeighbor"];
n100 -> n1000;
n1001[label = "NearestNeighbor"];
n100 -> n1001;
n10 -> n100;
n101[label = "Or"];
n1010[label = "BestMove"];
n101 -> n1010;
n1011[label = "CplexTerminal"];
n101 -> n1011;
n10 -> n101;
n1 -> n10;
n11[label = "CplexTerminal"];
n1 -> n11;
n -> n1;
}


Generation: 66
Best Individual:
Subpopulation 0:
Evaluated: true
Fitness: Standardized=0.12150998 Adjusted=0.89165497 Hits=8
Tree 0:
digraph g {
node [shape=rectangle];
n[label = "If_Then"];
n0[label = "Equal"];
n00[label = "NearestNeighbor"];
n0 -> n00;
n01[label = "CplexTerminal"];
n0 -> n01;
n -> n0;
n1[label = "Equal"];
n10[label = "While"];
n100[label = "Equal"];
n1000[label = "FarthestNeighbor"];
n100 -> n1000;
n1001[label = "NearestNeighbor"];
n100 -> n1001;
n10 -> n100;
n101[label = "Or"];
n1010[label = "BestMove"];
n101 -> n1010;
n1011[label = "CplexTerminal"];
n101 -> n1011;
n10 -> n101;
n1 -> n10;
n11[label = "CplexTerminal"];
n1 -> n11;
n -> n1;
}


Generation: 67
Best Individual:
Subpopulation 0:
Evaluated: true
Fitness: Standardized=0.12150998 Adjusted=0.89165497 Hits=8
Tree 0:
digraph g {
node [shape=rectangle];
n[label = "If_Then"];
n0[label = "Equal"];
n00[label = "NearestNeighbor"];
n0 -> n00;
n01[label = "CplexTerminal"];
n0 -> n01;
n -> n0;
n1[label = "Equal"];
n10[label = "While"];
n100[label = "Equal"];
n1000[label = "FarthestNeighbor"];
n100 -> n1000;
n1001[label = "NearestNeighbor"];
n100 -> n1001;
n10 -> n100;
n101[label = "Or"];
n1010[label = "BestMove"];
n101 -> n1010;
n1011[label = "CplexTerminal"];
n101 -> n1011;
n10 -> n101;
n1 -> n10;
n11[label = "CplexTerminal"];
n1 -> n11;
n -> n1;
}


Generation: 68
Best Individual:
Subpopulation 0:
Evaluated: true
Fitness: Standardized=0.12150998 Adjusted=0.89165497 Hits=8
Tree 0:
digraph g {
node [shape=rectangle];
n[label = "If_Then"];
n0[label = "Equal"];
n00[label = "NearestNeighbor"];
n0 -> n00;
n01[label = "CplexTerminal"];
n0 -> n01;
n -> n0;
n1[label = "Equal"];
n10[label = "While"];
n100[label = "Equal"];
n1000[label = "FarthestNeighbor"];
n100 -> n1000;
n1001[label = "NearestNeighbor"];
n100 -> n1001;
n10 -> n100;
n101[label = "Or"];
n1010[label = "BestMove"];
n101 -> n1010;
n1011[label = "CplexTerminal"];
n101 -> n1011;
n10 -> n101;
n1 -> n10;
n11[label = "CplexTerminal"];
n1 -> n11;
n -> n1;
}


Generation: 69
Best Individual:
Subpopulation 0:
Evaluated: true
Fitness: Standardized=0.12150998 Adjusted=0.89165497 Hits=8
Tree 0:
digraph g {
node [shape=rectangle];
n[label = "If_Then"];
n0[label = "Equal"];
n00[label = "NearestNeighbor"];
n0 -> n00;
n01[label = "CplexTerminal"];
n0 -> n01;
n -> n0;
n1[label = "Equal"];
n10[label = "While"];
n100[label = "Equal"];
n1000[label = "FarthestNeighbor"];
n100 -> n1000;
n1001[label = "NearestNeighbor"];
n100 -> n1001;
n10 -> n100;
n101[label = "Or"];
n1010[label = "BestMove"];
n101 -> n1010;
n1011[label = "CplexTerminal"];
n101 -> n1011;
n10 -> n101;
n1 -> n10;
n11[label = "CplexTerminal"];
n1 -> n11;
n -> n1;
}


Generation: 70
Best Individual:
Subpopulation 0:
Evaluated: true
Fitness: Standardized=0.12150998 Adjusted=0.89165497 Hits=8
Tree 0:
digraph g {
node [shape=rectangle];
n[label = "If_Then"];
n0[label = "Equal"];
n00[label = "NearestNeighbor"];
n0 -> n00;
n01[label = "CplexTerminal"];
n0 -> n01;
n -> n0;
n1[label = "Equal"];
n10[label = "While"];
n100[label = "Equal"];
n1000[label = "FarthestNeighbor"];
n100 -> n1000;
n1001[label = "NearestNeighbor"];
n100 -> n1001;
n10 -> n100;
n101[label = "Or"];
n1010[label = "BestMove"];
n101 -> n1010;
n1011[label = "CplexTerminal"];
n101 -> n1011;
n10 -> n101;
n1 -> n10;
n11[label = "CplexTerminal"];
n1 -> n11;
n -> n1;
}


Generation: 71
Best Individual:
Subpopulation 0:
Evaluated: true
Fitness: Standardized=0.12150998 Adjusted=0.89165497 Hits=8
Tree 0:
digraph g {
node [shape=rectangle];
n[label = "If_Then"];
n0[label = "Equal"];
n00[label = "NearestNeighbor"];
n0 -> n00;
n01[label = "CplexTerminal"];
n0 -> n01;
n -> n0;
n1[label = "Equal"];
n10[label = "While"];
n100[label = "Equal"];
n1000[label = "FarthestNeighbor"];
n100 -> n1000;
n1001[label = "NearestNeighbor"];
n100 -> n1001;
n10 -> n100;
n101[label = "Or"];
n1010[label = "BestMove"];
n101 -> n1010;
n1011[label = "CplexTerminal"];
n101 -> n1011;
n10 -> n101;
n1 -> n10;
n11[label = "CplexTerminal"];
n1 -> n11;
n -> n1;
}


Generation: 72
Best Individual:
Subpopulation 0:
Evaluated: true
Fitness: Standardized=0.12150998 Adjusted=0.89165497 Hits=8
Tree 0:
digraph g {
node [shape=rectangle];
n[label = "If_Then"];
n0[label = "Equal"];
n00[label = "NearestNeighbor"];
n0 -> n00;
n01[label = "CplexTerminal"];
n0 -> n01;
n -> n0;
n1[label = "Equal"];
n10[label = "While"];
n100[label = "Equal"];
n1000[label = "FarthestNeighbor"];
n100 -> n1000;
n1001[label = "NearestNeighbor"];
n100 -> n1001;
n10 -> n100;
n101[label = "Or"];
n1010[label = "BestMove"];
n101 -> n1010;
n1011[label = "CplexTerminal"];
n101 -> n1011;
n10 -> n101;
n1 -> n10;
n11[label = "CplexTerminal"];
n1 -> n11;
n -> n1;
}


Generation: 73
Best Individual:
Subpopulation 0:
Evaluated: true
Fitness: Standardized=0.12150998 Adjusted=0.89165497 Hits=8
Tree 0:
digraph g {
node [shape=rectangle];
n[label = "If_Then"];
n0[label = "Equal"];
n00[label = "NearestNeighbor"];
n0 -> n00;
n01[label = "CplexTerminal"];
n0 -> n01;
n -> n0;
n1[label = "Equal"];
n10[label = "While"];
n100[label = "Equal"];
n1000[label = "FarthestNeighbor"];
n100 -> n1000;
n1001[label = "NearestNeighbor"];
n100 -> n1001;
n10 -> n100;
n101[label = "Or"];
n1010[label = "BestMove"];
n101 -> n1010;
n1011[label = "CplexTerminal"];
n101 -> n1011;
n10 -> n101;
n1 -> n10;
n11[label = "CplexTerminal"];
n1 -> n11;
n -> n1;
}


Generation: 74
Best Individual:
Subpopulation 0:
Evaluated: true
Fitness: Standardized=0.12150998 Adjusted=0.89165497 Hits=8
Tree 0:
digraph g {
node [shape=rectangle];
n[label = "If_Then"];
n0[label = "Equal"];
n00[label = "NearestNeighbor"];
n0 -> n00;
n01[label = "CplexTerminal"];
n0 -> n01;
n -> n0;
n1[label = "Equal"];
n10[label = "While"];
n100[label = "Equal"];
n1000[label = "FarthestNeighbor"];
n100 -> n1000;
n1001[label = "NearestNeighbor"];
n100 -> n1001;
n10 -> n100;
n101[label = "Or"];
n1010[label = "BestMove"];
n101 -> n1010;
n1011[label = "CplexTerminal"];
n101 -> n1011;
n10 -> n101;
n1 -> n10;
n11[label = "CplexTerminal"];
n1 -> n11;
n -> n1;
}


Generation: 75
Best Individual:
Subpopulation 0:
Evaluated: true
Fitness: Standardized=0.12150998 Adjusted=0.89165497 Hits=8
Tree 0:
digraph g {
node [shape=rectangle];
n[label = "If_Then"];
n0[label = "Equal"];
n00[label = "NearestNeighbor"];
n0 -> n00;
n01[label = "CplexTerminal"];
n0 -> n01;
n -> n0;
n1[label = "Equal"];
n10[label = "While"];
n100[label = "Equal"];
n1000[label = "FarthestNeighbor"];
n100 -> n1000;
n1001[label = "NearestNeighbor"];
n100 -> n1001;
n10 -> n100;
n101[label = "Or"];
n1010[label = "BestMove"];
n101 -> n1010;
n1011[label = "CplexTerminal"];
n101 -> n1011;
n10 -> n101;
n1 -> n10;
n11[label = "CplexTerminal"];
n1 -> n11;
n -> n1;
}


Generation: 76
Best Individual:
Subpopulation 0:
Evaluated: true
Fitness: Standardized=0.12150998 Adjusted=0.89165497 Hits=8
Tree 0:
digraph g {
node [shape=rectangle];
n[label = "If_Then"];
n0[label = "Equal"];
n00[label = "NearestNeighbor"];
n0 -> n00;
n01[label = "CplexTerminal"];
n0 -> n01;
n -> n0;
n1[label = "Equal"];
n10[label = "While"];
n100[label = "Equal"];
n1000[label = "FarthestNeighbor"];
n100 -> n1000;
n1001[label = "NearestNeighbor"];
n100 -> n1001;
n10 -> n100;
n101[label = "Or"];
n1010[label = "BestMove"];
n101 -> n1010;
n1011[label = "CplexTerminal"];
n101 -> n1011;
n10 -> n101;
n1 -> n10;
n11[label = "CplexTerminal"];
n1 -> n11;
n -> n1;
}


Generation: 77
Best Individual:
Subpopulation 0:
Evaluated: true
Fitness: Standardized=0.12150998 Adjusted=0.89165497 Hits=8
Tree 0:
digraph g {
node [shape=rectangle];
n[label = "If_Then"];
n0[label = "Equal"];
n00[label = "NearestNeighbor"];
n0 -> n00;
n01[label = "CplexTerminal"];
n0 -> n01;
n -> n0;
n1[label = "Equal"];
n10[label = "While"];
n100[label = "Equal"];
n1000[label = "FarthestNeighbor"];
n100 -> n1000;
n1001[label = "NearestNeighbor"];
n100 -> n1001;
n10 -> n100;
n101[label = "Or"];
n1010[label = "BestMove"];
n101 -> n1010;
n1011[label = "CplexTerminal"];
n101 -> n1011;
n10 -> n101;
n1 -> n10;
n11[label = "CplexTerminal"];
n1 -> n11;
n -> n1;
}


Generation: 78
Best Individual:
Subpopulation 0:
Evaluated: true
Fitness: Standardized=0.12150998 Adjusted=0.89165497 Hits=8
Tree 0:
digraph g {
node [shape=rectangle];
n[label = "If_Then"];
n0[label = "Equal"];
n00[label = "NearestNeighbor"];
n0 -> n00;
n01[label = "CplexTerminal"];
n0 -> n01;
n -> n0;
n1[label = "Equal"];
n10[label = "While"];
n100[label = "Equal"];
n1000[label = "FarthestNeighbor"];
n100 -> n1000;
n1001[label = "NearestNeighbor"];
n100 -> n1001;
n10 -> n100;
n101[label = "Or"];
n1010[label = "BestMove"];
n101 -> n1010;
n1011[label = "CplexTerminal"];
n101 -> n1011;
n10 -> n101;
n1 -> n10;
n11[label = "CplexTerminal"];
n1 -> n11;
n -> n1;
}


Generation: 79
Best Individual:
Subpopulation 0:
Evaluated: true
Fitness: Standardized=0.12150998 Adjusted=0.89165497 Hits=8
Tree 0:
digraph g {
node [shape=rectangle];
n[label = "If_Then"];
n0[label = "Equal"];
n00[label = "NearestNeighbor"];
n0 -> n00;
n01[label = "CplexTerminal"];
n0 -> n01;
n -> n0;
n1[label = "Equal"];
n10[label = "While"];
n100[label = "Equal"];
n1000[label = "FarthestNeighbor"];
n100 -> n1000;
n1001[label = "NearestNeighbor"];
n100 -> n1001;
n10 -> n100;
n101[label = "Or"];
n1010[label = "BestMove"];
n101 -> n1010;
n1011[label = "CplexTerminal"];
n101 -> n1011;
n10 -> n101;
n1 -> n10;
n11[label = "CplexTerminal"];
n1 -> n11;
n -> n1;
}


Generation: 80
Best Individual:
Subpopulation 0:
Evaluated: true
Fitness: Standardized=0.12150998 Adjusted=0.89165497 Hits=8
Tree 0:
digraph g {
node [shape=rectangle];
n[label = "If_Then"];
n0[label = "Equal"];
n00[label = "NearestNeighbor"];
n0 -> n00;
n01[label = "CplexTerminal"];
n0 -> n01;
n -> n0;
n1[label = "Equal"];
n10[label = "While"];
n100[label = "Equal"];
n1000[label = "FarthestNeighbor"];
n100 -> n1000;
n1001[label = "NearestNeighbor"];
n100 -> n1001;
n10 -> n100;
n101[label = "Or"];
n1010[label = "BestMove"];
n101 -> n1010;
n1011[label = "CplexTerminal"];
n101 -> n1011;
n10 -> n101;
n1 -> n10;
n11[label = "CplexTerminal"];
n1 -> n11;
n -> n1;
}


Generation: 81
Best Individual:
Subpopulation 0:
Evaluated: true
Fitness: Standardized=0.114656255 Adjusted=0.8971376 Hits=8
Tree 0:
digraph g {
node [shape=rectangle];
n[label = "Equal"];
n0[label = "While"];
n00[label = "Equal"];
n000[label = "FarthestNeighbor"];
n00 -> n000;
n001[label = "NearestNeighbor"];
n00 -> n001;
n0 -> n00;
n01[label = "Or"];
n010[label = "BestMove"];
n01 -> n010;
n011[label = "CplexTerminal"];
n01 -> n011;
n0 -> n01;
n -> n0;
n1[label = "CplexTerminal"];
n -> n1;
}


Generation: 82
Best Individual:
Subpopulation 0:
Evaluated: true
Fitness: Standardized=0.114656255 Adjusted=0.8971376 Hits=8
Tree 0:
digraph g {
node [shape=rectangle];
n[label = "Equal"];
n0[label = "While"];
n00[label = "Equal"];
n000[label = "FarthestNeighbor"];
n00 -> n000;
n001[label = "NearestNeighbor"];
n00 -> n001;
n0 -> n00;
n01[label = "Or"];
n010[label = "BestMove"];
n01 -> n010;
n011[label = "CplexTerminal"];
n01 -> n011;
n0 -> n01;
n -> n0;
n1[label = "CplexTerminal"];
n -> n1;
}


Generation: 83
Best Individual:
Subpopulation 0:
Evaluated: true
Fitness: Standardized=0.114656255 Adjusted=0.8971376 Hits=8
Tree 0:
digraph g {
node [shape=rectangle];
n[label = "Equal"];
n0[label = "While"];
n00[label = "Equal"];
n000[label = "FarthestNeighbor"];
n00 -> n000;
n001[label = "NearestNeighbor"];
n00 -> n001;
n0 -> n00;
n01[label = "Or"];
n010[label = "BestMove"];
n01 -> n010;
n011[label = "CplexTerminal"];
n01 -> n011;
n0 -> n01;
n -> n0;
n1[label = "CplexTerminal"];
n -> n1;
}


Generation: 84
Best Individual:
Subpopulation 0:
Evaluated: true
Fitness: Standardized=0.114656255 Adjusted=0.8971376 Hits=8
Tree 0:
digraph g {
node [shape=rectangle];
n[label = "Equal"];
n0[label = "While"];
n00[label = "Equal"];
n000[label = "FarthestNeighbor"];
n00 -> n000;
n001[label = "NearestNeighbor"];
n00 -> n001;
n0 -> n00;
n01[label = "Or"];
n010[label = "BestMove"];
n01 -> n010;
n011[label = "CplexTerminal"];
n01 -> n011;
n0 -> n01;
n -> n0;
n1[label = "CplexTerminal"];
n -> n1;
}


Generation: 85
Best Individual:
Subpopulation 0:
Evaluated: true
Fitness: Standardized=0.114656255 Adjusted=0.8971376 Hits=8
Tree 0:
digraph g {
node [shape=rectangle];
n[label = "Equal"];
n0[label = "While"];
n00[label = "Equal"];
n000[label = "FarthestNeighbor"];
n00 -> n000;
n001[label = "NearestNeighbor"];
n00 -> n001;
n0 -> n00;
n01[label = "Or"];
n010[label = "BestMove"];
n01 -> n010;
n011[label = "CplexTerminal"];
n01 -> n011;
n0 -> n01;
n -> n0;
n1[label = "CplexTerminal"];
n -> n1;
}


Generation: 86
Best Individual:
Subpopulation 0:
Evaluated: true
Fitness: Standardized=0.114656255 Adjusted=0.8971376 Hits=8
Tree 0:
digraph g {
node [shape=rectangle];
n[label = "Equal"];
n0[label = "While"];
n00[label = "Equal"];
n000[label = "FarthestNeighbor"];
n00 -> n000;
n001[label = "NearestNeighbor"];
n00 -> n001;
n0 -> n00;
n01[label = "Or"];
n010[label = "BestMove"];
n01 -> n010;
n011[label = "CplexTerminal"];
n01 -> n011;
n0 -> n01;
n -> n0;
n1[label = "CplexTerminal"];
n -> n1;
}


Generation: 87
Best Individual:
Subpopulation 0:
Evaluated: true
Fitness: Standardized=0.114656255 Adjusted=0.8971376 Hits=8
Tree 0:
digraph g {
node [shape=rectangle];
n[label = "Equal"];
n0[label = "While"];
n00[label = "Equal"];
n000[label = "FarthestNeighbor"];
n00 -> n000;
n001[label = "NearestNeighbor"];
n00 -> n001;
n0 -> n00;
n01[label = "Or"];
n010[label = "BestMove"];
n01 -> n010;
n011[label = "CplexTerminal"];
n01 -> n011;
n0 -> n01;
n -> n0;
n1[label = "CplexTerminal"];
n -> n1;
}


Generation: 88
Best Individual:
Subpopulation 0:
Evaluated: true
Fitness: Standardized=0.114656255 Adjusted=0.8971376 Hits=8
Tree 0:
digraph g {
node [shape=rectangle];
n[label = "Equal"];
n0[label = "While"];
n00[label = "Equal"];
n000[label = "FarthestNeighbor"];
n00 -> n000;
n001[label = "NearestNeighbor"];
n00 -> n001;
n0 -> n00;
n01[label = "Or"];
n010[label = "BestMove"];
n01 -> n010;
n011[label = "CplexTerminal"];
n01 -> n011;
n0 -> n01;
n -> n0;
n1[label = "CplexTerminal"];
n -> n1;
}


Generation: 89
Best Individual:
Subpopulation 0:
Evaluated: true
Fitness: Standardized=0.114656255 Adjusted=0.8971376 Hits=8
Tree 0:
digraph g {
node [shape=rectangle];
n[label = "Equal"];
n0[label = "While"];
n00[label = "Equal"];
n000[label = "FarthestNeighbor"];
n00 -> n000;
n001[label = "NearestNeighbor"];
n00 -> n001;
n0 -> n00;
n01[label = "Or"];
n010[label = "BestMove"];
n01 -> n010;
n011[label = "CplexTerminal"];
n01 -> n011;
n0 -> n01;
n -> n0;
n1[label = "CplexTerminal"];
n -> n1;
}


Generation: 90
Best Individual:
Subpopulation 0:
Evaluated: true
Fitness: Standardized=0.114656255 Adjusted=0.8971376 Hits=8
Tree 0:
digraph g {
node [shape=rectangle];
n[label = "Equal"];
n0[label = "While"];
n00[label = "Equal"];
n000[label = "FarthestNeighbor"];
n00 -> n000;
n001[label = "NearestNeighbor"];
n00 -> n001;
n0 -> n00;
n01[label = "Or"];
n010[label = "BestMove"];
n01 -> n010;
n011[label = "CplexTerminal"];
n01 -> n011;
n0 -> n01;
n -> n0;
n1[label = "CplexTerminal"];
n -> n1;
}


Generation: 91
Best Individual:
Subpopulation 0:
Evaluated: true
Fitness: Standardized=0.114656255 Adjusted=0.8971376 Hits=8
Tree 0:
digraph g {
node [shape=rectangle];
n[label = "Equal"];
n0[label = "While"];
n00[label = "Equal"];
n000[label = "FarthestNeighbor"];
n00 -> n000;
n001[label = "NearestNeighbor"];
n00 -> n001;
n0 -> n00;
n01[label = "Or"];
n010[label = "BestMove"];
n01 -> n010;
n011[label = "CplexTerminal"];
n01 -> n011;
n0 -> n01;
n -> n0;
n1[label = "CplexTerminal"];
n -> n1;
}


Generation: 92
Best Individual:
Subpopulation 0:
Evaluated: true
Fitness: Standardized=0.114656255 Adjusted=0.8971376 Hits=8
Tree 0:
digraph g {
node [shape=rectangle];
n[label = "Equal"];
n0[label = "While"];
n00[label = "Equal"];
n000[label = "FarthestNeighbor"];
n00 -> n000;
n001[label = "NearestNeighbor"];
n00 -> n001;
n0 -> n00;
n01[label = "Or"];
n010[label = "BestMove"];
n01 -> n010;
n011[label = "CplexTerminal"];
n01 -> n011;
n0 -> n01;
n -> n0;
n1[label = "CplexTerminal"];
n -> n1;
}


Generation: 93
Best Individual:
Subpopulation 0:
Evaluated: true
Fitness: Standardized=0.114656255 Adjusted=0.8971376 Hits=8
Tree 0:
digraph g {
node [shape=rectangle];
n[label = "Equal"];
n0[label = "While"];
n00[label = "Equal"];
n000[label = "FarthestNeighbor"];
n00 -> n000;
n001[label = "NearestNeighbor"];
n00 -> n001;
n0 -> n00;
n01[label = "Or"];
n010[label = "BestMove"];
n01 -> n010;
n011[label = "CplexTerminal"];
n01 -> n011;
n0 -> n01;
n -> n0;
n1[label = "CplexTerminal"];
n -> n1;
}


Generation: 94
Best Individual:
Subpopulation 0:
Evaluated: true
Fitness: Standardized=0.114656255 Adjusted=0.8971376 Hits=8
Tree 0:
digraph g {
node [shape=rectangle];
n[label = "Equal"];
n0[label = "While"];
n00[label = "Equal"];
n000[label = "FarthestNeighbor"];
n00 -> n000;
n001[label = "NearestNeighbor"];
n00 -> n001;
n0 -> n00;
n01[label = "Or"];
n010[label = "BestMove"];
n01 -> n010;
n011[label = "CplexTerminal"];
n01 -> n011;
n0 -> n01;
n -> n0;
n1[label = "CplexTerminal"];
n -> n1;
}


Generation: 95
Best Individual:
Subpopulation 0:
Evaluated: true
Fitness: Standardized=0.114656255 Adjusted=0.8971376 Hits=8
Tree 0:
digraph g {
node [shape=rectangle];
n[label = "Equal"];
n0[label = "While"];
n00[label = "Equal"];
n000[label = "FarthestNeighbor"];
n00 -> n000;
n001[label = "NearestNeighbor"];
n00 -> n001;
n0 -> n00;
n01[label = "Or"];
n010[label = "BestMove"];
n01 -> n010;
n011[label = "CplexTerminal"];
n01 -> n011;
n0 -> n01;
n -> n0;
n1[label = "CplexTerminal"];
n -> n1;
}


Generation: 96
Best Individual:
Subpopulation 0:
Evaluated: true
Fitness: Standardized=0.114656255 Adjusted=0.8971376 Hits=8
Tree 0:
digraph g {
node [shape=rectangle];
n[label = "Equal"];
n0[label = "While"];
n00[label = "Equal"];
n000[label = "FarthestNeighbor"];
n00 -> n000;
n001[label = "NearestNeighbor"];
n00 -> n001;
n0 -> n00;
n01[label = "Or"];
n010[label = "BestMove"];
n01 -> n010;
n011[label = "CplexTerminal"];
n01 -> n011;
n0 -> n01;
n -> n0;
n1[label = "CplexTerminal"];
n -> n1;
}


Generation: 97
Best Individual:
Subpopulation 0:
Evaluated: true
Fitness: Standardized=0.114656255 Adjusted=0.8971376 Hits=8
Tree 0:
digraph g {
node [shape=rectangle];
n[label = "Equal"];
n0[label = "While"];
n00[label = "Equal"];
n000[label = "FarthestNeighbor"];
n00 -> n000;
n001[label = "NearestNeighbor"];
n00 -> n001;
n0 -> n00;
n01[label = "Or"];
n010[label = "BestMove"];
n01 -> n010;
n011[label = "CplexTerminal"];
n01 -> n011;
n0 -> n01;
n -> n0;
n1[label = "CplexTerminal"];
n -> n1;
}


Generation: 98
Best Individual:
Subpopulation 0:
Evaluated: true
Fitness: Standardized=0.114656255 Adjusted=0.8971376 Hits=8
Tree 0:
digraph g {
node [shape=rectangle];
n[label = "Equal"];
n0[label = "While"];
n00[label = "Equal"];
n000[label = "FarthestNeighbor"];
n00 -> n000;
n001[label = "NearestNeighbor"];
n00 -> n001;
n0 -> n00;
n01[label = "Or"];
n010[label = "BestMove"];
n01 -> n010;
n011[label = "CplexTerminal"];
n01 -> n011;
n0 -> n01;
n -> n0;
n1[label = "CplexTerminal"];
n -> n1;
}


Generation: 99
Best Individual:
Subpopulation 0:
Evaluated: true
Fitness: Standardized=0.114656255 Adjusted=0.8971376 Hits=8
Tree 0:
digraph g {
node [shape=rectangle];
n[label = "Equal"];
n0[label = "While"];
n00[label = "Equal"];
n000[label = "FarthestNeighbor"];
n00 -> n000;
n001[label = "NearestNeighbor"];
n00 -> n001;
n0 -> n00;
n01[label = "Or"];
n010[label = "BestMove"];
n01 -> n010;
n011[label = "CplexTerminal"];
n01 -> n011;
n0 -> n01;
n -> n0;
n1[label = "CplexTerminal"];
n -> n1;
}


Best Individual of Run:
Subpopulation 0:
Evaluated: true
Fitness: Standardized=0.114656255 Adjusted=0.8971376 Hits=8
Tree 0:
digraph g {
node [shape=rectangle];
n[label = "Equal"];
n0[label = "While"];
n00[label = "Equal"];
n000[label = "FarthestNeighbor"];
n00 -> n000;
n001[label = "NearestNeighbor"];
n00 -> n001;
n0 -> n00;
n01[label = "Or"];
n010[label = "BestMove"];
n01 -> n010;
n011[label = "CplexTerminal"];
n01 -> n011;
n0 -> n01;
n -> n0;
n1[label = "CplexTerminal"];
n -> n1;
}

