#
# There is insufficient memory for the Java Runtime Environment to continue.
# Native memory allocation (malloc) failed to allocate 32744 bytes for ChunkPool::allocate
# Possible reasons:
#   The system is out of physical RAM or swap space
#   In 32 bit mode, the process size limit was hit
# Possible solutions:
#   Reduce memory load on the system
#   Increase physical memory or swap space
#   Check if swap backing store is full
#   Use 64 bit Java on a 64 bit OS
#   Decrease Java heap size (-Xmx/-Xms)
#   Decrease number of Java threads
#   Decrease Java thread stack sizes (-Xss)
#   Set larger code cache with -XX:ReservedCodeCacheSize=
# This output file may be truncated or incomplete.
#
#  Out of Memory Error (allocation.cpp:273), pid=6520, tid=5920
#
# JRE version: Java(TM) SE Runtime Environment (8.0_66-b18) (build 1.8.0_66-b18)
# Java VM: Java HotSpot(TM) 64-Bit Server VM (25.66-b18 mixed mode windows-amd64 compressed oops)
# Failed to write core dump. Minidumps are not enabled by default on client versions of Windows
#

---------------  T H R E A D  ---------------

Current thread (0x0000000027305000):  JavaThread "C2 CompilerThread2" daemon [_thread_in_native, id=5920, stack(0x0000000027ad0000,0x0000000027bd0000)]

Stack: [0x0000000027ad0000,0x0000000027bd0000]
[error occurred during error reporting (printing stack bounds), id 0xc0000005]

Native frames: (J=compiled Java code, j=interpreted, Vv=VM code, C=native code)


Current CompileTask:
C2:2802724 1437 % !   4       model.IndependentSet::callSBTS @ 13 (389 bytes)


---------------  P R O C E S S  ---------------

Java Threads: ( => current thread )
  0x000000002766f800 JavaThread "ECJ Evaluation Thread 1" daemon [_thread_in_native, id=7048, stack(0x00000000296a0000,0x00000000297a0000)]
  0x0000000027394000 JavaThread "Service Thread" daemon [_thread_blocked, id=6180, stack(0x0000000027cd0000,0x0000000027dd0000)]
  0x0000000027308000 JavaThread "C1 CompilerThread3" daemon [_thread_blocked, id=5200, stack(0x0000000027bd0000,0x0000000027cd0000)]
=>0x0000000027305000 JavaThread "C2 CompilerThread2" daemon [_thread_in_native, id=5920, stack(0x0000000027ad0000,0x0000000027bd0000)]
  0x00000000272ff800 JavaThread "C2 CompilerThread1" daemon [_thread_blocked, id=6776, stack(0x00000000279d0000,0x0000000027ad0000)]
  0x000000002520d800 JavaThread "C2 CompilerThread0" daemon [_thread_blocked, id=6084, stack(0x00000000278d0000,0x00000000279d0000)]
  0x000000002520c000 JavaThread "Attach Listener" daemon [_thread_blocked, id=216, stack(0x00000000277d0000,0x00000000278d0000)]
  0x000000002520b000 JavaThread "Signal Dispatcher" daemon [_thread_blocked, id=6756, stack(0x00000000276d0000,0x00000000277d0000)]
  0x000000000219b800 JavaThread "Finalizer" daemon [_thread_blocked, id=4224, stack(0x00000000270d0000,0x00000000271d0000)]
  0x0000000002195000 JavaThread "Reference Handler" daemon [_thread_blocked, id=5924, stack(0x0000000026fd0000,0x00000000270d0000)]
  0x000000000209e000 JavaThread "main" [_thread_blocked, id=4724, stack(0x0000000001f40000,0x0000000002040000)]

Other Threads:
  0x00000000251f9000 VMThread [stack: 0x0000000026ed0000,0x0000000026fd0000] [id=1240]
  0x00000000273ce800 WatcherThread [stack: 0x0000000027dd0000,0x0000000027ed0000] [id=6628]

VM state:not at safepoint (normal execution)

VM Mutex/Monitor currently owned by a thread: None

Heap:
 PSYoungGen      total 1963520K, used 960741K [0x0000000700000000, 0x000000077ff80000, 0x00000007c0000000)
  eden space 1838592K, 45% used [0x0000000700000000,0x0000000733039418,0x0000000770380000)
  from space 124928K, 100% used [0x0000000770380000,0x0000000777d80000,0x0000000777d80000)
  to   space 129536K, 0% used [0x0000000778100000,0x0000000778100000,0x000000077ff80000)
 ParOldGen       total 124416K, used 114525K [0x00000005c0000000, 0x00000005c7980000, 0x0000000700000000)
  object space 124416K, 92% used [0x00000005c0000000,0x00000005c6fd76a8,0x00000005c7980000)
 Metaspace       used 6429K, capacity 6892K, committed 7168K, reserved 1056768K
  class space    used 696K, capacity 724K, committed 768K, reserved 1048576K

Card table byte_map: [0x0000000011560000,0x0000000012570000] byte_map_base: 0x000000000e760000

Marking Bits: (ParMarkBitMap*) 0x00000000635ca5b0
 Begin Bits: [0x0000000013770000, 0x000000001b770000)
 End Bits:   [0x000000001b770000, 0x0000000023770000)

Polling page: 0x00000000007d0000

CodeCache: size=245760Kb used=4689Kb max_used=4982Kb free=241070Kb
 bounds [0x00000000021a0000, 0x00000000026b0000, 0x00000000111a0000]
 total_blobs=1550 nmethods=1107 adapters=356
 compilation: enabled

Compilation events (10 events):
Event: 2798.132 Thread 0x000000002520d800 nmethod 1432 0x00000000023117d0 code [0x0000000002311920, 0x0000000002311e18]
Event: 2798.332 Thread 0x00000000272ff800 1433       4       java.util.AbstractCollection::toArray (147 bytes)
Event: 2798.344 Thread 0x00000000272ff800 nmethod 1433 0x00000000025b7910 code [0x00000000025b7a80, 0x00000000025b85d8]
Event: 2798.464 Thread 0x0000000027308000 1434       3       java.lang.ProcessBuilder::<init> (56 bytes)
Event: 2798.464 Thread 0x0000000027308000 nmethod 1434 0x00000000023787d0 code [0x0000000002378960, 0x0000000002378d78]
Event: 2798.465 Thread 0x0000000027308000 1435       3       java.io.BufferedReader::<init> (62 bytes)
Event: 2798.465 Thread 0x0000000027308000 nmethod 1435 0x00000000022bb050 code [0x00000000022bb1e0, 0x00000000022bb718]
Event: 2801.012 Thread 0x0000000027308000 1436       3       java.util.ArrayList::<init> (61 bytes)
Event: 2801.013 Thread 0x0000000027308000 nmethod 1436 0x00000000022da310 code [0x00000000022da520, 0x00000000022dafb8]
Event: 2802.208 Thread 0x0000000027305000 1437 % !   4       model.IndependentSet::callSBTS @ 13 (389 bytes)

GC Heap History (10 events):
Event: 2421.595 GC heap before
{Heap before GC invocations=44 (full 12):
 PSYoungGen      total 1967104K, used 124928K [0x0000000700000000, 0x000000077ff80000, 0x00000007c0000000)
  eden space 1837568K, 0% used [0x0000000700000000,0x0000000700000000,0x0000000770280000)
  from space 129536K, 96% used [0x0000000778100000,0x000000077fb00000,0x000000077ff80000)
  to   space 129536K, 0% used [0x0000000770280000,0x0000000770280000,0x0000000778100000)
 ParOldGen       total 125952K, used 117751K [0x00000005c0000000, 0x00000005c7b00000, 0x0000000700000000)
  object space 125952K, 93% used [0x00000005c0000000,0x00000005c72fdea0,0x00000005c7b00000)
 Metaspace       used 6403K, capacity 6892K, committed 7168K, reserved 1056768K
  class space    used 693K, capacity 724K, committed 768K, reserved 1048576K
Event: 2421.685 GC heap after
Heap after GC invocations=44 (full 12):
 PSYoungGen      total 1967104K, used 0K [0x0000000700000000, 0x000000077ff80000, 0x00000007c0000000)
  eden space 1837568K, 0% used [0x0000000700000000,0x0000000700000000,0x0000000770280000)
  from space 129536K, 0% used [0x0000000778100000,0x0000000778100000,0x000000077ff80000)
  to   space 129536K, 0% used [0x0000000770280000,0x0000000770280000,0x0000000778100000)
 ParOldGen       total 125952K, used 115845K [0x00000005c0000000, 0x00000005c7b00000, 0x0000000700000000)
  object space 125952K, 91% used [0x00000005c0000000,0x00000005c71216d0,0x00000005c7b00000)
 Metaspace       used 6403K, capacity 6892K, committed 7168K, reserved 1056768K
  class space    used 693K, capacity 724K, committed 768K, reserved 1048576K
}
Event: 2491.186 GC heap before
{Heap before GC invocations=45 (full 12):
 PSYoungGen      total 1967104K, used 1837568K [0x0000000700000000, 0x000000077ff80000, 0x00000007c0000000)
  eden space 1837568K, 100% used [0x0000000700000000,0x0000000770280000,0x0000000770280000)
  from space 129536K, 0% used [0x0000000778100000,0x0000000778100000,0x000000077ff80000)
  to   space 129536K, 0% used [0x0000000770280000,0x0000000770280000,0x0000000778100000)
 ParOldGen       total 125952K, used 115845K [0x00000005c0000000, 0x00000005c7b00000, 0x0000000700000000)
  object space 125952K, 91% used [0x00000005c0000000,0x00000005c71216d0,0x00000005c7b00000)
 Metaspace       used 6404K, capacity 6892K, committed 7168K, reserved 1056768K
  class space    used 693K, capacity 724K, committed 768K, reserved 1048576K
Event: 2491.384 GC heap after
Heap after GC invocations=45 (full 12):
 PSYoungGen      total 1967104K, used 122880K [0x0000000700000000, 0x000000077ff80000, 0x00000007c0000000)
  eden space 1837568K, 0% used [0x0000000700000000,0x0000000700000000,0x0000000770280000)
  from space 129536K, 94% used [0x0000000770280000,0x0000000777a80000,0x0000000778100000)
  to   space 129024K, 0% used [0x0000000778180000,0x0000000778180000,0x000000077ff80000)
 ParOldGen       total 125952K, used 115845K [0x00000005c0000000, 0x00000005c7b00000, 0x0000000700000000)
  object space 125952K, 91% used [0x00000005c0000000,0x00000005c71216d0,0x00000005c7b00000)
 Metaspace       used 6404K, capacity 6892K, committed 7168K, reserved 1056768K
  class space    used 693K, capacity 724K, committed 768K, reserved 1048576K
}
Event: 2610.977 GC heap before
{Heap before GC invocations=46 (full 12):
 PSYoungGen      total 1967104K, used 1960448K [0x0000000700000000, 0x000000077ff80000, 0x00000007c0000000)
  eden space 1837568K, 100% used [0x0000000700000000,0x0000000770280000,0x0000000770280000)
  from space 129536K, 94% used [0x0000000770280000,0x0000000777a80000,0x0000000778100000)
  to   space 129024K, 0% used [0x0000000778180000,0x0000000778180000,0x000000077ff80000)
 ParOldGen       total 125952K, used 115845K [0x00000005c0000000, 0x00000005c7b00000, 0x0000000700000000)
  object space 125952K, 91% used [0x00000005c0000000,0x00000005c71216d0,0x00000005c7b00000)
 Metaspace       used 6404K, capacity 6892K, committed 7168K, reserved 1056768K
  class space    used 693K, capacity 724K, committed 768K, reserved 1048576K
Event: 2611.171 GC heap after
Heap after GC invocations=46 (full 12):
 PSYoungGen      total 1967616K, used 118784K [0x0000000700000000, 0x000000077ff80000, 0x00000007c0000000)
  eden space 1838592K, 0% used [0x0000000700000000,0x0000000700000000,0x0000000770380000)
  from space 129024K, 92% used [0x0000000778180000,0x000000077f580000,0x000000077ff80000)
  to   space 129024K, 0% used [0x0000000770380000,0x0000000770380000,0x0000000778180000)
 ParOldGen       total 125952K, used 119365K [0x00000005c0000000, 0x00000005c7b00000, 0x0000000700000000)
  object space 125952K, 94% used [0x00000005c0000000,0x00000005c7491710,0x00000005c7b00000)
 Metaspace       used 6404K, capacity 6892K, committed 7168K, reserved 1056768K
  class space    used 693K, capacity 724K, committed 768K, reserved 1048576K
}
Event: 2611.171 GC heap before
{Heap before GC invocations=47 (full 13):
 PSYoungGen      total 1967616K, used 118784K [0x0000000700000000, 0x000000077ff80000, 0x00000007c0000000)
  eden space 1838592K, 0% used [0x0000000700000000,0x0000000700000000,0x0000000770380000)
  from space 129024K, 92% used [0x0000000778180000,0x000000077f580000,0x000000077ff80000)
  to   space 129024K, 0% used [0x0000000770380000,0x0000000770380000,0x0000000778180000)
 ParOldGen       total 125952K, used 119365K [0x00000005c0000000, 0x00000005c7b00000, 0x0000000700000000)
  object space 125952K, 94% used [0x00000005c0000000,0x00000005c7491710,0x00000005c7b00000)
 Metaspace       used 6404K, capacity 6892K, committed 7168K, reserved 1056768K
  class space    used 693K, capacity 724K, committed 768K, reserved 1048576K
Event: 2611.245 GC heap after
Heap after GC invocations=47 (full 13):
 PSYoungGen      total 1967616K, used 0K [0x0000000700000000, 0x000000077ff80000, 0x00000007c0000000)
  eden space 1838592K, 0% used [0x0000000700000000,0x0000000700000000,0x0000000770380000)
  from space 129024K, 0% used [0x0000000778180000,0x0000000778180000,0x000000077ff80000)
  to   space 129024K, 0% used [0x0000000770380000,0x0000000770380000,0x0000000778180000)
 ParOldGen       total 124416K, used 114525K [0x00000005c0000000, 0x00000005c7980000, 0x0000000700000000)
  object space 124416K, 92% used [0x00000005c0000000,0x00000005c6fd76a8,0x00000005c7980000)
 Metaspace       used 6404K, capacity 6892K, committed 7168K, reserved 1056768K
  class space    used 693K, capacity 724K, committed 768K, reserved 1048576K
}
Event: 2724.953 GC heap before
{Heap before GC invocations=48 (full 13):
 PSYoungGen      total 1967616K, used 1838592K [0x0000000700000000, 0x000000077ff80000, 0x00000007c0000000)
  eden space 1838592K, 100% used [0x0000000700000000,0x0000000770380000,0x0000000770380000)
  from space 129024K, 0% used [0x0000000778180000,0x0000000778180000,0x000000077ff80000)
  to   space 129024K, 0% used [0x0000000770380000,0x0000000770380000,0x0000000778180000)
 ParOldGen       total 124416K, used 114525K [0x00000005c0000000, 0x00000005c7980000, 0x0000000700000000)
  object space 124416K, 92% used [0x00000005c0000000,0x00000005c6fd76a8,0x00000005c7980000)
 Metaspace       used 6404K, capacity 6892K, committed 7168K, reserved 1056768K
  class space    used 693K, capacity 724K, committed 768K, reserved 1048576K
Event: 2725.144 GC heap after
Heap after GC invocations=48 (full 13):
 PSYoungGen      total 1963520K, used 124928K [0x0000000700000000, 0x000000077ff80000, 0x00000007c0000000)
  eden space 1838592K, 0% used [0x0000000700000000,0x0000000700000000,0x0000000770380000)
  from space 124928K, 100% used [0x0000000770380000,0x0000000777d80000,0x0000000777d80000)
  to   space 129536K, 0% used [0x0000000778100000,0x0000000778100000,0x000000077ff80000)
 ParOldGen       total 124416K, used 114525K [0x00000005c0000000, 0x00000005c7980000, 0x0000000700000000)
  object space 124416K, 92% used [0x00000005c0000000,0x00000005c6fd76a8,0x00000005c7980000)
 Metaspace       used 6404K, capacity 6892K, committed 7168K, reserved 1056768K
  class space    used 693K, capacity 724K, committed 768K, reserved 1048576K
}

Deoptimization events (10 events):
Event: 45.494 Thread 0x000000000209e000 Uncommon trap: reason=unstable_if action=reinterpret pc=0x0000000002602718 method=java.util.ArrayList.<init>(Ljava/util/Collection;)V @ 24
Event: 105.568 Thread 0x000000000209e000 Uncommon trap: reason=class_check action=maybe_recompile pc=0x000000000250ebfc method=java.io.PrintStream.write([BII)V @ 16
Event: 105.569 Thread 0x000000000209e000 Uncommon trap: reason=class_check action=maybe_recompile pc=0x000000000250ebfc method=java.io.PrintStream.write([BII)V @ 16
Event: 2796.307 Thread 0x00000000274a7800 Uncommon trap: reason=unstable_if action=reinterpret pc=0x0000000002608360 method=java.io.BufferedReader.readLine(Z)Ljava/lang/String; @ 59
Event: 2796.307 Thread 0x00000000274a7800 Uncommon trap: reason=unstable_if action=reinterpret pc=0x000000000231f98c method=java.lang.String.split(Ljava/lang/String;I)[Ljava/lang/String; @ 207
Event: 2796.308 Thread 0x00000000274a7800 Uncommon trap: reason=unstable_if action=reinterpret pc=0x000000000263d5f0 method=java.lang.Integer.parseInt(Ljava/lang/String;I)I @ 108
Event: 2796.308 Thread 0x00000000274a7800 Uncommon trap: reason=class_check action=maybe_recompile pc=0x00000000025214d8 method=java.io.PrintStream.write([BII)V @ 16
Event: 2796.309 Thread 0x00000000274a7800 Uncommon trap: reason=class_check action=maybe_recompile pc=0x00000000025124f8 method=java.io.PrintStream.write([BII)V @ 16
Event: 2798.147 Thread 0x000000002766f800 Uncommon trap: reason=predicate action=maybe_recompile pc=0x0000000002311cac method=java.util.AbstractCollection.toArray([Ljava/lang/Object;)[Ljava/lang/Object; @ 49
Event: 2798.332 Thread 0x000000002766f800 Uncommon trap: reason=array_check action=maybe_recompile pc=0x000000000231afbc method=java.util.AbstractCollection.toArray([Ljava/lang/Object;)[Ljava/lang/Object; @ 119

Internal exceptions (8 events):
Event: 0.435 Thread 0x000000000209e000 Exception <a 'java/lang/NoSuchMethodError': Method sun.misc.Unsafe.defineClass(Ljava/lang/String;[BII)Ljava/lang/Class; name or signature does not match> (0x000000070000d8c0) thrown at [C:\re\workspace\8-2-build-windows-amd64-cygwin\jdk8u66\5298\hotspot\srÿ9ß≈ﬁ€?
Event: 0.435 Thread 0x000000000209e000 Exception <a 'java/lang/NoSuchMethodError': Method sun.misc.Unsafe.prefetchRead(Ljava/lang/Object;J)V name or signature does not match> (0x000000070000dba8) thrown at [C:\re\workspace\8-2-build-windows-amd64-cygwin\jdk8u66\5298\hotspot\src\share\vm\prims\jk%P†+Ì‡?
Event: 0.529 Thread 0x000000000209e000 Exception <a 'java/security/PrivilegedActionException'> (0x00000007002c8b20) thrown at [C:\re\workspace\8-2-build-windows-amd64-cygwin\jdk8u66\5298\hotspot\src\share\vm\prims\jvm.cpp, line 1386]
Event: 0.529 Thread 0x000000000209e000 Exception <a 'java/security/PrivilegedActionException'> (0x00000007002c8f18) thrown at [C:\re\workspace\8-2-build-windows-amd64-cygwin\jdk8u66\5298\hotspot\src\share\vm\prims\jvm.cpp, line 1386]
Event: 0.529 Thread 0x000000000209e000 Exception <a 'java/security/PrivilegedActionException'> (0x00000007002cce90) thrown at [C:\re\workspace\8-2-build-windows-amd64-cygwin\jdk8u66\5298\hotspot\src\share\vm\prims\jvm.cpp, line 1386]
Event: 0.529 Thread 0x000000000209e000 Exception <a 'java/security/PrivilegedActionException'> (0x00000007002cd288) thrown at [C:\re\workspace\8-2-build-windows-amd64-cygwin\jdk8u66\5298\hotspot\src\share\vm\prims\jvm.cpp, line 1386]
Event: 1.055 Thread 0x000000002766f800 Implicit null exception at 0x00000000024d0a1c to 0x00000000024d0d91
Event: 2796.307 Thread 0x00000000274a7800 Implicit null exception at 0x00000000026079c9 to 0x0000000002608355

Events (10 events):
Event: 2798.344 Thread 0x00000000272ff800 flushing nmethod 0x00000000023787d0
Event: 2798.464 Thread 0x0000000027308000 flushing nmethod 0x00000000023c33d0
Event: 2800.850 Executing VM operation: RevokeBias
Event: 2800.850 Executing VM operation: RevokeBias done
Event: 2800.850 Thread 0x000000002766f800 DEOPT PACKING pc=0x00000000023cd020 sp=0x000000002979eb40
Event: 2800.850 Thread 0x000000002766f800 DEOPT UNPACKING pc=0x00000000021e787f sp=0x000000002979e8b8 mode 0
Event: 2802.201 Executing VM operation: RevokeBias
Event: 2802.201 Executing VM operation: RevokeBias done
Event: 2802.201 Thread 0x000000002766f800 DEOPT PACKING pc=0x00000000023cd020 sp=0x000000002979eb60
Event: 2802.201 Thread 0x000000002766f800 DEOPT UNPACKING pc=0x00000000021e787f sp=0x000000002979e8d8 mode 0


Dynamic libraries:
0x00007ff71ec90000 - 0x00007ff71ecc7000 	C:\Program Files\Java\jre1.8.0_66\bin\javaw.exe
0x00007fff584d0000 - 0x00007fff5867d000 	C:\Windows\SYSTEM32\ntdll.dll
0x00007fff57ac0000 - 0x00007fff57bff000 	C:\Windows\system32\KERNEL32.DLL
0x00007fff557d0000 - 0x00007fff558e6000 	C:\Windows\system32\KERNELBASE.dll
0x00007fff541a0000 - 0x00007fff5422e000 	C:\Windows\system32\apphelp.dll
0x00007fff3dca0000 - 0x00007fff3dcf5000 	C:\Windows\AppPatch\AppPatch64\AcGenral.DLL
0x00007fff57e20000 - 0x00007fff57eca000 	C:\Windows\system32\msvcrt.dll
0x00007fff558f0000 - 0x00007fff5591e000 	C:\Windows\system32\SspiCli.dll
0x00007fff561b0000 - 0x00007fff56204000 	C:\Windows\system32\SHLWAPI.dll
0x00007fff57740000 - 0x00007fff578b7000 	C:\Windows\system32\USER32.dll
0x00007fff55c20000 - 0x00007fff55db4000 	C:\Windows\system32\ole32.dll
0x00007fff56210000 - 0x00007fff5773b000 	C:\Windows\system32\SHELL32.dll
0x00007fff54ce0000 - 0x00007fff54d01000 	C:\Windows\SYSTEM32\USERENV.dll
0x00007fff55fa0000 - 0x00007fff5604a000 	C:\Windows\system32\ADVAPI32.dll
0x00007fff49390000 - 0x00007fff493ae000 	C:\Windows\SYSTEM32\MPR.dll
0x00007fff58050000 - 0x00007fff58190000 	C:\Windows\system32\RPCRT4.dll
0x00007fff57dc0000 - 0x00007fff57e19000 	C:\Windows\SYSTEM32\sechost.dll
0x00007fff582c0000 - 0x00007fff584d0000 	C:\Windows\SYSTEM32\combase.dll
0x00007fff57ef0000 - 0x00007fff5803c000 	C:\Windows\system32\GDI32.dll
0x00007fff55600000 - 0x00007fff55615000 	C:\Windows\SYSTEM32\profapi.dll
0x00007fff536d0000 - 0x00007fff53782000 	C:\Windows\SYSTEM32\SHCORE.dll
0x00007fff579b0000 - 0x00007fff579e6000 	C:\Windows\system32\IMM32.DLL
0x00007fff56050000 - 0x00007fff561a2000 	C:\Windows\system32\MSCTF.dll
0x00007fff52e50000 - 0x00007fff530cb000 	C:\Windows\WinSxS\amd64_microsoft.windows.common-controls_6595b64144ccf1df_6.0.9600.19394_none_62486577ecb635cf\COMCTL32.dll
0x0000000062bf0000 - 0x0000000062cc2000 	C:\Program Files\Java\jre1.8.0_66\bin\msvcr100.dll
0x0000000062dc0000 - 0x0000000063649000 	C:\Program Files\Java\jre1.8.0_66\bin\server\jvm.dll
0x00007fff4ee30000 - 0x00007fff4ee39000 	C:\Windows\SYSTEM32\WSOCK32.dll
0x00007fff4f170000 - 0x00007fff4f192000 	C:\Windows\SYSTEM32\WINMM.dll
0x00007fff532b0000 - 0x00007fff532ba000 	C:\Windows\SYSTEM32\VERSION.dll
0x00007fff58040000 - 0x00007fff58047000 	C:\Windows\system32\PSAPI.DLL
0x00007fff578e0000 - 0x00007fff5793a000 	C:\Windows\system32\WS2_32.dll
0x00007fff4f140000 - 0x00007fff4f16a000 	C:\Windows\SYSTEM32\WINMMBASE.dll
0x00007fff57ee0000 - 0x00007fff57ee9000 	C:\Windows\system32\NSI.dll
0x00007fff55780000 - 0x00007fff557cf000 	C:\Windows\SYSTEM32\cfgmgr32.dll
0x00007fff54410000 - 0x00007fff54438000 	C:\Windows\SYSTEM32\DEVOBJ.dll
0x0000000062db0000 - 0x0000000062dbf000 	C:\Program Files\Java\jre1.8.0_66\bin\verify.dll
0x0000000062d80000 - 0x0000000062da9000 	C:\Program Files\Java\jre1.8.0_66\bin\java.dll
0x0000000062d60000 - 0x0000000062d76000 	C:\Program Files\Java\jre1.8.0_66\bin\zip.dll
0x0000000062d40000 - 0x0000000062d5a000 	C:\Program Files\Java\jre1.8.0_66\bin\net.dll
0x00007fff54e30000 - 0x00007fff54e89000 	C:\Windows\system32\mswsock.dll
0x0000000062d20000 - 0x0000000062d31000 	C:\Program Files\Java\jre1.8.0_66\bin\nio.dll
0x00007fff2acc0000 - 0x00007fff2c524000 	C:\Program Files\IBM\ILOG\CPLEX_Studio1271\cplex\bin\x64_win64\cplex1271remotejni.dll

VM Arguments:
jvm_args: -Xms2g -Xmx8g -XX:+AlwaysPreTouch -XX:+AggressiveHeap -Djava.library.path=C:\Program Files\IBM\ILOG\CPLEX_Studio1271\cplex\bin\x64_win64;C:\Program Files\IBM\ILOG\CPLEX_Studio1271\cplex\bin\x64_win64;C:\Program Files\IBM\ILOG\CPLEX_Studio1271\cplex\bin\x64_win64 -Dfile.encoding=Cp1252 
java_command: ec.Evolve -file src/model/params/misp.params
java_class_path (initial): C:\Program Files\Java\jre1.8.0_66\lib\resources.jar;C:\Program Files\Java\jre1.8.0_66\lib\rt.jar;C:\Program Files\Java\jre1.8.0_66\lib\jsse.jar;C:\Program Files\Java\jre1.8.0_66\lib\jce.jar;C:\Program Files\Java\jre1.8.0_66\lib\charsets.jar;C:\Program Files\Java\jre1.8.0_66\lib\jfr.jar;C:\Program Files\Java\jre1.8.0_66\lib\ext\access-bridge-64.jar;C:\Program Files\Java\jre1.8.0_66\lib\ext\cldrdata.jar;C:\Program Files\Java\jre1.8.0_66\lib\ext\dnsns.jar;C:\Program Files\Java\jre1.8.0_66\lib\ext\dns_sd.jar;C:\Program Files\Java\jre1.8.0_66\lib\ext\jaccess.jar;C:\Program Files\Java\jre1.8.0_66\lib\ext\jfxrt.jar;C:\Program Files\Java\jre1.8.0_66\lib\ext\localedata.jar;C:\Program Files\Java\jre1.8.0_66\lib\ext\nashorn.jar;C:\Program Files\Java\jre1.8.0_66\lib\ext\sunec.jar;C:\Program Files\Java\jre1.8.0_66\lib\ext\sunjce_provider.jar;C:\Program Files\Java\jre1.8.0_66\lib\ext\sunmscapi.jar;C:\Program Files\Java\jre1.8.0_66\lib\ext\sunpkcs11.jar;C:\Program Files\Java\jre1.8.0_66\lib\ext\zipfs.jar;C:\Program Files\IBM\ILOG\CPLEX_Studio1271\cplex\lib\cplex.jar;C:\Users\Rey\workspaceMS\PRJT_PG_MISP\bin;C:\Users\Rey\workspaceMS\PRJT_PG_MISP\ecj;C:\Users\Rey\workspaceMS\PRJT_PG_MISP\cplex.jar
Launcher Type: SUN_STANDARD

Environment Variables:
CLASSPATH=C:\Program Files\Mosek\8\tools\platform\win64x86\bin\mosek.jar;C:\Program Files\Mosek\8\tools\platform\win64x86\bin\fusion.jar
PATH=C:/Program Files/Java/jre1.8.0_66/bin/server;C:/Program Files/Java/jre1.8.0_66/bin;C:/Program Files/Java/jre1.8.0_66/lib/amd64;C:\Program Files\IBM\ILOG\CPLEX_Studio1271\opl\bin\x64_win64;C:\Program Files\IBM\ILOG\CPLEX_Studio1271\opl\oplide\;C:\Program Files\IBM\ILOG\CPLEX_Studio1271\cplex\bin\x64_win64;C:\Program Files\IBM\ILOG\CPLEX_Studio1271\cpoptimizer\bin\x64_win64;C:\Program Files (x86)\Addinsoft\XLSTAT\;C:\Program Files\IBM\ILOG\CPLEX_Studio_Community127\opl\bin\x64_win64;C:\Program Files\IBM\ILOG\CPLEX_Studio_Community127\opl\oplide\;C:\Program Files\IBM\ILOG\CPLEX_Studio_Community127\cplex\bin\x64_win64;C:\Program Files\IBM\ILOG\CPLEX_Studio_Community127\cpoptimizer\bin\x64_win64;C:\Python36\Scripts\;C:\Python36\;C:\ProgramData\Oracle\Java\javapath;C:\Windows\system32;C:\Windows;C:\Windows\System32\Wbem;C:\Windows\System32\WindowsPowerShell\v1.0\;C:\Program Files\PuTTY\;C:\Program Files (x86)\Microsoft SQL Server\100\Tools\Binn\;C:\Program Files\Microsoft SQL Server\100\Tools\Binn\;C:\Program Files\Microsoft SQL Server\100\DTS\Binn\;C:\Program Files\MiKTeX 2.9\miktex\bin\x64\;C:\Program Files\Mosek\8\tools\platform\win64x86\bin;C:\Users\Rey\AppData\Local\Programs\EmEditor;C:\Users\Rey\AppData\Local\Programs\MiKTeX 2.9\miktex\bin\x64\;C:\Program Files (x86)\graphviz-2.38\bin;C:\Users\Rey\AppData\Local\atom\bin;C:\Users\Rey\Desktop;
USERNAME=MoisesSilva
OS=Windows_NT
PROCESSOR_IDENTIFIER=Intel64 Family 6 Model 60 Stepping 3, GenuineIntel



---------------  S Y S T E M  ---------------

OS: Windows 8.1 , 64 bit Build 9600 (6.3.9600.19538)

CPU:total 8 (4 cores per cpu, 2 threads per core) family 6 model 60 stepping 3, cmov, cx8, fxsr, mmx, sse, sse2, sse3, ssse3, sse4.1, sse4.2, popcnt, avx, avx2, aes, clmul, erms, rtm, lzcnt, ht, tsc, tscinvbit, bmi1, bmi2

Memory: 4k page, physical 8291876k(969064k free), swap 11437604k(5292k free)

vm_info: Java HotSpot(TM) 64-Bit Server VM (25.66-b18) for windows-amd64 JRE (1.8.0_66-b18), built on Nov  9 2015 10:51:13 by "java_re" with MS VC++ 10.0 (VS2010)

time: Tue Dec 10 14:31:34 2019
elapsed time: 2802 seconds (0d 0h 46m 42s)

