JvmtiExport can_access_local_variables 0
JvmtiExport can_hotswap_or_post_breakpoint 0
JvmtiExport can_post_on_exceptions 0
# 141 ciObject found
ciMethod java/lang/Object <init> ()V 4097 1 419095 0 0
ciMethodData java/lang/Object <init> ()V 2 419095 orig 264 216 160 128 81 0 0 0 0 104 4 38 23 0 0 0 0 32 1 0 0 0 0 0 0 0 0 0 0 0 0 0 0 0 0 0 0 0 0 0 0 0 0 0 0 0 0 0 0 0 0 0 0 0 0 0 0 0 0 0 0 0 0 0 0 0 0 0 0 0 0 0 0 0 0 0 0 0 0 0 0 77 68 79 32 101 120 116 114 97 32 100 97 116 97 32 108 111 99 107 0 0 0 0 0 0 0 0 0 0 0 0 0 0 0 0 0 0 0 0 0 0 0 0 0 0 0 0 0 0 0 0 0 0 0 0 0 0 0 0 0 0 0 0 0 0 0 0 0 0 0 0 0 0 0 0 0 0 0 0 0 0 0 0 0 0 0 0 0 0 0 0 0 0 0 0 0 0 0 0 0 0 0 0 0 1 0 0 0 0 0 0 0 1 0 0 0 0 0 0 0 1 0 0 0 0 0 0 0 0 0 0 0 0 0 0 0 0 2 0 0 185 24 51 0 1 0 0 0 0 0 0 0 0 0 0 0 2 0 0 0 0 0 3 0 1 0 0 0 0 0 0 0 255 255 255 255 0 0 0 0 0 0 0 0 data 0 oops 0
ciMethod ilog/cplex/CpxNumVar getVarIndex ()Lilog/cplex/CplexIndex; 1601 1 200 0 -1
ciMethod ilog/cplex/CpxNumVar getVarIndexValue ()I 3457 1 203294 0 -1
ciMethod ilog/cplex/CpxNumVar isMarked ()Z 2049 1 13709 0 64
ciMethod ilog/cplex/CpxNumVar mark (I)V 3073 1 13710 0 192
ciMethod ilog/cplex/CpxNumVar unmark ()V 3073 1 14934 0 0
ciMethod ilog/cplex/CplexIndex <init> (I)V 2177 1 33909 0 32
ciMethod ilog/cplex/CpxLinearExpr unmarkVars ()V 3305 8193 6659 0 0
ciMethod ilog/cplex/CpxLinearExpr removeDuplicates ()V 4097 1 11103 0 0
ciMethod ilog/cplex/CpxLinearExpr removeDuplicates (Lilog/cplex/CpxLinearExpr;)V 3305 8193 6658 0 1632
ciMethod ilog/cplex/CpxQLExpr removeDuplicates ()V 4097 1 11060 0 -1
ciMethod ilog/cplex/CpxQExpr sortQ (I[D[Lilog/cplex/CpxNumVar;[Lilog/cplex/CpxNumVar;)I 4097 1 6657 0 64
ciMethod ilog/cplex/CpxQExpr removeDuplicates ()V 4097 1 6657 0 128
ciMethod ilog/cplex/TmpIndex <init> (I)V 3073 1 13710 0 0
ciMethod ilog/cplex/TmpIndex install (Lilog/cplex/CpxNumVar;)V 3073 1 13710 0 0
ciMethod ilog/cplex/TmpIndex uninstall (Lilog/cplex/CpxNumVar;)V 3105 1 14934 0 0
ciMethodData ilog/cplex/CplexIndex <init> (I)V 2 33909 orig 264 216 160 128 81 0 0 0 0 216 91 126 23 0 0 0 0 56 1 0 0 0 0 0 0 0 0 0 0 0 0 0 0 0 0 0 0 0 0 0 0 0 0 0 0 0 0 0 0 0 0 0 0 0 0 0 0 0 0 0 0 0 0 0 0 0 0 0 0 0 0 0 0 0 0 0 0 0 0 0 0 77 68 79 32 101 120 116 114 97 32 100 97 116 97 32 108 111 99 107 0 0 0 0 0 0 0 0 0 0 0 0 0 0 0 0 0 0 0 0 0 0 0 0 0 0 0 0 0 0 0 0 0 0 0 0 0 0 0 0 0 0 0 0 0 0 0 0 0 0 0 0 0 0 0 0 0 0 0 0 0 0 0 0 0 0 0 0 0 0 0 0 0 0 0 0 0 0 0 0 0 0 0 0 0 0 0 0 0 0 0 0 0 0 0 0 0 0 0 0 0 0 0 0 0 0 0 0 0 0 0 0 0 0 0 0 0 16 1 0 0 41 27 4 0 1 0 0 0 0 0 0 0 0 0 0 0 2 0 0 0 0 0 3 0 2 0 0 0 16 0 0 0 255 255 255 255 2 0 1 0 0 0 0 0 data 2 0x10002 0x8365 oops 0
ciMethodData ilog/cplex/CpxNumVar isMarked ()Z 2 13709 orig 264 216 160 128 81 0 0 0 0 240 250 117 23 0 0 0 0 120 1 0 0 0 0 0 0 0 0 0 0 0 0 0 0 0 0 0 0 0 0 0 0 0 0 0 0 0 0 0 0 0 0 0 0 0 0 0 0 0 0 0 0 0 0 0 0 0 0 0 0 0 0 0 0 0 0 0 0 0 0 0 0 77 68 79 32 101 120 116 114 97 32 100 97 116 97 32 108 111 99 107 0 0 0 0 0 0 0 0 0 0 0 0 0 0 0 0 0 0 0 0 0 0 0 0 0 0 0 0 0 0 0 0 0 0 0 0 0 0 0 0 0 0 0 0 0 0 0 0 0 0 0 0 0 0 0 0 0 0 0 0 0 0 1 0 0 0 0 0 0 0 0 0 0 0 0 0 0 0 0 0 0 0 0 0 0 0 0 0 0 0 0 0 0 0 0 0 0 0 0 0 0 0 0 0 0 0 0 0 0 0 0 0 0 0 0 0 0 0 1 0 0 105 164 1 0 1 0 0 0 0 0 0 0 0 0 0 0 2 0 0 0 0 0 3 0 2 0 0 0 48 0 0 0 255 255 255 255 4 145 4 0 0 0 0 0 data 6 0x49104 0xffffffffffffcc3a 0x0 0x0 0x0 0x0 oops 0
ciMethodData ilog/cplex/CpxNumVar mark (I)V 2 13710 orig 264 216 160 128 81 0 0 0 0 144 251 117 23 0 0 0 0 144 1 0 0 0 0 0 0 0 0 0 0 0 0 0 0 0 0 0 0 0 0 0 0 0 0 0 0 0 0 0 0 0 0 0 0 0 0 0 0 0 0 0 0 0 0 0 0 0 0 0 0 0 0 0 0 0 0 0 0 0 0 0 0 77 68 79 32 101 120 116 114 97 32 100 97 116 97 32 108 111 99 107 0 0 0 0 0 0 0 0 0 0 0 0 0 0 0 0 0 0 0 0 0 0 0 0 0 0 0 0 0 0 0 0 0 0 0 0 0 0 0 0 0 0 0 0 0 0 0 0 0 0 0 0 0 0 0 0 0 0 0 0 0 0 0 0 0 0 0 0 0 0 0 0 0 0 0 0 0 0 0 0 0 0 0 0 0 0 0 0 0 0 0 0 0 0 0 0 0 0 0 0 0 0 0 0 0 0 0 0 0 0 0 0 0 0 0 0 0 128 1 0 0 113 160 1 0 1 0 0 0 0 0 0 0 0 0 0 0 2 0 0 0 0 0 3 0 2 0 0 0 64 0 0 0 255 255 255 255 2 0 5 0 0 0 0 0 data 8 0x50002 0x340e 0xb0005 0x0 0x1b5d3370 0x340e 0x0 0x0 oops 1 4 ilog/cplex/TmpIndex
ciMethodData ilog/cplex/Tm