
Generation: 0
Best Individual:
Subpopulation 0:
Evaluated: true
Fitness: Standardized=0.34031624 Adjusted=0.74609256 Hits=0
Tree 0:
digraph g {
node [shape=rectangle];
n[label = "If_Then"];
n0[label = "If_Then_Else"];
n00[label = "While"];
n000[label = "CplexTerminal"];
n00 -> n000;
n001[label = "BestMove"];
n00 -> n001;
n0 -> n00;
n01[label = "If_Then_Else"];
n010[label = "FarthestNeighbor"];
n01 -> n010;
n011[label = "NearestNeighbor"];
n01 -> n011;
n012[label = "FarthestFirstNode"];
n01 -> n012;
n0 -> n01;
n02[label = "If_Then_Else"];
n020[label = "FarthestNeighbor"];
n02 -> n020;
n021[label = "FarthestNeighbor"];
n02 -> n021;
n022[label = "NearestFirstNode"];
n02 -> n022;
n0 -> n02;
n -> n0;
n1[label = "And"];
n10[label = "If_Then"];
n100[label = "FarthestInsertion"];
n10 -> n100;
n101[label = "FarthestInsertion"];
n10 -> n101;
n1 -> n10;
n11[label = "Equal"];
n110[label = "FarthestInsertion"];
n11 -> n110;
n111[label = "FarthestInsertion"];
n11 -> n111;
n1 -> n11;
n -> n1;
}


Generation: 1
Best Individual:
Subpopulation 0:
Evaluated: true
Fitness: Standardized=0.29531434 Adjusted=0.77201337 Hits=0
Tree 0:
digraph g {
node [shape=rectangle];
n[label = "If_Then"];
n0[label = "Or"];
n00[label = "FarthestInsertion"];
n0 -> n00;
n01[label = "FarthestFirstNode"];
n0 -> n01;
n -> n0;
n1[label = "And"];
n10[label = "If_Then"];
n100[label = "FarthestInsertion"];
n10 -> n100;
n101[label = "FarthestInsertion"];
n10 -> n101;
n1 -> n10;
n11[label = "Equal"];
n110[label = "FarthestInsertion"];
n11 -> n110;
n111[label = "FarthestInsertion"];
n11 -> n111;
n1 -> n11;
n -> n1;
}


Generation: 2
Best Individual:
Subpopulation 0:
Evaluated: true
Fitness: Standardized=0.29531434 Adjusted=0.77201337 Hits=0
Tree 0:
digraph g {
node [shape=rectangle];
n[label = "If_Then"];
n0[label = "Or"];
n00[label = "FarthestInsertion"];
n0 -> n00;
n01[label = "FarthestFirstNode"];
n0 -> n01;
n -> n0;
n1[label = "And"];
n10[label = "If_Then"];
n100[label = "FarthestInsertion"];
n10 -> n100;
n101[label = "FarthestInsertion"];
n10 -> n101;
n1 -> n10;
n11[label = "Equal"];
n110[label = "FarthestInsertion"];
n11 -> n110;
n111[label = "FarthestInsertion"];
n11 -> n111;
n1 -> n11;
n -> n1;
}


Generation: 3
Best Individual:
Subpopulation 0:
Evaluated: true
Fitness: Standardized=0.29531434 Adjusted=0.77201337 Hits=0
Tree 0:
digraph g {
node [shape=rectangle];
n[label = "If_Then"];
n0[label = "Or"];
n00[label = "FarthestInsertion"];
n0 -> n00;
n01[label = "FarthestFirstNode"];
n0 -> n01;
n -> n0;
n1[label = "And"];
n10[label = "If_Then"];
n100[label = "FarthestInsertion"];
n10 -> n100;
n101[label = "FarthestInsertion"];
n10 -> n101;
n1 -> n10;
n11[label = "Equal"];
n110[label = "FarthestInsertion"];
n11 -> n110;
n111[label = "FarthestInsertion"];
n11 -> n111;
n1 -> n11;
n -> n1;
}


Generation: 4
Best Individual:
Subpopulation 0:
Evaluated: true
Fitness: Standardized=0.29531434 Adjusted=0.77201337 Hits=0
Tree 0:
digraph g {
node [shape=rectangle];
n[label = "If_Then"];
n0[label = "FarthestInsertion"];
n -> n0;
n1[label = "And"];
n10[label = "If_Then"];
n100[label = "FarthestInsertion"];
n10 -> n100;
n101[label = "FarthestInsertion"];
n10 -> n101;
n1 -> n10;
n11[label = "Equal"];
n110[label = "FarthestInsertion"];
n11 -> n110;
n111[label = "FarthestInsertion"];
n11 -> n111;
n1 -> n11;
n -> n1;
}


Generation: 5
Best Individual:
Subpopulation 0:
Evaluated: true
Fitness: Standardized=0.29531434 Adjusted=0.77201337 Hits=0
Tree 0:
digraph g {
node [shape=rectangle];
n[label = "If_Then"];
n0[label = "Or"];
n00[label = "FarthestInsertion"];
n0 -> n00;
n01[label = "If_Then"];
n010[label = "FarthestInsertion"];
n01 -> n010;
n011[label = "FarthestInsertion"];
n01 -> n011;
n0 -> n01;
n -> n0;
n1[label = "And"];
n10[label = "If_Then"];
n100[label = "FarthestInsertion"];
n10 -> n100;
n101[label = "FarthestInsertion"];
n10 -> n101;
n1 -> n10;
n11[label = "Equal"];
n110[label = "FarthestInsertion"];
n11 -> n110;
n111[label = "FarthestInsertion"];
n11 -> n111;
n1 -> n11;
n -> n1;
}


Generation: 6
Best Individual:
Subpopulation 0:
Evaluated: true
Fitness: Standardized=0.29531434 Adjusted=0.77201337 Hits=0
Tree 0:
digraph g {
node [shape=rectangle];
n[label = "If_Then"];
n0[label = "Or"];
n00[label = "FarthestFirstNode"];
n0 -> n00;
n01[label = "FarthestFirstNode"];
n0 -> n01;
n -> n0;
n1[label = "And"];
n10[label = "If_Then"];
n100[label = "FarthestInsertion"];
n10 -> n100;
n101[label = "FarthestInsertion"];
n10 -> n101;
n1 -> n10;
n11[label = "Equal"];
n110[label = "Or"];
n1100[label = "FarthestInsertion"];
n110 -> n1100;
n1101[label = "FarthestFirstNode"];
n110 -> n1101;
n11 -> n110;
n111[label = "Or"];
n1110[label = "FarthestInsertion"];
n111 -> n1110;
n1111[label = "FarthestFirstNode"];
n111 -> n1111;
n11 -> n111;
n1 -> n11;
n -> n1;
}


Generation: 7
Best Individual:
Subpopulation 0:
Evaluated: true
Fitness: Standardized=0.29531434 Adjusted=0.77201337 Hits=0
Tree 0:
digraph g {
node [shape=rectangle];
n[label = "If_Then"];
n0[label = "Or"];
n00[label = "FarthestInsertion"];
n0 -> n00;
n01[label = "FarthestFirstNode"];
n0 -> n01;
n -> n0;
n1[label = "And"];
n10[label = "If_Then"];
n100[label = "FarthestInsertion"];
n10 -> n100;
n101[label = "FarthestInsertion"];
n10 -> n101;
n1 -> n10;
n11[label = "Equal"];
n110[label = "FarthestInsertion"];
n11 -> n110;
n111[label = "FarthestInsertion"];
n11 -> n111;
n1 -> n11;
n -> n1;
}


Generation: 8
Best Individual:
Subpopulation 0:
Evaluated: true
Fitness: Standardized=0.29531434 Adjusted=0.77201337 Hits=0
Tree 0:
digraph g {
node [shape=rectangle];
n[label = "If_Then"];
n0[label = "Or"];
n00[label = "FarthestInsertion"];
n0 -> n00;
n01[label = "And"];
n010[label = "If_Then"];
n0100[label = "FarthestInsertion"];
n010 -> n0100;
n0101[label = "FarthestInsertion"];
n010 -> n0101;
n01 -> n010;
n011[label = "Equal"];
n0110[label = "FarthestInsertion"];
n011 -> n0110;
n0111[label = "FarthestInsertion"];
n011 -> n0111;
n01 -> n011;
n0 -> n01;
n -> n0;
n1[label = "If_Then"];
n10[label = "Or"];
n100[label = "FarthestFirstNode"];
n10 -> n100;
n101[label = "FarthestFirstNode"];
n10 -> n101;
n1 -> n10;
n11[label = "And"];
n110[label = "FarthestFirstNode"];
n11 -> n110;
n111[label = "Equal"];
n1110[label = "FarthestInsertion"];
n111 -> n1110;
n1111[label = "FarthestInsertion"];
n111 -> n1111;
n11 -> n111;
n1 -> n11;
n -> n1;
}


Generation: 9
Best Individual:
Subpopulation 0:
Evaluated: true
Fitness: Standardized=0.29531434 Adjusted=0.77201337 Hits=0
Tree 0:
digraph g {
node [shape=rectangle];
n[label = "If_Then"];
n0[label = "Or"];
n00[label = "FarthestInsertion"];
n0 -> n00;
n01[label = "Equal"];
n010[label = "WorstMove"];
n01 -> n010;
n011[label = "NearestNeighbor"];
n01 -> n011;
n0 -> n01;
n -> n0;
n1[label = "If_Then"];
n10[label = "Or"];
n100[label = "FarthestFirstNode"];
n10 -> n100;
n101[label = "FarthestFirstNode"];
n10 -> n101;
n1 -> n10;
n11[label = "And"];
n110[label = "FarthestFirstNode"];
n11 -> n110;
n111[label = "Equal"];
n1110[label = "FarthestInsertion"];
n111 -> n1110;
n1111[label = "FarthestInsertion"];
n111 -> n1111;
n11 -> n111;
n1 -> n11;
n -> n1;
}


Generation: 10
Best Individual:
Subpopulation 0:
Evaluated: true
Fitness: Standardized=0.29531434 Adjusted=0.77201337 Hits=0
Tree 0:
digraph g {
node [shape=rectangle];
n[label = "If_Then"];
n0[label = "Or"];
n00[label = "FarthestNeighbor"];
n0 -> n00;
n01[label = "FarthestFirstNode"];
n0 -> n01;
n -> n0;
n1[label = "And"];
n10[label = "If_Then"];
n100[label = "FarthestInsertion"];
n10 -> n100;
n101[label = "FarthestInsertion"];
n10 -> n101;
n1 -> n10;
n11[label = "Equal"];
n110[label = "FarthestInsertion"];
n11 -> n110;
n111[label = "FarthestInsertion"];
n11 -> n111;
n1 -> n11;
n -> n1;
}


Generation: 11
Best Individual:
Subpopulation 0:
Evaluated: true
Fitness: Standardized=0.29531434 Adjusted=0.77201337 Hits=0
Tree 0:
digraph g {
node [shape=rectangle];
n[label = "If_Then"];
n0[label = "Or"];
n00[label = "FarthestInsertion"];
n0 -> n00;
n01[label = "Equal"];
n010[label = "WorstMove"];
n01 -> n010;
n011[label = "NearestNeighbor"];
n01 -> n011;
n0 -> n01;
n -> n0;
n1[label = "If_Then"];
n10[label = "Or"];
n100[label = "FarthestInsertion"];
n10 -> n100;
n101[label = "FarthestFirstNode"];
n10 -> n101;
n1 -> n10;
n11[label = "And"];
n110[label = "FarthestFirstNode"];
n11 -> n110;
n111[label = "If_Then"];
n1110[label = "FarthestInsertion"];
n111 -> n1110;
n1111[label = "FarthestInsertion"];
n111 -> n1111;
n11 -> n111;
n1 -> n11;
n -> n1;
}


Generation: 12
Best Individual:
Subpopulation 0:
Evaluated: true
Fitness: Standardized=0.29531434 Adjusted=0.77201337 Hits=0
Tree 0:
digraph g {
node [shape=rectangle];
n[label = "If_Then"];
n0[label = "Or"];
n00[label = "FarthestInsertion"];
n0 -> n00;
n01[label = "If_Then"];
n010[label = "FarthestInsertion"];
n01 -> n010;
n011[label = "Or"];
n0110[label = "FarthestFirstNode"];
n011 -> n0110;
n0111[label = "FarthestFirstNode"];
n011 -> n0111;
n01 -> n011;
n0 -> n01;
n -> n0;
n1[label = "If_Then"];
n10[label = "Or"];
n100[label = "FarthestFirstNode"];
n10 -> n100;
n101[label = "FarthestFirstNode"];
n10 -> n101;
n1 -> n10;
n11[label = "And"];
n110[label = "FarthestFirstNode"];
n11 -> n110;
n111[label = "Equal"];
n1110[label = "FarthestInsertion"];
n111 -> n1110;
n1111[label = "FarthestInsertion"];
n111 -> n1111;
n11 -> n111;
n1 -> n11;
n -> n1;
}


Generation: 13
Best Individual:
Subpopulation 0:
Evaluated: true
Fitness: Standardized=0.29531434 Adjusted=0.77201337 Hits=0
Tree 0:
digraph g {
node [shape=rectangle];
n[label = "If_Then"];
n0[label = "Or"];
n00[label = "FarthestInsertion"];
n0 -> n00;
n01[label = "And"];
n010[label = "If_Then"];
n0100[label = "FarthestInsertion"];
n010 -> n0100;
n0101[label = "FarthestInsertion"];
n010 -> n0101;
n01 -> n010;
n011[label = "Equal"];
n0110[label = "FarthestInsertion"];
n011 -> n0110;
n0111[label = "FarthestInsertion"];
n011 -> n0111;
n01 -> n011;
n0 -> n01;
n -> n0;
n1[label = "If_Then"];
n10[label = "FarthestInsertion"];
n1 -> n10;
n11[label = "And"];
n110[label = "FarthestFirstNode"];
n11 -> n110;
n111[label = "Equal"];
n1110[label = "FarthestInsertion"];
n111 -> n1110;
n1111[label = "FarthestInsertion"];
n111 -> n1111;
n11 -> n111;
n1 -> n11;
n -> n1;
}


Generation: 14
Best Individual:
Subpopulation 0:
Evaluated: true
Fitness: Standardized=0.29531434 Adjusted=0.77201337 Hits=0
Tree 0:
digraph g {
node [shape=rectangle];
n[label = "If_Then"];
n0[label = "Or"];
n00[label = "FarthestInsertion"];
n0 -> n00;
n01[label = "And"];
n010[label = "If_Then"];
n0100[label = "FarthestInsertion"];
n010 -> n0100;
n0101[label = "FarthestInsertion"];
n010 -> n0101;
n01 -> n010;
n011[label = "Equal"];
n0110[label = "FarthestInsertion"];
n011 -> n0110;
n0111[label = "FarthestInsertion"];
n011 -> n0111;
n01 -> n011;
n0 -> n01;
n -> n0;
n1[label = "If_Then"];
n10[label = "FarthestInsertion"];
n1 -> n10;
n11[label = "And"];
n110[label = "FarthestFirstNode"];
n11 -> n110;
n111[label = "Equal"];
n1110[label = "FarthestInsertion"];
n111 -> n1110;
n1111[label = "FarthestInsertion"];
n111 -> n1111;
n11 -> n111;
n1 -> n11;
n -> n1;
}


Generation: 15
Best Individual:
Subpopulation 0:
Evaluated: true
Fitness: Standardized=0.29531434 Adjusted=0.77201337 Hits=0
Tree 0:
digraph g {
node [shape=rectangle];
n[label = "If_Then"];
n0[label = "Or"];
n00[label = "FarthestInsertion"];
n0 -> n00;
n01[label = "If_Then"];
n010[label = "FarthestInsertion"];
n01 -> n010;
n011[label = "Or"];
n0110[label = "FarthestFirstNode"];
n011 -> n0110;
n0111[label = "FarthestFirstNode"];
n011 -> n0111;
n01 -> n011;
n0 -> n01;
n -> n0;
n1[label = "If_Then"];
n10[label = "FarthestInsertion"];
n1 -> n10;
n11[label = "And"];
n110[label = "FarthestFirstNode"];
n11 -> n110;
n111[label = "Equal"];
n1110[label = "FarthestInsertion"];
n111 -> n1110;
n1111[label = "FarthestInsertion"];
n111 -> n1111;
n11 -> n111;
n1 -> n11;
n -> n1;
}


Generation: 16
Best Individual:
Subpopulation 0:
Evaluated: true
Fitness: Standardized=0.29531434 Adjusted=0.77201337 Hits=0
Tree 0:
digraph g {
node [shape=rectangle];
n[label = "If_Then"];
n0[label = "Or"];
n00[label = "Equal"];
n000[label = "FarthestInsertion"];
n00 -> n000;
n001[label = "FarthestInsertion"];
n00 -> n001;
n0 -> n00;
n01[label = "FarthestInsertion"];
n0 -> n01;
n -> n0;
n1[label = "And"];
n10[label = "FarthestFirstNode"];
n1 -> n10;
n11[label = "Equal"];
n110[label = "FarthestInsertion"];
n11 -> n110;
n111[label = "FarthestInsertion"];
n11 -> n111;
n1 -> n11;
n -> n1;
}


Generation: 17
Best Individual:
Subpopulation 0:
Evaluated: true
Fitness: Standardized=0.29531434 Adjusted=0.77201337 Hits=0
Tree 0:
digraph g {
node [shape=rectangle];
n[label = "If_Then"];
n0[label = "Or"];
n00[label = "FarthestInsertion"];
n0 -> n00;
n01[label = "FarthestInsertion"];
n0 -> n01;
n -> n0;
n1[label = "If_Then"];
n10[label = "Or"];
n100[label = "FarthestInsertion"];
n10 -> n100;
n101[label = "FarthestFirstNode"];
n10 -> n101;
n1 -> n10;
n11[label = "And"];
n110[label = "FarthestFirstNode"];
n11 -> n110;
n111[label = "Equal"];
n1110[label = "FarthestInsertion"];
n111 -> n1110;
n1111[label = "FarthestInsertion"];
n111 -> n1111;
n11 -> n111;
n1 -> n11;
n -> n1;
}


Generation: 18
Best Individual:
Subpopulation 0:
Evaluated: true
Fitness: Standardized=0.29531434 Adjusted=0.77201337 Hits=0
Tree 0:
digraph g {
node [shape=rectangle];
n[label = "If_Then"];
n0[label = "Or"];
n00[label = "FarthestInsertion"];
n0 -> n00;
n01[label = "If_Then"];
n010[label = "FarthestInsertion"];
n01 -> n010;
n011[label = "Or"];
n0110[label = "FarthestFirstNode"];
n011 -> n0110;
n0111[label = "FarthestFirstNode"];
n011 -> n0111;
n01 -> n011;
n0 -> n01;
n -> n0;
n1[label = "If_Then"];
n10[label = "Or"];
n100[label = "FarthestFirstNode"];
n10 -> n100;
n101[label = "FarthestFirstNode"];
n10 -> n101;
n1 -> n10;
n11[label = "If_Then"];
n110[label = "FarthestFirstNode"];
n11 -> n110;
n111[label = "Equal"];
n1110[label = "FarthestInsertion"];
n111 -> n1110;
n1111[label = "FarthestInsertion"];
n111 -> n1111;
n11 -> n111;
n1 -> n11;
n -> n1;
}


Generation: 19
Best Individual:
Subpopulation 0:
Evaluated: true
Fitness: Standardized=0.29531434 Adjusted=0.77201337 Hits=0
Tree 0:
digraph g {
node [shape=rectangle];
n[label = "If_Then"];
n0[label = "Or"];
n00[label = "FarthestInsertion"];
n0 -> n00;
n01[label = "If_Then"];
n010[label = "FarthestInsertion"];
n01 -> n010;
n011[label = "Or"];
n0110[label = "FarthestFirstNode"];
n011 -> n0110;
n0111[label = "FarthestFirstNode"];
n011 -> n0111;
n01 -> n011;
n0 -> n01;
n -> n0;
n1[label = "If_Then"];
n10[label = "Or"];
n100[label = "FarthestFirstNode"];
n10 -> n100;
n101[label = "FarthestFirstNode"];
n10 -> n101;
n1 -> n10;
n11[label = "And"];
n110[label = "FarthestFirstNode"];
n11 -> n110;
n111[label = "Equal"];
n1110[label = "FarthestInsertion"];
n111 -> n1110;
n1111[label = "FarthestInsertion"];
n111 -> n1111;
n11 -> n111;
n1 -> n11;
n -> n1;
}


Generation: 20
Best Individual:
Subpopulation 0:
Evaluated: true
Fitness: Standardized=0.29531434 Adjusted=0.77201337 Hits=0
Tree 0:
digraph g {
node [shape=rectangle];
n[label = "If_Then"];
n0[label = "Or"];
n00[label = "FarthestInsertion"];
n0 -> n00;
n01[label = "Equal"];
n010[label = "FarthestInsertion"];
n01 -> n010;
n011[label = "FarthestInsertion"];
n01 -> n011;
n0 -> n01;
n -> n0;
n1[label = "If_Then"];
n10[label = "FarthestInsertion"];
n1 -> n10;
n11[label = "And"];
n110[label = "FarthestFirstNode"];
n11 -> n110;
n111[label = "Equal"];
n1110[label = "FarthestInsertion"];
n111 -> n1110;
n1111[label = "FarthestInsertion"];
n111 -> n1111;
n11 -> n111;
n1 -> n11;
n -> n1;
}


Generation: 21
Best Individual:
Subpopulation 0:
Evaluated: true
Fitness: Standardized=0.29531434 Adjusted=0.77201337 Hits=0
Tree 0:
digraph g {
node [shape=rectangle];
n[label = "If_Then"];
n0[label = "Or"];
n00[label = "FarthestInsertion"];
n0 -> n00;
n01[label = "And"];
n010[label = "If_Then"];
n0100[label = "FarthestInsertion"];
n010 -> n0100;
n0101[label = "FarthestInsertion"];
n010 -> n0101;
n01 -> n010;
n011[label = "Equal"];
n0110[label = "FarthestInsertion"];
n011 -> n0110;
n0111[label = "FarthestInsertion"];
n011 -> n0111;
n01 -> n011;
n0 -> n01;
n -> n0;
n1[label = "If_Then"];
n10[label = "FarthestInsertion"];
n1 -> n10;
n11[label = "And"];
n110[label = "FarthestFirstNode"];
n11 -> n110;
n111[label = "Equal"];
n1110[label = "FarthestInsertion"];
n111 -> n1110;
n1111[label = "FarthestInsertion"];
n111 -> n1111;
n11 -> n111;
n1 -> n11;
n -> n1;
}


Generation: 22
Best Individual:
Subpopulation 0:
Evaluated: true
Fitness: Standardized=0.29531434 Adjusted=0.77201337 Hits=0
Tree 0:
digraph g {
node [shape=rectangle];
n[label = "If_Then"];
n0[label = "Or"];
n00[label = "FarthestInsertion"];
n0 -> n00;
n01[label = "FarthestInsertion"];
n0 -> n01;
n -> n0;
n1[label = "If_Then"];
n10[label = "FarthestInsertion"];
n1 -> n10;
n11[label = "And"];
n110[label = "FarthestFirstNode"];
n11 -> n110;
n111[label = "Equal"];
n1110[label = "FarthestInsertion"];
n111 -> n1110;
n1111[label = "FarthestInsertion"];
n111 -> n1111;
n11 -> n111;
n1 -> n11;
n -> n1;
}


Generation: 23
Best Individual:
Subpopulation 0:
Evaluated: true
Fitness: Standardized=0.29531434 Adjusted=0.77201337 Hits=0
Tree 0:
digraph g {
node [shape=rectangle];
n[label = "If_Then"];
n0[label = "Or"];
n00[label = "FarthestInsertion"];
n0 -> n00;
n01[label = "NearestInsertion"];
n0 -> n01;
n -> n0;
n1[label = "If_Then"];
n10[label = "FarthestInsertion"];
n1 -> n10;
n11[label = "And"];
n110[label = "FarthestFirstNode"];
n11 -> n110;
n111[label = "Equal"];
n1110[label = "FarthestInsertion"];
n111 -> n1110;
n1111[label = "FarthestInsertion"];
n111 -> n1111;
n11 -> n111;
n1 -> n11;
n -> n1;
}


Generation: 24
Best Individual:
Subpopulation 0:
Evaluated: true
Fitness: Standardized=0.29531434 Adjusted=0.77201337 Hits=0
Tree 0:
digraph g {
node [shape=rectangle];
n[label = "If_Then"];
n0[label = "Or"];
n00[label = "FarthestInsertion"];
n0 -> n00;
n01[label = "NearestInsertion"];
n0 -> n01;
n -> n0;
n1[label = "If_Then"];
n10[label = "FarthestInsertion"];
n1 -> n10;
n11[label = "And"];
n110[label = "FarthestFirstNode"];
n11 -> n110;
n111[label = "Equal"];
n1110[label = "FarthestInsertion"];
n111 -> n1110;
n1111[label = "FarthestInsertion"];
n111 -> n1111;
n11 -> n111;
n1 -> n11;
n -> n1;
}


Generation: 25
Best Individual:
Subpopulation 0:
Evaluated: true
Fitness: Standardized=0.29531434 Adjusted=0.77201337 Hits=0
Tree 0:
digraph g {
node [shape=rectangle];
n[label = "If_Then"];
n0[label = "Or"];
n00[label = "FarthestInsertion"];
n0 -> n00;
n01[label = "And"];
n010[label = "If_Then"];
n0100[label = "FarthestInsertion"];
n010 -> n0100;
n0101[label = "FarthestInsertion"];
n010 -> n0101;
n01 -> n010;
n011[label = "And"];
n0110[label = "FarthestInsertion"];
n011 -> n0110;
n0111[label = "FarthestInsertion"];
n011 -> n0111;
n01 -> n011;
n0 -> n01;
n -> n0;
n1[label = "If_Then"];
n10[label = "FarthestInsertion"];
n1 -> n10;
n11[label = "And"];
n110[label = "FarthestFirstNode"];
n11 -> n110;
n111[label = "Equal"];
n1110[label = "FarthestInsertion"];
n111 -> n1110;
n1111[label = "FarthestInsertion"];
n111 -> n1111;
n11 -> n111;
n1 -> n11;
n -> n1;
}


Generation: 26
Best Individual:
Subpopulation 0:
Evaluated: true
Fitness: Standardized=0.29531434 Adjusted=0.77201337 Hits=0
Tree 0:
digraph g {
node [shape=rectangle];
n[label = "If_Then"];
n0[label = "Or"];
n00[label = "FarthestInsertion"];
n0 -> n00;
n01[label = "And"];
n010[label = "If_Then"];
n0100[label = "FarthestInsertion"];
n010 -> n0100;
n0101[label = "FarthestInsertion"];
n010 -> n0101;
n01 -> n010;
n011[label = "And"];
n0110[label = "FarthestInsertion"];
n011 -> n0110;
n0111[label = "FarthestInsertion"];
n011 -> n0111;
n01 -> n011;
n0 -> n01;
n -> n0;
n1[label = "If_Then"];
n10[label = "FarthestInsertion"];
n1 -> n10;
n11[label = "And"];
n110[label = "FarthestFirstNode"];
n11 -> n110;
n111[label = "Equal"];
n1110[label = "FarthestInsertion"];
n111 -> n1110;
n1111[label = "FarthestInsertion"];
n111 -> n1111;
n11 -> n111;
n1 -> n11;
n -> n1;
}


Generation: 27
Best Individual:
Subpopulation 0:
Evaluated: true
Fitness: Standardized=0.29531434 Adjusted=0.77201337 Hits=0
Tree 0:
digraph g {
node [shape=rectangle];
n[label = "If_Then"];
n0[label = "FarthestInsertion"];
n -> n0;
n1[label = "If_Then"];
n10[label = "Or"];
n100[label = "FarthestInsertion"];
n10 -> n100;
n101[label = "NearestInsertion"];
n10 -> n101;
n1 -> n10;
n11[label = "And"];
n110[label = "FarthestFirstNode"];
n11 -> n110;
n111[label = "Equal"];
n1110[label = "FarthestInsertion"];
n111 -> n1110;
n1111[label = "FarthestInsertion"];
n111 -> n1111;
n11 -> n111;
n1 -> n11;
n -> n1;
}


Generation: 28
Best Individual:
Subpopulation 0:
Evaluated: true
Fitness: Standardized=0.29531434 Adjusted=0.77201337 Hits=0
Tree 0:
digraph g {
node [shape=rectangle];
n[label = "If_Then"];
n0[label = "Or"];
n00[label = "FarthestInsertion"];
n0 -> n00;
n01[label = "And"];
n010[label = "If_Then_Else"];
n0100[label = "NearestInsertion"];
n010 -> n0100;
n0101[label = "FarthestInsertion"];
n010 -> n0101;
n0102[label = "WorstMove"];
n010 -> n0102;
n01 -> n010;
n011[label = "Or"];
n0110[label = "FarthestInsertion"];
n011 -> n0110;
n0111[label = "NearestInsertion"];
n011 -> n0111;
n01 -> n011;
n0 -> n01;
n -> n0;
n1[label = "If_Then"];
n10[label = "FarthestInsertion"];
n1 -> n10;
n11[label = "If_Then"];
n110[label = "FarthestFirstNode"];
n11 -> n110;
n111[label = "Equal"];
n1110[label = "FarthestInsertion"];
n111 -> n1110;
n1111[label = "FarthestInsertion"];
n111 -> n1111;
n11 -> n111;
n1 -> n11;
n -> n1;
}


Generation: 29
Best Individual:
Subpopulation 0:
Evaluated: true
Fitness: Standardized=0.29531434 Adjusted=0.77201337 Hits=0
Tree 0:
digraph g {
node [shape=rectangle];
n[label = "If_Then"];
n0[label = "Or"];
n00[label = "FarthestInsertion"];
n0 -> n00;
n01[label = "And"];
n010[label = "If_Then_Else"];
n0100[label = "NearestInsertion"];
n010 -> n0100;
n0101[label = "FarthestInsertion"];
n010 -> n0101;
n0102[label = "WorstMove"];
n010 -> n0102;
n01 -> n010;
n011[label = "Or"];
n0110[label = "FarthestInsertion"];
n011 -> n0110;
n0111[label = "NearestInsertion"];
n011 -> n0111;
n01 -> n011;
n0 -> n01;
n -> n0;
n1[label = "If_Then"];
n10[label = "FarthestInsertion"];
n1 -> n10;
n11[label = "If_Then"];
n110[label = "FarthestFirstNode"];
n11 -> n110;
n111[label = "Equal"];
n1110[label = "FarthestInsertion"];
n111 -> n1110;
n1111[label = "FarthestInsertion"];
n111 -> n1111;
n11 -> n111;
n1 -> n11;
n -> n1;
}


Generation: 30
Best Individual:
Subpopulation 0:
Evaluated: true
Fitness: Standardized=0.29531434 Adjusted=0.77201337 Hits=0
Tree 0:
digraph g {
node [shape=rectangle];
n[label = "And"];
n0[label = "Or"];
n00[label = "FarthestInsertion"];
n0 -> n00;
n01[label = "FarthestFirstNode"];
n0 -> n01;
n -> n0;
n1[label = "If_Then"];
n10[label = "FarthestInsertion"];
n1 -> n10;
n11[label = "If_Then"];
n110[label = "FarthestFirstNode"];
n11 -> n110;
n111[label = "Equal"];
n1110[label = "FarthestInsertion"];
n111 -> n1110;
n1111[label = "FarthestInsertion"];
n111 -> n1111;
n11 -> n111;
n1 -> n11;
n -> n1;
}


Generation: 31
Best Individual:
Subpopulation 0:
Evaluated: true
Fitness: Standardized=0.29531434 Adjusted=0.77201337 Hits=0
Tree 0:
digraph g {
node [shape=rectangle];
n[label = "If_Then"];
n0[label = "FarthestInsertion"];
n -> n0;
n1[label = "If_Then"];
n10[label = "Or"];
n100[label = "FarthestInsertion"];
n10 -> n100;
n101[label = "NearestInsertion"];
n10 -> n101;
n1 -> n10;
n11[label = "Equal"];
n110[label = "FarthestFirstNode"];
n11 -> n110;
n111[label = "Equal"];
n1110[label = "FarthestInsertion"];
n111 -> n1110;
n1111[label = "FarthestInsertion"];
n111 -> n1111;
n11 -> n111;
n1 -> n11;
n -> n1;
}


Generation: 32
Best Individual:
Subpopulation 0:
Evaluated: true
Fitness: Standardized=0.28893507 Adjusted=0.77583426 Hits=0
Tree 0:
digraph g {
node [shape=rectangle];
n[label = "If_Then"];
n0[label = "NearestNeighbor"];
n -> n0;
n1[label = "If_Then"];
n10[label = "If_Then_Else"];
n100[label = "NearestInsertion"];
n10 -> n100;
n101[label = "FarthestInsertion"];
n10 -> n101;
n102[label = "FarthestInsertion"];
n10 -> n102;
n1 -> n10;
n11[label = "Equal"];
n110[label = "FarthestFirstNode"];
n11 -> n110;
n111[label = "Equal"];
n1110[label = "FarthestInsertion"];
n111 -> n1110;
n1111[label = "FarthestInsertion"];
n111 -> n1111;
n11 -> n111;
n1 -> n11;
n -> n1;
}


Generation: 33
Best Individual:
Subpopulation 0:
Evaluated: true
Fitness: Standardized=0.28893507 Adjusted=0.77583426 Hits=0
Tree 0:
digraph g {
node [shape=rectangle];
n[label = "If_Then"];
n0[label = "NearestNeighbor"];
n -> n0;
n1[label = "If_Then"];
n10[label = "If_Then_Else"];
n100[label = "NearestInsertion"];
n10 -> n100;
n101[label = "FarthestInsertion"];
n10 -> n101;
n102[label = "FarthestInsertion"];
n10 -> n102;
n1 -> n10;
n11[label = "Equal"];
n110[label = "FarthestFirstNode"];
n11 -> n110;
n111[label = "Equal"];
n1110[label = "FarthestInsertion"];
n111 -> n1110;
n1111[label = "FarthestInsertion"];
n111 -> n1111;
n11 -> n111;
n1 -> n11;
n -> n1;
}


Generation: 34
Best Individual:
Subpopulation 0:
Evaluated: true
Fitness: Standardized=0.28440526 Adjusted=0.7785705 Hits=0
Tree 0:
digraph g {
node [shape=rectangle];
n[label = "If_Then"];
n0[label = "If_Then_Else"];
n00[label = "NearestInsertion"];
n0 -> n00;
n01[label = "FarthestInsertion"];
n0 -> n01;
n02[label = "FarthestInsertion"];
n0 -> n02;
n -> n0;
n1[label = "If_Then"];
n10[label = "FarthestInsertion"];
n1 -> n10;
n11[label = "And"];
n110[label = "FarthestFirstNode"];
n11 -> n110;
n111[label = "FarthestInsertion"];
n11 -> n111;
n1 -> n11;
n -> n1;
}


Generation: 35
Best Individual:
Subpopulation 0:
Evaluated: true
Fitness: Standardized=0.28440526 Adjusted=0.7785705 Hits=0
Tree 0:
digraph g {
node [shape=rectangle];
n[label = "If_Then"];
n0[label = "If_Then_Else"];
n00[label = "NearestInsertion"];
n0 -> n00;
n01[label = "FarthestInsertion"];
n0 -> n01;
n02[label = "FarthestInsertion"];
n0 -> n02;
n -> n0;
n1[label = "If_Then"];
n10[label = "FarthestInsertion"];
n1 -> n10;
n11[label = "And"];
n110[label = "FarthestFirstNode"];
n11 -> n110;
n111[label = "FarthestInsertion"];
n11 -> n111;
n1 -> n11;
n -> n1;
}


Generation: 36
Best Individual:
Subpopulation 0:
Evaluated: true
Fitness: Standardized=0.28440526 Adjusted=0.7785705 Hits=0
Tree 0:
digraph g {
node [shape=rectangle];
n[label = "Equal"];
n0[label = "NearestNeighbor"];
n -> n0;
n1[label = "If_Then"];
n10[label = "FarthestFirstNode"];
n1 -> n10;
n11[label = "Equal"];
n110[label = "FarthestFirstNode"];
n11 -> n110;
n111[label = "Equal"];
n1110[label = "FarthestInsertion"];
n111 -> n1110;
n1111[label = "FarthestInsertion"];
n111 -> n1111;
n11 -> n111;
n1 -> n11;
n -> n1;
}


Generation: 37
Best Individual:
Subpopulation 0:
Evaluated: true
Fitness: Standardized=0.28440526 Adjusted=0.7785705 Hits=0
Tree 0:
digraph g {
node [shape=rectangle];
n[label = "Equal"];
n0[label = "NearestNeighbor"];
n -> n0;
n1[label = "If_Then"];
n10[label = "FarthestFirstNode"];
n1 -> n10;
n11[label = "Equal"];
n110[label = "FarthestFirstNode"];
n11 -> n110;
n111[label = "Equal"];
n1110[label = "FarthestInsertion"];
n111 -> n1110;
n1111[label = "FarthestInsertion"];
n111 -> n1111;
n11 -> n111;
n1 -> n11;
n -> n1;
}


Generation: 38
Best Individual:
Subpopulation 0:
Evaluated: true
Fitness: Standardized=0.28440526 Adjusted=0.7785705 Hits=0
Tree 0:
digraph g {
node [shape=rectangle];
n[label = "Equal"];
n0[label = "NearestNeighbor"];
n -> n0;
n1[label = "If_Then"];
n10[label = "FarthestFirstNode"];
n1 -> n10;
n11[label = "Equal"];
n110[label = "FarthestFirstNode"];
n11 -> n110;
n111[label = "Equal"];
n1110[label = "FarthestInsertion"];
n111 -> n1110;
n1111[label = "FarthestInsertion"];
n111 -> n1111;
n11 -> n111;
n1 -> n11;
n -> n1;
}


Generation: 39
Best Individual:
Subpopulation 0:
Evaluated: true
Fitness: Standardized=0.28440526 Adjusted=0.7785705 Hits=0
Tree 0:
digraph g {
node [shape=rectangle];
n[label = "Equal"];
n0[label = "NearestNeighbor"];
n -> n0;
n1[label = "If_Then"];
n10[label = "FarthestFirstNode"];
n1 -> n10;
n11[label = "Equal"];
n110[label = "FarthestFirstNode"];
n11 -> n110;
n111[label = "Equal"];
n1110[label = "FarthestInsertion"];
n111 -> n1110;
n1111[label = "FarthestInsertion"];
n111 -> n1111;
n11 -> n111;
n1 -> n11;
n -> n1;
}


Generation: 40
Best Individual:
Subpopulation 0:
Evaluated: true
Fitness: Standardized=0.28440526 Adjusted=0.7785705 Hits=0
Tree 0:
digraph g {
node [shape=rectangle];
n[label = "If_Then"];
n0[label = "If_Then_Else"];
n00[label = "NearestInsertion"];
n0 -> n00;
n01[label = "FarthestInsertion"];
n0 -> n01;
n02[label = "Equal"];
n020[label = "FarthestInsertion"];
n02 -> n020;
n021[label = "FarthestInsertion"];
n02 -> n021;
n0 -> n02;
n -> n0;
n1[label = "If_Then"];
n10[label = "FarthestInsertion"];
n1 -> n10;
n11[label = "And"];
n110[label = "FarthestFirstNode"];
n11 -> n110;
n111[label = "FarthestInsertion"];
n11 -> n111;
n1 -> n11;
n -> n1;
}


Generation: 41
Best Individual:
Subpopulation 0:
Evaluated: true
Fitness: Standardized=0.28440526 Adjusted=0.7785705 Hits=0
Tree 0:
digraph g {
node [shape=rectangle];
n[label = "If_Then"];
n0[label = "If_Then_Else"];
n00[label = "NearestInsertion"];
n0 -> n00;
n01[label = "FarthestInsertion"];
n0 -> n01;
n02[label = "Equal"];
n020[label = "FarthestInsertion"];
n02 -> n020;
n021[label = "FarthestInsertion"];
n02 -> n021;
n0 -> n02;
n -> n0;
n1[label = "If_Then"];
n10[label = "FarthestInsertion"];
n1 -> n10;
n11[label = "And"];
n110[label = "FarthestFirstNode"];
n11 -> n110;
n111[label = "FarthestInsertion"];
n11 -> n111;
n1 -> n11;
n -> n1;
}


Generation: 42
Best Individual:
Subpopulation 0:
Evaluated: true
Fitness: Standardized=0.28440526 Adjusted=0.7785705 Hits=0
Tree 0:
digraph g {
node [shape=rectangle];
n[label = "Equal"];
n0[label = "NearestNeighbor"];
n -> n0;
n1[label = "If_Then"];
n10[label = "FarthestFirstNode"];
n1 -> n10;
n11[label = "Equal"];
n110[label = "FarthestFirstNode"];
n11 -> n110;
n111[label = "Equal"];
n1110[label = "FarthestInsertion"];
n111 -> n1110;
n1111[label = "FarthestInsertion"];
n111 -> n1111;
n11 -> n111;
n1 -> n11;
n -> n1;
}


Generation: 43
Best Individual:
Subpopulation 0:
Evaluated: true
Fitness: Standardized=0.28440526 Adjusted=0.7785705 Hits=0
Tree 0:
digraph g {
node [shape=rectangle];
n[label = "Equal"];
n0[label = "NearestNeighbor"];
n -> n0;
n1[label = "If_Then"];
n10[label = "FarthestFirstNode"];
n1 -> n10;
n11[label = "Equal"];
n110[label = "FarthestFirstNode"];
n11 -> n110;
n111[label = "Equal"];
n1110[label = "FarthestInsertion"];
n111 -> n1110;
n1111[label = "FarthestInsertion"];
n111 -> n1111;
n11 -> n111;
n1 -> n11;
n -> n1;
}


Generation: 44
Best Individual:
Subpopulation 0:
Evaluated: true
Fitness: Standardized=0.28440526 Adjusted=0.7785705 Hits=0
Tree 0:
digraph g {
node [shape=rectangle];
n[label = "If_Then"];
n0[label = "If_Then_Else"];
n00[label = "NearestInsertion"];
n0 -> n00;
n01[label = "FarthestInsertion"];
n0 -> n01;
n02[label = "If_Then_Else"];
n020[label = "NearestInsertion"];
n02 -> n020;
n021[label = "FarthestInsertion"];
n02 -> n021;
n022[label = "Equal"];
n0220[label = "FarthestInsertion"];
n022 -> n0220;
n0221[label = "FarthestInsertion"];
n022 -> n0221;
n02 -> n022;
n0 -> n02;
n -> n0;
n1[label = "If_Then"];
n10[label = "FarthestInsertion"];
n1 -> n10;
n11[label = "And"];
n110[label = "FarthestFirstNode"];
n11 -> n110;
n111[label = "FarthestInsertion"];
n11 -> n111;
n1 -> n11;
n -> n1;
}


Generation: 45
Best Individual:
Subpopulation 0:
Evaluated: true
Fitness: Standardized=0.28440526 Adjusted=0.7785705 Hits=0
Tree 0:
digraph g {
node [shape=rectangle];
n[label = "If_Then"];
n0[label = "If_Then_Else"];
n00[label = "NearestInsertion"];
n0 -> n00;
n01[label = "FarthestInsertion"];
n0 -> n01;
n02[label = "If_Then_Else"];
n020[label = "NearestInsertion"];
n02 -> n020;
n021[label = "FarthestInsertion"];
n02 -> n021;
n022[label = "Equal"];
n0220[label = "FarthestInsertion"];
n022 -> n0220;
n0221[label = "FarthestInsertion"];
n022 -> n0221;
n02 -> n022;
n0 -> n02;
n -> n0;
n1[label = "If_Then"];
n10[label = "FarthestInsertion"];
n1 -> n10;
n11[label = "And"];
n110[label = "FarthestFirstNode"];
n11 -> n110;
n111[label = "FarthestInsertion"];
n11 -> n111;
n1 -> n11;
n -> n1;
}


Generation: 46
Best Individual:
Subpopulation 0:
Evaluated: true
Fitness: Standardized=0.28440526 Adjusted=0.7785705 Hits=0
Tree 0:
digraph g {
node [shape=rectangle];
n[label = "If_Then"];
n0[label = "If_Then_Else"];
n00[label = "NearestInsertion"];
n0 -> n00;
n01[label = "FarthestInsertion"];
n0 -> n01;
n02[label = "If_Then_Else"];
n020[label = "NearestInsertion"];
n02 -> n020;
n021[label = "FarthestInsertion"];
n02 -> n021;
n022[label = "Equal"];
n0220[label = "FarthestInsertion"];
n022 -> n0220;
n0221[label = "FarthestInsertion"];
n022 -> n0221;
n02 -> n022;
n0 -> n02;
n -> n0;
n1[label = "If_Then"];
n10[label = "FarthestInsertion"];
n1 -> n10;
n11[label = "And"];
n110[label = "FarthestFirstNode"];
n11 -> n110;
n111[label = "FarthestInsertion"];
n11 -> n111;
n1 -> n11;
n -> n1;
}


Generation: 47
Best Individual:
Subpopulation 0:
Evaluated: true
Fitness: Standardized=0.28440526 Adjusted=0.7785705 Hits=0
Tree 0:
digraph g {
node [shape=rectangle];
n[label = "If_Then"];
n0[label = "If_Then_Else"];
n00[label = "NearestInsertion"];
n0 -> n00;
n01[label = "FarthestInsertion"];
n0 -> n01;
n02[label = "If_Then_Else"];
n020[label = "NearestInsertion"];
n02 -> n020;
n021[label = "FarthestInsertion"];
n02 -> n021;
n022[label = "Equal"];
n0220[label = "FarthestInsertion"];
n022 -> n0220;
n0221[label = "FarthestInsertion"];
n022 -> n0221;
n02 -> n022;
n0 -> n02;
n -> n0;
n1[label = "If_Then"];
n10[label = "FarthestInsertion"];
n1 -> n10;
n11[label = "And"];
n110[label = "FarthestFirstNode"];
n11 -> n110;
n111[label = "FarthestInsertion"];
n11 -> n111;
n1 -> n11;
n -> n1;
}


Generation: 48
Best Individual:
Subpopulation 0:
Evaluated: true
Fitness: Standardized=0.28440526 Adjusted=0.7785705 Hits=0
Tree 0:
digraph g {
node [shape=rectangle];
n[label = "Equal"];
n0[label = "NearestNeighbor"];
n -> n0;
n1[label = "Equal"];
n10[label = "FarthestFirstNode"];
n1 -> n10;
n11[label = "Equal"];
n110[label = "FarthestFirstNode"];
n11 -> n110;
n111[label = "Equal"];
n1110[label = "FarthestInsertion"];
n111 -> n1110;
n1111[label = "FarthestInsertion"];
n111 -> n1111;
n11 -> n111;
n1 -> n11;
n -> n1;
}


Generation: 49
Best Individual:
Subpopulation 0:
Evaluated: true
Fitness: Standardized=0.28440526 Adjusted=0.7785705 Hits=0
Tree 0:
digraph g {
node [shape=rectangle];
n[label = "Equal"];
n0[label = "If_Then_Else"];
n00[label = "NearestInsertion"];
n0 -> n00;
n01[label = "FarthestInsertion"];
n0 -> n01;
n02[label = "If_Then_Else"];
n020[label = "NearestInsertion"];
n02 -> n020;
n021[label = "FarthestInsertion"];
n02 -> n021;
n022[label = "NearestFirstNode"];
n02 -> n022;
n0 -> n02;
n -> n0;
n1[label = "Equal"];
n10[label = "FarthestInsertion"];
n1 -> n10;
n11[label = "Equal"];
n110[label = "FarthestInsertion"];
n11 -> n110;
n111[label = "FarthestInsertion"];
n11 -> n111;
n1 -> n11;
n -> n1;
}


Generation: 50
Best Individual:
Subpopulation 0:
Evaluated: true
Fitness: Standardized=0.28440526 Adjusted=0.7785705 Hits=0
Tree 0:
digraph g {
node [shape=rectangle];
n[label = "Equal"];
n0[label = "If_Then_Else"];
n00[label = "NearestInsertion"];
n0 -> n00;
n01[label = "FarthestInsertion"];
n0 -> n01;
n02[label = "If_Then_Else"];
n020[label = "NearestInsertion"];
n02 -> n020;
n021[label = "FarthestInsertion"];
n02 -> n021;
n022[label = "NearestFirstNode"];
n02 -> n022;
n0 -> n02;
n -> n0;
n1[label = "Equal"];
n10[label = "FarthestInsertion"];
n1 -> n10;
n11[label = "Equal"];
n110[label = "FarthestInsertion"];
n11 -> n110;
n111[label = "FarthestInsertion"];
n11 -> n111;
n1 -> n11;
n -> n1;
}


Generation: 51
Best Individual:
Subpopulation 0:
Evaluated: true
Fitness: Standardized=0.28440526 Adjusted=0.7785705 Hits=0
Tree 0:
digraph g {
node [shape=rectangle];
n[label = "If_Then"];
n0[label = "If_Then_Else"];
n00[label = "NearestInsertion"];
n0 -> n00;
n01[label = "FarthestInsertion"];
n0 -> n01;
n02[label = "If_Then_Else"];
n020[label = "NearestInsertion"];
n02 -> n020;
n021[label = "FarthestInsertion"];
n02 -> n021;
n022[label = "NearestFirstNode"];
n02 -> n022;
n0 -> n02;
n -> n0;
n1[label = "If_Then"];
n10[label = "FarthestInsertion"];
n1 -> n10;
n11[label = "And"];
n110[label = "FarthestFirstNode"];
n11 -> n110;
n111[label = "FarthestInsertion"];
n11 -> n111;
n1 -> n11;
n -> n1;
}


Generation: 52
Best Individual:
Subpopulation 0:
Evaluated: true
Fitness: Standardized=0.28440526 Adjusted=0.7785705 Hits=0
Tree 0:
digraph g {
node [shape=rectangle];
n[label = "Equal"];
n0[label = "If_Then_Else"];
n00[label = "NearestInsertion"];
n0 -> n00;
n01[label = "FarthestInsertion"];
n0 -> n01;
n02[label = "If_Then_Else"];
n020[label = "NearestInsertion"];
n02 -> n020;
n021[label = "FarthestInsertion"];
n02 -> n021;
n022[label = "NearestFirstNode"];
n02 -> n022;
n0 -> n02;
n -> n0;
n1[label = "Equal"];
n10[label = "FarthestInsertion"];
n1 -> n10;
n11[label = "Equal"];
n110[label = "FarthestInsertion"];
n11 -> n110;
n111[label = "FarthestInsertion"];
n11 -> n111;
n1 -> n11;
n -> n1;
}


Generation: 53
Best Individual:
Subpopulation 0:
Evaluated: true
Fitness: Standardized=0.28440526 Adjusted=0.7785705 Hits=0
Tree 0:
digraph g {
node [shape=rectangle];
n[label = "Equal"];
n0[label = "If_Then_Else"];
n00[label = "NearestInsertion"];
n0 -> n00;
n01[label = "FarthestInsertion"];
n0 -> n01;
n02[label = "FarthestNeighbor"];
n0 -> n02;
n -> n0;
n1[label = "Equal"];
n10[label = "FarthestInsertion"];
n1 -> n10;
n11[label = "Equal"];
n110[label = "FarthestInsertion"];
n11 -> n110;
n111[label = "FarthestInsertion"];
n11 -> n111;
n1 -> n11;
n -> n1;
}


Generation: 54
Best Individual:
Subpopulation 0:
Evaluated: true
Fitness: Standardized=0.28440526 Adjusted=0.7785705 Hits=0
Tree 0:
digraph g {
node [shape=rectangle];
n[label = "If_Then"];
n0[label = "If_Then_Else"];
n00[label = "NearestInsertion"];
n0 -> n00;
n01[label = "FarthestInsertion"];
n0 -> n01;
n02[label = "And"];
n020[label = "FarthestFirstNode"];
n02 -> n020;
n021[label = "FarthestInsertion"];
n02 -> n021;
n0 -> n02;
n -> n0;
n1[label = "If_Then"];
n10[label = "FarthestInsertion"];
n1 -> n10;
n11[label = "And"];
n110[label = "FarthestFirstNode"];
n11 -> n110;
n111[label = "FarthestInsertion"];
n11 -> n111;
n1 -> n11;
n -> n1;
}


Generation: 55
Best Individual:
Subpopulation 0:
Evaluated: true
Fitness: Standardized=0.28440526 Adjusted=0.7785705 Hits=0
Tree 0:
digraph g {
node [shape=rectangle];
n[label = "If_Then"];
n0[label = "If_Then_Else"];
n00[label = "NearestInsertion"];
n0 -> n00;
n01[label = "FarthestInsertion"];
n0 -> n01;
n02[label = "Equal"];
n020[label = "FarthestInsertion"];
n02 -> n020;
n021[label = "Equal"];
n0210[label = "FarthestInsertion"];
n021 -> n0210;
n0211[label = "FarthestInsertion"];
n021 -> n0211;
n02 -> n021;
n0 -> n02;
n -> n0;
n1[label = "If_Then"];
n10[label = "FarthestInsertion"];
n1 -> n10;
n11[label = "And"];
n110[label = "FarthestFirstNode"];
n11 -> n110;
n111[label = "FarthestInsertion"];
n11 -> n111;
n1 -> n11;
n -> n1;
}


Generation: 56
Best Individual:
Subpopulation 0:
Evaluated: true
Fitness: Standardized=0.28440526 Adjusted=0.7785705 Hits=0
Tree 0:
digraph g {
node [shape=rectangle];
n[label = "If_Then"];
n0[label = "If_Then_Else"];
n00[label = "NearestInsertion"];
n0 -> n00;
n01[label = "FarthestInsertion"];
n0 -> n01;
n02[label = "If_Then_Else"];
n020[label = "NearestInsertion"];
n02 -> n020;
n021[label = "FarthestInsertion"];
n02 -> n021;
n022[label = "And"];
n0220[label = "FarthestFirstNode"];
n022 -> n0220;
n0221[label = "FarthestInsertion"];
n022 -> n0221;
n02 -> n022;
n0 -> n02;
n -> n0;
n1[label = "If_Then"];
n10[label = "FarthestInsertion"];
n1 -> n10;
n11[label = "And"];
n110[label = "FarthestFirstNode"];
n11 -> n110;
n111[label = "FarthestInsertion"];
n11 -> n111;
n1 -> n11;
n -> n1;
}


Generation: 57
Best Individual:
Subpopulation 0:
Evaluated: true
Fitness: Standardized=0.28440526 Adjusted=0.7785705 Hits=0
Tree 0:
digraph g {
node [shape=rectangle];
n[label = "If_Then"];
n0[label = "If_Then_Else"];
n00[label = "NearestInsertion"];
n0 -> n00;
n01[label = "FarthestInsertion"];
n0 -> n01;
n02[label = "FarthestInsertion"];
n0 -> n02;
n -> n0;
n1[label = "If_Then"];
n10[label = "FarthestInsertion"];
n1 -> n10;
n11[label = "And"];
n110[label = "FarthestFirstNode"];
n11 -> n110;
n111[label = "FarthestInsertion"];
n11 -> n111;
n1 -> n11;
n -> n1;
}


Generation: 58
Best Individual:
Subpopulation 0:
Evaluated: true
Fitness: Standardized=0.28440526 Adjusted=0.7785705 Hits=0
Tree 0:
digraph g {
node [shape=rectangle];
n[label = "If_Then"];
n0[label = "If_Then_Else"];
n00[label = "NearestInsertion"];
n0 -> n00;
n01[label = "FarthestInsertion"];
n0 -> n01;
n02[label = "NearestInsertion"];
n0 -> n02;
n -> n0;
n1[label = "If_Then"];
n10[label = "FarthestInsertion"];
n1 -> n10;
n11[label = "And"];
n110[label = "FarthestFirstNode"];
n11 -> n110;
n111[label = "FarthestInsertion"];
n11 -> n111;
n1 -> n11;
n -> n1;
}


Generation: 59
Best Individual:
Subpopulation 0:
Evaluated: true
Fitness: Standardized=0.28440526 Adjusted=0.7785705 Hits=0
Tree 0:
digraph g {
node [shape=rectangle];
n[label = "If_Then"];
n0[label = "If_Then_Else"];
n00[label = "NearestInsertion"];
n0 -> n00;
n01[label = "FarthestInsertion"];
n0 -> n01;
n02[label = "And"];
n020[label = "FarthestFirstNode"];
n02 -> n020;
n021[label = "FarthestFirstNode"];
n02 -> n021;
n0 -> n02;
n -> n0;
n1[label = "If_Then"];
n10[label = "FarthestInsertion"];
n1 -> n10;
n11[label = "And"];
n110[label = "FarthestFirstNode"];
n11 -> n110;
n111[label = "FarthestInsertion"];
n11 -> n111;
n1 -> n11;
n -> n1;
}


Generation: 60
Best Individual:
Subpopulation 0:
Evaluated: true
Fitness: Standardized=0.23570031 Adjusted=0.8092577 Hits=1
Tree 0:
digraph g {
node [shape=rectangle];
n[label = "If_Then"];
n0[label = "If_Then_Else"];
n00[label = "If_Then_Else"];
n000[label = "NearestInsertion"];
n00 -> n000;
n001[label = "FarthestInsertion"];
n00 -> n001;
n002[label = "If_Then_Else"];
n0020[label = "NearestInsertion"];
n002 -> n0020;
n0021[label = "FarthestInsertion"];
n002 -> n0021;
n0022[label = "NearestFirstNode"];
n002 -> n0022;
n00 -> n002;
n0 -> n00;
n01[label = "FarthestInsertion"];
n0 -> n01;
n02[label = "If_Then_Else"];
n020[label = "NearestInsertion"];
n02 -> n020;
n021[label = "FarthestInsertion"];
n02 -> n021;
n022[label = "NearestFirstNode"];
n02 -> n022;
n0 -> n02;
n -> n0;
n1[label = "If_Then"];
n10[label = "FarthestInsertion"];
n1 -> n10;
n11[label = "If_Then"];
n110[label = "NearestFirstNode"];
n11 -> n110;
n111[label = "While"];
n1110[label = "BestMove"];
n111 -> n1110;
n1111[label = "FarthestNeighbor"];
n111 -> n1111;
n11 -> n111;
n1 -> n11;
n -> n1;
}


Generation: 61
Best Individual:
Subpopulation 0:
Evaluated: true
Fitness: Standardized=0.23570031 Adjusted=0.8092577 Hits=1
Tree 0:
digraph g {
node [shape=rectangle];
n[label = "If_Then"];
n0[label = "If_Then_Else"];
n00[label = "If_Then_Else"];
n000[label = "NearestInsertion"];
n00 -> n000;
n001[label = "FarthestInsertion"];
n00 -> n001;
n002[label = "If_Then_Else"];
n0020[label = "NearestInsertion"];
n002 -> n0020;
n0021[label = "FarthestInsertion"];
n002 -> n0021;
n0022[label = "NearestFirstNode"];
n002 -> n0022;
n00 -> n002;
n0 -> n00;
n01[label = "FarthestInsertion"];
n0 -> n01;
n02[label = "If_Then_Else"];
n020[label = "NearestInsertion"];
n02 -> n020;
n021[label = "FarthestInsertion"];
n02 -> n021;
n022[label = "NearestFirstNode"];
n02 -> n022;
n0 -> n02;
n -> n0;
n1[label = "If_Then"];
n10[label = "FarthestInsertion"];
n1 -> n10;
n11[label = "If_Then"];
n110[label = "NearestFirstNode"];
n11 -> n110;
n111[label = "While"];
n1110[label = "BestMove"];
n111 -> n1110;
n1111[label = "FarthestNeighbor"];
n111 -> n1111;
n11 -> n111;
n1 -> n11;
n -> n1;
}


Generation: 62
Best Individual:
Subpopulation 0:
Evaluated: true
Fitness: Standardized=0.23570031 Adjusted=0.8092577 Hits=1
Tree 0:
digraph g {
node [shape=rectangle];
n[label = "If_Then"];
n0[label = "If_Then_Else"];
n00[label = "If_Then_Else"];
n000[label = "NearestInsertion"];
n00 -> n000;
n001[label = "FarthestInsertion"];
n00 -> n001;
n002[label = "If_Then_Else"];
n0020[label = "NearestInsertion"];
n002 -> n0020;
n0021[label = "FarthestInsertion"];
n002 -> n0021;
n0022[label = "NearestFirstNode"];
n002 -> n0022;
n00 -> n002;
n0 -> n00;
n01[label = "FarthestInsertion"];
n0 -> n01;
n02[label = "If_Then_Else"];
n020[label = "NearestInsertion"];
n02 -> n020;
n021[label = "FarthestInsertion"];
n02 -> n021;
n022[label = "NearestFirstNode"];
n02 -> n022;
n0 -> n02;
n -> n0;
n1[label = "If_Then"];
n10[label = "FarthestInsertion"];
n1 -> n10;
n11[label = "If_Then"];
n110[label = "NearestFirstNode"];
n11 -> n110;
n111[label = "While"];
n1110[label = "BestMove"];
n111 -> n1110;
n1111[label = "FarthestNeighbor"];
n111 -> n1111;
n11 -> n111;
n1 -> n11;
n -> n1;
}


Generation: 63
Best Individual:
Subpopulation 0:
Evaluated: true
Fitness: Standardized=0.23570031 Adjusted=0.8092577 Hits=1
Tree 0:
digraph g {
node [shape=rectangle];
n[label = "If_Then"];
n0[label = "If_Then_Else"];
n00[label = "If_Then_Else"];
n000[label = "NearestInsertion"];
n00 -> n000;
n001[label = "FarthestInsertion"];
n00 -> n001;
n002[label = "If_Then_Else"];
n0020[label = "NearestInsertion"];
n002 -> n0020;
n0021[label = "FarthestInsertion"];
n002 -> n0021;
n0022[label = "NearestFirstNode"];
n002 -> n0022;
n00 -> n002;
n0 -> n00;
n01[label = "FarthestInsertion"];
n0 -> n01;
n02[label = "If_Then_Else"];
n020[label = "NearestInsertion"];
n02 -> n020;
n021[label = "FarthestInsertion"];
n02 -> n021;
n022[label = "NearestFirstNode"];
n02 -> n022;
n0 -> n02;
n -> n0;
n1[label = "If_Then"];
n10[label = "FarthestInsertion"];
n1 -> n10;
n11[label = "And"];
n110[label = "NearestFirstNode"];
n11 -> n110;
n111[label = "While"];
n1110[label = "BestMove"];
n111 -> n1110;
n1111[label = "FarthestNeighbor"];
n111 -> n1111;
n11 -> n111;
n1 -> n11;
n -> n1;
}


Generation: 64
Best Individual:
Subpopulation 0:
Evaluated: true
Fitness: Standardized=0.23570031 Adjusted=0.8092577 Hits=1
Tree 0:
digraph g {
node [shape=rectangle];
n[label = "If_Then"];
n0[label = "If_Then_Else"];
n00[label = "If_Then_Else"];
n000[label = "NearestInsertion"];
n00 -> n000;
n001[label = "FarthestInsertion"];
n00 -> n001;
n002[label = "If_Then_Else"];
n0020[label = "NearestInsertion"];
n002 -> n0020;
n0021[label = "FarthestInsertion"];
n002 -> n0021;
n0022[label = "NearestFirstNode"];
n002 -> n0022;
n00 -> n002;
n0 -> n00;
n01[label = "FarthestInsertion"];
n0 -> n01;
n02[label = "If_Then_Else"];
n020[label = "NearestInsertion"];
n02 -> n020;
n021[label = "FarthestInsertion"];
n02 -> n021;
n022[label = "NearestFirstNode"];
n02 -> n022;
n0 -> n02;
n -> n0;
n1[label = "If_Then"];
n10[label = "FarthestInsertion"];
n1 -> n10;
n11[label = "If_Then"];
n110[label = "NearestFirstNode"];
n11 -> n110;
n111[label = "While"];
n1110[label = "BestMove"];
n111 -> n1110;
n1111[label = "FarthestNeighbor"];
n111 -> n1111;
n11 -> n111;
n1 -> n11;
n -> n1;
}


Generation: 65
Best Individual:
Subpopulation 0:
Evaluated: true
Fitness: Standardized=0.23570031 Adjusted=0.8092577 Hits=1
Tree 0:
digraph g {
node [shape=rectangle];
n[label = "If_Then"];
n0[label = "If_Then_Else"];
n00[label = "If_Then_Else"];
n000[label = "NearestInsertion"];
n00 -> n000;
n001[label = "FarthestInsertion"];
n00 -> n001;
n002[label = "If_Then_Else"];
n0020[label = "NearestInsertion"];
n002 -> n0020;
n0021[label = "FarthestInsertion"];
n002 -> n0021;
n0022[label = "NearestFirstNode"];
n002 -> n0022;
n00 -> n002;
n0 -> n00;
n01[label = "FarthestInsertion"];
n0 -> n01;
n02[label = "If_Then_Else"];
n020[label = "NearestInsertion"];
n02 -> n020;
n021[label = "FarthestInsertion"];
n02 -> n021;
n022[label = "NearestFirstNode"];
n02 -> n022;
n0 -> n02;
n -> n0;
n1[label = "If_Then"];
n10[label = "FarthestInsertion"];
n1 -> n10;
n11[label = "And"];
n110[label = "NearestFirstNode"];
n11 -> n110;
n111[label = "While"];
n1110[label = "BestMove"];
n111 -> n1110;
n1111[label = "FarthestNeighbor"];
n111 -> n1111;
n11 -> n111;
n1 -> n11;
n -> n1;
}


Generation: 66
Best Individual:
Subpopulation 0:
Evaluated: true
Fitness: Standardized=0.23570031 Adjusted=0.8092577 Hits=1
Tree 0:
digraph g {
node [shape=rectangle];
n[label = "If_Then"];
n0[label = "If_Then_Else"];
n00[label = "If_Then_Else"];
n000[label = "NearestInsertion"];
n00 -> n000;
n001[label = "FarthestInsertion"];
n00 -> n001;
n002[label = "If_Then_Else"];
n0020[label = "NearestInsertion"];
n002 -> n0020;
n0021[label = "FarthestInsertion"];
n002 -> n0021;
n0022[label = "NearestFirstNode"];
n002 -> n0022;
n00 -> n002;
n0 -> n00;
n01[label = "FarthestInsertion"];
n0 -> n01;
n02[label = "If_Then_Else"];
n020[label = "NearestInsertion"];
n02 -> n020;
n021[label = "FarthestInsertion"];
n02 -> n021;
n022[label = "NearestFirstNode"];
n02 -> n022;
n0 -> n02;
n -> n0;
n1[label = "If_Then"];
n10[label = "FarthestInsertion"];
n1 -> n10;
n11[label = "If_Then"];
n110[label = "NearestFirstNode"];
n11 -> n110;
n111[label = "While"];
n1110[label = "BestMove"];
n111 -> n1110;
n1111[label = "FarthestNeighbor"];
n111 -> n1111;
n11 -> n111;
n1 -> n11;
n -> n1;
}


Generation: 67
Best Individual:
Subpopulation 0:
Evaluated: true
Fitness: Standardized=0.23570031 Adjusted=0.8092577 Hits=1
Tree 0:
digraph g {
node [shape=rectangle];
n[label = "If_Then"];
n0[label = "If_Then_Else"];
n00[label = "If_Then_Else"];
n000[label = "NearestInsertion"];
n00 -> n000;
n001[label = "FarthestInsertion"];
n00 -> n001;
n002[label = "If_Then_Else"];
n0020[label = "NearestInsertion"];
n002 -> n0020;
n0021[label = "FarthestInsertion"];
n002 -> n0021;
n0022[label = "NearestFirstNode"];
n002 -> n0022;
n00 -> n002;
n0 -> n00;
n01[label = "FarthestInsertion"];
n0 -> n01;
n02[label = "If_Then_Else"];
n020[label = "NearestInsertion"];
n02 -> n020;
n021[label = "FarthestInsertion"];
n02 -> n021;
n022[label = "NearestFirstNode"];
n02 -> n022;
n0 -> n02;
n -> n0;
n1[label = "If_Then"];
n10[label = "FarthestInsertion"];
n1 -> n10;
n11[label = "If_Then"];
n110[label = "NearestFirstNode"];
n11 -> n110;
n111[label = "While"];
n1110[label = "BestMove"];
n111 -> n1110;
n1111[label = "FarthestNeighbor"];
n111 -> n1111;
n11 -> n111;
n1 -> n11;
n -> n1;
}


Generation: 68
Best Individual:
Subpopulation 0:
Evaluated: true
Fitness: Standardized=0.23570031 Adjusted=0.8092577 Hits=1
Tree 0:
digraph g {
node [shape=rectangle];
n[label = "If_Then"];
n0[label = "If_Then_Else"];
n00[label = "If_Then_Else"];
n000[label = "NearestInsertion"];
n00 -> n000;
n001[label = "FarthestInsertion"];
n00 -> n001;
n002[label = "While"];
n0020[label = "BestMove"];
n002 -> n0020;
n0021[label = "FarthestNeighbor"];
n002 -> n0021;
n00 -> n002;
n0 -> n00;
n01[label = "FarthestInsertion"];
n0 -> n01;
n02[label = "If_Then_Else"];
n020[label = "NearestInsertion"];
n02 -> n020;
n021[label = "FarthestInsertion"];
n02 -> n021;
n022[label = "NearestFirstNode"];
n02 -> n022;
n0 -> n02;
n -> n0;
n1[label = "If_Then"];
n10[label = "FarthestInsertion"];
n1 -> n10;
n11[label = "If_Then"];
n110[label = "NearestFirstNode"];
n11 -> n110;
n111[label = "While"];
n1110[label = "BestMove"];
n111 -> n1110;
n1111[label = "FarthestNeighbor"];
n111 -> n1111;
n11 -> n111;
n1 -> n11;
n -> n1;
}


Generation: 69
Best Individual:
Subpopulation 0:
Evaluated: true
Fitness: Standardized=0.23570031 Adjusted=0.8092577 Hits=1
Tree 0:
digraph g {
node [shape=rectangle];
n[label = "If_Then"];
n0[label = "If_Then_Else"];
n00[label = "If_Then_Else"];
n000[label = "NearestInsertion"];
n00 -> n000;
n001[label = "FarthestInsertion"];
n00 -> n001;
n002[label = "If_Then_Else"];
n0020[label = "NearestInsertion"];
n002 -> n0020;
n0021[label = "FarthestInsertion"];
n002 -> n0021;
n0022[label = "NearestFirstNode"];
n002 -> n0022;
n00 -> n002;
n0 -> n00;
n01[label = "FarthestInsertion"];
n0 -> n01;
n02[label = "If_Then_Else"];
n020[label = "NearestInsertion"];
n02 -> n020;
n021[label = "FarthestInsertion"];
n02 -> n021;
n022[label = "NearestFirstNode"];
n02 -> n022;
n0 -> n02;
n -> n0;
n1[label = "If_Then"];
n10[label = "FarthestInsertion"];
n1 -> n10;
n11[label = "If_Then"];
n110[label = "NearestFirstNode"];
n11 -> n110;
n111[label = "While"];
n1110[label = "BestMove"];
n111 -> n1110;
n1111[label = "FarthestNeighbor"];
n111 -> n1111;
n11 -> n111;
n1 -> n11;
n -> n1;
}


Generation: 70
Best Individual:
Subpopulation 0:
Evaluated: true
Fitness: Standardized=0.21155077 Adjusted=0.8253885 Hits=1
Tree 0:
digraph g {
node [shape=rectangle];
n[label = "If_Then"];
n0[label = "If_Then_Else"];
n00[label = "If_Then_Else"];
n000[label = "NearestInsertion"];
n00 -> n000;
n001[label = "FarthestInsertion"];
n00 -> n001;
n002[label = "NearestInsertion"];
n00 -> n002;
n0 -> n00;
n01[label = "FarthestInsertion"];
n0 -> n01;
n02[label = "If_Then_Else"];
n020[label = "NearestInsertion"];
n02 -> n020;
n021[label = "FarthestInsertion"];
n02 -> n021;
n022[label = "NearestFirstNode"];
n02 -> n022;
n0 -> n02;
n -> n0;
n1[label = "If_Then"];
n10[label = "FarthestInsertion"];
n1 -> n10;
n11[label = "If_Then"];
n110[label = "FarthestInsertion"];
n11 -> n110;
n111[label = "While"];
n1110[label = "BestMove"];
n111 -> n1110;
n1111[label = "FarthestNeighbor"];
n111 -> n1111;
n11 -> n111;
n1 -> n11;
n -> n1;
}


Generation: 71
Best Individual:
Subpopulation 0:
Evaluated: true
Fitness: Standardized=0.21155077 Adjusted=0.8253885 Hits=1
Tree 0:
digraph g {
node [shape=rectangle];
n[label = "If_Then"];
n0[label = "If_Then_Else"];
n00[label = "If_Then_Else"];
n000[label = "NearestInsertion"];
n00 -> n000;
n001[label = "FarthestInsertion"];
n00 -> n001;
n002[label = "If_Then_Else"];
n0020[label = "NearestInsertion"];
n002 -> n0020;
n0021[label = "FarthestInsertion"];
n002 -> n0021;
n0022[label = "NearestFirstNode"];
n002 -> n0022;
n00 -> n002;
n0 -> n00;
n01[label = "FarthestInsertion"];
n0 -> n01;
n02[label = "If_Then_Else"];
n020[label = "NearestInsertion"];
n02 -> n020;
n021[label = "FarthestInsertion"];
n02 -> n021;
n022[label = "NearestFirstNode"];
n02 -> n022;
n0 -> n02;
n -> n0;
n1[label = "If_Then"];
n10[label = "FarthestInsertion"];
n1 -> n10;
n11[label = "If_Then"];
n110[label = "FarthestInsertion"];
n11 -> n110;
n111[label = "While"];
n1110[label = "BestMove"];
n111 -> n1110;
n1111[label = "FarthestNeighbor"];
n111 -> n1111;
n11 -> n111;
n1 -> n11;
n -> n1;
}


Generation: 72
Best Individual:
Subpopulation 0:
Evaluated: true
Fitness: Standardized=0.21155077 Adjusted=0.8253885 Hits=1
Tree 0:
digraph g {
node [shape=rectangle];
n[label = "If_Then"];
n0[label = "If_Then_Else"];
n00[label = "If_Then_Else"];
n000[label = "NearestInsertion"];
n00 -> n000;
n001[label = "FarthestInsertion"];
n00 -> n001;
n002[label = "While"];
n0020[label = "BestMove"];
n002 -> n0020;
n0021[label = "FarthestNeighbor"];
n002 -> n0021;
n00 -> n002;
n0 -> n00;
n01[label = "FarthestInsertion"];
n0 -> n01;
n02[label = "If_Then_Else"];
n020[label = "NearestInsertion"];
n02 -> n020;
n021[label = "FarthestInsertion"];
n02 -> n021;
n022[label = "NearestFirstNode"];
n02 -> n022;
n0 -> n02;
n -> n0;
n1[label = "If_Then"];
n10[label = "FarthestInsertion"];
n1 -> n10;
n11[label = "If_Then"];
n110[label = "FarthestInsertion"];
n11 -> n110;
n111[label = "While"];
n1110[label = "BestMove"];
n111 -> n1110;
n1111[label = "FarthestNeighbor"];
n111 -> n1111;
n11 -> n111;
n1 -> n11;
n -> n1;
}


Generation: 73
Best Individual:
Subpopulation 0:
Evaluated: true
Fitness: Standardized=0.21155077 Adjusted=0.8253885 Hits=1
Tree 0:
digraph g {
node [shape=rectangle];
n[label = "If_Then"];
n0[label = "If_Then_Else"];
n00[label = "If_Then_Else"];
n000[label = "NearestInsertion"];
n00 -> n000;
n001[label = "FarthestInsertion"];
n00 -> n001;
n002[label = "If_Then_Else"];
n0020[label = "NearestInsertion"];
n002 -> n0020;
n0021[label = "FarthestInsertion"];
n002 -> n0021;
n0022[label = "NearestFirstNode"];
n002 -> n0022;
n00 -> n002;
n0 -> n00;
n01[label = "FarthestInsertion"];
n0 -> n01;
n02[label = "If_Then_Else"];
n020[label = "NearestInsertion"];
n02 -> n020;
n021[label = "FarthestInsertion"];
n02 -> n021;
n022[label = "NearestFirstNode"];
n02 -> n022;
n0 -> n02;
n -> n0;
n1[label = "If_Then"];
n10[label = "FarthestInsertion"];
n1 -> n10;
n11[label = "If_Then"];
n110[label = "FarthestInsertion"];
n11 -> n110;
n111[label = "While"];
n1110[label = "BestMove"];
n111 -> n1110;
n1111[label = "FarthestNeighbor"];
n111 -> n1111;
n11 -> n111;
n1 -> n11;
n -> n1;
}


Generation: 74
Best Individual:
Subpopulation 0:
Evaluated: true
Fitness: Standardized=0.21155077 Adjusted=0.8253885 Hits=1
Tree 0:
digraph g {
node [shape=rectangle];
n[label = "If_Then"];
n0[label = "If_Then_Else"];
n00[label = "If_Then_Else"];
n000[label = "NearestInsertion"];
n00 -> n000;
n001[label = "FarthestInsertion"];
n00 -> n001;
n002[label = "While"];
n0020[label = "NearestFirstNode"];
n002 -> n0020;
n0021[label = "FarthestNeighbor"];
n002 -> n0021;
n00 -> n002;
n0 -> n00;
n01[label = "FarthestInsertion"];
n0 -> n01;
n02[label = "If_Then_Else"];
n020[label = "NearestInsertion"];
n02 -> n020;
n021[label = "FarthestInsertion"];
n02 -> n021;
n022[label = "While"];
n0220[label = "BestMove"];
n022 -> n0220;
n0221[label = "FarthestNeighbor"];
n022 -> n0221;
n02 -> n022;
n0 -> n02;
n -> n0;
n1[label = "If_Then"];
n10[label = "FarthestInsertion"];
n1 -> n10;
n11[label = "If_Then"];
n110[label = "FarthestInsertion"];
n11 -> n110;
n111[label = "While"];
n1110[label = "BestMove"];
n111 -> n1110;
n1111[label = "FarthestNeighbor"];
n111 -> n1111;
n11 -> n111;
n1 -> n11;
n -> n1;
}


Generation: 75
Best Individual:
Subpopulation 0:
Evaluated: true
Fitness: Standardized=0.21155077 Adjusted=0.8253885 Hits=1
Tree 0:
digraph g {
node [shape=rectangle];
n[label = "If_Then"];
n0[label = "If_Then_Else"];
n00[label = "If_Then_Else"];
n000[label = "NearestInsertion"];
n00 -> n000;
n001[label = "FarthestInsertion"];
n00 -> n001;
n002[label = "NearestInsertion"];
n00 -> n002;
n0 -> n00;
n01[label = "FarthestInsertion"];
n0 -> n01;
n02[label = "If_Then_Else"];
n020[label = "NearestInsertion"];
n02 -> n020;
n021[label = "FarthestInsertion"];
n02 -> n021;
n022[label = "NearestFirstNode"];
n02 -> n022;
n0 -> n02;
n -> n0;
n1[label = "If_Then"];
n10[label = "FarthestInsertion"];
n1 -> n10;
n11[label = "If_Then"];
n110[label = "FarthestInsertion"];
n11 -> n110;
n111[label = "While"];
n1110[label = "BestMove"];
n111 -> n1110;
n1111[label = "FarthestNeighbor"];
n111 -> n1111;
n11 -> n111;
n1 -> n11;
n -> n1;
}


Generation: 76
Best Individual:
Subpopulation 0:
Evaluated: true
Fitness: Standardized=0.12500192 Adjusted=0.8888874 Hits=8
Tree 0:
digraph g {
node [shape=rectangle];
n[label = "If_Then"];
n0[label = "If_Then_Else"];
n00[label = "If_Then_Else"];
n000[label = "NearestInsertion"];
n00 -> n000;
n001[label = "FarthestInsertion"];
n00 -> n001;
n002[label = "While"];
n0020[label = "BestMove"];
n002 -> n0020;
n0021[label = "FarthestNeighbor"];
n002 -> n0021;
n00 -> n002;
n0 -> n00;
n01[label = "FarthestInsertion"];
n0 -> n01;
n02[label = "If_Then_Else"];
n020[label = "NearestInsertion"];
n02 -> n020;
n021[label = "FarthestInsertion"];
n02 -> n021;
n022[label = "While"];
n0220[label = "BestMove"];
n022 -> n0220;
n0221[label = "FarthestNeighbor"];
n022 -> n0221;
n02 -> n022;
n0 -> n02;
n -> n0;
n1[label = "If_Then"];
n10[label = "FarthestInsertion"];
n1 -> n10;
n11[label = "If_Then"];
n110[label = "FarthestInsertion"];
n11 -> n110;
n111[label = "While"];
n1110[label = "BestMove"];
n111 -> n1110;
n1111[label = "CplexTerminal"];
n111 -> n1111;
n11 -> n111;
n1 -> n11;
n -> n1;
}


Generation: 77
Best Individual:
Subpopulation 0:
Evaluated: true
Fitness: Standardized=0.12500192 Adjusted=0.8888874 Hits=8
Tree 0:
digraph g {
node [shape=rectangle];
n[label = "If_Then"];
n0[label = "If_Then_Else"];
n00[label = "If_Then_Else"];
n000[label = "NearestInsertion"];
n00 -> n000;
n001[label = "FarthestInsertion"];
n00 -> n001;
n002[label = "While"];
n0020[label = "BestMove"];
n002 -> n0020;
n0021[label = "FarthestNeighbor"];
n002 -> n0021;
n00 -> n002;
n0 -> n00;
n01[label = "FarthestInsertion"];
n0 -> n01;
n02[label = "If_Then_Else"];
n020[label = "NearestInsertion"];
n02 -> n020;
n021[label = "FarthestInsertion"];
n02 -> n021;
n022[label = "While"];
n0220[label = "BestMove"];
n022 -> n0220;
n0221[label = "FarthestNeighbor"];
n022 -> n0221;
n02 -> n022;
n0 -> n02;
n -> n0;
n1[label = "If_Then"];
n10[label = "FarthestInsertion"];
n1 -> n10;
n11[label = "If_Then"];
n110[label = "FarthestInsertion"];
n11 -> n110;
n111[label = "While"];
n1110[label = "BestMove"];
n111 -> n1110;
n1111[label = "CplexTerminal"];
n111 -> n1111;
n11 -> n111;
n1 -> n11;
n -> n1;
}


Generation: 78
Best Individual:
Subpopulation 0:
Evaluated: true
Fitness: Standardized=0.12500192 Adjusted=0.8888874 Hits=8
Tree 0:
digraph g {
node [shape=rectangle];
n[label = "If_Then"];
n0[label = "If_Then_Else"];
n00[label = "If_Then_Else"];
n000[label = "NearestInsertion"];
n00 -> n000;
n001[label = "FarthestInsertion"];
n00 -> n001;
n002[label = "While"];
n0020[label = "BestMove"];
n002 -> n0020;
n0021[label = "FarthestNeighbor"];
n002 -> n0021;
n00 -> n002;
n0 -> n00;
n01[label = "FarthestInsertion"];
n0 -> n01;
n02[label = "If_Then_Else"];
n020[label = "NearestInsertion"];
n02 -> n020;
n021[label = "FarthestInsertion"];
n02 -> n021;
n022[label = "While"];
n0220[label = "BestMove"];
n022 -> n0220;
n0221[label = "FarthestNeighbor"];
n022 -> n0221;
n02 -> n022;
n0 -> n02;
n -> n0;
n1[label = "If_Then"];
n10[label = "FarthestInsertion"];
n1 -> n10;
n11[label = "If_Then"];
n110[label = "FarthestInsertion"];
n11 -> n110;
n111[label = "While"];
n1110[label = "BestMove"];
n111 -> n1110;
n1111[label = "CplexTerminal"];
n111 -> n1111;
n11 -> n111;
n1 -> n11;
n -> n1;
}


Generation: 79
Best Individual:
Subpopulation 0:
Evaluated: true
Fitness: Standardized=0.12500192 Adjusted=0.8888874 Hits=8
Tree 0:
digraph g {
node [shape=rectangle];
n[label = "If_Then"];
n0[label = "If_Then_Else"];
n00[label = "If_Then_Else"];
n000[label = "NearestInsertion"];
n00 -> n000;
n001[label = "FarthestInsertion"];
n00 -> n001;
n002[label = "If_Then"];
n0020[label = "BestMove"];
n002 -> n0020;
n0021[label = "FarthestNeighbor"];
n002 -> n0021;
n00 -> n002;
n0 -> n00;
n01[label = "FarthestInsertion"];
n0 -> n01;
n02[label = "If_Then_Else"];
n020[label = "NearestInsertion"];
n02 -> n020;
n021[label = "FarthestInsertion"];
n02 -> n021;
n022[label = "While"];
n0220[label = "BestMove"];
n022 -> n0220;
n0221[label = "FarthestNeighbor"];
n022 -> n0221;
n02 -> n022;
n0 -> n02;
n -> n0;
n1[label = "If_Then"];
n10[label = "FarthestInsertion"];
n1 -> n10;
n11[label = "If_Then"];
n110[label = "FarthestInsertion"];
n11 -> n110;
n111[label = "While"];
n1110[label = "BestMove"];
n111 -> n1110;
n1111[label = "CplexTerminal"];
n111 -> n1111;
n11 -> n111;
n1 -> n11;
n -> n1;
}


Generation: 80
Best Individual:
Subpopulation 0:
Evaluated: true
Fitness: Standardized=0.12500192 Adjusted=0.8888874 Hits=8
Tree 0:
digraph g {
node [shape=rectangle];
n[label = "If_Then"];
n0[label = "If_Then_Else"];
n00[label = "If_Then_Else"];
n000[label = "NearestInsertion"];
n00 -> n000;
n001[label = "FarthestInsertion"];
n00 -> n001;
n002[label = "While"];
n0020[label = "BestMove"];
n002 -> n0020;
n0021[label = "FarthestNeighbor"];
n002 -> n0021;
n00 -> n002;
n0 -> n00;
n01[label = "FarthestInsertion"];
n0 -> n01;
n02[label = "If_Then_Else"];
n020[label = "NearestInsertion"];
n02 -> n020;
n021[label = "FarthestInsertion"];
n02 -> n021;
n022[label = "While"];
n0220[label = "BestMove"];
n022 -> n0220;
n0221[label = "FarthestNeighbor"];
n022 -> n0221;
n02 -> n022;
n0 -> n02;
n -> n0;
n1[label = "If_Then"];
n10[label = "FarthestInsertion"];
n1 -> n10;
n11[label = "If_Then"];
n110[label = "FarthestInsertion"];
n11 -> n110;
n111[label = "While"];
n1110[label = "BestMove"];
n111 -> n1110;
n1111[label = "CplexTerminal"];
n111 -> n1111;
n11 -> n111;
n1 -> n11;
n -> n1;
}


Generation: 81
Best Individual:
Subpopulation 0:
Evaluated: true
Fitness: Standardized=0.12500192 Adjusted=0.8888874 Hits=8
Tree 0:
digraph g {
node [shape=rectangle];
n[label = "If_Then"];
n0[label = "If_Then_Else"];
n00[label = "If_Then_Else"];
n000[label = "NearestInsertion"];
n00 -> n000;
n001[label = "FarthestInsertion"];
n00 -> n001;
n002[label = "While"];
n0020[label = "BestMove"];
n002 -> n0020;
n0021[label = "FarthestNeighbor"];
n002 -> n0021;
n00 -> n002;
n0 -> n00;
n01[label = "FarthestInsertion"];
n0 -> n01;
n02[label = "If_Then_Else"];
n020[label = "NearestInsertion"];
n02 -> n020;
n021[label = "FarthestInsertion"];
n02 -> n021;
n022[label = "While"];
n0220[label = "BestMove"];
n022 -> n0220;
n0221[label = "FarthestNeighbor"];
n022 -> n0221;
n02 -> n022;
n0 -> n02;
n -> n0;
n1[label = "If_Then"];
n10[label = "FarthestInsertion"];
n1 -> n10;
n11[label = "If_Then"];
n110[label = "FarthestInsertion"];
n11 -> n110;
n111[label = "While"];
n1110[label = "BestMove"];
n111 -> n1110;
n1111[label = "CplexTerminal"];
n111 -> n1111;
n11 -> n111;
n1 -> n11;
n -> n1;
}


Generation: 82
Best Individual:
Subpopulation 0:
Evaluated: true
Fitness: Standardized=0.12500192 Adjusted=0.8888874 Hits=8
Tree 0:
digraph g {
node [shape=rectangle];
n[label = "If_Then"];
n0[label = "If_Then_Else"];
n00[label = "If_Then_Else"];
n000[label = "NearestInsertion"];
n00 -> n000;
n001[label = "FarthestInsertion"];
n00 -> n001;
n002[label = "While"];
n0020[label = "BestMove"];
n002 -> n0020;
n0021[label = "FarthestNeighbor"];
n002 -> n0021;
n00 -> n002;
n0 -> n00;
n01[label = "FarthestInsertion"];
n0 -> n01;
n02[label = "If_Then_Else"];
n020[label = "NearestInsertion"];
n02 -> n020;
n021[label = "FarthestInsertion"];
n02 -> n021;
n022[label = "While"];
n0220[label = "BestMove"];
n022 -> n0220;
n0221[label = "FarthestNeighbor"];
n022 -> n0221;
n02 -> n022;
n0 -> n02;
n -> n0;
n1[label = "If_Then"];
n10[label = "FarthestInsertion"];
n1 -> n10;
n11[label = "If_Then"];
n110[label = "FarthestInsertion"];
n11 -> n110;
n111[label = "While"];
n1110[label = "BestMove"];
n111 -> n1110;
n1111[label = "CplexTerminal"];
n111 -> n1111;
n11 -> n111;
n1 -> n11;
n -> n1;
}


Generation: 83
Best Individual:
Subpopulation 0:
Evaluated: true
Fitness: Standardized=0.12500192 Adjusted=0.8888874 Hits=8
Tree 0:
digraph g {
node [shape=rectangle];
n[label = "If_Then"];
n0[label = "If_Then_Else"];
n00[label = "If_Then_Else"];
n000[label = "NearestInsertion"];
n00 -> n000;
n001[label = "FarthestInsertion"];
n00 -> n001;
n002[label = "While"];
n0020[label = "BestMove"];
n002 -> n0020;
n0021[label = "FarthestNeighbor"];
n002 -> n0021;
n00 -> n002;
n0 -> n00;
n01[label = "FarthestInsertion"];
n0 -> n01;
n02[label = "If_Then_Else"];
n020[label = "NearestInsertion"];
n02 -> n020;
n021[label = "FarthestInsertion"];
n02 -> n021;
n022[label = "While"];
n0220[label = "BestMove"];
n022 -> n0220;
n0221[label = "FarthestNeighbor"];
n022 -> n0221;
n02 -> n022;
n0 -> n02;
n -> n0;
n1[label = "If_Then"];
n10[label = "FarthestInsertion"];
n1 -> n10;
n11[label = "If_Then"];
n110[label = "FarthestInsertion"];
n11 -> n110;
n111[label = "While"];
n1110[label = "BestMove"];
n111 -> n1110;
n1111[label = "CplexTerminal"];
n111 -> n1111;
n11 -> n111;
n1 -> n11;
n -> n1;
}


Generation: 84
Best Individual:
Subpopulation 0:
Evaluated: true
Fitness: Standardized=0.12500192 Adjusted=0.8888874 Hits=8
Tree 0:
digraph g {
node [shape=rectangle];
n[label = "If_Then"];
n0[label = "If_Then_Else"];
n00[label = "If_Then_Else"];
n000[label = "NearestInsertion"];
n00 -> n000;
n001[label = "FarthestInsertion"];
n00 -> n001;
n002[label = "While"];
n0020[label = "BestMove"];
n002 -> n0020;
n0021[label = "FarthestNeighbor"];
n002 -> n0021;
n00 -> n002;
n0 -> n00;
n01[label = "FarthestInsertion"];
n0 -> n01;
n02[label = "If_Then_Else"];
n020[label = "NearestInsertion"];
n02 -> n020;
n021[label = "FarthestInsertion"];
n02 -> n021;
n022[label = "While"];
n0220[label = "BestMove"];
n022 -> n0220;
n0221[label = "FarthestNeighbor"];
n022 -> n0221;
n02 -> n022;
n0 -> n02;
n -> n0;
n1[label = "If_Then"];
n10[label = "FarthestInsertion"];
n1 -> n10;
n11[label = "If_Then"];
n110[label = "FarthestInsertion"];
n11 -> n110;
n111[label = "While"];
n1110[label = "BestMove"];
n111 -> n1110;
n1111[label = "CplexTerminal"];
n111 -> n1111;
n11 -> n111;
n1 -> n11;
n -> n1;
}


Generation: 85
Best Individual:
Subpopulation 0:
Evaluated: true
Fitness: Standardized=0.12500192 Adjusted=0.8888874 Hits=8
Tree 0:
digraph g {
node [shape=rectangle];
n[label = "If_Then"];
n0[label = "If_Then_Else"];
n00[label = "If_Then_Else"];
n000[label = "NearestInsertion"];
n00 -> n000;
n001[label = "FarthestInsertion"];
n00 -> n001;
n002[label = "While"];
n0020[label = "BestMove"];
n002 -> n0020;
n0021[label = "FarthestNeighbor"];
n002 -> n0021;
n00 -> n002;
n0 -> n00;
n01[label = "FarthestInsertion"];
n0 -> n01;
n02[label = "If_Then_Else"];
n020[label = "NearestInsertion"];
n02 -> n020;
n021[label = "FarthestInsertion"];
n02 -> n021;
n022[label = "While"];
n0220[label = "BestMove"];
n022 -> n0220;
n0221[label = "FarthestNeighbor"];
n022 -> n0221;
n02 -> n022;
n0 -> n02;
n -> n0;
n1[label = "If_Then"];
n10[label = "FarthestInsertion"];
n1 -> n10;
n11[label = "If_Then"];
n110[label = "FarthestInsertion"];
n11 -> n110;
n111[label = "While"];
n1110[label = "BestMove"];
n111 -> n1110;
n1111[label = "CplexTerminal"];
n111 -> n1111;
n11 -> n111;
n1 -> n11;
n -> n1;
}


Generation: 86
Best Individual:
Subpopulation 0:
Evaluated: true
Fitness: Standardized=0.12500192 Adjusted=0.8888874 Hits=8
Tree 0:
digraph g {
node [shape=rectangle];
n[label = "If_Then"];
n0[label = "If_Then_Else"];
n00[label = "If_Then_Else"];
n000[label = "NearestInsertion"];
n00 -> n000;
n001[label = "FarthestInsertion"];
n00 -> n001;
n002[label = "While"];
n0020[label = "BestMove"];
n002 -> n0020;
n0021[label = "FarthestNeighbor"];
n002 -> n0021;
n00 -> n002;
n0 -> n00;
n01[label = "FarthestInsertion"];
n0 -> n01;
n02[label = "If_Then_Else"];
n020[label = "NearestInsertion"];
n02 -> n020;
n021[label = "FarthestInsertion"];
n02 -> n021;
n022[label = "While"];
n0220[label = "BestMove"];
n022 -> n0220;
n0221[label = "FarthestNeighbor"];
n022 -> n0221;
n02 -> n022;
n0 -> n02;
n -> n0;
n1[label = "If_Then"];
n10[label = "FarthestInsertion"];
n1 -> n10;
n11[label = "If_Then"];
n110[label = "FarthestInsertion"];
n11 -> n110;
n111[label = "While"];
n1110[label = "BestMove"];
n111 -> n1110;
n1111[label = "CplexTerminal"];
n111 -> n1111;
n11 -> n111;
n1 -> n11;
n -> n1;
}


Generation: 87
Best Individual:
Subpopulation 0:
Evaluated: true
Fitness: Standardized=0.12500192 Adjusted=0.8888874 Hits=8
Tree 0:
digraph g {
node [shape=rectangle];
n[label = "If_Then"];
n0[label = "If_Then_Else"];
n00[label = "If_Then_Else"];
n000[label = "NearestInsertion"];
n00 -> n000;
n001[label = "FarthestInsertion"];
n00 -> n001;
n002[label = "While"];
n0020[label = "BestMove"];
n002 -> n0020;
n0021[label = "FarthestNeighbor"];
n002 -> n0021;
n00 -> n002;
n0 -> n00;
n01[label = "FarthestInsertion"];
n0 -> n01;
n02[label = "If_Then_Else"];
n020[label = "NearestInsertion"];
n02 -> n020;
n021[label = "FarthestInsertion"];
n02 -> n021;
n022[label = "While"];
n0220[label = "BestMove"];
n022 -> n0220;
n0221[label = "FarthestNeighbor"];
n022 -> n0221;
n02 -> n022;
n0 -> n02;
n -> n0;
n1[label = "If_Then"];
n10[label = "FarthestInsertion"];
n1 -> n10;
n11[label = "If_Then"];
n110[label = "FarthestInsertion"];
n11 -> n110;
n111[label = "While"];
n1110[label = "BestMove"];
n111 -> n1110;
n1111[label = "CplexTerminal"];
n111 -> n1111;
n11 -> n111;
n1 -> n11;
n -> n1;
}


Generation: 88
Best Individual:
Subpopulation 0:
Evaluated: true
Fitness: Standardized=0.12500192 Adjusted=0.8888874 Hits=8
Tree 0:
digraph g {
node [shape=rectangle];
n[label = "If_Then"];
n0[label = "If_Then_Else"];
n00[label = "If_Then_Else"];
n000[label = "NearestInsertion"];
n00 -> n000;
n001[label = "FarthestInsertion"];
n00 -> n001;
n002[label = "While"];
n0020[label = "BestMove"];
n002 -> n0020;
n0021[label = "FarthestNeighbor"];
n002 -> n0021;
n00 -> n002;
n0 -> n00;
n01[label = "FarthestInsertion"];
n0 -> n01;
n02[label = "If_Then_Else"];
n020[label = "NearestInsertion"];
n02 -> n020;
n021[label = "FarthestInsertion"];
n02 -> n021;
n022[label = "While"];
n0220[label = "BestMove"];
n022 -> n0220;
n0221[label = "FarthestNeighbor"];
n022 -> n0221;
n02 -> n022;
n0 -> n02;
n -> n0;
n1[label = "If_Then"];
n10[label = "FarthestInsertion"];
n1 -> n10;
n11[label = "If_Then"];
n110[label = "FarthestInsertion"];
n11 -> n110;
n111[label = "While"];
n1110[label = "BestMove"];
n111 -> n1110;
n1111[label = "CplexTerminal"];
n111 -> n1111;
n11 -> n111;
n1 -> n11;
n -> n1;
}


Generation: 89
Best Individual:
Subpopulation 0:
Evaluated: true
Fitness: Standardized=0.11617022 Adjusted=0.89592075 Hits=8
Tree 0:
digraph g {
node [shape=rectangle];
n[label = "If_Then"];
n0[label = "If_Then_Else"];
n00[label = "If_Then_Else"];
n000[label = "NearestInsertion"];
n00 -> n000;
n001[label = "FarthestInsertion"];
n00 -> n001;
n002[label = "While"];
n0020[label = "BestMove"];
n002 -> n0020;
n0021[label = "FarthestNeighbor"];
n002 -> n0021;
n00 -> n002;
n0 -> n00;
n01[label = "FarthestInsertion"];
n0 -> n01;
n02[label = "If_Then_Else"];
n020[label = "NearestInsertion"];
n02 -> n020;
n021[label = "FarthestInsertion"];
n02 -> n021;
n022[label = "While"];
n0220[label = "BestMove"];
n022 -> n0220;
n0221[label = "FarthestNeighbor"];
n022 -> n0221;
n02 -> n022;
n0 -> n02;
n -> n0;
n1[label = "If_Then"];
n10[label = "FarthestInsertion"];
n1 -> n10;
n11[label = "If_Then"];
n110[label = "FarthestInsertion"];
n11 -> n110;
n111[label = "While"];
n1110[label = "BestMove"];
n111 -> n1110;
n1111[label = "CplexTerminal"];
n111 -> n1111;
n11 -> n111;
n1 -> n11;
n -> n1;
}


Generation: 90
Best Individual:
Subpopulation 0:
Evaluated: true
Fitness: Standardized=0.11617022 Adjusted=0.89592075 Hits=8
Tree 0:
digraph g {
node [shape=rectangle];
n[label = "If_Then"];
n0[label = "If_Then_Else"];
n00[label = "If_Then_Else"];
n000[label = "NearestInsertion"];
n00 -> n000;
n001[label = "FarthestInsertion"];
n00 -> n001;
n002[label = "While"];
n0020[label = "BestMove"];
n002 -> n0020;
n0021[label = "FarthestNeighbor"];
n002 -> n0021;
n00 -> n002;
n0 -> n00;
n01[label = "FarthestInsertion"];
n0 -> n01;
n02[label = "If_Then_Else"];
n020[label = "NearestInsertion"];
n02 -> n020;
n021[label = "FarthestInsertion"];
n02 -> n021;
n022[label = "While"];
n0220[label = "BestMove"];
n022 -> n0220;
n0221[label = "FarthestNeighbor"];
n022 -> n0221;
n02 -> n022;
n0 -> n02;
n -> n0;
n1[label = "If_Then"];
n10[label = "FarthestInsertion"];
n1 -> n10;
n11[label = "If_Then"];
n110[label = "FarthestInsertion"];
n11 -> n110;
n111[label = "While"];
n1110[label = "BestMove"];
n111 -> n1110;
n1111[label = "CplexTerminal"];
n111 -> n1111;
n11 -> n111;
n1 -> n11;
n -> n1;
}


Generation: 91
Best Individual:
Subpopulation 0:
Evaluated: true
Fitness: Standardized=0.11617022 Adjusted=0.89592075 Hits=8
Tree 0:
digraph g {
node [shape=rectangle];
n[label = "If_Then"];
n0[label = "If_Then_Else"];
n00[label = "If_Then_Else"];
n000[label = "NearestInsertion"];
n00 -> n000;
n001[label = "FarthestInsertion"];
n00 -> n001;
n002[label = "While"];
n0020[label = "BestMove"];
n002 -> n0020;
n0021[label = "FarthestNeighbor"];
n002 -> n0021;
n00 -> n002;
n0 -> n00;
n01[label = "FarthestInsertion"];
n0 -> n01;
n02[label = "If_Then_Else"];
n020[label = "NearestInsertion"];
n02 -> n020;
n021[label = "FarthestInsertion"];
n02 -> n021;
n022[label = "While"];
n0220[label = "BestMove"];
n022 -> n0220;
n0221[label = "FarthestNeighbor"];
n022 -> n0221;
n02 -> n022;
n0 -> n02;
n -> n0;
n1[label = "If_Then"];
n10[label = "FarthestInsertion"];
n1 -> n10;
n11[label = "If_Then"];
n110[label = "FarthestInsertion"];
n11 -> n110;
n111[label = "While"];
n1110[label = "BestMove"];
n111 -> n1110;
n1111[label = "CplexTerminal"];
n111 -> n1111;
n11 -> n111;
n1 -> n11;
n -> n1;
}


Generation: 92
Best Individual:
Subpopulation 0:
Evaluated: true
Fitness: Standardized=0.11617022 Adjusted=0.89592075 Hits=8
Tree 0:
digraph g {
node [shape=rectangle];
n[label = "If_Then"];
n0[label = "If_Then_Else"];
n00[label = "If_Then_Else"];
n000[label = "NearestInsertion"];
n00 -> n000;
n001[label = "FarthestInsertion"];
n00 -> n001;
n002[label = "While"];
n0020[label = "BestMove"];
n002 -> n0020;
n0021[label = "FarthestNeighbor"];
n002 -> n0021;
n00 -> n002;
n0 -> n00;
n01[label = "FarthestInsertion"];
n0 -> n01;
n02[label = "If_Then_Else"];
n020[label = "NearestInsertion"];
n02 -> n020;
n021[label = "FarthestInsertion"];
n02 -> n021;
n022[label = "While"];
n0220[label = "BestMove"];
n022 -> n0220;
n0221[label = "FarthestNeighbor"];
n022 -> n0221;
n02 -> n022;
n0 -> n02;
n -> n0;
n1[label = "If_Then"];
n10[label = "FarthestInsertion"];
n1 -> n10;
n11[label = "If_Then"];
n110[label = "FarthestInsertion"];
n11 -> n110;
n111[label = "While"];
n1110[label = "BestMove"];
n111 -> n1110;
n1111[label = "CplexTerminal"];
n111 -> n1111;
n11 -> n111;
n1 -> n11;
n -> n1;
}


Generation: 93
Best Individual:
Subpopulation 0:
Evaluated: true
Fitness: Standardized=0.11617022 Adjusted=0.89592075 Hits=8
Tree 0:
digraph g {
node [shape=rectangle];
n[label = "If_Then"];
n0[label = "If_Then_Else"];
n00[label = "If_Then_Else"];
n000[label = "NearestInsertion"];
n00 -> n000;
n001[label = "FarthestInsertion"];
n00 -> n001;
n002[label = "While"];
n0020[label = "BestMove"];
n002 -> n0020;
n0021[label = "FarthestNeighbor"];
n002 -> n0021;
n00 -> n002;
n0 -> n00;
n01[label = "FarthestInsertion"];
n0 -> n01;
n02[label = "If_Then_Else"];
n020[label = "NearestInsertion"];
n02 -> n020;
n021[label = "FarthestInsertion"];
n02 -> n021;
n022[label = "While"];
n0220[label = "BestMove"];
n022 -> n0220;
n0221[label = "FarthestNeighbor"];
n022 -> n0221;
n02 -> n022;
n0 -> n02;
n -> n0;
n1[label = "If_Then"];
n10[label = "FarthestInsertion"];
n1 -> n10;
n11[label = "If_Then"];
n110[label = "FarthestInsertion"];
n11 -> n110;
n111[label = "While"];
n1110[label = "BestMove"];
n111 -> n1110;
n1111[label = "CplexTerminal"];
n111 -> n1111;
n11 -> n111;
n1 -> n11;
n -> n1;
}


Generation: 94
Best Individual:
Subpopulation 0:
Evaluated: true
Fitness: Standardized=0.11617022 Adjusted=0.89592075 Hits=8
Tree 0:
digraph g {
node [shape=rectangle];
n[label = "If_Then"];
n0[label = "If_Then_Else"];
n00[label = "If_Then_Else"];
n000[label = "NearestInsertion"];
n00 -> n000;
n001[label = "FarthestInsertion"];
n00 -> n001;
n002[label = "While"];
n0020[label = "BestMove"];
n002 -> n0020;
n0021[label = "FarthestNeighbor"];
n002 -> n0021;
n00 -> n002;
n0 -> n00;
n01[label = "FarthestInsertion"];
n0 -> n01;
n02[label = "If_Then_Else"];
n020[label = "NearestInsertion"];
n02 -> n020;
n021[label = "FarthestInsertion"];
n02 -> n021;
n022[label = "While"];
n0220[label = "BestMove"];
n022 -> n0220;
n0221[label = "FarthestNeighbor"];
n022 -> n0221;
n02 -> n022;
n0 -> n02;
n -> n0;
n1[label = "If_Then"];
n10[label = "FarthestInsertion"];
n1 -> n10;
n11[label = "If_Then"];
n110[label = "FarthestInsertion"];
n11 -> n110;
n111[label = "While"];
n1110[label = "BestMove"];
n111 -> n1110;
n1111[label = "CplexTerminal"];
n111 -> n1111;
n11 -> n111;
n1 -> n11;
n -> n1;
}


Generation: 95
Best Individual:
Subpopulation 0:
Evaluated: true
Fitness: Standardized=0.11617022 Adjusted=0.89592075 Hits=8
Tree 0:
digraph g {
node [shape=rectangle];
n[label = "If_Then"];
n0[label = "If_Then_Else"];
n00[label = "If_Then_Else"];
n000[label = "NearestInsertion"];
n00 -> n000;
n001[label = "FarthestInsertion"];
n00 -> n001;
n002[label = "While"];
n0020[label = "BestMove"];
n002 -> n0020;
n0021[label = "FarthestNeighbor"];
n002 -> n0021;
n00 -> n002;
n0 -> n00;
n01[label = "FarthestInsertion"];
n0 -> n01;
n02[label = "If_Then_Else"];
n020[label = "NearestInsertion"];
n02 -> n020;
n021[label = "FarthestInsertion"];
n02 -> n021;
n022[label = "While"];
n0220[label = "BestMove"];
n022 -> n0220;
n0221[label = "FarthestNeighbor"];
n022 -> n0221;
n02 -> n022;
n0 -> n02;
n -> n0;
n1[label = "If_Then"];
n10[label = "FarthestInsertion"];
n1 -> n10;
n11[label = "If_Then"];
n110[label = "FarthestInsertion"];
n11 -> n110;
n111[label = "While"];
n1110[label = "BestMove"];
n111 -> n1110;
n1111[label = "CplexTerminal"];
n111 -> n1111;
n11 -> n111;
n1 -> n11;
n -> n1;
}


Generation: 96
Best Individual:
Subpopulation 0:
Evaluated: true
Fitness: Standardized=0.11617022 Adjusted=0.89592075 Hits=8
Tree 0:
digraph g {
node [shape=rectangle];
n[label = "If_Then"];
n0[label = "If_Then_Else"];
n00[label = "If_Then_Else"];
n000[label = "NearestInsertion"];
n00 -> n000;
n001[label = "FarthestInsertion"];
n00 -> n001;
n002[label = "While"];
n0020[label = "BestMove"];
n002 -> n0020;
n0021[label = "FarthestNeighbor"];
n002 -> n0021;
n00 -> n002;
n0 -> n00;
n01[label = "FarthestInsertion"];
n0 -> n01;
n02[label = "If_Then_Else"];
n020[label = "NearestInsertion"];
n02 -> n020;
n021[label = "FarthestInsertion"];
n02 -> n021;
n022[label = "While"];
n0220[label = "BestMove"];
n022 -> n0220;
n0221[label = "FarthestNeighbor"];
n022 -> n0221;
n02 -> n022;
n0 -> n02;
n -> n0;
n1[label = "If_Then"];
n10[label = "FarthestInsertion"];
n1 -> n10;
n11[label = "If_Then"];
n110[label = "FarthestInsertion"];
n11 -> n110;
n111[label = "While"];
n1110[label = "BestMove"];
n111 -> n1110;
n1111[label = "CplexTerminal"];
n111 -> n1111;
n11 -> n111;
n1 -> n11;
n -> n1;
}


Generation: 97
Best Individual:
Subpopulation 0:
Evaluated: true
Fitness: Standardized=0.11617022 Adjusted=0.89592075 Hits=8
Tree 0:
digraph g {
node [shape=rectangle];
n[label = "If_Then"];
n0[label = "If_Then_Else"];
n00[label = "If_Then_Else"];
n000[label = "NearestInsertion"];
n00 -> n000;
n001[label = "FarthestInsertion"];
n00 -> n001;
n002[label = "While"];
n0020[label = "BestMove"];
n002 -> n0020;
n0021[label = "FarthestNeighbor"];
n002 -> n0021;
n00 -> n002;
n0 -> n00;
n01[label = "FarthestInsertion"];
n0 -> n01;
n02[label = "If_Then_Else"];
n020[label = "NearestInsertion"];
n02 -> n020;
n021[label = "FarthestInsertion"];
n02 -> n021;
n022[label = "While"];
n0220[label = "BestMove"];
n022 -> n0220;
n0221[label = "FarthestNeighbor"];
n022 -> n0221;
n02 -> n022;
n0 -> n02;
n -> n0;
n1[label = "If_Then"];
n10[label = "FarthestInsertion"];
n1 -> n10;
n11[label = "If_Then"];
n110[label = "FarthestInsertion"];
n11 -> n110;
n111[label = "While"];
n1110[label = "BestMove"];
n111 -> n1110;
n1111[label = "CplexTerminal"];
n111 -> n1111;
n11 -> n111;
n1 -> n11;
n -> n1;
}


Generation: 98
Best Individual:
Subpopulation 0:
Evaluated: true
Fitness: Standardized=0.11617022 Adjusted=0.89592075 Hits=8
Tree 0:
digraph g {
node [shape=rectangle];
n[label = "If_Then"];
n0[label = "If_Then_Else"];
n00[label = "If_Then_Else"];
n000[label = "NearestInsertion"];
n00 -> n000;
n001[label = "FarthestInsertion"];
n00 -> n001;
n002[label = "While"];
n0020[label = "BestMove"];
n002 -> n0020;
n0021[label = "FarthestNeighbor"];
n002 -> n0021;
n00 -> n002;
n0 -> n00;
n01[label = "FarthestInsertion"];
n0 -> n01;
n02[label = "If_Then_Else"];
n020[label = "NearestInsertion"];
n02 -> n020;
n021[label = "FarthestInsertion"];
n02 -> n021;
n022[label = "While"];
n0220[label = "BestMove"];
n022 -> n0220;
n0221[label = "FarthestNeighbor"];
n022 -> n0221;
n02 -> n022;
n0 -> n02;
n -> n0;
n1[label = "If_Then"];
n10[label = "FarthestInsertion"];
n1 -> n10;
n11[label = "If_Then"];
n110[label = "FarthestInsertion"];
n11 -> n110;
n111[label = "While"];
n1110[label = "BestMove"];
n111 -> n1110;
n1111[label = "CplexTerminal"];
n111 -> n1111;
n11 -> n111;
n1 -> n11;
n -> n1;
}


Generation: 99
Best Individual:
Subpopulation 0:
Evaluated: true
Fitness: Standardized=0.11617022 Adjusted=0.89592075 Hits=8
Tree 0:
digraph g {
node [shape=rectangle];
n[label = "If_Then"];
n0[label = "If_Then_Else"];
n00[label = "If_Then_Else"];
n000[label = "NearestInsertion"];
n00 -> n000;
n001[label = "FarthestInsertion"];
n00 -> n001;
n002[label = "While"];
n0020[label = "BestMove"];
n002 -> n0020;
n0021[label = "FarthestNeighbor"];
n002 -> n0021;
n00 -> n002;
n0 -> n00;
n01[label = "FarthestInsertion"];
n0 -> n01;
n02[label = "If_Then_Else"];
n020[label = "NearestInsertion"];
n02 -> n020;
n021[label = "FarthestInsertion"];
n02 -> n021;
n022[label = "While"];
n0220[label = "BestMove"];
n022 -> n0220;
n0221[label = "FarthestNeighbor"];
n022 -> n0221;
n02 -> n022;
n0 -> n02;
n -> n0;
n1[label = "If_Then"];
n10[label = "FarthestInsertion"];
n1 -> n10;
n11[label = "If_Then"];
n110[label = "FarthestInsertion"];
n11 -> n110;
n111[label = "While"];
n1110[label = "BestMove"];
n111 -> n1110;
n1111[label = "CplexTerminal"];
n111 -> n1111;
n11 -> n111;
n1 -> n11;
n -> n1;
}


Best Individual of Run:
Subpopulation 0:
Evaluated: true
Fitness: Standardized=0.11617022 Adjusted=0.89592075 Hits=8
Tree 0:
digraph g {
node [shape=rectangle];
n[label = "If_Then"];
n0[label = "If_Then_Else"];
n00[label = "If_Then_Else"];
n000[label = "NearestInsertion"];
n00 -> n000;
n001[label = "FarthestInsertion"];
n00 -> n001;
n002[label = "While"];
n0020[label = "BestMove"];
n002 -> n0020;
n0021[label = "FarthestNeighbor"];
n002 -> n0021;
n00 -> n002;
n0 -> n00;
n01[label = "FarthestInsertion"];
n0 -> n01;
n02[label = "If_Then_Else"];
n020[label = "NearestInsertion"];
n02 -> n020;
n021[label = "FarthestInsertion"];
n02 -> n021;
n022[label = "While"];
n0220[label = "BestMove"];
n022 -> n0220;
n0221[label = "FarthestNeighbor"];
n022 -> n0221;
n02 -> n022;
n0 -> n02;
n -> n0;
n1[label = "If_Then"];
n10[label = "FarthestInsertion"];
n1 -> n10;
n11[label = "If_Then"];
n110[label = "FarthestInsertion"];
n11 -> n110;
n111[label = "While"];
n1110[label = "BestMove"];
n111 -> n1110;
n1111[label = "CplexTerminal"];
n111 -> n1111;
n11 -> n111;
n1 -> n11;
n -> n1;
}

