
Generation: 0
Best Individual:
Subpopulation 0:
Evaluated: true
Fitness: Standardized=0.60754216 Adjusted=0.6220677 Hits=0
Tree 0:
digraph g {
node [shape=rectangle];
n[label = "If_Then"];
n0[label = "FarthestFirstNode"];
n -> n0;
n1[label = "FarthestInsertion"];
n -> n1;
}


Generation: 1
Best Individual:
Subpopulation 0:
Evaluated: true
Fitness: Standardized=0.60754216 Adjusted=0.6220677 Hits=0
Tree 0:
digraph g {
node [shape=rectangle];
n[label = "If_Then"];
n0[label = "FarthestFirstNode"];
n -> n0;
n1[label = "FarthestInsertion"];
n -> n1;
}


Generation: 2
Best Individual:
Subpopulation 0:
Evaluated: true
Fitness: Standardized=0.34765714 Adjusted=0.7420285 Hits=0
Tree 0:
digraph g {
node [shape=rectangle];
n[label = "If_Then_Else"];
n0[label = "If_Then"];
n00[label = "Equal"];
n000[label = "FarthestFirstNode"];
n00 -> n000;
n001[label = "NearestNeighbor"];
n00 -> n001;
n0 -> n00;
n01[label = "And"];
n010[label = "WorstMove"];
n01 -> n010;
n011[label = "WorstMove"];
n01 -> n011;
n0 -> n01;
n -> n0;
n1[label = "And"];
n10[label = "If_Then"];
n100[label = "FarthestFirstNode"];
n10 -> n100;
n101[label = "FarthestInsertion"];
n10 -> n101;
n1 -> n10;
n11[label = "Or"];
n110[label = "WorstMove"];
n11 -> n110;
n111[label = "BestMove"];
n11 -> n111;
n1 -> n11;
n -> n1;
n2[label = "And"];
n20[label = "Equal"];
n200[label = "CplexTerminal"];
n20 -> n200;
n201[label = "NearestInsertion"];
n20 -> n201;
n2 -> n20;
n21[label = "Or"];
n210[label = "WorstMove"];
n21 -> n210;
n211[label = "FarthestFirstNode"];
n21 -> n211;
n2 -> n21;
n -> n2;
}


Generation: 3
Best Individual:
Subpopulation 0:
Evaluated: true
Fitness: Standardized=0.30623427 Adjusted=0.7655595 Hits=0
Tree 0:
digraph g {
node [shape=rectangle];
n[label = "If_Then"];
n0[label = "If_Then"];
n00[label = "FarthestFirstNode"];
n0 -> n00;
n01[label = "FarthestInsertion"];
n0 -> n01;
n -> n0;
n1[label = "If_Then"];
n10[label = "FarthestFirstNode"];
n1 -> n10;
n11[label = "FarthestInsertion"];
n1 -> n11;
n -> n1;
}


Generation: 4
Best Individual:
Subpopulation 0:
Evaluated: true
Fitness: Standardized=0.29137537 Adjusted=0.77436817 Hits=0
Tree 0:
digraph g {
node [shape=rectangle];
n[label = "If_Then_Else"];
n0[label = "If_Then"];
n00[label = "Equal"];
n000[label = "FarthestFirstNode"];
n00 -> n000;
n001[label = "NearestNeighbor"];
n00 -> n001;
n0 -> n00;
n01[label = "And"];
n010[label = "WorstMove"];
n01 -> n010;
n011[label = "WorstMove"];
n01 -> n011;
n0 -> n01;
n -> n0;
n1[label = "And"];
n10[label = "If_Then"];
n100[label = "FarthestFirstNode"];
n10 -> n100;
n101[label = "If_Then"];
n1010[label = "FarthestFirstNode"];
n101 -> n1010;
n1011[label = "FarthestInsertion"];
n101 -> n1011;
n10 -> n101;
n1 -> n10;
n11[label = "Or"];
n110[label = "WorstMove"];
n11 -> n110;
n111[label = "BestMove"];
n11 -> n111;
n1 -> n11;
n -> n1;
n2[label = "And"];
n20[label = "Equal"];
n200[label = "CplexTerminal"];
n20 -> n200;
n201[label = "NearestInsertion"];
n20 -> n201;
n2 -> n20;
n21[label = "If_Then"];
n210[label = "Equal"];
n2100[label = "FarthestFirstNode"];
n210 -> n2100;
n2101[label = "NearestNeighbor"];
n210 -> n2101;
n21 -> n210;
n211[label = "And"];
n2110[label = "WorstMove"];
n211 -> n2110;
n2111[label = "WorstMove"];
n211 -> n2111;
n21 -> n211;
n2 -> n21;
n -> n2;
}


Generation: 5
Best Individual:
Subpopulation 0:
Evaluated: true
Fitness: Standardized=0.29137537 Adjusted=0.77436817 Hits=0
Tree 0:
digraph g {
node [shape=rectangle];
n[label = "If_Then_Else"];
n0[label = "If_Then"];
n00[label = "Equal"];
n000[label = "FarthestFirstNode"];
n00 -> n000;
n001[label = "NearestNeighbor"];
n00 -> n001;
n0 -> n00;
n01[label = "FarthestFirstNode"];
n0 -> n01;
n -> n0;
n1[label = "And"];
n10[label = "If_Then"];
n100[label = "FarthestFirstNode"];
n10 -> n100;
n101[label = "FarthestInsertion"];
n10 -> n101;
n1 -> n10;
n11[label = "Or"];
n110[label = "WorstMove"];
n11 -> n110;
n111[label = "BestMove"];
n11 -> n111;
n1 -> n11;
n -> n1;
n2[label = "And"];
n20[label = "Equal"];
n200[label = "CplexTerminal"];
n20 -> n200;
n201[label = "NearestInsertion"];
n20 -> n201;
n2 -> n20;
n21[label = "Or"];
n210[label = "WorstMove"];
n21 -> n210;
n211[label = "If_Then"];
n2110[label = "FarthestFirstNode"];
n211 -> n2110;
n2111[label = "FarthestInsertion"];
n211 -> n2111;
n21 -> n211;
n2 -> n21;
n -> n2;
}


Generation: 6
Best Individual:
Subpopulation 0:
Evaluated: true
Fitness: Standardized=0.29137537 Adjusted=0.77436817 Hits=0
Tree 0:
digraph g {
node [shape=rectangle];
n[label = "If_Then_Else"];
n0[label = "If_Then"];
n00[label = "Equal"];
n000[label = "FarthestFirstNode"];
n00 -> n000;
n001[label = "NearestNeighbor"];
n00 -> n001;
n0 -> n00;
n01[label = "FarthestFirstNode"];
n0 -> n01;
n -> n0;
n1[label = "If_Then"];
n10[label = "If_Then"];
n100[label = "FarthestFirstNode"];
n10 -> n100;
n101[label = "FarthestInsertion"];
n10 -> n101;
n1 -> n10;
n11[label = "Or"];
n110[label = "WorstMove"];
n11 -> n110;
n111[label = "BestMove"];
n11 -> n111;
n1 -> n11;
n -> n1;
n2[label = "And"];
n20[label = "Equal"];
n200[label = "CplexTerminal"];
n20 -> n200;
n201[label = "NearestInsertion"];
n20 -> n201;
n2 -> n20;
n21[label = "Or"];
n210[label = "WorstMove"];
n21 -> n210;
n211[label = "FarthestFirstNode"];
n21 -> n211;
n2 -> n21;
n -> n2;
}


Generation: 7
Best Individual:
Subpopulation 0:
Evaluated: true
Fitness: Standardized=0.29137537 Adjusted=0.77436817 Hits=0
Tree 0:
digraph g {
node [shape=rectangle];
n[label = "If_Then_Else"];
n0[label = "If_Then"];
n00[label = "Equal"];
n000[label = "FarthestFirstNode"];
n00 -> n000;
n001[label = "NearestNeighbor"];
n00 -> n001;
n0 -> n00;
n01[label = "FarthestFirstNode"];
n0 -> n01;
n -> n0;
n1[label = "And"];
n10[label = "If_Then"];
n100[label = "FarthestFirstNode"];
n10 -> n100;
n101[label = "FarthestInsertion"];
n10 -> n101;
n1 -> n10;
n11[label = "Or"];
n110[label = "WorstMove"];
n11 -> n110;
n111[label = "BestMove"];
n11 -> n111;
n1 -> n11;
n -> n1;
n2[label = "NearestFirstNode"];
n -> n2;
}


Generation: 8
Best Individual:
Subpopulation 0:
Evaluated: true
Fitness: Standardized=0.29137537 Adjusted=0.77436817 Hits=0
Tree 0:
digraph g {
node [shape=rectangle];
n[label = "If_Then_Else"];
n0[label = "If_Then"];
n00[label = "Equal"];
n000[label = "FarthestFirstNode"];
n00 -> n000;
n001[label = "NearestNeighbor"];
n00 -> n001;
n0 -> n00;
n01[label = "And"];
n010[label = "WorstMove"];
n01 -> n010;
n011[label = "Equal"];
n0110[label = "CplexTerminal"];
n011 -> n0110;
n0111[label = "NearestInsertion"];
n011 -> n0111;
n01 -> n011;
n0 -> n01;
n -> n0;
n1[label = "And"];
n10[label = "If_Then"];
n100[label = "FarthestFirstNode"];
n10 -> n100;
n101[label = "If_Then"];
n1010[label = "FarthestFirstNode"];
n101 -> n1010;
n1011[label = "FarthestInsertion"];
n101 -> n1011;
n10 -> n101;
n1 -> n10;
n11[label = "Or"];
n110[label = "WorstMove"];
n11 -> n110;
n111[label = "BestMove"];
n11 -> n111;
n1 -> n11;
n -> n1;
n2[label = "And"];
n20[label = "Equal"];
n200[label = "CplexTerminal"];
n20 -> n200;
n201[label = "NearestInsertion"];
n20 -> n201;
n2 -> n20;
n21[label = "If_Then"];
n210[label = "If_Then"];
n2100[label = "FarthestFirstNode"];
n210 -> n2100;
n2101[label = "FarthestInsertion"];
n210 -> n2101;
n21 -> n210;
n211[label = "And"];
n2110[label = "WorstMove"];
n211 -> n2110;
n2111[label = "WorstMove"];
n211 -> n2111;
n21 -> n211;
n2 -> n21;
n -> n2;
}


Generation: 9
Best Individual:
Subpopulation 0:
Evaluated: true
Fitness: Standardized=0.29137537 Adjusted=0.77436817 Hits=0
Tree 0:
digraph g {
node [shape=rectangle];
n[label = "If_Then_Else"];
n0[label = "If_Then"];
n00[label = "Equal"];
n000[label = "FarthestFirstNode"];
n00 -> n000;
n001[label = "NearestNeighbor"];
n00 -> n001;
n0 -> n00;
n01[label = "FarthestFirstNode"];
n0 -> n01;
n -> n0;
n1[label = "And"];
n10[label = "If_Then"];
n100[label = "FarthestFirstNode"];
n10 -> n100;
n101[label = "FarthestInsertion"];
n10 -> n101;
n1 -> n10;
n11[label = "Or"];
n110[label = "WorstMove"];
n11 -> n110;
n111[label = "Equal"];
n1110[label = "FarthestFirstNode"];
n111 -> n1110;
n1111[label = "NearestNeighbor"];
n111 -> n1111;
n11 -> n111;
n1 -> n11;
n -> n1;
n2[label = "And"];
n20[label = "Equal"];
n200[label = "CplexTerminal"];
n20 -> n200;
n201[label = "NearestInsertion"];
n20 -> n201;
n2 -> n20;
n21[label = "Or"];
n210[label = "WorstMove"];
n21 -> n210;
n211[label = "If_Then"];
n2110[label = "FarthestFirstNode"];
n211 -> n2110;
n2111[label = "FarthestInsertion"];
n211 -> n2111;
n21 -> n211;
n2 -> n21;
n -> n2;
}


Generation: 10
Best Individual:
Subpopulation 0:
Evaluated: true
Fitness: Standardized=0.29137537 Adjusted=0.77436817 Hits=0
Tree 0:
digraph g {
node [shape=rectangle];
n[label = "If_Then_Else"];
n0[label = "If_Then"];
n00[label = "Equal"];
n000[label = "FarthestFirstNode"];
n00 -> n000;
n001[label = "NearestNeighbor"];
n00 -> n001;
n0 -> n00;
n01[label = "And"];
n010[label = "WorstMove"];
n01 -> n010;
n011[label = "WorstMove"];
n01 -> n011;
n0 -> n01;
n -> n0;
n1[label = "And"];
n10[label = "If_Then"];
n100[label = "FarthestFirstNode"];
n10 -> n100;
n101[label = "If_Then"];
n1010[label = "FarthestFirstNode"];
n101 -> n1010;
n1011[label = "FarthestInsertion"];
n101 -> n1011;
n10 -> n101;
n1 -> n10;
n11[label = "Or"];
n110[label = "WorstMove"];
n11 -> n110;
n111[label = "BestMove"];
n11 -> n111;
n1 -> n11;
n -> n1;
n2[label = "And"];
n20[label = "Equal"];
n200[label = "CplexTerminal"];
n20 -> n200;
n201[label = "NearestInsertion"];
n20 -> n201;
n2 -> n20;
n21[label = "If_Then"];
n210[label = "If_Then"];
n2100[label = "FarthestFirstNode"];
n210 -> n2100;
n2101[label = "FarthestInsertion"];
n210 -> n2101;
n21 -> n210;
n211[label = "And"];
n2110[label = "WorstMove"];
n211 -> n2110;
n2111[label = "WorstMove"];
n211 -> n2111;
n21 -> n211;
n2 -> n21;
n -> n2;
}


Generation: 11
Best Individual:
Subpopulation 0:
Evaluated: true
Fitness: Standardized=0.29137537 Adjusted=0.77436817 Hits=0
Tree 0:
digraph g {
node [shape=rectangle];
n[label = "If_Then_Else"];
n0[label = "If_Then"];
n00[label = "Equal"];
n000[label = "FarthestFirstNode"];
n00 -> n000;
n001[label = "NearestNeighbor"];
n00 -> n001;
n0 -> n00;
n01[label = "And"];
n010[label = "WorstMove"];
n01 -> n010;
n011[label = "WorstMove"];
n01 -> n011;
n0 -> n01;
n -> n0;
n1[label = "And"];
n10[label = "If_Then"];
n100[label = "FarthestFirstNode"];
n10 -> n100;
n101[label = "If_Then"];
n1010[label = "FarthestFirstNode"];
n101 -> n1010;
n1011[label = "FarthestInsertion"];
n101 -> n1011;
n10 -> n101;
n1 -> n10;
n11[label = "Or"];
n110[label = "WorstMove"];
n11 -> n110;
n111[label = "BestMove"];
n11 -> n111;
n1 -> n11;
n -> n1;
n2[label = "And"];
n20[label = "Equal"];
n200[label = "CplexTerminal"];
n20 -> n200;
n201[label = "NearestInsertion"];
n20 -> n201;
n2 -> n20;
n21[label = "If_Then"];
n210[label = "If_Then"];
n2100[label = "FarthestFirstNode"];
n210 -> n2100;
n2101[label = "FarthestInsertion"];
n210 -> n2101;
n21 -> n210;
n211[label = "And"];
n2110[label = "WorstMove"];
n211 -> n2110;
n2111[label = "WorstMove"];
n211 -> n2111;
n21 -> n211;
n2 -> n21;
n -> n2;
}


Generation: 12
Best Individual:
Subpopulation 0:
Evaluated: true
Fitness: Standardized=0.29137537 Adjusted=0.77436817 Hits=0
Tree 0:
digraph g {
node [shape=rectangle];
n[label = "If_Then_Else"];
n0[label = "If_Then"];
n00[label = "Equal"];
n000[label = "FarthestFirstNode"];
n00 -> n000;
n001[label = "NearestNeighbor"];
n00 -> n001;
n0 -> n00;
n01[label = "And"];
n010[label = "WorstMove"];
n01 -> n010;
n011[label = "WorstMove"];
n01 -> n011;
n0 -> n01;
n -> n0;
n1[label = "And"];
n10[label = "If_Then"];
n100[label = "FarthestFirstNode"];
n10 -> n100;
n101[label = "If_Then"];
n1010[label = "FarthestFirstNode"];
n101 -> n1010;
n1011[label = "FarthestInsertion"];
n101 -> n1011;
n10 -> n101;
n1 -> n10;
n11[label = "Or"];
n110[label = "WorstMove"];
n11 -> n110;
n111[label = "BestMove"];
n11 -> n111;
n1 -> n11;
n -> n1;
n2[label = "And"];
n20[label = "Equal"];
n200[label = "CplexTerminal"];
n20 -> n200;
n201[label = "NearestInsertion"];
n20 -> n201;
n2 -> n20;
n21[label = "If_Then"];
n210[label = "If_Then"];
n2100[label = "FarthestFirstNode"];
n210 -> n2100;
n2101[label = "FarthestInsertion"];
n210 -> n2101;
n21 -> n210;
n211[label = "NearestInsertion"];
n21 -> n211;
n2 -> n21;
n -> n2;
}


Generation: 13
Best Individual:
Subpopulation 0:
Evaluated: true
Fitness: Standardized=0.29137537 Adjusted=0.77436817 Hits=0
Tree 0:
digraph g {
node [shape=rectangle];
n[label = "If_Then_Else"];
n0[label = "If_Then"];
n00[label = "Equal"];
n000[label = "FarthestFirstNode"];
n00 -> n000;
n001[label = "NearestNeighbor"];
n00 -> n001;
n0 -> n00;
n01[label = "And"];
n010[label = "WorstMove"];
n01 -> n010;
n011[label = "WorstMove"];
n01 -> n011;
n0 -> n01;
n -> n0;
n1[label = "And"];
n10[label = "If_Then"];
n100[label = "FarthestFirstNode"];
n10 -> n100;
n101[label = "If_Then"];
n1010[label = "FarthestFirstNode"];
n101 -> n1010;
n1011[label = "FarthestInsertion"];
n101 -> n1011;
n10 -> n101;
n1 -> n10;
n11[label = "Or"];
n110[label = "WorstMove"];
n11 -> n110;
n111[label = "BestMove"];
n11 -> n111;
n1 -> n11;
n -> n1;
n2[label = "And"];
n20[label = "Equal"];
n200[label = "CplexTerminal"];
n20 -> n200;
n201[label = "NearestInsertion"];
n20 -> n201;
n2 -> n20;
n21[label = "If_Then"];
n210[label = "If_Then"];
n2100[label = "FarthestFirstNode"];
n210 -> n2100;
n2101[label = "FarthestInsertion"];
n210 -> n2101;
n21 -> n210;
n211[label = "And"];
n2110[label = "WorstMove"];
n211 -> n2110;
n2111[label = "WorstMove"];
n211 -> n2111;
n21 -> n211;
n2 -> n21;
n -> n2;
}


Generation: 14
Best Individual:
Subpopulation 0:
Evaluated: true
Fitness: Standardized=0.29137537 Adjusted=0.77436817 Hits=0
Tree 0:
digraph g {
node [shape=rectangle];
n[label = "If_Then_Else"];
n0[label = "If_Then"];
n00[label = "Equal"];
n000[label = "FarthestFirstNode"];
n00 -> n000;
n001[label = "NearestNeighbor"];
n00 -> n001;
n0 -> n00;
n01[label = "FarthestFirstNode"];
n0 -> n01;
n -> n0;
n1[label = "And"];
n10[label = "If_Then"];
n100[label = "FarthestFirstNode"];
n10 -> n100;
n101[label = "FarthestInsertion"];
n10 -> n101;
n1 -> n10;
n11[label = "Or"];
n110[label = "WorstMove"];
n11 -> n110;
n111[label = "Equal"];
n1110[label = "FarthestFirstNode"];
n111 -> n1110;
n1111[label = "NearestNeighbor"];
n111 -> n1111;
n11 -> n111;
n1 -> n11;
n -> n1;
n2[label = "NearestInsertion"];
n -> n2;
}


Generation: 15
Best Individual:
Subpopulation 0:
Evaluated: true
Fitness: Standardized=0.29137537 Adjusted=0.77436817 Hits=0
Tree 0:
digraph g {
node [shape=rectangle];
n[label = "If_Then_Else"];
n0[label = "If_Then"];
n00[label = "Equal"];
n000[label = "FarthestFirstNode"];
n00 -> n000;
n001[label = "NearestNeighbor"];
n00 -> n001;
n0 -> n00;
n01[label = "And"];
n010[label = "WorstMove"];
n01 -> n010;
n011[label = "WorstMove"];
n01 -> n011;
n0 -> n01;
n -> n0;
n1[label = "And"];
n10[label = "If_Then"];
n100[label = "FarthestFirstNode"];
n10 -> n100;
n101[label = "If_Then"];
n1010[label = "FarthestFirstNode"];
n101 -> n1010;
n1011[label = "FarthestInsertion"];
n101 -> n1011;
n10 -> n101;
n1 -> n10;
n11[label = "WorstMove"];
n1 -> n11;
n -> n1;
n2[label = "If_Then"];
n20[label = "If_Then"];
n200[label = "FarthestFirstNode"];
n20 -> n200;
n201[label = "FarthestInsertion"];
n20 -> n201;
n2 -> n20;
n21[label = "NearestInsertion"];
n2 -> n21;
n -> n2;
}


Generation: 16
Best Individual:
Subpopulation 0:
Evaluated: true
Fitness: Standardized=0.29137537 Adjusted=0.77436817 Hits=0
Tree 0:
digraph g {
node [shape=rectangle];
n[label = "If_Then_Else"];
n0[label = "If_Then"];
n00[label = "Equal"];
n000[label = "FarthestFirstNode"];
n00 -> n000;
n001[label = "NearestNeighbor"];
n00 -> n001;
n0 -> n00;
n01[label = "And"];
n010[label = "WorstMove"];
n01 -> n010;
n011[label = "WorstMove"];
n01 -> n011;
n0 -> n01;
n -> n0;
n1[label = "And"];
n10[label = "If_Then"];
n100[label = "FarthestFirstNode"];
n10 -> n100;
n101[label = "If_Then"];
n1010[label = "FarthestFirstNode"];
n101 -> n1010;
n1011[label = "FarthestInsertion"];
n101 -> n1011;
n10 -> n101;
n1 -> n10;
n11[label = "Or"];
n110[label = "WorstMove"];
n11 -> n110;
n111[label = "BestMove"];
n11 -> n111;
n1 -> n11;
n -> n1;
n2[label = "And"];
n20[label = "Equal"];
n200[label = "Equal"];
n2000[label = "FarthestFirstNode"];
n200 -> n2000;
n2001[label = "NearestNeighbor"];
n200 -> n2001;
n20 -> n200;
n201[label = "NearestInsertion"];
n20 -> n201;
n2 -> n20;
n21[label = "WorstMove"];
n2 -> n21;
n -> n2;
}


Generation: 17
Best Individual:
Subpopulation 0:
Evaluated: true
Fitness: Standardized=0.28492916 Adjusted=0.778253 Hits=0
Tree 0:
digraph g {
node [shape=rectangle];
n[label = "If_Then_Else"];
n0[label = "If_Then"];
n00[label = "Equal"];
n000[label = "NearestInsertion"];
n00 -> n000;
n001[label = "NearestNeighbor"];
n00 -> n001;
n0 -> n00;
n01[label = "FarthestInsertion"];
n0 -> n01;
n -> n0;
n1[label = "And"];
n10[label = "If_Then"];
n100[label = "FarthestFirstNode"];
n10 -> n100;
n101[label = "And"];
n1010[label = "FarthestFirstNode"];
n101 -> n1010;
n1011[label = "FarthestInsertion"];
n101 -> n1011;
n10 -> n101;
n1 -> n10;
n11[label = "WorstMove"];
n1 -> n11;
n -> n1;
n2[label = "And"];
n20[label = "Equal"];
n200[label = "CplexTerminal"];
n20 -> n200;
n201[label = "NearestInsertion"];
n20 -> n201;
n2 -> n20;
n21[label = "If_Then"];
n210[label = "If_Then"];
n2100[label = "FarthestFirstNode"];
n210 -> n2100;
n2101[label = "FarthestInsertion"];
n210 -> n2101;
n21 -> n210;
n211[label = "And"];
n2110[label = "WorstMove"];
n211 -> n2110;
n2111[label = "WorstMove"];
n211 -> n2111;
n21 -> n211;
n2 -> n21;
n -> n2;
}


Generation: 18
Best Individual:
Subpopulation 0:
Evaluated: true
Fitness: Standardized=0.28492916 Adjusted=0.778253 Hits=0
Tree 0:
digraph g {
node [shape=rectangle];
n[label = "If_Then_Else"];
n0[label = "If_Then"];
n00[label = "Equal"];
n000[label = "NearestInsertion"];
n00 -> n000;
n001[label = "NearestNeighbor"];
n00 -> n001;
n0 -> n00;
n01[label = "FarthestInsertion"];
n0 -> n01;
n -> n0;
n1[label = "And"];
n10[label = "If_Then"];
n100[label = "FarthestFirstNode"];
n10 -> n100;
n101[label = "And"];
n1010[label = "FarthestFirstNode"];
n101 -> n1010;
n1011[label = "FarthestInsertion"];
n101 -> n1011;
n10 -> n101;
n1 -> n10;
n11[label = "WorstMove"];
n1 -> n11;
n -> n1;
n2[label = "And"];
n20[label = "Equal"];
n200[label = "CplexTerminal"];
n20 -> n200;
n201[label = "NearestInsertion"];
n20 -> n201;
n2 -> n20;
n21[label = "If_Then"];
n210[label = "If_Then"];
n2100[label = "FarthestFirstNode"];
n210 -> n2100;
n2101[label = "FarthestInsertion"];
n210 -> n2101;
n21 -> n210;
n211[label = "And"];
n2110[label = "WorstMove"];
n211 -> n2110;
n2111[label = "WorstMove"];
n211 -> n2111;
n21 -> n211;
n2 -> n21;
n -> n2;
}


Generation: 19
Best Individual:
Subpopulation 0:
Evaluated: true
Fitness: Standardized=0.28492916 Adjusted=0.778253 Hits=0
Tree 0:
digraph g {
node [shape=rectangle];
n[label = "If_Then_Else"];
n0[label = "If_Then"];
n00[label = "Equal"];
n000[label = "NearestInsertion"];
n00 -> n000;
n001[label = "NearestNeighbor"];
n00 -> n001;
n0 -> n00;
n01[label = "FarthestInsertion"];
n0 -> n01;
n -> n0;
n1[label = "And"];
n10[label = "If_Then"];
n100[label = "FarthestFirstNode"];
n10 -> n100;
n101[label = "And"];
n1010[label = "FarthestFirstNode"];
n101 -> n1010;
n1011[label = "FarthestInsertion"];
n101 -> n1011;
n10 -> n101;
n1 -> n10;
n11[label = "WorstMove"];
n1 -> n11;
n -> n1;
n2[label = "Or"];
n20[label = "WorstMove"];
n2 -> n20;
n21[label = "BestMove"];
n2 -> n21;
n -> n2;
}


Generation: 20
Best Individual:
Subpopulation 0:
Evaluated: true
Fitness: Standardized=0.28492916 Adjusted=0.778253 Hits=0
Tree 0:
digraph g {
node [shape=rectangle];
n[label = "If_Then_Else"];
n0[label = "If_Then"];
n00[label = "Equal"];
n000[label = "NearestInsertion"];
n00 -> n000;
n001[label = "NearestNeighbor"];
n00 -> n001;
n0 -> n00;
n01[label = "FarthestInsertion"];
n0 -> n01;
n -> n0;
n1[label = "And"];
n10[label = "If_Then"];
n100[label = "FarthestFirstNode"];
n10 -> n100;
n101[label = "And"];
n1010[label = "FarthestFirstNode"];
n101 -> n1010;
n1011[label = "FarthestInsertion"];
n101 -> n1011;
n10 -> n101;
n1 -> n10;
n11[label = "WorstMove"];
n1 -> n11;
n -> n1;
n2[label = "CplexTerminal"];
n -> n2;
}


Generation: 21
Best Individual:
Subpopulation 0:
Evaluated: true
Fitness: Standardized=0.28492916 Adjusted=0.778253 Hits=0
Tree 0:
digraph g {
node [shape=rectangle];
n[label = "If_Then_Else"];
n0[label = "If_Then"];
n00[label = "Equal"];
n000[label = "NearestInsertion"];
n00 -> n000;
n001[label = "NearestNeighbor"];
n00 -> n001;
n0 -> n00;
n01[label = "FarthestInsertion"];
n0 -> n01;
n -> n0;
n1[label = "And"];
n10[label = "If_Then"];
n100[label = "FarthestFirstNode"];
n10 -> n100;
n101[label = "And"];
n1010[label = "FarthestFirstNode"];
n101 -> n1010;
n1011[label = "FarthestInsertion"];
n101 -> n1011;
n10 -> n101;
n1 -> n10;
n11[label = "WorstMove"];
n1 -> n11;
n -> n1;
n2[label = "And"];
n20[label = "Equal"];
n200[label = "CplexTerminal"];
n20 -> n200;
n201[label = "NearestInsertion"];
n20 -> n201;
n2 -> n20;
n21[label = "If_Then"];
n210[label = "If_Then"];
n2100[label = "FarthestFirstNode"];
n210 -> n2100;
n2101[label = "FarthestInsertion"];
n210 -> n2101;
n21 -> n210;
n211[label = "And"];
n2110[label = "WorstMove"];
n211 -> n2110;
n2111[label = "WorstMove"];
n211 -> n2111;
n21 -> n211;
n2 -> n21;
n -> n2;
}


Generation: 22
Best Individual:
Subpopulation 0:
Evaluated: true
Fitness: Standardized=0.28492916 Adjusted=0.778253 Hits=0
Tree 0:
digraph g {
node [shape=rectangle];
n[label = "If_Then_Else"];
n0[label = "If_Then"];
n00[label = "Equal"];
n000[label = "NearestInsertion"];
n00 -> n000;
n001[label = "NearestNeighbor"];
n00 -> n001;
n0 -> n00;
n01[label = "FarthestInsertion"];
n0 -> n01;
n -> n0;
n1[label = "And"];
n10[label = "If_Then"];
n100[label = "FarthestFirstNode"];
n10 -> n100;
n101[label = "And"];
n1010[label = "FarthestFirstNode"];
n101 -> n1010;
n1011[label = "FarthestInsertion"];
n101 -> n1011;
n10 -> n101;
n1 -> n10;
n11[label = "WorstMove"];
n1 -> n11;
n -> n1;
n2[label = "CplexTerminal"];
n -> n2;
}


Generation: 23
Best Individual:
Subpopulation 0:
Evaluated: true
Fitness: Standardized=0.28492916 Adjusted=0.778253 Hits=0
Tree 0:
digraph g {
node [shape=rectangle];
n[label = "If_Then_Else"];
n0[label = "If_Then"];
n00[label = "Equal"];
n000[label = "NearestInsertion"];
n00 -> n000;
n001[label = "NearestNeighbor"];
n00 -> n001;
n0 -> n00;
n01[label = "FarthestInsertion"];
n0 -> n01;
n -> n0;
n1[label = "And"];
n10[label = "If_Then"];
n100[label = "FarthestFirstNode"];
n10 -> n100;
n101[label = "And"];
n1010[label = "FarthestFirstNode"];
n101 -> n1010;
n1011[label = "FarthestInsertion"];
n101 -> n1011;
n10 -> n101;
n1 -> n10;
n11[label = "WorstMove"];
n1 -> n11;
n -> n1;
n2[label = "And"];
n20[label = "Equal"];
n200[label = "CplexTerminal"];
n20 -> n200;
n201[label = "NearestInsertion"];
n20 -> n201;
n2 -> n20;
n21[label = "If_Then"];
n210[label = "If_Then"];
n2100[label = "FarthestFirstNode"];
n210 -> n2100;
n2101[label = "FarthestInsertion"];
n210 -> n2101;
n21 -> n210;
n211[label = "And"];
n2110[label = "WorstMove"];
n211 -> n2110;
n2111[label = "WorstMove"];
n211 -> n2111;
n21 -> n211;
n2 -> n21;
n -> n2;
}


Generation: 24
Best Individual:
Subpopulation 0:
Evaluated: true
Fitness: Standardized=0.27792504 Adjusted=0.7825185 Hits=0
Tree 0:
digraph g {
node [shape=rectangle];
n[label = "If_Then_Else"];
n0[label = "If_Then"];
n00[label = "Equal"];
n000[label = "FarthestInsertion"];
n00 -> n000;
n001[label = "NearestNeighbor"];
n00 -> n001;
n0 -> n00;
n01[label = "FarthestInsertion"];
n0 -> n01;
n -> n0;
n1[label = "And"];
n10[label = "If_Then"];
n100[label = "NearestFirstNode"];
n10 -> n100;
n101[label = "And"];
n1010[label = "FarthestFirstNode"];
n101 -> n1010;
n1011[label = "FarthestInsertion"];
n101 -> n1011;
n10 -> n101;
n1 -> n10;
n11[label = "WorstMove"];
n1 -> n11;
n -> n1;
n2[label = "And"];
n20[label = "Equal"];
n200[label = "CplexTerminal"];
n20 -> n200;
n201[label = "NearestInsertion"];
n20 -> n201;
n2 -> n20;
n21[label = "CplexTerminal"];
n2 -> n21;
n -> n2;
}


Generation: 25
Best Individual:
Subpopulation 0:
Evaluated: true
Fitness: Standardized=0.27792504 Adjusted=0.7825185 Hits=0
Tree 0:
digraph g {
node [shape=rectangle];
n[label = "If_Then_Else"];
n0[label = "If_Then"];
n00[label = "Equal"];
n000[label = "FarthestInsertion"];
n00 -> n000;
n001[label = "NearestNeighbor"];
n00 -> n001;
n0 -> n00;
n01[label = "FarthestInsertion"];
n0 -> n01;
n -> n0;
n1[label = "And"];
n10[label = "If_Then"];
n100[label = "NearestFirstNode"];
n10 -> n100;
n101[label = "And"];
n1010[label = "FarthestFirstNode"];
n101 -> n1010;
n1011[label = "FarthestInsertion"];
n101 -> n1011;
n10 -> n101;
n1 -> n10;
n11[label = "WorstMove"];
n1 -> n11;
n -> n1;
n2[label = "And"];
n20[label = "Equal"];
n200[label = "CplexTerminal"];
n20 -> n200;
n201[label = "NearestInsertion"];
n20 -> n201;
n2 -> n20;
n21[label = "CplexTerminal"];
n2 -> n21;
n -> n2;
}


Generation: 26
Best Individual:
Subpopulation 0:
Evaluated: true
Fitness: Standardized=0.27792504 Adjusted=0.7825185 Hits=0
Tree 0:
digraph g {
node [shape=rectangle];
n[label = "If_Then_Else"];
n0[label = "If_Then"];
n00[label = "Equal"];
n000[label = "FarthestInsertion"];
n00 -> n000;
n001[label = "NearestNeighbor"];
n00 -> n001;
n0 -> n00;
n01[label = "FarthestInsertion"];
n0 -> n01;
n -> n0;
n1[label = "And"];
n10[label = "If_Then"];
n100[label = "NearestFirstNode"];
n10 -> n100;
n101[label = "And"];
n1010[label = "FarthestFirstNode"];
n101 -> n1010;
n1011[label = "FarthestInsertion"];
n101 -> n1011;
n10 -> n101;
n1 -> n10;
n11[label = "WorstMove"];
n1 -> n11;
n -> n1;
n2[label = "And"];
n20[label = "Equal"];
n200[label = "CplexTerminal"];
n20 -> n200;
n201[label = "NearestInsertion"];
n20 -> n201;
n2 -> n20;
n21[label = "CplexTerminal"];
n2 -> n21;
n -> n2;
}


Generation: 27
Best Individual:
Subpopulation 0:
Evaluated: true
Fitness: Standardized=0.27792504 Adjusted=0.7825185 Hits=0
Tree 0:
digraph g {
node [shape=rectangle];
n[label = "If_Then_Else"];
n0[label = "If_Then"];
n00[label = "Equal"];
n000[label = "FarthestInsertion"];
n00 -> n000;
n001[label = "NearestNeighbor"];
n00 -> n001;
n0 -> n00;
n01[label = "FarthestInsertion"];
n0 -> n01;
n -> n0;
n1[label = "And"];
n10[label = "If_Then"];
n100[label = "NearestFirstNode"];
n10 -> n100;
n101[label = "And"];
n1010[label = "FarthestFirstNode"];
n101 -> n1010;
n1011[label = "FarthestInsertion"];
n101 -> n1011;
n10 -> n101;
n1 -> n10;
n11[label = "WorstMove"];
n1 -> n11;
n -> n1;
n2[label = "And"];
n20[label = "Equal"];
n200[label = "CplexTerminal"];
n20 -> n200;
n201[label = "NearestInsertion"];
n20 -> n201;
n2 -> n20;
n21[label = "CplexTerminal"];
n2 -> n21;
n -> n2;
}


Generation: 28
Best Individual:
Subpopulation 0:
Evaluated: true
Fitness: Standardized=0.27792504 Adjusted=0.7825185 Hits=0
Tree 0:
digraph g {
node [shape=rectangle];
n[label = "If_Then_Else"];
n0[label = "If_Then"];
n00[label = "Equal"];
n000[label = "FarthestInsertion"];
n00 -> n000;
n001[label = "NearestNeighbor"];
n00 -> n001;
n0 -> n00;
n01[label = "FarthestInsertion"];
n0 -> n01;
n -> n0;
n1[label = "And"];
n10[label = "If_Then"];
n100[label = "NearestFirstNode"];
n10 -> n100;
n101[label = "And"];
n1010[label = "FarthestFirstNode"];
n101 -> n1010;
n1011[label = "FarthestInsertion"];
n101 -> n1011;
n10 -> n101;
n1 -> n10;
n11[label = "WorstMove"];
n1 -> n11;
n -> n1;
n2[label = "And"];
n20[label = "And"];
n200[label = "CplexTerminal"];
n20 -> n200;
n201[label = "CplexTerminal"];
n20 -> n201;
n2 -> n20;
n21[label = "CplexTerminal"];
n2 -> n21;
n -> n2;
}


Generation: 29
Best Individual:
Subpopulation 0:
Evaluated: true
Fitness: Standardized=0.27551407 Adjusted=0.7839976 Hits=0
Tree 0:
digraph g {
node [shape=rectangle];
n[label = "If_Then_Else"];
n0[label = "If_Then"];
n00[label = "Equal"];
n000[label = "FarthestInsertion"];
n00 -> n000;
n001[label = "NearestNeighbor"];
n00 -> n001;
n0 -> n00;
n01[label = "FarthestInsertion"];
n0 -> n01;
n -> n0;
n1[label = "And"];
n10[label = "If_Then"];
n100[label = "NearestFirstNode"];
n10 -> n100;
n101[label = "Equal"];
n1010[label = "FarthestInsertion"];
n101 -> n1010;
n1011[label = "NearestNeighbor"];
n101 -> n1011;
n10 -> n101;
n1 -> n10;
n11[label = "WorstMove"];
n1 -> n11;
n -> n1;
n2[label = "And"];
n20[label = "Equal"];
n200[label = "CplexTerminal"];
n20 -> n200;
n201[label = "And"];
n2010[label = "FarthestFirstNode"];
n201 -> n2010;
n2011[label = "FarthestInsertion"];
n201 -> n2011;
n20 -> n201;
n2 -> n20;
n21[label = "CplexTerminal"];
n2 -> n21;
n -> n2;
}


Generation: 30
Best Individual:
Subpopulation 0:
Evaluated: true
Fitness: Standardized=0.27551407 Adjusted=0.7839976 Hits=0
Tree 0:
digraph g {
node [shape=rectangle];
n[label = "If_Then_Else"];
n0[label = "If_Then"];
n00[label = "Equal"];
n000[label = "FarthestInsertion"];
n00 -> n000;
n001[label = "NearestNeighbor"];
n00 -> n001;
n0 -> n00;
n01[label = "FarthestInsertion"];
n0 -> n01;
n -> n0;
n1[label = "And"];
n10[label = "If_Then"];
n100[label = "NearestFirstNode"];
n10 -> n100;
n101[label = "Equal"];
n1010[label = "FarthestInsertion"];
n101 -> n1010;
n1011[label = "NearestNeighbor"];
n101 -> n1011;
n10 -> n101;
n1 -> n10;
n11[label = "WorstMove"];
n1 -> n11;
n -> n1;
n2[label = "And"];
n20[label = "Equal"];
n200[label = "CplexTerminal"];
n20 -> n200;
n201[label = "And"];
n2010[label = "FarthestFirstNode"];
n201 -> n2010;
n2011[label = "FarthestInsertion"];
n201 -> n2011;
n20 -> n201;
n2 -> n20;
n21[label = "CplexTerminal"];
n2 -> n21;
n -> n2;
}


Generation: 31
Best Individual:
Subpopulation 0:
Evaluated: true
Fitness: Standardized=0.27551407 Adjusted=0.7839976 Hits=0
Tree 0:
digraph g {
node [shape=rectangle];
n[label = "If_Then_Else"];
n0[label = "If_Then"];
n00[label = "Equal"];
n000[label = "FarthestInsertion"];
n00 -> n000;
n001[label = "NearestNeighbor"];
n00 -> n001;
n0 -> n00;
n01[label = "FarthestInsertion"];
n0 -> n01;
n -> n0;
n1[label = "And"];
n10[label = "If_Then"];
n100[label = "NearestFirstNode"];
n10 -> n100;
n101[label = "Equal"];
n1010[label = "FarthestInsertion"];
n101 -> n1010;
n1011[label = "NearestNeighbor"];
n101 -> n1011;
n10 -> n101;
n1 -> n10;
n11[label = "WorstMove"];
n1 -> n11;
n -> n1;
n2[label = "And"];
n20[label = "NearestInsertion"];
n2 -> n20;
n21[label = "CplexTerminal"];
n2 -> n21;
n -> n2;
}


Generation: 32
Best Individual:
Subpopulation 0:
Evaluated: true
Fitness: Standardized=0.27551407 Adjusted=0.7839976 Hits=0
Tree 0:
digraph g {
node [shape=rectangle];
n[label = "If_Then_Else"];
n0[label = "If_Then"];
n00[label = "Equal"];
n000[label = "FarthestInsertion"];
n00 -> n000;
n001[label = "NearestNeighbor"];
n00 -> n001;
n0 -> n00;
n01[label = "FarthestInsertion"];
n0 -> n01;
n -> n0;
n1[label = "And"];
n10[label = "If_Then"];
n100[label = "NearestFirstNode"];
n10 -> n100;
n101[label = "Equal"];
n1010[label = "FarthestInsertion"];
n101 -> n1010;
n1011[label = "NearestNeighbor"];
n101 -> n1011;
n10 -> n101;
n1 -> n10;
n11[label = "WorstMove"];
n1 -> n11;
n -> n1;
n2[label = "And"];
n20[label = "NearestFirstNode"];
n2 -> n20;
n21[label = "CplexTerminal"];
n2 -> n21;
n -> n2;
}


Generation: 33
Best Individual:
Subpopulation 0:
Evaluated: true
Fitness: Standardized=0.27551407 Adjusted=0.7839976 Hits=0
Tree 0:
digraph g {
node [shape=rectangle];
n[label = "If_Then_Else"];
n0[label = "If_Then"];
n00[label = "Equal"];
n000[label = "FarthestInsertion"];
n00 -> n000;
n001[label = "NearestNeighbor"];
n00 -> n001;
n0 -> n00;
n01[label = "FarthestInsertion"];
n0 -> n01;
n -> n0;
n1[label = "And"];
n10[label = "If_Then"];
n100[label = "NearestFirstNode"];
n10 -> n100;
n101[label = "Equal"];
n1010[label = "FarthestInsertion"];
n101 -> n1010;
n1011[label = "NearestNeighbor"];
n101 -> n1011;
n10 -> n101;
n1 -> n10;
n11[label = "WorstMove"];
n1 -> n11;
n -> n1;
n2[label = "And"];
n20[label = "Equal"];
n200[label = "CplexTerminal"];
n20 -> n200;
n201[label = "NearestNeighbor"];
n20 -> n201;
n2 -> n20;
n21[label = "CplexTerminal"];
n2 -> n21;
n -> n2;
}


Generation: 34
Best Individual:
Subpopulation 0:
Evaluated: true
Fitness: Standardized=0.27551407 Adjusted=0.7839976 Hits=0
Tree 0:
digraph g {
node [shape=rectangle];
n[label = "If_Then_Else"];
n0[label = "If_Then"];
n00[label = "Equal"];
n000[label = "FarthestInsertion"];
n00 -> n000;
n001[label = "NearestNeighbor"];
n00 -> n001;
n0 -> n00;
n01[label = "FarthestInsertion"];
n0 -> n01;
n -> n0;
n1[label = "And"];
n10[label = "If_Then"];
n100[label = "NearestFirstNode"];
n10 -> n100;
n101[label = "Equal"];
n1010[label = "FarthestInsertion"];
n101 -> n1010;
n1011[label = "NearestNeighbor"];
n101 -> n1011;
n10 -> n101;
n1 -> n10;
n11[label = "WorstMove"];
n1 -> n11;
n -> n1;
n2[label = "And"];
n20[label = "Equal"];
n200[label = "CplexTerminal"];
n20 -> n200;
n201[label = "And"];
n2010[label = "FarthestFirstNode"];
n201 -> n2010;
n2011[label = "FarthestInsertion"];
n201 -> n2011;
n20 -> n201;
n2 -> n20;
n21[label = "CplexTerminal"];
n2 -> n21;
n -> n2;
}


Generation: 35
Best Individual:
Subpopulation 0:
Evaluated: true
Fitness: Standardized=0.27551407 Adjusted=0.7839976 Hits=0
Tree 0:
digraph g {
node [shape=rectangle];
n[label = "If_Then_Else"];
n0[label = "If_Then"];
n00[label = "Equal"];
n000[label = "FarthestInsertion"];
n00 -> n000;
n001[label = "NearestNeighbor"];
n00 -> n001;
n0 -> n00;
n01[label = "FarthestInsertion"];
n0 -> n01;
n -> n0;
n1[label = "And"];
n10[label = "If_Then"];
n100[label = "NearestFirstNode"];
n10 -> n100;
n101[label = "Equal"];
n1010[label = "FarthestInsertion"];
n101 -> n1010;
n1011[label = "NearestNeighbor"];
n101 -> n1011;
n10 -> n101;
n1 -> n10;
n11[label = "WorstMove"];
n1 -> n11;
n -> n1;
n2[label = "And"];
n20[label = "Equal"];
n200[label = "CplexTerminal"];
n20 -> n200;
n201[label = "And"];
n2010[label = "FarthestFirstNode"];
n201 -> n2010;
n2011[label = "FarthestInsertion"];
n201 -> n2011;
n20 -> n201;
n2 -> n20;
n21[label = "CplexTerminal"];
n2 -> n21;
n -> n2;
}


Generation: 36
Best Individual:
Subpopulation 0:
Evaluated: true
Fitness: Standardized=0.27551407 Adjusted=0.7839976 Hits=0
Tree 0:
digraph g {
node [shape=rectangle];
n[label = "If_Then_Else"];
n0[label = "If_Then"];
n00[label = "Equal"];
n000[label = "FarthestInsertion"];
n00 -> n000;
n001[label = "NearestNeighbor"];
n00 -> n001;
n0 -> n00;
n01[label = "FarthestInsertion"];
n0 -> n01;
n -> n0;
n1[label = "And"];
n10[label = "If_Then"];
n100[label = "NearestFirstNode"];
n10 -> n100;
n101[label = "Equal"];
n1010[label = "FarthestInsertion"];
n101 -> n1010;
n1011[label = "NearestNeighbor"];
n101 -> n1011;
n10 -> n101;
n1 -> n10;
n11[label = "WorstMove"];
n1 -> n11;
n -> n1;
n2[label = "And"];
n20[label = "Equal"];
n200[label = "CplexTerminal"];
n20 -> n200;
n201[label = "And"];
n2010[label = "FarthestFirstNode"];
n201 -> n2010;
n2011[label = "FarthestFirstNode"];
n201 -> n2011;
n20 -> n201;
n2 -> n20;
n21[label = "CplexTerminal"];
n2 -> n21;
n -> n2;
}


Generation: 37
Best Individual:
Subpopulation 0:
Evaluated: true
Fitness: Standardized=0.27551407 Adjusted=0.7839976 Hits=0
Tree 0:
digraph g {
node [shape=rectangle];
n[label = "If_Then_Else"];
n0[label = "If_Then"];
n00[label = "Equal"];
n000[label = "FarthestInsertion"];
n00 -> n000;
n001[label = "NearestNeighbor"];
n00 -> n001;
n0 -> n00;
n01[label = "FarthestInsertion"];
n0 -> n01;
n -> n0;
n1[label = "And"];
n10[label = "If_Then"];
n100[label = "NearestFirstNode"];
n10 -> n100;
n101[label = "Equal"];
n1010[label = "FarthestInsertion"];
n101 -> n1010;
n1011[label = "NearestNeighbor"];
n101 -> n1011;
n10 -> n101;
n1 -> n10;
n11[label = "WorstMove"];
n1 -> n11;
n -> n1;
n2[label = "If_Then"];
n20[label = "Equal"];
n200[label = "FarthestInsertion"];
n20 -> n200;
n201[label = "NearestNeighbor"];
n20 -> n201;
n2 -> n20;
n21[label = "FarthestInsertion"];
n2 -> n21;
n -> n2;
}


Generation: 38
Best Individual:
Subpopulation 0:
Evaluated: true
Fitness: Standardized=0.27551407 Adjusted=0.7839976 Hits=0
Tree 0:
digraph g {
node [shape=rectangle];
n[label = "If_Then_Else"];
n0[label = "If_Then"];
n00[label = "Equal"];
n000[label = "FarthestInsertion"];
n00 -> n000;
n001[label = "NearestNeighbor"];
n00 -> n001;
n0 -> n00;
n01[label = "FarthestInsertion"];
n0 -> n01;
n -> n0;
n1[label = "And"];
n10[label = "If_Then"];
n100[label = "NearestFirstNode"];
n10 -> n100;
n101[label = "Equal"];
n1010[label = "FarthestInsertion"];
n101 -> n1010;
n1011[label = "NearestNeighbor"];
n101 -> n1011;
n10 -> n101;
n1 -> n10;
n11[label = "WorstMove"];
n1 -> n11;
n -> n1;
n2[label = "If_Then"];
n20[label = "If_Then"];
n200[label = "Equal"];
n2000[label = "FarthestInsertion"];
n200 -> n2000;
n2001[label = "NearestNeighbor"];
n200 -> n2001;
n20 -> n200;
n201[label = "FarthestInsertion"];
n20 -> n201;
n2 -> n20;
n21[label = "FarthestInsertion"];
n2 -> n21;
n -> n2;
}


Generation: 39
Best Individual:
Subpopulation 0:
Evaluated: true
Fitness: Standardized=0.27551407 Adjusted=0.7839976 Hits=0
Tree 0:
digraph g {
node [shape=rectangle];
n[label = "If_Then_Else"];
n0[label = "If_Then"];
n00[label = "Equal"];
n000[label = "FarthestInsertion"];
n00 -> n000;
n001[label = "NearestNeighbor"];
n00 -> n001;
n0 -> n00;
n01[label = "FarthestInsertion"];
n0 -> n01;
n -> n0;
n1[label = "And"];
n10[label = "If_Then"];
n100[label = "NearestFirstNode"];
n10 -> n100;
n101[label = "Equal"];
n1010[label = "FarthestInsertion"];
n101 -> n1010;
n1011[label = "NearestNeighbor"];
n101 -> n1011;
n10 -> n101;
n1 -> n10;
n11[label = "WorstMove"];
n1 -> n11;
n -> n1;
n2[label = "And"];
n20[label = "Equal"];
n200[label = "Equal"];
n2000[label = "FarthestInsertion"];
n200 -> n2000;
n2001[label = "NearestNeighbor"];
n200 -> n2001;
n20 -> n200;
n201[label = "And"];
n2010[label = "FarthestFirstNode"];
n201 -> n2010;
n2011[label = "FarthestInsertion"];
n201 -> n2011;
n20 -> n201;
n2 -> n20;
n21[label = "If_Then"];
n210[label = "NearestFirstNode"];
n21 -> n210;
n211[label = "Equal"];
n2110[label = "FarthestInsertion"];
n211 -> n2110;
n2111[label = "NearestNeighbor"];
n211 -> n2111;
n21 -> n211;
n2 -> n21;
n -> n2;
}


Generation: 40
Best Individual:
Subpopulation 0:
Evaluated: true
Fitness: Standardized=0.27551407 Adjusted=0.7839976 Hits=0
Tree 0:
digraph g {
node [shape=rectangle];
n[label = "If_Then_Else"];
n0[label = "If_Then"];
n00[label = "Equal"];
n000[label = "FarthestInsertion"];
n00 -> n000;
n001[label = "NearestNeighbor"];
n00 -> n001;
n0 -> n00;
n01[label = "FarthestInsertion"];
n0 -> n01;
n -> n0;
n1[label = "And"];
n10[label = "If_Then"];
n100[label = "NearestFirstNode"];
n10 -> n100;
n101[label = "Equal"];
n1010[label = "FarthestInsertion"];
n101 -> n1010;
n1011[label = "NearestNeighbor"];
n101 -> n1011;
n10 -> n101;
n1 -> n10;
n11[label = "WorstMove"];
n1 -> n11;
n -> n1;
n2[label = "And"];
n20[label = "Equal"];
n200[label = "Equal"];
n2000[label = "FarthestInsertion"];
n200 -> n2000;
n2001[label = "NearestNeighbor"];
n200 -> n2001;
n20 -> n200;
n201[label = "BestMove"];
n20 -> n201;
n2 -> n20;
n21[label = "CplexTerminal"];
n2 -> n21;
n -> n2;
}


Generation: 41
Best Individual:
Subpopulation 0:
Evaluated: true
Fitness: Standardized=0.27551407 Adjusted=0.7839976 Hits=0
Tree 0:
digraph g {
node [shape=rectangle];
n[label = "If_Then_Else"];
n0[label = "If_Then"];
n00[label = "Equal"];
n000[label = "FarthestInsertion"];
n00 -> n000;
n001[label = "NearestNeighbor"];
n00 -> n001;
n0 -> n00;
n01[label = "FarthestInsertion"];
n0 -> n01;
n -> n0;
n1[label = "And"];
n10[label = "If_Then"];
n100[label = "NearestFirstNode"];
n10 -> n100;
n101[label = "Equal"];
n1010[label = "FarthestInsertion"];
n101 -> n1010;
n1011[label = "NearestNeighbor"];
n101 -> n1011;
n10 -> n101;
n1 -> n10;
n11[label = "WorstMove"];
n1 -> n11;
n -> n1;
n2[label = "FarthestNeighbor"];
n -> n2;
}


Generation: 42
Best Individual:
Subpopulation 0:
Evaluated: true
Fitness: Standardized=0.27551407 Adjusted=0.7839976 Hits=0
Tree 0:
digraph g {
node [shape=rectangle];
n[label = "If_Then_Else"];
n0[label = "If_Then"];
n00[label = "Equal"];
n000[label = "FarthestInsertion"];
n00 -> n000;
n001[label = "NearestNeighbor"];
n00 -> n001;
n0 -> n00;
n01[label = "FarthestInsertion"];
n0 -> n01;
n -> n0;
n1[label = "And"];
n10[label = "If_Then"];
n100[label = "NearestFirstNode"];
n10 -> n100;
n101[label = "Equal"];
n1010[label = "FarthestInsertion"];
n101 -> n1010;
n1011[label = "NearestNeighbor"];
n101 -> n1011;
n10 -> n101;
n1 -> n10;
n11[label = "WorstMove"];
n1 -> n11;
n -> n1;
n2[label = "And"];
n20[label = "Equal"];
n200[label = "CplexTerminal"];
n20 -> n200;
n201[label = "And"];
n2010[label = "FarthestInsertion"];
n201 -> n2010;
n2011[label = "FarthestInsertion"];
n201 -> n2011;
n20 -> n201;
n2 -> n20;
n21[label = "CplexTerminal"];
n2 -> n21;
n -> n2;
}


Generation: 43
Best Individual:
Subpopulation 0:
Evaluated: true
Fitness: Standardized=0.27551407 Adjusted=0.7839976 Hits=0
Tree 0:
digraph g {
node [shape=rectangle];
n[label = "If_Then_Else"];
n0[label = "If_Then"];
n00[label = "Equal"];
n000[label = "FarthestInsertion"];
n00 -> n000;
n001[label = "NearestNeighbor"];
n00 -> n001;
n0 -> n00;
n01[label = "FarthestInsertion"];
n0 -> n01;
n -> n0;
n1[label = "And"];
n10[label = "If_Then"];
n100[label = "NearestFirstNode"];
n10 -> n100;
n101[label = "Equal"];
n1010[label = "FarthestInsertion"];
n101 -> n1010;
n1011[label = "NearestNeighbor"];
n101 -> n1011;
n10 -> n101;
n1 -> n10;
n11[label = "WorstMove"];
n1 -> n11;
n -> n1;
n2[label = "And"];
n20[label = "And"];
n200[label = "FarthestInsertion"];
n20 -> n200;
n201[label = "WorstMove"];
n20 -> n201;
n2 -> n20;
n21[label = "CplexTerminal"];
n2 -> n21;
n -> n2;
}


Generation: 44
Best Individual:
Subpopulation 0:
Evaluated: true
Fitness: Standardized=0.27551407 Adjusted=0.7839976 Hits=0
Tree 0:
digraph g {
node [shape=rectangle];
n[label = "If_Then_Else"];
n0[label = "If_Then"];
n00[label = "Equal"];
n000[label = "FarthestInsertion"];
n00 -> n000;
n001[label = "NearestNeighbor"];
n00 -> n001;
n0 -> n00;
n01[label = "FarthestInsertion"];
n0 -> n01;
n -> n0;
n1[label = "And"];
n10[label = "If_Then"];
n100[label = "NearestFirstNode"];
n10 -> n100;
n101[label = "Equal"];
n1010[label = "FarthestInsertion"];
n101 -> n1010;
n1011[label = "NearestNeighbor"];
n101 -> n1011;
n10 -> n101;
n1 -> n10;
n11[label = "WorstMove"];
n1 -> n11;
n -> n1;
n2[label = "FarthestNeighbor"];
n -> n2;
}


Generation: 45
Best Individual:
Subpopulation 0:
Evaluated: true
Fitness: Standardized=0.27551407 Adjusted=0.7839976 Hits=0
Tree 0:
digraph g {
node [shape=rectangle];
n[label = "If_Then_Else"];
n0[label = "If_Then"];
n00[label = "Equal"];
n000[label = "FarthestInsertion"];
n00 -> n000;
n001[label = "NearestNeighbor"];
n00 -> n001;
n0 -> n00;
n01[label = "FarthestInsertion"];
n0 -> n01;
n -> n0;
n1[label = "And"];
n10[label = "If_Then"];
n100[label = "NearestFirstNode"];
n10 -> n100;
n101[label = "Equal"];
n1010[label = "FarthestInsertion"];
n101 -> n1010;
n1011[label = "NearestNeighbor"];
n101 -> n1011;
n10 -> n101;
n1 -> n10;
n11[label = "WorstMove"];
n1 -> n11;
n -> n1;
n2[label = "Equal"];
n20[label = "FarthestInsertion"];
n2 -> n20;
n21[label = "NearestNeighbor"];
n2 -> n21;
n -> n2;
}


Generation: 46
Best Individual:
Subpopulation 0:
Evaluated: true
Fitness: Standardized=0.27551407 Adjusted=0.7839976 Hits=0
Tree 0:
digraph g {
node [shape=rectangle];
n[label = "If_Then_Else"];
n0[label = "If_Then"];
n00[label = "Equal"];
n000[label = "FarthestInsertion"];
n00 -> n000;
n001[label = "NearestNeighbor"];
n00 -> n001;
n0 -> n00;
n01[label = "FarthestInsertion"];
n0 -> n01;
n -> n0;
n1[label = "And"];
n10[label = "If_Then"];
n100[label = "NearestFirstNode"];
n10 -> n100;
n101[label = "Equal"];
n1010[label = "FarthestInsertion"];
n101 -> n1010;
n1011[label = "NearestNeighbor"];
n101 -> n1011;
n10 -> n101;
n1 -> n10;
n11[label = "WorstMove"];
n1 -> n11;
n -> n1;
n2[label = "Equal"];
n20[label = "FarthestInsertion"];
n2 -> n20;
n21[label = "NearestNeighbor"];
n2 -> n21;
n -> n2;
}


Generation: 47
Best Individual:
Subpopulation 0:
Evaluated: true
Fitness: Standardized=0.27551407 Adjusted=0.7839976 Hits=0
Tree 0:
digraph g {
node [shape=rectangle];
n[label = "If_Then_Else"];
n0[label = "If_Then"];
n00[label = "Equal"];
n000[label = "FarthestInsertion"];
n00 -> n000;
n001[label = "NearestNeighbor"];
n00 -> n001;
n0 -> n00;
n01[label = "FarthestInsertion"];
n0 -> n01;
n -> n0;
n1[label = "And"];
n10[label = "If_Then"];
n100[label = "NearestFirstNode"];
n10 -> n100;
n101[label = "Equal"];
n1010[label = "FarthestInsertion"];
n101 -> n1010;
n1011[label = "NearestNeighbor"];
n101 -> n1011;
n10 -> n101;
n1 -> n10;
n11[label = "WorstMove"];
n1 -> n11;
n -> n1;
n2[label = "Equal"];
n20[label = "FarthestInsertion"];
n2 -> n20;
n21[label = "NearestNeighbor"];
n2 -> n21;
n -> n2;
}


Generation: 48
Best Individual:
Subpopulation 0:
Evaluated: true
Fitness: Standardized=0.27551407 Adjusted=0.7839976 Hits=0
Tree 0:
digraph g {
node [shape=rectangle];
n[label = "If_Then_Else"];
n0[label = "If_Then"];
n00[label = "Equal"];
n000[label = "FarthestInsertion"];
n00 -> n000;
n001[label = "NearestNeighbor"];
n00 -> n001;
n0 -> n00;
n01[label = "FarthestInsertion"];
n0 -> n01;
n -> n0;
n1[label = "And"];
n10[label = "If_Then"];
n100[label = "NearestFirstNode"];
n10 -> n100;
n101[label = "Equal"];
n1010[label = "FarthestInsertion"];
n101 -> n1010;
n1011[label = "NearestNeighbor"];
n101 -> n1011;
n10 -> n101;
n1 -> n10;
n11[label = "WorstMove"];
n1 -> n11;
n -> n1;
n2[label = "Equal"];
n20[label = "FarthestInsertion"];
n2 -> n20;
n21[label = "NearestNeighbor"];
n2 -> n21;
n -> n2;
}


Generation: 49
Best Individual:
Subpopulation 0:
Evaluated: true
Fitness: Standardized=0.27551407 Adjusted=0.7839976 Hits=0
Tree 0:
digraph g {
node [shape=rectangle];
n[label = "If_Then_Else"];
n0[label = "If_Then"];
n00[label = "Equal"];
n000[label = "FarthestInsertion"];
n00 -> n000;
n001[label = "NearestNeighbor"];
n00 -> n001;
n0 -> n00;
n01[label = "FarthestInsertion"];
n0 -> n01;
n -> n0;
n1[label = "And"];
n10[label = "If_Then"];
n100[label = "NearestFirstNode"];
n10 -> n100;
n101[label = "Equal"];
n1010[label = "FarthestInsertion"];
n101 -> n1010;
n1011[label = "NearestNeighbor"];
n101 -> n1011;
n10 -> n101;
n1 -> n10;
n11[label = "WorstMove"];
n1 -> n11;
n -> n1;
n2[label = "Equal"];
n20[label = "FarthestInsertion"];
n2 -> n20;
n21[label = "NearestNeighbor"];
n2 -> n21;
n -> n2;
}


Generation: 50
Best Individual:
Subpopulation 0:
Evaluated: true
Fitness: Standardized=0.27551407 Adjusted=0.7839976 Hits=0
Tree 0:
digraph g {
node [shape=rectangle];
n[label = "If_Then_Else"];
n0[label = "If_Then"];
n00[label = "Equal"];
n000[label = "FarthestInsertion"];
n00 -> n000;
n001[label = "NearestNeighbor"];
n00 -> n001;
n0 -> n00;
n01[label = "FarthestInsertion"];
n0 -> n01;
n -> n0;
n1[label = "And"];
n10[label = "If_Then"];
n100[label = "NearestFirstNode"];
n10 -> n100;
n101[label = "Equal"];
n1010[label = "FarthestInsertion"];
n101 -> n1010;
n1011[label = "NearestNeighbor"];
n101 -> n1011;
n10 -> n101;
n1 -> n10;
n11[label = "WorstMove"];
n1 -> n11;
n -> n1;
n2[label = "NearestNeighbor"];
n -> n2;
}


Generation: 51
Best Individual:
Subpopulation 0:
Evaluated: true
Fitness: Standardized=0.27551407 Adjusted=0.7839976 Hits=0
Tree 0:
digraph g {
node [shape=rectangle];
n[label = "If_Then_Else"];
n0[label = "If_Then"];
n00[label = "Equal"];
n000[label = "FarthestInsertion"];
n00 -> n000;
n001[label = "NearestNeighbor"];
n00 -> n001;
n0 -> n00;
n01[label = "FarthestInsertion"];
n0 -> n01;
n -> n0;
n1[label = "And"];
n10[label = "If_Then"];
n100[label = "NearestFirstNode"];
n10 -> n100;
n101[label = "Equal"];
n1010[label = "FarthestInsertion"];
n101 -> n1010;
n1011[label = "NearestNeighbor"];
n101 -> n1011;
n10 -> n101;
n1 -> n10;
n11[label = "WorstMove"];
n1 -> n11;
n -> n1;
n2[label = "Equal"];
n20[label = "FarthestInsertion"];
n2 -> n20;
n21[label = "CplexTerminal"];
n2 -> n21;
n -> n2;
}


Generation: 52
Best Individual:
Subpopulation 0:
Evaluated: true
Fitness: Standardized=0.27551407 Adjusted=0.7839976 Hits=0
Tree 0:
digraph g {
node [shape=rectangle];
n[label = "If_Then_Else"];
n0[label = "If_Then"];
n00[label = "Equal"];
n000[label = "FarthestInsertion"];
n00 -> n000;
n001[label = "NearestNeighbor"];
n00 -> n001;
n0 -> n00;
n01[label = "FarthestInsertion"];
n0 -> n01;
n -> n0;
n1[label = "And"];
n10[label = "If_Then"];
n100[label = "NearestFirstNode"];
n10 -> n100;
n101[label = "Equal"];
n1010[label = "FarthestInsertion"];
n101 -> n1010;
n1011[label = "NearestNeighbor"];
n101 -> n1011;
n10 -> n101;
n1 -> n10;
n11[label = "WorstMove"];
n1 -> n11;
n -> n1;
n2[label = "Equal"];
n20[label = "FarthestInsertion"];
n2 -> n20;
n21[label = "If_Then"];
n210[label = "Equal"];
n2100[label = "FarthestInsertion"];
n210 -> n2100;
n2101[label = "NearestFirstNode"];
n210 -> n2101;
n21 -> n210;
n211[label = "FarthestInsertion"];
n21 -> n211;
n2 -> n21;
n -> n2;
}


Generation: 53
Best Individual:
Subpopulation 0:
Evaluated: true
Fitness: Standardized=0.27551407 Adjusted=0.7839976 Hits=0
Tree 0:
digraph g {
node [shape=rectangle];
n[label = "If_Then_Else"];
n0[label = "If_Then"];
n00[label = "Equal"];
n000[label = "FarthestInsertion"];
n00 -> n000;
n001[label = "NearestNeighbor"];
n00 -> n001;
n0 -> n00;
n01[label = "FarthestInsertion"];
n0 -> n01;
n -> n0;
n1[label = "And"];
n10[label = "If_Then"];
n100[label = "NearestFirstNode"];
n10 -> n100;
n101[label = "Equal"];
n1010[label = "FarthestInsertion"];
n101 -> n1010;
n1011[label = "NearestNeighbor"];
n101 -> n1011;
n10 -> n101;
n1 -> n10;
n11[label = "WorstMove"];
n1 -> n11;
n -> n1;
n2[label = "NearestNeighbor"];
n -> n2;
}


Generation: 54
Best Individual:
Subpopulation 0:
Evaluated: true
Fitness: Standardized=0.27551407 Adjusted=0.7839976 Hits=0
Tree 0:
digraph g {
node [shape=rectangle];
n[label = "If_Then_Else"];
n0[label = "If_Then"];
n00[label = "Equal"];
n000[label = "FarthestInsertion"];
n00 -> n000;
n001[label = "NearestNeighbor"];
n00 -> n001;
n0 -> n00;
n01[label = "FarthestInsertion"];
n0 -> n01;
n -> n0;
n1[label = "And"];
n10[label = "If_Then"];
n100[label = "NearestFirstNode"];
n10 -> n100;
n101[label = "Equal"];
n1010[label = "FarthestInsertion"];
n101 -> n1010;
n1011[label = "NearestNeighbor"];
n101 -> n1011;
n10 -> n101;
n1 -> n10;
n11[label = "WorstMove"];
n1 -> n11;
n -> n1;
n2[label = "NearestNeighbor"];
n -> n2;
}


Generation: 55
Best Individual:
Subpopulation 0:
Evaluated: true
Fitness: Standardized=0.27551407 Adjusted=0.7839976 Hits=0
Tree 0:
digraph g {
node [shape=rectangle];
n[label = "If_Then_Else"];
n0[label = "If_Then"];
n00[label = "Equal"];
n000[label = "FarthestInsertion"];
n00 -> n000;
n001[label = "NearestNeighbor"];
n00 -> n001;
n0 -> n00;
n01[label = "FarthestInsertion"];
n0 -> n01;
n -> n0;
n1[label = "And"];
n10[label = "If_Then"];
n100[label = "NearestFirstNode"];
n10 -> n100;
n101[label = "Equal"];
n1010[label = "FarthestInsertion"];
n101 -> n1010;
n1011[label = "NearestNeighbor"];
n101 -> n1011;
n10 -> n101;
n1 -> n10;
n11[label = "WorstMove"];
n1 -> n11;
n -> n1;
n2[label = "And"];
n20[label = "If_Then"];
n200[label = "NearestFirstNode"];
n20 -> n200;
n201[label = "Equal"];
n2010[label = "WorstMove"];
n201 -> n2010;
n2011[label = "NearestNeighbor"];
n201 -> n2011;
n20 -> n201;
n2 -> n20;
n21[label = "Equal"];
n210[label = "FarthestInsertion"];
n21 -> n210;
n211[label = "CplexTerminal"];
n21 -> n211;
n2 -> n21;
n -> n2;
}


Generation: 56
Best Individual:
Subpopulation 0:
Evaluated: true
Fitness: Standardized=0.27551407 Adjusted=0.7839976 Hits=0
Tree 0:
digraph g {
node [shape=rectangle];
n[label = "If_Then_Else"];
n0[label = "If_Then"];
n00[label = "Equal"];
n000[label = "FarthestInsertion"];
n00 -> n000;
n001[label = "NearestNeighbor"];
n00 -> n001;
n0 -> n00;
n01[label = "FarthestInsertion"];
n0 -> n01;
n -> n0;
n1[label = "And"];
n10[label = "If_Then"];
n100[label = "NearestFirstNode"];
n10 -> n100;
n101[label = "Equal"];
n1010[label = "FarthestInsertion"];
n101 -> n1010;
n1011[label = "NearestNeighbor"];
n101 -> n1011;
n10 -> n101;
n1 -> n10;
n11[label = "WorstMove"];
n1 -> n11;
n -> n1;
n2[label = "If_Then"];
n20[label = "If_Then"];
n200[label = "NearestNeighbor"];
n20 -> n200;
n201[label = "Equal"];
n2010[label = "FarthestInsertion"];
n201 -> n2010;
n2011[label = "NearestNeighbor"];
n201 -> n2011;
n20 -> n201;
n2 -> n20;
n21[label = "NearestNeighbor"];
n2 -> n21;
n -> n2;
}


Generation: 57
Best Individual:
Subpopulation 0:
Evaluated: true
Fitness: Standardized=0.27551407 Adjusted=0.7839976 Hits=0
Tree 0:
digraph g {
node [shape=rectangle];
n[label = "If_Then_Else"];
n0[label = "If_Then"];
n00[label = "Equal"];
n000[label = "FarthestInsertion"];
n00 -> n000;
n001[label = "NearestNeighbor"];
n00 -> n001;
n0 -> n00;
n01[label = "FarthestInsertion"];
n0 -> n01;
n -> n0;
n1[label = "And"];
n10[label = "If_Then"];
n100[label = "NearestFirstNode"];
n10 -> n100;
n101[label = "Equal"];
n1010[label = "FarthestInsertion"];
n101 -> n1010;
n1011[label = "NearestNeighbor"];
n101 -> n1011;
n10 -> n101;
n1 -> n10;
n11[label = "WorstMove"];
n1 -> n11;
n -> n1;
n2[label = "Equal"];
n20[label = "If_Then"];
n200[label = "NearestNeighbor"];
n20 -> n200;
n201[label = "Equal"];
n2010[label = "FarthestInsertion"];
n201 -> n2010;
n2011[label = "NearestNeighbor"];
n201 -> n2011;
n20 -> n201;
n2 -> n20;
n21[label = "NearestNeighbor"];
n2 -> n21;
n -> n2;
}


Generation: 58
Best Individual:
Subpopulation 0:
Evaluated: true
Fitness: Standardized=0.27551407 Adjusted=0.7839976 Hits=0
Tree 0:
digraph g {
node [shape=rectangle];
n[label = "If_Then_Else"];
n0[label = "If_Then"];
n00[label = "Equal"];
n000[label = "FarthestInsertion"];
n00 -> n000;
n001[label = "NearestNeighbor"];
n00 -> n001;
n0 -> n00;
n01[label = "FarthestInsertion"];
n0 -> n01;
n -> n0;
n1[label = "And"];
n10[label = "If_Then"];
n100[label = "NearestFirstNode"];
n10 -> n100;
n101[label = "Equal"];
n1010[label = "FarthestInsertion"];
n101 -> n1010;
n1011[label = "NearestNeighbor"];
n101 -> n1011;
n10 -> n101;
n1 -> n10;
n11[label = "WorstMove"];
n1 -> n11;
n -> n1;
n2[label = "If_Then"];
n20[label = "If_Then"];
n200[label = "NearestNeighbor"];
n20 -> n200;
n201[label = "FarthestInsertion"];
n20 -> n201;
n2 -> n20;
n21[label = "NearestNeighbor"];
n2 -> n21;
n -> n2;
}


Generation: 59
Best Individual:
Subpopulation 0:
Evaluated: true
Fitness: Standardized=0.27551407 Adjusted=0.7839976 Hits=0
Tree 0:
digraph g {
node [shape=rectangle];
n[label = "If_Then_Else"];
n0[label = "If_Then"];
n00[label = "Equal"];
n000[label = "FarthestInsertion"];
n00 -> n000;
n001[label = "NearestNeighbor"];
n00 -> n001;
n0 -> n00;
n01[label = "FarthestInsertion"];
n0 -> n01;
n -> n0;
n1[label = "And"];
n10[label = "If_Then"];
n100[label = "NearestFirstNode"];
n10 -> n100;
n101[label = "Equal"];
n1010[label = "FarthestInsertion"];
n101 -> n1010;
n1011[label = "NearestNeighbor"];
n101 -> n1011;
n10 -> n101;
n1 -> n10;
n11[label = "WorstMove"];
n1 -> n11;
n -> n1;
n2[label = "And"];
n20[label = "If_Then"];
n200[label = "NearestFirstNode"];
n20 -> n200;
n201[label = "Equal"];
n2010[label = "FarthestInsertion"];
n201 -> n2010;
n2011[label = "NearestNeighbor"];
n201 -> n2011;
n20 -> n201;
n2 -> n20;
n21[label = "Equal"];
n210[label = "FarthestInsertion"];
n21 -> n210;
n211[label = "CplexTerminal"];
n21 -> n211;
n2 -> n21;
n -> n2;
}


Generation: 60
Best Individual:
Subpopulation 0:
Evaluated: true
Fitness: Standardized=0.27551407 Adjusted=0.7839976 Hits=0
Tree 0:
digraph g {
node [shape=rectangle];
n[label = "If_Then_Else"];
n0[label = "If_Then"];
n00[label = "Equal"];
n000[label = "FarthestInsertion"];
n00 -> n000;
n001[label = "NearestNeighbor"];
n00 -> n001;
n0 -> n00;
n01[label = "FarthestInsertion"];
n0 -> n01;
n -> n0;
n1[label = "And"];
n10[label = "If_Then"];
n100[label = "NearestFirstNode"];
n10 -> n100;
n101[label = "Equal"];
n1010[label = "FarthestInsertion"];
n101 -> n1010;
n1011[label = "NearestNeighbor"];
n101 -> n1011;
n10 -> n101;
n1 -> n10;
n11[label = "WorstMove"];
n1 -> n11;
n -> n1;
n2[label = "And"];
n20[label = "If_Then"];
n200[label = "NearestFirstNode"];
n20 -> n200;
n201[label = "Equal"];
n2010[label = "FarthestInsertion"];
n201 -> n2010;
n2011[label = "NearestNeighbor"];
n201 -> n2011;
n20 -> n201;
n2 -> n20;
n21[label = "WorstMove"];
n2 -> n21;
n -> n2;
}


Generation: 61
Best Individual:
Subpopulation 0:
Evaluated: true
Fitness: Standardized=0.27551407 Adjusted=0.7839976 Hits=0
Tree 0:
digraph g {
node [shape=rectangle];
n[label = "If_Then_Else"];
n0[label = "If_Then"];
n00[label = "Equal"];
n000[label = "FarthestInsertion"];
n00 -> n000;
n001[label = "NearestNeighbor"];
n00 -> n001;
n0 -> n00;
n01[label = "FarthestInsertion"];
n0 -> n01;
n -> n0;
n1[label = "And"];
n10[label = "If_Then"];
n100[label = "NearestFirstNode"];
n10 -> n100;
n101[label = "Equal"];
n1010[label = "FarthestInsertion"];
n101 -> n1010;
n1011[label = "NearestNeighbor"];
n101 -> n1011;
n10 -> n101;
n1 -> n10;
n11[label = "WorstMove"];
n1 -> n11;
n -> n1;
n2[label = "While"];
n20[label = "WorstMove"];
n2 -> n20;
n21[label = "Equal"];
n210[label = "FarthestInsertion"];
n21 -> n210;
n211[label = "CplexTerminal"];
n21 -> n211;
n2 -> n21;
n -> n2;
}


Generation: 62
Best Individual:
Subpopulation 0:
Evaluated: true
Fitness: Standardized=0.27551407 Adjusted=0.7839976 Hits=0
Tree 0:
digraph g {
node [shape=rectangle];
n[label = "If_Then_Else"];
n0[label = "If_Then"];
n00[label = "Equal"];
n000[label = "FarthestInsertion"];
n00 -> n000;
n001[label = "NearestNeighbor"];
n00 -> n001;
n0 -> n00;
n01[label = "FarthestInsertion"];
n0 -> n01;
n -> n0;
n1[label = "And"];
n10[label = "If_Then"];
n100[label = "NearestFirstNode"];
n10 -> n100;
n101[label = "Equal"];
n1010[label = "FarthestInsertion"];
n101 -> n1010;
n1011[label = "NearestNeighbor"];
n101 -> n1011;
n10 -> n101;
n1 -> n10;
n11[label = "WorstMove"];
n1 -> n11;
n -> n1;
n2[label = "And"];
n20[label = "WorstMove"];
n2 -> n20;
n21[label = "Equal"];
n210[label = "FarthestInsertion"];
n21 -> n210;
n211[label = "CplexTerminal"];
n21 -> n211;
n2 -> n21;
n -> n2;
}


Generation: 63
Best Individual:
Subpopulation 0:
Evaluated: true
Fitness: Standardized=0.27551407 Adjusted=0.7839976 Hits=0
Tree 0:
digraph g {
node [shape=rectangle];
n[label = "If_Then_Else"];
n0[label = "If_Then"];
n00[label = "Equal"];
n000[label = "FarthestInsertion"];
n00 -> n000;
n001[label = "NearestNeighbor"];
n00 -> n001;
n0 -> n00;
n01[label = "FarthestInsertion"];
n0 -> n01;
n -> n0;
n1[label = "And"];
n10[label = "If_Then"];
n100[label = "NearestFirstNode"];
n10 -> n100;
n101[label = "Equal"];
n1010[label = "FarthestInsertion"];
n101 -> n1010;
n1011[label = "NearestNeighbor"];
n101 -> n1011;
n10 -> n101;
n1 -> n10;
n11[label = "WorstMove"];
n1 -> n11;
n -> n1;
n2[label = "And"];
n20[label = "CplexTerminal"];
n2 -> n20;
n21[label = "NearestNeighbor"];
n2 -> n21;
n -> n2;
}


Generation: 64
Best Individual:
Subpopulation 0:
Evaluated: true
Fitness: Standardized=0.27551407 Adjusted=0.7839976 Hits=0
Tree 0:
digraph g {
node [shape=rectangle];
n[label = "If_Then_Else"];
n0[label = "If_Then"];
n00[label = "Equal"];
n000[label = "FarthestInsertion"];
n00 -> n000;
n001[label = "NearestNeighbor"];
n00 -> n001;
n0 -> n00;
n01[label = "FarthestInsertion"];
n0 -> n01;
n -> n0;
n1[label = "And"];
n10[label = "If_Then"];
n100[label = "NearestFirstNode"];
n10 -> n100;
n101[label = "Equal"];
n1010[label = "FarthestInsertion"];
n101 -> n1010;
n1011[label = "NearestNeighbor"];
n101 -> n1011;
n10 -> n101;
n1 -> n10;
n11[label = "WorstMove"];
n1 -> n11;
n -> n1;
n2[label = "And"];
n20[label = "WorstMove"];
n2 -> n20;
n21[label = "Equal"];
n210[label = "FarthestInsertion"];
n21 -> n210;
n211[label = "CplexTerminal"];
n21 -> n211;
n2 -> n21;
n -> n2;
}


Generation: 65
Best Individual:
Subpopulation 0:
Evaluated: true
Fitness: Standardized=0.27551407 Adjusted=0.7839976 Hits=0
Tree 0:
digraph g {
node [shape=rectangle];
n[label = "If_Then_Else"];
n0[label = "If_Then"];
n00[label = "Equal"];
n000[label = "FarthestInsertion"];
n00 -> n000;
n001[label = "NearestNeighbor"];
n00 -> n001;
n0 -> n00;
n01[label = "FarthestInsertion"];
n0 -> n01;
n -> n0;
n1[label = "And"];
n10[label = "If_Then"];
n100[label = "NearestFirstNode"];
n10 -> n100;
n101[label = "Equal"];
n1010[label = "FarthestInsertion"];
n101 -> n1010;
n1011[label = "NearestNeighbor"];
n101 -> n1011;
n10 -> n101;
n1 -> n10;
n11[label = "WorstMove"];
n1 -> n11;
n -> n1;
n2[label = "And"];
n20[label = "WorstMove"];
n2 -> n20;
n21[label = "Equal"];
n210[label = "FarthestInsertion"];
n21 -> n210;
n211[label = "NearestNeighbor"];
n21 -> n211;
n2 -> n21;
n -> n2;
}


Generation: 66
Best Individual:
Subpopulation 0:
Evaluated: true
Fitness: Standardized=0.27551407 Adjusted=0.7839976 Hits=0
Tree 0:
digraph g {
node [shape=rectangle];
n[label = "If_Then_Else"];
n0[label = "If_Then"];
n00[label = "Equal"];
n000[label = "FarthestInsertion"];
n00 -> n000;
n001[label = "NearestNeighbor"];
n00 -> n001;
n0 -> n00;
n01[label = "FarthestInsertion"];
n0 -> n01;
n -> n0;
n1[label = "And"];
n10[label = "If_Then"];
n100[label = "NearestFirstNode"];
n10 -> n100;
n101[label = "Equal"];
n1010[label = "FarthestInsertion"];
n101 -> n1010;
n1011[label = "NearestNeighbor"];
n101 -> n1011;
n10 -> n101;
n1 -> n10;
n11[label = "WorstMove"];
n1 -> n11;
n -> n1;
n2[label = "And"];
n20[label = "WorstMove"];
n2 -> n20;
n21[label = "Equal"];
n210[label = "FarthestInsertion"];
n21 -> n210;
n211[label = "CplexTerminal"];
n21 -> n211;
n2 -> n21;
n -> n2;
}


Generation: 67
Best Individual:
Subpopulation 0:
Evaluated: true
Fitness: Standardized=0.27551407 Adjusted=0.7839976 Hits=0
Tree 0:
digraph g {
node [shape=rectangle];
n[label = "If_Then_Else"];
n0[label = "If_Then"];
n00[label = "Equal"];
n000[label = "FarthestInsertion"];
n00 -> n000;
n001[label = "NearestNeighbor"];
n00 -> n001;
n0 -> n00;
n01[label = "FarthestInsertion"];
n0 -> n01;
n -> n0;
n1[label = "And"];
n10[label = "If_Then"];
n100[label = "NearestFirstNode"];
n10 -> n100;
n101[label = "Equal"];
n1010[label = "FarthestInsertion"];
n101 -> n1010;
n1011[label = "NearestNeighbor"];
n101 -> n1011;
n10 -> n101;
n1 -> n10;
n11[label = "WorstMove"];
n1 -> n11;
n -> n1;
n2[label = "Equal"];
n20[label = "FarthestInsertion"];
n2 -> n20;
n21[label = "NearestNeighbor"];
n2 -> n21;
n -> n2;
}


Generation: 68
Best Individual:
Subpopulation 0:
Evaluated: true
Fitness: Standardized=0.27551407 Adjusted=0.7839976 Hits=0
Tree 0:
digraph g {
node [shape=rectangle];
n[label = "If_Then_Else"];
n0[label = "If_Then"];
n00[label = "Equal"];
n000[label = "FarthestInsertion"];
n00 -> n000;
n001[label = "NearestNeighbor"];
n00 -> n001;
n0 -> n00;
n01[label = "FarthestInsertion"];
n0 -> n01;
n -> n0;
n1[label = "And"];
n10[label = "If_Then"];
n100[label = "NearestFirstNode"];
n10 -> n100;
n101[label = "Equal"];
n1010[label = "FarthestInsertion"];
n101 -> n1010;
n1011[label = "NearestNeighbor"];
n101 -> n1011;
n10 -> n101;
n1 -> n10;
n11[label = "WorstMove"];
n1 -> n11;
n -> n1;
n2[label = "And"];
n20[label = "WorstMove"];
n2 -> n20;
n21[label = "If_Then"];
n210[label = "FarthestInsertion"];
n21 -> n210;
n211[label = "CplexTerminal"];
n21 -> n211;
n2 -> n21;
n -> n2;
}


Generation: 69
Best Individual:
Subpopulation 0:
Evaluated: true
Fitness: Standardized=0.27551407 Adjusted=0.7839976 Hits=0
Tree 0:
digraph g {
node [shape=rectangle];
n[label = "If_Then_Else"];
n0[label = "If_Then"];
n00[label = "Equal"];
n000[label = "FarthestInsertion"];
n00 -> n000;
n001[label = "NearestNeighbor"];
n00 -> n001;
n0 -> n00;
n01[label = "FarthestInsertion"];
n0 -> n01;
n -> n0;
n1[label = "And"];
n10[label = "If_Then"];
n100[label = "NearestFirstNode"];
n10 -> n100;
n101[label = "Equal"];
n1010[label = "FarthestInsertion"];
n101 -> n1010;
n1011[label = "NearestNeighbor"];
n101 -> n1011;
n10 -> n101;
n1 -> n10;
n11[label = "WorstMove"];
n1 -> n11;
n -> n1;
n2[label = "And"];
n20[label = "If_Then"];
n200[label = "NearestFirstNode"];
n20 -> n200;
n201[label = "Equal"];
n2010[label = "FarthestInsertion"];
n201 -> n2010;
n2011[label = "NearestNeighbor"];
n201 -> n2011;
n20 -> n201;
n2 -> n20;
n21[label = "WorstMove"];
n2 -> n21;
n -> n2;
}


Generation: 70
Best Individual:
Subpopulation 0:
Evaluated: true
Fitness: Standardized=0.27551407 Adjusted=0.7839976 Hits=0
Tree 0:
digraph g {
node [shape=rectangle];
n[label = "If_Then_Else"];
n0[label = "If_Then"];
n00[label = "Equal"];
n000[label = "FarthestInsertion"];
n00 -> n000;
n001[label = "NearestNeighbor"];
n00 -> n001;
n0 -> n00;
n01[label = "FarthestInsertion"];
n0 -> n01;
n -> n0;
n1[label = "And"];
n10[label = "If_Then"];
n100[label = "NearestFirstNode"];
n10 -> n100;
n101[label = "Equal"];
n1010[label = "FarthestInsertion"];
n101 -> n1010;
n1011[label = "NearestNeighbor"];
n101 -> n1011;
n10 -> n101;
n1 -> n10;
n11[label = "WorstMove"];
n1 -> n11;
n -> n1;
n2[label = "And"];
n20[label = "WorstMove"];
n2 -> n20;
n21[label = "Equal"];
n210[label = "FarthestInsertion"];
n21 -> n210;
n211[label = "NearestNeighbor"];
n21 -> n211;
n2 -> n21;
n -> n2;
}


Generation: 71
Best Individual:
Subpopulation 0:
Evaluated: true
Fitness: Standardized=0.27551407 Adjusted=0.7839976 Hits=0
Tree 0:
digraph g {
node [shape=rectangle];
n[label = "If_Then_Else"];
n0[label = "If_Then"];
n00[label = "Equal"];
n000[label = "FarthestInsertion"];
n00 -> n000;
n001[label = "NearestNeighbor"];
n00 -> n001;
n0 -> n00;
n01[label = "FarthestInsertion"];
n0 -> n01;
n -> n0;
n1[label = "And"];
n10[label = "If_Then"];
n100[label = "NearestFirstNode"];
n10 -> n100;
n101[label = "Equal"];
n1010[label = "FarthestInsertion"];
n101 -> n1010;
n1011[label = "NearestNeighbor"];
n101 -> n1011;
n10 -> n101;
n1 -> n10;
n11[label = "WorstMove"];
n1 -> n11;
n -> n1;
n2[label = "If_Then"];
n20[label = "Equal"];
n200[label = "FarthestInsertion"];
n20 -> n200;
n201[label = "NearestNeighbor"];
n20 -> n201;
n2 -> n20;
n21[label = "FarthestInsertion"];
n2 -> n21;
n -> n2;
}


Generation: 72
Best Individual:
Subpopulation 0:
Evaluated: true
Fitness: Standardized=0.27551407 Adjusted=0.7839976 Hits=0
Tree 0:
digraph g {
node [shape=rectangle];
n[label = "If_Then_Else"];
n0[label = "If_Then"];
n00[label = "Equal"];
n000[label = "FarthestInsertion"];
n00 -> n000;
n001[label = "NearestNeighbor"];
n00 -> n001;
n0 -> n00;
n01[label = "FarthestInsertion"];
n0 -> n01;
n -> n0;
n1[label = "And"];
n10[label = "If_Then"];
n100[label = "NearestFirstNode"];
n10 -> n100;
n101[label = "Equal"];
n1010[label = "FarthestInsertion"];
n101 -> n1010;
n1011[label = "NearestNeighbor"];
n101 -> n1011;
n10 -> n101;
n1 -> n10;
n11[label = "WorstMove"];
n1 -> n11;
n -> n1;
n2[label = "If_Then"];
n20[label = "Equal"];
n200[label = "FarthestInsertion"];
n20 -> n200;
n201[label = "NearestNeighbor"];
n20 -> n201;
n2 -> n20;
n21[label = "FarthestInsertion"];
n2 -> n21;
n -> n2;
}


Generation: 73
Best Individual:
Subpopulation 0:
Evaluated: true
Fitness: Standardized=0.27551407 Adjusted=0.7839976 Hits=0
Tree 0:
digraph g {
node [shape=rectangle];
n[label = "If_Then_Else"];
n0[label = "If_Then"];
n00[label = "Equal"];
n000[label = "FarthestInsertion"];
n00 -> n000;
n001[label = "NearestNeighbor"];
n00 -> n001;
n0 -> n00;
n01[label = "FarthestInsertion"];
n0 -> n01;
n -> n0;
n1[label = "And"];
n10[label = "If_Then"];
n100[label = "NearestFirstNode"];
n10 -> n100;
n101[label = "Equal"];
n1010[label = "FarthestInsertion"];
n101 -> n1010;
n1011[label = "NearestNeighbor"];
n101 -> n1011;
n10 -> n101;
n1 -> n10;
n11[label = "WorstMove"];
n1 -> n11;
n -> n1;
n2[label = "If_Then"];
n20[label = "Equal"];
n200[label = "FarthestInsertion"];
n20 -> n200;
n201[label = "NearestNeighbor"];
n20 -> n201;
n2 -> n20;
n21[label = "FarthestInsertion"];
n2 -> n21;
n -> n2;
}


Generation: 74
Best Individual:
Subpopulation 0:
Evaluated: true
Fitness: Standardized=0.27551407 Adjusted=0.7839976 Hits=0
Tree 0:
digraph g {
node [shape=rectangle];
n[label = "If_Then_Else"];
n0[label = "If_Then"];
n00[label = "Equal"];
n000[label = "FarthestInsertion"];
n00 -> n000;
n001[label = "NearestNeighbor"];
n00 -> n001;
n0 -> n00;
n01[label = "FarthestInsertion"];
n0 -> n01;
n -> n0;
n1[label = "And"];
n10[label = "If_Then"];
n100[label = "NearestFirstNode"];
n10 -> n100;
n101[label = "Equal"];
n1010[label = "FarthestInsertion"];
n101 -> n1010;
n1011[label = "NearestNeighbor"];
n101 -> n1011;
n10 -> n101;
n1 -> n10;
n11[label = "WorstMove"];
n1 -> n11;
n -> n1;
n2[label = "And"];
n20[label = "WorstMove"];
n2 -> n20;
n21[label = "Equal"];
n210[label = "FarthestInsertion"];
n21 -> n210;
n211[label = "NearestNeighbor"];
n21 -> n211;
n2 -> n21;
n -> n2;
}


Generation: 75
Best Individual:
Subpopulation 0:
Evaluated: true
Fitness: Standardized=0.27551407 Adjusted=0.7839976 Hits=0
Tree 0:
digraph g {
node [shape=rectangle];
n[label = "If_Then_Else"];
n0[label = "If_Then"];
n00[label = "Equal"];
n000[label = "FarthestInsertion"];
n00 -> n000;
n001[label = "NearestNeighbor"];
n00 -> n001;
n0 -> n00;
n01[label = "FarthestInsertion"];
n0 -> n01;
n -> n0;
n1[label = "And"];
n10[label = "If_Then"];
n100[label = "NearestFirstNode"];
n10 -> n100;
n101[label = "Equal"];
n1010[label = "FarthestInsertion"];
n101 -> n1010;
n1011[label = "NearestNeighbor"];
n101 -> n1011;
n10 -> n101;
n1 -> n10;
n11[label = "WorstMove"];
n1 -> n11;
n -> n1;
n2[label = "If_Then"];
n20[label = "Equal"];
n200[label = "FarthestInsertion"];
n20 -> n200;
n201[label = "NearestNeighbor"];
n20 -> n201;
n2 -> n20;
n21[label = "FarthestInsertion"];
n2 -> n21;
n -> n2;
}


Generation: 76
Best Individual:
Subpopulation 0:
Evaluated: true
Fitness: Standardized=0.27551407 Adjusted=0.7839976 Hits=0
Tree 0:
digraph g {
node [shape=rectangle];
n[label = "If_Then_Else"];
n0[label = "If_Then"];
n00[label = "Equal"];
n000[label = "FarthestInsertion"];
n00 -> n000;
n001[label = "NearestNeighbor"];
n00 -> n001;
n0 -> n00;
n01[label = "FarthestInsertion"];
n0 -> n01;
n -> n0;
n1[label = "And"];
n10[label = "If_Then"];
n100[label = "NearestFirstNode"];
n10 -> n100;
n101[label = "Equal"];
n1010[label = "FarthestInsertion"];
n101 -> n1010;
n1011[label = "NearestNeighbor"];
n101 -> n1011;
n10 -> n101;
n1 -> n10;
n11[label = "WorstMove"];
n1 -> n11;
n -> n1;
n2[label = "If_Then"];
n20[label = "Equal"];
n200[label = "FarthestInsertion"];
n20 -> n200;
n201[label = "NearestNeighbor"];
n20 -> n201;
n2 -> n20;
n21[label = "FarthestInsertion"];
n2 -> n21;
n -> n2;
}


Generation: 77
Best Individual:
Subpopulation 0:
Evaluated: true
Fitness: Standardized=0.27551407 Adjusted=0.7839976 Hits=0
Tree 0:
digraph g {
node [shape=rectangle];
n[label = "If_Then_Else"];
n0[label = "If_Then"];
n00[label = "Equal"];
n000[label = "FarthestInsertion"];
n00 -> n000;
n001[label = "NearestNeighbor"];
n00 -> n001;
n0 -> n00;
n01[label = "FarthestInsertion"];
n0 -> n01;
n -> n0;
n1[label = "And"];
n10[label = "If_Then"];
n100[label = "NearestFirstNode"];
n10 -> n100;
n101[label = "Equal"];
n1010[label = "FarthestInsertion"];
n101 -> n1010;
n1011[label = "NearestNeighbor"];
n101 -> n1011;
n10 -> n101;
n1 -> n10;
n11[label = "WorstMove"];
n1 -> n11;
n -> n1;
n2[label = "If_Then"];
n20[label = "NearestNeighbor"];
n2 -> n20;
n21[label = "FarthestInsertion"];
n2 -> n21;
n -> n2;
}


Generation: 78
Best Individual:
Subpopulation 0:
Evaluated: true
Fitness: Standardized=0.27551407 Adjusted=0.7839976 Hits=0
Tree 0:
digraph g {
node [shape=rectangle];
n[label = "If_Then_Else"];
n0[label = "If_Then"];
n00[label = "Equal"];
n000[label = "FarthestInsertion"];
n00 -> n000;
n001[label = "NearestNeighbor"];
n00 -> n001;
n0 -> n00;
n01[label = "FarthestInsertion"];
n0 -> n01;
n -> n0;
n1[label = "And"];
n10[label = "If_Then"];
n100[label = "NearestFirstNode"];
n10 -> n100;
n101[label = "And"];
n1010[label = "FarthestInsertion"];
n101 -> n1010;
n1011[label = "NearestNeighbor"];
n101 -> n1011;
n10 -> n101;
n1 -> n10;
n11[label = "WorstMove"];
n1 -> n11;
n -> n1;
n2[label = "If_Then"];
n20[label = "Equal"];
n200[label = "Equal"];
n2000[label = "FarthestInsertion"];
n200 -> n2000;
n2001[label = "NearestNeighbor"];
n200 -> n2001;
n20 -> n200;
n201[label = "NearestNeighbor"];
n20 -> n201;
n2 -> n20;
n21[label = "FarthestInsertion"];
n2 -> n21;
n -> n2;
}


Generation: 79
Best Individual:
Subpopulation 0:
Evaluated: true
Fitness: Standardized=0.27551407 Adjusted=0.7839976 Hits=0
Tree 0:
digraph g {
node [shape=rectangle];
n[label = "If_Then_Else"];
n0[label = "If_Then"];
n00[label = "Equal"];
n000[label = "FarthestInsertion"];
n00 -> n000;
n001[label = "NearestNeighbor"];
n00 -> n001;
n0 -> n00;
n01[label = "FarthestInsertion"];
n0 -> n01;
n -> n0;
n1[label = "And"];
n10[label = "If_Then"];
n100[label = "NearestFirstNode"];
n10 -> n100;
n101[label = "And"];
n1010[label = "FarthestInsertion"];
n101 -> n1010;
n1011[label = "NearestNeighbor"];
n101 -> n1011;
n10 -> n101;
n1 -> n10;
n11[label = "WorstMove"];
n1 -> n11;
n -> n1;
n2[label = "If_Then"];
n20[label = "Equal"];
n200[label = "Equal"];
n2000[label = "FarthestInsertion"];
n200 -> n2000;
n2001[label = "NearestNeighbor"];
n200 -> n2001;
n20 -> n200;
n201[label = "NearestNeighbor"];
n20 -> n201;
n2 -> n20;
n21[label = "FarthestInsertion"];
n2 -> n21;
n -> n2;
}


Generation: 80
Best Individual:
Subpopulation 0:
Evaluated: true
Fitness: Standardized=0.27551407 Adjusted=0.7839976 Hits=0
Tree 0:
digraph g {
node [shape=rectangle];
n[label = "If_Then_Else"];
n0[label = "If_Then"];
n00[label = "Equal"];
n000[label = "FarthestInsertion"];
n00 -> n000;
n001[label = "NearestNeighbor"];
n00 -> n001;
n0 -> n00;
n01[label = "FarthestInsertion"];
n0 -> n01;
n -> n0;
n1[label = "And"];
n10[label = "If_Then"];
n100[label = "NearestFirstNode"];
n10 -> n100;
n101[label = "And"];
n1010[label = "FarthestInsertion"];
n101 -> n1010;
n1011[label = "NearestNeighbor"];
n101 -> n1011;
n10 -> n101;
n1 -> n10;
n11[label = "WorstMove"];
n1 -> n11;
n -> n1;
n2[label = "If_Then"];
n20[label = "Equal"];
n200[label = "Equal"];
n2000[label = "FarthestInsertion"];
n200 -> n2000;
n2001[label = "NearestNeighbor"];
n200 -> n2001;
n20 -> n200;
n201[label = "Equal"];
n2010[label = "FarthestInsertion"];
n201 -> n2010;
n2011[label = "NearestNeighbor"];
n201 -> n2011;
n20 -> n201;
n2 -> n20;
n21[label = "FarthestInsertion"];
n2 -> n21;
n -> n2;
}


Generation: 81
Best Individual:
Subpopulation 0:
Evaluated: true
Fitness: Standardized=0.27551407 Adjusted=0.7839976 Hits=0
Tree 0:
digraph g {
node [shape=rectangle];
n[label = "If_Then_Else"];
n0[label = "If_Then"];
n00[label = "Equal"];
n000[label = "FarthestInsertion"];
n00 -> n000;
n001[label = "NearestNeighbor"];
n00 -> n001;
n0 -> n00;
n01[label = "FarthestInsertion"];
n0 -> n01;
n -> n0;
n1[label = "And"];
n10[label = "If_Then"];
n100[label = "NearestFirstNode"];
n10 -> n100;
n101[label = "And"];
n1010[label = "FarthestInsertion"];
n101 -> n1010;
n1011[label = "NearestNeighbor"];
n101 -> n1011;
n10 -> n101;
n1 -> n10;
n11[label = "WorstMove"];
n1 -> n11;
n -> n1;
n2[label = "If_Then"];
n20[label = "Equal"];
n200[label = "Equal"];
n2000[label = "FarthestInsertion"];
n200 -> n2000;
n2001[label = "NearestNeighbor"];
n200 -> n2001;
n20 -> n200;
n201[label = "Equal"];
n2010[label = "WorstMove"];
n201 -> n2010;
n2011[label = "NearestNeighbor"];
n201 -> n2011;
n20 -> n201;
n2 -> n20;
n21[label = "FarthestInsertion"];
n2 -> n21;
n -> n2;
}


Generation: 82
Best Individual:
Subpopulation 0:
Evaluated: true
Fitness: Standardized=0.27551407 Adjusted=0.7839976 Hits=0
Tree 0:
digraph g {
node [shape=rectangle];
n[label = "If_Then_Else"];
n0[label = "If_Then"];
n00[label = "Equal"];
n000[label = "FarthestInsertion"];
n00 -> n000;
n001[label = "NearestNeighbor"];
n00 -> n001;
n0 -> n00;
n01[label = "FarthestInsertion"];
n0 -> n01;
n -> n0;
n1[label = "And"];
n10[label = "If_Then"];
n100[label = "NearestFirstNode"];
n10 -> n100;
n101[label = "And"];
n1010[label = "FarthestInsertion"];
n101 -> n1010;
n1011[label = "NearestNeighbor"];
n101 -> n1011;
n10 -> n101;
n1 -> n10;
n11[label = "WorstMove"];
n1 -> n11;
n -> n1;
n2[label = "If_Then"];
n20[label = "Equal"];
n200[label = "Equal"];
n2000[label = "FarthestInsertion"];
n200 -> n2000;
n2001[label = "NearestNeighbor"];
n200 -> n2001;
n20 -> n200;
n201[label = "And"];
n2010[label = "WorstMove"];
n201 -> n2010;
n2011[label = "NearestNeighbor"];
n201 -> n2011;
n20 -> n201;
n2 -> n20;
n21[label = "FarthestInsertion"];
n2 -> n21;
n -> n2;
}


Generation: 83
Best Individual:
Subpopulation 0:
Evaluated: true
Fitness: Standardized=0.27551407 Adjusted=0.7839976 Hits=0
Tree 0:
digraph g {
node [shape=rectangle];
n[label = "If_Then_Else"];
n0[label = "If_Then"];
n00[label = "Equal"];
n000[label = "FarthestInsertion"];
n00 -> n000;
n001[label = "NearestNeighbor"];
n00 -> n001;
n0 -> n00;
n01[label = "FarthestInsertion"];
n0 -> n01;
n -> n0;
n1[label = "And"];
n10[label = "If_Then"];
n100[label = "NearestFirstNode"];
n10 -> n100;
n101[label = "And"];
n1010[label = "FarthestInsertion"];
n101 -> n1010;
n1011[label = "NearestNeighbor"];
n101 -> n1011;
n10 -> n101;
n1 -> n10;
n11[label = "WorstMove"];
n1 -> n11;
n -> n1;
n2[label = "Equal"];
n20[label = "FarthestInsertion"];
n2 -> n20;
n21[label = "NearestNeighbor"];
n2 -> n21;
n -> n2;
}


Generation: 84
Best Individual:
Subpopulation 0:
Evaluated: true
Fitness: Standardized=0.27551407 Adjusted=0.7839976 Hits=0
Tree 0:
digraph g {
node [shape=rectangle];
n[label = "If_Then_Else"];
n0[label = "If_Then"];
n00[label = "Equal"];
n000[label = "FarthestInsertion"];
n00 -> n000;
n001[label = "NearestNeighbor"];
n00 -> n001;
n0 -> n00;
n01[label = "FarthestInsertion"];
n0 -> n01;
n -> n0;
n1[label = "And"];
n10[label = "If_Then"];
n100[label = "NearestFirstNode"];
n10 -> n100;
n101[label = "And"];
n1010[label = "FarthestInsertion"];
n101 -> n1010;
n1011[label = "NearestNeighbor"];
n101 -> n1011;
n10 -> n101;
n1 -> n10;
n11[label = "WorstMove"];
n1 -> n11;
n -> n1;
n2[label = "If_Then"];
n20[label = "Equal"];
n200[label = "Equal"];
n2000[label = "FarthestInsertion"];
n200 -> n2000;
n2001[label = "NearestNeighbor"];
n200 -> n2001;
n20 -> n200;
n201[label = "And"];
n2010[label = "FarthestNeighbor"];
n201 -> n2010;
n2011[label = "NearestInsertion"];
n201 -> n2011;
n20 -> n201;
n2 -> n20;
n21[label = "FarthestInsertion"];
n2 -> n21;
n -> n2;
}


Generation: 85
Best Individual:
Subpopulation 0:
Evaluated: true
Fitness: Standardized=0.27551407 Adjusted=0.7839976 Hits=0
Tree 0:
digraph g {
node [shape=rectangle];
n[label = "If_Then_Else"];
n0[label = "If_Then"];
n00[label = "Equal"];
n000[label = "FarthestInsertion"];
n00 -> n000;
n001[label = "NearestNeighbor"];
n00 -> n001;
n0 -> n00;
n01[label = "FarthestInsertion"];
n0 -> n01;
n -> n0;
n1[label = "And"];
n10[label = "If_Then"];
n100[label = "NearestFirstNode"];
n10 -> n100;
n101[label = "And"];
n1010[label = "FarthestInsertion"];
n101 -> n1010;
n1011[label = "NearestNeighbor"];
n101 -> n1011;
n10 -> n101;
n1 -> n10;
n11[label = "WorstMove"];
n1 -> n11;
n -> n1;
n2[label = "If_Then"];
n20[label = "If_Then"];
n200[label = "Equal"];
n2000[label = "FarthestInsertion"];
n200 -> n2000;
n2001[label = "NearestNeighbor"];
n200 -> n2001;
n20 -> n200;
n201[label = "FarthestInsertion"];
n20 -> n201;
n2 -> n20;
n21[label = "FarthestInsertion"];
n2 -> n21;
n -> n2;
}


Generation: 86
Best Individual:
Subpopulation 0:
Evaluated: true
Fitness: Standardized=0.27551407 Adjusted=0.7839976 Hits=0
Tree 0:
digraph g {
node [shape=rectangle];
n[label = "If_Then_Else"];
n0[label = "If_Then"];
n00[label = "Equal"];
n000[label = "FarthestInsertion"];
n00 -> n000;
n001[label = "NearestNeighbor"];
n00 -> n001;
n0 -> n00;
n01[label = "FarthestInsertion"];
n0 -> n01;
n -> n0;
n1[label = "And"];
n10[label = "If_Then"];
n100[label = "NearestFirstNode"];
n10 -> n100;
n101[label = "And"];
n1010[label = "FarthestInsertion"];
n101 -> n1010;
n1011[label = "NearestNeighbor"];
n101 -> n1011;
n10 -> n101;
n1 -> n10;
n11[label = "WorstMove"];
n1 -> n11;
n -> n1;
n2[label = "If_Then"];
n20[label = "Equal"];
n200[label = "FarthestInsertion"];
n20 -> n200;
n201[label = "NearestNeighbor"];
n20 -> n201;
n2 -> n20;
n21[label = "FarthestInsertion"];
n2 -> n21;
n -> n2;
}


Generation: 87
Best Individual:
Subpopulation 0:
Evaluated: true
Fitness: Standardized=0.27551407 Adjusted=0.7839976 Hits=0
Tree 0:
digraph g {
node [shape=rectangle];
n[label = "If_Then_Else"];
n0[label = "If_Then"];
n00[label = "Equal"];
n000[label = "FarthestInsertion"];
n00 -> n000;
n001[label = "NearestNeighbor"];
n00 -> n001;
n0 -> n00;
n01[label = "FarthestInsertion"];
n0 -> n01;
n -> n0;
n1[label = "And"];
n10[label = "If_Then"];
n100[label = "NearestFirstNode"];
n10 -> n100;
n101[label = "And"];
n1010[label = "FarthestInsertion"];
n101 -> n1010;
n1011[label = "NearestNeighbor"];
n101 -> n1011;
n10 -> n101;
n1 -> n10;
n11[label = "WorstMove"];
n1 -> n11;
n -> n1;
n2[label = "If_Then"];
n20[label = "If_Then"];
n200[label = "Equal"];
n2000[label = "FarthestInsertion"];
n200 -> n2000;
n2001[label = "NearestNeighbor"];
n200 -> n2001;
n20 -> n200;
n201[label = "WorstMove"];
n20 -> n201;
n2 -> n20;
n21[label = "FarthestInsertion"];
n2 -> n21;
n -> n2;
}


Generation: 88
Best Individual:
Subpopulation 0:
Evaluated: true
Fitness: Standardized=0.27551407 Adjusted=0.7839976 Hits=0
Tree 0:
digraph g {
node [shape=rectangle];
n[label = "If_Then_Else"];
n0[label = "If_Then"];
n00[label = "And"];
n000[label = "FarthestInsertion"];
n00 -> n000;
n001[label = "NearestNeighbor"];
n00 -> n001;
n0 -> n00;
n01[label = "FarthestInsertion"];
n0 -> n01;
n -> n0;
n1[label = "And"];
n10[label = "If_Then"];
n100[label = "NearestFirstNode"];
n10 -> n100;
n101[label = "Equal"];
n1010[label = "FarthestInsertion"];
n101 -> n1010;
n1011[label = "NearestNeighbor"];
n101 -> n1011;
n10 -> n101;
n1 -> n10;
n11[label = "WorstMove"];
n1 -> n11;
n -> n1;
n2[label = "If_Then"];
n20[label = "Equal"];
n200[label = "FarthestInsertion"];
n20 -> n200;
n201[label = "And"];
n2010[label = "FarthestNeighbor"];
n201 -> n2010;
n2011[label = "NearestInsertion"];
n201 -> n2011;
n20 -> n201;
n2 -> n20;
n21[label = "FarthestInsertion"];
n2 -> n21;
n -> n2;
}


Generation: 89
Best Individual:
Subpopulation 0:
Evaluated: true
Fitness: Standardized=0.27551407 Adjusted=0.7839976 Hits=0
Tree 0:
digraph g {
node [shape=rectangle];
n[label = "If_Then_Else"];
n0[label = "Equal"];
n00[label = "Equal"];
n000[label = "FarthestInsertion"];
n00 -> n000;
n001[label = "NearestNeighbor"];
n00 -> n001;
n0 -> n00;
n01[label = "FarthestInsertion"];
n0 -> n01;
n -> n0;
n1[label = "And"];
n10[label = "If_Then"];
n100[label = "NearestFirstNode"];
n10 -> n100;
n101[label = "Equal"];
n1010[label = "FarthestInsertion"];
n101 -> n1010;
n1011[label = "NearestNeighbor"];
n101 -> n1011;
n10 -> n101;
n1 -> n10;
n11[label = "WorstMove"];
n1 -> n11;
n -> n1;
n2[label = "If_Then"];
n20[label = "If_Then"];
n200[label = "Equal"];
n2000[label = "FarthestInsertion"];
n200 -> n2000;
n2001[label = "NearestNeighbor"];
n200 -> n2001;
n20 -> n200;
n201[label = "FarthestInsertion"];
n20 -> n201;
n2 -> n20;
n21[label = "FarthestInsertion"];
n2 -> n21;
n -> n2;
}


Generation: 90
Best Individual:
Subpopulation 0:
Evaluated: true
Fitness: Standardized=0.27551407 Adjusted=0.7839976 Hits=0
Tree 0:
digraph g {
node [shape=rectangle];
n[label = "If_Then_Else"];
n0[label = "If_Then"];
n00[label = "Equal"];
n000[label = "FarthestInsertion"];
n00 -> n000;
n001[label = "NearestNeighbor"];
n00 -> n001;
n0 -> n00;
n01[label = "FarthestInsertion"];
n0 -> n01;
n -> n0;
n1[label = "And"];
n10[label = "If_Then"];
n100[label = "NearestFirstNode"];
n10 -> n100;
n101[label = "Equal"];
n1010[label = "FarthestInsertion"];
n101 -> n1010;
n1011[label = "NearestNeighbor"];
n101 -> n1011;
n10 -> n101;
n1 -> n10;
n11[label = "WorstMove"];
n1 -> n11;
n -> n1;
n2[label = "If_Then"];
n20[label = "Equal"];
n200[label = "FarthestInsertion"];
n20 -> n200;
n201[label = "Equal"];
n2010[label = "FarthestInsertion"];
n201 -> n2010;
n2011[label = "NearestNeighbor"];
n201 -> n2011;
n20 -> n201;
n2 -> n20;
n21[label = "FarthestInsertion"];
n2 -> n21;
n -> n2;
}


Generation: 91
Best Individual:
Subpopulation 0:
Evaluated: true
Fitness: Standardized=0.27551407 Adjusted=0.7839976 Hits=0
Tree 0:
digraph g {
node [shape=rectangle];
n[label = "If_Then_Else"];
n0[label = "If_Then"];
n00[label = "Equal"];
n000[label = "FarthestInsertion"];
n00 -> n000;
n001[label = "NearestNeighbor"];
n00 -> n001;
n0 -> n00;
n01[label = "FarthestInsertion"];
n0 -> n01;
n -> n0;
n1[label = "And"];
n10[label = "If_Then"];
n100[label = "NearestFirstNode"];
n10 -> n100;
n101[label = "Equal"];
n1010[label = "FarthestInsertion"];
n101 -> n1010;
n1011[label = "NearestNeighbor"];
n101 -> n1011;
n10 -> n101;
n1 -> n10;
n11[label = "WorstMove"];
n1 -> n11;
n -> n1;
n2[label = "If_Then"];
n20[label = "Equal"];
n200[label = "FarthestInsertion"];
n20 -> n200;
n201[label = "NearestNeighbor"];
n20 -> n201;
n2 -> n20;
n21[label = "FarthestInsertion"];
n2 -> n21;
n -> n2;
}


Generation: 92
Best Individual:
Subpopulation 0:
Evaluated: true
Fitness: Standardized=0.27551407 Adjusted=0.7839976 Hits=0
Tree 0:
digraph g {
node [shape=rectangle];
n[label = "If_Then_Else"];
n0[label = "If_Then"];
n00[label = "Equal"];
n000[label = "FarthestInsertion"];
n00 -> n000;
n001[label = "NearestNeighbor"];
n00 -> n001;
n0 -> n00;
n01[label = "FarthestInsertion"];
n0 -> n01;
n -> n0;
n1[label = "And"];
n10[label = "If_Then"];
n100[label = "NearestFirstNode"];
n10 -> n100;
n101[label = "Equal"];
n1010[label = "FarthestInsertion"];
n101 -> n1010;
n1011[label = "NearestNeighbor"];
n101 -> n1011;
n10 -> n101;
n1 -> n10;
n11[label = "WorstMove"];
n1 -> n11;
n -> n1;
n2[label = "If_Then"];
n20[label = "Equal"];
n200[label = "FarthestInsertion"];
n20 -> n200;
n201[label = "NearestFirstNode"];
n20 -> n201;
n2 -> n20;
n21[label = "FarthestInsertion"];
n2 -> n21;
n -> n2;
}


Generation: 93
Best Individual:
Subpopulation 0:
Evaluated: true
Fitness: Standardized=0.27551407 Adjusted=0.7839976 Hits=0
Tree 0:
digraph g {
node [shape=rectangle];
n[label = "If_Then_Else"];
n0[label = "If_Then"];
n00[label = "And"];
n000[label = "FarthestInsertion"];
n00 -> n000;
n001[label = "NearestNeighbor"];
n00 -> n001;
n0 -> n00;
n01[label = "FarthestInsertion"];
n0 -> n01;
n -> n0;
n1[label = "And"];
n10[label = "And"];
n100[label = "NearestFirstNode"];
n10 -> n100;
n101[label = "Equal"];
n1010[label = "FarthestInsertion"];
n101 -> n1010;
n1011[label = "NearestNeighbor"];
n101 -> n1011;
n10 -> n101;
n1 -> n10;
n11[label = "WorstMove"];
n1 -> n11;
n -> n1;
n2[label = "If_Then"];
n20[label = "NearestFirstNode"];
n2 -> n20;
n21[label = "FarthestInsertion"];
n2 -> n21;
n -> n2;
}


Generation: 94
Best Individual:
Subpopulation 0:
Evaluated: true
Fitness: Standardized=0.27551407 Adjusted=0.7839976 Hits=0
Tree 0:
digraph g {
node [shape=rectangle];
n[label = "If_Then_Else"];
n0[label = "If_Then"];
n00[label = "And"];
n000[label = "FarthestInsertion"];
n00 -> n000;
n001[label = "NearestNeighbor"];
n00 -> n001;
n0 -> n00;
n01[label = "FarthestInsertion"];
n0 -> n01;
n -> n0;
n1[label = "And"];
n10[label = "If_Then"];
n100[label = "NearestFirstNode"];
n10 -> n100;
n101[label = "Equal"];
n1010[label = "FarthestInsertion"];
n101 -> n1010;
n1011[label = "NearestNeighbor"];
n101 -> n1011;
n10 -> n101;
n1 -> n10;
n11[label = "WorstMove"];
n1 -> n11;
n -> n1;
n2[label = "If_Then"];
n20[label = "And"];
n200[label = "FarthestInsertion"];
n20 -> n200;
n201[label = "NearestNeighbor"];
n20 -> n201;
n2 -> n20;
n21[label = "FarthestInsertion"];
n2 -> n21;
n -> n2;
}


Generation: 95
Best Individual:
Subpopulation 0:
Evaluated: true
Fitness: Standardized=0.27551407 Adjusted=0.7839976 Hits=0
Tree 0:
digraph g {
node [shape=rectangle];
n[label = "If_Then_Else"];
n0[label = "If_Then"];
n00[label = "And"];
n000[label = "FarthestInsertion"];
n00 -> n000;
n001[label = "NearestNeighbor"];
n00 -> n001;
n0 -> n00;
n01[label = "FarthestInsertion"];
n0 -> n01;
n -> n0;
n1[label = "And"];
n10[label = "If_Then"];
n100[label = "NearestFirstNode"];
n10 -> n100;
n101[label = "Equal"];
n1010[label = "FarthestInsertion"];
n101 -> n1010;
n1011[label = "NearestNeighbor"];
n101 -> n1011;
n10 -> n101;
n1 -> n10;
n11[label = "WorstMove"];
n1 -> n11;
n -> n1;
n2[label = "If_Then"];
n20[label = "And"];
n200[label = "FarthestInsertion"];
n20 -> n200;
n201[label = "NearestNeighbor"];
n20 -> n201;
n2 -> n20;
n21[label = "FarthestInsertion"];
n2 -> n21;
n -> n2;
}


Generation: 96
Best Individual:
Subpopulation 0:
Evaluated: true
Fitness: Standardized=0.27551407 Adjusted=0.7839976 Hits=0
Tree 0:
digraph g {
node [shape=rectangle];
n[label = "If_Then_Else"];
n0[label = "If_Then"];
n00[label = "And"];
n000[label = "FarthestInsertion"];
n00 -> n000;
n001[label = "NearestNeighbor"];
n00 -> n001;
n0 -> n00;
n01[label = "FarthestInsertion"];
n0 -> n01;
n -> n0;
n1[label = "And"];
n10[label = "If_Then"];
n100[label = "NearestFirstNode"];
n10 -> n100;
n101[label = "Equal"];
n1010[label = "FarthestInsertion"];
n101 -> n1010;
n1011[label = "NearestNeighbor"];
n101 -> n1011;
n10 -> n101;
n1 -> n10;
n11[label = "WorstMove"];
n1 -> n11;
n -> n1;
n2[label = "NearestNeighbor"];
n -> n2;
}


Generation: 97
Best Individual:
Subpopulation 0:
Evaluated: true
Fitness: Standardized=0.27551407 Adjusted=0.7839976 Hits=0
Tree 0:
digraph g {
node [shape=rectangle];
n[label = "If_Then_Else"];
n0[label = "If_Then"];
n00[label = "And"];
n000[label = "FarthestInsertion"];
n00 -> n000;
n001[label = "NearestNeighbor"];
n00 -> n001;
n0 -> n00;
n01[label = "FarthestInsertion"];
n0 -> n01;
n -> n0;
n1[label = "And"];
n10[label = "If_Then"];
n100[label = "NearestFirstNode"];
n10 -> n100;
n101[label = "Equal"];
n1010[label = "FarthestInsertion"];
n101 -> n1010;
n1011[label = "NearestNeighbor"];
n101 -> n1011;
n10 -> n101;
n1 -> n10;
n11[label = "WorstMove"];
n1 -> n11;
n -> n1;
n2[label = "If_Then"];
n20[label = "NearestFirstNode"];
n2 -> n20;
n21[label = "FarthestInsertion"];
n2 -> n21;
n -> n2;
}


Generation: 98
Best Individual:
Subpopulation 0:
Evaluated: true
Fitness: Standardized=0.27551407 Adjusted=0.7839976 Hits=0
Tree 0:
digraph g {
node [shape=rectangle];
n[label = "If_Then_Else"];
n0[label = "If_Then"];
n00[label = "And"];
n000[label = "FarthestInsertion"];
n00 -> n000;
n001[label = "NearestNeighbor"];
n00 -> n001;
n0 -> n00;
n01[label = "FarthestInsertion"];
n0 -> n01;
n -> n0;
n1[label = "And"];
n10[label = "If_Then"];
n100[label = "NearestFirstNode"];
n10 -> n100;
n101[label = "Equal"];
n1010[label = "FarthestInsertion"];
n101 -> n1010;
n1011[label = "NearestNeighbor"];
n101 -> n1011;
n10 -> n101;
n1 -> n10;
n11[label = "WorstMove"];
n1 -> n11;
n -> n1;
n2[label = "If_Then"];
n20[label = "NearestFirstNode"];
n2 -> n20;
n21[label = "FarthestInsertion"];
n2 -> n21;
n -> n2;
}


Generation: 99
Best Individual:
Subpopulation 0:
Evaluated: true
Fitness: Standardized=0.27551407 Adjusted=0.7839976 Hits=0
Tree 0:
digraph g {
node [shape=rectangle];
n[label = "If_Then_Else"];
n0[label = "If_Then"];
n00[label = "And"];
n000[label = "FarthestInsertion"];
n00 -> n000;
n001[label = "NearestNeighbor"];
n00 -> n001;
n0 -> n00;
n01[label = "FarthestInsertion"];
n0 -> n01;
n -> n0;
n1[label = "And"];
n10[label = "If_Then"];
n100[label = "NearestFirstNode"];
n10 -> n100;
n101[label = "Equal"];
n1010[label = "FarthestInsertion"];
n101 -> n1010;
n1011[label = "NearestNeighbor"];
n101 -> n1011;
n10 -> n101;
n1 -> n10;
n11[label = "WorstMove"];
n1 -> n11;
n -> n1;
n2[label = "If_Then"];
n20[label = "FarthestNeighbor"];
n2 -> n20;
n21[label = "And"];
n210[label = "FarthestInsertion"];
n21 -> n210;
n211[label = "NearestNeighbor"];
n21 -> n211;
n2 -> n21;
n -> n2;
}


Best Individual of Run:
Subpopulation 0:
Evaluated: true
Fitness: Standardized=0.27551407 Adjusted=0.7839976 Hits=0
Tree 0:
digraph g {
node [shape=rectangle];
n[label = "If_Then_Else"];
n0[label = "If_Then"];
n00[label = "Equal"];
n000[label = "FarthestInsertion"];
n00 -> n000;
n001[label = "NearestNeighbor"];
n00 -> n001;
n0 -> n00;
n01[label = "FarthestInsertion"];
n0 -> n01;
n -> n0;
n1[label = "And"];
n10[label = "If_Then"];
n100[label = "NearestFirstNode"];
n10 -> n100;
n101[label = "Equal"];
n1010[label = "FarthestInsertion"];
n101 -> n1010;
n1011[label = "NearestNeighbor"];
n101 -> n1011;
n10 -> n101;
n1 -> n10;
n11[label = "WorstMove"];
n1 -> n11;
n -> n1;
n2[label = "And"];
n20[label = "Equal"];
n200[label = "CplexTerminal"];
n20 -> n200;
n201[label = "And"];
n2010[label = "FarthestFirstNode"];
n201 -> n2010;
n2011[label = "FarthestInsertion"];
n201 -> n2011;
n20 -> n201;
n2 -> n20;
n21[label = "CplexTerminal"];
n2 -> n21;
n -> n2;
}

