
Generation: 0
Best Individual:
Subpopulation 0:
Evaluated: true
Fitness: Standardized=0.45546743 Adjusted=0.68706447 Hits=0
Tree 0:
digraph g {
node [shape=rectangle];
n[label = "If_Then"];
n0[label = "If_Then_Else"];
n00[label = "If_Then_Else"];
n000[label = "And"];
n0000[label = "FarthestInsertion"];
n000 -> n0000;
n0001[label = "NearestFirstNode"];
n000 -> n0001;
n00 -> n000;
n001[label = "If_Then"];
n0010[label = "FarthestFirstNode"];
n001 -> n0010;
n0011[label = "NearestFirstNode"];
n001 -> n0011;
n00 -> n001;
n002[label = "Or"];
n0020[label = "NearestInsertion"];
n002 -> n0020;
n0021[label = "CplexTerminal"];
n002 -> n0021;
n00 -> n002;
n0 -> n00;
n01[label = "Equal"];
n010[label = "Equal"];
n0100[label = "FarthestInsertion"];
n010 -> n0100;
n0101[label = "FarthestNeighbor"];
n010 -> n0101;
n01 -> n010;
n011[label = "Or"];
n0110[label = "NearestNeighbor"];
n011 -> n0110;
n0111[label = "CplexTerminal"];
n011 -> n0111;
n01 -> n011;
n0 -> n01;
n02[label = "If_Then_Else"];
n020[label = "If_Then_Else"];
n0200[label = "BestMove"];
n020 -> n0200;
n0201[label = "WorstMove"];
n020 -> n0201;
n0202[label = "WorstMove"];
n020 -> n0202;
n02 -> n020;
n021[label = "Or"];
n0210[label = "NearestFirstNode"];
n021 -> n0210;
n0211[label = "NearestFirstNode"];
n021 -> n0211;
n02 -> n021;
n022[label = "If_Then"];
n0220[label = "FarthestInsertion"];
n022 -> n0220;
n0221[label = "FarthestInsertion"];
n022 -> n0221;
n02 -> n022;
n0 -> n02;
n -> n0;
n1[label = "If_Then_Else"];
n10[label = "And"];
n100[label = "Or"];
n1000[label = "NearestFirstNode"];
n100 -> n1000;
n1001[label = "FarthestNeighbor"];
n100 -> n1001;
n10 -> n100;
n101[label = "Equal"];
n1010[label = "WorstMove"];
n101 -> n1010;
n1011[label = "WorstMove"];
n101 -> n1011;
n10 -> n101;
n1 -> n10;
n11[label = "Or"];
n110[label = "Equal"];
n1100[label = "FarthestFirstNode"];
n110 -> n1100;
n1101[label = "WorstMove"];
n110 -> n1101;
n11 -> n110;
n111[label = "If_Then"];
n1110[label = "NearestFirstNode"];
n111 -> n1110;
n1111[label = "FarthestInsertion"];
n111 -> n1111;
n11 -> n111;
n1 -> n11;
n12[label = "If_Then_Else"];
n120[label = "Or"];
n1200[label = "WorstMove"];
n120 -> n1200;
n1201[label = "NearestInsertion"];
n120 -> n1201;
n12 -> n120;
n121[label = "If_Then_Else"];
n1210[label = "WorstMove"];
n121 -> n1210;
n1211[label = "NearestFirstNode"];
n121 -> n1211;
n1212[label = "CplexTerminal"];
n121 -> n1212;
n12 -> n121;
n122[label = "If_Then"];
n1220[label = "FarthestInsertion"];
n122 -> n1220;
n1221[label = "FarthestNeighbor"];
n122 -> n1221;
n12 -> n122;
n1 -> n12;
n -> n1;
}


Generation: 1
Best Individual:
Subpopulation 0:
Evaluated: true
Fitness: Standardized=0.13943233 Adjusted=0.87763 Hits=7
Tree 0:
digraph g {
node [shape=rectangle];
n[label = "And"];
n0[label = "FarthestFirstNode"];
n -> n0;
n1[label = "While"];
n10[label = "Or"];
n100[label = "Or"];
n1000[label = "FarthestFirstNode"];
n100 -> n1000;
n1001[label = "BestMove"];
n100 -> n1001;
n10 -> n100;
n101[label = "FarthestNeighbor"];
n10 -> n101;
n1 -> n10;
n11[label = "And"];
n110[label = "CplexTerminal"];
n11 -> n110;
n111[label = "If_Then_Else"];
n1110[label = "FarthestNeighbor"];
n111 -> n1110;
n1111[label = "WorstMove"];
n111 -> n1111;
n1112[label = "NearestFirstNode"];
n111 -> n1112;
n11 -> n111;
n1 -> n11;
n -> n1;
}


Generation: 2
Best Individual:
Subpopulation 0:
Evaluated: true
Fitness: Standardized=0.13943233 Adjusted=0.87763 Hits=7
Tree 0:
digraph g {
node [shape=rectangle];
n[label = "And"];
n0[label = "FarthestFirstNode"];
n -> n0;
n1[label = "While"];
n10[label = "Or"];
n100[label = "Or"];
n1000[label = "FarthestFirstNode"];
n100 -> n1000;
n1001[label = "BestMove"];
n100 -> n1001;
n10 -> n100;
n101[label = "FarthestNeighbor"];
n10 -> n101;
n1 -> n10;
n11[label = "And"];
n110[label = "CplexTerminal"];
n11 -> n110;
n111[label = "If_Then_Else"];
n1110[label = "FarthestNeighbor"];
n111 -> n1110;
n1111[label = "WorstMove"];
n111 -> n1111;
n1112[label = "NearestFirstNode"];
n111 -> n1112;
n11 -> n111;
n1 -> n11;
n -> n1;
}


Generation: 3
Best Individual:
Subpopulation 0:
Evaluated: true
Fitness: Standardized=0.13943233 Adjusted=0.87763 Hits=7
Tree 0:
digraph g {
node [shape=rectangle];
n[label = "And"];
n0[label = "FarthestFirstNode"];
n -> n0;
n1[label = "While"];
n10[label = "Or"];
n100[label = "Or"];
n1000[label = "FarthestFirstNode"];
n100 -> n1000;
n1001[label = "BestMove"];
n100 -> n1001;
n10 -> n100;
n101[label = "FarthestNeighbor"];
n10 -> n101;
n1 -> n10;
n11[label = "And"];
n110[label = "CplexTerminal"];
n11 -> n110;
n111[label = "If_Then_Else"];
n1110[label = "FarthestNeighbor"];
n111 -> n1110;
n1111[label = "WorstMove"];
n111 -> n1111;
n1112[label = "NearestFirstNode"];
n111 -> n1112;
n11 -> n111;
n1 -> n11;
n -> n1;
}


Generation: 4
Best Individual:
Subpopulation 0:
Evaluated: true
Fitness: Standardized=0.13943233 Adjusted=0.87763 Hits=7
Tree 0:
digraph g {
node [shape=rectangle];
n[label = "And"];
n0[label = "FarthestFirstNode"];
n -> n0;
n1[label = "While"];
n10[label = "Or"];
n100[label = "Or"];
n1000[label = "FarthestFirstNode"];
n100 -> n1000;
n1001[label = "BestMove"];
n100 -> n1001;
n10 -> n100;
n101[label = "FarthestNeighbor"];
n10 -> n101;
n1 -> n10;
n11[label = "And"];
n110[label = "CplexTerminal"];
n11 -> n110;
n111[label = "If_Then_Else"];
n1110[label = "FarthestNeighbor"];
n111 -> n1110;
n1111[label = "WorstMove"];
n111 -> n1111;
n1112[label = "NearestFirstNode"];
n111 -> n1112;
n11 -> n111;
n1 -> n11;
n -> n1;
}


Generation: 5
Best Individual:
Subpopulation 0:
Evaluated: true
Fitness: Standardized=0.13943233 Adjusted=0.87763 Hits=7
Tree 0:
digraph g {
node [shape=rectangle];
n[label = "And"];
n0[label = "FarthestFirstNode"];
n -> n0;
n1[label = "While"];
n10[label = "Or"];
n100[label = "Or"];
n1000[label = "FarthestFirstNode"];
n100 -> n1000;
n1001[label = "BestMove"];
n100 -> n1001;
n10 -> n100;
n101[label = "FarthestNeighbor"];
n10 -> n101;
n1 -> n10;
n11[label = "And"];
n110[label = "CplexTerminal"];
n11 -> n110;
n111[label = "If_Then_Else"];
n1110[label = "FarthestNeighbor"];
n111 -> n1110;
n1111[label = "WorstMove"];
n111 -> n1111;
n1112[label = "NearestFirstNode"];
n111 -> n1112;
n11 -> n111;
n1 -> n11;
n -> n1;
}


Generation: 6
Best Individual:
Subpopulation 0:
Evaluated: true
Fitness: Standardized=0.13943233 Adjusted=0.87763 Hits=7
Tree 0:
digraph g {
node [shape=rectangle];
n[label = "And"];
n0[label = "FarthestFirstNode"];
n -> n0;
n1[label = "While"];
n10[label = "Or"];
n100[label = "Or"];
n1000[label = "FarthestFirstNode"];
n100 -> n1000;
n1001[label = "BestMove"];
n100 -> n1001;
n10 -> n100;
n101[label = "FarthestNeighbor"];
n10 -> n101;
n1 -> n10;
n11[label = "And"];
n110[label = "CplexTerminal"];
n11 -> n110;
n111[label = "If_Then_Else"];
n1110[label = "FarthestNeighbor"];
n111 -> n1110;
n1111[label = "WorstMove"];
n111 -> n1111;
n1112[label = "NearestFirstNode"];
n111 -> n1112;
n11 -> n111;
n1 -> n11;
n -> n1;
}


Generation: 7
Best Individual:
Subpopulation 0:
Evaluated: true
Fitness: Standardized=0.13943233 Adjusted=0.87763 Hits=7
Tree 0:
digraph g {
node [shape=rectangle];
n[label = "And"];
n0[label = "FarthestFirstNode"];
n -> n0;
n1[label = "While"];
n10[label = "Or"];
n100[label = "Or"];
n1000[label = "FarthestFirstNode"];
n100 -> n1000;
n1001[label = "BestMove"];
n100 -> n1001;
n10 -> n100;
n101[label = "FarthestNeighbor"];
n10 -> n101;
n1 -> n10;
n11[label = "And"];
n110[label = "CplexTerminal"];
n11 -> n110;
n111[label = "If_Then_Else"];
n1110[label = "FarthestNeighbor"];
n111 -> n1110;
n1111[label = "WorstMove"];
n111 -> n1111;
n1112[label = "NearestFirstNode"];
n111 -> n1112;
n11 -> n111;
n1 -> n11;
n -> n1;
}


Generation: 8
Best Individual:
Subpopulation 0:
Evaluated: true
Fitness: Standardized=0.13943233 Adjusted=0.87763 Hits=7
Tree 0:
digraph g {
node [shape=rectangle];
n[label = "And"];
n0[label = "FarthestFirstNode"];
n -> n0;
n1[label = "While"];
n10[label = "Or"];
n100[label = "Or"];
n1000[label = "FarthestFirstNode"];
n100 -> n1000;
n1001[label = "BestMove"];
n100 -> n1001;
n10 -> n100;
n101[label = "FarthestNeighbor"];
n10 -> n101;
n1 -> n10;
n11[label = "And"];
n110[label = "CplexTerminal"];
n11 -> n110;
n111[label = "If_Then_Else"];
n1110[label = "FarthestNeighbor"];
n111 -> n1110;
n1111[label = "WorstMove"];
n111 -> n1111;
n1112[label = "NearestFirstNode"];
n111 -> n1112;
n11 -> n111;
n1 -> n11;
n -> n1;
}


Generation: 9
Best Individual:
Subpopulation 0:
Evaluated: true
Fitness: Standardized=0.13943233 Adjusted=0.87763 Hits=7
Tree 0:
digraph g {
node [shape=rectangle];
n[label = "And"];
n0[label = "FarthestFirstNode"];
n -> n0;
n1[label = "While"];
n10[label = "Or"];
n100[label = "Or"];
n1000[label = "FarthestFirstNode"];
n100 -> n1000;
n1001[label = "BestMove"];
n100 -> n1001;
n10 -> n100;
n101[label = "FarthestNeighbor"];
n10 -> n101;
n1 -> n10;
n11[label = "And"];
n110[label = "CplexTerminal"];
n11 -> n110;
n111[label = "If_Then_Else"];
n1110[label = "FarthestNeighbor"];
n111 -> n1110;
n1111[label = "WorstMove"];
n111 -> n1111;
n1112[label = "NearestFirstNode"];
n111 -> n1112;
n11 -> n111;
n1 -> n11;
n -> n1;
}


Generation: 10
Best Individual:
Subpopulation 0:
Evaluated: true
Fitness: Standardized=0.13943233 Adjusted=0.87763 Hits=7
Tree 0:
digraph g {
node [shape=rectangle];
n[label = "And"];
n0[label = "FarthestFirstNode"];
n -> n0;
n1[label = "While"];
n10[label = "Or"];
n100[label = "Or"];
n1000[label = "FarthestFirstNode"];
n100 -> n1000;
n1001[label = "BestMove"];
n100 -> n1001;
n10 -> n100;
n101[label = "FarthestNeighbor"];
n10 -> n101;
n1 -> n10;
n11[label = "And"];
n110[label = "CplexTerminal"];
n11 -> n110;
n111[label = "If_Then_Else"];
n1110[label = "FarthestNeighbor"];
n111 -> n1110;
n1111[label = "WorstMove"];
n111 -> n1111;
n1112[label = "NearestFirstNode"];
n111 -> n1112;
n11 -> n111;
n1 -> n11;
n -> n1;
}


Generation: 11
Best Individual:
Subpopulation 0:
Evaluated: true
Fitness: Standardized=0.13943233 Adjusted=0.87763 Hits=7
Tree 0:
digraph g {
node [shape=rectangle];
n[label = "And"];
n0[label = "FarthestFirstNode"];
n -> n0;
n1[label = "While"];
n10[label = "Or"];
n100[label = "Or"];
n1000[label = "FarthestFirstNode"];
n100 -> n1000;
n1001[label = "BestMove"];
n100 -> n1001;
n10 -> n100;
n101[label = "FarthestNeighbor"];
n10 -> n101;
n1 -> n10;
n11[label = "And"];
n110[label = "CplexTerminal"];
n11 -> n110;
n111[label = "If_Then_Else"];
n1110[label = "FarthestNeighbor"];
n111 -> n1110;
n1111[label = "WorstMove"];
n111 -> n1111;
n1112[label = "NearestFirstNode"];
n111 -> n1112;
n11 -> n111;
n1 -> n11;
n -> n1;
}


Generation: 12
Best Individual:
Subpopulation 0:
Evaluated: true
Fitness: Standardized=0.12806971 Adjusted=0.88647 Hits=8
Tree 0:
digraph g {
node [shape=rectangle];
n[label = "And"];
n0[label = "FarthestFirstNode"];
n -> n0;
n1[label = "While"];
n10[label = "Or"];
n100[label = "Or"];
n1000[label = "FarthestFirstNode"];
n100 -> n1000;
n1001[label = "BestMove"];
n100 -> n1001;
n10 -> n100;
n101[label = "FarthestNeighbor"];
n10 -> n101;
n1 -> n10;
n11[label = "And"];
n110[label = "CplexTerminal"];
n11 -> n110;
n111[label = "If_Then_Else"];
n1110[label = "FarthestNeighbor"];
n111 -> n1110;
n1111[label = "WorstMove"];
n111 -> n1111;
n1112[label = "NearestFirstNode"];
n111 -> n1112;
n11 -> n111;
n1 -> n11;
n -> n1;
}


Generation: 13
Best Individual:
Subpopulation 0:
Evaluated: true
Fitness: Standardized=0.12806971 Adjusted=0.88647 Hits=8
Tree 0:
digraph g {
node [shape=rectangle];
n[label = "And"];
n0[label = "FarthestFirstNode"];
n -> n0;
n1[label = "While"];
n10[label = "Or"];
n100[label = "Or"];
n1000[label = "FarthestFirstNode"];
n100 -> n1000;
n1001[label = "BestMove"];
n100 -> n1001;
n10 -> n100;
n101[label = "FarthestNeighbor"];
n10 -> n101;
n1 -> n10;
n11[label = "And"];
n110[label = "CplexTerminal"];
n11 -> n110;
n111[label = "If_Then_Else"];
n1110[label = "FarthestNeighbor"];
n111 -> n1110;
n1111[label = "WorstMove"];
n111 -> n1111;
n1112[label = "NearestFirstNode"];
n111 -> n1112;
n11 -> n111;
n1 -> n11;
n -> n1;
}


Generation: 14
Best Individual:
Subpopulation 0:
Evaluated: true
Fitness: Standardized=0.12806971 Adjusted=0.88647 Hits=8
Tree 0:
digraph g {
node [shape=rectangle];
n[label = "And"];
n0[label = "FarthestFirstNode"];
n -> n0;
n1[label = "While"];
n10[label = "Or"];
n100[label = "Or"];
n1000[label = "FarthestFirstNode"];
n100 -> n1000;
n1001[label = "BestMove"];
n100 -> n1001;
n10 -> n100;
n101[label = "FarthestNeighbor"];
n10 -> n101;
n1 -> n10;
n11[label = "And"];
n110[label = "CplexTerminal"];
n11 -> n110;
n111[label = "If_Then_Else"];
n1110[label = "FarthestNeighbor"];
n111 -> n1110;
n1111[label = "WorstMove"];
n111 -> n1111;
n1112[label = "NearestFirstNode"];
n111 -> n1112;
n11 -> n111;
n1 -> n11;
n -> n1;
}


Generation: 15
Best Individual:
Subpopulation 0:
Evaluated: true
Fitness: Standardized=0.12806971 Adjusted=0.88647 Hits=8
Tree 0:
digraph g {
node [shape=rectangle];
n[label = "And"];
n0[label = "FarthestFirstNode"];
n -> n0;
n1[label = "While"];
n10[label = "Or"];
n100[label = "Or"];
n1000[label = "FarthestFirstNode"];
n100 -> n1000;
n1001[label = "BestMove"];
n100 -> n1001;
n10 -> n100;
n101[label = "FarthestNeighbor"];
n10 -> n101;
n1 -> n10;
n11[label = "And"];
n110[label = "CplexTerminal"];
n11 -> n110;
n111[label = "If_Then_Else"];
n1110[label = "FarthestNeighbor"];
n111 -> n1110;
n1111[label = "WorstMove"];
n111 -> n1111;
n1112[label = "NearestFirstNode"];
n111 -> n1112;
n11 -> n111;
n1 -> n11;
n -> n1;
}


Generation: 16
Best Individual:
Subpopulation 0:
Evaluated: true
Fitness: Standardized=0.12806971 Adjusted=0.88647 Hits=8
Tree 0:
digraph g {
node [shape=rectangle];
n[label = "And"];
n0[label = "FarthestFirstNode"];
n -> n0;
n1[label = "While"];
n10[label = "Or"];
n100[label = "Or"];
n1000[label = "FarthestFirstNode"];
n100 -> n1000;
n1001[label = "BestMove"];
n100 -> n1001;
n10 -> n100;
n101[label = "FarthestNeighbor"];
n10 -> n101;
n1 -> n10;
n11[label = "And"];
n110[label = "CplexTerminal"];
n11 -> n110;
n111[label = "If_Then_Else"];
n1110[label = "FarthestNeighbor"];
n111 -> n1110;
n1111[label = "WorstMove"];
n111 -> n1111;
n1112[label = "NearestFirstNode"];
n111 -> n1112;
n11 -> n111;
n1 -> n11;
n -> n1;
}


Generation: 17
Best Individual:
Subpopulation 0:
Evaluated: true
Fitness: Standardized=0.12806971 Adjusted=0.88647 Hits=8
Tree 0:
digraph g {
node [shape=rectangle];
n[label = "And"];
n0[label = "FarthestFirstNode"];
n -> n0;
n1[label = "While"];
n10[label = "Or"];
n100[label = "Or"];
n1000[label = "FarthestFirstNode"];
n100 -> n1000;
n1001[label = "BestMove"];
n100 -> n1001;
n10 -> n100;
n101[label = "FarthestNeighbor"];
n10 -> n101;
n1 -> n10;
n11[label = "And"];
n110[label = "CplexTerminal"];
n11 -> n110;
n111[label = "If_Then_Else"];
n1110[label = "FarthestNeighbor"];
n111 -> n1110;
n1111[label = "WorstMove"];
n111 -> n1111;
n1112[label = "NearestFirstNode"];
n111 -> n1112;
n11 -> n111;
n1 -> n11;
n -> n1;
}


Generation: 18
Best Individual:
Subpopulation 0:
Evaluated: true
Fitness: Standardized=0.12806971 Adjusted=0.88647 Hits=8
Tree 0:
digraph g {
node [shape=rectangle];
n[label = "And"];
n0[label = "FarthestFirstNode"];
n -> n0;
n1[label = "While"];
n10[label = "Or"];
n100[label = "Or"];
n1000[label = "FarthestFirstNode"];
n100 -> n1000;
n1001[label = "BestMove"];
n100 -> n1001;
n10 -> n100;
n101[label = "FarthestNeighbor"];
n10 -> n101;
n1 -> n10;
n11[label = "And"];
n110[label = "CplexTerminal"];
n11 -> n110;
n111[label = "If_Then_Else"];
n1110[label = "FarthestNeighbor"];
n111 -> n1110;
n1111[label = "WorstMove"];
n111 -> n1111;
n1112[label = "NearestFirstNode"];
n111 -> n1112;
n11 -> n111;
n1 -> n11;
n -> n1;
}


Generation: 19
Best Individual:
Subpopulation 0:
Evaluated: true
Fitness: Standardized=0.12806971 Adjusted=0.88647 Hits=8
Tree 0:
digraph g {
node [shape=rectangle];
n[label = "And"];
n0[label = "FarthestFirstNode"];
n -> n0;
n1[label = "While"];
n10[label = "Or"];
n100[label = "Or"];
n1000[label = "FarthestFirstNode"];
n100 -> n1000;
n1001[label = "BestMove"];
n100 -> n1001;
n10 -> n100;
n101[label = "FarthestNeighbor"];
n10 -> n101;
n1 -> n10;
n11[label = "And"];
n110[label = "CplexTerminal"];
n11 -> n110;
n111[label = "If_Then_Else"];
n1110[label = "FarthestNeighbor"];
n111 -> n1110;
n1111[label = "WorstMove"];
n111 -> n1111;
n1112[label = "NearestFirstNode"];
n111 -> n1112;
n11 -> n111;
n1 -> n11;
n -> n1;
}


Generation: 20
Best Individual:
Subpopulation 0:
Evaluated: true
Fitness: Standardized=0.12806971 Adjusted=0.88647 Hits=8
Tree 0:
digraph g {
node [shape=rectangle];
n[label = "And"];
n0[label = "FarthestFirstNode"];
n -> n0;
n1[label = "While"];
n10[label = "Or"];
n100[label = "Or"];
n1000[label = "FarthestFirstNode"];
n100 -> n1000;
n1001[label = "BestMove"];
n100 -> n1001;
n10 -> n100;
n101[label = "FarthestNeighbor"];
n10 -> n101;
n1 -> n10;
n11[label = "And"];
n110[label = "CplexTerminal"];
n11 -> n110;
n111[label = "If_Then_Else"];
n1110[label = "FarthestNeighbor"];
n111 -> n1110;
n1111[label = "WorstMove"];
n111 -> n1111;
n1112[label = "NearestFirstNode"];
n111 -> n1112;
n11 -> n111;
n1 -> n11;
n -> n1;
}


Generation: 21
Best Individual:
Subpopulation 0:
Evaluated: true
Fitness: Standardized=0.12806971 Adjusted=0.88647 Hits=8
Tree 0:
digraph g {
node [shape=rectangle];
n[label = "And"];
n0[label = "FarthestFirstNode"];
n -> n0;
n1[label = "While"];
n10[label = "Or"];
n100[label = "Or"];
n1000[label = "FarthestFirstNode"];
n100 -> n1000;
n1001[label = "BestMove"];
n100 -> n1001;
n10 -> n100;
n101[label = "FarthestNeighbor"];
n10 -> n101;
n1 -> n10;
n11[label = "And"];
n110[label = "CplexTerminal"];
n11 -> n110;
n111[label = "If_Then_Else"];
n1110[label = "FarthestNeighbor"];
n111 -> n1110;
n1111[label = "WorstMove"];
n111 -> n1111;
n1112[label = "NearestFirstNode"];
n111 -> n1112;
n11 -> n111;
n1 -> n11;
n -> n1;
}


Generation: 22
Best Individual:
Subpopulation 0:
Evaluated: true
Fitness: Standardized=0.12806971 Adjusted=0.88647 Hits=8
Tree 0:
digraph g {
node [shape=rectangle];
n[label = "And"];
n0[label = "FarthestFirstNode"];
n -> n0;
n1[label = "While"];
n10[label = "Or"];
n100[label = "Or"];
n1000[label = "FarthestFirstNode"];
n100 -> n1000;
n1001[label = "BestMove"];
n100 -> n1001;
n10 -> n100;
n101[label = "FarthestNeighbor"];
n10 -> n101;
n1 -> n10;
n11[label = "And"];
n110[label = "CplexTerminal"];
n11 -> n110;
n111[label = "If_Then_Else"];
n1110[label = "FarthestNeighbor"];
n111 -> n1110;
n1111[label = "WorstMove"];
n111 -> n1111;
n1112[label = "NearestFirstNode"];
n111 -> n1112;
n11 -> n111;
n1 -> n11;
n -> n1;
}


Generation: 23
Best Individual:
Subpopulation 0:
Evaluated: true
Fitness: Standardized=0.12806971 Adjusted=0.88647 Hits=8
Tree 0:
digraph g {
node [shape=rectangle];
n[label = "And"];
n0[label = "FarthestFirstNode"];
n -> n0;
n1[label = "While"];
n10[label = "Or"];
n100[label = "Or"];
n1000[label = "FarthestFirstNode"];
n100 -> n1000;
n1001[label = "BestMove"];
n100 -> n1001;
n10 -> n100;
n101[label = "FarthestNeighbor"];
n10 -> n101;
n1 -> n10;
n11[label = "And"];
n110[label = "CplexTerminal"];
n11 -> n110;
n111[label = "If_Then_Else"];
n1110[label = "FarthestNeighbor"];
n111 -> n1110;
n1111[label = "WorstMove"];
n111 -> n1111;
n1112[label = "NearestFirstNode"];
n111 -> n1112;
n11 -> n111;
n1 -> n11;
n -> n1;
}


Generation: 24
Best Individual:
Subpopulation 0:
Evaluated: true
Fitness: Standardized=0.12806971 Adjusted=0.88647 Hits=8
Tree 0:
digraph g {
node [shape=rectangle];
n[label = "And"];
n0[label = "FarthestFirstNode"];
n -> n0;
n1[label = "While"];
n10[label = "Or"];
n100[label = "Or"];
n1000[label = "FarthestFirstNode"];
n100 -> n1000;
n1001[label = "BestMove"];
n100 -> n1001;
n10 -> n100;
n101[label = "FarthestNeighbor"];
n10 -> n101;
n1 -> n10;
n11[label = "And"];
n110[label = "CplexTerminal"];
n11 -> n110;
n111[label = "If_Then_Else"];
n1110[label = "FarthestNeighbor"];
n111 -> n1110;
n1111[label = "WorstMove"];
n111 -> n1111;
n1112[label = "NearestFirstNode"];
n111 -> n1112;
n11 -> n111;
n1 -> n11;
n -> n1;
}


Generation: 25
Best Individual:
Subpopulation 0:
Evaluated: true
Fitness: Standardized=0.12806971 Adjusted=0.88647 Hits=8
Tree 0:
digraph g {
node [shape=rectangle];
n[label = "And"];
n0[label = "FarthestFirstNode"];
n -> n0;
n1[label = "While"];
n10[label = "Or"];
n100[label = "Or"];
n1000[label = "FarthestFirstNode"];
n100 -> n1000;
n1001[label = "BestMove"];
n100 -> n1001;
n10 -> n100;
n101[label = "FarthestNeighbor"];
n10 -> n101;
n1 -> n10;
n11[label = "And"];
n110[label = "CplexTerminal"];
n11 -> n110;
n111[label = "If_Then_Else"];
n1110[label = "FarthestNeighbor"];
n111 -> n1110;
n1111[label = "WorstMove"];
n111 -> n1111;
n1112[label = "NearestFirstNode"];
n111 -> n1112;
n11 -> n111;
n1 -> n11;
n -> n1;
}


Generation: 26
Best Individual:
Subpopulation 0:
Evaluated: true
Fitness: Standardized=0.12806971 Adjusted=0.88647 Hits=8
Tree 0:
digraph g {
node [shape=rectangle];
n[label = "And"];
n0[label = "FarthestFirstNode"];
n -> n0;
n1[label = "While"];
n10[label = "Or"];
n100[label = "Or"];
n1000[label = "FarthestFirstNode"];
n100 -> n1000;
n1001[label = "BestMove"];
n100 -> n1001;
n10 -> n100;
n101[label = "FarthestNeighbor"];
n10 -> n101;
n1 -> n10;
n11[label = "And"];
n110[label = "CplexTerminal"];
n11 -> n110;
n111[label = "If_Then_Else"];
n1110[label = "FarthestNeighbor"];
n111 -> n1110;
n1111[label = "WorstMove"];
n111 -> n1111;
n1112[label = "NearestFirstNode"];
n111 -> n1112;
n11 -> n111;
n1 -> n11;
n -> n1;
}


Generation: 27
Best Individual:
Subpopulation 0:
Evaluated: true
Fitness: Standardized=0.12806971 Adjusted=0.88647 Hits=8
Tree 0:
digraph g {
node [shape=rectangle];
n[label = "And"];
n0[label = "FarthestFirstNode"];
n -> n0;
n1[label = "While"];
n10[label = "Or"];
n100[label = "Or"];
n1000[label = "FarthestFirstNode"];
n100 -> n1000;
n1001[label = "BestMove"];
n100 -> n1001;
n10 -> n100;
n101[label = "FarthestNeighbor"];
n10 -> n101;
n1 -> n10;
n11[label = "And"];
n110[label = "CplexTerminal"];
n11 -> n110;
n111[label = "If_Then_Else"];
n1110[label = "FarthestNeighbor"];
n111 -> n1110;
n1111[label = "WorstMove"];
n111 -> n1111;
n1112[label = "NearestFirstNode"];
n111 -> n1112;
n11 -> n111;
n1 -> n11;
n -> n1;
}


Generation: 28
Best Individual:
Subpopulation 0:
Evaluated: true
Fitness: Standardized=0.12806971 Adjusted=0.88647 Hits=8
Tree 0:
digraph g {
node [shape=rectangle];
n[label = "And"];
n0[label = "FarthestFirstNode"];
n -> n0;
n1[label = "While"];
n10[label = "Or"];
n100[label = "Or"];
n1000[label = "FarthestFirstNode"];
n100 -> n1000;
n1001[label = "BestMove"];
n100 -> n1001;
n10 -> n100;
n101[label = "FarthestNeighbor"];
n10 -> n101;
n1 -> n10;
n11[label = "And"];
n110[label = "CplexTerminal"];
n11 -> n110;
n111[label = "If_Then_Else"];
n1110[label = "FarthestNeighbor"];
n111 -> n1110;
n1111[label = "WorstMove"];
n111 -> n1111;
n1112[label = "NearestFirstNode"];
n111 -> n1112;
n11 -> n111;
n1 -> n11;
n -> n1;
}


Generation: 29
Best Individual:
Subpopulation 0:
Evaluated: true
Fitness: Standardized=0.12806971 Adjusted=0.88647 Hits=8
Tree 0:
digraph g {
node [shape=rectangle];
n[label = "And"];
n0[label = "FarthestFirstNode"];
n -> n0;
n1[label = "While"];
n10[label = "Or"];
n100[label = "Or"];
n1000[label = "FarthestFirstNode"];
n100 -> n1000;
n1001[label = "BestMove"];
n100 -> n1001;
n10 -> n100;
n101[label = "FarthestNeighbor"];
n10 -> n101;
n1 -> n10;
n11[label = "And"];
n110[label = "CplexTerminal"];
n11 -> n110;
n111[label = "If_Then_Else"];
n1110[label = "FarthestNeighbor"];
n111 -> n1110;
n1111[label = "WorstMove"];
n111 -> n1111;
n1112[label = "NearestFirstNode"];
n111 -> n1112;
n11 -> n111;
n1 -> n11;
n -> n1;
}


Generation: 30
Best Individual:
Subpopulation 0:
Evaluated: true
Fitness: Standardized=0.12806971 Adjusted=0.88647 Hits=8
Tree 0:
digraph g {
node [shape=rectangle];
n[label = "And"];
n0[label = "FarthestFirstNode"];
n -> n0;
n1[label = "While"];
n10[label = "Or"];
n100[label = "Or"];
n1000[label = "FarthestFirstNode"];
n100 -> n1000;
n1001[label = "BestMove"];
n100 -> n1001;
n10 -> n100;
n101[label = "FarthestNeighbor"];
n10 -> n101;
n1 -> n10;
n11[label = "And"];
n110[label = "CplexTerminal"];
n11 -> n110;
n111[label = "If_Then_Else"];
n1110[label = "FarthestNeighbor"];
n111 -> n1110;
n1111[label = "WorstMove"];
n111 -> n1111;
n1112[label = "NearestFirstNode"];
n111 -> n1112;
n11 -> n111;
n1 -> n11;
n -> n1;
}


Generation: 31
Best Individual:
Subpopulation 0:
Evaluated: true
Fitness: Standardized=0.12806971 Adjusted=0.88647 Hits=8
Tree 0:
digraph g {
node [shape=rectangle];
n[label = "And"];
n0[label = "FarthestFirstNode"];
n -> n0;
n1[label = "While"];
n10[label = "Or"];
n100[label = "Or"];
n1000[label = "FarthestFirstNode"];
n100 -> n1000;
n1001[label = "BestMove"];
n100 -> n1001;
n10 -> n100;
n101[label = "FarthestNeighbor"];
n10 -> n101;
n1 -> n10;
n11[label = "And"];
n110[label = "CplexTerminal"];
n11 -> n110;
n111[label = "If_Then_Else"];
n1110[label = "FarthestNeighbor"];
n111 -> n1110;
n1111[label = "WorstMove"];
n111 -> n1111;
n1112[label = "NearestFirstNode"];
n111 -> n1112;
n11 -> n111;
n1 -> n11;
n -> n1;
}


Generation: 32
Best Individual:
Subpopulation 0:
Evaluated: true
Fitness: Standardized=0.12806971 Adjusted=0.88647 Hits=8
Tree 0:
digraph g {
node [shape=rectangle];
n[label = "And"];
n0[label = "FarthestFirstNode"];
n -> n0;
n1[label = "While"];
n10[label = "Or"];
n100[label = "Or"];
n1000[label = "FarthestFirstNode"];
n100 -> n1000;
n1001[label = "BestMove"];
n100 -> n1001;
n10 -> n100;
n101[label = "FarthestNeighbor"];
n10 -> n101;
n1 -> n10;
n11[label = "And"];
n110[label = "CplexTerminal"];
n11 -> n110;
n111[label = "If_Then_Else"];
n1110[label = "FarthestNeighbor"];
n111 -> n1110;
n1111[label = "WorstMove"];
n111 -> n1111;
n1112[label = "NearestFirstNode"];
n111 -> n1112;
n11 -> n111;
n1 -> n11;
n -> n1;
}


Generation: 33
Best Individual:
Subpopulation 0:
Evaluated: true
Fitness: Standardized=0.12806971 Adjusted=0.88647 Hits=8
Tree 0:
digraph g {
node [shape=rectangle];
n[label = "And"];
n0[label = "FarthestFirstNode"];
n -> n0;
n1[label = "While"];
n10[label = "Or"];
n100[label = "Or"];
n1000[label = "FarthestFirstNode"];
n100 -> n1000;
n1001[label = "BestMove"];
n100 -> n1001;
n10 -> n100;
n101[label = "FarthestNeighbor"];
n10 -> n101;
n1 -> n10;
n11[label = "And"];
n110[label = "CplexTerminal"];
n11 -> n110;
n111[label = "If_Then_Else"];
n1110[label = "FarthestNeighbor"];
n111 -> n1110;
n1111[label = "WorstMove"];
n111 -> n1111;
n1112[label = "NearestFirstNode"];
n111 -> n1112;
n11 -> n111;
n1 -> n11;
n -> n1;
}


Generation: 34
Best Individual:
Subpopulation 0:
Evaluated: true
Fitness: Standardized=0.12806971 Adjusted=0.88647 Hits=8
Tree 0:
digraph g {
node [shape=rectangle];
n[label = "And"];
n0[label = "FarthestFirstNode"];
n -> n0;
n1[label = "While"];
n10[label = "Or"];
n100[label = "Or"];
n1000[label = "FarthestFirstNode"];
n100 -> n1000;
n1001[label = "BestMove"];
n100 -> n1001;
n10 -> n100;
n101[label = "FarthestNeighbor"];
n10 -> n101;
n1 -> n10;
n11[label = "And"];
n110[label = "CplexTerminal"];
n11 -> n110;
n111[label = "If_Then_Else"];
n1110[label = "FarthestNeighbor"];
n111 -> n1110;
n1111[label = "WorstMove"];
n111 -> n1111;
n1112[label = "NearestFirstNode"];
n111 -> n1112;
n11 -> n111;
n1 -> n11;
n -> n1;
}


Generation: 35
Best Individual:
Subpopulation 0:
Evaluated: true
Fitness: Standardized=0.12806971 Adjusted=0.88647 Hits=8
Tree 0:
digraph g {
node [shape=rectangle];
n[label = "And"];
n0[label = "FarthestFirstNode"];
n -> n0;
n1[label = "While"];
n10[label = "Or"];
n100[label = "Or"];
n1000[label = "FarthestFirstNode"];
n100 -> n1000;
n1001[label = "BestMove"];
n100 -> n1001;
n10 -> n100;
n101[label = "FarthestNeighbor"];
n10 -> n101;
n1 -> n10;
n11[label = "And"];
n110[label = "CplexTerminal"];
n11 -> n110;
n111[label = "If_Then_Else"];
n1110[label = "FarthestNeighbor"];
n111 -> n1110;
n1111[label = "WorstMove"];
n111 -> n1111;
n1112[label = "NearestFirstNode"];
n111 -> n1112;
n11 -> n111;
n1 -> n11;
n -> n1;
}


Generation: 36
Best Individual:
Subpopulation 0:
Evaluated: true
Fitness: Standardized=0.12806971 Adjusted=0.88647 Hits=8
Tree 0:
digraph g {
node [shape=rectangle];
n[label = "And"];
n0[label = "FarthestFirstNode"];
n -> n0;
n1[label = "While"];
n10[label = "Or"];
n100[label = "Or"];
n1000[label = "FarthestFirstNode"];
n100 -> n1000;
n1001[label = "BestMove"];
n100 -> n1001;
n10 -> n100;
n101[label = "FarthestNeighbor"];
n10 -> n101;
n1 -> n10;
n11[label = "And"];
n110[label = "CplexTerminal"];
n11 -> n110;
n111[label = "If_Then_Else"];
n1110[label = "FarthestNeighbor"];
n111 -> n1110;
n1111[label = "WorstMove"];
n111 -> n1111;
n1112[label = "NearestFirstNode"];
n111 -> n1112;
n11 -> n111;
n1 -> n11;
n -> n1;
}


Generation: 37
Best Individual:
Subpopulation 0:
Evaluated: true
Fitness: Standardized=0.11994701 Adjusted=0.89289945 Hits=6
Tree 0:
digraph g {
node [shape=rectangle];
n[label = "And"];
n0[label = "FarthestFirstNode"];
n -> n0;
n1[label = "While"];
n10[label = "Or"];
n100[label = "BestMove"];
n10 -> n100;
n101[label = "FarthestNeighbor"];
n10 -> n101;
n1 -> n10;
n11[label = "And"];
n110[label = "CplexTerminal"];
n11 -> n110;
n111[label = "If_Then_Else"];
n1110[label = "FarthestNeighbor"];
n111 -> n1110;
n1111[label = "WorstMove"];
n111 -> n1111;
n1112[label = "NearestFirstNode"];
n111 -> n1112;
n11 -> n111;
n1 -> n11;
n -> n1;
}


Generation: 38
Best Individual:
Subpopulation 0:
Evaluated: true
Fitness: Standardized=0.11994701 Adjusted=0.89289945 Hits=6
Tree 0:
digraph g {
node [shape=rectangle];
n[label = "And"];
n0[label = "FarthestFirstNode"];
n -> n0;
n1[label = "While"];
n10[label = "Or"];
n100[label = "BestMove"];
n10 -> n100;
n101[label = "FarthestNeighbor"];
n10 -> n101;
n1 -> n10;
n11[label = "And"];
n110[label = "CplexTerminal"];
n11 -> n110;
n111[label = "If_Then_Else"];
n1110[label = "FarthestNeighbor"];
n111 -> n1110;
n1111[label = "WorstMove"];
n111 -> n1111;
n1112[label = "NearestFirstNode"];
n111 -> n1112;
n11 -> n111;
n1 -> n11;
n -> n1;
}


Generation: 39
Best Individual:
Subpopulation 0:
Evaluated: true
Fitness: Standardized=0.11018142 Adjusted=0.9007537 Hits=6
Tree 0:
digraph g {
node [shape=rectangle];
n[label = "And"];
n0[label = "FarthestFirstNode"];
n -> n0;
n1[label = "While"];
n10[label = "Or"];
n100[label = "BestMove"];
n10 -> n100;
n101[label = "FarthestNeighbor"];
n10 -> n101;
n1 -> n10;
n11[label = "And"];
n110[label = "CplexTerminal"];
n11 -> n110;
n111[label = "BestMove"];
n11 -> n111;
n1 -> n11;
n -> n1;
}


Generation: 40
Best Individual:
Subpopulation 0:
Evaluated: true
Fitness: Standardized=0.11018142 Adjusted=0.9007537 Hits=6
Tree 0:
digraph g {
node [shape=rectangle];
n[label = "And"];
n0[label = "FarthestFirstNode"];
n -> n0;
n1[label = "While"];
n10[label = "Or"];
n100[label = "BestMove"];
n10 -> n100;
n101[label = "FarthestNeighbor"];
n10 -> n101;
n1 -> n10;
n11[label = "And"];
n110[label = "CplexTerminal"];
n11 -> n110;
n111[label = "BestMove"];
n11 -> n111;
n1 -> n11;
n -> n1;
}


Generation: 41
Best Individual:
Subpopulation 0:
Evaluated: true
Fitness: Standardized=0.11018142 Adjusted=0.9007537 Hits=6
Tree 0:
digraph g {
node [shape=rectangle];
n[label = "And"];
n0[label = "FarthestFirstNode"];
n -> n0;
n1[label = "While"];
n10[label = "Or"];
n100[label = "BestMove"];
n10 -> n100;
n101[label = "FarthestNeighbor"];
n10 -> n101;
n1 -> n10;
n11[label = "And"];
n110[label = "CplexTerminal"];
n11 -> n110;
n111[label = "BestMove"];
n11 -> n111;
n1 -> n11;
n -> n1;
}


Generation: 42
Best Individual:
Subpopulation 0:
Evaluated: true
Fitness: Standardized=0.11018142 Adjusted=0.9007537 Hits=6
Tree 0:
digraph g {
node [shape=rectangle];
n[label = "And"];
n0[label = "FarthestFirstNode"];
n -> n0;
n1[label = "While"];
n10[label = "Or"];
n100[label = "BestMove"];
n10 -> n100;
n101[label = "FarthestNeighbor"];
n10 -> n101;
n1 -> n10;
n11[label = "And"];
n110[label = "CplexTerminal"];
n11 -> n110;
n111[label = "BestMove"];
n11 -> n111;
n1 -> n11;
n -> n1;
}


Generation: 43
Best Individual:
Subpopulation 0:
Evaluated: true
Fitness: Standardized=0.11018142 Adjusted=0.9007537 Hits=6
Tree 0:
digraph g {
node [shape=rectangle];
n[label = "And"];
n0[label = "FarthestFirstNode"];
n -> n0;
n1[label = "While"];
n10[label = "Or"];
n100[label = "BestMove"];
n10 -> n100;
n101[label = "FarthestNeighbor"];
n10 -> n101;
n1 -> n10;
n11[label = "And"];
n110[label = "CplexTerminal"];
n11 -> n110;
n111[label = "BestMove"];
n11 -> n111;
n1 -> n11;
n -> n1;
}


Generation: 44
Best Individual:
Subpopulation 0:
Evaluated: true
Fitness: Standardized=0.11018142 Adjusted=0.9007537 Hits=6
Tree 0:
digraph g {
node [shape=rectangle];
n[label = "And"];
n0[label = "FarthestFirstNode"];
n -> n0;
n1[label = "While"];
n10[label = "Or"];
n100[label = "BestMove"];
n10 -> n100;
n101[label = "FarthestNeighbor"];
n10 -> n101;
n1 -> n10;
n11[label = "And"];
n110[label = "CplexTerminal"];
n11 -> n110;
n111[label = "BestMove"];
n11 -> n111;
n1 -> n11;
n -> n1;
}


Generation: 45
Best Individual:
Subpopulation 0:
Evaluated: true
Fitness: Standardized=0.11018142 Adjusted=0.9007537 Hits=6
Tree 0:
digraph g {
node [shape=rectangle];
n[label = "And"];
n0[label = "FarthestFirstNode"];
n -> n0;
n1[label = "While"];
n10[label = "Or"];
n100[label = "BestMove"];
n10 -> n100;
n101[label = "FarthestNeighbor"];
n10 -> n101;
n1 -> n10;
n11[label = "And"];
n110[label = "CplexTerminal"];
n11 -> n110;
n111[label = "BestMove"];
n11 -> n111;
n1 -> n11;
n -> n1;
}


Generation: 46
Best Individual:
Subpopulation 0:
Evaluated: true
Fitness: Standardized=0.10582946 Adjusted=0.90429854 Hits=7
Tree 0:
digraph g {
node [shape=rectangle];
n[label = "And"];
n0[label = "Or"];
n00[label = "BestMove"];
n0 -> n00;
n01[label = "FarthestNeighbor"];
n0 -> n01;
n -> n0;
n1[label = "While"];
n10[label = "Or"];
n100[label = "BestMove"];
n10 -> n100;
n101[label = "FarthestNeighbor"];
n10 -> n101;
n1 -> n10;
n11[label = "And"];
n110[label = "CplexTerminal"];
n11 -> n110;
n111[label = "BestMove"];
n11 -> n111;
n1 -> n11;
n -> n1;
}


Generation: 47
Best Individual:
Subpopulation 0:
Evaluated: true
Fitness: Standardized=0.10582946 Adjusted=0.90429854 Hits=7
Tree 0:
digraph g {
node [shape=rectangle];
n[label = "And"];
n0[label = "Or"];
n00[label = "BestMove"];
n0 -> n00;
n01[label = "FarthestNeighbor"];
n0 -> n01;
n -> n0;
n1[label = "While"];
n10[label = "Or"];
n100[label = "BestMove"];
n10 -> n100;
n101[label = "FarthestNeighbor"];
n10 -> n101;
n1 -> n10;
n11[label = "And"];
n110[label = "CplexTerminal"];
n11 -> n110;
n111[label = "BestMove"];
n11 -> n111;
n1 -> n11;
n -> n1;
}


Generation: 48
Best Individual:
Subpopulation 0:
Evaluated: true
Fitness: Standardized=0.09462146 Adjusted=0.9135579 Hits=8
Tree 0:
digraph g {
node [shape=rectangle];
n[label = "And"];
n0[label = "Or"];
n00[label = "BestMove"];
n0 -> n00;
n01[label = "FarthestNeighbor"];
n0 -> n01;
n -> n0;
n1[label = "While"];
n10[label = "Or"];
n100[label = "BestMove"];
n10 -> n100;
n101[label = "FarthestNeighbor"];
n10 -> n101;
n1 -> n10;
n11[label = "And"];
n110[label = "CplexTerminal"];
n11 -> n110;
n111[label = "FarthestFirstNode"];
n11 -> n111;
n1 -> n11;
n -> n1;
}


Generation: 49
Best Individual:
Subpopulation 0:
Evaluated: true
Fitness: Standardized=0.09462146 Adjusted=0.9135579 Hits=8
Tree 0:
digraph g {
node [shape=rectangle];
n[label = "And"];
n0[label = "Or"];
n00[label = "BestMove"];
n0 -> n00;
n01[label = "FarthestNeighbor"];
n0 -> n01;
n -> n0;
n1[label = "While"];
n10[label = "Or"];
n100[label = "BestMove"];
n10 -> n100;
n101[label = "FarthestNeighbor"];
n10 -> n101;
n1 -> n10;
n11[label = "And"];
n110[label = "CplexTerminal"];
n11 -> n110;
n111[label = "FarthestFirstNode"];
n11 -> n111;
n1 -> n11;
n -> n1;
}


Generation: 50
Best Individual:
Subpopulation 0:
Evaluated: true
Fitness: Standardized=0.09462146 Adjusted=0.9135579 Hits=8
Tree 0:
digraph g {
node [shape=rectangle];
n[label = "And"];
n0[label = "Or"];
n00[label = "BestMove"];
n0 -> n00;
n01[label = "FarthestNeighbor"];
n0 -> n01;
n -> n0;
n1[label = "While"];
n10[label = "Or"];
n100[label = "BestMove"];
n10 -> n100;
n101[label = "FarthestNeighbor"];
n10 -> n101;
n1 -> n10;
n11[label = "And"];
n110[label = "CplexTerminal"];
n11 -> n110;
n111[label = "FarthestFirstNode"];
n11 -> n111;
n1 -> n11;
n -> n1;
}


Generation: 51
Best Individual:
Subpopulation 0:
Evaluated: true
Fitness: Standardized=0.09462146 Adjusted=0.9135579 Hits=8
Tree 0:
digraph g {
node [shape=rectangle];
n[label = "And"];
n0[label = "Or"];
n00[label = "BestMove"];
n0 -> n00;
n01[label = "FarthestNeighbor"];
n0 -> n01;
n -> n0;
n1[label = "While"];
n10[label = "Or"];
n100[label = "BestMove"];
n10 -> n100;
n101[label = "FarthestNeighbor"];
n10 -> n101;
n1 -> n10;
n11[label = "And"];
n110[label = "CplexTerminal"];
n11 -> n110;
n111[label = "FarthestFirstNode"];
n11 -> n111;
n1 -> n11;
n -> n1;
}


Generation: 52
Best Individual:
Subpopulation 0:
Evaluated: true
Fitness: Standardized=0.09462146 Adjusted=0.9135579 Hits=8
Tree 0:
digraph g {
node [shape=rectangle];
n[label = "And"];
n0[label = "Or"];
n00[label = "BestMove"];
n0 -> n00;
n01[label = "FarthestNeighbor"];
n0 -> n01;
n -> n0;
n1[label = "While"];
n10[label = "Or"];
n100[label = "BestMove"];
n10 -> n100;
n101[label = "FarthestNeighbor"];
n10 -> n101;
n1 -> n10;
n11[label = "And"];
n110[label = "CplexTerminal"];
n11 -> n110;
n111[label = "FarthestFirstNode"];
n11 -> n111;
n1 -> n11;
n -> n1;
}


Generation: 53
Best Individual:
Subpopulation 0:
Evaluated: true
Fitness: Standardized=0.09462146 Adjusted=0.9135579 Hits=8
Tree 0:
digraph g {
node [shape=rectangle];
n[label = "And"];
n0[label = "Or"];
n00[label = "BestMove"];
n0 -> n00;
n01[label = "FarthestNeighbor"];
n0 -> n01;
n -> n0;
n1[label = "While"];
n10[label = "Or"];
n100[label = "BestMove"];
n10 -> n100;
n101[label = "FarthestNeighbor"];
n10 -> n101;
n1 -> n10;
n11[label = "And"];
n110[label = "CplexTerminal"];
n11 -> n110;
n111[label = "FarthestFirstNode"];
n11 -> n111;
n1 -> n11;
n -> n1;
}


Generation: 54
Best Individual:
Subpopulation 0:
Evaluated: true
Fitness: Standardized=0.09462146 Adjusted=0.9135579 Hits=8
Tree 0:
digraph g {
node [shape=rectangle];
n[label = "And"];
n0[label = "Or"];
n00[label = "BestMove"];
n0 -> n00;
n01[label = "FarthestNeighbor"];
n0 -> n01;
n -> n0;
n1[label = "While"];
n10[label = "Or"];
n100[label = "BestMove"];
n10 -> n100;
n101[label = "FarthestNeighbor"];
n10 -> n101;
n1 -> n10;
n11[label = "And"];
n110[label = "CplexTerminal"];
n11 -> n110;
n111[label = "FarthestFirstNode"];
n11 -> n111;
n1 -> n11;
n -> n1;
}


Generation: 55
Best Individual:
Subpopulation 0:
Evaluated: true
Fitness: Standardized=0.09462146 Adjusted=0.9135579 Hits=8
Tree 0:
digraph g {
node [shape=rectangle];
n[label = "And"];
n0[label = "Or"];
n00[label = "BestMove"];
n0 -> n00;
n01[label = "FarthestNeighbor"];
n0 -> n01;
n -> n0;
n1[label = "While"];
n10[label = "Or"];
n100[label = "BestMove"];
n10 -> n100;
n101[label = "FarthestNeighbor"];
n10 -> n101;
n1 -> n10;
n11[label = "And"];
n110[label = "CplexTerminal"];
n11 -> n110;
n111[label = "FarthestFirstNode"];
n11 -> n111;
n1 -> n11;
n -> n1;
}


Generation: 56
Best Individual:
Subpopulation 0:
Evaluated: true
Fitness: Standardized=0.09462146 Adjusted=0.9135579 Hits=8
Tree 0:
digraph g {
node [shape=rectangle];
n[label = "And"];
n0[label = "Or"];
n00[label = "BestMove"];
n0 -> n00;
n01[label = "FarthestNeighbor"];
n0 -> n01;
n -> n0;
n1[label = "While"];
n10[label = "Or"];
n100[label = "BestMove"];
n10 -> n100;
n101[label = "FarthestNeighbor"];
n10 -> n101;
n1 -> n10;
n11[label = "And"];
n110[label = "CplexTerminal"];
n11 -> n110;
n111[label = "FarthestFirstNode"];
n11 -> n111;
n1 -> n11;
n -> n1;
}


Generation: 57
Best Individual:
Subpopulation 0:
Evaluated: true
Fitness: Standardized=0.09462146 Adjusted=0.9135579 Hits=8
Tree 0:
digraph g {
node [shape=rectangle];
n[label = "And"];
n0[label = "Or"];
n00[label = "BestMove"];
n0 -> n00;
n01[label = "FarthestNeighbor"];
n0 -> n01;
n -> n0;
n1[label = "While"];
n10[label = "Or"];
n100[label = "BestMove"];
n10 -> n100;
n101[label = "FarthestNeighbor"];
n10 -> n101;
n1 -> n10;
n11[label = "And"];
n110[label = "CplexTerminal"];
n11 -> n110;
n111[label = "FarthestFirstNode"];
n11 -> n111;
n1 -> n11;
n -> n1;
}


Generation: 58
Best Individual:
Subpopulation 0:
Evaluated: true
Fitness: Standardized=0.09462146 Adjusted=0.9135579 Hits=8
Tree 0:
digraph g {
node [shape=rectangle];
n[label = "And"];
n0[label = "Or"];
n00[label = "BestMove"];
n0 -> n00;
n01[label = "FarthestNeighbor"];
n0 -> n01;
n -> n0;
n1[label = "While"];
n10[label = "Or"];
n100[label = "BestMove"];
n10 -> n100;
n101[label = "FarthestNeighbor"];
n10 -> n101;
n1 -> n10;
n11[label = "And"];
n110[label = "CplexTerminal"];
n11 -> n110;
n111[label = "FarthestFirstNode"];
n11 -> n111;
n1 -> n11;
n -> n1;
}


Generation: 59
Best Individual:
Subpopulation 0:
Evaluated: true
Fitness: Standardized=0.09462146 Adjusted=0.9135579 Hits=8
Tree 0:
digraph g {
node [shape=rectangle];
n[label = "And"];
n0[label = "Or"];
n00[label = "BestMove"];
n0 -> n00;
n01[label = "FarthestNeighbor"];
n0 -> n01;
n -> n0;
n1[label = "While"];
n10[label = "Or"];
n100[label = "BestMove"];
n10 -> n100;
n101[label = "FarthestNeighbor"];
n10 -> n101;
n1 -> n10;
n11[label = "And"];
n110[label = "CplexTerminal"];
n11 -> n110;
n111[label = "FarthestFirstNode"];
n11 -> n111;
n1 -> n11;
n -> n1;
}


Generation: 60
Best Individual:
Subpopulation 0:
Evaluated: true
Fitness: Standardized=0.09462146 Adjusted=0.9135579 Hits=8
Tree 0:
digraph g {
node [shape=rectangle];
n[label = "And"];
n0[label = "Or"];
n00[label = "BestMove"];
n0 -> n00;
n01[label = "FarthestNeighbor"];
n0 -> n01;
n -> n0;
n1[label = "While"];
n10[label = "Or"];
n100[label = "BestMove"];
n10 -> n100;
n101[label = "FarthestNeighbor"];
n10 -> n101;
n1 -> n10;
n11[label = "And"];
n110[label = "CplexTerminal"];
n11 -> n110;
n111[label = "FarthestFirstNode"];
n11 -> n111;
n1 -> n11;
n -> n1;
}


Generation: 61
Best Individual:
Subpopulation 0:
Evaluated: true
Fitness: Standardized=0.09462146 Adjusted=0.9135579 Hits=8
Tree 0:
digraph g {
node [shape=rectangle];
n[label = "And"];
n0[label = "Or"];
n00[label = "BestMove"];
n0 -> n00;
n01[label = "FarthestNeighbor"];
n0 -> n01;
n -> n0;
n1[label = "While"];
n10[label = "Or"];
n100[label = "BestMove"];
n10 -> n100;
n101[label = "FarthestNeighbor"];
n10 -> n101;
n1 -> n10;
n11[label = "And"];
n110[label = "CplexTerminal"];
n11 -> n110;
n111[label = "FarthestFirstNode"];
n11 -> n111;
n1 -> n11;
n -> n1;
}


Generation: 62
Best Individual:
Subpopulation 0:
Evaluated: true
Fitness: Standardized=0.09462146 Adjusted=0.9135579 Hits=8
Tree 0:
digraph g {
node [shape=rectangle];
n[label = "And"];
n0[label = "Or"];
n00[label = "BestMove"];
n0 -> n00;
n01[label = "FarthestNeighbor"];
n0 -> n01;
n -> n0;
n1[label = "While"];
n10[label = "Or"];
n100[label = "BestMove"];
n10 -> n100;
n101[label = "FarthestNeighbor"];
n10 -> n101;
n1 -> n10;
n11[label = "And"];
n110[label = "CplexTerminal"];
n11 -> n110;
n111[label = "FarthestFirstNode"];
n11 -> n111;
n1 -> n11;
n -> n1;
}


Generation: 63
Best Individual:
Subpopulation 0:
Evaluated: true
Fitness: Standardized=0.09462146 Adjusted=0.9135579 Hits=8
Tree 0:
digraph g {
node [shape=rectangle];
n[label = "And"];
n0[label = "Or"];
n00[label = "BestMove"];
n0 -> n00;
n01[label = "FarthestNeighbor"];
n0 -> n01;
n -> n0;
n1[label = "While"];
n10[label = "Or"];
n100[label = "BestMove"];
n10 -> n100;
n101[label = "FarthestNeighbor"];
n10 -> n101;
n1 -> n10;
n11[label = "And"];
n110[label = "CplexTerminal"];
n11 -> n110;
n111[label = "FarthestFirstNode"];
n11 -> n111;
n1 -> n11;
n -> n1;
}


Generation: 64
Best Individual:
Subpopulation 0:
Evaluated: true
Fitness: Standardized=0.09462146 Adjusted=0.9135579 Hits=8
Tree 0:
digraph g {
node [shape=rectangle];
n[label = "And"];
n0[label = "Or"];
n00[label = "BestMove"];
n0 -> n00;
n01[label = "FarthestNeighbor"];
n0 -> n01;
n -> n0;
n1[label = "While"];
n10[label = "Or"];
n100[label = "BestMove"];
n10 -> n100;
n101[label = "FarthestNeighbor"];
n10 -> n101;
n1 -> n10;
n11[label = "And"];
n110[label = "CplexTerminal"];
n11 -> n110;
n111[label = "FarthestFirstNode"];
n11 -> n111;
n1 -> n11;
n -> n1;
}


Generation: 65
Best Individual:
Subpopulation 0:
Evaluated: true
Fitness: Standardized=0.09462146 Adjusted=0.9135579 Hits=8
Tree 0:
digraph g {
node [shape=rectangle];
n[label = "And"];
n0[label = "Or"];
n00[label = "BestMove"];
n0 -> n00;
n01[label = "FarthestNeighbor"];
n0 -> n01;
n -> n0;
n1[label = "While"];
n10[label = "Or"];
n100[label = "BestMove"];
n10 -> n100;
n101[label = "FarthestNeighbor"];
n10 -> n101;
n1 -> n10;
n11[label = "And"];
n110[label = "CplexTerminal"];
n11 -> n110;
n111[label = "FarthestFirstNode"];
n11 -> n111;
n1 -> n11;
n -> n1;
}


Generation: 66
Best Individual:
Subpopulation 0:
Evaluated: true
Fitness: Standardized=0.09462146 Adjusted=0.9135579 Hits=8
Tree 0:
digraph g {
node [shape=rectangle];
n[label = "And"];
n0[label = "Or"];
n00[label = "BestMove"];
n0 -> n00;
n01[label = "FarthestNeighbor"];
n0 -> n01;
n -> n0;
n1[label = "While"];
n10[label = "Or"];
n100[label = "BestMove"];
n10 -> n100;
n101[label = "FarthestNeighbor"];
n10 -> n101;
n1 -> n10;
n11[label = "And"];
n110[label = "CplexTerminal"];
n11 -> n110;
n111[label = "FarthestFirstNode"];
n11 -> n111;
n1 -> n11;
n -> n1;
}


Generation: 67
Best Individual:
Subpopulation 0:
Evaluated: true
Fitness: Standardized=0.09462146 Adjusted=0.9135579 Hits=8
Tree 0:
digraph g {
node [shape=rectangle];
n[label = "And"];
n0[label = "Or"];
n00[label = "BestMove"];
n0 -> n00;
n01[label = "FarthestNeighbor"];
n0 -> n01;
n -> n0;
n1[label = "While"];
n10[label = "Or"];
n100[label = "BestMove"];
n10 -> n100;
n101[label = "FarthestNeighbor"];
n10 -> n101;
n1 -> n10;
n11[label = "And"];
n110[label = "CplexTerminal"];
n11 -> n110;
n111[label = "FarthestFirstNode"];
n11 -> n111;
n1 -> n11;
n -> n1;
}


Generation: 68
Best Individual:
Subpopulation 0:
Evaluated: true
Fitness: Standardized=0.09462146 Adjusted=0.9135579 Hits=8
Tree 0:
digraph g {
node [shape=rectangle];
n[label = "And"];
n0[label = "Or"];
n00[label = "BestMove"];
n0 -> n00;
n01[label = "FarthestNeighbor"];
n0 -> n01;
n -> n0;
n1[label = "While"];
n10[label = "Or"];
n100[label = "BestMove"];
n10 -> n100;
n101[label = "FarthestNeighbor"];
n10 -> n101;
n1 -> n10;
n11[label = "And"];
n110[label = "CplexTerminal"];
n11 -> n110;
n111[label = "FarthestFirstNode"];
n11 -> n111;
n1 -> n11;
n -> n1;
}


Generation: 69
Best Individual:
Subpopulation 0:
Evaluated: true
Fitness: Standardized=0.09462146 Adjusted=0.9135579 Hits=8
Tree 0:
digraph g {
node [shape=rectangle];
n[label = "And"];
n0[label = "Or"];
n00[label = "BestMove"];
n0 -> n00;
n01[label = "FarthestNeighbor"];
n0 -> n01;
n -> n0;
n1[label = "While"];
n10[label = "Or"];
n100[label = "BestMove"];
n10 -> n100;
n101[label = "FarthestNeighbor"];
n10 -> n101;
n1 -> n10;
n11[label = "And"];
n110[label = "CplexTerminal"];
n11 -> n110;
n111[label = "FarthestFirstNode"];
n11 -> n111;
n1 -> n11;
n -> n1;
}


Generation: 70
Best Individual:
Subpopulation 0:
Evaluated: true
Fitness: Standardized=0.09462146 Adjusted=0.9135579 Hits=8
Tree 0:
digraph g {
node [shape=rectangle];
n[label = "And"];
n0[label = "Or"];
n00[label = "BestMove"];
n0 -> n00;
n01[label = "FarthestNeighbor"];
n0 -> n01;
n -> n0;
n1[label = "While"];
n10[label = "Or"];
n100[label = "BestMove"];
n10 -> n100;
n101[label = "FarthestNeighbor"];
n10 -> n101;
n1 -> n10;
n11[label = "And"];
n110[label = "CplexTerminal"];
n11 -> n110;
n111[label = "FarthestFirstNode"];
n11 -> n111;
n1 -> n11;
n -> n1;
}


Generation: 71
Best Individual:
Subpopulation 0:
Evaluated: true
Fitness: Standardized=0.09462146 Adjusted=0.9135579 Hits=8
Tree 0:
digraph g {
node [shape=rectangle];
n[label = "And"];
n0[label = "Or"];
n00[label = "BestMove"];
n0 -> n00;
n01[label = "FarthestNeighbor"];
n0 -> n01;
n -> n0;
n1[label = "While"];
n10[label = "Or"];
n100[label = "BestMove"];
n10 -> n100;
n101[label = "FarthestNeighbor"];
n10 -> n101;
n1 -> n10;
n11[label = "And"];
n110[label = "CplexTerminal"];
n11 -> n110;
n111[label = "FarthestFirstNode"];
n11 -> n111;
n1 -> n11;
n -> n1;
}


Generation: 72
Best Individual:
Subpopulation 0:
Evaluated: true
Fitness: Standardized=0.09462146 Adjusted=0.9135579 Hits=8
Tree 0:
digraph g {
node [shape=rectangle];
n[label = "And"];
n0[label = "Or"];
n00[label = "BestMove"];
n0 -> n00;
n01[label = "FarthestNeighbor"];
n0 -> n01;
n -> n0;
n1[label = "While"];
n10[label = "Or"];
n100[label = "BestMove"];
n10 -> n100;
n101[label = "FarthestNeighbor"];
n10 -> n101;
n1 -> n10;
n11[label = "And"];
n110[label = "CplexTerminal"];
n11 -> n110;
n111[label = "FarthestFirstNode"];
n11 -> n111;
n1 -> n11;
n -> n1;
}


Generation: 73
Best Individual:
Subpopulation 0:
Evaluated: true
Fitness: Standardized=0.09462146 Adjusted=0.9135579 Hits=8
Tree 0:
digraph g {
node [shape=rectangle];
n[label = "And"];
n0[label = "Or"];
n00[label = "BestMove"];
n0 -> n00;
n01[label = "FarthestNeighbor"];
n0 -> n01;
n -> n0;
n1[label = "While"];
n10[label = "Or"];
n100[label = "BestMove"];
n10 -> n100;
n101[label = "FarthestNeighbor"];
n10 -> n101;
n1 -> n10;
n11[label = "And"];
n110[label = "CplexTerminal"];
n11 -> n110;
n111[label = "FarthestFirstNode"];
n11 -> n111;
n1 -> n11;
n -> n1;
}


Generation: 74
Best Individual:
Subpopulation 0:
Evaluated: true
Fitness: Standardized=0.09462146 Adjusted=0.9135579 Hits=8
Tree 0:
digraph g {
node [shape=rectangle];
n[label = "And"];
n0[label = "Or"];
n00[label = "BestMove"];
n0 -> n00;
n01[label = "FarthestNeighbor"];
n0 -> n01;
n -> n0;
n1[label = "While"];
n10[label = "Or"];
n100[label = "BestMove"];
n10 -> n100;
n101[label = "FarthestNeighbor"];
n10 -> n101;
n1 -> n10;
n11[label = "And"];
n110[label = "CplexTerminal"];
n11 -> n110;
n111[label = "FarthestFirstNode"];
n11 -> n111;
n1 -> n11;
n -> n1;
}


Generation: 75
Best Individual:
Subpopulation 0:
Evaluated: true
Fitness: Standardized=0.09462146 Adjusted=0.9135579 Hits=8
Tree 0:
digraph g {
node [shape=rectangle];
n[label = "And"];
n0[label = "Or"];
n00[label = "BestMove"];
n0 -> n00;
n01[label = "FarthestNeighbor"];
n0 -> n01;
n -> n0;
n1[label = "While"];
n10[label = "Or"];
n100[label = "BestMove"];
n10 -> n100;
n101[label = "FarthestNeighbor"];
n10 -> n101;
n1 -> n10;
n11[label = "And"];
n110[label = "CplexTerminal"];
n11 -> n110;
n111[label = "FarthestFirstNode"];
n11 -> n111;
n1 -> n11;
n -> n1;
}


Generation: 76
Best Individual:
Subpopulation 0:
Evaluated: true
Fitness: Standardized=0.09462146 Adjusted=0.9135579 Hits=8
Tree 0:
digraph g {
node [shape=rectangle];
n[label = "And"];
n0[label = "Or"];
n00[label = "BestMove"];
n0 -> n00;
n01[label = "FarthestNeighbor"];
n0 -> n01;
n -> n0;
n1[label = "While"];
n10[label = "Or"];
n100[label = "BestMove"];
n10 -> n100;
n101[label = "FarthestNeighbor"];
n10 -> n101;
n1 -> n10;
n11[label = "And"];
n110[label = "CplexTerminal"];
n11 -> n110;
n111[label = "FarthestFirstNode"];
n11 -> n111;
n1 -> n11;
n -> n1;
}


Generation: 77
Best Individual:
Subpopulation 0:
Evaluated: true
Fitness: Standardized=0.09462146 Adjusted=0.9135579 Hits=8
Tree 0:
digraph g {
node [shape=rectangle];
n[label = "And"];
n0[label = "Or"];
n00[label = "BestMove"];
n0 -> n00;
n01[label = "FarthestNeighbor"];
n0 -> n01;
n -> n0;
n1[label = "While"];
n10[label = "Or"];
n100[label = "BestMove"];
n10 -> n100;
n101[label = "FarthestNeighbor"];
n10 -> n101;
n1 -> n10;
n11[label = "And"];
n110[label = "CplexTerminal"];
n11 -> n110;
n111[label = "FarthestFirstNode"];
n11 -> n111;
n1 -> n11;
n -> n1;
}


Generation: 78
Best Individual:
Subpopulation 0:
Evaluated: true
Fitness: Standardized=0.09462146 Adjusted=0.9135579 Hits=8
Tree 0:
digraph g {
node [shape=rectangle];
n[label = "And"];
n0[label = "Or"];
n00[label = "BestMove"];
n0 -> n00;
n01[label = "FarthestNeighbor"];
n0 -> n01;
n -> n0;
n1[label = "While"];
n10[label = "Or"];
n100[label = "BestMove"];
n10 -> n100;
n101[label = "FarthestNeighbor"];
n10 -> n101;
n1 -> n10;
n11[label = "And"];
n110[label = "CplexTerminal"];
n11 -> n110;
n111[label = "FarthestFirstNode"];
n11 -> n111;
n1 -> n11;
n -> n1;
}


Generation: 79
Best Individual:
Subpopulation 0:
Evaluated: true
Fitness: Standardized=0.09462146 Adjusted=0.9135579 Hits=8
Tree 0:
digraph g {
node [shape=rectangle];
n[label = "And"];
n0[label = "Or"];
n00[label = "BestMove"];
n0 -> n00;
n01[label = "FarthestNeighbor"];
n0 -> n01;
n -> n0;
n1[label = "While"];
n10[label = "Or"];
n100[label = "BestMove"];
n10 -> n100;
n101[label = "FarthestNeighbor"];
n10 -> n101;
n1 -> n10;
n11[label = "And"];
n110[label = "CplexTerminal"];
n11 -> n110;
n111[label = "FarthestFirstNode"];
n11 -> n111;
n1 -> n11;
n -> n1;
}


Generation: 80
Best Individual:
Subpopulation 0:
Evaluated: true
Fitness: Standardized=0.09462146 Adjusted=0.9135579 Hits=8
Tree 0:
digraph g {
node [shape=rectangle];
n[label = "And"];
n0[label = "Or"];
n00[label = "BestMove"];
n0 -> n00;
n01[label = "FarthestNeighbor"];
n0 -> n01;
n -> n0;
n1[label = "While"];
n10[label = "Or"];
n100[label = "BestMove"];
n10 -> n100;
n101[label = "FarthestNeighbor"];
n10 -> n101;
n1 -> n10;
n11[label = "And"];
n110[label = "CplexTerminal"];
n11 -> n110;
n111[label = "FarthestFirstNode"];
n11 -> n111;
n1 -> n11;
n -> n1;
}


Generation: 81
Best Individual:
Subpopulation 0:
Evaluated: true
Fitness: Standardized=0.09462146 Adjusted=0.9135579 Hits=8
Tree 0:
digraph g {
node [shape=rectangle];
n[label = "And"];
n0[label = "Or"];
n00[label = "BestMove"];
n0 -> n00;
n01[label = "FarthestNeighbor"];
n0 -> n01;
n -> n0;
n1[label = "While"];
n10[label = "Or"];
n100[label = "BestMove"];
n10 -> n100;
n101[label = "FarthestNeighbor"];
n10 -> n101;
n1 -> n10;
n11[label = "And"];
n110[label = "CplexTerminal"];
n11 -> n110;
n111[label = "FarthestFirstNode"];
n11 -> n111;
n1 -> n11;
n -> n1;
}


Generation: 82
Best Individual:
Subpopulation 0:
Evaluated: true
Fitness: Standardized=0.09462146 Adjusted=0.9135579 Hits=8
Tree 0:
digraph g {
node [shape=rectangle];
n[label = "And"];
n0[label = "Or"];
n00[label = "BestMove"];
n0 -> n00;
n01[label = "FarthestNeighbor"];
n0 -> n01;
n -> n0;
n1[label = "While"];
n10[label = "Or"];
n100[label = "BestMove"];
n10 -> n100;
n101[label = "FarthestNeighbor"];
n10 -> n101;
n1 -> n10;
n11[label = "And"];
n110[label = "CplexTerminal"];
n11 -> n110;
n111[label = "FarthestFirstNode"];
n11 -> n111;
n1 -> n11;
n -> n1;
}


Generation: 83
Best Individual:
Subpopulation 0:
Evaluated: true
Fitness: Standardized=0.09462146 Adjusted=0.9135579 Hits=8
Tree 0:
digraph g {
node [shape=rectangle];
n[label = "And"];
n0[label = "Or"];
n00[label = "BestMove"];
n0 -> n00;
n01[label = "FarthestNeighbor"];
n0 -> n01;
n -> n0;
n1[label = "While"];
n10[label = "Or"];
n100[label = "BestMove"];
n10 -> n100;
n101[label = "FarthestNeighbor"];
n10 -> n101;
n1 -> n10;
n11[label = "And"];
n110[label = "CplexTerminal"];
n11 -> n110;
n111[label = "FarthestFirstNode"];
n11 -> n111;
n1 -> n11;
n -> n1;
}


Generation: 84
Best Individual:
Subpopulation 0:
Evaluated: true
Fitness: Standardized=0.09462146 Adjusted=0.9135579 Hits=8
Tree 0:
digraph g {
node [shape=rectangle];
n[label = "And"];
n0[label = "Or"];
n00[label = "BestMove"];
n0 -> n00;
n01[label = "FarthestNeighbor"];
n0 -> n01;
n -> n0;
n1[label = "While"];
n10[label = "Or"];
n100[label = "BestMove"];
n10 -> n100;
n101[label = "FarthestNeighbor"];
n10 -> n101;
n1 -> n10;
n11[label = "And"];
n110[label = "CplexTerminal"];
n11 -> n110;
n111[label = "FarthestFirstNode"];
n11 -> n111;
n1 -> n11;
n -> n1;
}


Generation: 85
Best Individual:
Subpopulation 0:
Evaluated: true
Fitness: Standardized=0.09462146 Adjusted=0.9135579 Hits=8
Tree 0:
digraph g {
node [shape=rectangle];
n[label = "And"];
n0[label = "Or"];
n00[label = "BestMove"];
n0 -> n00;
n01[label = "FarthestNeighbor"];
n0 -> n01;
n -> n0;
n1[label = "While"];
n10[label = "Or"];
n100[label = "BestMove"];
n10 -> n100;
n101[label = "FarthestNeighbor"];
n10 -> n101;
n1 -> n10;
n11[label = "And"];
n110[label = "CplexTerminal"];
n11 -> n110;
n111[label = "FarthestFirstNode"];
n11 -> n111;
n1 -> n11;
n -> n1;
}


Generation: 86
Best Individual:
Subpopulation 0:
Evaluated: true
Fitness: Standardized=0.09407377 Adjusted=0.9140152 Hits=7
Tree 0:
digraph g {
node [shape=rectangle];
n[label = "And"];
n0[label = "Or"];
n00[label = "BestMove"];
n0 -> n00;
n01[label = "FarthestNeighbor"];
n0 -> n01;
n -> n0;
n1[label = "While"];
n10[label = "Or"];
n100[label = "Or"];
n1000[label = "BestMove"];
n100 -> n1000;
n1001[label = "FarthestNeighbor"];
n100 -> n1001;
n10 -> n100;
n101[label = "FarthestNeighbor"];
n10 -> n101;
n1 -> n10;
n11[label = "And"];
n110[label = "CplexTerminal"];
n11 -> n110;
n111[label = "FarthestFirstNode"];
n11 -> n111;
n1 -> n11;
n -> n1;
}


Generation: 87
Best Individual:
Subpopulation 0:
Evaluated: true
Fitness: Standardized=0.09407377 Adjusted=0.9140152 Hits=7
Tree 0:
digraph g {
node [shape=rectangle];
n[label = "And"];
n0[label = "Or"];
n00[label = "BestMove"];
n0 -> n00;
n01[label = "FarthestNeighbor"];
n0 -> n01;
n -> n0;
n1[label = "While"];
n10[label = "Or"];
n100[label = "Or"];
n1000[label = "BestMove"];
n100 -> n1000;
n1001[label = "FarthestNeighbor"];
n100 -> n1001;
n10 -> n100;
n101[label = "FarthestNeighbor"];
n10 -> n101;
n1 -> n10;
n11[label = "And"];
n110[label = "CplexTerminal"];
n11 -> n110;
n111[label = "FarthestFirstNode"];
n11 -> n111;
n1 -> n11;
n -> n1;
}


Generation: 88
Best Individual:
Subpopulation 0:
Evaluated: true
Fitness: Standardized=0.09407377 Adjusted=0.9140152 Hits=7
Tree 0:
digraph g {
node [shape=rectangle];
n[label = "And"];
n0[label = "Or"];
n00[label = "BestMove"];
n0 -> n00;
n01[label = "FarthestNeighbor"];
n0 -> n01;
n -> n0;
n1[label = "While"];
n10[label = "Or"];
n100[label = "Or"];
n1000[label = "BestMove"];
n100 -> n1000;
n1001[label = "FarthestNeighbor"];
n100 -> n1001;
n10 -> n100;
n101[label = "FarthestNeighbor"];
n10 -> n101;
n1 -> n10;
n11[label = "And"];
n110[label = "CplexTerminal"];
n11 -> n110;
n111[label = "FarthestFirstNode"];
n11 -> n111;
n1 -> n11;
n -> n1;
}


Generation: 89
Best Individual:
Subpopulation 0:
Evaluated: true
Fitness: Standardized=0.09407377 Adjusted=0.9140152 Hits=7
Tree 0:
digraph g {
node [shape=rectangle];
n[label = "And"];
n0[label = "Or"];
n00[label = "BestMove"];
n0 -> n00;
n01[label = "FarthestNeighbor"];
n0 -> n01;
n -> n0;
n1[label = "While"];
n10[label = "Or"];
n100[label = "Or"];
n1000[label = "BestMove"];
n100 -> n1000;
n1001[label = "FarthestNeighbor"];
n100 -> n1001;
n10 -> n100;
n101[label = "FarthestNeighbor"];
n10 -> n101;
n1 -> n10;
n11[label = "And"];
n110[label = "CplexTerminal"];
n11 -> n110;
n111[label = "FarthestFirstNode"];
n11 -> n111;
n1 -> n11;
n -> n1;
}


Generation: 90
Best Individual:
Subpopulation 0:
Evaluated: true
Fitness: Standardized=0.09407377 Adjusted=0.9140152 Hits=7
Tree 0:
digraph g {
node [shape=rectangle];
n[label = "And"];
n0[label = "Or"];
n00[label = "BestMove"];
n0 -> n00;
n01[label = "FarthestNeighbor"];
n0 -> n01;
n -> n0;
n1[label = "While"];
n10[label = "Or"];
n100[label = "Or"];
n1000[label = "BestMove"];
n100 -> n1000;
n1001[label = "FarthestNeighbor"];
n100 -> n1001;
n10 -> n100;
n101[label = "FarthestNeighbor"];
n10 -> n101;
n1 -> n10;
n11[label = "And"];
n110[label = "CplexTerminal"];
n11 -> n110;
n111[label = "FarthestFirstNode"];
n11 -> n111;
n1 -> n11;
n -> n1;
}


Generation: 91
Best Individual:
Subpopulation 0:
Evaluated: true
Fitness: Standardized=0.09407377 Adjusted=0.9140152 Hits=7
Tree 0:
digraph g {
node [shape=rectangle];
n[label = "And"];
n0[label = "Or"];
n00[label = "BestMove"];
n0 -> n00;
n01[label = "FarthestNeighbor"];
n0 -> n01;
n -> n0;
n1[label = "While"];
n10[label = "Or"];
n100[label = "Or"];
n1000[label = "BestMove"];
n100 -> n1000;
n1001[label = "FarthestNeighbor"];
n100 -> n1001;
n10 -> n100;
n101[label = "FarthestNeighbor"];
n10 -> n101;
n1 -> n10;
n11[label = "And"];
n110[label = "CplexTerminal"];
n11 -> n110;
n111[label = "FarthestFirstNode"];
n11 -> n111;
n1 -> n11;
n -> n1;
}


Generation: 92
Best Individual:
Subpopulation 0:
Evaluated: true
Fitness: Standardized=0.09407377 Adjusted=0.9140152 Hits=7
Tree 0:
digraph g {
node [shape=rectangle];
n[label = "And"];
n0[label = "Or"];
n00[label = "BestMove"];
n0 -> n00;
n01[label = "FarthestNeighbor"];
n0 -> n01;
n -> n0;
n1[label = "While"];
n10[label = "Or"];
n100[label = "Or"];
n1000[label = "BestMove"];
n100 -> n1000;
n1001[label = "FarthestNeighbor"];
n100 -> n1001;
n10 -> n100;
n101[label = "FarthestNeighbor"];
n10 -> n101;
n1 -> n10;
n11[label = "And"];
n110[label = "CplexTerminal"];
n11 -> n110;
n111[label = "FarthestFirstNode"];
n11 -> n111;
n1 -> n11;
n -> n1;
}


Generation: 93
Best Individual:
Subpopulation 0:
Evaluated: true
Fitness: Standardized=0.09407377 Adjusted=0.9140152 Hits=7
Tree 0:
digraph g {
node [shape=rectangle];
n[label = "And"];
n0[label = "Or"];
n00[label = "BestMove"];
n0 -> n00;
n01[label = "FarthestNeighbor"];
n0 -> n01;
n -> n0;
n1[label = "While"];
n10[label = "Or"];
n100[label = "Or"];
n1000[label = "BestMove"];
n100 -> n1000;
n1001[label = "FarthestNeighbor"];
n100 -> n1001;
n10 -> n100;
n101[label = "FarthestNeighbor"];
n10 -> n101;
n1 -> n10;
n11[label = "And"];
n110[label = "CplexTerminal"];
n11 -> n110;
n111[label = "FarthestFirstNode"];
n11 -> n111;
n1 -> n11;
n -> n1;
}


Generation: 94
Best Individual:
Subpopulation 0:
Evaluated: true
Fitness: Standardized=0.09407377 Adjusted=0.9140152 Hits=7
Tree 0:
digraph g {
node [shape=rectangle];
n[label = "And"];
n0[label = "Or"];
n00[label = "BestMove"];
n0 -> n00;
n01[label = "FarthestNeighbor"];
n0 -> n01;
n -> n0;
n1[label = "While"];
n10[label = "Or"];
n100[label = "Or"];
n1000[label = "BestMove"];
n100 -> n1000;
n1001[label = "FarthestNeighbor"];
n100 -> n1001;
n10 -> n100;
n101[label = "FarthestNeighbor"];
n10 -> n101;
n1 -> n10;
n11[label = "And"];
n110[label = "CplexTerminal"];
n11 -> n110;
n111[label = "FarthestFirstNode"];
n11 -> n111;
n1 -> n11;
n -> n1;
}


Generation: 95
Best Individual:
Subpopulation 0:
Evaluated: true
Fitness: Standardized=0.09407377 Adjusted=0.9140152 Hits=7
Tree 0:
digraph g {
node [shape=rectangle];
n[label = "And"];
n0[label = "Or"];
n00[label = "BestMove"];
n0 -> n00;
n01[label = "FarthestNeighbor"];
n0 -> n01;
n -> n0;
n1[label = "While"];
n10[label = "Or"];
n100[label = "Or"];
n1000[label = "BestMove"];
n100 -> n1000;
n1001[label = "FarthestNeighbor"];
n100 -> n1001;
n10 -> n100;
n101[label = "FarthestNeighbor"];
n10 -> n101;
n1 -> n10;
n11[label = "And"];
n110[label = "CplexTerminal"];
n11 -> n110;
n111[label = "FarthestFirstNode"];
n11 -> n111;
n1 -> n11;
n -> n1;
}


Generation: 96
Best Individual:
Subpopulation 0:
Evaluated: true
Fitness: Standardized=0.09407377 Adjusted=0.9140152 Hits=7
Tree 0:
digraph g {
node [shape=rectangle];
n[label = "And"];
n0[label = "Or"];
n00[label = "BestMove"];
n0 -> n00;
n01[label = "FarthestNeighbor"];
n0 -> n01;
n -> n0;
n1[label = "While"];
n10[label = "Or"];
n100[label = "Or"];
n1000[label = "BestMove"];
n100 -> n1000;
n1001[label = "FarthestNeighbor"];
n100 -> n1001;
n10 -> n100;
n101[label = "FarthestNeighbor"];
n10 -> n101;
n1 -> n10;
n11[label = "And"];
n110[label = "CplexTerminal"];
n11 -> n110;
n111[label = "FarthestFirstNode"];
n11 -> n111;
n1 -> n11;
n -> n1;
}


Generation: 97
Best Individual:
Subpopulation 0:
Evaluated: true
Fitness: Standardized=0.09407377 Adjusted=0.9140152 Hits=7
Tree 0:
digraph g {
node [shape=rectangle];
n[label = "And"];
n0[label = "Or"];
n00[label = "BestMove"];
n0 -> n00;
n01[label = "FarthestNeighbor"];
n0 -> n01;
n -> n0;
n1[label = "While"];
n10[label = "Or"];
n100[label = "Or"];
n1000[label = "BestMove"];
n100 -> n1000;
n1001[label = "FarthestNeighbor"];
n100 -> n1001;
n10 -> n100;
n101[label = "FarthestNeighbor"];
n10 -> n101;
n1 -> n10;
n11[label = "And"];
n110[label = "CplexTerminal"];
n11 -> n110;
n111[label = "FarthestFirstNode"];
n11 -> n111;
n1 -> n11;
n -> n1;
}


Generation: 98
Best Individual:
Subpopulation 0:
Evaluated: true
Fitness: Standardized=0.09407377 Adjusted=0.9140152 Hits=7
Tree 0:
digraph g {
node [shape=rectangle];
n[label = "And"];
n0[label = "Or"];
n00[label = "BestMove"];
n0 -> n00;
n01[label = "FarthestNeighbor"];
n0 -> n01;
n -> n0;
n1[label = "While"];
n10[label = "Or"];
n100[label = "Or"];
n1000[label = "BestMove"];
n100 -> n1000;
n1001[label = "FarthestNeighbor"];
n100 -> n1001;
n10 -> n100;
n101[label = "FarthestNeighbor"];
n10 -> n101;
n1 -> n10;
n11[label = "And"];
n110[label = "CplexTerminal"];
n11 -> n110;
n111[label = "FarthestFirstNode"];
n11 -> n111;
n1 -> n11;
n -> n1;
}


Generation: 99
Best Individual:
Subpopulation 0:
Evaluated: true
Fitness: Standardized=0.09407377 Adjusted=0.9140152 Hits=7
Tree 0:
digraph g {
node [shape=rectangle];
n[label = "And"];
n0[label = "Or"];
n00[label = "BestMove"];
n0 -> n00;
n01[label = "FarthestNeighbor"];
n0 -> n01;
n -> n0;
n1[label = "While"];
n10[label = "Or"];
n100[label = "Or"];
n1000[label = "BestMove"];
n100 -> n1000;
n1001[label = "FarthestNeighbor"];
n100 -> n1001;
n10 -> n100;
n101[label = "FarthestNeighbor"];
n10 -> n101;
n1 -> n10;
n11[label = "And"];
n110[label = "CplexTerminal"];
n11 -> n110;
n111[label = "FarthestFirstNode"];
n11 -> n111;
n1 -> n11;
n -> n1;
}


Best Individual of Run:
Subpopulation 0:
Evaluated: true
Fitness: Standardized=0.09407377 Adjusted=0.9140152 Hits=7
Tree 0:
digraph g {
node [shape=rectangle];
n[label = "And"];
n0[label = "Or"];
n00[label = "BestMove"];
n0 -> n00;
n01[label = "FarthestNeighbor"];
n0 -> n01;
n -> n0;
n1[label = "While"];
n10[label = "Or"];
n100[label = "Or"];
n1000[label = "BestMove"];
n100 -> n1000;
n1001[label = "FarthestNeighbor"];
n100 -> n1001;
n10 -> n100;
n101[label = "FarthestNeighbor"];
n10 -> n101;
n1 -> n10;
n11[label = "And"];
n110[label = "CplexTerminal"];
n11 -> n110;
n111[label = "FarthestFirstNode"];
n11 -> n111;
n1 -> n11;
n -> n1;
}

