
Generation: 0
Best Individual:
Subpopulation 0:
Evaluated: true
Fitness: Standardized=0.7976853 Adjusted=0.55627084 Hits=0
Tree 0:
digraph g {
node [shape=rectangle];
n[label = "If_Then_Else"];
n0[label = "FarthestNeighbor"];
n -> n0;
n1[label = "WorstMove"];
n -> n1;
n2[label = "WorstMove"];
n -> n2;
}


Generation: 1
Best Individual:
Subpopulation 0:
Evaluated: true
Fitness: Standardized=0.60754216 Adjusted=0.6220677 Hits=0
Tree 0:
digraph g {
node [shape=rectangle];
n[label = "If_Then_Else"];
n0[label = "Or"];
n00[label = "FarthestNeighbor"];
n0 -> n00;
n01[label = "FarthestNeighbor"];
n0 -> n01;
n -> n0;
n1[label = "FarthestInsertion"];
n -> n1;
n2[label = "While"];
n20[label = "FarthestInsertion"];
n2 -> n20;
n21[label = "FarthestFirstNode"];
n2 -> n21;
n -> n2;
}


Generation: 2
Best Individual:
Subpopulation 0:
Evaluated: true
Fitness: Standardized=0.60754216 Adjusted=0.6220677 Hits=0
Tree 0:
digraph g {
node [shape=rectangle];
n[label = "If_Then_Else"];
n0[label = "Or"];
n00[label = "FarthestNeighbor"];
n0 -> n00;
n01[label = "FarthestNeighbor"];
n0 -> n01;
n -> n0;
n1[label = "FarthestInsertion"];
n -> n1;
n2[label = "FarthestInsertion"];
n -> n2;
}


Generation: 3
Best Individual:
Subpopulation 0:
Evaluated: true
Fitness: Standardized=0.60754216 Adjusted=0.6220677 Hits=0
Tree 0:
digraph g {
node [shape=rectangle];
n[label = "If_Then_Else"];
n0[label = "Or"];
n00[label = "FarthestNeighbor"];
n0 -> n00;
n01[label = "FarthestNeighbor"];
n0 -> n01;
n -> n0;
n1[label = "FarthestInsertion"];
n -> n1;
n2[label = "While"];
n20[label = "FarthestInsertion"];
n2 -> n20;
n21[label = "NearestFirstNode"];
n2 -> n21;
n -> n2;
}


Generation: 4
Best Individual:
Subpopulation 0:
Evaluated: true
Fitness: Standardized=0.42734218 Adjusted=0.7006028 Hits=0
Tree 0:
digraph g {
node [shape=rectangle];
n[label = "If_Then_Else"];
n0[label = "Or"];
n00[label = "If_Then_Else"];
n000[label = "Or"];
n0000[label = "FarthestNeighbor"];
n000 -> n0000;
n0001[label = "FarthestNeighbor"];
n000 -> n0001;
n00 -> n000;
n001[label = "FarthestInsertion"];
n00 -> n001;
n002[label = "While"];
n0020[label = "FarthestInsertion"];
n002 -> n0020;
n0021[label = "FarthestFirstNode"];
n002 -> n0021;
n00 -> n002;
n0 -> n00;
n01[label = "FarthestNeighbor"];
n0 -> n01;
n -> n0;
n1[label = "FarthestInsertion"];
n -> n1;
n2[label = "While"];
n20[label = "FarthestInsertion"];
n2 -> n20;
n21[label = "FarthestFirstNode"];
n2 -> n21;
n -> n2;
}


Generation: 5
Best Individual:
Subpopulation 0:
Evaluated: true
Fitness: Standardized=0.29688746 Adjusted=0.771077 Hits=3
Tree 0:
digraph g {
node [shape=rectangle];
n[label = "If_Then_Else"];
n0[label = "While"];
n00[label = "NearestNeighbor"];
n0 -> n00;
n01[label = "NearestInsertion"];
n0 -> n01;
n -> n0;
n1[label = "FarthestInsertion"];
n -> n1;
n2[label = "While"];
n20[label = "FarthestInsertion"];
n2 -> n20;
n21[label = "FarthestFirstNode"];
n2 -> n21;
n -> n2;
}


Generation: 6
Best Individual:
Subpopulation 0:
Evaluated: true
Fitness: Standardized=0.29688746 Adjusted=0.771077 Hits=3
Tree 0:
digraph g {
node [shape=rectangle];
n[label = "If_Then_Else"];
n0[label = "While"];
n00[label = "NearestNeighbor"];
n0 -> n00;
n01[label = "NearestInsertion"];
n0 -> n01;
n -> n0;
n1[label = "FarthestInsertion"];
n -> n1;
n2[label = "Or"];
n20[label = "FarthestNeighbor"];
n2 -> n20;
n21[label = "FarthestNeighbor"];
n2 -> n21;
n -> n2;
}


Generation: 7
Best Individual:
Subpopulation 0:
Evaluated: true
Fitness: Standardized=0.29688746 Adjusted=0.771077 Hits=3
Tree 0:
digraph g {
node [shape=rectangle];
n[label = "If_Then_Else"];
n0[label = "While"];
n00[label = "NearestNeighbor"];
n0 -> n00;
n01[label = "NearestInsertion"];
n0 -> n01;
n -> n0;
n1[label = "FarthestInsertion"];
n -> n1;
n2[label = "While"];
n20[label = "FarthestInsertion"];
n2 -> n20;
n21[label = "FarthestFirstNode"];
n2 -> n21;
n -> n2;
}


Generation: 8
Best Individual:
Subpopulation 0:
Evaluated: true
Fitness: Standardized=0.2414403 Adjusted=0.805516 Hits=3
Tree 0:
digraph g {
node [shape=rectangle];
n[label = "If_Then_Else"];
n0[label = "While"];
n00[label = "NearestInsertion"];
n0 -> n00;
n01[label = "NearestInsertion"];
n0 -> n01;
n -> n0;
n1[label = "FarthestInsertion"];
n -> n1;
n2[label = "If_Then_Else"];
n20[label = "If_Then_Else"];
n200[label = "While"];
n2000[label = "NearestNeighbor"];
n200 -> n2000;
n2001[label = "NearestInsertion"];
n200 -> n2001;
n20 -> n200;
n201[label = "FarthestInsertion"];
n20 -> n201;
n202[label = "Or"];
n2020[label = "FarthestNeighbor"];
n202 -> n2020;
n2021[label = "FarthestNeighbor"];
n202 -> n2021;
n20 -> n202;
n2 -> n20;
n21[label = "FarthestInsertion"];
n2 -> n21;
n22[label = "While"];
n220[label = "FarthestInsertion"];
n22 -> n220;
n221[label = "NearestFirstNode"];
n22 -> n221;
n2 -> n22;
n -> n2;
}


Generation: 9
Best Individual:
Subpopulation 0:
Evaluated: true
Fitness: Standardized=0.2414403 Adjusted=0.805516 Hits=3
Tree 0:
digraph g {
node [shape=rectangle];
n[label = "If_Then_Else"];
n0[label = "While"];
n00[label = "NearestInsertion"];
n0 -> n00;
n01[label = "NearestInsertion"];
n0 -> n01;
n -> n0;
n1[label = "FarthestInsertion"];
n -> n1;
n2[label = "If_Then_Else"];
n20[label = "If_Then_Else"];
n200[label = "While"];
n2000[label = "NearestNeighbor"];
n200 -> n2000;
n2001[label = "NearestInsertion"];
n200 -> n2001;
n20 -> n200;
n201[label = "FarthestInsertion"];
n20 -> n201;
n202[label = "Or"];
n2020[label = "FarthestNeighbor"];
n202 -> n2020;
n2021[label = "FarthestNeighbor"];
n202 -> n2021;
n20 -> n202;
n2 -> n20;
n21[label = "FarthestInsertion"];
n2 -> n21;
n22[label = "While"];
n220[label = "FarthestInsertion"];
n22 -> n220;
n221[label = "NearestFirstNode"];
n22 -> n221;
n2 -> n22;
n -> n2;
}


Generation: 10
Best Individual:
Subpopulation 0:
Evaluated: true
Fitness: Standardized=0.2414403 Adjusted=0.805516 Hits=3
Tree 0:
digraph g {
node [shape=rectangle];
n[label = "If_Then_Else"];
n0[label = "While"];
n00[label = "NearestInsertion"];
n0 -> n00;
n01[label = "NearestInsertion"];
n0 -> n01;
n -> n0;
n1[label = "FarthestInsertion"];
n -> n1;
n2[label = "If_Then_Else"];
n20[label = "If_Then_Else"];
n200[label = "While"];
n2000[label = "NearestNeighbor"];
n200 -> n2000;
n2001[label = "NearestInsertion"];
n200 -> n2001;
n20 -> n200;
n201[label = "FarthestInsertion"];
n20 -> n201;
n202[label = "Or"];
n2020[label = "FarthestNeighbor"];
n202 -> n2020;
n2021[label = "FarthestNeighbor"];
n202 -> n2021;
n20 -> n202;
n2 -> n20;
n21[label = "FarthestInsertion"];
n2 -> n21;
n22[label = "While"];
n220[label = "FarthestInsertion"];
n22 -> n220;
n221[label = "NearestFirstNode"];
n22 -> n221;
n2 -> n22;
n -> n2;
}


Generation: 11
Best Individual:
Subpopulation 0:
Evaluated: true
Fitness: Standardized=0.2414403 Adjusted=0.805516 Hits=3
Tree 0:
digraph g {
node [shape=rectangle];
n[label = "If_Then_Else"];
n0[label = "While"];
n00[label = "NearestInsertion"];
n0 -> n00;
n01[label = "NearestInsertion"];
n0 -> n01;
n -> n0;
n1[label = "FarthestInsertion"];
n -> n1;
n2[label = "If_Then_Else"];
n20[label = "If_Then_Else"];
n200[label = "While"];
n2000[label = "NearestNeighbor"];
n200 -> n2000;
n2001[label = "NearestInsertion"];
n200 -> n2001;
n20 -> n200;
n201[label = "FarthestInsertion"];
n20 -> n201;
n202[label = "Or"];
n2020[label = "FarthestNeighbor"];
n202 -> n2020;
n2021[label = "FarthestNeighbor"];
n202 -> n2021;
n20 -> n202;
n2 -> n20;
n21[label = "FarthestInsertion"];
n2 -> n21;
n22[label = "While"];
n220[label = "FarthestInsertion"];
n22 -> n220;
n221[label = "NearestFirstNode"];
n22 -> n221;
n2 -> n22;
n -> n2;
}


Generation: 12
Best Individual:
Subpopulation 0:
Evaluated: true
Fitness: Standardized=0.2414403 Adjusted=0.805516 Hits=3
Tree 0:
digraph g {
node [shape=rectangle];
n[label = "If_Then_Else"];
n0[label = "While"];
n00[label = "NearestInsertion"];
n0 -> n00;
n01[label = "NearestInsertion"];
n0 -> n01;
n -> n0;
n1[label = "FarthestInsertion"];
n -> n1;
n2[label = "If_Then_Else"];
n20[label = "If_Then_Else"];
n200[label = "While"];
n2000[label = "NearestNeighbor"];
n200 -> n2000;
n2001[label = "NearestInsertion"];
n200 -> n2001;
n20 -> n200;
n201[label = "FarthestNeighbor"];
n20 -> n201;
n202[label = "Or"];
n2020[label = "FarthestNeighbor"];
n202 -> n2020;
n2021[label = "FarthestNeighbor"];
n202 -> n2021;
n20 -> n202;
n2 -> n20;
n21[label = "FarthestInsertion"];
n2 -> n21;
n22[label = "While"];
n220[label = "FarthestInsertion"];
n22 -> n220;
n221[label = "NearestFirstNode"];
n22 -> n221;
n2 -> n22;
n -> n2;
}


Generation: 13
Best Individual:
Subpopulation 0:
Evaluated: true
Fitness: Standardized=0.2414403 Adjusted=0.805516 Hits=3
Tree 0:
digraph g {
node [shape=rectangle];
n[label = "If_Then_Else"];
n0[label = "While"];
n00[label = "NearestInsertion"];
n0 -> n00;
n01[label = "NearestInsertion"];
n0 -> n01;
n -> n0;
n1[label = "FarthestInsertion"];
n -> n1;
n2[label = "If_Then_Else"];
n20[label = "If_Then_Else"];
n200[label = "While"];
n2000[label = "NearestNeighbor"];
n200 -> n2000;
n2001[label = "NearestInsertion"];
n200 -> n2001;
n20 -> n200;
n201[label = "FarthestInsertion"];
n20 -> n201;
n202[label = "If_Then"];
n2020[label = "FarthestNeighbor"];
n202 -> n2020;
n2021[label = "FarthestNeighbor"];
n202 -> n2021;
n20 -> n202;
n2 -> n20;
n21[label = "FarthestInsertion"];
n2 -> n21;
n22[label = "While"];
n220[label = "FarthestInsertion"];
n22 -> n220;
n221[label = "NearestFirstNode"];
n22 -> n221;
n2 -> n22;
n -> n2;
}


Generation: 14
Best Individual:
Subpopulation 0:
Evaluated: true
Fitness: Standardized=0.2414403 Adjusted=0.805516 Hits=3
Tree 0:
digraph g {
node [shape=rectangle];
n[label = "If_Then_Else"];
n0[label = "While"];
n00[label = "NearestInsertion"];
n0 -> n00;
n01[label = "NearestInsertion"];
n0 -> n01;
n -> n0;
n1[label = "FarthestInsertion"];
n -> n1;
n2[label = "If_Then_Else"];
n20[label = "NearestNeighbor"];
n2 -> n20;
n21[label = "And"];
n210[label = "WorstMove"];
n21 -> n210;
n211[label = "If_Then"];
n2110[label = "BestMove"];
n211 -> n2110;
n2111[label = "NearestFirstNode"];
n211 -> n2111;
n21 -> n211;
n2 -> n21;
n22[label = "While"];
n220[label = "NearestFirstNode"];
n22 -> n220;
n221[label = "FarthestNeighbor"];
n22 -> n221;
n2 -> n22;
n -> n2;
}


Generation: 15
Best Individual:
Subpopulation 0:
Evaluated: true
Fitness: Standardized=0.2414403 Adjusted=0.805516 Hits=3
Tree 0:
digraph g {
node [shape=rectangle];
n[label = "If_Then_Else"];
n0[label = "While"];
n00[label = "NearestInsertion"];
n0 -> n00;
n01[label = "NearestInsertion"];
n0 -> n01;
n -> n0;
n1[label = "FarthestInsertion"];
n -> n1;
n2[label = "If_Then_Else"];
n20[label = "NearestNeighbor"];
n2 -> n20;
n21[label = "And"];
n210[label = "WorstMove"];
n21 -> n210;
n211[label = "If_Then"];
n2110[label = "BestMove"];
n211 -> n2110;
n2111[label = "NearestFirstNode"];
n211 -> n2111;
n21 -> n211;
n2 -> n21;
n22[label = "While"];
n220[label = "NearestInsertion"];
n22 -> n220;
n221[label = "NearestInsertion"];
n22 -> n221;
n2 -> n22;
n -> n2;
}


Generation: 16
Best Individual:
Subpopulation 0:
Evaluated: true
Fitness: Standardized=0.2414403 Adjusted=0.805516 Hits=3
Tree 0:
digraph g {
node [shape=rectangle];
n[label = "If_Then_Else"];
n0[label = "While"];
n00[label = "NearestInsertion"];
n0 -> n00;
n01[label = "NearestInsertion"];
n0 -> n01;
n -> n0;
n1[label = "FarthestInsertion"];
n -> n1;
n2[label = "If_Then_Else"];
n20[label = "If_Then_Else"];
n200[label = "NearestInsertion"];
n20 -> n200;
n201[label = "FarthestInsertion"];
n20 -> n201;
n202[label = "Equal"];
n2020[label = "FarthestNeighbor"];
n202 -> n2020;
n2021[label = "FarthestNeighbor"];
n202 -> n2021;
n20 -> n202;
n2 -> n20;
n21[label = "FarthestInsertion"];
n2 -> n21;
n22[label = "While"];
n220[label = "FarthestInsertion"];
n22 -> n220;
n221[label = "NearestFirstNode"];
n22 -> n221;
n2 -> n22;
n -> n2;
}


Generation: 17
Best Individual:
Subpopulation 0:
Evaluated: true
Fitness: Standardized=0.2414403 Adjusted=0.805516 Hits=3
Tree 0:
digraph g {
node [shape=rectangle];
n[label = "If_Then_Else"];
n0[label = "While"];
n00[label = "NearestInsertion"];
n0 -> n00;
n01[label = "NearestInsertion"];
n0 -> n01;
n -> n0;
n1[label = "FarthestInsertion"];
n -> n1;
n2[label = "If_Then_Else"];
n20[label = "While"];
n200[label = "FarthestNeighbor"];
n20 -> n200;
n201[label = "NearestInsertion"];
n20 -> n201;
n2 -> n20;
n21[label = "FarthestInsertion"];
n2 -> n21;
n22[label = "While"];
n220[label = "NearestInsertion"];
n22 -> n220;
n221[label = "NearestFirstNode"];
n22 -> n221;
n2 -> n22;
n -> n2;
}


Generation: 18
Best Individual:
Subpopulation 0:
Evaluated: true
Fitness: Standardized=0.2414403 Adjusted=0.805516 Hits=3
Tree 0:
digraph g {
node [shape=rectangle];
n[label = "If_Then_Else"];
n0[label = "While"];
n00[label = "NearestInsertion"];
n0 -> n00;
n01[label = "NearestInsertion"];
n0 -> n01;
n -> n0;
n1[label = "FarthestInsertion"];
n -> n1;
n2[label = "If_Then_Else"];
n20[label = "If_Then_Else"];
n200[label = "While"];
n2000[label = "FarthestNeighbor"];
n200 -> n2000;
n2001[label = "NearestInsertion"];
n200 -> n2001;
n20 -> n200;
n201[label = "NearestInsertion"];
n20 -> n201;
n202[label = "If_Then"];
n2020[label = "FarthestNeighbor"];
n202 -> n2020;
n2021[label = "FarthestNeighbor"];
n202 -> n2021;
n20 -> n202;
n2 -> n20;
n21[label = "FarthestInsertion"];
n2 -> n21;
n22[label = "While"];
n220[label = "FarthestInsertion"];
n22 -> n220;
n221[label = "NearestFirstNode"];
n22 -> n221;
n2 -> n22;
n -> n2;
}


Generation: 19
Best Individual:
Subpopulation 0:
Evaluated: true
Fitness: Standardized=0.2414403 Adjusted=0.805516 Hits=3
Tree 0:
digraph g {
node [shape=rectangle];
n[label = "If_Then_Else"];
n0[label = "While"];
n00[label = "NearestInsertion"];
n0 -> n00;
n01[label = "NearestInsertion"];
n0 -> n01;
n -> n0;
n1[label = "FarthestInsertion"];
n -> n1;
n2[label = "If_Then_Else"];
n20[label = "If_Then_Else"];
n200[label = "While"];
n2000[label = "FarthestNeighbor"];
n200 -> n2000;
n2001[label = "NearestInsertion"];
n200 -> n2001;
n20 -> n200;
n201[label = "FarthestInsertion"];
n20 -> n201;
n202[label = "While"];
n2020[label = "NearestInsertion"];
n202 -> n2020;
n2021[label = "NearestInsertion"];
n202 -> n2021;
n20 -> n202;
n2 -> n20;
n21[label = "FarthestInsertion"];
n2 -> n21;
n22[label = "NearestInsertion"];
n2 -> n22;
n -> n2;
}


Generation: 20
Best Individual:
Subpopulation 0:
Evaluated: true
Fitness: Standardized=0.2414403 Adjusted=0.805516 Hits=3
Tree 0:
digraph g {
node [shape=rectangle];
n[label = "If_Then_Else"];
n0[label = "While"];
n00[label = "NearestInsertion"];
n0 -> n00;
n01[label = "NearestInsertion"];
n0 -> n01;
n -> n0;
n1[label = "NearestInsertion"];
n -> n1;
n2[label = "If_Then_Else"];
n20[label = "If_Then_Else"];
n200[label = "If_Then"];
n2000[label = "FarthestNeighbor"];
n200 -> n2000;
n2001[label = "FarthestNeighbor"];
n200 -> n2001;
n20 -> n200;
n201[label = "FarthestInsertion"];
n20 -> n201;
n202[label = "If_Then"];
n2020[label = "FarthestNeighbor"];
n202 -> n2020;
n2021[label = "FarthestNeighbor"];
n202 -> n2021;
n20 -> n202;
n2 -> n20;
n21[label = "FarthestInsertion"];
n2 -> n21;
n22[label = "While"];
n220[label = "FarthestInsertion"];
n22 -> n220;
n221[label = "NearestFirstNode"];
n22 -> n221;
n2 -> n22;
n -> n2;
}


Generation: 21
Best Individual:
Subpopulation 0:
Evaluated: true
Fitness: Standardized=0.2414403 Adjusted=0.805516 Hits=3
Tree 0:
digraph g {
node [shape=rectangle];
n[label = "If_Then_Else"];
n0[label = "While"];
n00[label = "NearestInsertion"];
n0 -> n00;
n01[label = "NearestInsertion"];
n0 -> n01;
n -> n0;
n1[label = "NearestInsertion"];
n -> n1;
n2[label = "FarthestInsertion"];
n -> n2;
}


Generation: 22
Best Individual:
Subpopulation 0:
Evaluated: true
Fitness: Standardized=0.2414403 Adjusted=0.805516 Hits=3
Tree 0:
digraph g {
node [shape=rectangle];
n[label = "If_Then_Else"];
n0[label = "While"];
n00[label = "NearestInsertion"];
n0 -> n00;
n01[label = "NearestInsertion"];
n0 -> n01;
n -> n0;
n1[label = "NearestInsertion"];
n -> n1;
n2[label = "If_Then_Else"];
n20[label = "If_Then_Else"];
n200[label = "NearestInsertion"];
n20 -> n200;
n201[label = "FarthestInsertion"];
n20 -> n201;
n202[label = "If_Then"];
n2020[label = "NearestInsertion"];
n202 -> n2020;
n2021[label = "FarthestNeighbor"];
n202 -> n2021;
n20 -> n202;
n2 -> n20;
n21[label = "FarthestInsertion"];
n2 -> n21;
n22[label = "While"];
n220[label = "FarthestInsertion"];
n22 -> n220;
n221[label = "NearestFirstNode"];
n22 -> n221;
n2 -> n22;
n -> n2;
}


Generation: 23
Best Individual:
Subpopulation 0:
Evaluated: true
Fitness: Standardized=0.2414403 Adjusted=0.805516 Hits=3
Tree 0:
digraph g {
node [shape=rectangle];
n[label = "If_Then_Else"];
n0[label = "While"];
n00[label = "NearestInsertion"];
n0 -> n00;
n01[label = "NearestInsertion"];
n0 -> n01;
n -> n0;
n1[label = "NearestInsertion"];
n -> n1;
n2[label = "If_Then_Else"];
n20[label = "If_Then_Else"];
n200[label = "While"];
n2000[label = "FarthestNeighbor"];
n200 -> n2000;
n2001[label = "NearestInsertion"];
n200 -> n2001;
n20 -> n200;
n201[label = "FarthestInsertion"];
n20 -> n201;
n202[label = "If_Then"];
n2020[label = "NearestInsertion"];
n202 -> n2020;
n2021[label = "NearestInsertion"];
n202 -> n2021;
n20 -> n202;
n2 -> n20;
n21[label = "NearestInsertion"];
n2 -> n21;
n22[label = "While"];
n220[label = "FarthestInsertion"];
n22 -> n220;
n221[label = "NearestFirstNode"];
n22 -> n221;
n2 -> n22;
n -> n2;
}


Generation: 24
Best Individual:
Subpopulation 0:
Evaluated: true
Fitness: Standardized=0.2414403 Adjusted=0.805516 Hits=3
Tree 0:
digraph g {
node [shape=rectangle];
n[label = "If_Then_Else"];
n0[label = "While"];
n00[label = "NearestInsertion"];
n0 -> n00;
n01[label = "NearestInsertion"];
n0 -> n01;
n -> n0;
n1[label = "FarthestInsertion"];
n -> n1;
n2[label = "If_Then_Else"];
n20[label = "If_Then_Else"];
n200[label = "While"];
n2000[label = "FarthestNeighbor"];
n200 -> n2000;
n2001[label = "FarthestFirstNode"];
n200 -> n2001;
n20 -> n200;
n201[label = "FarthestInsertion"];
n20 -> n201;
n202[label = "NearestInsertion"];
n20 -> n202;
n2 -> n20;
n21[label = "FarthestInsertion"];
n2 -> n21;
n22[label = "While"];
n220[label = "FarthestInsertion"];
n22 -> n220;
n221[label = "NearestFirstNode"];
n22 -> n221;
n2 -> n22;
n -> n2;
}


Generation: 25
Best Individual:
Subpopulation 0:
Evaluated: true
Fitness: Standardized=0.2414403 Adjusted=0.805516 Hits=3
Tree 0:
digraph g {
node [shape=rectangle];
n[label = "If_Then_Else"];
n0[label = "While"];
n00[label = "NearestInsertion"];
n0 -> n00;
n01[label = "NearestInsertion"];
n0 -> n01;
n -> n0;
n1[label = "FarthestInsertion"];
n -> n1;
n2[label = "If_Then_Else"];
n20[label = "If_Then_Else"];
n200[label = "FarthestInsertion"];
n20 -> n200;
n201[label = "FarthestInsertion"];
n20 -> n201;
n202[label = "If_Then"];
n2020[label = "FarthestNeighbor"];
n202 -> n2020;
n2021[label = "FarthestNeighbor"];
n202 -> n2021;
n20 -> n202;
n2 -> n20;
n21[label = "While"];
n210[label = "FarthestNeighbor"];
n21 -> n210;
n211[label = "NearestInsertion"];
n21 -> n211;
n2 -> n21;
n22[label = "While"];
n220[label = "FarthestInsertion"];
n22 -> n220;
n221[label = "NearestFirstNode"];
n22 -> n221;
n2 -> n22;
n -> n2;
}


Generation: 26
Best Individual:
Subpopulation 0:
Evaluated: true
Fitness: Standardized=0.2414403 Adjusted=0.805516 Hits=3
Tree 0:
digraph g {
node [shape=rectangle];
n[label = "If_Then_Else"];
n0[label = "While"];
n00[label = "NearestInsertion"];
n0 -> n00;
n01[label = "NearestInsertion"];
n0 -> n01;
n -> n0;
n1[label = "NearestInsertion"];
n -> n1;
n2[label = "While"];
n20[label = "NearestInsertion"];
n2 -> n20;
n21[label = "NearestInsertion"];
n2 -> n21;
n -> n2;
}


Generation: 27
Best Individual:
Subpopulation 0:
Evaluated: true
Fitness: Standardized=0.2414403 Adjusted=0.805516 Hits=3
Tree 0:
digraph g {
node [shape=rectangle];
n[label = "If_Then_Else"];
n0[label = "While"];
n00[label = "NearestInsertion"];
n0 -> n00;
n01[label = "NearestInsertion"];
n0 -> n01;
n -> n0;
n1[label = "NearestInsertion"];
n -> n1;
n2[label = "If_Then_Else"];
n20[label = "While"];
n200[label = "NearestInsertion"];
n20 -> n200;
n201[label = "NearestInsertion"];
n20 -> n201;
n2 -> n20;
n21[label = "NearestInsertion"];
n2 -> n21;
n22[label = "While"];
n220[label = "NearestInsertion"];
n22 -> n220;
n221[label = "NearestInsertion"];
n22 -> n221;
n2 -> n22;
n -> n2;
}


Generation: 28
Best Individual:
Subpopulation 0:
Evaluated: true
Fitness: Standardized=0.2414403 Adjusted=0.805516 Hits=3
Tree 0:
digraph g {
node [shape=rectangle];
n[label = "If_Then_Else"];
n0[label = "While"];
n00[label = "If_Then_Else"];
n000[label = "While"];
n0000[label = "NearestInsertion"];
n000 -> n0000;
n0001[label = "NearestInsertion"];
n000 -> n0001;
n00 -> n000;
n001[label = "FarthestInsertion"];
n00 -> n001;
n002[label = "If_Then"];
n0020[label = "NearestInsertion"];
n002 -> n0020;
n0021[label = "NearestInsertion"];
n002 -> n0021;
n00 -> n002;
n0 -> n00;
n01[label = "NearestInsertion"];
n0 -> n01;
n -> n0;
n1[label = "FarthestInsertion"];
n -> n1;
n2[label = "If_Then_Else"];
n20[label = "If_Then_Else"];
n200[label = "FarthestInsertion"];
n20 -> n200;
n201[label = "FarthestInsertion"];
n20 -> n201;
n202[label = "If_Then"];
n2020[label = "FarthestNeighbor"];
n202 -> n2020;
n2021[label = "FarthestNeighbor"];
n202 -> n2021;
n20 -> n202;
n2 -> n20;
n21[label = "While"];
n210[label = "FarthestNeighbor"];
n21 -> n210;
n211[label = "If_Then_Else"];
n2110[label = "FarthestInsertion"];
n211 -> n2110;
n2111[label = "FarthestInsertion"];
n211 -> n2111;
n2112[label = "FarthestFirstNode"];
n211 -> n2112;
n21 -> n211;
n2 -> n21;
n22[label = "While"];
n220[label = "FarthestInsertion"];
n22 -> n220;
n221[label = "NearestFirstNode"];
n22 -> n221;
n2 -> n22;
n -> n2;
}


Generation: 29
Best Individual:
Subpopulation 0:
Evaluated: true
Fitness: Standardized=0.2414403 Adjusted=0.805516 Hits=3
Tree 0:
digraph g {
node [shape=rectangle];
n[label = "If_Then_Else"];
n0[label = "While"];
n00[label = "NearestInsertion"];
n0 -> n00;
n01[label = "NearestInsertion"];
n0 -> n01;
n -> n0;
n1[label = "If_Then_Else"];
n10[label = "While"];
n100[label = "FarthestNeighbor"];
n10 -> n100;
n101[label = "FarthestFirstNode"];
n10 -> n101;
n1 -> n10;
n11[label = "FarthestInsertion"];
n1 -> n11;
n12[label = "While"];
n120[label = "NearestInsertion"];
n12 -> n120;
n121[label = "If_Then"];
n1210[label = "FarthestNeighbor"];
n121 -> n1210;
n1211[label = "FarthestNeighbor"];
n121 -> n1211;
n12 -> n121;
n1 -> n12;
n -> n1;
n2[label = "If_Then"];
n20[label = "NearestInsertion"];
n2 -> n20;
n21[label = "NearestInsertion"];
n2 -> n21;
n -> n2;
}


Generation: 30
Best Individual:
Subpopulation 0:
Evaluated: true
Fitness: Standardized=0.2414403 Adjusted=0.805516 Hits=3
Tree 0:
digraph g {
node [shape=rectangle];
n[label = "If_Then_Else"];
n0[label = "While"];
n00[label = "NearestInsertion"];
n0 -> n00;
n01[label = "NearestInsertion"];
n0 -> n01;
n -> n0;
n1[label = "NearestInsertion"];
n -> n1;
n2[label = "If_Then_Else"];
n20[label = "While"];
n200[label = "NearestInsertion"];
n20 -> n200;
n201[label = "FarthestNeighbor"];
n20 -> n201;
n2 -> n20;
n21[label = "FarthestInsertion"];
n2 -> n21;
n22[label = "If_Then"];
n220[label = "NearestInsertion"];
n22 -> n220;
n221[label = "NearestInsertion"];
n22 -> n221;
n2 -> n22;
n -> n2;
}


Generation: 31
Best Individual:
Subpopulation 0:
Evaluated: true
Fitness: Standardized=0.2414403 Adjusted=0.805516 Hits=3
Tree 0:
digraph g {
node [shape=rectangle];
n[label = "If_Then_Else"];
n0[label = "While"];
n00[label = "NearestInsertion"];
n0 -> n00;
n01[label = "NearestInsertion"];
n0 -> n01;
n -> n0;
n1[label = "FarthestInsertion"];
n -> n1;
n2[label = "If_Then"];
n20[label = "NearestInsertion"];
n2 -> n20;
n21[label = "NearestInsertion"];
n2 -> n21;
n -> n2;
}


Generation: 32
Best Individual:
Subpopulation 0:
Evaluated: true
Fitness: Standardized=0.2414403 Adjusted=0.805516 Hits=3
Tree 0:
digraph g {
node [shape=rectangle];
n[label = "If_Then_Else"];
n0[label = "If_Then_Else"];
n00[label = "While"];
n000[label = "NearestInsertion"];
n00 -> n000;
n001[label = "NearestInsertion"];
n00 -> n001;
n0 -> n00;
n01[label = "If_Then_Else"];
n010[label = "FarthestNeighbor"];
n01 -> n010;
n011[label = "FarthestInsertion"];
n01 -> n011;
n012[label = "While"];
n0120[label = "NearestInsertion"];
n012 -> n0120;
n0121[label = "NearestInsertion"];
n012 -> n0121;
n01 -> n012;
n0 -> n01;
n02[label = "If_Then"];
n020[label = "NearestInsertion"];
n02 -> n020;
n021[label = "NearestInsertion"];
n02 -> n021;
n0 -> n02;
n -> n0;
n1[label = "NearestInsertion"];
n -> n1;
n2[label = "FarthestInsertion"];
n -> n2;
}


Generation: 33
Best Individual:
Subpopulation 0:
Evaluated: true
Fitness: Standardized=0.2414403 Adjusted=0.805516 Hits=3
Tree 0:
digraph g {
node [shape=rectangle];
n[label = "If_Then_Else"];
n0[label = "While"];
n00[label = "NearestInsertion"];
n0 -> n00;
n01[label = "NearestInsertion"];
n0 -> n01;
n -> n0;
n1[label = "While"];
n10[label = "NearestInsertion"];
n1 -> n10;
n11[label = "NearestInsertion"];
n1 -> n11;
n -> n1;
n2[label = "If_Then"];
n20[label = "NearestInsertion"];
n2 -> n20;
n21[label = "NearestInsertion"];
n2 -> n21;
n -> n2;
}


Generation: 34
Best Individual:
Subpopulation 0:
Evaluated: true
Fitness: Standardized=0.2414403 Adjusted=0.805516 Hits=3
Tree 0:
digraph g {
node [shape=rectangle];
n[label = "If_Then_Else"];
n0[label = "While"];
n00[label = "NearestInsertion"];
n0 -> n00;
n01[label = "NearestInsertion"];
n0 -> n01;
n -> n0;
n1[label = "NearestInsertion"];
n -> n1;
n2[label = "If_Then_Else"];
n20[label = "While"];
n200[label = "NearestInsertion"];
n20 -> n200;
n201[label = "NearestInsertion"];
n20 -> n201;
n2 -> n20;
n21[label = "FarthestInsertion"];
n2 -> n21;
n22[label = "If_Then"];
n220[label = "NearestInsertion"];
n22 -> n220;
n221[label = "If_Then"];
n2210[label = "NearestInsertion"];
n221 -> n2210;
n2211[label = "NearestInsertion"];
n221 -> n2211;
n22 -> n221;
n2 -> n22;
n -> n2;
}


Generation: 35
Best Individual:
Subpopulation 0:
Evaluated: true
Fitness: Standardized=0.2414403 Adjusted=0.805516 Hits=3
Tree 0:
digraph g {
node [shape=rectangle];
n[label = "If_Then_Else"];
n0[label = "While"];
n00[label = "NearestInsertion"];
n0 -> n00;
n01[label = "NearestInsertion"];
n0 -> n01;
n -> n0;
n1[label = "NearestInsertion"];
n -> n1;
n2[label = "While"];
n20[label = "NearestInsertion"];
n2 -> n20;
n21[label = "NearestInsertion"];
n2 -> n21;
n -> n2;
}


Generation: 36
Best Individual:
Subpopulation 0:
Evaluated: true
Fitness: Standardized=0.2414403 Adjusted=0.805516 Hits=3
Tree 0:
digraph g {
node [shape=rectangle];
n[label = "If_Then_Else"];
n0[label = "If_Then_Else"];
n00[label = "While"];
n000[label = "NearestInsertion"];
n00 -> n000;
n001[label = "NearestInsertion"];
n00 -> n001;
n0 -> n00;
n01[label = "If_Then_Else"];
n010[label = "While"];
n0100[label = "FarthestNeighbor"];
n010 -> n0100;
n0101[label = "FarthestFirstNode"];
n010 -> n0101;
n01 -> n010;
n011[label = "NearestInsertion"];
n01 -> n011;
n012[label = "While"];
n0120[label = "NearestInsertion"];
n012 -> n0120;
n0121[label = "NearestInsertion"];
n012 -> n0121;
n01 -> n012;
n0 -> n01;
n02[label = "If_Then"];
n020[label = "NearestInsertion"];
n02 -> n020;
n021[label = "NearestInsertion"];
n02 -> n021;
n0 -> n02;
n -> n0;
n1[label = "NearestInsertion"];
n -> n1;
n2[label = "If_Then_Else"];
n20[label = "While"];
n200[label = "NearestInsertion"];
n20 -> n200;
n201[label = "NearestInsertion"];
n20 -> n201;
n2 -> n20;
n21[label = "FarthestInsertion"];
n2 -> n21;
n22[label = "Or"];
n220[label = "NearestInsertion"];
n22 -> n220;
n221[label = "If_Then"];
n2210[label = "NearestInsertion"];
n221 -> n2210;
n2211[label = "NearestInsertion"];
n221 -> n2211;
n22 -> n221;
n2 -> n22;
n -> n2;
}


Generation: 37
Best Individual:
Subpopulation 0:
Evaluated: true
Fitness: Standardized=0.2414403 Adjusted=0.805516 Hits=3
Tree 0:
digraph g {
node [shape=rectangle];
n[label = "If_Then_Else"];
n0[label = "While"];
n00[label = "NearestInsertion"];
n0 -> n00;
n01[label = "NearestInsertion"];
n0 -> n01;
n -> n0;
n1[label = "NearestInsertion"];
n -> n1;
n2[label = "If_Then_Else"];
n20[label = "While"];
n200[label = "NearestInsertion"];
n20 -> n200;
n201[label = "NearestInsertion"];
n20 -> n201;
n2 -> n20;
n21[label = "FarthestInsertion"];
n2 -> n21;
n22[label = "If_Then"];
n220[label = "NearestInsertion"];
n22 -> n220;
n221[label = "If_Then"];
n2210[label = "NearestInsertion"];
n221 -> n2210;
n2211[label = "NearestInsertion"];
n221 -> n2211;
n22 -> n221;
n2 -> n22;
n -> n2;
}


Generation: 38
Best Individual:
Subpopulation 0:
Evaluated: true
Fitness: Standardized=0.2414403 Adjusted=0.805516 Hits=3
Tree 0:
digraph g {
node [shape=rectangle];
n[label = "If_Then_Else"];
n0[label = "If_Then_Else"];
n00[label = "While"];
n000[label = "NearestInsertion"];
n00 -> n000;
n001[label = "NearestInsertion"];
n00 -> n001;
n0 -> n00;
n01[label = "If_Then_Else"];
n010[label = "While"];
n0100[label = "FarthestNeighbor"];
n010 -> n0100;
n0101[label = "FarthestFirstNode"];
n010 -> n0101;
n01 -> n010;
n011[label = "NearestInsertion"];
n01 -> n011;
n012[label = "While"];
n0120[label = "NearestInsertion"];
n012 -> n0120;
n0121[label = "NearestInsertion"];
n012 -> n0121;
n01 -> n012;
n0 -> n01;
n02[label = "If_Then"];
n020[label = "NearestInsertion"];
n02 -> n020;
n021[label = "NearestInsertion"];
n02 -> n021;
n0 -> n02;
n -> n0;
n1[label = "NearestInsertion"];
n -> n1;
n2[label = "If_Then_Else"];
n20[label = "While"];
n200[label = "NearestInsertion"];
n20 -> n200;
n201[label = "NearestInsertion"];
n20 -> n201;
n2 -> n20;
n21[label = "FarthestInsertion"];
n2 -> n21;
n22[label = "While"];
n220[label = "NearestInsertion"];
n22 -> n220;
n221[label = "NearestInsertion"];
n22 -> n221;
n2 -> n22;
n -> n2;
}


Generation: 39
Best Individual:
Subpopulation 0:
Evaluated: true
Fitness: Standardized=0.2414403 Adjusted=0.805516 Hits=3
Tree 0:
digraph g {
node [shape=rectangle];
n[label = "If_Then_Else"];
n0[label = "If_Then_Else"];
n00[label = "While"];
n000[label = "NearestInsertion"];
n00 -> n000;
n001[label = "NearestInsertion"];
n00 -> n001;
n0 -> n00;
n01[label = "If_Then_Else"];
n010[label = "While"];
n0100[label = "FarthestNeighbor"];
n010 -> n0100;
n0101[label = "FarthestFirstNode"];
n010 -> n0101;
n01 -> n010;
n011[label = "NearestInsertion"];
n01 -> n011;
n012[label = "While"];
n0120[label = "NearestInsertion"];
n012 -> n0120;
n0121[label = "NearestInsertion"];
n012 -> n0121;
n01 -> n012;
n0 -> n01;
n02[label = "If_Then"];
n020[label = "NearestInsertion"];
n02 -> n020;
n021[label = "NearestInsertion"];
n02 -> n021;
n0 -> n02;
n -> n0;
n1[label = "NearestInsertion"];
n -> n1;
n2[label = "If_Then_Else"];
n20[label = "While"];
n200[label = "NearestInsertion"];
n20 -> n200;
n201[label = "NearestInsertion"];
n20 -> n201;
n2 -> n20;
n21[label = "FarthestInsertion"];
n2 -> n21;
n22[label = "While"];
n220[label = "NearestInsertion"];
n22 -> n220;
n221[label = "NearestInsertion"];
n22 -> n221;
n2 -> n22;
n -> n2;
}


Generation: 40
Best Individual:
Subpopulation 0:
Evaluated: true
Fitness: Standardized=0.2414403 Adjusted=0.805516 Hits=3
Tree 0:
digraph g {
node [shape=rectangle];
n[label = "If_Then_Else"];
n0[label = "If_Then_Else"];
n00[label = "While"];
n000[label = "NearestInsertion"];
n00 -> n000;
n001[label = "NearestInsertion"];
n00 -> n001;
n0 -> n00;
n01[label = "If_Then_Else"];
n010[label = "While"];
n0100[label = "FarthestNeighbor"];
n010 -> n0100;
n0101[label = "FarthestFirstNode"];
n010 -> n0101;
n01 -> n010;
n011[label = "NearestInsertion"];
n01 -> n011;
n012[label = "While"];
n0120[label = "NearestInsertion"];
n012 -> n0120;
n0121[label = "NearestInsertion"];
n012 -> n0121;
n01 -> n012;
n0 -> n01;
n02[label = "If_Then"];
n020[label = "NearestInsertion"];
n02 -> n020;
n021[label = "NearestInsertion"];
n02 -> n021;
n0 -> n02;
n -> n0;
n1[label = "NearestInsertion"];
n -> n1;
n2[label = "If_Then_Else"];
n20[label = "While"];
n200[label = "NearestInsertion"];
n20 -> n200;
n201[label = "NearestInsertion"];
n20 -> n201;
n2 -> n20;
n21[label = "FarthestInsertion"];
n2 -> n21;
n22[label = "While"];
n220[label = "NearestInsertion"];
n22 -> n220;
n221[label = "NearestInsertion"];
n22 -> n221;
n2 -> n22;
n -> n2;
}


Generation: 41
Best Individual:
Subpopulation 0:
Evaluated: true
Fitness: Standardized=0.2414403 Adjusted=0.805516 Hits=3
Tree 0:
digraph g {
node [shape=rectangle];
n[label = "If_Then_Else"];
n0[label = "If_Then_Else"];
n00[label = "While"];
n000[label = "NearestInsertion"];
n00 -> n000;
n001[label = "NearestInsertion"];
n00 -> n001;
n0 -> n00;
n01[label = "NearestInsertion"];
n0 -> n01;
n02[label = "If_Then"];
n020[label = "NearestInsertion"];
n02 -> n020;
n021[label = "NearestInsertion"];
n02 -> n021;
n0 -> n02;
n -> n0;
n1[label = "NearestInsertion"];
n -> n1;
n2[label = "If_Then_Else"];
n20[label = "While"];
n200[label = "NearestInsertion"];
n20 -> n200;
n201[label = "NearestInsertion"];
n20 -> n201;
n2 -> n20;
n21[label = "FarthestInsertion"];
n2 -> n21;
n22[label = "Or"];
n220[label = "NearestInsertion"];
n22 -> n220;
n221[label = "If_Then"];
n2210[label = "NearestInsertion"];
n221 -> n2210;
n2211[label = "NearestInsertion"];
n221 -> n2211;
n22 -> n221;
n2 -> n22;
n -> n2;
}


Generation: 42
Best Individual:
Subpopulation 0:
Evaluated: true
Fitness: Standardized=0.2414403 Adjusted=0.805516 Hits=3
Tree 0:
digraph g {
node [shape=rectangle];
n[label = "If_Then_Else"];
n0[label = "If_Then_Else"];
n00[label = "While"];
n000[label = "NearestInsertion"];
n00 -> n000;
n001[label = "NearestInsertion"];
n00 -> n001;
n0 -> n00;
n01[label = "NearestInsertion"];
n0 -> n01;
n02[label = "If_Then"];
n020[label = "NearestInsertion"];
n02 -> n020;
n021[label = "NearestInsertion"];
n02 -> n021;
n0 -> n02;
n -> n0;
n1[label = "NearestInsertion"];
n -> n1;
n2[label = "If_Then_Else"];
n20[label = "While"];
n200[label = "NearestInsertion"];
n20 -> n200;
n201[label = "NearestInsertion"];
n20 -> n201;
n2 -> n20;
n21[label = "FarthestInsertion"];
n2 -> n21;
n22[label = "Or"];
n220[label = "NearestInsertion"];
n22 -> n220;
n221[label = "NearestFirstNode"];
n22 -> n221;
n2 -> n22;
n -> n2;
}


Generation: 43
Best Individual:
Subpopulation 0:
Evaluated: true
Fitness: Standardized=0.2414403 Adjusted=0.805516 Hits=3
Tree 0:
digraph g {
node [shape=rectangle];
n[label = "If_Then_Else"];
n0[label = "While"];
n00[label = "NearestInsertion"];
n0 -> n00;
n01[label = "NearestInsertion"];
n0 -> n01;
n -> n0;
n1[label = "If_Then_Else"];
n10[label = "While"];
n100[label = "FarthestNeighbor"];
n10 -> n100;
n101[label = "FarthestFirstNode"];
n10 -> n101;
n1 -> n10;
n11[label = "NearestInsertion"];
n1 -> n11;
n12[label = "If_Then"];
n120[label = "NearestInsertion"];
n12 -> n120;
n121[label = "NearestInsertion"];
n12 -> n121;
n1 -> n12;
n -> n1;
n2[label = "If_Then"];
n20[label = "NearestInsertion"];
n2 -> n20;
n21[label = "NearestInsertion"];
n2 -> n21;
n -> n2;
}


Generation: 44
Best Individual:
Subpopulation 0:
Evaluated: true
Fitness: Standardized=0.2414403 Adjusted=0.805516 Hits=3
Tree 0:
digraph g {
node [shape=rectangle];
n[label = "If_Then_Else"];
n0[label = "While"];
n00[label = "NearestInsertion"];
n0 -> n00;
n01[label = "NearestInsertion"];
n0 -> n01;
n -> n0;
n1[label = "If_Then_Else"];
n10[label = "While"];
n100[label = "FarthestNeighbor"];
n10 -> n100;
n101[label = "FarthestFirstNode"];
n10 -> n101;
n1 -> n10;
n11[label = "FarthestFirstNode"];
n1 -> n11;
n12[label = "If_Then"];
n120[label = "NearestInsertion"];
n12 -> n120;
n121[label = "NearestInsertion"];
n12 -> n121;
n1 -> n12;
n -> n1;
n2[label = "If_Then"];
n20[label = "NearestInsertion"];
n2 -> n20;
n21[label = "NearestInsertion"];
n2 -> n21;
n -> n2;
}


Generation: 45
Best Individual:
Subpopulation 0:
Evaluated: true
Fitness: Standardized=0.2414403 Adjusted=0.805516 Hits=3
Tree 0:
digraph g {
node [shape=rectangle];
n[label = "If_Then_Else"];
n0[label = "If_Then_Else"];
n00[label = "While"];
n000[label = "NearestInsertion"];
n00 -> n000;
n001[label = "NearestInsertion"];
n00 -> n001;
n0 -> n00;
n01[label = "If_Then_Else"];
n010[label = "While"];
n0100[label = "FarthestNeighbor"];
n010 -> n0100;
n0101[label = "FarthestFirstNode"];
n010 -> n0101;
n01 -> n010;
n011[label = "NearestInsertion"];
n01 -> n011;
n012[label = "And"];
n0120[label = "NearestInsertion"];
n012 -> n0120;
n0121[label = "NearestInsertion"];
n012 -> n0121;
n01 -> n012;
n0 -> n01;
n02[label = "Or"];
n020[label = "NearestInsertion"];
n02 -> n020;
n021[label = "NearestInsertion"];
n02 -> n021;
n0 -> n02;
n -> n0;
n1[label = "NearestInsertion"];
n -> n1;
n2[label = "If_Then_Else"];
n20[label = "While"];
n200[label = "NearestInsertion"];
n20 -> n200;
n201[label = "NearestInsertion"];
n20 -> n201;
n2 -> n20;
n21[label = "FarthestInsertion"];
n2 -> n21;
n22[label = "While"];
n220[label = "NearestInsertion"];
n22 -> n220;
n221[label = "NearestInsertion"];
n22 -> n221;
n2 -> n22;
n -> n2;
}


Generation: 46
Best Individual:
Subpopulation 0:
Evaluated: true
Fitness: Standardized=0.2414403 Adjusted=0.805516 Hits=3
Tree 0:
digraph g {
node [shape=rectangle];
n[label = "If_Then_Else"];
n0[label = "While"];
n00[label = "NearestInsertion"];
n0 -> n00;
n01[label = "NearestInsertion"];
n0 -> n01;
n -> n0;
n1[label = "NearestInsertion"];
n -> n1;
n2[label = "If_Then_Else"];
n20[label = "While"];
n200[label = "NearestInsertion"];
n20 -> n200;
n201[label = "NearestInsertion"];
n20 -> n201;
n2 -> n20;
n21[label = "FarthestInsertion"];
n2 -> n21;
n22[label = "While"];
n220[label = "NearestInsertion"];
n22 -> n220;
n221[label = "NearestInsertion"];
n22 -> n221;
n2 -> n22;
n -> n2;
}


Generation: 47
Best Individual:
Subpopulation 0:
Evaluated: true
Fitness: Standardized=0.2414403 Adjusted=0.805516 Hits=3
Tree 0:
digraph g {
node [shape=rectangle];
n[label = "If_Then_Else"];
n0[label = "While"];
n00[label = "NearestInsertion"];
n0 -> n00;
n01[label = "If_Then_Else"];
n010[label = "While"];
n0100[label = "NearestInsertion"];
n010 -> n0100;
n0101[label = "NearestInsertion"];
n010 -> n0101;
n01 -> n010;
n011[label = "NearestInsertion"];
n01 -> n011;
n012[label = "NearestFirstNode"];
n01 -> n012;
n0 -> n01;
n -> n0;
n1[label = "NearestInsertion"];
n -> n1;
n2[label = "If_Then_Else"];
n20[label = "While"];
n200[label = "NearestInsertion"];
n20 -> n200;
n201[label = "NearestInsertion"];
n20 -> n201;
n2 -> n20;
n21[label = "FarthestInsertion"];
n2 -> n21;
n22[label = "While"];
n220[label = "NearestInsertion"];
n22 -> n220;
n221[label = "NearestInsertion"];
n22 -> n221;
n2 -> n22;
n -> n2;
}


Generation: 48
Best Individual:
Subpopulation 0:
Evaluated: true
Fitness: Standardized=0.2414403 Adjusted=0.805516 Hits=3
Tree 0:
digraph g {
node [shape=rectangle];
n[label = "If_Then_Else"];
n0[label = "If_Then_Else"];
n00[label = "While"];
n000[label = "NearestInsertion"];
n00 -> n000;
n001[label = "NearestInsertion"];
n00 -> n001;
n0 -> n00;
n01[label = "NearestInsertion"];
n0 -> n01;
n02[label = "CplexTerminal"];
n0 -> n02;
n -> n0;
n1[label = "NearestInsertion"];
n -> n1;
n2[label = "If_Then_Else"];
n20[label = "While"];
n200[label = "NearestInsertion"];
n20 -> n200;
n201[label = "NearestInsertion"];
n20 -> n201;
n2 -> n20;
n21[label = "FarthestInsertion"];
n2 -> n21;
n22[label = "While"];
n220[label = "NearestInsertion"];
n22 -> n220;
n221[label = "NearestInsertion"];
n22 -> n221;
n2 -> n22;
n -> n2;
}


Generation: 49
Best Individual:
Subpopulation 0:
Evaluated: true
Fitness: Standardized=0.2414403 Adjusted=0.805516 Hits=3
Tree 0:
digraph g {
node [shape=rectangle];
n[label = "If_Then_Else"];
n0[label = "If_Then_Else"];
n00[label = "While"];
n000[label = "NearestInsertion"];
n00 -> n000;
n001[label = "NearestInsertion"];
n00 -> n001;
n0 -> n00;
n01[label = "If_Then_Else"];
n010[label = "While"];
n0100[label = "FarthestNeighbor"];
n010 -> n0100;
n0101[label = "FarthestFirstNode"];
n010 -> n0101;
n01 -> n010;
n011[label = "NearestInsertion"];
n01 -> n011;
n012[label = "If_Then"];
n0120[label = "NearestInsertion"];
n012 -> n0120;
n0121[label = "NearestInsertion"];
n012 -> n0121;
n01 -> n012;
n0 -> n01;
n02[label = "If_Then"];
n020[label = "NearestInsertion"];
n02 -> n020;
n021[label = "While"];
n0210[label = "NearestInsertion"];
n021 -> n0210;
n0211[label = "NearestInsertion"];
n021 -> n0211;
n02 -> n021;
n0 -> n02;
n -> n0;
n1[label = "NearestInsertion"];
n -> n1;
n2[label = "If_Then_Else"];
n20[label = "If_Then_Else"];
n200[label = "NearestInsertion"];
n20 -> n200;
n201[label = "NearestInsertion"];
n20 -> n201;
n202[label = "While"];
n2020[label = "NearestInsertion"];
n202 -> n2020;
n2021[label = "FarthestNeighbor"];
n202 -> n2021;
n20 -> n202;
n2 -> n20;
n21[label = "FarthestInsertion"];
n2 -> n21;
n22[label = "While"];
n220[label = "NearestInsertion"];
n22 -> n220;
n221[label = "NearestInsertion"];
n22 -> n221;
n2 -> n22;
n -> n2;
}


Generation: 50
Best Individual:
Subpopulation 0:
Evaluated: true
Fitness: Standardized=0.2414403 Adjusted=0.805516 Hits=3
Tree 0:
digraph g {
node [shape=rectangle];
n[label = "If_Then_Else"];
n0[label = "While"];
n00[label = "NearestInsertion"];
n0 -> n00;
n01[label = "If_Then_Else"];
n010[label = "While"];
n0100[label = "NearestInsertion"];
n010 -> n0100;
n0101[label = "NearestInsertion"];
n010 -> n0101;
n01 -> n010;
n011[label = "NearestInsertion"];
n01 -> n011;
n012[label = "NearestInsertion"];
n01 -> n012;
n0 -> n01;
n -> n0;
n1[label = "NearestInsertion"];
n -> n1;
n2[label = "If_Then_Else"];
n20[label = "FarthestNeighbor"];
n2 -> n20;
n21[label = "FarthestInsertion"];
n2 -> n21;
n22[label = "While"];
n220[label = "NearestInsertion"];
n22 -> n220;
n221[label = "NearestInsertion"];
n22 -> n221;
n2 -> n22;
n -> n2;
}


Generation: 51
Best Individual:
Subpopulation 0:
Evaluated: true
Fitness: Standardized=0.2414403 Adjusted=0.805516 Hits=3
Tree 0:
digraph g {
node [shape=rectangle];
n[label = "If_Then_Else"];
n0[label = "While"];
n00[label = "NearestInsertion"];
n0 -> n00;
n01[label = "NearestInsertion"];
n0 -> n01;
n -> n0;
n1[label = "NearestInsertion"];
n -> n1;
n2[label = "While"];
n20[label = "NearestInsertion"];
n2 -> n20;
n21[label = "NearestInsertion"];
n2 -> n21;
n -> n2;
}


Generation: 52
Best Individual:
Subpopulation 0:
Evaluated: true
Fitness: Standardized=0.2414403 Adjusted=0.805516 Hits=3
Tree 0:
digraph g {
node [shape=rectangle];
n[label = "If_Then_Else"];
n0[label = "While"];
n00[label = "NearestInsertion"];
n0 -> n00;
n01[label = "NearestInsertion"];
n0 -> n01;
n -> n0;
n1[label = "NearestInsertion"];
n -> n1;
n2[label = "If_Then_Else"];
n20[label = "While"];
n200[label = "NearestInsertion"];
n20 -> n200;
n201[label = "NearestInsertion"];
n20 -> n201;
n2 -> n20;
n21[label = "FarthestInsertion"];
n2 -> n21;
n22[label = "If_Then_Else"];
n220[label = "While"];
n2200[label = "NearestInsertion"];
n220 -> n2200;
n2201[label = "NearestInsertion"];
n220 -> n2201;
n22 -> n220;
n221[label = "FarthestInsertion"];
n22 -> n221;
n222[label = "While"];
n2220[label = "NearestInsertion"];
n222 -> n2220;
n2221[label = "NearestInsertion"];
n222 -> n2221;
n22 -> n222;
n2 -> n22;
n -> n2;
}


Generation: 53
Best Individual:
Subpopulation 0:
Evaluated: true
Fitness: Standardized=0.2414403 Adjusted=0.805516 Hits=3
Tree 0:
digraph g {
node [shape=rectangle];
n[label = "If_Then_Else"];
n0[label = "While"];
n00[label = "NearestInsertion"];
n0 -> n00;
n01[label = "If_Then"];
n010[label = "While"];
n0100[label = "NearestInsertion"];
n010 -> n0100;
n0101[label = "NearestInsertion"];
n010 -> n0101;
n01 -> n010;
n011[label = "NearestInsertion"];
n01 -> n011;
n0 -> n01;
n -> n0;
n1[label = "NearestInsertion"];
n -> n1;
n2[label = "While"];
n20[label = "NearestInsertion"];
n2 -> n20;
n21[label = "NearestInsertion"];
n2 -> n21;
n -> n2;
}


Generation: 54
Best Individual:
Subpopulation 0:
Evaluated: true
Fitness: Standardized=0.2414403 Adjusted=0.805516 Hits=3
Tree 0:
digraph g {
node [shape=rectangle];
n[label = "If_Then_Else"];
n0[label = "While"];
n00[label = "NearestInsertion"];
n0 -> n00;
n01[label = "NearestInsertion"];
n0 -> n01;
n -> n0;
n1[label = "NearestInsertion"];
n -> n1;
n2[label = "If_Then_Else"];
n20[label = "If_Then"];
n200[label = "NearestInsertion"];
n20 -> n200;
n201[label = "NearestInsertion"];
n20 -> n201;
n2 -> n20;
n21[label = "FarthestInsertion"];
n2 -> n21;
n22[label = "If_Then_Else"];
n220[label = "While"];
n2200[label = "NearestInsertion"];
n220 -> n2200;
n2201[label = "NearestInsertion"];
n220 -> n2201;
n22 -> n220;
n221[label = "FarthestInsertion"];
n22 -> n221;
n222[label = "While"];
n2220[label = "NearestInsertion"];
n222 -> n2220;
n2221[label = "NearestInsertion"];
n222 -> n2221;
n22 -> n222;
n2 -> n22;
n -> n2;
}


Generation: 55
Best Individual:
Subpopulation 0:
Evaluated: true
Fitness: Standardized=0.2414403 Adjusted=0.805516 Hits=3
Tree 0:
digraph g {
node [shape=rectangle];
n[label = "If_Then_Else"];
n0[label = "While"];
n00[label = "NearestInsertion"];
n0 -> n00;
n01[label = "NearestInsertion"];
n0 -> n01;
n -> n0;
n1[label = "NearestInsertion"];
n -> n1;
n2[label = "If_Then_Else"];
n20[label = "While"];
n200[label = "NearestInsertion"];
n20 -> n200;
n201[label = "NearestInsertion"];
n20 -> n201;
n2 -> n20;
n21[label = "NearestInsertion"];
n2 -> n21;
n22[label = "If_Then"];
n220[label = "While"];
n2200[label = "NearestInsertion"];
n220 -> n2200;
n2201[label = "NearestInsertion"];
n220 -> n2201;
n22 -> n220;
n221[label = "NearestInsertion"];
n22 -> n221;
n2 -> n22;
n -> n2;
}


Generation: 56
Best Individual:
Subpopulation 0:
Evaluated: true
Fitness: Standardized=0.2414403 Adjusted=0.805516 Hits=3
Tree 0:
digraph g {
node [shape=rectangle];
n[label = "If_Then_Else"];
n0[label = "While"];
n00[label = "NearestInsertion"];
n0 -> n00;
n01[label = "NearestInsertion"];
n0 -> n01;
n -> n0;
n1[label = "NearestInsertion"];
n -> n1;
n2[label = "NearestInsertion"];
n -> n2;
}


Generation: 57
Best Individual:
Subpopulation 0:
Evaluated: true
Fitness: Standardized=0.2414403 Adjusted=0.805516 Hits=3
Tree 0:
digraph g {
node [shape=rectangle];
n[label = "If_Then_Else"];
n0[label = "While"];
n00[label = "NearestInsertion"];
n0 -> n00;
n01[label = "NearestInsertion"];
n0 -> n01;
n -> n0;
n1[label = "If_Then_Else"];
n10[label = "While"];
n100[label = "NearestInsertion"];
n10 -> n100;
n101[label = "NearestNeighbor"];
n10 -> n101;
n1 -> n10;
n11[label = "NearestInsertion"];
n1 -> n11;
n12[label = "If_Then"];
n120[label = "While"];
n1200[label = "NearestInsertion"];
n120 -> n1200;
n1201[label = "NearestInsertion"];
n120 -> n1201;
n12 -> n120;
n121[label = "NearestInsertion"];
n12 -> n121;
n1 -> n12;
n -> n1;
n2[label = "While"];
n20[label = "NearestInsertion"];
n2 -> n20;
n21[label = "NearestInsertion"];
n2 -> n21;
n -> n2;
}


Generation: 58
Best Individual:
Subpopulation 0:
Evaluated: true
Fitness: Standardized=0.2414403 Adjusted=0.805516 Hits=3
Tree 0:
digraph g {
node [shape=rectangle];
n[label = "If_Then_Else"];
n0[label = "While"];
n00[label = "NearestInsertion"];
n0 -> n00;
n01[label = "NearestInsertion"];
n0 -> n01;
n -> n0;
n1[label = "NearestInsertion"];
n -> n1;
n2[label = "While"];
n20[label = "NearestInsertion"];
n2 -> n20;
n21[label = "NearestInsertion"];
n2 -> n21;
n -> n2;
}


Generation: 59
Best Individual:
Subpopulation 0:
Evaluated: true
Fitness: Standardized=0.2414403 Adjusted=0.805516 Hits=3
Tree 0:
digraph g {
node [shape=rectangle];
n[label = "If_Then_Else"];
n0[label = "While"];
n00[label = "NearestInsertion"];
n0 -> n00;
n01[label = "NearestInsertion"];
n0 -> n01;
n -> n0;
n1[label = "If_Then_Else"];
n10[label = "While"];
n100[label = "NearestInsertion"];
n10 -> n100;
n101[label = "NearestNeighbor"];
n10 -> n101;
n1 -> n10;
n11[label = "NearestInsertion"];
n1 -> n11;
n12[label = "If_Then"];
n120[label = "While"];
n1200[label = "NearestInsertion"];
n120 -> n1200;
n1201[label = "NearestInsertion"];
n120 -> n1201;
n12 -> n120;
n121[label = "CplexTerminal"];
n12 -> n121;
n1 -> n12;
n -> n1;
n2[label = "While"];
n20[label = "NearestInsertion"];
n2 -> n20;
n21[label = "NearestInsertion"];
n2 -> n21;
n -> n2;
}


Generation: 60
Best Individual:
Subpopulation 0:
Evaluated: true
Fitness: Standardized=0.2414403 Adjusted=0.805516 Hits=3
Tree 0:
digraph g {
node [shape=rectangle];
n[label = "If_Then_Else"];
n0[label = "If_Then_Else"];
n00[label = "While"];
n000[label = "NearestInsertion"];
n00 -> n000;
n001[label = "NearestInsertion"];
n00 -> n001;
n0 -> n00;
n01[label = "NearestInsertion"];
n0 -> n01;
n02[label = "While"];
n020[label = "NearestInsertion"];
n02 -> n020;
n021[label = "NearestInsertion"];
n02 -> n021;
n0 -> n02;
n -> n0;
n1[label = "NearestInsertion"];
n -> n1;
n2[label = "While"];
n20[label = "NearestInsertion"];
n2 -> n20;
n21[label = "NearestInsertion"];
n2 -> n21;
n -> n2;
}


Generation: 61
Best Individual:
Subpopulation 0:
Evaluated: true
Fitness: Standardized=0.2414403 Adjusted=0.805516 Hits=3
Tree 0:
digraph g {
node [shape=rectangle];
n[label = "If_Then_Else"];
n0[label = "While"];
n00[label = "NearestInsertion"];
n0 -> n00;
n01[label = "NearestInsertion"];
n0 -> n01;
n -> n0;
n1[label = "NearestInsertion"];
n -> n1;
n2[label = "And"];
n20[label = "NearestInsertion"];
n2 -> n20;
n21[label = "NearestInsertion"];
n2 -> n21;
n -> n2;
}


Generation: 62
Best Individual:
Subpopulation 0:
Evaluated: true
Fitness: Standardized=0.2414403 Adjusted=0.805516 Hits=3
Tree 0:
digraph g {
node [shape=rectangle];
n[label = "If_Then_Else"];
n0[label = "While"];
n00[label = "NearestInsertion"];
n0 -> n00;
n01[label = "NearestInsertion"];
n0 -> n01;
n -> n0;
n1[label = "If_Then_Else"];
n10[label = "While"];
n100[label = "NearestInsertion"];
n10 -> n100;
n101[label = "NearestInsertion"];
n10 -> n101;
n1 -> n10;
n11[label = "NearestInsertion"];
n1 -> n11;
n12[label = "If_Then"];
n120[label = "While"];
n1200[label = "NearestInsertion"];
n120 -> n1200;
n1201[label = "NearestInsertion"];
n120 -> n1201;
n12 -> n120;
n121[label = "NearestInsertion"];
n12 -> n121;
n1 -> n12;
n -> n1;
n2[label = "While"];
n20[label = "NearestInsertion"];
n2 -> n20;
n21[label = "If_Then_Else"];
n210[label = "While"];
n2100[label = "NearestInsertion"];
n210 -> n2100;
n2101[label = "NearestInsertion"];
n210 -> n2101;
n21 -> n210;
n211[label = "NearestInsertion"];
n21 -> n211;
n212[label = "While"];
n2120[label = "NearestInsertion"];
n212 -> n2120;
n2121[label = "NearestInsertion"];
n212 -> n2121;
n21 -> n212;
n2 -> n21;
n -> n2;
}


Generation: 63
Best Individual:
Subpopulation 0:
Evaluated: true
Fitness: Standardized=0.2414403 Adjusted=0.805516 Hits=3
Tree 0:
digraph g {
node [shape=rectangle];
n[label = "If_Then_Else"];
n0[label = "While"];
n00[label = "NearestInsertion"];
n0 -> n00;
n01[label = "NearestInsertion"];
n0 -> n01;
n -> n0;
n1[label = "NearestInsertion"];
n -> n1;
n2[label = "NearestInsertion"];
n -> n2;
}


Generation: 64
Best Individual:
Subpopulation 0:
Evaluated: true
Fitness: Standardized=0.2414403 Adjusted=0.805516 Hits=3
Tree 0:
digraph g {
node [shape=rectangle];
n[label = "If_Then_Else"];
n0[label = "While"];
n00[label = "NearestInsertion"];
n0 -> n00;
n01[label = "NearestInsertion"];
n0 -> n01;
n -> n0;
n1[label = "If_Then_Else"];
n10[label = "While"];
n100[label = "NearestInsertion"];
n10 -> n100;
n101[label = "NearestNeighbor"];
n10 -> n101;
n1 -> n10;
n11[label = "NearestInsertion"];
n1 -> n11;
n12[label = "NearestFirstNode"];
n1 -> n12;
n -> n1;
n2[label = "While"];
n20[label = "NearestInsertion"];
n2 -> n20;
n21[label = "If_Then_Else"];
n210[label = "While"];
n2100[label = "NearestInsertion"];
n210 -> n2100;
n2101[label = "NearestInsertion"];
n210 -> n2101;
n21 -> n210;
n211[label = "NearestInsertion"];
n21 -> n211;
n212[label = "While"];
n2120[label = "NearestInsertion"];
n212 -> n2120;
n2121[label = "NearestInsertion"];
n212 -> n2121;
n21 -> n212;
n2 -> n21;
n -> n2;
}


Generation: 65
Best Individual:
Subpopulation 0:
Evaluated: true
Fitness: Standardized=0.2414403 Adjusted=0.805516 Hits=3
Tree 0:
digraph g {
node [shape=rectangle];
n[label = "If_Then_Else"];
n0[label = "While"];
n00[label = "NearestInsertion"];
n0 -> n00;
n01[label = "NearestInsertion"];
n0 -> n01;
n -> n0;
n1[label = "If_Then_Else"];
n10[label = "While"];
n100[label = "NearestInsertion"];
n10 -> n100;
n101[label = "NearestNeighbor"];
n10 -> n101;
n1 -> n10;
n11[label = "NearestInsertion"];
n1 -> n11;
n12[label = "Or"];
n120[label = "NearestInsertion"];
n12 -> n120;
n121[label = "NearestInsertion"];
n12 -> n121;
n1 -> n12;
n -> n1;
n2[label = "And"];
n20[label = "NearestInsertion"];
n2 -> n20;
n21[label = "If_Then_Else"];
n210[label = "While"];
n2100[label = "NearestInsertion"];
n210 -> n2100;
n2101[label = "NearestInsertion"];
n210 -> n2101;
n21 -> n210;
n211[label = "NearestInsertion"];
n21 -> n211;
n212[label = "While"];
n2120[label = "NearestInsertion"];
n212 -> n2120;
n2121[label = "NearestInsertion"];
n212 -> n2121;
n21 -> n212;
n2 -> n21;
n -> n2;
}


Generation: 66
Best Individual:
Subpopulation 0:
Evaluated: true
Fitness: Standardized=0.2414403 Adjusted=0.805516 Hits=3
Tree 0:
digraph g {
node [shape=rectangle];
n[label = "If_Then_Else"];
n0[label = "While"];
n00[label = "NearestInsertion"];
n0 -> n00;
n01[label = "NearestInsertion"];
n0 -> n01;
n -> n0;
n1[label = "If_Then_Else"];
n10[label = "While"];
n100[label = "NearestInsertion"];
n10 -> n100;
n101[label = "NearestNeighbor"];
n10 -> n101;
n1 -> n10;
n11[label = "NearestInsertion"];
n1 -> n11;
n12[label = "Or"];
n120[label = "NearestInsertion"];
n12 -> n120;
n121[label = "NearestInsertion"];
n12 -> n121;
n1 -> n12;
n -> n1;
n2[label = "While"];
n20[label = "NearestInsertion"];
n2 -> n20;
n21[label = "If_Then_Else"];
n210[label = "While"];
n2100[label = "NearestInsertion"];
n210 -> n2100;
n2101[label = "NearestInsertion"];
n210 -> n2101;
n21 -> n210;
n211[label = "NearestInsertion"];
n21 -> n211;
n212[label = "While"];
n2120[label = "NearestInsertion"];
n212 -> n2120;
n2121[label = "NearestInsertion"];
n212 -> n2121;
n21 -> n212;
n2 -> n21;
n -> n2;
}


Generation: 67
Best Individual:
Subpopulation 0:
Evaluated: true
Fitness: Standardized=0.2414403 Adjusted=0.805516 Hits=3
Tree 0:
digraph g {
node [shape=rectangle];
n[label = "If_Then_Else"];
n0[label = "While"];
n00[label = "NearestInsertion"];
n0 -> n00;
n01[label = "NearestInsertion"];
n0 -> n01;
n -> n0;
n1[label = "If_Then_Else"];
n10[label = "While"];
n100[label = "NearestInsertion"];
n10 -> n100;
n101[label = "NearestNeighbor"];
n10 -> n101;
n1 -> n10;
n11[label = "NearestInsertion"];
n1 -> n11;
n12[label = "While"];
n120[label = "NearestInsertion"];
n12 -> n120;
n121[label = "NearestInsertion"];
n12 -> n121;
n1 -> n12;
n -> n1;
n2[label = "While"];
n20[label = "NearestInsertion"];
n2 -> n20;
n21[label = "If_Then_Else"];
n210[label = "While"];
n2100[label = "NearestInsertion"];
n210 -> n2100;
n2101[label = "NearestInsertion"];
n210 -> n2101;
n21 -> n210;
n211[label = "NearestInsertion"];
n21 -> n211;
n212[label = "While"];
n2120[label = "NearestInsertion"];
n212 -> n2120;
n2121[label = "NearestInsertion"];
n212 -> n2121;
n21 -> n212;
n2 -> n21;
n -> n2;
}


Generation: 68
Best Individual:
Subpopulation 0:
Evaluated: true
Fitness: Standardized=0.2414403 Adjusted=0.805516 Hits=3
Tree 0:
digraph g {
node [shape=rectangle];
n[label = "If_Then_Else"];
n0[label = "While"];
n00[label = "NearestInsertion"];
n0 -> n00;
n01[label = "NearestInsertion"];
n0 -> n01;
n -> n0;
n1[label = "If_Then_Else"];
n10[label = "Or"];
n100[label = "NearestInsertion"];
n10 -> n100;
n101[label = "NearestInsertion"];
n10 -> n101;
n1 -> n10;
n11[label = "NearestInsertion"];
n1 -> n11;
n12[label = "While"];
n120[label = "NearestInsertion"];
n12 -> n120;
n121[label = "NearestInsertion"];
n12 -> n121;
n1 -> n12;
n -> n1;
n2[label = "If_Then"];
n20[label = "NearestInsertion"];
n2 -> n20;
n21[label = "If_Then_Else"];
n210[label = "While"];
n2100[label = "NearestInsertion"];
n210 -> n2100;
n2101[label = "NearestInsertion"];
n210 -> n2101;
n21 -> n210;
n211[label = "NearestInsertion"];
n21 -> n211;
n212[label = "While"];
n2120[label = "NearestInsertion"];
n212 -> n2120;
n2121[label = "NearestInsertion"];
n212 -> n2121;
n21 -> n212;
n2 -> n21;
n -> n2;
}


Generation: 69
Best Individual:
Subpopulation 0:
Evaluated: true
Fitness: Standardized=0.2414403 Adjusted=0.805516 Hits=3
Tree 0:
digraph g {
node [shape=rectangle];
n[label = "If_Then_Else"];
n0[label = "While"];
n00[label = "NearestInsertion"];
n0 -> n00;
n01[label = "NearestInsertion"];
n0 -> n01;
n -> n0;
n1[label = "If_Then_Else"];
n10[label = "While"];
n100[label = "NearestInsertion"];
n10 -> n100;
n101[label = "NearestNeighbor"];
n10 -> n101;
n1 -> n10;
n11[label = "NearestInsertion"];
n1 -> n11;
n12[label = "While"];
n120[label = "NearestInsertion"];
n12 -> n120;
n121[label = "NearestNeighbor"];
n12 -> n121;
n1 -> n12;
n -> n1;
n2[label = "While"];
n20[label = "NearestInsertion"];
n2 -> n20;
n21[label = "NearestInsertion"];
n2 -> n21;
n -> n2;
}


Generation: 70
Best Individual:
Subpopulation 0:
Evaluated: true
Fitness: Standardized=0.2414403 Adjusted=0.805516 Hits=3
Tree 0:
digraph g {
node [shape=rectangle];
n[label = "Or"];
n0[label = "If_Then_Else"];
n00[label = "While"];
n000[label = "NearestInsertion"];
n00 -> n000;
n001[label = "NearestInsertion"];
n00 -> n001;
n0 -> n00;
n01[label = "NearestInsertion"];
n0 -> n01;
n02[label = "While"];
n020[label = "NearestInsertion"];
n02 -> n020;
n021[label = "NearestInsertion"];
n02 -> n021;
n0 -> n02;
n -> n0;
n1[label = "NearestInsertion"];
n -> n1;
}


Generation: 71
Best Individual:
Subpopulation 0:
Evaluated: true
Fitness: Standardized=0.2414403 Adjusted=0.805516 Hits=3
Tree 0:
digraph g {
node [shape=rectangle];
n[label = "If_Then_Else"];
n0[label = "While"];
n00[label = "NearestInsertion"];
n0 -> n00;
n01[label = "NearestInsertion"];
n0 -> n01;
n -> n0;
n1[label = "If_Then_Else"];
n10[label = "While"];
n100[label = "NearestInsertion"];
n10 -> n100;
n101[label = "NearestNeighbor"];
n10 -> n101;
n1 -> n10;
n11[label = "NearestInsertion"];
n1 -> n11;
n12[label = "While"];
n120[label = "NearestInsertion"];
n12 -> n120;
n121[label = "NearestInsertion"];
n12 -> n121;
n1 -> n12;
n -> n1;
n2[label = "While"];
n20[label = "NearestInsertion"];
n2 -> n20;
n21[label = "If_Then_Else"];
n210[label = "While"];
n2100[label = "NearestInsertion"];
n210 -> n2100;
n2101[label = "NearestInsertion"];
n210 -> n2101;
n21 -> n210;
n211[label = "NearestInsertion"];
n21 -> n211;
n212[label = "NearestInsertion"];
n21 -> n212;
n2 -> n21;
n -> n2;
}


Generation: 72
Best Individual:
Subpopulation 0:
Evaluated: true
Fitness: Standardized=0.2414403 Adjusted=0.805516 Hits=3
Tree 0:
digraph g {
node [shape=rectangle];
n[label = "If_Then_Else"];
n0[label = "While"];
n00[label = "NearestInsertion"];
n0 -> n00;
n01[label = "NearestInsertion"];
n0 -> n01;
n -> n0;
n1[label = "If_Then_Else"];
n10[label = "NearestInsertion"];
n1 -> n10;
n11[label = "If_Then_Else"];
n110[label = "While"];
n1100[label = "NearestInsertion"];
n110 -> n1100;
n1101[label = "NearestInsertion"];
n110 -> n1101;
n11 -> n110;
n111[label = "NearestInsertion"];
n11 -> n111;
n112[label = "NearestNeighbor"];
n11 -> n112;
n1 -> n11;
n12[label = "NearestInsertion"];
n1 -> n12;
n -> n1;
n2[label = "While"];
n20[label = "NearestInsertion"];
n2 -> n20;
n21[label = "If_Then_Else"];
n210[label = "While"];
n2100[label = "NearestInsertion"];
n210 -> n2100;
n2101[label = "NearestInsertion"];
n210 -> n2101;
n21 -> n210;
n211[label = "NearestInsertion"];
n21 -> n211;
n212[label = "Or"];
n2120[label = "NearestInsertion"];
n212 -> n2120;
n2121[label = "NearestInsertion"];
n212 -> n2121;
n21 -> n212;
n2 -> n21;
n -> n2;
}


Generation: 73
Best Individual:
Subpopulation 0:
Evaluated: true
Fitness: Standardized=0.2414403 Adjusted=0.805516 Hits=3
Tree 0:
digraph g {
node [shape=rectangle];
n[label = "If_Then_Else"];
n0[label = "While"];
n00[label = "NearestInsertion"];
n0 -> n00;
n01[label = "NearestInsertion"];
n0 -> n01;
n -> n0;
n1[label = "If_Then_Else"];
n10[label = "While"];
n100[label = "NearestInsertion"];
n10 -> n100;
n101[label = "NearestNeighbor"];
n10 -> n101;
n1 -> n10;
n11[label = "NearestInsertion"];
n1 -> n11;
n12[label = "If_Then_Else"];
n120[label = "While"];
n1200[label = "NearestInsertion"];
n120 -> n1200;
n1201[label = "NearestInsertion"];
n120 -> n1201;
n12 -> n120;
n121[label = "NearestInsertion"];
n12 -> n121;
n122[label = "NearestNeighbor"];
n12 -> n122;
n1 -> n12;
n -> n1;
n2[label = "While"];
n20[label = "NearestInsertion"];
n2 -> n20;
n21[label = "If_Then_Else"];
n210[label = "While"];
n2100[label = "NearestInsertion"];
n210 -> n2100;
n2101[label = "NearestInsertion"];
n210 -> n2101;
n21 -> n210;
n211[label = "NearestInsertion"];
n21 -> n211;
n212[label = "While"];
n2120[label = "NearestInsertion"];
n212 -> n2120;
n2121[label = "NearestInsertion"];
n212 -> n2121;
n21 -> n212;
n2 -> n21;
n -> n2;
}


Generation: 74
Best Individual:
Subpopulation 0:
Evaluated: true
Fitness: Standardized=0.24143645 Adjusted=0.80551845 Hits=3
Tree 0:
digraph g {
node [shape=rectangle];
n[label = "If_Then_Else"];
n0[label = "While"];
n00[label = "NearestInsertion"];
n0 -> n00;
n01[label = "NearestInsertion"];
n0 -> n01;
n -> n0;
n1[label = "If_Then_Else"];
n10[label = "While"];
n100[label = "NearestInsertion"];
n10 -> n100;
n101[label = "NearestInsertion"];
n10 -> n101;
n1 -> n10;
n11[label = "NearestInsertion"];
n1 -> n11;
n12[label = "While"];
n120[label = "BestMove"];
n12 -> n120;
n121[label = "NearestInsertion"];
n12 -> n121;
n1 -> n12;
n -> n1;
n2[label = "While"];
n20[label = "NearestInsertion"];
n2 -> n20;
n21[label = "NearestInsertion"];
n2 -> n21;
n -> n2;
}


Generation: 75
Best Individual:
Subpopulation 0:
Evaluated: true
Fitness: Standardized=0.24143645 Adjusted=0.80551845 Hits=3
Tree 0:
digraph g {
node [shape=rectangle];
n[label = "If_Then_Else"];
n0[label = "While"];
n00[label = "NearestInsertion"];
n0 -> n00;
n01[label = "NearestInsertion"];
n0 -> n01;
n -> n0;
n1[label = "If_Then_Else"];
n10[label = "While"];
n100[label = "NearestInsertion"];
n10 -> n100;
n101[label = "NearestInsertion"];
n10 -> n101;
n1 -> n10;
n11[label = "NearestInsertion"];
n1 -> n11;
n12[label = "While"];
n120[label = "BestMove"];
n12 -> n120;
n121[label = "NearestInsertion"];
n12 -> n121;
n1 -> n12;
n -> n1;
n2[label = "While"];
n20[label = "NearestInsertion"];
n2 -> n20;
n21[label = "NearestInsertion"];
n2 -> n21;
n -> n2;
}


Generation: 76
Best Individual:
Subpopulation 0:
Evaluated: true
Fitness: Standardized=0.24143645 Adjusted=0.80551845 Hits=3
Tree 0:
digraph g {
node [shape=rectangle];
n[label = "If_Then_Else"];
n0[label = "While"];
n00[label = "NearestInsertion"];
n0 -> n00;
n01[label = "NearestInsertion"];
n0 -> n01;
n -> n0;
n1[label = "If_Then_Else"];
n10[label = "FarthestInsertion"];
n1 -> n10;
n11[label = "NearestInsertion"];
n1 -> n11;
n12[label = "While"];
n120[label = "BestMove"];
n12 -> n120;
n121[label = "NearestInsertion"];
n12 -> n121;
n1 -> n12;
n -> n1;
n2[label = "While"];
n20[label = "NearestInsertion"];
n2 -> n20;
n21[label = "NearestInsertion"];
n2 -> n21;
n -> n2;
}


Generation: 77
Best Individual:
Subpopulation 0:
Evaluated: true
Fitness: Standardized=0.24143645 Adjusted=0.80551845 Hits=3
Tree 0:
digraph g {
node [shape=rectangle];
n[label = "If_Then_Else"];
n0[label = "If_Then_Else"];
n00[label = "While"];
n000[label = "NearestInsertion"];
n00 -> n000;
n001[label = "NearestInsertion"];
n00 -> n001;
n0 -> n00;
n01[label = "If_Then_Else"];
n010[label = "While"];
n0100[label = "NearestInsertion"];
n010 -> n0100;
n0101[label = "NearestInsertion"];
n010 -> n0101;
n01 -> n010;
n011[label = "NearestInsertion"];
n01 -> n011;
n012[label = "While"];
n0120[label = "BestMove"];
n012 -> n0120;
n0121[label = "NearestInsertion"];
n012 -> n0121;
n01 -> n012;
n0 -> n01;
n02[label = "While"];
n020[label = "NearestInsertion"];
n02 -> n020;
n021[label = "NearestInsertion"];
n02 -> n021;
n0 -> n02;
n -> n0;
n1[label = "If_Then_Else"];
n10[label = "While"];
n100[label = "NearestInsertion"];
n10 -> n100;
n101[label = "NearestInsertion"];
n10 -> n101;
n1 -> n10;
n11[label = "NearestInsertion"];
n1 -> n11;
n12[label = "While"];
n120[label = "BestMove"];
n12 -> n120;
n121[label = "NearestInsertion"];
n12 -> n121;
n1 -> n12;
n -> n1;
n2[label = "While"];
n20[label = "NearestInsertion"];
n2 -> n20;
n21[label = "NearestInsertion"];
n2 -> n21;
n -> n2;
}


Generation: 78
Best Individual:
Subpopulation 0:
Evaluated: true
Fitness: Standardized=0.24143645 Adjusted=0.80551845 Hits=3
Tree 0:
digraph g {
node [shape=rectangle];
n[label = "If_Then_Else"];
n0[label = "While"];
n00[label = "NearestInsertion"];
n0 -> n00;
n01[label = "NearestInsertion"];
n0 -> n01;
n -> n0;
n1[label = "If_Then_Else"];
n10[label = "While"];
n100[label = "NearestInsertion"];
n10 -> n100;
n101[label = "NearestInsertion"];
n10 -> n101;
n1 -> n10;
n11[label = "If_Then_Else"];
n110[label = "While"];
n1100[label = "NearestInsertion"];
n110 -> n1100;
n1101[label = "NearestInsertion"];
n110 -> n1101;
n11 -> n110;
n111[label = "NearestInsertion"];
n11 -> n111;
n112[label = "While"];
n1120[label = "BestMove"];
n112 -> n1120;
n1121[label = "NearestInsertion"];
n112 -> n1121;
n11 -> n112;
n1 -> n11;
n12[label = "While"];
n120[label = "If_Then"];
n1200[label = "BestMove"];
n120 -> n1200;
n1201[label = "BestMove"];
n120 -> n1201;
n12 -> n120;
n121[label = "BestMove"];
n12 -> n121;
n1 -> n12;
n -> n1;
n2[label = "While"];
n20[label = "NearestInsertion"];
n2 -> n20;
n21[label = "NearestInsertion"];
n2 -> n21;
n -> n2;
}


Generation: 79
Best Individual:
Subpopulation 0:
Evaluated: true
Fitness: Standardized=0.24143645 Adjusted=0.80551845 Hits=3
Tree 0:
digraph g {
node [shape=rectangle];
n[label = "If_Then_Else"];
n0[label = "If_Then_Else"];
n00[label = "While"];
n000[label = "NearestInsertion"];
n00 -> n000;
n001[label = "NearestInsertion"];
n00 -> n001;
n0 -> n00;
n01[label = "NearestInsertion"];
n0 -> n01;
n02[label = "While"];
n020[label = "BestMove"];
n02 -> n020;
n021[label = "NearestInsertion"];
n02 -> n021;
n0 -> n02;
n -> n0;
n1[label = "If_Then_Else"];
n10[label = "While"];
n100[label = "NearestInsertion"];
n10 -> n100;
n101[label = "NearestInsertion"];
n10 -> n101;
n1 -> n10;
n11[label = "NearestInsertion"];
n1 -> n11;
n12[label = "While"];
n120[label = "BestMove"];
n12 -> n120;
n121[label = "NearestInsertion"];
n12 -> n121;
n1 -> n12;
n -> n1;
n2[label = "While"];
n20[label = "NearestInsertion"];
n2 -> n20;
n21[label = "NearestInsertion"];
n2 -> n21;
n -> n2;
}


Generation: 80
Best Individual:
Subpopulation 0:
Evaluated: true
Fitness: Standardized=0.24143645 Adjusted=0.80551845 Hits=3
Tree 0:
digraph g {
node [shape=rectangle];
n[label = "If_Then_Else"];
n0[label = "While"];
n00[label = "NearestInsertion"];
n0 -> n00;
n01[label = "NearestInsertion"];
n0 -> n01;
n -> n0;
n1[label = "If_Then_Else"];
n10[label = "While"];
n100[label = "BestMove"];
n10 -> n100;
n101[label = "NearestInsertion"];
n10 -> n101;
n1 -> n10;
n11[label = "NearestInsertion"];
n1 -> n11;
n12[label = "While"];
n120[label = "BestMove"];
n12 -> n120;
n121[label = "NearestInsertion"];
n12 -> n121;
n1 -> n12;
n -> n1;
n2[label = "While"];
n20[label = "NearestInsertion"];
n2 -> n20;
n21[label = "NearestInsertion"];
n2 -> n21;
n -> n2;
}


Generation: 81
Best Individual:
Subpopulation 0:
Evaluated: true
Fitness: Standardized=0.24143645 Adjusted=0.80551845 Hits=3
Tree 0:
digraph g {
node [shape=rectangle];
n[label = "If_Then_Else"];
n0[label = "While"];
n00[label = "NearestInsertion"];
n0 -> n00;
n01[label = "NearestInsertion"];
n0 -> n01;
n -> n0;
n1[label = "While"];
n10[label = "BestMove"];
n1 -> n10;
n11[label = "NearestInsertion"];
n1 -> n11;
n -> n1;
n2[label = "While"];
n20[label = "NearestInsertion"];
n2 -> n20;
n21[label = "NearestInsertion"];
n2 -> n21;
n -> n2;
}


Generation: 82
Best Individual:
Subpopulation 0:
Evaluated: true
Fitness: Standardized=0.24143645 Adjusted=0.80551845 Hits=3
Tree 0:
digraph g {
node [shape=rectangle];
n[label = "If_Then_Else"];
n0[label = "If_Then_Else"];
n00[label = "While"];
n000[label = "NearestInsertion"];
n00 -> n000;
n001[label = "NearestInsertion"];
n00 -> n001;
n0 -> n00;
n01[label = "If_Then_Else"];
n010[label = "NearestInsertion"];
n01 -> n010;
n011[label = "NearestInsertion"];
n01 -> n011;
n012[label = "While"];
n0120[label = "BestMove"];
n012 -> n0120;
n0121[label = "NearestInsertion"];
n012 -> n0121;
n01 -> n012;
n0 -> n01;
n02[label = "While"];
n020[label = "BestMove"];
n02 -> n020;
n021[label = "NearestInsertion"];
n02 -> n021;
n0 -> n02;
n -> n0;
n1[label = "If_Then_Else"];
n10[label = "NearestInsertion"];
n1 -> n10;
n11[label = "NearestInsertion"];
n1 -> n11;
n12[label = "NearestInsertion"];
n1 -> n12;
n -> n1;
n2[label = "While"];
n20[label = "NearestInsertion"];
n2 -> n20;
n21[label = "NearestInsertion"];
n2 -> n21;
n -> n2;
}


Generation: 83
Best Individual:
Subpopulation 0:
Evaluated: true
Fitness: Standardized=0.24143645 Adjusted=0.80551845 Hits=3
Tree 0:
digraph g {
node [shape=rectangle];
n[label = "If_Then_Else"];
n0[label = "If_Then_Else"];
n00[label = "While"];
n000[label = "NearestInsertion"];
n00 -> n000;
n001[label = "NearestInsertion"];
n00 -> n001;
n0 -> n00;
n01[label = "If_Then_Else"];
n010[label = "FarthestFirstNode"];
n01 -> n010;
n011[label = "NearestInsertion"];
n01 -> n011;
n012[label = "While"];
n0120[label = "BestMove"];
n012 -> n0120;
n0121[label = "NearestInsertion"];
n012 -> n0121;
n01 -> n012;
n0 -> n01;
n02[label = "While"];
n020[label = "BestMove"];
n02 -> n020;
n021[label = "NearestInsertion"];
n02 -> n021;
n0 -> n02;
n -> n0;
n1[label = "If_Then_Else"];
n10[label = "NearestInsertion"];
n1 -> n10;
n11[label = "NearestInsertion"];
n1 -> n11;
n12[label = "NearestInsertion"];
n1 -> n12;
n -> n1;
n2[label = "While"];
n20[label = "NearestInsertion"];
n2 -> n20;
n21[label = "NearestInsertion"];
n2 -> n21;
n -> n2;
}


Generation: 84
Best Individual:
Subpopulation 0:
Evaluated: true
Fitness: Standardized=0.24143645 Adjusted=0.80551845 Hits=3
Tree 0:
digraph g {
node [shape=rectangle];
n[label = "If_Then_Else"];
n0[label = "While"];
n00[label = "NearestInsertion"];
n0 -> n00;
n01[label = "NearestInsertion"];
n0 -> n01;
n -> n0;
n1[label = "If_Then_Else"];
n10[label = "While"];
n100[label = "NearestInsertion"];
n10 -> n100;
n101[label = "NearestInsertion"];
n10 -> n101;
n1 -> n10;
n11[label = "While"];
n110[label = "NearestInsertion"];
n11 -> n110;
n111[label = "NearestInsertion"];
n11 -> n111;
n1 -> n11;
n12[label = "While"];
n120[label = "BestMove"];
n12 -> n120;
n121[label = "NearestInsertion"];
n12 -> n121;
n1 -> n12;
n -> n1;
n2[label = "While"];
n20[label = "If_Then_Else"];
n200[label = "While"];
n2000[label = "NearestInsertion"];
n200 -> n2000;
n2001[label = "NearestInsertion"];
n200 -> n2001;
n20 -> n200;
n201[label = "While"];
n2010[label = "BestMove"];
n201 -> n2010;
n2011[label = "NearestInsertion"];
n201 -> n2011;
n20 -> n201;
n202[label = "While"];
n2020[label = "BestMove"];
n202 -> n2020;
n2021[label = "NearestInsertion"];
n202 -> n2021;
n20 -> n202;
n2 -> n20;
n21[label = "NearestInsertion"];
n2 -> n21;
n -> n2;
}


Generation: 85
Best Individual:
Subpopulation 0:
Evaluated: true
Fitness: Standardized=0.24143645 Adjusted=0.80551845 Hits=3
Tree 0:
digraph g {
node [shape=rectangle];
n[label = "If_Then_Else"];
n0[label = "If_Then_Else"];
n00[label = "While"];
n000[label = "NearestInsertion"];
n00 -> n000;
n001[label = "NearestInsertion"];
n00 -> n001;
n0 -> n00;
n01[label = "NearestInsertion"];
n0 -> n01;
n02[label = "While"];
n020[label = "BestMove"];
n02 -> n020;
n021[label = "BestMove"];
n02 -> n021;
n0 -> n02;
n -> n0;
n1[label = "If_Then_Else"];
n10[label = "NearestInsertion"];
n1 -> n10;
n11[label = "NearestInsertion"];
n1 -> n11;
n12[label = "While"];
n120[label = "BestMove"];
n12 -> n120;
n121[label = "NearestInsertion"];
n12 -> n121;
n1 -> n12;
n -> n1;
n2[label = "While"];
n20[label = "NearestInsertion"];
n2 -> n20;
n21[label = "NearestInsertion"];
n2 -> n21;
n -> n2;
}


Generation: 86
Best Individual:
Subpopulation 0:
Evaluated: true
Fitness: Standardized=0.24143645 Adjusted=0.80551845 Hits=3
Tree 0:
digraph g {
node [shape=rectangle];
n[label = "If_Then_Else"];
n0[label = "While"];
n00[label = "NearestInsertion"];
n0 -> n00;
n01[label = "NearestInsertion"];
n0 -> n01;
n -> n0;
n1[label = "If_Then_Else"];
n10[label = "NearestInsertion"];
n1 -> n10;
n11[label = "NearestInsertion"];
n1 -> n11;
n12[label = "While"];
n120[label = "BestMove"];
n12 -> n120;
n121[label = "NearestInsertion"];
n12 -> n121;
n1 -> n12;
n -> n1;
n2[label = "While"];
n20[label = "NearestInsertion"];
n2 -> n20;
n21[label = "NearestInsertion"];
n2 -> n21;
n -> n2;
}


Generation: 87
Best Individual:
Subpopulation 0:
Evaluated: true
Fitness: Standardized=0.23105325 Adjusted=0.81231254 Hits=3
Tree 0:
digraph g {
node [shape=rectangle];
n[label = "If_Then_Else"];
n0[label = "If_Then_Else"];
n00[label = "NearestInsertion"];
n0 -> n00;
n01[label = "If_Then_Else"];
n010[label = "FarthestFirstNode"];
n01 -> n010;
n011[label = "NearestInsertion"];
n01 -> n011;
n012[label = "While"];
n0120[label = "BestMove"];
n012 -> n0120;
n0121[label = "NearestInsertion"];
n012 -> n0121;
n01 -> n012;
n0 -> n01;
n02[label = "While"];
n020[label = "BestMove"];
n02 -> n020;
n021[label = "NearestInsertion"];
n02 -> n021;
n0 -> n02;
n -> n0;
n1[label = "If_Then_Else"];
n10[label = "While"];
n100[label = "NearestInsertion"];
n10 -> n100;
n101[label = "NearestInsertion"];
n10 -> n101;
n1 -> n10;
n11[label = "NearestInsertion"];
n1 -> n11;
n12[label = "While"];
n120[label = "BestMove"];
n12 -> n120;
n121[label = "BestMove"];
n12 -> n121;
n1 -> n12;
n -> n1;
n2[label = "While"];
n20[label = "NearestInsertion"];
n2 -> n20;
n21[label = "NearestInsertion"];
n2 -> n21;
n -> n2;
}


Generation: 88
Best Individual:
Subpopulation 0:
Evaluated: true
Fitness: Standardized=0.2298738 Adjusted=0.8130916 Hits=3
Tree 0:
digraph g {
node [shape=rectangle];
n[label = "If_Then_Else"];
n0[label = "If_Then_Else"];
n00[label = "FarthestFirstNode"];
n0 -> n00;
n01[label = "NearestInsertion"];
n0 -> n01;
n02[label = "While"];
n020[label = "BestMove"];
n02 -> n020;
n021[label = "NearestInsertion"];
n02 -> n021;
n0 -> n02;
n -> n0;
n1[label = "If_Then_Else"];
n10[label = "While"];
n100[label = "NearestInsertion"];
n10 -> n100;
n101[label = "NearestInsertion"];
n10 -> n101;
n1 -> n10;
n11[label = "NearestInsertion"];
n1 -> n11;
n12[label = "While"];
n120[label = "BestMove"];
n12 -> n120;
n121[label = "BestMove"];
n12 -> n121;
n1 -> n12;
n -> n1;
n2[label = "While"];
n20[label = "NearestInsertion"];
n2 -> n20;
n21[label = "NearestInsertion"];
n2 -> n21;
n -> n2;
}


Generation: 89
Best Individual:
Subpopulation 0:
Evaluated: true
Fitness: Standardized=0.2298738 Adjusted=0.8130916 Hits=3
Tree 0:
digraph g {
node [shape=rectangle];
n[label = "If_Then_Else"];
n0[label = "If_Then_Else"];
n00[label = "FarthestFirstNode"];
n0 -> n00;
n01[label = "NearestInsertion"];
n0 -> n01;
n02[label = "BestMove"];
n0 -> n02;
n -> n0;
n1[label = "If_Then_Else"];
n10[label = "While"];
n100[label = "NearestInsertion"];
n10 -> n100;
n101[label = "NearestInsertion"];
n10 -> n101;
n1 -> n10;
n11[label = "NearestInsertion"];
n1 -> n11;
n12[label = "While"];
n120[label = "BestMove"];
n12 -> n120;
n121[label = "BestMove"];
n12 -> n121;
n1 -> n12;
n -> n1;
n2[label = "While"];
n20[label = "NearestInsertion"];
n2 -> n20;
n21[label = "NearestInsertion"];
n2 -> n21;
n -> n2;
}


Generation: 90
Best Individual:
Subpopulation 0:
Evaluated: true
Fitness: Standardized=0.2298738 Adjusted=0.8130916 Hits=3
Tree 0:
digraph g {
node [shape=rectangle];
n[label = "If_Then_Else"];
n0[label = "If_Then_Else"];
n00[label = "FarthestFirstNode"];
n0 -> n00;
n01[label = "NearestInsertion"];
n0 -> n01;
n02[label = "BestMove"];
n0 -> n02;
n -> n0;
n1[label = "If_Then_Else"];
n10[label = "While"];
n100[label = "NearestInsertion"];
n10 -> n100;
n101[label = "NearestInsertion"];
n10 -> n101;
n1 -> n10;
n11[label = "NearestInsertion"];
n1 -> n11;
n12[label = "NearestInsertion"];
n1 -> n12;
n -> n1;
n2[label = "While"];
n20[label = "NearestInsertion"];
n2 -> n20;
n21[label = "NearestInsertion"];
n2 -> n21;
n -> n2;
}


Generation: 91
Best Individual:
Subpopulation 0:
Evaluated: true
Fitness: Standardized=0.2298738 Adjusted=0.8130916 Hits=3
Tree 0:
digraph g {
node [shape=rectangle];
n[label = "If_Then_Else"];
n0[label = "If_Then_Else"];
n00[label = "FarthestFirstNode"];
n0 -> n00;
n01[label = "NearestInsertion"];
n0 -> n01;
n02[label = "BestMove"];
n0 -> n02;
n -> n0;
n1[label = "If_Then_Else"];
n10[label = "While"];
n100[label = "NearestInsertion"];
n10 -> n100;
n101[label = "NearestInsertion"];
n10 -> n101;
n1 -> n10;
n11[label = "NearestInsertion"];
n1 -> n11;
n12[label = "While"];
n120[label = "BestMove"];
n12 -> n120;
n121[label = "BestMove"];
n12 -> n121;
n1 -> n12;
n -> n1;
n2[label = "While"];
n20[label = "NearestInsertion"];
n2 -> n20;
n21[label = "NearestInsertion"];
n2 -> n21;
n -> n2;
}


Generation: 92
Best Individual:
Subpopulation 0:
Evaluated: true
Fitness: Standardized=0.2298738 Adjusted=0.8130916 Hits=3
Tree 0:
digraph g {
node [shape=rectangle];
n[label = "If_Then_Else"];
n0[label = "If_Then_Else"];
n00[label = "FarthestFirstNode"];
n0 -> n00;
n01[label = "NearestInsertion"];
n0 -> n01;
n02[label = "While"];
n020[label = "BestMove"];
n02 -> n020;
n021[label = "NearestInsertion"];
n02 -> n021;
n0 -> n02;
n -> n0;
n1[label = "If_Then_Else"];
n10[label = "While"];
n100[label = "NearestInsertion"];
n10 -> n100;
n101[label = "NearestInsertion"];
n10 -> n101;
n1 -> n10;
n11[label = "NearestInsertion"];
n1 -> n11;
n12[label = "While"];
n120[label = "BestMove"];
n12 -> n120;
n121[label = "BestMove"];
n12 -> n121;
n1 -> n12;
n -> n1;
n2[label = "While"];
n20[label = "NearestInsertion"];
n2 -> n20;
n21[label = "NearestInsertion"];
n2 -> n21;
n -> n2;
}


Generation: 93
Best Individual:
Subpopulation 0:
Evaluated: true
Fitness: Standardized=0.22269708 Adjusted=0.8178641 Hits=3
Tree 0:
digraph g {
node [shape=rectangle];
n[label = "If_Then_Else"];
n0[label = "If_Then_Else"];
n00[label = "FarthestFirstNode"];
n0 -> n00;
n01[label = "FarthestInsertion"];
n0 -> n01;
n02[label = "BestMove"];
n0 -> n02;
n -> n0;
n1[label = "If_Then_Else"];
n10[label = "While"];
n100[label = "NearestInsertion"];
n10 -> n100;
n101[label = "NearestInsertion"];
n10 -> n101;
n1 -> n10;
n11[label = "NearestInsertion"];
n1 -> n11;
n12[label = "While"];
n120[label = "BestMove"];
n12 -> n120;
n121[label = "BestMove"];
n12 -> n121;
n1 -> n12;
n -> n1;
n2[label = "While"];
n20[label = "NearestInsertion"];
n2 -> n20;
n21[label = "If_Then_Else"];
n210[label = "While"];
n2100[label = "NearestInsertion"];
n210 -> n2100;
n2101[label = "NearestInsertion"];
n210 -> n2101;
n21 -> n210;
n211[label = "NearestInsertion"];
n21 -> n211;
n212[label = "While"];
n2120[label = "BestMove"];
n212 -> n2120;
n2121[label = "BestMove"];
n212 -> n2121;
n21 -> n212;
n2 -> n21;
n -> n2;
}


Generation: 94
Best Individual:
Subpopulation 0:
Evaluated: true
Fitness: Standardized=0.22269708 Adjusted=0.8178641 Hits=3
Tree 0:
digraph g {
node [shape=rectangle];
n[label = "If_Then_Else"];
n0[label = "If_Then_Else"];
n00[label = "FarthestFirstNode"];
n0 -> n00;
n01[label = "FarthestInsertion"];
n0 -> n01;
n02[label = "BestMove"];
n0 -> n02;
n -> n0;
n1[label = "If_Then_Else"];
n10[label = "While"];
n100[label = "NearestInsertion"];
n10 -> n100;
n101[label = "NearestInsertion"];
n10 -> n101;
n1 -> n10;
n11[label = "NearestInsertion"];
n1 -> n11;
n12[label = "While"];
n120[label = "BestMove"];
n12 -> n120;
n121[label = "BestMove"];
n12 -> n121;
n1 -> n12;
n -> n1;
n2[label = "While"];
n20[label = "NearestInsertion"];
n2 -> n20;
n21[label = "If_Then_Else"];
n210[label = "While"];
n2100[label = "NearestInsertion"];
n210 -> n2100;
n2101[label = "NearestInsertion"];
n210 -> n2101;
n21 -> n210;
n211[label = "NearestInsertion"];
n21 -> n211;
n212[label = "While"];
n2120[label = "BestMove"];
n212 -> n2120;
n2121[label = "BestMove"];
n212 -> n2121;
n21 -> n212;
n2 -> n21;
n -> n2;
}


Generation: 95
Best Individual:
Subpopulation 0:
Evaluated: true
Fitness: Standardized=0.22269708 Adjusted=0.8178641 Hits=3
Tree 0:
digraph g {
node [shape=rectangle];
n[label = "If_Then_Else"];
n0[label = "If_Then_Else"];
n00[label = "FarthestFirstNode"];
n0 -> n00;
n01[label = "FarthestInsertion"];
n0 -> n01;
n02[label = "BestMove"];
n0 -> n02;
n -> n0;
n1[label = "If_Then_Else"];
n10[label = "While"];
n100[label = "NearestInsertion"];
n10 -> n100;
n101[label = "NearestInsertion"];
n10 -> n101;
n1 -> n10;
n11[label = "NearestInsertion"];
n1 -> n11;
n12[label = "While"];
n120[label = "BestMove"];
n12 -> n120;
n121[label = "BestMove"];
n12 -> n121;
n1 -> n12;
n -> n1;
n2[label = "While"];
n20[label = "NearestInsertion"];
n2 -> n20;
n21[label = "If_Then_Else"];
n210[label = "While"];
n2100[label = "NearestFirstNode"];
n210 -> n2100;
n2101[label = "NearestInsertion"];
n210 -> n2101;
n21 -> n210;
n211[label = "NearestInsertion"];
n21 -> n211;
n212[label = "While"];
n2120[label = "BestMove"];
n212 -> n2120;
n2121[label = "BestMove"];
n212 -> n2121;
n21 -> n212;
n2 -> n21;
n -> n2;
}


Generation: 96
Best Individual:
Subpopulation 0:
Evaluated: true
Fitness: Standardized=0.22269708 Adjusted=0.8178641 Hits=3
Tree 0:
digraph g {
node [shape=rectangle];
n[label = "If_Then_Else"];
n0[label = "If_Then_Else"];
n00[label = "FarthestFirstNode"];
n0 -> n00;
n01[label = "FarthestInsertion"];
n0 -> n01;
n02[label = "BestMove"];
n0 -> n02;
n -> n0;
n1[label = "If_Then_Else"];
n10[label = "While"];
n100[label = "NearestInsertion"];
n10 -> n100;
n101[label = "NearestInsertion"];
n10 -> n101;
n1 -> n10;
n11[label = "NearestInsertion"];
n1 -> n11;
n12[label = "While"];
n120[label = "BestMove"];
n12 -> n120;
n121[label = "BestMove"];
n12 -> n121;
n1 -> n12;
n -> n1;
n2[label = "While"];
n20[label = "NearestInsertion"];
n2 -> n20;
n21[label = "If_Then_Else"];
n210[label = "While"];
n2100[label = "NearestInsertion"];
n210 -> n2100;
n2101[label = "NearestInsertion"];
n210 -> n2101;
n21 -> n210;
n211[label = "BestMove"];
n21 -> n211;
n212[label = "While"];
n2120[label = "BestMove"];
n212 -> n2120;
n2121[label = "BestMove"];
n212 -> n2121;
n21 -> n212;
n2 -> n21;
n -> n2;
}


Generation: 97
Best Individual:
Subpopulation 0:
Evaluated: true
Fitness: Standardized=0.22269708 Adjusted=0.8178641 Hits=3
Tree 0:
digraph g {
node [shape=rectangle];
n[label = "If_Then_Else"];
n0[label = "If_Then_Else"];
n00[label = "FarthestFirstNode"];
n0 -> n00;
n01[label = "FarthestInsertion"];
n0 -> n01;
n02[label = "BestMove"];
n0 -> n02;
n -> n0;
n1[label = "If_Then_Else"];
n10[label = "While"];
n100[label = "NearestInsertion"];
n10 -> n100;
n101[label = "NearestInsertion"];
n10 -> n101;
n1 -> n10;
n11[label = "NearestInsertion"];
n1 -> n11;
n12[label = "While"];
n120[label = "BestMove"];
n12 -> n120;
n121[label = "BestMove"];
n12 -> n121;
n1 -> n12;
n -> n1;
n2[label = "While"];
n20[label = "NearestInsertion"];
n2 -> n20;
n21[label = "If_Then_Else"];
n210[label = "While"];
n2100[label = "NearestInsertion"];
n210 -> n2100;
n2101[label = "NearestInsertion"];
n210 -> n2101;
n21 -> n210;
n211[label = "NearestInsertion"];
n21 -> n211;
n212[label = "While"];
n2120[label = "BestMove"];
n212 -> n2120;
n2121[label = "BestMove"];
n212 -> n2121;
n21 -> n212;
n2 -> n21;
n -> n2;
}


Generation: 98
Best Individual:
Subpopulation 0:
Evaluated: true
Fitness: Standardized=0.22269708 Adjusted=0.8178641 Hits=3
Tree 0:
digraph g {
node [shape=rectangle];
n[label = "If_Then_Else"];
n0[label = "If_Then_Else"];
n00[label = "FarthestFirstNode"];
n0 -> n00;
n01[label = "FarthestInsertion"];
n0 -> n01;
n02[label = "BestMove"];
n0 -> n02;
n -> n0;
n1[label = "If_Then_Else"];
n10[label = "While"];
n100[label = "NearestInsertion"];
n10 -> n100;
n101[label = "NearestInsertion"];
n10 -> n101;
n1 -> n10;
n11[label = "NearestInsertion"];
n1 -> n11;
n12[label = "While"];
n120[label = "BestMove"];
n12 -> n120;
n121[label = "BestMove"];
n12 -> n121;
n1 -> n12;
n -> n1;
n2[label = "While"];
n20[label = "NearestInsertion"];
n2 -> n20;
n21[label = "If_Then_Else"];
n210[label = "While"];
n2100[label = "NearestInsertion"];
n210 -> n2100;
n2101[label = "NearestInsertion"];
n210 -> n2101;
n21 -> n210;
n211[label = "NearestInsertion"];
n21 -> n211;
n212[label = "While"];
n2120[label = "NearestNeighbor"];
n212 -> n2120;
n2121[label = "BestMove"];
n212 -> n2121;
n21 -> n212;
n2 -> n21;
n -> n2;
}


Generation: 99
Best Individual:
Subpopulation 0:
Evaluated: true
Fitness: Standardized=0.22269708 Adjusted=0.8178641 Hits=3
Tree 0:
digraph g {
node [shape=rectangle];
n[label = "If_Then_Else"];
n0[label = "If_Then_Else"];
n00[label = "FarthestFirstNode"];
n0 -> n00;
n01[label = "FarthestInsertion"];
n0 -> n01;
n02[label = "BestMove"];
n0 -> n02;
n -> n0;
n1[label = "If_Then_Else"];
n10[label = "While"];
n100[label = "NearestInsertion"];
n10 -> n100;
n101[label = "NearestInsertion"];
n10 -> n101;
n1 -> n10;
n11[label = "NearestInsertion"];
n1 -> n11;
n12[label = "While"];
n120[label = "BestMove"];
n12 -> n120;
n121[label = "BestMove"];
n12 -> n121;
n1 -> n12;
n -> n1;
n2[label = "While"];
n20[label = "NearestInsertion"];
n2 -> n20;
n21[label = "If_Then_Else"];
n210[label = "While"];
n2100[label = "NearestInsertion"];
n210 -> n2100;
n2101[label = "NearestInsertion"];
n210 -> n2101;
n21 -> n210;
n211[label = "NearestInsertion"];
n21 -> n211;
n212[label = "While"];
n2120[label = "NearestInsertion"];
n212 -> n2120;
n2121[label = "NearestInsertion"];
n212 -> n2121;
n21 -> n212;
n2 -> n21;
n -> n2;
}


Best Individual of Run:
Subpopulation 0:
Evaluated: true
Fitness: Standardized=0.22269708 Adjusted=0.8178641 Hits=3
Tree 0:
digraph g {
node [shape=rectangle];
n[label = "If_Then_Else"];
n0[label = "If_Then_Else"];
n00[label = "FarthestFirstNode"];
n0 -> n00;
n01[label = "FarthestInsertion"];
n0 -> n01;
n02[label = "BestMove"];
n0 -> n02;
n -> n0;
n1[label = "If_Then_Else"];
n10[label = "While"];
n100[label = "NearestInsertion"];
n10 -> n100;
n101[label = "NearestInsertion"];
n10 -> n101;
n1 -> n10;
n11[label = "NearestInsertion"];
n1 -> n11;
n12[label = "While"];
n120[label = "BestMove"];
n12 -> n120;
n121[label = "BestMove"];
n12 -> n121;
n1 -> n12;
n -> n1;
n2[label = "While"];
n20[label = "NearestInsertion"];
n2 -> n20;
n21[label = "If_Then_Else"];
n210[label = "While"];
n2100[label = "NearestInsertion"];
n210 -> n2100;
n2101[label = "NearestInsertion"];
n210 -> n2101;
n21 -> n210;
n211[label = "NearestInsertion"];
n21 -> n211;
n212[label = "While"];
n2120[label = "BestMove"];
n212 -> n2120;
n2121[label = "BestMove"];
n212 -> n2121;
n21 -> n212;
n2 -> n21;
n -> n2;
}

