0 ec.gp.GPIndividual@1909238931{1527000020} 0 ec.gp.GPIndividual@1428244901{1694013551} 0 ec.gp.GPIndividual@1672375840{-771544083} 1.0 2.0 7.0 13530.0 10054.0 0.34573304157549234 104262.0 10054.0 0.9556395464491745 99798.0 10054.0 0.8561766461110006 2 3 21.0 0.0 1 1 21.0 0.0 3 7 21.0 0.0 0.9556395464491745 0
0 ec.gp.GPIndividual@1428244901{1694013551} 0.0 104262.0 8387.0 0.9468224633361154 1 1 21.0 0.0 0.34573304157549234 0
0.9468224633361154 0
0.8561766461110006 0
0 ec.gp.GPIndividual@1428244901{1694013551} 0.0 104262.0 14578.0 0.9694059541775277 1 1 21.0 0.0 0.9694059541775277 0
0 ec.gp.GPIndividual@1672375840{-771544083} 0.0 99798.0 8387.0 0.8275903183498271 2 3 21.0 0.0 0.8275903183498271 0
0 ec.gp.GPIndividual@1428244901{1694013551} 0.0 104262.0 10861.0 0.9589356412853328 1 1 21.0 0.0 0.9589356412853328 0
0 ec.gp.GPIndividual@1672375840{-771544083} 0.0 99972.0 14578.0 0.8888736452188228 0 ec.gp.GPIndividual@1428244901{1694013551} 2 3 21.0 0.0 0.0 0.8888736452188228 0
104262.0 8160.0 0.9453431372549019 1 1 21.0 0.0 0.9453431372549019 0
0 ec.gp.GPIndividual@1672375840{-771544083} 0.0 0 ec.gp.GPIndividual@1428244901{1694013551} 99798.0 12802.0 0.8668630881134334 0.0 2 3 21.0 0.0 104262.0 12802.0 0.9651616934853929 0.8668630881134334 0
1 1 21.0 0.0 0.9651616934853929 0
0 ec.gp.GPIndividual@1428244901{1694013551} 0.0 104262.0 10087.0 0.9557846733419253 1 1 21.0 0.0 0.9557846733419253 0
0 ec.gp.GPIndividual@1428244901{1694013551} 0 ec.gp.GPIndividual@1672375840{-771544083} 0.0 99798.0 8160.0 0.8227941176470588 0.0 2 3 21.0 0.0 0.8227941176470588 0
0 ec.gp.GPIndividual@1909238931{1527000020} 104262.0 8160.0 0.9463748947937959 1.0 1 1 21.0 0.0 13530.0 8387.0 0.6132109216644808 0.9463748947937959 0
3 7 21.0 0.0 0.6132109216644808 0
0 ec.gp.GPIndividual@1672375840{-771544083} 0.0 99798.0 12802.0 0.8870488986095922 2 3 21.0 0.0 0.8870488986095922 0
0 ec.gp.GPIndividual@1672375840{-771544083} 0.0 99798.0 10087.0 0.8566471696242689 2 3 21.0 0.0 0.8566471696242689 0
0 ec.gp.GPIndividual@1428244901{1694013551} 0.0 259146.0 25981.0 0.992840922212386 1 1 21.0 0.0 0.992840922212386 0
0 ec.gp.GPIndividual@1672375840{-771544083} 0.0 99798.0 8317.0 0.8261392328964771 2 3 21.0 0.0 0.8261392328964771 0
0 ec.gp.GPIndividual@1428244901{1694013551} 0.0 3136.0 279.0 0.9283154121863799 1 1 21.0 0.0 0.9283154121863799 0
0 ec.gp.GPIndividual@1672375840{-771544083} 0.0 254088.0 25981.0 0.9319502713521419 2 3 21.0 0.0 0.9319502713521419 0
0 ec.gp.GPIndividual@1428244901{1694013551} 0.0 16823.97976541519 279.0 0.9897693201297618 0 ec.gp.GPIndividual@1672375840{-771544083} 0.0 1 1 21.0 0.0 3035.0 279.0 0.7025089605734767 0.9897693201297618 0
2 3 21.0 0.0 0.7025089605734767 0
0 ec.gp.GPIndividual@1909238931{1527000020} 0.0 15644.0 14578.0 0.07312388530662642 3 7 21.0 0.0 0.07312388530662642 0
0 ec.gp.GPIndividual@1428244901{1694013551} 0.0 23070.72820329666 667.46 0.9897821589733297 1 1 21.0 0.0 0.9897821589733297 0
0 ec.gp.GPIndividual@1672375840{-771544083} 0.0 16565.51953125 510.23 0.8236089606647983 2 3 21.0 0.0 0.8236089606647983 0
0 ec.gp.GPIndividual@1428244901{1694013551} 0.0 23146.61257791519 634.93 0.9874474354807748 1 1 21.0 0.0 0.9874474354807748 0
0 ec.gp.GPIndividual@1428244901{1694013551} 0.0 740.0 210.0 0.9047619047619048 1 1 21.0 0.0 0.9047619047619048 0
0 ec.gp.GPIndividual@1428244901{1694013551} 0.0 740.0 290.0 0.9310344827586207 1 1 21.0 0.0 0.9310344827586207 0
0 ec.gp.GPIndividual@1428244901{1694013551} 0.0 740.0 290.0 0.9310344827586207 1 1 21.0 0.0 0.9310344827586207 0
0 ec.gp.GPIndividual@1672375840{-771544083} 0.0 0 ec.gp.GPIndividual@1909238931{1527000020} 22721.364837646484 10861.0 0.8080034850081138 0.0 2 3 21.0 0.0 13530.0 10861.0 0.24574164441579965 0.8080034850081138 0
3 7 21.0 0.0 0.24574164441579965 0
0 ec.gp.GPIndividual@1428244901{1694013551} 0.0 2036.0 244.0 0.9180327868852459 1 1 21.0 0.0 0.9180327868852459 0
0 ec.gp.GPIndividual@1428244901{1694013551} 0.0 2036.0 461.0 0.9566160520607375 1 1 21.0 0.0 0.9566160520607375 0
0 ec.gp.GPIndividual@1428244901{1694013551} 0.0 2036.0 461.0 0.9566160520607375 1 1 21.0 0.0 0.9566160520607375 0
0 ec.gp.GPIndividual@1672375840{-771544083} 0.0 22802.44578552246 634.93 0.7857716531389902 2 3 21.0 0.0 0.7857716531389902 0
0 ec.gp.GPIndividual@1428244901{1694013551} 0.0 4964.0 329.0 0.9270516717325228 1 1 21.0 0.0 0.9270516717325228 0
0 ec.gp.GPIndividual@1672375840{-771544083} 0.0 710.0 210.0 0.8571428571428571 2 3 21.0 0.0 0.8571428571428571 0
0 ec.gp.GPIndividual@1428244901{1694013551} 0.0 4964.0 338.0 0.9289940828402367 1 1 21.0 0.0 0.9289940828402367 0
0 ec.gp.GPIndividual@1672375840{-771544083} 0 ec.gp.GPIndividual@1428244901{1694013551} 0.0 0.0 9179.499883651733 542.2 0.9416820346011926 710.0 542.2 0.896551724137931 1 1 21.0 0.0 2 3 21.0 0.0 0.9416820346011926 0
0.896551724137931 0
0 ec.gp.GPIndividual@1909238931{1527000020} 0.0 13549.0 8160.0 0.6604166666666667 3 7 21.0 0.0 0.6604166666666667 0
0 ec.gp.GPIndividual@1428244901{1694013551} 0.0 10486.339727401733 564.38 0.943973916795008 1 1 21.0 0.0 0.943973916795008 0
0 ec.gp.GPIndividual@1672375840{-771544083} 0.0 710.0 290.0 0.896551724137931 2 3 21.0 0.0 0.896551724137931 0
0 ec.gp.GPIndividual@1428244901{1694013551} 0.0 10486.339727401733 726.06 0.9564498790193188 1 1 21.0 0.0 0.9564498790193188 0
0 ec.gp.GPIndividual@1672375840{-771544083} 0.0 1968.0 244.0 0.7377049180327869 2 3 21.0 0.0 0.7377049180327869 0
0 ec.gp.GPIndividual@1428244901{1694013551} 0.0 12446.599493026733 623.67 0.9493001092897952 1 1 21.0 0.0 0.9493001092897952 0
0 ec.gp.GPIndividual@1672375840{-771544083} 0.0 1968.0 461.0 0.8611713665943601 2 3 21.0 0.0 0.8611713665943601 0
0 ec.gp.GPIndividual@1428244901{1694013551} 0.0 10712.223476409912 750.06 0.9331253501754365 1 1 21.0 0.0 0.9331253501754365 0
0 ec.gp.GPIndividual@1428244901{1694013551} 0.0 12235.375820159912 757.74 0.9338031516781322 0 ec.gp.GPIndividual@1672375840{-771544083} 1 1 21.0 0.0 0.0 0.9338031516781322 0
1968.0 461.0 0.8611713665943601 2 3 21.0 0.0 0.8611713665943601 0
0 ec.gp.GPIndividual@1428244901{1694013551} 0.0 0 ec.gp.GPIndividual@1909238931{1527000020} 0.0 14575.0 329.0 0.13849398531479457 3 7 21.0 0.0 0 ec.gp.GPIndividual@1672375840{-771544083} 0.13849398531479457 0
0.0 12235.375820159912 791.1 0.9365946152857892 4751.0 329.0 0.78419452887538 1 1 21.0 0.0 0.9365946152857892 0
2 3 21.0 0.0 0.78419452887538 0
0 ec.gp.GPIndividual@1428244901{1694013551} 0.0 14611.455898284912 798.39 0.9371735619842281 1 1 21.0 0.0 0.9371735619842281 0
0 ec.gp.GPIndividual@1672375840{-771544083} 0.0 4751.0 338.0 0.7899408284023669 2 3 21.0 0.0 0.7899408284023669 0
0 ec.gp.GPIndividual@1428244901{1694013551} 0.0 17907.960391044617 1162.58 0.9874761303139425 1 1 21.0 0.0 0.9874761303139425 0
0 ec.gp.GPIndividual@1672375840{-771544083} 0.0 8673.799960911274 542.2 0.6692364441649319 2 3 21.0 0.0 0.6692364441649319 0
0 ec.gp.GPIndividual@1428244901{1694013551} 0.0 20464.159609794617 1192.99 0.9877953709422403 1 1 21.0 0.0 0.9877953709422403 0
0 ec.gp.GPIndividual@1672375840{-771544083} 0.0 9980.639804661274 564.38 0.6822353733764946 2 3 21.0 0.0 0.6822353733764946 0
0 ec.gp.GPIndividual@1428244901{1694013551} 0.0 20464.159609794617 1211.22 0.9879790620864776 1 1 21.0 0.0 0.9879790620864776 0
0 ec.gp.GPIndividual@1672375840{-771544083} 0.0 9980.639804661274 726.06 0.752995620232799 2 3 21.0 0.0 0.752995620232799 0
0 ec.gp.GPIndividual@1428244901{1694013551} 0 ec.gp.GPIndividual@1909238931{1527000020} 0.0 0.0 6446.0 428.0 0.8551401869158879 13530.0 428.0 0.34133042529989094 1 1 21.0 0.0 3 7 21.0 0.0 0.8551401869158879 0
0.34133042529989094 0
0 ec.gp.GPIndividual@1428244901{1694013551} 0.0 6446.0 458.0 0.8646288209606987 1 1 21.0 0.0 0.8646288209606987 0
0 ec.gp.GPIndividual@1672375840{-771544083} 0.0 11940.899570286274 623.67 0.7124440810464284 2 3 21.0 0.0 0.7124440810464284 0
0 ec.gp.GPIndividual@1672375840{-771544083} 0.0 10117.048276424408 750.06 0.7112764376524439 2 3 21.0 0.0 0.7112764376524439 0
0 ec.gp.GPIndividual@1672375840{-771544083} 0.0 11640.199643611908 757.74 0.7142027672098504 2 3 21.0 0.0 0.7142027672098504 0
0 ec.gp.GPIndividual@1672375840{-771544083} 0.0 11640.199643611908 791.1 0.7262545883271294 2 3 21.0 0.0 0.7262545883271294 0
0 ec.gp.GPIndividual@1672375840{-771544083} 0.0 14013.621134638786 798.39 0.7260611958738382 2 3 21.0 0.0 0.7260611958738382 0
0 ec.gp.GPIndividual@1428244901{1694013551} 0.0 24298.36484336853 731.89 0.9646121690164775 1 1 21.0 0.0 0.9646121690164775 0
0 ec.gp.GPIndividual@1672375840{-771544083} 0.0 17015.078835487366 1162.58 0.6561268838597208 2 3 21.0 0.0 0.6561268838597208 0
0 ec.gp.GPIndividual@1909238931{1527000020} 1.0 13549.0 8317.0 0.6290729830467717 3 7 21.0 0.0 0.6290729830467717 0
0 ec.gp.GPIndividual@1672375840{-771544083} 0.0 19571.280007362366 1192.99 0.6648924070089727 2 3 21.0 0.0 0.6648924070089727 0
0 ec.gp.GPIndividual@1672375840{-771544083} 0.0 19571.280007362366 1211.22 0.6699360914100116 2 3 21.0 0.0 0.6699360914100116 0
0 ec.gp.GPIndividual@1428244901{1694013551} 0.0 24287.912655830383 706.25 0.9830938059038821 1 1 21.0 0.0 0.9830938059038821 0
0 ec.gp.GPIndividual@1672375840{-771544083} 0.0 6141.0 428.0 0.7827102803738317 2 3 21.0 0.0 0.7827102803738317 0
0 ec.gp.GPIndividual@1672375840{-771544083} 0.0 6141.0 458.0 0.7969432314410481 2 3 21.0 0.0 0.7969432314410481 0
0 ec.gp.GPIndividual@1672375840{-771544083} 0.0 23914.12742614746 731.89 0.8127860685725165 2 3 21.0 0.0 0.8127860685725165 0
0 ec.gp.GPIndividual@1672375840{-771544083} 0.0 23918.424917697906 706.25 0.8047716873303978 2 3 21.0 0.0 0.8047716873303978 0
0 ec.gp.GPIndividual@1784344086{997952887} 0.0 109280.0 10054.0 1.0 3 5 21.0 0.0 1.0 0
0 ec.gp.GPIndividual@1784344086{997952887} 0.0 109280.0 8387.0 1.0 3 5 21.0 0.0 1.0 0
0 ec.gp.GPIndividual@1784344086{997952887} 0.0 109280.0 14578.0 1.0 3 5 21.0 0.0 1.0 0
0 ec.gp.GPIndividual@1784344086{997952887} 0.0 109280.0 10861.0 1.0 3 5 21.0 0.0 1.0 0
0 ec.gp.GPIndividual@1784344086{997952887} 0.0 109280.0 8160.0 1.0 3 5 21.0 0.0 1.0 0
0 ec.gp.GPIndividual@1784344086{997952887} 0.0 109280.0 12802.0 1.0 3 5 21.0 0.0 1.0 0
0 ec.gp.GPIndividual@1784344086{997952887} 0.0 109280.0 10087.0 1.0 3 5 21.0 0.0 1.0 0
0 ec.gp.GPIndividual@1784344086{997952887} 0.0 109280.0 8317.0 1.0 3 5 21.0 0.0 1.0 0
0 ec.gp.GPIndividual@1784344086{997952887} 0.0 265600.0 25981.0 1.0 3 5 21.0 0.0 1.0 0
0 ec.gp.GPIndividual@1784344086{997952887} 0.0 3280.0 279.0 1.0 3 5 21.0 0.0 1.0 0
0 ec.gp.GPIndividual@1784344086{997952887} 0.0 17162.0 510.23 1.0 3 5 21.0 0.0 1.0 0
0 ec.gp.GPIndividual@1784344086{997952887} 0.0 23534.599609375 667.46 1.0 3 5 21.0 0.0 1.0 0
0 ec.gp.GPIndividual@1784344086{997952887} 0.0 23610.859375 634.93 1.0 3 5 21.0 0.0 1.0 0
0 ec.gp.GPIndividual@1784344086{997952887} 0.0 760.0 210.0 1.0 3 5 21.0 0.0 1.0 0
0 ec.gp.GPIndividual@1784344086{997952887} 0.0 760.0 290.0 1.0 3 5 21.0 0.0 1.0 0
0 ec.gp.GPIndividual@1784344086{997952887} 0.0 760.0 290.0 1.0 3 5 21.0 0.0 1.0 0
0 ec.gp.GPIndividual@1784344086{997952887} 0.0 2128.0 244.0 1.0 3 5 21.0 0.0 1.0 0
0 ec.gp.GPIndividual@1784344086{997952887} 0.0 2128.0 461.0 1.0 3 5 21.0 0.0 1.0 0
0 ec.gp.GPIndividual@1784344086{997952887} 0.0 2128.0 461.0 1.0 3 5 21.0 0.0 1.0 0
0 ec.gp.GPIndividual@1784344086{997952887} 0.0 5200.0 329.0 1.0 3 5 21.0 0.0 1.0 0
0 ec.gp.GPIndividual@1909238931{1527000020} 0 ec.gp.GPIndividual@1784344086{997952887} 5.0 0.0 31200.0 338.0 0.2008775643739656 5200.0 338.0 1.0 3 7 21.0 0.0 3 5 21.0 0.0 0.2008775643739656 0
1.0 0
0 ec.gp.GPIndividual@1784344086{997952887} 0.0 9801.2998046875 542.2 1.0 3 5 21.0 0.0 1.0 0
0 ec.gp.GPIndividual@1784344086{997952887} 0.0 11108.1396484375 564.38 1.0 3 5 21.0 0.0 1.0 0
0 ec.gp.GPIndividual@1784344086{997952887} 0.0 11108.1396484375 726.06 1.0 3 5 21.0 0.0 1.0 0
0 ec.gp.GPIndividual@1784344086{997952887} 0.0 13068.3994140625 623.67 1.0 3 5 21.0 0.0 1.0 0
0 ec.gp.GPIndividual@1784344086{997952887} 0.0 11423.6396484375 750.06 1.0 3 5 21.0 0.0 1.0 0
0 ec.gp.GPIndividual@1784344086{997952887} 0.0 12946.7919921875 757.74 1.0 3 5 21.0 0.0 1.0 0
0 ec.gp.GPIndividual@1784344086{997952887} 0.0 12946.7919921875 791.1 1.0 3 5 21.0 0.0 1.0 0
0 ec.gp.GPIndividual@1909238931{1527000020} 0.0 650.0 279.0 1.3297491039426523 3 7 21.0 0.0 1.3297491039426523 0
0 ec.gp.GPIndividual@1784344086{997952887} 0.0 15327.6796875 798.39 1.0 3 5 21.0 0.0 1.0 0
0 ec.gp.GPIndividual@1784344086{997952887} 0.0 19171.5 1162.58 1.0 3 5 21.0 0.0 1.0 0
0 ec.gp.GPIndividual@1784344086{997952887} 0.0 21727.69921875 1192.99 1.0 3 5 21.0 0.0 1.0 0
0 ec.gp.GPIndividual@1784344086{997952887} 0.0 21727.69921875 1211.22 1.0 3 5 21.0 0.0 1.0 0
0 ec.gp.GPIndividual@1784344086{997952887} 0.0 6720.0 428.0 1.0 3 5 21.0 0.0 1.0 0
0 ec.gp.GPIndividual@1784344086{997952887} 0.0 6720.0 458.0 1.0 3 5 21.0 0.0 1.0 0
0 ec.gp.GPIndividual@1784344086{997952887} 0.0 24767.8203125 731.89 1.0 3 5 21.0 0.0 1.0 0
0 ec.gp.GPIndividual@1784344086{997952887} 0.0 24771.400390625 706.25 1.0 3 5 21.0 0.0 1.0 0
0 ec.gp.GPIndividual@1985611703{1391693225} 0.0 109280.0 10054.0 1.0 1 1 21.0 0.0 1.0 0
0 ec.gp.GPIndividual@1985611703{1391693225} 0.0 109280.0 8387.0 1.0 1 1 21.0 0.0 1.0 0
0 ec.gp.GPIndividual@1985611703{1391693225} 0.0 109280.0 14578.0 1.0 1 1 21.0 0.0 1.0 0
0 ec.gp.GPIndividual@1985611703{1391693225} 0.0 109280.0 10861.0 1.0 1 1 21.0 0.0 1.0 0
0 ec.gp.GPIndividual@1985611703{1391693225} 0.0 109280.0 8160.0 1.0 1 1 21.0 0.0 1.0 0
0 ec.gp.GPIndividual@1985611703{1391693225} 0.0 109280.0 12802.0 1.0 1 1 21.0 0.0 1.0 0
0 ec.gp.GPIndividual@1985611703{1391693225} 0.0 109280.0 10087.0 1.0 1 1 21.0 0.0 1.0 0
0 ec.gp.GPIndividual@1985611703{1391693225} 0.0 109280.0 8317.0 1.0 1 1 21.0 0.0 1.0 0
0 ec.gp.GPIndividual@1985611703{1391693225} 0.0 265600.0 25981.0 1.0 1 1 21.0 0.0 1.0 0
0 ec.gp.GPIndividual@1985611703{1391693225} 0.0 3280.0 279.0 1.0 1 1 21.0 0.0 1.0 0
0 ec.gp.GPIndividual@1985611703{1391693225} 0.0 17162.0 510.23 1.0 1 1 21.0 0.0 1.0 0
0 ec.gp.GPIndividual@1985611703{1391693225} 0.0 23534.599609375 667.46 1.0 1 1 21.0 0.0 1.0 0
0 ec.gp.GPIndividual@1985611703{1391693225} 0.0 23610.859375 634.93 1.0 1 1 21.0 0.0 1.0 0
0 ec.gp.GPIndividual@1985611703{1391693225} 0.0 760.0 210.0 1.0 1 1 21.0 0.0 1.0 0
0 ec.gp.GPIndividual@1985611703{1391693225} 0.0 760.0 290.0 1.0 1 1 21.0 0.0 1.0 0
0 ec.gp.GPIndividual@1985611703{1391693225} 0.0 760.0 290.0 1.0 1 1 21.0 0.0 1.0 0
0 ec.gp.GPIndividual@1985611703{1391693225} 0.0 2128.0 244.0 1.0 1 1 21.0 0.0 1.0 0
0 ec.gp.GPIndividual@1985611703{1391693225} 0.0 2128.0 461.0 1.0 1 1 21.0 0.0 1.0 0
0 ec.gp.GPIndividual@1985611703{1391693225} 0.0 2128.0 461.0 1.0 1 1 21.0 0.0 1.0 0
0 ec.gp.GPIndividual@1985611703{1391693225} 0.0 5200.0 329.0 1.0 1 1 21.0 0.0 1.0 0
0 ec.gp.GPIndividual@1985611703{1391693225} 0.0 5200.0 338.0 1.0 1 1 21.0 0.0 1.0 0
0 ec.gp.GPIndividual@1985611703{1391693225} 0.0 9801.2998046875 542.2 1.0 1 1 21.0 0.0 1.0 0
0 ec.gp.GPIndividual@1985611703{1391693225} 0.0 11108.1396484375 564.38 1.0 1 1 21.0 0.0 1.0 0
0 ec.gp.GPIndividual@1985611703{1391693225} 0.0 11108.1396484375 726.06 1.0 1 1 21.0 0.0 1.0 0
0 ec.gp.GPIndividual@1985611703{1391693225} 0.0 13068.3994140625 623.67 1.0 1 1 21.0 0.0 1.0 0
0 ec.gp.GPIndividual@1985611703{1391693225} 0.0 11423.6396484375 750.06 1.0 1 1 21.0 0.0 1.0 0
0 ec.gp.GPIndividual@1985611703{1391693225} 0.0 12946.7919921875 757.74 1.0 1 1 21.0 0.0 1.0 0
0 ec.gp.GPIndividual@1985611703{1391693225} 0.0 12946.7919921875 791.1 1.0 1 1 21.0 0.0 1.0 0
0 ec.gp.GPIndividual@1985611703{1391693225} 0.0 15327.6796875 798.39 1.0 1 1 21.0 0.0 1.0 0
0 ec.gp.GPIndividual@1985611703{1391693225} 0.0 19171.5 1162.58 1.0 1 1 21.0 0.0 1.0 0
0 ec.gp.GPIndividual@1985611703{1391693225} 0.0 21727.69921875 1192.99 1.0 1 1 21.0 0.0 1.0 0
0 ec.gp.GPIndividual@1985611703{1391693225} 0.0 21727.69921875 1211.22 1.0 1 1 21.0 0.0 1.0 0
0 ec.gp.GPIndividual@1985611703{1391693225} 0.0 6720.0 428.0 1.0 1 1 21.0 0.0 1.0 0
0 ec.gp.GPIndividual@1985611703{1391693225} 0.0 6720.0 458.0 1.0 1 1 21.0 0.0 1.0 0
0 ec.gp.GPIndividual@1985611703{1391693225} 0.0 24767.8203125 731.89 1.0 1 1 21.0 0.0 1.0 0
0 ec.gp.GPIndividual@1985611703{1391693225} 0.0 24771.400390625 706.25 1.0 1 1 21.0 0.0 1.0 0
0 ec.gp.GPIndividual@786971560{1964025996} 0.0 105260.0 10054.0 0.8563755719116769 1 1 21.0 0.0 0.8563755719116769 0
0 ec.gp.GPIndividual@786971560{1964025996} 0.0 105260.0 8387.0 0.8278287826397996 1 1 21.0 0.0 0.8278287826397996 0
0 ec.gp.GPIndividual@786971560{1964025996} 0.0 105260.0 14578.0 0.9009466319110989 1 1 21.0 0.0 0.9009466319110989 0
0 ec.gp.GPIndividual@786971560{1964025996} 0.0 105260.0 10861.0 0.8670472332197772 1 1 21.0 0.0 0.8670472332197772 0
0 ec.gp.GPIndividual@786971560{1964025996} 0.0 105260.0 8160.0 0.8230392156862745 1 1 21.0 0.0 0.8230392156862745 0
0 ec.gp.GPIndividual@786971560{1964025996} 0.0 105260.0 12802.0 0.8872051241993438 1 1 21.0 0.0 0.8872051241993438 0
0 ec.gp.GPIndividual@786971560{1964025996} 0.0 105260.0 10087.0 0.8568454446317042 1 1 21.0 0.0 0.8568454446317042 0
0 ec.gp.GPIndividual@786971560{1964025996} 0.0 105260.0 8317.0 0.8263797042202717 1 1 21.0 0.0 0.8263797042202717 0
0 ec.gp.GPIndividual@786971560{1964025996} 0.0 260706.0 25981.0 0.9327970439936877 1 1 21.0 0.0 0.9327970439936877 0
0 ec.gp.GPIndividual@786971560{1964025996} 0.0 3198.0 279.0 0.7060931899641577 1 1 21.0 0.0 0.7060931899641577 0
0 ec.gp.GPIndividual@786971560{1964025996} 0.0 16908.759765625 510.23 0.8236089606647983 1 1 21.0 0.0 0.8236089606647983 0
0 ec.gp.GPIndividual@786971560{1964025996} 0.0 23192.058197021484 667.46 0.8080034850081138 1 1 21.0 0.0 0.8080034850081138 0
0 ec.gp.GPIndividual@1909238931{1527000020} 12.0 1725.4800060968846 510.23 2.381769018083775 3 7 21.0 0.0 2.381769018083775 0
0 ec.gp.GPIndividual@786971560{1964025996} 0.0 23274.66258239746 634.93 0.7857716531389902 1 1 21.0 0.0 0.7857716531389902 0
0 ec.gp.GPIndividual@786971560{1964025996} 0.0 740.0 210.0 0.9047619047619048 1 1 21.0 0.0 0.9047619047619048 0
0 ec.gp.GPIndividual@786971560{1964025996} 0.0 740.0 290.0 0.9310344827586207 1 1 21.0 0.0 0.9310344827586207 0
0 ec.gp.GPIndividual@786971560{1964025996} 0.0 740.0 290.0 0.9310344827586207 1 1 21.0 0.0 0.9310344827586207 0
0 ec.gp.GPIndividual@786971560{1964025996} 0.0 2072.0 244.0 0.7704918032786885 1 1 21.0 0.0 0.7704918032786885 0
0 ec.gp.GPIndividual@786971560{1964025996} 0.0 2072.0 461.0 0.8785249457700651 1 1 21.0 0.0 0.8785249457700651 0
0 ec.gp.GPIndividual@786971560{1964025996} 0.0 2072.0 461.0 0.8785249457700651 1 1 21.0 0.0 0.8785249457700651 0
0 ec.gp.GPIndividual@786971560{1964025996} 0.0 5008.0 329.0 0.7933130699088146 1 1 21.0 0.0 0.7933130699088146 0
0 ec.gp.GPIndividual@786971560{1964025996} 0.0 5008.0 338.0 0.7988165680473372 1 1 21.0 0.0 0.7988165680473372 0
0 ec.gp.GPIndividual@786971560{1964025996} 0.0 9326.6298828125 542.2 0.6703246034673552 1 1 21.0 0.0 0.6703246034673552 0
0 ec.gp.GPIndividual@786971560{1964025996} 0.0 10633.4697265625 564.38 0.683280768276693 1 1 21.0 0.0 0.683280768276693 0
0 ec.gp.GPIndividual@786971560{1964025996} 0.0 10633.4697265625 726.06 0.7538082252155469 1 1 21.0 0.0 0.7538082252155469 0
0 ec.gp.GPIndividual@786971560{1964025996} 0.0 12593.7294921875 623.67 0.713390094120288 1 1 21.0 0.0 0.713390094120288 0
0 ec.gp.GPIndividual@786971560{1964025996} 0.0 10872.933471679688 750.06 0.7188624975106158 1 1 21.0 0.0 0.7188624975106158 0
0 ec.gp.GPIndividual@786971560{1964025996} 0.0 12396.085815429688 757.74 0.7217119392968729 1 1 21.0 0.0 0.7217119392968729 0
0 ec.gp.GPIndividual@786971560{1964025996} 0.0 12396.085815429688 791.1 0.7334471051482904 1 1 21.0 0.0 0.7334471051482904 0
0 ec.gp.GPIndividual@786971560{1964025996} 0.0 14779.625900268555 798.39 0.7265371537330695 1 1 21.0 0.0 0.7265371537330695 0
0 ec.gp.GPIndividual@786971560{1964025996} 0.0 18289.47039794922 1162.58 0.6593180621340305 1 1 21.0 0.0 0.6593180621340305 0
0 ec.gp.GPIndividual@786971560{1964025996} 0.0 20845.66961669922 1192.99 0.6680022403170028 1 1 21.0 0.0 0.6680022403170028 0
0 ec.gp.GPIndividual@786971560{1964025996} 0.0 20845.66961669922 1211.22 0.6729991188023491 1 1 21.0 0.0 0.6729991188023491 0
0 ec.gp.GPIndividual@786971560{1964025996} 0.0 6476.0 428.0 0.7850467289719626 1 1 21.0 0.0 0.7850467289719626 0
0 ec.gp.GPIndividual@786971560{1964025996} 0.0 6476.0 458.0 0.7991266375545851 1 1 21.0 0.0 0.7991266375545851 0
0 ec.gp.GPIndividual@786971560{1964025996} 0.0 24409.48484802246 731.89 0.8127860685725165 1 1 21.0 0.0 0.8127860685725165 0
0 ec.gp.GPIndividual@786971560{1964025996} 0.0 24410.45265197754 706.25 0.8095858467574668 1 1 21.0 0.0 0.8095858467574668 0
0 ec.gp.GPIndividual@1166784823{1440804672} 0.0 105260.0 10054.0 0.8563755719116769 1 1 21.0 0.0 0.8563755719116769 0
0 ec.gp.GPIndividual@1166784823{1440804672} 0.0 105260.0 8387.0 0.8278287826397996 1 1 21.0 0.0 0.8278287826397996 0
0 ec.gp.GPIndividual@1166784823{1440804672} 0.0 105260.0 14578.0 0.9009466319110989 1 1 21.0 0.0 0.9009466319110989 0
0 ec.gp.GPIndividual@1166784823{1440804672} 0.0 105260.0 10861.0 0.8670472332197772 1 1 21.0 0.0 0.8670472332197772 0
0 ec.gp.GPIndividual@1166784823{1440804672} 0.0 105260.0 8160.0 0.8230392156862745 1 1 21.0 0.0 0.8230392156862745 0
0 ec.gp.GPIndividual@1166784823{1440804672} 0.0 105260.0 12802.0 0.8872051241993438 1 1 21.0 0.0 0.8872051241993438 0
0 ec.gp.GPIndividual@1166784823{1440804672} 0.0 105260.0 10087.0 0.8568454446317042 1 1 21.0 0.0 0.8568454446317042 0
0 ec.gp.GPIndividual@1166784823{1440804672} 0.0 105260.0 8317.0 0.8263797042202717 1 1 21.0 0.0 0.8263797042202717 0
0 ec.gp.GPIndividual@1166784823{1440804672} 0.0 260706.0 25981.0 0.9327970439936877 1 1 21.0 0.0 0.9327970439936877 0
0 ec.gp.GPIndividual@1166784823{1440804672} 0.0 3198.0 279.0 0.7060931899641577 1 1 21.0 0.0 0.7060931899641577 0
0 ec.gp.GPIndividual@1166784823{1440804672} 0.0 16908.759765625 510.23 0.8236089606647983 1 1 21.0 0.0 0.8236089606647983 0
0 ec.gp.GPIndividual@1166784823{1440804672} 0.0 23192.058197021484 667.46 0.8080034850081138 1 1 21.0 0.0 0.8080034850081138 0
0 ec.gp.GPIndividual@1166784823{1440804672} 0.0 23274.66258239746 634.93 0.7857716531389902 1 1 21.0 0.0 0.7857716531389902 0
0 ec.gp.GPIndividual@1166784823{1440804672} 0.0 740.0 210.0 0.9047619047619048 1 1 21.0 0.0 0.9047619047619048 0
0 ec.gp.GPIndividual@1166784823{1440804672} 0.0 740.0 290.0 0.9310344827586207 1 1 21.0 0.0 0.9310344827586207 0
0 ec.gp.GPIndividual@1166784823{1440804672} 0.0 740.0 290.0 0.9310344827586207 1 1 21.0 0.0 0.9310344827586207 0
0 ec.gp.GPIndividual@1166784823{1440804672} 0.0 2072.0 244.0 0.7704918032786885 1 1 21.0 0.0 0.7704918032786885 0
0 ec.gp.GPIndividual@1909238931{1527000020} 6.0 2072.5199937094003 667.46 2.1050849394861118 3 7 21.0 0.0 2.1050849394861118 0
0 ec.gp.GPIndividual@1166784823{1440804672} 0.0 2072.0 461.0 0.8785249457700651 1 1 21.0 0.0 0.8785249457700651 0
0 ec.gp.GPIndividual@1166784823{1440804672} 0.0 2072.0 461.0 0.8785249457700651 1 1 21.0 0.0 0.8785249457700651 0
0 ec.gp.GPIndividual@1166784823{1440804672} 0.0 5008.0 329.0 0.7933130699088146 1 1 21.0 0.0 0.7933130699088146 0
0 ec.gp.GPIndividual@1166784823{1440804672} 0.0 5008.0 338.0 0.7988165680473372 1 1 21.0 0.0 0.7988165680473372 0
0 ec.gp.GPIndividual@1166784823{1440804672} 0.0 9326.6298828125 542.2 0.6703246034673552 1 1 21.0 0.0 0.6703246034673552 0
0 ec.gp.GPIndividual@1166784823{1440804672} 0.0 10633.4697265625 564.38 0.683280768276693 1 1 21.0 0.0 0.683280768276693 0
0 ec.gp.GPIndividual@1166784823{1440804672} 0.0 10633.4697265625 726.06 0.7538082252155469 1 1 21.0 0.0 0.7538082252155469 0
0 ec.gp.GPIndividual@1166784823{1440804672} 0.0 12593.7294921875 623.67 0.713390094120288 1 1 21.0 0.0 0.713390094120288 0
0 ec.gp.GPIndividual@1166784823{1440804672} 0.0 10872.933471679688 750.06 0.7188624975106158 1 1 21.0 0.0 0.7188624975106158 0
0 ec.gp.GPIndividual@1166784823{1440804672} 0.0 12396.085815429688 757.74 0.7217119392968729 1 1 21.0 0.0 0.7217119392968729 0
0 ec.gp.GPIndividual@1166784823{1440804672} 0.0 12396.085815429688 791.1 0.7334471051482904 1 1 21.0 0.0 0.7334471051482904 0
0 ec.gp.GPIndividual@1166784823{1440804672} 0.0 14779.625900268555 798.39 0.7265371537330695 1 1 21.0 0.0 0.7265371537330695 0
0 ec.gp.GPIndividual@1166784823{1440804672} 0.0 18289.47039794922 1162.58 0.6593180621340305 1 1 21.0 0.0 0.6593180621340305 0
0 ec.gp.GPIndividual@1166784823{1440804672} 0.0 20845.66961669922 1192.99 0.6680022403170028 1 1 21.0 0.0 0.6680022403170028 0
0 ec.gp.GPIndividual@1166784823{1440804672} 0.0 20845.66961669922 1211.22 0.6729991188023491 1 1 21.0 0.0 0.6729991188023491 0
0 ec.gp.GPIndividual@1166784823{1440804672} 0.0 6476.0 428.0 0.7850467289719626 1 1 21.0 0.0 0.7850467289719626 0
0 ec.gp.GPIndividual@1166784823{1440804672} 0.0 6476.0 458.0 0.7991266375545851 1 1 21.0 0.0 0.7991266375545851 0
0 ec.gp.GPIndividual@1166784823{1440804672} 0.0 24409.48484802246 731.89 0.8127860685725165 1 1 21.0 0.0 0.8127860685725165 0
0 ec.gp.GPIndividual@1166784823{1440804672} 0.0 24410.45265197754 706.25 0.8095858467574668 1 1 21.0 0.0 0.8095858467574668 0
0 ec.gp.GPIndividual@2023544270{567282002} 0.0 109280.0 10054.0 1.0 1 1 21.0 0.0 1.0 0
0 ec.gp.GPIndividual@2023544270{567282002} 0.0 109280.0 8387.0 1.0 1 1 21.0 0.0 1.0 0
0 ec.gp.GPIndividual@2023544270{567282002} 0.0 109280.0 14578.0 1.0 1 1 21.0 0.0 1.0 0
0 ec.gp.GPIndividual@2023544270{567282002} 0.0 109280.0 10861.0 1.0 1 1 21.0 0.0 1.0 0
0 ec.gp.GPIndividual@2023544270{567282002} 0.0 109280.0 8160.0 1.0 1 1 21.0 0.0 1.0 0
0 ec.gp.GPIndividual@2023544270{567282002} 0.0 109280.0 12802.0 1.0 1 1 21.0 0.0 1.0 0
0 ec.gp.GPIndividual@2023544270{567282002} 0.0 109280.0 10087.0 1.0 1 1 21.0 0.0 1.0 0
0 ec.gp.GPIndividual@2023544270{567282002} 0.0 109280.0 8317.0 1.0 1 1 21.0 0.0 1.0 0
0 ec.gp.GPIndividual@2023544270{567282002} 0.0 265600.0 25981.0 1.0 1 1 21.0 0.0 1.0 0
0 ec.gp.GPIndividual@2023544270{567282002} 0.0 3280.0 279.0 1.0 1 1 21.0 0.0 1.0 0
0 ec.gp.GPIndividual@2023544270{567282002} 0.0 17162.0 510.23 1.0 1 1 21.0 0.0 1.0 0
0 ec.gp.GPIndividual@2023544270{567282002} 0.0 23534.599609375 667.46 1.0 1 1 21.0 0.0 1.0 0
0 ec.gp.GPIndividual@2023544270{567282002} 0.0 23610.859375 634.93 1.0 1 1 21.0 0.0 1.0 0
0 ec.gp.GPIndividual@2023544270{567282002} 0.0 760.0 210.0 1.0 1 1 21.0 0.0 1.0 0
0 ec.gp.GPIndividual@2023544270{567282002} 0.0 760.0 290.0 1.0 1 1 21.0 0.0 1.0 0
0 ec.gp.GPIndividual@2023544270{567282002} 0.0 760.0 290.0 1.0 1 1 21.0 0.0 1.0 0
0 ec.gp.GPIndividual@2023544270{567282002} 0.0 2128.0 244.0 1.0 1 1 21.0 0.0 1.0 0
0 ec.gp.GPIndividual@2023544270{567282002} 0.0 2128.0 461.0 1.0 1 1 21.0 0.0 1.0 0
0 ec.gp.GPIndividual@2023544270{567282002} 0.0 2128.0 461.0 1.0 1 1 21.0 0.0 1.0 0
0 ec.gp.GPIndividual@2023544270{567282002} 0.0 5200.0 329.0 1.0 1 1 21.0 0.0 1.0 0
0 ec.gp.GPIndividual@2023544270{567282002} 0.0 5200.0 338.0 1.0 1 1 21.0 0.0 1.0 0
0 ec.gp.GPIndividual@2023544270{567282002} 0.0 9801.2998046875 542.2 1.0 1 1 21.0 0.0 1.0 0
0 ec.gp.GPIndividual@2023544270{567282002} 0.0 11108.1396484375 564.38 1.0 1 1 21.0 0.0 1.0 0
0 ec.gp.GPIndividual@2023544270{567282002} 0.0 11108.1396484375 726.06 1.0 1 1 21.0 0.0 1.0 0
0 ec.gp.GPIndividual@2023544270{567282002} 0.0 13068.3994140625 623.67 1.0 1 1 21.0 0.0 1.0 0
0 ec.gp.GPIndividual@2023544270{567282002} 0.0 11423.6396484375 750.06 1.0 1 1 21.0 0.0 1.0 0
0 ec.gp.GPIndividual@2023544270{567282002} 0.0 12946.7919921875 757.74 1.0 1 1 21.0 0.0 1.0 0
0 ec.gp.GPIndividual@2023544270{567282002} 0.0 12946.7919921875 791.1 1.0 1 1 21.0 0.0 1.0 0
0 ec.gp.GPIndividual@2023544270{567282002} 0.0 15327.6796875 798.39 1.0 1 1 21.0 0.0 1.0 0
0 ec.gp.GPIndividual@2023544270{567282002} 0.0 19171.5 1162.58 1.0 1 1 21.0 0.0 1.0 0
0 ec.gp.GPIndividual@2023544270{567282002} 0.0 21727.69921875 1192.99 1.0 1 1 21.0 0.0 1.0 0
0 ec.gp.GPIndividual@2023544270{567282002} 0.0 21727.69921875 1211.22 1.0 1 1 21.0 0.0 1.0 0
0 ec.gp.GPIndividual@2023544270{567282002} 0.0 6720.0 428.0 1.0 1 1 21.0 0.0 1.0 0
0 ec.gp.GPIndividual@2023544270{567282002} 0.0 6720.0 458.0 1.0 1 1 21.0 0.0 1.0 0
0 ec.gp.GPIndividual@2023544270{567282002} 0.0 24767.8203125 731.89 1.0 1 1 21.0 0.0 1.0 0
0 ec.gp.GPIndividual@2023544270{567282002} 0.0 24771.400390625 706.25 1.0 1 1 21.0 0.0 1.0 0
0 ec.gp.GPIndividual@1909238931{1527000020} 6.0 2024.1600079219788 634.93 2.1880049894035234 3 7 21.0 0.0 2.1880049894035234 0
0 ec.gp.GPIndividual@1909238931{1527000020} 0.0 290.0 210.0 0.38095238095238093 3 7 21.0 0.0 0.38095238095238093 0
0 ec.gp.GPIndividual@1909238931{1527000020} 0.0 290.0 290.0 0.0 3 7 21.0 0.0 0.0 1
0 ec.gp.GPIndividual@1909238931{1527000020} 0.0 290.0 290.0 0.0 3 7 21.0 0.0 0.0 2
0 ec.gp.GPIndividual@1909238931{1527000020} 0.0 536.0 244.0 1.1967213114754098 3 7 21.0 0.0 1.1967213114754098 2
0 ec.gp.GPIndividual@1909238931{1527000020} 0.0 536.0 461.0 0.16268980477223427 3 7 21.0 0.0 0.16268980477223427 2
0 ec.gp.GPIndividual@1909238931{1527000020} 0.0 536.0 461.0 0.16268980477223427 3 7 21.0 0.0 0.16268980477223427 2
0 ec.gp.GPIndividual@1909238931{1527000020} 0.0 678.0 329.0 1.060790273556231 3 7 21.0 0.0 1.060790273556231 2
0 ec.gp.GPIndividual@1909238931{1527000020} 0.0 678.0 338.0 1.0059171597633136 3 7 21.0 0.0 1.0059171597633136 2
0 ec.gp.GPIndividual@1909238931{1527000020} 0.0 1092.470004670322 542.2 1.0148838153270414 3 7 21.0 0.0 1.0148838153270414 2
0 ec.gp.GPIndividual@1909238931{1527000020} 0.0 1274.6399967372417 564.38 1.2584783244219173 3 7 21.0 0.0 1.2584783244219173 2
0 ec.gp.GPIndividual@1909238931{1527000020} 0.0 1274.6399967372417 726.06 0.7555573874572926 3 7 21.0 0.0 0.7555573874572926 2
0 ec.gp.GPIndividual@1909238931{1527000020} 0.0 1519.1099970713258 623.67 1.4357592910855514 3 7 21.0 0.0 1.4357592910855514 2
0 ec.gp.GPIndividual@1909238931{1527000020} 0.0 1508.5099946204573 750.06 1.0111857646327727 3 7 21.0 0.0 1.0111857646327727 2
0 ec.gp.GPIndividual@1909238931{1527000020} 0.0 1687.7200006190687 757.74 1.227307520546716 3 7 21.0 0.0 1.227307520546716 2
0 ec.gp.GPIndividual@1909238931{1527000020} 0.0 1687.7200006190687 791.1 1.1333838966237755 3 7 21.0 0.0 1.1333838966237755 2
0 ec.gp.GPIndividual@1909238931{1527000020} 0.0 2024.3000128213316 798.39 1.5354776648271293 3 7 21.0 0.0 1.5354776648271293 2
0 ec.gp.GPIndividual@1909238931{1527000020} 0.0 2343.680022597313 1162.58 1.0159301059688908 3 7 21.0 0.0 1.0159301059688908 2
0 ec.gp.GPIndividual@1909238931{1527000020} 0.0 2560.870015889406 1192.99 1.146598056890172 3 7 21.0 0.0 1.146598056890172 2
0 ec.gp.GPIndividual@1909238931{1527000020} 0.0 2560.870015889406 1211.22 1.1142897375286125 3 7 21.0 0.0 1.1142897375286125 2
0 ec.gp.GPIndividual@1909238931{1527000020} 0.0 894.0 428.0 1.088785046728972 3 7 21.0 0.0 1.088785046728972 2
0 ec.gp.GPIndividual@1909238931{1527000020} 0.0 895.0 458.0 0.9541484716157205 3 7 21.0 0.0 0.9541484716157205 2
0 ec.gp.GPIndividual@1909238931{1527000020} 5.0 2638.0500009804964 731.89 2.6044350940448653 3 7 21.0 0.0 2.6044350940448653 2
0 ec.gp.GPIndividual@1909238931{1527000020} 5.0 2531.4599929749966 706.25 2.5843681316460128 3 7 21.0 0.0 2.5843681316460128 2
0 ec.gp.GPIndividual@1583157973{634021657} 26.0 12299.0 10054.0 0.22329421125920032 5 40 21.0 0.0 0.22329421125920032 0
0 ec.gp.GPIndividual@2111703673{-560523974} 217.0 10331.0 10054.0 0.02755122339367416 4 23 21.0 0.0 0.02755122339367416 0
0 ec.gp.GPIndividual@2111703673{-560523974} 37.0 8448.0 8387.0 0.007273160844163586 4 23 21.0 0.0 0.007273160844163586 0
0 ec.gp.GPIndividual@2111703673{-560523974} 25.0 14697.0 14578.0 0.008162985320345727 4 23 21.0 0.0 0.008162985320345727 0
0 ec.gp.GPIndividual@2111703673{-560523974} 27.0 11079.0 10861.0 0.02007181659147408 4 23 21.0 0.0 0.02007181659147408 0
0 ec.gp.GPIndividual@2111703673{-560523974} 27.0 8708.0 8160.0 0.06715686274509804 4 23 21.0 0.0 0.06715686274509804 0
0 ec.gp.GPIndividual@2111703673{-560523974} 28.0 13031.0 12802.0 0.01788783002655835 4 23 21.0 0.0 0.01788783002655835 0
0 ec.gp.GPIndividual@2111703673{-560523974} 25.0 10326.0 10087.0 0.02369386338851988 4 23 21.0 0.0 0.02369386338851988 0
0 ec.gp.GPIndividual@2111703673{-560523974} 29.0 8328.0 8317.0 0.0013225922808705061 4 23 21.0 0.0 0.0013225922808705061 0
0 ec.gp.GPIndividual@2111703673{-560523974} 150.0 28996.0 25981.0 0.11604634155729186 4 23 21.0 0.0 0.11604634155729186 0
0 ec.gp.GPIndividual@2111703673{-560523974} 15.0 329.0 279.0 0.17921146953405018 4 23 21.0 0.0 0.17921146953405018 0
0 ec.gp.GPIndividual@2111703673{-560523974} 227.0 1335.53 510.23 1.6175058307038002 4 23 21.0 0.0 1.6175058307038002 0
0 ec.gp.GPIndividual@2111703673{-560523974} 259.0 1364.78 667.46 1.0447367632517304 4 23 21.0 0.0 1.0447367632517304 0
0 ec.gp.GPIndividual@2111703673{-560523974} 318.0 1133.89 634.93 0.7858504087064718 4 23 21.0 0.0 0.7858504087064718 0
0 ec.gp.GPIndividual@2111703673{-560523974} 10.0 210.0 210.0 0.0 4 23 21.0 0.0 0.0 1
0 ec.gp.GPIndividual@2111703673{-560523974} 8.0 290.0 290.0 0.0 4 23 21.0 0.0 0.0 2
0 ec.gp.GPIndividual@2111703673{-560523974} 7.0 290.0 290.0 0.0 4 23 21.0 0.0 0.0 3
0 ec.gp.GPIndividual@2111703673{-560523974} 10.0 245.0 244.0 0.004098360655737705 4 23 21.0 0.0 0.004098360655737705 3
0 ec.gp.GPIndividual@2111703673{-560523974} 7.0 461.0 461.0 0.0 4 23 21.0 0.0 0.0 4
0 ec.gp.GPIndividual@2111703673{-560523974} 7.0 461.0 461.0 0.0 4 23 21.0 0.0 0.0 5
0 ec.gp.GPIndividual@2111703673{-560523974} 8.0 479.0 329.0 0.45592705167173253 4 23 21.0 0.0 0.45592705167173253 5
0 ec.gp.GPIndividual@2111703673{-560523974} 8.0 479.0 338.0 0.4171597633136095 4 23 21.0 0.0 0.4171597633136095 5
0 ec.gp.GPIndividual@2111703673{-560523974} 4.0 661.85 542.2 0.2206750276650682 4 23 21.0 0.0 0.2206750276650682 5
0 ec.gp.GPIndividual@2111703673{-560523974} 7.0 825.33 564.38 0.46236578191998307 4 23 21.0 0.0 0.46236578191998307 5
0 ec.gp.GPIndividual@2111703673{-560523974} 7.0 857.58 726.06 0.18114205437567157 4 23 21.0 0.0 0.18114205437567157 5
0 ec.gp.GPIndividual@2111703673{-560523974} 17.0 825.51 623.67 0.323632690365097 4 23 21.0 0.0 0.323632690365097 5
0 ec.gp.GPIndividual@2111703673{-560523974} 5.0 876.49 750.06 0.16855984854544978 4 23 21.0 0.0 0.16855984854544978 5
0 ec.gp.GPIndividual@2111703673{-560523974} 9.0 924.61 757.74 0.22022065616174413 4 23 21.0 0.0 0.22022065616174413 5
0 ec.gp.GPIndividual@2111703673{-560523974} 9.0 977.87 791.1 0.23608899001390465 4 23 21.0 0.0 0.23608899001390465 5
0 ec.gp.GPIndividual@2111703673{-560523974} 18.0 1228.12 798.39 0.5382457195105148 4 23 21.0 0.0 0.5382457195105148 5
0 ec.gp.GPIndividual@2111703673{-560523974} 6.0 1292.6 1162.58 0.11183746494864868 4 23 21.0 0.0 0.11183746494864868 5
0 ec.gp.GPIndividual@2111703673{-560523974} 10.0 1317.41 1192.99 0.10429257579694723 4 23 21.0 0.0 0.10429257579694723 5
0 ec.gp.GPIndividual@2111703673{-560523974} 10.0 1317.41 1211.22 0.08767193408299075 4 23 21.0 0.0 0.08767193408299075 5
0 ec.gp.GPIndividual@2111703673{-560523974} 17.0 429.0 428.0 0.002336448598130841 4 23 21.0 0.0 0.002336448598130841 5
0 ec.gp.GPIndividual@2111703673{-560523974} 17.0 490.0 458.0 0.06986899563318777 4 23 21.0 0.0 0.06986899563318777 5
0 ec.gp.GPIndividual@2111703673{-560523974} 300.0 1925.24 731.89 1.630504584022189 4 23 21.0 0.0 1.630504584022189 5
0 ec.gp.GPIndividual@2111703673{-560523974} 287.0 1781.66 706.25 1.5227044247787611 4 23 21.0 0.0 1.5227044247787611 5
