
Generation: 0
Best Individual:
Subpopulation 0:
Evaluated: true
Fitness: Standardized=0.7903133 Adjusted=0.55856144 Hits=0
Tree 0:
digraph g {
node [shape=rectangle];
n[label = "If_Then_Else"];
n0[label = "FarthestInsertion"];
n -> n0;
n1[label = "NearestNeighbor"];
n -> n1;
n2[label = "NearestFirstNode"];
n -> n2;
}


Generation: 1
Best Individual:
Subpopulation 0:
Evaluated: true
Fitness: Standardized=0.7903133 Adjusted=0.55856144 Hits=0
Tree 0:
digraph g {
node [shape=rectangle];
n[label = "If_Then_Else"];
n0[label = "FarthestInsertion"];
n -> n0;
n1[label = "NearestNeighbor"];
n -> n1;
n2[label = "NearestFirstNode"];
n -> n2;
}


Generation: 2
Best Individual:
Subpopulation 0:
Evaluated: true
Fitness: Standardized=0.60754216 Adjusted=0.6220677 Hits=0
Tree 0:
digraph g {
node [shape=rectangle];
n[label = "If_Then"];
n0[label = "FarthestInsertion"];
n -> n0;
n1[label = "FarthestInsertion"];
n -> n1;
}


Generation: 3
Best Individual:
Subpopulation 0:
Evaluated: true
Fitness: Standardized=0.60171497 Adjusted=0.6243308 Hits=0
Tree 0:
digraph g {
node [shape=rectangle];
n[label = "If_Then_Else"];
n0[label = "FarthestInsertion"];
n -> n0;
n1[label = "If_Then_Else"];
n10[label = "FarthestInsertion"];
n1 -> n10;
n11[label = "NearestNeighbor"];
n1 -> n11;
n12[label = "NearestFirstNode"];
n1 -> n12;
n -> n1;
n2[label = "NearestFirstNode"];
n -> n2;
}


Generation: 4
Best Individual:
Subpopulation 0:
Evaluated: true
Fitness: Standardized=0.42734218 Adjusted=0.7006028 Hits=0
Tree 0:
digraph g {
node [shape=rectangle];
n[label = "If_Then_Else"];
n0[label = "FarthestInsertion"];
n -> n0;
n1[label = "If_Then"];
n10[label = "FarthestInsertion"];
n1 -> n10;
n11[label = "FarthestInsertion"];
n1 -> n11;
n -> n1;
n2[label = "NearestFirstNode"];
n -> n2;
}


Generation: 5
Best Individual:
Subpopulation 0:
Evaluated: true
Fitness: Standardized=0.32001397 Adjusted=0.7575677 Hits=0
Tree 0:
digraph g {
node [shape=rectangle];
n[label = "If_Then_Else"];
n0[label = "FarthestInsertion"];
n -> n0;
n1[label = "If_Then_Else"];
n10[label = "If_Then_Else"];
n100[label = "FarthestInsertion"];
n10 -> n100;
n101[label = "NearestNeighbor"];
n10 -> n101;
n102[label = "NearestFirstNode"];
n10 -> n102;
n1 -> n10;
n11[label = "If_Then"];
n110[label = "FarthestInsertion"];
n11 -> n110;
n111[label = "FarthestInsertion"];
n11 -> n111;
n1 -> n11;
n12[label = "NearestFirstNode"];
n1 -> n12;
n -> n1;
n2[label = "NearestNeighbor"];
n -> n2;
}


Generation: 6
Best Individual:
Subpopulation 0:
Evaluated: true
Fitness: Standardized=0.29531434 Adjusted=0.77201337 Hits=0
Tree 0:
digraph g {
node [shape=rectangle];
n[label = "If_Then_Else"];
n0[label = "FarthestInsertion"];
n -> n0;
n1[label = "If_Then_Else"];
n10[label = "If_Then"];
n100[label = "FarthestInsertion"];
n10 -> n100;
n101[label = "FarthestInsertion"];
n10 -> n101;
n1 -> n10;
n11[label = "If_Then"];
n110[label = "FarthestInsertion"];
n11 -> n110;
n111[label = "FarthestInsertion"];
n11 -> n111;
n1 -> n11;
n12[label = "NearestFirstNode"];
n1 -> n12;
n -> n1;
n2[label = "NearestNeighbor"];
n -> n2;
}


Generation: 7
Best Individual:
Subpopulation 0:
Evaluated: true
Fitness: Standardized=0.29531434 Adjusted=0.77201337 Hits=0
Tree 0:
digraph g {
node [shape=rectangle];
n[label = "If_Then_Else"];
n0[label = "FarthestInsertion"];
n -> n0;
n1[label = "If_Then_Else"];
n10[label = "FarthestInsertion"];
n1 -> n10;
n11[label = "If_Then_Else"];
n110[label = "FarthestInsertion"];
n11 -> n110;
n111[label = "If_Then"];
n1110[label = "FarthestInsertion"];
n111 -> n1110;
n1111[label = "FarthestInsertion"];
n111 -> n1111;
n11 -> n111;
n112[label = "NearestFirstNode"];
n11 -> n112;
n1 -> n11;
n12[label = "NearestFirstNode"];
n1 -> n12;
n -> n1;
n2[label = "If_Then_Else"];
n20[label = "FarthestInsertion"];
n2 -> n20;
n21[label = "If_Then"];
n210[label = "FarthestInsertion"];
n21 -> n210;
n211[label = "FarthestInsertion"];
n21 -> n211;
n2 -> n21;
n22[label = "NearestFirstNode"];
n2 -> n22;
n -> n2;
}


Generation: 8
Best Individual:
Subpopulation 0:
Evaluated: true
Fitness: Standardized=0.29531434 Adjusted=0.77201337 Hits=0
Tree 0:
digraph g {
node [shape=rectangle];
n[label = "If_Then_Else"];
n0[label = "FarthestInsertion"];
n -> n0;
n1[label = "If_Then_Else"];
n10[label = "FarthestInsertion"];
n1 -> n10;
n11[label = "If_Then_Else"];
n110[label = "FarthestInsertion"];
n11 -> n110;
n111[label = "If_Then"];
n1110[label = "FarthestInsertion"];
n111 -> n1110;
n1111[label = "FarthestInsertion"];
n111 -> n1111;
n11 -> n111;
n112[label = "NearestFirstNode"];
n11 -> n112;
n1 -> n11;
n12[label = "NearestFirstNode"];
n1 -> n12;
n -> n1;
n2[label = "If_Then_Else"];
n20[label = "FarthestInsertion"];
n2 -> n20;
n21[label = "If_Then_Else"];
n210[label = "FarthestInsertion"];
n21 -> n210;
n211[label = "If_Then"];
n2110[label = "FarthestInsertion"];
n211 -> n2110;
n2111[label = "FarthestInsertion"];
n211 -> n2111;
n21 -> n211;
n212[label = "NearestFirstNode"];
n21 -> n212;
n2 -> n21;
n22[label = "NearestFirstNode"];
n2 -> n22;
n -> n2;
}


Generation: 9
Best Individual:
Subpopulation 0:
Evaluated: true
Fitness: Standardized=0.29531434 Adjusted=0.77201337 Hits=0
Tree 0:
digraph g {
node [shape=rectangle];
n[label = "If_Then_Else"];
n0[label = "FarthestInsertion"];
n -> n0;
n1[label = "If_Then_Else"];
n10[label = "If_Then"];
n100[label = "FarthestInsertion"];
n10 -> n100;
n101[label = "FarthestInsertion"];
n10 -> n101;
n1 -> n10;
n11[label = "If_Then"];
n110[label = "FarthestInsertion"];
n11 -> n110;
n111[label = "FarthestInsertion"];
n11 -> n111;
n1 -> n11;
n12[label = "NearestFirstNode"];
n1 -> n12;
n -> n1;
n2[label = "NearestNeighbor"];
n -> n2;
}


Generation: 10
Best Individual:
Subpopulation 0:
Evaluated: true
Fitness: Standardized=0.29531434 Adjusted=0.77201337 Hits=0
Tree 0:
digraph g {
node [shape=rectangle];
n[label = "If_Then_Else"];
n0[label = "FarthestInsertion"];
n -> n0;
n1[label = "If_Then_Else"];
n10[label = "FarthestInsertion"];
n1 -> n10;
n11[label = "If_Then_Else"];
n110[label = "FarthestInsertion"];
n11 -> n110;
n111[label = "If_Then"];
n1110[label = "FarthestInsertion"];
n111 -> n1110;
n1111[label = "FarthestInsertion"];
n111 -> n1111;
n11 -> n111;
n112[label = "NearestFirstNode"];
n11 -> n112;
n1 -> n11;
n12[label = "NearestFirstNode"];
n1 -> n12;
n -> n1;
n2[label = "FarthestInsertion"];
n -> n2;
}


Generation: 11
Best Individual:
Subpopulation 0:
Evaluated: true
Fitness: Standardized=0.29531434 Adjusted=0.77201337 Hits=0
Tree 0:
digraph g {
node [shape=rectangle];
n[label = "If_Then_Else"];
n0[label = "FarthestInsertion"];
n -> n0;
n1[label = "If_Then_Else"];
n10[label = "FarthestInsertion"];
n1 -> n10;
n11[label = "If_Then_Else"];
n110[label = "FarthestInsertion"];
n11 -> n110;
n111[label = "If_Then"];
n1110[label = "FarthestInsertion"];
n111 -> n1110;
n1111[label = "FarthestInsertion"];
n111 -> n1111;
n11 -> n111;
n112[label = "NearestFirstNode"];
n11 -> n112;
n1 -> n11;
n12[label = "NearestFirstNode"];
n1 -> n12;
n -> n1;
n2[label = "If_Then_Else"];
n20[label = "FarthestInsertion"];
n2 -> n20;
n21[label = "If_Then_Else"];
n210[label = "FarthestInsertion"];
n21 -> n210;
n211[label = "If_Then"];
n2110[label = "FarthestInsertion"];
n211 -> n2110;
n2111[label = "FarthestInsertion"];
n211 -> n2111;
n21 -> n211;
n212[label = "NearestFirstNode"];
n21 -> n212;
n2 -> n21;
n22[label = "NearestFirstNode"];
n2 -> n22;
n -> n2;
}


Generation: 12
Best Individual:
Subpopulation 0:
Evaluated: true
Fitness: Standardized=0.29531434 Adjusted=0.77201337 Hits=0
Tree 0:
digraph g {
node [shape=rectangle];
n[label = "If_Then_Else"];
n0[label = "FarthestInsertion"];
n -> n0;
n1[label = "If_Then_Else"];
n10[label = "FarthestInsertion"];
n1 -> n10;
n11[label = "If_Then_Else"];
n110[label = "FarthestInsertion"];
n11 -> n110;
n111[label = "If_Then"];
n1110[label = "FarthestInsertion"];
n111 -> n1110;
n1111[label = "FarthestInsertion"];
n111 -> n1111;
n11 -> n111;
n112[label = "NearestFirstNode"];
n11 -> n112;
n1 -> n11;
n12[label = "NearestFirstNode"];
n1 -> n12;
n -> n1;
n2[label = "If_Then_Else"];
n20[label = "FarthestInsertion"];
n2 -> n20;
n21[label = "If_Then_Else"];
n210[label = "FarthestInsertion"];
n21 -> n210;
n211[label = "If_Then"];
n2110[label = "FarthestInsertion"];
n211 -> n2110;
n2111[label = "FarthestInsertion"];
n211 -> n2111;
n21 -> n211;
n212[label = "NearestFirstNode"];
n21 -> n212;
n2 -> n21;
n22[label = "NearestFirstNode"];
n2 -> n22;
n -> n2;
}


Generation: 13
Best Individual:
Subpopulation 0:
Evaluated: true
Fitness: Standardized=0.29531434 Adjusted=0.77201337 Hits=0
Tree 0:
digraph g {
node [shape=rectangle];
n[label = "If_Then_Else"];
n0[label = "FarthestInsertion"];
n -> n0;
n1[label = "If_Then_Else"];
n10[label = "FarthestInsertion"];
n1 -> n10;
n11[label = "If_Then_Else"];
n110[label = "FarthestInsertion"];
n11 -> n110;
n111[label = "If_Then"];
n1110[label = "FarthestInsertion"];
n111 -> n1110;
n1111[label = "FarthestInsertion"];
n111 -> n1111;
n11 -> n111;
n112[label = "NearestFirstNode"];
n11 -> n112;
n1 -> n11;
n12[label = "If_Then_Else"];
n120[label = "FarthestInsertion"];
n12 -> n120;
n121[label = "If_Then"];
n1210[label = "FarthestInsertion"];
n121 -> n1210;
n1211[label = "FarthestInsertion"];
n121 -> n1211;
n12 -> n121;
n122[label = "NearestFirstNode"];
n12 -> n122;
n1 -> n12;
n -> n1;
n2[label = "If_Then_Else"];
n20[label = "FarthestInsertion"];
n2 -> n20;
n21[label = "FarthestInsertion"];
n2 -> n21;
n22[label = "NearestFirstNode"];
n2 -> n22;
n -> n2;
}


Generation: 14
Best Individual:
Subpopulation 0:
Evaluated: true
Fitness: Standardized=0.29531434 Adjusted=0.77201337 Hits=0
Tree 0:
digraph g {
node [shape=rectangle];
n[label = "If_Then_Else"];
n0[label = "FarthestInsertion"];
n -> n0;
n1[label = "If_Then_Else"];
n10[label = "FarthestInsertion"];
n1 -> n10;
n11[label = "If_Then_Else"];
n110[label = "FarthestInsertion"];
n11 -> n110;
n111[label = "If_Then"];
n1110[label = "FarthestInsertion"];
n111 -> n1110;
n1111[label = "FarthestInsertion"];
n111 -> n1111;
n11 -> n111;
n112[label = "NearestFirstNode"];
n11 -> n112;
n1 -> n11;
n12[label = "NearestFirstNode"];
n1 -> n12;
n -> n1;
n2[label = "If_Then_Else"];
n20[label = "FarthestInsertion"];
n2 -> n20;
n21[label = "If_Then_Else"];
n210[label = "FarthestInsertion"];
n21 -> n210;
n211[label = "If_Then"];
n2110[label = "FarthestInsertion"];
n211 -> n2110;
n2111[label = "FarthestInsertion"];
n211 -> n2111;
n21 -> n211;
n212[label = "NearestFirstNode"];
n21 -> n212;
n2 -> n21;
n22[label = "NearestFirstNode"];
n2 -> n22;
n -> n2;
}


Generation: 15
Best Individual:
Subpopulation 0:
Evaluated: true
Fitness: Standardized=0.29531434 Adjusted=0.77201337 Hits=0
Tree 0:
digraph g {
node [shape=rectangle];
n[label = "If_Then_Else"];
n0[label = "FarthestInsertion"];
n -> n0;
n1[label = "If_Then_Else"];
n10[label = "FarthestInsertion"];
n1 -> n10;
n11[label = "If_Then_Else"];
n110[label = "FarthestInsertion"];
n11 -> n110;
n111[label = "If_Then"];
n1110[label = "FarthestInsertion"];
n111 -> n1110;
n1111[label = "FarthestInsertion"];
n111 -> n1111;
n11 -> n111;
n112[label = "NearestFirstNode"];
n11 -> n112;
n1 -> n11;
n12[label = "NearestFirstNode"];
n1 -> n12;
n -> n1;
n2[label = "If_Then_Else"];
n20[label = "FarthestInsertion"];
n2 -> n20;
n21[label = "If_Then_Else"];
n210[label = "FarthestInsertion"];
n21 -> n210;
n211[label = "If_Then"];
n2110[label = "FarthestInsertion"];
n211 -> n2110;
n2111[label = "FarthestInsertion"];
n211 -> n2111;
n21 -> n211;
n212[label = "NearestFirstNode"];
n21 -> n212;
n2 -> n21;
n22[label = "NearestFirstNode"];
n2 -> n22;
n -> n2;
}


Generation: 16
Best Individual:
Subpopulation 0:
Evaluated: true
Fitness: Standardized=0.29531434 Adjusted=0.77201337 Hits=0
Tree 0:
digraph g {
node [shape=rectangle];
n[label = "If_Then_Else"];
n0[label = "FarthestInsertion"];
n -> n0;
n1[label = "If_Then_Else"];
n10[label = "FarthestInsertion"];
n1 -> n10;
n11[label = "If_Then_Else"];
n110[label = "FarthestInsertion"];
n11 -> n110;
n111[label = "If_Then"];
n1110[label = "FarthestInsertion"];
n111 -> n1110;
n1111[label = "FarthestInsertion"];
n111 -> n1111;
n11 -> n111;
n112[label = "NearestFirstNode"];
n11 -> n112;
n1 -> n11;
n12[label = "NearestFirstNode"];
n1 -> n12;
n -> n1;
n2[label = "If_Then_Else"];
n20[label = "If_Then_Else"];
n200[label = "FarthestInsertion"];
n20 -> n200;
n201[label = "If_Then"];
n2010[label = "FarthestInsertion"];
n201 -> n2010;
n2011[label = "FarthestInsertion"];
n201 -> n2011;
n20 -> n201;
n202[label = "NearestFirstNode"];
n20 -> n202;
n2 -> n20;
n21[label = "If_Then"];
n210[label = "FarthestInsertion"];
n21 -> n210;
n211[label = "FarthestInsertion"];
n21 -> n211;
n2 -> n21;
n22[label = "NearestFirstNode"];
n2 -> n22;
n -> n2;
}


Generation: 17
Best Individual:
Subpopulation 0:
Evaluated: true
Fitness: Standardized=0.29531434 Adjusted=0.77201337 Hits=0
Tree 0:
digraph g {
node [shape=rectangle];
n[label = "If_Then_Else"];
n0[label = "FarthestInsertion"];
n -> n0;
n1[label = "If_Then_Else"];
n10[label = "FarthestInsertion"];
n1 -> n10;
n11[label = "If_Then_Else"];
n110[label = "FarthestInsertion"];
n11 -> n110;
n111[label = "If_Then"];
n1110[label = "FarthestInsertion"];
n111 -> n1110;
n1111[label = "FarthestInsertion"];
n111 -> n1111;
n11 -> n111;
n112[label = "NearestFirstNode"];
n11 -> n112;
n1 -> n11;
n12[label = "NearestFirstNode"];
n1 -> n12;
n -> n1;
n2[label = "If_Then_Else"];
n20[label = "If_Then_Else"];
n200[label = "FarthestInsertion"];
n20 -> n200;
n201[label = "If_Then"];
n2010[label = "FarthestInsertion"];
n201 -> n2010;
n2011[label = "FarthestInsertion"];
n201 -> n2011;
n20 -> n201;
n202[label = "NearestFirstNode"];
n20 -> n202;
n2 -> n20;
n21[label = "If_Then"];
n210[label = "FarthestInsertion"];
n21 -> n210;
n211[label = "FarthestInsertion"];
n21 -> n211;
n2 -> n21;
n22[label = "NearestFirstNode"];
n2 -> n22;
n -> n2;
}


Generation: 18
Best Individual:
Subpopulation 0:
Evaluated: true
Fitness: Standardized=0.29531434 Adjusted=0.77201337 Hits=0
Tree 0:
digraph g {
node [shape=rectangle];
n[label = "If_Then_Else"];
n0[label = "FarthestInsertion"];
n -> n0;
n1[label = "If_Then_Else"];
n10[label = "FarthestInsertion"];
n1 -> n10;
n11[label = "If_Then_Else"];
n110[label = "FarthestInsertion"];
n11 -> n110;
n111[label = "If_Then"];
n1110[label = "FarthestInsertion"];
n111 -> n1110;
n1111[label = "FarthestInsertion"];
n111 -> n1111;
n11 -> n111;
n112[label = "NearestFirstNode"];
n11 -> n112;
n1 -> n11;
n12[label = "NearestFirstNode"];
n1 -> n12;
n -> n1;
n2[label = "If_Then_Else"];
n20[label = "FarthestInsertion"];
n2 -> n20;
n21[label = "If_Then_Else"];
n210[label = "FarthestInsertion"];
n21 -> n210;
n211[label = "If_Then"];
n2110[label = "FarthestInsertion"];
n211 -> n2110;
n2111[label = "FarthestInsertion"];
n211 -> n2111;
n21 -> n211;
n212[label = "NearestFirstNode"];
n21 -> n212;
n2 -> n21;
n22[label = "NearestFirstNode"];
n2 -> n22;
n -> n2;
}


Generation: 19
Best Individual:
Subpopulation 0:
Evaluated: true
Fitness: Standardized=0.29531434 Adjusted=0.77201337 Hits=0
Tree 0:
digraph g {
node [shape=rectangle];
n[label = "If_Then_Else"];
n0[label = "FarthestInsertion"];
n -> n0;
n1[label = "If_Then_Else"];
n10[label = "FarthestInsertion"];
n1 -> n10;
n11[label = "If_Then_Else"];
n110[label = "FarthestInsertion"];
n11 -> n110;
n111[label = "If_Then"];
n1110[label = "FarthestInsertion"];
n111 -> n1110;
n1111[label = "FarthestInsertion"];
n111 -> n1111;
n11 -> n111;
n112[label = "NearestFirstNode"];
n11 -> n112;
n1 -> n11;
n12[label = "NearestFirstNode"];
n1 -> n12;
n -> n1;
n2[label = "If_Then_Else"];
n20[label = "FarthestInsertion"];
n2 -> n20;
n21[label = "If_Then_Else"];
n210[label = "BestMove"];
n21 -> n210;
n211[label = "CplexTerminal"];
n21 -> n211;
n212[label = "NearestFirstNode"];
n21 -> n212;
n2 -> n21;
n22[label = "NearestFirstNode"];
n2 -> n22;
n -> n2;
}


Generation: 20
Best Individual:
Subpopulation 0:
Evaluated: true
Fitness: Standardized=0.29531434 Adjusted=0.77201337 Hits=0
Tree 0:
digraph g {
node [shape=rectangle];
n[label = "If_Then_Else"];
n0[label = "FarthestInsertion"];
n -> n0;
n1[label = "If_Then_Else"];
n10[label = "FarthestInsertion"];
n1 -> n10;
n11[label = "If_Then_Else"];
n110[label = "FarthestInsertion"];
n11 -> n110;
n111[label = "If_Then"];
n1110[label = "FarthestInsertion"];
n111 -> n1110;
n1111[label = "FarthestInsertion"];
n111 -> n1111;
n11 -> n111;
n112[label = "NearestFirstNode"];
n11 -> n112;
n1 -> n11;
n12[label = "NearestFirstNode"];
n1 -> n12;
n -> n1;
n2[label = "If_Then_Else"];
n20[label = "FarthestInsertion"];
n2 -> n20;
n21[label = "If_Then_Else"];
n210[label = "BestMove"];
n21 -> n210;
n211[label = "CplexTerminal"];
n21 -> n211;
n212[label = "NearestFirstNode"];
n21 -> n212;
n2 -> n21;
n22[label = "NearestFirstNode"];
n2 -> n22;
n -> n2;
}


Generation: 21
Best Individual:
Subpopulation 0:
Evaluated: true
Fitness: Standardized=0.29531434 Adjusted=0.77201337 Hits=0
Tree 0:
digraph g {
node [shape=rectangle];
n[label = "If_Then_Else"];
n0[label = "FarthestInsertion"];
n -> n0;
n1[label = "If_Then_Else"];
n10[label = "FarthestFirstNode"];
n1 -> n10;
n11[label = "If_Then_Else"];
n110[label = "FarthestInsertion"];
n11 -> n110;
n111[label = "If_Then"];
n1110[label = "FarthestInsertion"];
n111 -> n1110;
n1111[label = "FarthestInsertion"];
n111 -> n1111;
n11 -> n111;
n112[label = "NearestFirstNode"];
n11 -> n112;
n1 -> n11;
n12[label = "NearestFirstNode"];
n1 -> n12;
n -> n1;
n2[label = "If_Then_Else"];
n20[label = "FarthestInsertion"];
n2 -> n20;
n21[label = "NearestInsertion"];
n2 -> n21;
n22[label = "NearestFirstNode"];
n2 -> n22;
n -> n2;
}


Generation: 22
Best Individual:
Subpopulation 0:
Evaluated: true
Fitness: Standardized=0.29531434 Adjusted=0.77201337 Hits=0
Tree 0:
digraph g {
node [shape=rectangle];
n[label = "If_Then_Else"];
n0[label = "FarthestInsertion"];
n -> n0;
n1[label = "If_Then_Else"];
n10[label = "FarthestFirstNode"];
n1 -> n10;
n11[label = "If_Then_Else"];
n110[label = "FarthestInsertion"];
n11 -> n110;
n111[label = "If_Then"];
n1110[label = "FarthestInsertion"];
n111 -> n1110;
n1111[label = "FarthestInsertion"];
n111 -> n1111;
n11 -> n111;
n112[label = "NearestFirstNode"];
n11 -> n112;
n1 -> n11;
n12[label = "NearestFirstNode"];
n1 -> n12;
n -> n1;
n2[label = "If_Then_Else"];
n20[label = "If_Then"];
n200[label = "FarthestInsertion"];
n20 -> n200;
n201[label = "FarthestInsertion"];
n20 -> n201;
n2 -> n20;
n21[label = "NearestInsertion"];
n2 -> n21;
n22[label = "NearestFirstNode"];
n2 -> n22;
n -> n2;
}


Generation: 23
Best Individual:
Subpopulation 0:
Evaluated: true
Fitness: Standardized=0.29531434 Adjusted=0.77201337 Hits=0
Tree 0:
digraph g {
node [shape=rectangle];
n[label = "If_Then_Else"];
n0[label = "FarthestInsertion"];
n -> n0;
n1[label = "If_Then_Else"];
n10[label = "FarthestInsertion"];
n1 -> n10;
n11[label = "If_Then_Else"];
n110[label = "FarthestInsertion"];
n11 -> n110;
n111[label = "If_Then"];
n1110[label = "FarthestInsertion"];
n111 -> n1110;
n1111[label = "FarthestInsertion"];
n111 -> n1111;
n11 -> n111;
n112[label = "NearestFirstNode"];
n11 -> n112;
n1 -> n11;
n12[label = "NearestFirstNode"];
n1 -> n12;
n -> n1;
n2[label = "If_Then_Else"];
n20[label = "If_Then"];
n200[label = "FarthestInsertion"];
n20 -> n200;
n201[label = "FarthestInsertion"];
n20 -> n201;
n2 -> n20;
n21[label = "If_Then_Else"];
n210[label = "NearestInsertion"];
n21 -> n210;
n211[label = "CplexTerminal"];
n21 -> n211;
n212[label = "NearestFirstNode"];
n21 -> n212;
n2 -> n21;
n22[label = "NearestFirstNode"];
n2 -> n22;
n -> n2;
}


Generation: 24
Best Individual:
Subpopulation 0:
Evaluated: true
Fitness: Standardized=0.29531434 Adjusted=0.77201337 Hits=0
Tree 0:
digraph g {
node [shape=rectangle];
n[label = "If_Then_Else"];
n0[label = "FarthestInsertion"];
n -> n0;
n1[label = "If_Then_Else"];
n10[label = "FarthestInsertion"];
n1 -> n10;
n11[label = "If_Then_Else"];
n110[label = "FarthestInsertion"];
n11 -> n110;
n111[label = "If_Then"];
n1110[label = "FarthestInsertion"];
n111 -> n1110;
n1111[label = "FarthestInsertion"];
n111 -> n1111;
n11 -> n111;
n112[label = "NearestFirstNode"];
n11 -> n112;
n1 -> n11;
n12[label = "NearestFirstNode"];
n1 -> n12;
n -> n1;
n2[label = "If_Then_Else"];
n20[label = "If_Then"];
n200[label = "FarthestInsertion"];
n20 -> n200;
n201[label = "FarthestInsertion"];
n20 -> n201;
n2 -> n20;
n21[label = "If_Then_Else"];
n210[label = "FarthestNeighbor"];
n21 -> n210;
n211[label = "CplexTerminal"];
n21 -> n211;
n212[label = "CplexTerminal"];
n21 -> n212;
n2 -> n21;
n22[label = "NearestFirstNode"];
n2 -> n22;
n -> n2;
}


Generation: 25
Best Individual:
Subpopulation 0:
Evaluated: true
Fitness: Standardized=0.29531434 Adjusted=0.77201337 Hits=0
Tree 0:
digraph g {
node [shape=rectangle];
n[label = "If_Then_Else"];
n0[label = "FarthestInsertion"];
n -> n0;
n1[label = "If_Then_Else"];
n10[label = "FarthestInsertion"];
n1 -> n10;
n11[label = "If_Then_Else"];
n110[label = "FarthestInsertion"];
n11 -> n110;
n111[label = "If_Then_Else"];
n1110[label = "FarthestInsertion"];
n111 -> n1110;
n1111[label = "FarthestInsertion"];
n111 -> n1111;
n1112[label = "NearestFirstNode"];
n111 -> n1112;
n11 -> n111;
n112[label = "NearestFirstNode"];
n11 -> n112;
n1 -> n11;
n12[label = "NearestFirstNode"];
n1 -> n12;
n -> n1;
n2[label = "If_Then_Else"];
n20[label = "If_Then"];
n200[label = "FarthestInsertion"];
n20 -> n200;
n201[label = "FarthestInsertion"];
n20 -> n201;
n2 -> n20;
n21[label = "If_Then_Else"];
n210[label = "FarthestNeighbor"];
n21 -> n210;
n211[label = "CplexTerminal"];
n21 -> n211;
n212[label = "NearestNeighbor"];
n21 -> n212;
n2 -> n21;
n22[label = "NearestFirstNode"];
n2 -> n22;
n -> n2;
}


Generation: 26
Best Individual:
Subpopulation 0:
Evaluated: true
Fitness: Standardized=0.29531434 Adjusted=0.77201337 Hits=0
Tree 0:
digraph g {
node [shape=rectangle];
n[label = "If_Then_Else"];
n0[label = "FarthestInsertion"];
n -> n0;
n1[label = "If_Then_Else"];
n10[label = "FarthestInsertion"];
n1 -> n10;
n11[label = "If_Then_Else"];
n110[label = "FarthestInsertion"];
n11 -> n110;
n111[label = "If_Then"];
n1110[label = "FarthestInsertion"];
n111 -> n1110;
n1111[label = "FarthestInsertion"];
n111 -> n1111;
n11 -> n111;
n112[label = "NearestFirstNode"];
n11 -> n112;
n1 -> n11;
n12[label = "NearestFirstNode"];
n1 -> n12;
n -> n1;
n2[label = "If_Then_Else"];
n20[label = "If_Then"];
n200[label = "FarthestInsertion"];
n20 -> n200;
n201[label = "FarthestInsertion"];
n20 -> n201;
n2 -> n20;
n21[label = "If_Then_Else"];
n210[label = "NearestInsertion"];
n21 -> n210;
n211[label = "CplexTerminal"];
n21 -> n211;
n212[label = "If_Then"];
n2120[label = "NearestFirstNode"];
n212 -> n2120;
n2121[label = "BestMove"];
n212 -> n2121;
n21 -> n212;
n2 -> n21;
n22[label = "NearestFirstNode"];
n2 -> n22;
n -> n2;
}


Generation: 27
Best Individual:
Subpopulation 0:
Evaluated: true
Fitness: Standardized=0.29531434 Adjusted=0.77201337 Hits=0
Tree 0:
digraph g {
node [shape=rectangle];
n[label = "If_Then_Else"];
n0[label = "FarthestInsertion"];
n -> n0;
n1[label = "If_Then_Else"];
n10[label = "FarthestInsertion"];
n1 -> n10;
n11[label = "If_Then_Else"];
n110[label = "FarthestInsertion"];
n11 -> n110;
n111[label = "If_Then"];
n1110[label = "FarthestInsertion"];
n111 -> n1110;
n1111[label = "FarthestInsertion"];
n111 -> n1111;
n11 -> n111;
n112[label = "NearestFirstNode"];
n11 -> n112;
n1 -> n11;
n12[label = "NearestFirstNode"];
n1 -> n12;
n -> n1;
n2[label = "If_Then_Else"];
n20[label = "FarthestInsertion"];
n2 -> n20;
n21[label = "If_Then"];
n210[label = "FarthestInsertion"];
n21 -> n210;
n211[label = "FarthestInsertion"];
n21 -> n211;
n2 -> n21;
n22[label = "NearestFirstNode"];
n2 -> n22;
n -> n2;
}


Generation: 28
Best Individual:
Subpopulation 0:
Evaluated: true
Fitness: Standardized=0.29531434 Adjusted=0.77201337 Hits=0
Tree 0:
digraph g {
node [shape=rectangle];
n[label = "If_Then_Else"];
n0[label = "FarthestInsertion"];
n -> n0;
n1[label = "If_Then_Else"];
n10[label = "FarthestInsertion"];
n1 -> n10;
n11[label = "If_Then_Else"];
n110[label = "FarthestInsertion"];
n11 -> n110;
n111[label = "If_Then_Else"];
n1110[label = "FarthestInsertion"];
n111 -> n1110;
n1111[label = "FarthestInsertion"];
n111 -> n1111;
n1112[label = "NearestFirstNode"];
n111 -> n1112;
n11 -> n111;
n112[label = "NearestFirstNode"];
n11 -> n112;
n1 -> n11;
n12[label = "NearestFirstNode"];
n1 -> n12;
n -> n1;
n2[label = "If_Then_Else"];
n20[label = "FarthestInsertion"];
n2 -> n20;
n21[label = "If_Then"];
n210[label = "FarthestInsertion"];
n21 -> n210;
n211[label = "FarthestInsertion"];
n21 -> n211;
n2 -> n21;
n22[label = "NearestFirstNode"];
n2 -> n22;
n -> n2;
}


Generation: 29
Best Individual:
Subpopulation 0:
Evaluated: true
Fitness: Standardized=0.29531434 Adjusted=0.77201337 Hits=0
Tree 0:
digraph g {
node [shape=rectangle];
n[label = "If_Then_Else"];
n0[label = "FarthestInsertion"];
n -> n0;
n1[label = "If_Then_Else"];
n10[label = "FarthestInsertion"];
n1 -> n10;
n11[label = "If_Then_Else"];
n110[label = "FarthestInsertion"];
n11 -> n110;
n111[label = "If_Then"];
n1110[label = "FarthestInsertion"];
n111 -> n1110;
n1111[label = "FarthestInsertion"];
n111 -> n1111;
n11 -> n111;
n112[label = "NearestFirstNode"];
n11 -> n112;
n1 -> n11;
n12[label = "NearestFirstNode"];
n1 -> n12;
n -> n1;
n2[label = "If_Then_Else"];
n20[label = "FarthestInsertion"];
n2 -> n20;
n21[label = "If_Then_Else"];
n210[label = "FarthestInsertion"];
n21 -> n210;
n211[label = "If_Then"];
n2110[label = "FarthestInsertion"];
n211 -> n2110;
n2111[label = "FarthestInsertion"];
n211 -> n2111;
n21 -> n211;
n212[label = "NearestFirstNode"];
n21 -> n212;
n2 -> n21;
n22[label = "NearestFirstNode"];
n2 -> n22;
n -> n2;
}


Generation: 30
Best Individual:
Subpopulation 0:
Evaluated: true
Fitness: Standardized=0.29531434 Adjusted=0.77201337 Hits=0
Tree 0:
digraph g {
node [shape=rectangle];
n[label = "If_Then_Else"];
n0[label = "FarthestInsertion"];
n -> n0;
n1[label = "If_Then_Else"];
n10[label = "FarthestInsertion"];
n1 -> n10;
n11[label = "If_Then_Else"];
n110[label = "FarthestInsertion"];
n11 -> n110;
n111[label = "If_Then"];
n1110[label = "FarthestInsertion"];
n111 -> n1110;
n1111[label = "FarthestInsertion"];
n111 -> n1111;
n11 -> n111;
n112[label = "NearestFirstNode"];
n11 -> n112;
n1 -> n11;
n12[label = "NearestFirstNode"];
n1 -> n12;
n -> n1;
n2[label = "If_Then_Else"];
n20[label = "WorstMove"];
n2 -> n20;
n21[label = "If_Then_Else"];
n210[label = "NearestNeighbor"];
n21 -> n210;
n211[label = "NearestNeighbor"];
n21 -> n211;
n212[label = "CplexTerminal"];
n21 -> n212;
n2 -> n21;
n22[label = "Equal"];
n220[label = "FarthestFirstNode"];
n22 -> n220;
n221[label = "CplexTerminal"];
n22 -> n221;
n2 -> n22;
n -> n2;
}


Generation: 31
Best Individual:
Subpopulation 0:
Evaluated: true
Fitness: Standardized=0.29531434 Adjusted=0.77201337 Hits=0
Tree 0:
digraph g {
node [shape=rectangle];
n[label = "If_Then_Else"];
n0[label = "FarthestInsertion"];
n -> n0;
n1[label = "If_Then_Else"];
n10[label = "FarthestInsertion"];
n1 -> n10;
n11[label = "If_Then_Else"];
n110[label = "FarthestInsertion"];
n11 -> n110;
n111[label = "If_Then"];
n1110[label = "FarthestInsertion"];
n111 -> n1110;
n1111[label = "FarthestInsertion"];
n111 -> n1111;
n11 -> n111;
n112[label = "NearestFirstNode"];
n11 -> n112;
n1 -> n11;
n12[label = "NearestFirstNode"];
n1 -> n12;
n -> n1;
n2[label = "If_Then_Else"];
n20[label = "WorstMove"];
n2 -> n20;
n21[label = "If_Then_Else"];
n210[label = "NearestNeighbor"];
n21 -> n210;
n211[label = "NearestNeighbor"];
n21 -> n211;
n212[label = "CplexTerminal"];
n21 -> n212;
n2 -> n21;
n22[label = "Equal"];
n220[label = "FarthestFirstNode"];
n22 -> n220;
n221[label = "CplexTerminal"];
n22 -> n221;
n2 -> n22;
n -> n2;
}


Generation: 32
Best Individual:
Subpopulation 0:
Evaluated: true
Fitness: Standardized=0.29531434 Adjusted=0.77201337 Hits=0
Tree 0:
digraph g {
node [shape=rectangle];
n[label = "If_Then_Else"];
n0[label = "FarthestInsertion"];
n -> n0;
n1[label = "If_Then_Else"];
n10[label = "FarthestInsertion"];
n1 -> n10;
n11[label = "If_Then_Else"];
n110[label = "FarthestInsertion"];
n11 -> n110;
n111[label = "If_Then"];
n1110[label = "FarthestInsertion"];
n111 -> n1110;
n1111[label = "FarthestInsertion"];
n111 -> n1111;
n11 -> n111;
n112[label = "NearestFirstNode"];
n11 -> n112;
n1 -> n11;
n12[label = "NearestFirstNode"];
n1 -> n12;
n -> n1;
n2[label = "If_Then_Else"];
n20[label = "If_Then"];
n200[label = "FarthestInsertion"];
n20 -> n200;
n201[label = "FarthestInsertion"];
n20 -> n201;
n2 -> n20;
n21[label = "If_Then_Else"];
n210[label = "FarthestNeighbor"];
n21 -> n210;
n211[label = "NearestFirstNode"];
n21 -> n211;
n212[label = "NearestFirstNode"];
n21 -> n212;
n2 -> n21;
n22[label = "NearestFirstNode"];
n2 -> n22;
n -> n2;
}


Generation: 33
Best Individual:
Subpopulation 0:
Evaluated: true
Fitness: Standardized=0.29531434 Adjusted=0.77201337 Hits=0
Tree 0:
digraph g {
node [shape=rectangle];
n[label = "If_Then_Else"];
n0[label = "FarthestInsertion"];
n -> n0;
n1[label = "If_Then_Else"];
n10[label = "FarthestInsertion"];
n1 -> n10;
n11[label = "If_Then_Else"];
n110[label = "FarthestInsertion"];
n11 -> n110;
n111[label = "If_Then_Else"];
n1110[label = "FarthestInsertion"];
n111 -> n1110;
n1111[label = "FarthestInsertion"];
n111 -> n1111;
n1112[label = "NearestFirstNode"];
n111 -> n1112;
n11 -> n111;
n112[label = "NearestFirstNode"];
n11 -> n112;
n1 -> n11;
n12[label = "NearestFirstNode"];
n1 -> n12;
n -> n1;
n2[label = "If_Then_Else"];
n20[label = "FarthestInsertion"];
n2 -> n20;
n21[label = "If_Then"];
n210[label = "FarthestInsertion"];
n21 -> n210;
n211[label = "FarthestInsertion"];
n21 -> n211;
n2 -> n21;
n22[label = "If_Then_Else"];
n220[label = "FarthestInsertion"];
n22 -> n220;
n221[label = "If_Then"];
n2210[label = "FarthestInsertion"];
n221 -> n2210;
n2211[label = "FarthestInsertion"];
n221 -> n2211;
n22 -> n221;
n222[label = "NearestFirstNode"];
n22 -> n222;
n2 -> n22;
n -> n2;
}


Generation: 34
Best Individual:
Subpopulation 0:
Evaluated: true
Fitness: Standardized=0.29531434 Adjusted=0.77201337 Hits=0
Tree 0:
digraph g {
node [shape=rectangle];
n[label = "If_Then_Else"];
n0[label = "FarthestInsertion"];
n -> n0;
n1[label = "If_Then_Else"];
n10[label = "FarthestInsertion"];
n1 -> n10;
n11[label = "If_Then_Else"];
n110[label = "FarthestInsertion"];
n11 -> n110;
n111[label = "If_Then"];
n1110[label = "FarthestInsertion"];
n111 -> n1110;
n1111[label = "FarthestInsertion"];
n111 -> n1111;
n11 -> n111;
n112[label = "NearestFirstNode"];
n11 -> n112;
n1 -> n11;
n12[label = "NearestFirstNode"];
n1 -> n12;
n -> n1;
n2[label = "If_Then_Else"];
n20[label = "FarthestInsertion"];
n2 -> n20;
n21[label = "If_Then_Else"];
n210[label = "FarthestNeighbor"];
n21 -> n210;
n211[label = "NearestFirstNode"];
n21 -> n211;
n212[label = "NearestFirstNode"];
n21 -> n212;
n2 -> n21;
n22[label = "NearestFirstNode"];
n2 -> n22;
n -> n2;
}


Generation: 35
Best Individual:
Subpopulation 0:
Evaluated: true
Fitness: Standardized=0.28886938 Adjusted=0.77587384 Hits=0
Tree 0:
digraph g {
node [shape=rectangle];
n[label = "If_Then_Else"];
n0[label = "If_Then_Else"];
n00[label = "NearestNeighbor"];
n0 -> n00;
n01[label = "NearestNeighbor"];
n0 -> n01;
n02[label = "CplexTerminal"];
n0 -> n02;
n -> n0;
n1[label = "If_Then_Else"];
n10[label = "FarthestInsertion"];
n1 -> n10;
n11[label = "If_Then_Else"];
n110[label = "FarthestInsertion"];
n11 -> n110;
n111[label = "If_Then"];
n1110[label = "FarthestInsertion"];
n111 -> n1110;
n1111[label = "FarthestInsertion"];
n111 -> n1111;
n11 -> n111;
n112[label = "NearestFirstNode"];
n11 -> n112;
n1 -> n11;
n12[label = "NearestFirstNode"];
n1 -> n12;
n -> n1;
n2[label = "FarthestInsertion"];
n -> n2;
}


Generation: 36
Best Individual:
Subpopulation 0:
Evaluated: true
Fitness: Standardized=0.28886938 Adjusted=0.77587384 Hits=0
Tree 0:
digraph g {
node [shape=rectangle];
n[label = "If_Then_Else"];
n0[label = "If_Then_Else"];
n00[label = "NearestNeighbor"];
n0 -> n00;
n01[label = "NearestNeighbor"];
n0 -> n01;
n02[label = "CplexTerminal"];
n0 -> n02;
n -> n0;
n1[label = "If_Then_Else"];
n10[label = "FarthestInsertion"];
n1 -> n10;
n11[label = "If_Then_Else"];
n110[label = "FarthestInsertion"];
n11 -> n110;
n111[label = "If_Then"];
n1110[label = "FarthestInsertion"];
n111 -> n1110;
n1111[label = "FarthestInsertion"];
n111 -> n1111;
n11 -> n111;
n112[label = "NearestFirstNode"];
n11 -> n112;
n1 -> n11;
n12[label = "NearestFirstNode"];
n1 -> n12;
n -> n1;
n2[label = "If_Then_Else"];
n20[label = "While"];
n200[label = "BestMove"];
n20 -> n200;
n201[label = "If_Then"];
n2010[label = "FarthestNeighbor"];
n201 -> n2010;
n2011[label = "WorstMove"];
n201 -> n2011;
n20 -> n201;
n2 -> n20;
n21[label = "FarthestNeighbor"];
n2 -> n21;
n22[label = "NearestFirstNode"];
n2 -> n22;
n -> n2;
}


Generation: 37
Best Individual:
Subpopulation 0:
Evaluated: true
Fitness: Standardized=0.28440526 Adjusted=0.7785705 Hits=0
Tree 0:
digraph g {
node [shape=rectangle];
n[label = "If_Then_Else"];
n0[label = "NearestNeighbor"];
n -> n0;
n1[label = "If_Then_Else"];
n10[label = "FarthestInsertion"];
n1 -> n10;
n11[label = "If_Then_Else"];
n110[label = "FarthestInsertion"];
n11 -> n110;
n111[label = "If_Then"];
n1110[label = "FarthestInsertion"];
n111 -> n1110;
n1111[label = "FarthestInsertion"];
n111 -> n1111;
n11 -> n111;
n112[label = "NearestFirstNode"];
n11 -> n112;
n1 -> n11;
n12[label = "NearestFirstNode"];
n1 -> n12;
n -> n1;
n2[label = "If_Then_Else"];
n20[label = "While"];
n200[label = "BestMove"];
n20 -> n200;
n201[label = "If_Then"];
n2010[label = "FarthestNeighbor"];
n201 -> n2010;
n2011[label = "WorstMove"];
n201 -> n2011;
n20 -> n201;
n2 -> n20;
n21[label = "FarthestNeighbor"];
n2 -> n21;
n22[label = "NearestFirstNode"];
n2 -> n22;
n -> n2;
}


Generation: 38
Best Individual:
Subpopulation 0:
Evaluated: true
Fitness: Standardized=0.28440526 Adjusted=0.7785705 Hits=0
Tree 0:
digraph g {
node [shape=rectangle];
n[label = "If_Then_Else"];
n0[label = "NearestNeighbor"];
n -> n0;
n1[label = "If_Then_Else"];
n10[label = "FarthestInsertion"];
n1 -> n10;
n11[label = "If_Then_Else"];
n110[label = "FarthestInsertion"];
n11 -> n110;
n111[label = "If_Then"];
n1110[label = "FarthestInsertion"];
n111 -> n1110;
n1111[label = "FarthestInsertion"];
n111 -> n1111;
n11 -> n111;
n112[label = "NearestFirstNode"];
n11 -> n112;
n1 -> n11;
n12[label = "NearestFirstNode"];
n1 -> n12;
n -> n1;
n2[label = "If_Then_Else"];
n20[label = "While"];
n200[label = "BestMove"];
n20 -> n200;
n201[label = "If_Then"];
n2010[label = "FarthestNeighbor"];
n201 -> n2010;
n2011[label = "WorstMove"];
n201 -> n2011;
n20 -> n201;
n2 -> n20;
n21[label = "FarthestNeighbor"];
n2 -> n21;
n22[label = "NearestFirstNode"];
n2 -> n22;
n -> n2;
}


Generation: 39
Best Individual:
Subpopulation 0:
Evaluated: true
Fitness: Standardized=0.28440526 Adjusted=0.7785705 Hits=0
Tree 0:
digraph g {
node [shape=rectangle];
n[label = "If_Then_Else"];
n0[label = "NearestNeighbor"];
n -> n0;
n1[label = "If_Then_Else"];
n10[label = "FarthestInsertion"];
n1 -> n10;
n11[label = "If_Then_Else"];
n110[label = "FarthestInsertion"];
n11 -> n110;
n111[label = "If_Then"];
n1110[label = "FarthestInsertion"];
n111 -> n1110;
n1111[label = "FarthestInsertion"];
n111 -> n1111;
n11 -> n111;
n112[label = "NearestFirstNode"];
n11 -> n112;
n1 -> n11;
n12[label = "NearestFirstNode"];
n1 -> n12;
n -> n1;
n2[label = "If_Then_Else"];
n20[label = "FarthestNeighbor"];
n2 -> n20;
n21[label = "FarthestNeighbor"];
n2 -> n21;
n22[label = "NearestFirstNode"];
n2 -> n22;
n -> n2;
}


Generation: 40
Best Individual:
Subpopulation 0:
Evaluated: true
Fitness: Standardized=0.28440526 Adjusted=0.7785705 Hits=0
Tree 0:
digraph g {
node [shape=rectangle];
n[label = "If_Then_Else"];
n0[label = "NearestNeighbor"];
n -> n0;
n1[label = "If_Then_Else"];
n10[label = "FarthestInsertion"];
n1 -> n10;
n11[label = "If_Then_Else"];
n110[label = "FarthestInsertion"];
n11 -> n110;
n111[label = "If_Then"];
n1110[label = "FarthestInsertion"];
n111 -> n1110;
n1111[label = "FarthestInsertion"];
n111 -> n1111;
n11 -> n111;
n112[label = "NearestFirstNode"];
n11 -> n112;
n1 -> n11;
n12[label = "NearestFirstNode"];
n1 -> n12;
n -> n1;
n2[label = "If_Then_Else"];
n20[label = "FarthestInsertion"];
n2 -> n20;
n21[label = "If_Then_Else"];
n210[label = "FarthestInsertion"];
n21 -> n210;
n211[label = "If_Then"];
n2110[label = "FarthestInsertion"];
n211 -> n2110;
n2111[label = "FarthestInsertion"];
n211 -> n2111;
n21 -> n211;
n212[label = "NearestFirstNode"];
n21 -> n212;
n2 -> n21;
n22[label = "NearestFirstNode"];
n2 -> n22;
n -> n2;
}


Generation: 41
Best Individual:
Subpopulation 0:
Evaluated: true
Fitness: Standardized=0.28440526 Adjusted=0.7785705 Hits=0
Tree 0:
digraph g {
node [shape=rectangle];
n[label = "If_Then_Else"];
n0[label = "NearestNeighbor"];
n -> n0;
n1[label = "If_Then_Else"];
n10[label = "FarthestInsertion"];
n1 -> n10;
n11[label = "If_Then_Else"];
n110[label = "FarthestInsertion"];
n11 -> n110;
n111[label = "If_Then"];
n1110[label = "FarthestInsertion"];
n111 -> n1110;
n1111[label = "FarthestInsertion"];
n111 -> n1111;
n11 -> n111;
n112[label = "NearestFirstNode"];
n11 -> n112;
n1 -> n11;
n12[label = "NearestFirstNode"];
n1 -> n12;
n -> n1;
n2[label = "If_Then"];
n20[label = "FarthestInsertion"];
n2 -> n20;
n21[label = "FarthestInsertion"];
n2 -> n21;
n -> n2;
}


Generation: 42
Best Individual:
Subpopulation 0:
Evaluated: true
Fitness: Standardized=0.28440526 Adjusted=0.7785705 Hits=0
Tree 0:
digraph g {
node [shape=rectangle];
n[label = "If_Then_Else"];
n0[label = "NearestNeighbor"];
n -> n0;
n1[label = "If_Then_Else"];
n10[label = "FarthestInsertion"];
n1 -> n10;
n11[label = "If_Then_Else"];
n110[label = "FarthestInsertion"];
n11 -> n110;
n111[label = "If_Then"];
n1110[label = "FarthestInsertion"];
n111 -> n1110;
n1111[label = "FarthestInsertion"];
n111 -> n1111;
n11 -> n111;
n112[label = "NearestFirstNode"];
n11 -> n112;
n1 -> n11;
n12[label = "BestMove"];
n1 -> n12;
n -> n1;
n2[label = "If_Then_Else"];
n20[label = "While"];
n200[label = "BestMove"];
n20 -> n200;
n201[label = "If_Then"];
n2010[label = "FarthestNeighbor"];
n201 -> n2010;
n2011[label = "WorstMove"];
n201 -> n2011;
n20 -> n201;
n2 -> n20;
n21[label = "FarthestNeighbor"];
n2 -> n21;
n22[label = "NearestFirstNode"];
n2 -> n22;
n -> n2;
}


Generation: 43
Best Individual:
Subpopulation 0:
Evaluated: true
Fitness: Standardized=0.28440526 Adjusted=0.7785705 Hits=0
Tree 0:
digraph g {
node [shape=rectangle];
n[label = "If_Then_Else"];
n0[label = "NearestFirstNode"];
n -> n0;
n1[label = "If_Then_Else"];
n10[label = "FarthestInsertion"];
n1 -> n10;
n11[label = "If_Then_Else"];
n110[label = "FarthestInsertion"];
n11 -> n110;
n111[label = "If_Then"];
n1110[label = "FarthestInsertion"];
n111 -> n1110;
n1111[label = "FarthestInsertion"];
n111 -> n1111;
n11 -> n111;
n112[label = "NearestFirstNode"];
n11 -> n112;
n1 -> n11;
n12[label = "NearestFirstNode"];
n1 -> n12;
n -> n1;
n2[label = "If_Then_Else"];
n20[label = "While"];
n200[label = "BestMove"];
n20 -> n200;
n201[label = "If_Then"];
n2010[label = "FarthestNeighbor"];
n201 -> n2010;
n2011[label = "WorstMove"];
n201 -> n2011;
n20 -> n201;
n2 -> n20;
n21[label = "FarthestNeighbor"];
n2 -> n21;
n22[label = "NearestFirstNode"];
n2 -> n22;
n -> n2;
}


Generation: 44
Best Individual:
Subpopulation 0:
Evaluated: true
Fitness: Standardized=0.28440526 Adjusted=0.7785705 Hits=0
Tree 0:
digraph g {
node [shape=rectangle];
n[label = "If_Then_Else"];
n0[label = "NearestNeighbor"];
n -> n0;
n1[label = "If_Then_Else"];
n10[label = "FarthestInsertion"];
n1 -> n10;
n11[label = "If_Then_Else"];
n110[label = "FarthestInsertion"];
n11 -> n110;
n111[label = "If_Then"];
n1110[label = "FarthestInsertion"];
n111 -> n1110;
n1111[label = "FarthestInsertion"];
n111 -> n1111;
n11 -> n111;
n112[label = "NearestFirstNode"];
n11 -> n112;
n1 -> n11;
n12[label = "NearestFirstNode"];
n1 -> n12;
n -> n1;
n2[label = "And"];
n20[label = "FarthestNeighbor"];
n2 -> n20;
n21[label = "FarthestNeighbor"];
n2 -> n21;
n -> n2;
}


Generation: 45
Best Individual:
Subpopulation 0:
Evaluated: true
Fitness: Standardized=0.28440526 Adjusted=0.7785705 Hits=0
Tree 0:
digraph g {
node [shape=rectangle];
n[label = "If_Then_Else"];
n0[label = "NearestNeighbor"];
n -> n0;
n1[label = "If_Then_Else"];
n10[label = "FarthestInsertion"];
n1 -> n10;
n11[label = "If_Then_Else"];
n110[label = "FarthestInsertion"];
n11 -> n110;
n111[label = "If_Then"];
n1110[label = "FarthestInsertion"];
n111 -> n1110;
n1111[label = "FarthestInsertion"];
n111 -> n1111;
n11 -> n111;
n112[label = "If_Then"];
n1120[label = "FarthestInsertion"];
n112 -> n1120;
n1121[label = "FarthestInsertion"];
n112 -> n1121;
n11 -> n112;
n1 -> n11;
n12[label = "NearestFirstNode"];
n1 -> n12;
n -> n1;
n2[label = "If_Then"];
n20[label = "FarthestInsertion"];
n2 -> n20;
n21[label = "FarthestInsertion"];
n2 -> n21;
n -> n2;
}


Generation: 46
Best Individual:
Subpopulation 0:
Evaluated: true
Fitness: Standardized=0.28440526 Adjusted=0.7785705 Hits=0
Tree 0:
digraph g {
node [shape=rectangle];
n[label = "If_Then_Else"];
n0[label = "NearestNeighbor"];
n -> n0;
n1[label = "If_Then_Else"];
n10[label = "FarthestInsertion"];
n1 -> n10;
n11[label = "If_Then_Else"];
n110[label = "FarthestInsertion"];
n11 -> n110;
n111[label = "If_Then"];
n1110[label = "FarthestInsertion"];
n111 -> n1110;
n1111[label = "FarthestInsertion"];
n111 -> n1111;
n11 -> n111;
n112[label = "NearestFirstNode"];
n11 -> n112;
n1 -> n11;
n12[label = "NearestFirstNode"];
n1 -> n12;
n -> n1;
n2[label = "If_Then_Else"];
n20[label = "NearestNeighbor"];
n2 -> n20;
n21[label = "If_Then_Else"];
n210[label = "FarthestInsertion"];
n21 -> n210;
n211[label = "If_Then_Else"];
n2110[label = "FarthestInsertion"];
n211 -> n2110;
n2111[label = "FarthestInsertion"];
n211 -> n2111;
n2112[label = "NearestFirstNode"];
n211 -> n2112;
n21 -> n211;
n212[label = "NearestFirstNode"];
n21 -> n212;
n2 -> n21;
n22[label = "If_Then_Else"];
n220[label = "FarthestInsertion"];
n22 -> n220;
n221[label = "If_Then_Else"];
n2210[label = "FarthestInsertion"];
n221 -> n2210;
n2211[label = "FarthestInsertion"];
n221 -> n2211;
n2212[label = "NearestFirstNode"];
n221 -> n2212;
n22 -> n221;
n222[label = "NearestFirstNode"];
n22 -> n222;
n2 -> n22;
n -> n2;
}


Generation: 47
Best Individual:
Subpopulation 0:
Evaluated: true
Fitness: Standardized=0.28440526 Adjusted=0.7785705 Hits=0
Tree 0:
digraph g {
node [shape=rectangle];
n[label = "If_Then_Else"];
n0[label = "NearestNeighbor"];
n -> n0;
n1[label = "If_Then_Else"];
n10[label = "FarthestInsertion"];
n1 -> n10;
n11[label = "If_Then_Else"];
n110[label = "FarthestInsertion"];
n11 -> n110;
n111[label = "If_Then"];
n1110[label = "FarthestInsertion"];
n111 -> n1110;
n1111[label = "FarthestInsertion"];
n111 -> n1111;
n11 -> n111;
n112[label = "NearestFirstNode"];
n11 -> n112;
n1 -> n11;
n12[label = "NearestFirstNode"];
n1 -> n12;
n -> n1;
n2[label = "If_Then_Else"];
n20[label = "While"];
n200[label = "BestMove"];
n20 -> n200;
n201[label = "FarthestInsertion"];
n20 -> n201;
n2 -> n20;
n21[label = "FarthestNeighbor"];
n2 -> n21;
n22[label = "NearestFirstNode"];
n2 -> n22;
n -> n2;
}


Generation: 48
Best Individual:
Subpopulation 0:
Evaluated: true
Fitness: Standardized=0.28440526 Adjusted=0.7785705 Hits=0
Tree 0:
digraph g {
node [shape=rectangle];
n[label = "If_Then_Else"];
n0[label = "NearestNeighbor"];
n -> n0;
n1[label = "If_Then_Else"];
n10[label = "FarthestInsertion"];
n1 -> n10;
n11[label = "If_Then_Else"];
n110[label = "FarthestInsertion"];
n11 -> n110;
n111[label = "If_Then"];
n1110[label = "FarthestInsertion"];
n111 -> n1110;
n1111[label = "FarthestInsertion"];
n111 -> n1111;
n11 -> n111;
n112[label = "NearestFirstNode"];
n11 -> n112;
n1 -> n11;
n12[label = "NearestFirstNode"];
n1 -> n12;
n -> n1;
n2[label = "If_Then_Else"];
n20[label = "FarthestInsertion"];
n2 -> n20;
n21[label = "If_Then"];
n210[label = "FarthestInsertion"];
n21 -> n210;
n211[label = "FarthestInsertion"];
n21 -> n211;
n2 -> n21;
n22[label = "NearestFirstNode"];
n2 -> n22;
n -> n2;
}


Generation: 49
Best Individual:
Subpopulation 0:
Evaluated: true
Fitness: Standardized=0.28440526 Adjusted=0.7785705 Hits=0
Tree 0:
digraph g {
node [shape=rectangle];
n[label = "If_Then_Else"];
n0[label = "NearestNeighbor"];
n -> n0;
n1[label = "If_Then_Else"];
n10[label = "FarthestInsertion"];
n1 -> n10;
n11[label = "If_Then_Else"];
n110[label = "FarthestInsertion"];
n11 -> n110;
n111[label = "If_Then"];
n1110[label = "FarthestInsertion"];
n111 -> n1110;
n1111[label = "FarthestInsertion"];
n111 -> n1111;
n11 -> n111;
n112[label = "NearestFirstNode"];
n11 -> n112;
n1 -> n11;
n12[label = "NearestFirstNode"];
n1 -> n12;
n -> n1;
n2[label = "If_Then_Else"];
n20[label = "FarthestInsertion"];
n2 -> n20;
n21[label = "If_Then_Else"];
n210[label = "FarthestInsertion"];
n21 -> n210;
n211[label = "If_Then"];
n2110[label = "FarthestInsertion"];
n211 -> n2110;
n2111[label = "FarthestInsertion"];
n211 -> n2111;
n21 -> n211;
n212[label = "NearestFirstNode"];
n21 -> n212;
n2 -> n21;
n22[label = "NearestFirstNode"];
n2 -> n22;
n -> n2;
}


Generation: 50
Best Individual:
Subpopulation 0:
Evaluated: true
Fitness: Standardized=0.28440526 Adjusted=0.7785705 Hits=0
Tree 0:
digraph g {
node [shape=rectangle];
n[label = "If_Then_Else"];
n0[label = "NearestNeighbor"];
n -> n0;
n1[label = "If_Then_Else"];
n10[label = "FarthestInsertion"];
n1 -> n10;
n11[label = "If_Then_Else"];
n110[label = "FarthestInsertion"];
n11 -> n110;
n111[label = "If_Then"];
n1110[label = "FarthestInsertion"];
n111 -> n1110;
n1111[label = "FarthestInsertion"];
n111 -> n1111;
n11 -> n111;
n112[label = "If_Then"];
n1120[label = "FarthestInsertion"];
n112 -> n1120;
n1121[label = "FarthestInsertion"];
n112 -> n1121;
n11 -> n112;
n1 -> n11;
n12[label = "NearestFirstNode"];
n1 -> n12;
n -> n1;
n2[label = "If_Then_Else"];
n20[label = "FarthestInsertion"];
n2 -> n20;
n21[label = "NearestFirstNode"];
n2 -> n21;
n22[label = "NearestFirstNode"];
n2 -> n22;
n -> n2;
}


Generation: 51
Best Individual:
Subpopulation 0:
Evaluated: true
Fitness: Standardized=0.28440526 Adjusted=0.7785705 Hits=0
Tree 0:
digraph g {
node [shape=rectangle];
n[label = "If_Then_Else"];
n0[label = "NearestNeighbor"];
n -> n0;
n1[label = "If_Then_Else"];
n10[label = "FarthestInsertion"];
n1 -> n10;
n11[label = "If_Then_Else"];
n110[label = "FarthestInsertion"];
n11 -> n110;
n111[label = "If_Then"];
n1110[label = "FarthestInsertion"];
n111 -> n1110;
n1111[label = "FarthestInsertion"];
n111 -> n1111;
n11 -> n111;
n112[label = "NearestFirstNode"];
n11 -> n112;
n1 -> n11;
n12[label = "NearestFirstNode"];
n1 -> n12;
n -> n1;
n2[label = "If_Then_Else"];
n20[label = "FarthestInsertion"];
n2 -> n20;
n21[label = "If_Then_Else"];
n210[label = "FarthestInsertion"];
n21 -> n210;
n211[label = "If_Then"];
n2110[label = "FarthestInsertion"];
n211 -> n2110;
n2111[label = "FarthestInsertion"];
n211 -> n2111;
n21 -> n211;
n212[label = "NearestFirstNode"];
n21 -> n212;
n2 -> n21;
n22[label = "NearestFirstNode"];
n2 -> n22;
n -> n2;
}


Generation: 52
Best Individual:
Subpopulation 0:
Evaluated: true
Fitness: Standardized=0.28440526 Adjusted=0.7785705 Hits=0
Tree 0:
digraph g {
node [shape=rectangle];
n[label = "If_Then_Else"];
n0[label = "NearestNeighbor"];
n -> n0;
n1[label = "If_Then_Else"];
n10[label = "FarthestInsertion"];
n1 -> n10;
n11[label = "If_Then_Else"];
n110[label = "FarthestNeighbor"];
n11 -> n110;
n111[label = "If_Then"];
n1110[label = "FarthestInsertion"];
n111 -> n1110;
n1111[label = "FarthestInsertion"];
n111 -> n1111;
n11 -> n111;
n112[label = "NearestFirstNode"];
n11 -> n112;
n1 -> n11;
n12[label = "NearestFirstNode"];
n1 -> n12;
n -> n1;
n2[label = "If_Then_Else"];
n20[label = "FarthestInsertion"];
n2 -> n20;
n21[label = "If_Then_Else"];
n210[label = "FarthestInsertion"];
n21 -> n210;
n211[label = "If_Then"];
n2110[label = "FarthestInsertion"];
n211 -> n2110;
n2111[label = "FarthestInsertion"];
n211 -> n2111;
n21 -> n211;
n212[label = "NearestFirstNode"];
n21 -> n212;
n2 -> n21;
n22[label = "NearestFirstNode"];
n2 -> n22;
n -> n2;
}


Generation: 53
Best Individual:
Subpopulation 0:
Evaluated: true
Fitness: Standardized=0.28440526 Adjusted=0.7785705 Hits=0
Tree 0:
digraph g {
node [shape=rectangle];
n[label = "If_Then_Else"];
n0[label = "NearestNeighbor"];
n -> n0;
n1[label = "If_Then_Else"];
n10[label = "FarthestInsertion"];
n1 -> n10;
n11[label = "If_Then_Else"];
n110[label = "FarthestInsertion"];
n11 -> n110;
n111[label = "If_Then"];
n1110[label = "FarthestInsertion"];
n111 -> n1110;
n1111[label = "FarthestInsertion"];
n111 -> n1111;
n11 -> n111;
n112[label = "NearestFirstNode"];
n11 -> n112;
n1 -> n11;
n12[label = "NearestFirstNode"];
n1 -> n12;
n -> n1;
n2[label = "If_Then_Else"];
n20[label = "FarthestInsertion"];
n2 -> n20;
n21[label = "If_Then_Else"];
n210[label = "FarthestInsertion"];
n21 -> n210;
n211[label = "If_Then"];
n2110[label = "FarthestInsertion"];
n211 -> n2110;
n2111[label = "FarthestInsertion"];
n211 -> n2111;
n21 -> n211;
n212[label = "NearestFirstNode"];
n21 -> n212;
n2 -> n21;
n22[label = "NearestFirstNode"];
n2 -> n22;
n -> n2;
}


Generation: 54
Best Individual:
Subpopulation 0:
Evaluated: true
Fitness: Standardized=0.28440526 Adjusted=0.7785705 Hits=0
Tree 0:
digraph g {
node [shape=rectangle];
n[label = "If_Then_Else"];
n0[label = "NearestNeighbor"];
n -> n0;
n1[label = "If_Then_Else"];
n10[label = "FarthestInsertion"];
n1 -> n10;
n11[label = "If_Then_Else"];
n110[label = "FarthestNeighbor"];
n11 -> n110;
n111[label = "If_Then"];
n1110[label = "FarthestInsertion"];
n111 -> n1110;
n1111[label = "FarthestInsertion"];
n111 -> n1111;
n11 -> n111;
n112[label = "NearestFirstNode"];
n11 -> n112;
n1 -> n11;
n12[label = "NearestFirstNode"];
n1 -> n12;
n -> n1;
n2[label = "If_Then_Else"];
n20[label = "FarthestInsertion"];
n2 -> n20;
n21[label = "If_Then_Else"];
n210[label = "FarthestInsertion"];
n21 -> n210;
n211[label = "If_Then"];
n2110[label = "FarthestInsertion"];
n211 -> n2110;
n2111[label = "FarthestInsertion"];
n211 -> n2111;
n21 -> n211;
n212[label = "NearestFirstNode"];
n21 -> n212;
n2 -> n21;
n22[label = "NearestFirstNode"];
n2 -> n22;
n -> n2;
}


Generation: 55
Best Individual:
Subpopulation 0:
Evaluated: true
Fitness: Standardized=0.28440526 Adjusted=0.7785705 Hits=0
Tree 0:
digraph g {
node [shape=rectangle];
n[label = "If_Then_Else"];
n0[label = "NearestNeighbor"];
n -> n0;
n1[label = "If_Then_Else"];
n10[label = "FarthestInsertion"];
n1 -> n10;
n11[label = "If_Then_Else"];
n110[label = "FarthestInsertion"];
n11 -> n110;
n111[label = "If_Then"];
n1110[label = "FarthestInsertion"];
n111 -> n1110;
n1111[label = "FarthestInsertion"];
n111 -> n1111;
n11 -> n111;
n112[label = "NearestFirstNode"];
n11 -> n112;
n1 -> n11;
n12[label = "NearestFirstNode"];
n1 -> n12;
n -> n1;
n2[label = "If_Then_Else"];
n20[label = "FarthestInsertion"];
n2 -> n20;
n21[label = "If_Then_Else"];
n210[label = "FarthestInsertion"];
n21 -> n210;
n211[label = "And"];
n2110[label = "FarthestInsertion"];
n211 -> n2110;
n2111[label = "FarthestInsertion"];
n211 -> n2111;
n21 -> n211;
n212[label = "NearestFirstNode"];
n21 -> n212;
n2 -> n21;
n22[label = "NearestFirstNode"];
n2 -> n22;
n -> n2;
}


Generation: 56
Best Individual:
Subpopulation 0:
Evaluated: true
Fitness: Standardized=0.28440526 Adjusted=0.7785705 Hits=0
Tree 0:
digraph g {
node [shape=rectangle];
n[label = "If_Then_Else"];
n0[label = "NearestNeighbor"];
n -> n0;
n1[label = "If_Then_Else"];
n10[label = "FarthestInsertion"];
n1 -> n10;
n11[label = "If_Then_Else"];
n110[label = "FarthestNeighbor"];
n11 -> n110;
n111[label = "If_Then"];
n1110[label = "FarthestInsertion"];
n111 -> n1110;
n1111[label = "FarthestInsertion"];
n111 -> n1111;
n11 -> n111;
n112[label = "NearestFirstNode"];
n11 -> n112;
n1 -> n11;
n12[label = "NearestFirstNode"];
n1 -> n12;
n -> n1;
n2[label = "If_Then_Else"];
n20[label = "FarthestInsertion"];
n2 -> n20;
n21[label = "And"];
n210[label = "FarthestInsertion"];
n21 -> n210;
n211[label = "FarthestInsertion"];
n21 -> n211;
n2 -> n21;
n22[label = "NearestFirstNode"];
n2 -> n22;
n -> n2;
}


Generation: 57
Best Individual:
Subpopulation 0:
Evaluated: true
Fitness: Standardized=0.28440526 Adjusted=0.7785705 Hits=0
Tree 0:
digraph g {
node [shape=rectangle];
n[label = "If_Then_Else"];
n0[label = "NearestNeighbor"];
n -> n0;
n1[label = "If_Then_Else"];
n10[label = "FarthestInsertion"];
n1 -> n10;
n11[label = "If_Then_Else"];
n110[label = "FarthestInsertion"];
n11 -> n110;
n111[label = "If_Then"];
n1110[label = "FarthestInsertion"];
n111 -> n1110;
n1111[label = "FarthestInsertion"];
n111 -> n1111;
n11 -> n111;
n112[label = "NearestFirstNode"];
n11 -> n112;
n1 -> n11;
n12[label = "NearestFirstNode"];
n1 -> n12;
n -> n1;
n2[label = "If_Then_Else"];
n20[label = "NearestNeighbor"];
n2 -> n20;
n21[label = "If_Then_Else"];
n210[label = "FarthestInsertion"];
n21 -> n210;
n211[label = "If_Then"];
n2110[label = "FarthestInsertion"];
n211 -> n2110;
n2111[label = "WorstMove"];
n211 -> n2111;
n21 -> n211;
n212[label = "NearestFirstNode"];
n21 -> n212;
n2 -> n21;
n22[label = "NearestFirstNode"];
n2 -> n22;
n -> n2;
}


Generation: 58
Best Individual:
Subpopulation 0:
Evaluated: true
Fitness: Standardized=0.28440526 Adjusted=0.7785705 Hits=0
Tree 0:
digraph g {
node [shape=rectangle];
n[label = "If_Then_Else"];
n0[label = "NearestNeighbor"];
n -> n0;
n1[label = "If_Then_Else"];
n10[label = "FarthestInsertion"];
n1 -> n10;
n11[label = "If_Then_Else"];
n110[label = "FarthestInsertion"];
n11 -> n110;
n111[label = "If_Then"];
n1110[label = "FarthestInsertion"];
n111 -> n1110;
n1111[label = "FarthestInsertion"];
n111 -> n1111;
n11 -> n111;
n112[label = "NearestFirstNode"];
n11 -> n112;
n1 -> n11;
n12[label = "NearestFirstNode"];
n1 -> n12;
n -> n1;
n2[label = "If_Then_Else"];
n20[label = "NearestNeighbor"];
n2 -> n20;
n21[label = "If_Then_Else"];
n210[label = "FarthestInsertion"];
n21 -> n210;
n211[label = "If_Then"];
n2110[label = "FarthestInsertion"];
n211 -> n2110;
n2111[label = "WorstMove"];
n211 -> n2111;
n21 -> n211;
n212[label = "NearestFirstNode"];
n21 -> n212;
n2 -> n21;
n22[label = "NearestFirstNode"];
n2 -> n22;
n -> n2;
}


Generation: 59
Best Individual:
Subpopulation 0:
Evaluated: true
Fitness: Standardized=0.28440526 Adjusted=0.7785705 Hits=0
Tree 0:
digraph g {
node [shape=rectangle];
n[label = "If_Then_Else"];
n0[label = "NearestNeighbor"];
n -> n0;
n1[label = "If_Then_Else"];
n10[label = "FarthestInsertion"];
n1 -> n10;
n11[label = "If_Then_Else"];
n110[label = "FarthestNeighbor"];
n11 -> n110;
n111[label = "If_Then"];
n1110[label = "FarthestInsertion"];
n111 -> n1110;
n1111[label = "FarthestInsertion"];
n111 -> n1111;
n11 -> n111;
n112[label = "NearestFirstNode"];
n11 -> n112;
n1 -> n11;
n12[label = "NearestFirstNode"];
n1 -> n12;
n -> n1;
n2[label = "If_Then_Else"];
n20[label = "FarthestInsertion"];
n2 -> n20;
n21[label = "And"];
n210[label = "FarthestInsertion"];
n21 -> n210;
n211[label = "FarthestInsertion"];
n21 -> n211;
n2 -> n21;
n22[label = "NearestFirstNode"];
n2 -> n22;
n -> n2;
}


Generation: 60
Best Individual:
Subpopulation 0:
Evaluated: true
Fitness: Standardized=0.28440526 Adjusted=0.7785705 Hits=0
Tree 0:
digraph g {
node [shape=rectangle];
n[label = "If_Then_Else"];
n0[label = "NearestNeighbor"];
n -> n0;
n1[label = "If_Then_Else"];
n10[label = "FarthestInsertion"];
n1 -> n10;
n11[label = "If_Then_Else"];
n110[label = "FarthestInsertion"];
n11 -> n110;
n111[label = "If_Then"];
n1110[label = "FarthestInsertion"];
n111 -> n1110;
n1111[label = "FarthestInsertion"];
n111 -> n1111;
n11 -> n111;
n112[label = "NearestFirstNode"];
n11 -> n112;
n1 -> n11;
n12[label = "NearestFirstNode"];
n1 -> n12;
n -> n1;
n2[label = "FarthestInsertion"];
n -> n2;
}


Generation: 61
Best Individual:
Subpopulation 0:
Evaluated: true
Fitness: Standardized=0.28440526 Adjusted=0.7785705 Hits=0
Tree 0:
digraph g {
node [shape=rectangle];
n[label = "If_Then_Else"];
n0[label = "NearestNeighbor"];
n -> n0;
n1[label = "If_Then_Else"];
n10[label = "FarthestInsertion"];
n1 -> n10;
n11[label = "If_Then_Else"];
n110[label = "FarthestInsertion"];
n11 -> n110;
n111[label = "If_Then"];
n1110[label = "FarthestInsertion"];
n111 -> n1110;
n1111[label = "FarthestInsertion"];
n111 -> n1111;
n11 -> n111;
n112[label = "NearestFirstNode"];
n11 -> n112;
n1 -> n11;
n12[label = "NearestFirstNode"];
n1 -> n12;
n -> n1;
n2[label = "If_Then_Else"];
n20[label = "FarthestInsertion"];
n2 -> n20;
n21[label = "If_Then_Else"];
n210[label = "FarthestInsertion"];
n21 -> n210;
n211[label = "And"];
n2110[label = "FarthestInsertion"];
n211 -> n2110;
n2111[label = "FarthestInsertion"];
n211 -> n2111;
n21 -> n211;
n212[label = "NearestFirstNode"];
n21 -> n212;
n2 -> n21;
n22[label = "NearestFirstNode"];
n2 -> n22;
n -> n2;
}


Generation: 62
Best Individual:
Subpopulation 0:
Evaluated: true
Fitness: Standardized=0.28440526 Adjusted=0.7785705 Hits=0
Tree 0:
digraph g {
node [shape=rectangle];
n[label = "If_Then_Else"];
n0[label = "NearestNeighbor"];
n -> n0;
n1[label = "If_Then_Else"];
n10[label = "FarthestInsertion"];
n1 -> n10;
n11[label = "If_Then_Else"];
n110[label = "FarthestInsertion"];
n11 -> n110;
n111[label = "If_Then"];
n1110[label = "FarthestInsertion"];
n111 -> n1110;
n1111[label = "FarthestInsertion"];
n111 -> n1111;
n11 -> n111;
n112[label = "NearestFirstNode"];
n11 -> n112;
n1 -> n11;
n12[label = "NearestFirstNode"];
n1 -> n12;
n -> n1;
n2[label = "If_Then_Else"];
n20[label = "FarthestInsertion"];
n2 -> n20;
n21[label = "If_Then_Else"];
n210[label = "FarthestInsertion"];
n21 -> n210;
n211[label = "And"];
n2110[label = "FarthestInsertion"];
n211 -> n2110;
n2111[label = "FarthestInsertion"];
n211 -> n2111;
n21 -> n211;
n212[label = "NearestFirstNode"];
n21 -> n212;
n2 -> n21;
n22[label = "NearestFirstNode"];
n2 -> n22;
n -> n2;
}


Generation: 63
Best Individual:
Subpopulation 0:
Evaluated: true
Fitness: Standardized=0.28440526 Adjusted=0.7785705 Hits=0
Tree 0:
digraph g {
node [shape=rectangle];
n[label = "If_Then_Else"];
n0[label = "NearestNeighbor"];
n -> n0;
n1[label = "If_Then_Else"];
n10[label = "FarthestInsertion"];
n1 -> n10;
n11[label = "If_Then_Else"];
n110[label = "FarthestNeighbor"];
n11 -> n110;
n111[label = "If_Then"];
n1110[label = "FarthestInsertion"];
n111 -> n1110;
n1111[label = "FarthestInsertion"];
n111 -> n1111;
n11 -> n111;
n112[label = "NearestFirstNode"];
n11 -> n112;
n1 -> n11;
n12[label = "NearestFirstNode"];
n1 -> n12;
n -> n1;
n2[label = "If_Then_Else"];
n20[label = "FarthestNeighbor"];
n2 -> n20;
n21[label = "If_Then_Else"];
n210[label = "FarthestInsertion"];
n21 -> n210;
n211[label = "If_Then"];
n2110[label = "FarthestInsertion"];
n211 -> n2110;
n2111[label = "FarthestInsertion"];
n211 -> n2111;
n21 -> n211;
n212[label = "NearestFirstNode"];
n21 -> n212;
n2 -> n21;
n22[label = "NearestFirstNode"];
n2 -> n22;
n -> n2;
}


Generation: 64
Best Individual:
Subpopulation 0:
Evaluated: true
Fitness: Standardized=0.28440526 Adjusted=0.7785705 Hits=0
Tree 0:
digraph g {
node [shape=rectangle];
n[label = "If_Then_Else"];
n0[label = "NearestNeighbor"];
n -> n0;
n1[label = "If_Then_Else"];
n10[label = "FarthestInsertion"];
n1 -> n10;
n11[label = "If_Then_Else"];
n110[label = "FarthestNeighbor"];
n11 -> n110;
n111[label = "If_Then"];
n1110[label = "FarthestInsertion"];
n111 -> n1110;
n1111[label = "FarthestInsertion"];
n111 -> n1111;
n11 -> n111;
n112[label = "NearestFirstNode"];
n11 -> n112;
n1 -> n11;
n12[label = "NearestFirstNode"];
n1 -> n12;
n -> n1;
n2[label = "If_Then_Else"];
n20[label = "FarthestNeighbor"];
n2 -> n20;
n21[label = "If_Then_Else"];
n210[label = "FarthestInsertion"];
n21 -> n210;
n211[label = "If_Then"];
n2110[label = "FarthestInsertion"];
n211 -> n2110;
n2111[label = "FarthestInsertion"];
n211 -> n2111;
n21 -> n211;
n212[label = "NearestFirstNode"];
n21 -> n212;
n2 -> n21;
n22[label = "NearestFirstNode"];
n2 -> n22;
n -> n2;
}


Generation: 65
Best Individual:
Subpopulation 0:
Evaluated: true
Fitness: Standardized=0.28440526 Adjusted=0.7785705 Hits=0
Tree 0:
digraph g {
node [shape=rectangle];
n[label = "If_Then_Else"];
n0[label = "NearestNeighbor"];
n -> n0;
n1[label = "If_Then_Else"];
n10[label = "FarthestInsertion"];
n1 -> n10;
n11[label = "If_Then_Else"];
n110[label = "FarthestInsertion"];
n11 -> n110;
n111[label = "If_Then"];
n1110[label = "FarthestInsertion"];
n111 -> n1110;
n1111[label = "FarthestInsertion"];
n111 -> n1111;
n11 -> n111;
n112[label = "NearestFirstNode"];
n11 -> n112;
n1 -> n11;
n12[label = "NearestFirstNode"];
n1 -> n12;
n -> n1;
n2[label = "FarthestInsertion"];
n -> n2;
}


Generation: 66
Best Individual:
Subpopulation 0:
Evaluated: true
Fitness: Standardized=0.28440526 Adjusted=0.7785705 Hits=0
Tree 0:
digraph g {
node [shape=rectangle];
n[label = "If_Then_Else"];
n0[label = "NearestNeighbor"];
n -> n0;
n1[label = "If_Then_Else"];
n10[label = "FarthestInsertion"];
n1 -> n10;
n11[label = "If_Then_Else"];
n110[label = "FarthestNeighbor"];
n11 -> n110;
n111[label = "If_Then"];
n1110[label = "FarthestInsertion"];
n111 -> n1110;
n1111[label = "FarthestInsertion"];
n111 -> n1111;
n11 -> n111;
n112[label = "NearestFirstNode"];
n11 -> n112;
n1 -> n11;
n12[label = "NearestFirstNode"];
n1 -> n12;
n -> n1;
n2[label = "If_Then_Else"];
n20[label = "FarthestNeighbor"];
n2 -> n20;
n21[label = "If_Then_Else"];
n210[label = "FarthestInsertion"];
n21 -> n210;
n211[label = "If_Then"];
n2110[label = "FarthestInsertion"];
n211 -> n2110;
n2111[label = "FarthestInsertion"];
n211 -> n2111;
n21 -> n211;
n212[label = "And"];
n2120[label = "FarthestInsertion"];
n212 -> n2120;
n2121[label = "FarthestInsertion"];
n212 -> n2121;
n21 -> n212;
n2 -> n21;
n22[label = "NearestFirstNode"];
n2 -> n22;
n -> n2;
}


Generation: 67
Best Individual:
Subpopulation 0:
Evaluated: true
Fitness: Standardized=0.28440526 Adjusted=0.7785705 Hits=0
Tree 0:
digraph g {
node [shape=rectangle];
n[label = "If_Then_Else"];
n0[label = "NearestNeighbor"];
n -> n0;
n1[label = "If_Then_Else"];
n10[label = "FarthestInsertion"];
n1 -> n10;
n11[label = "If_Then_Else"];
n110[label = "FarthestNeighbor"];
n11 -> n110;
n111[label = "If_Then"];
n1110[label = "FarthestInsertion"];
n111 -> n1110;
n1111[label = "FarthestInsertion"];
n111 -> n1111;
n11 -> n111;
n112[label = "NearestFirstNode"];
n11 -> n112;
n1 -> n11;
n12[label = "NearestFirstNode"];
n1 -> n12;
n -> n1;
n2[label = "If_Then_Else"];
n20[label = "FarthestNeighbor"];
n2 -> n20;
n21[label = "If_Then_Else"];
n210[label = "FarthestInsertion"];
n21 -> n210;
n211[label = "If_Then"];
n2110[label = "FarthestInsertion"];
n211 -> n2110;
n2111[label = "FarthestInsertion"];
n211 -> n2111;
n21 -> n211;
n212[label = "And"];
n2120[label = "FarthestInsertion"];
n212 -> n2120;
n2121[label = "FarthestInsertion"];
n212 -> n2121;
n21 -> n212;
n2 -> n21;
n22[label = "NearestFirstNode"];
n2 -> n22;
n -> n2;
}


Generation: 68
Best Individual:
Subpopulation 0:
Evaluated: true
Fitness: Standardized=0.28440526 Adjusted=0.7785705 Hits=0
Tree 0:
digraph g {
node [shape=rectangle];
n[label = "If_Then_Else"];
n0[label = "NearestNeighbor"];
n -> n0;
n1[label = "If_Then_Else"];
n10[label = "FarthestInsertion"];
n1 -> n10;
n11[label = "If_Then_Else"];
n110[label = "FarthestNeighbor"];
n11 -> n110;
n111[label = "If_Then"];
n1110[label = "FarthestInsertion"];
n111 -> n1110;
n1111[label = "FarthestInsertion"];
n111 -> n1111;
n11 -> n111;
n112[label = "NearestFirstNode"];
n11 -> n112;
n1 -> n11;
n12[label = "NearestFirstNode"];
n1 -> n12;
n -> n1;
n2[label = "If_Then_Else"];
n20[label = "FarthestNeighbor"];
n2 -> n20;
n21[label = "If_Then_Else"];
n210[label = "FarthestInsertion"];
n21 -> n210;
n211[label = "If_Then"];
n2110[label = "FarthestInsertion"];
n211 -> n2110;
n2111[label = "FarthestInsertion"];
n211 -> n2111;
n21 -> n211;
n212[label = "And"];
n2120[label = "NearestFirstNode"];
n212 -> n2120;
n2121[label = "FarthestInsertion"];
n212 -> n2121;
n21 -> n212;
n2 -> n21;
n22[label = "NearestFirstNode"];
n2 -> n22;
n -> n2;
}


Generation: 69
Best Individual:
Subpopulation 0:
Evaluated: true
Fitness: Standardized=0.28440526 Adjusted=0.7785705 Hits=0
Tree 0:
digraph g {
node [shape=rectangle];
n[label = "If_Then_Else"];
n0[label = "NearestNeighbor"];
n -> n0;
n1[label = "If_Then_Else"];
n10[label = "FarthestInsertion"];
n1 -> n10;
n11[label = "If_Then_Else"];
n110[label = "FarthestNeighbor"];
n11 -> n110;
n111[label = "If_Then"];
n1110[label = "FarthestInsertion"];
n111 -> n1110;
n1111[label = "FarthestInsertion"];
n111 -> n1111;
n11 -> n111;
n112[label = "NearestFirstNode"];
n11 -> n112;
n1 -> n11;
n12[label = "NearestFirstNode"];
n1 -> n12;
n -> n1;
n2[label = "If_Then_Else"];
n20[label = "FarthestNeighbor"];
n2 -> n20;
n21[label = "If_Then_Else"];
n210[label = "FarthestInsertion"];
n21 -> n210;
n211[label = "If_Then"];
n2110[label = "FarthestInsertion"];
n211 -> n2110;
n2111[label = "FarthestInsertion"];
n211 -> n2111;
n21 -> n211;
n212[label = "While"];
n2120[label = "WorstMove"];
n212 -> n2120;
n2121[label = "FarthestInsertion"];
n212 -> n2121;
n21 -> n212;
n2 -> n21;
n22[label = "NearestFirstNode"];
n2 -> n22;
n -> n2;
}


Generation: 70
Best Individual:
Subpopulation 0:
Evaluated: true
Fitness: Standardized=0.28440526 Adjusted=0.7785705 Hits=0
Tree 0:
digraph g {
node [shape=rectangle];
n[label = "If_Then_Else"];
n0[label = "NearestNeighbor"];
n -> n0;
n1[label = "If_Then_Else"];
n10[label = "FarthestInsertion"];
n1 -> n10;
n11[label = "If_Then_Else"];
n110[label = "FarthestInsertion"];
n11 -> n110;
n111[label = "If_Then"];
n1110[label = "FarthestInsertion"];
n111 -> n1110;
n1111[label = "FarthestInsertion"];
n111 -> n1111;
n11 -> n111;
n112[label = "NearestFirstNode"];
n11 -> n112;
n1 -> n11;
n12[label = "And"];
n120[label = "FarthestInsertion"];
n12 -> n120;
n121[label = "FarthestInsertion"];
n12 -> n121;
n1 -> n12;
n -> n1;
n2[label = "If_Then_Else"];
n20[label = "FarthestNeighbor"];
n2 -> n20;
n21[label = "If_Then_Else"];
n210[label = "FarthestInsertion"];
n21 -> n210;
n211[label = "If_Then"];
n2110[label = "FarthestInsertion"];
n211 -> n2110;
n2111[label = "FarthestInsertion"];
n211 -> n2111;
n21 -> n211;
n212[label = "NearestFirstNode"];
n21 -> n212;
n2 -> n21;
n22[label = "NearestFirstNode"];
n2 -> n22;
n -> n2;
}


Generation: 71
Best Individual:
Subpopulation 0:
Evaluated: true
Fitness: Standardized=0.28440526 Adjusted=0.7785705 Hits=0
Tree 0:
digraph g {
node [shape=rectangle];
n[label = "If_Then_Else"];
n0[label = "NearestNeighbor"];
n -> n0;
n1[label = "If_Then_Else"];
n10[label = "FarthestInsertion"];
n1 -> n10;
n11[label = "If_Then_Else"];
n110[label = "FarthestNeighbor"];
n11 -> n110;
n111[label = "If_Then"];
n1110[label = "FarthestInsertion"];
n111 -> n1110;
n1111[label = "FarthestInsertion"];
n111 -> n1111;
n11 -> n111;
n112[label = "NearestFirstNode"];
n11 -> n112;
n1 -> n11;
n12[label = "NearestFirstNode"];
n1 -> n12;
n -> n1;
n2[label = "If_Then_Else"];
n20[label = "FarthestNeighbor"];
n2 -> n20;
n21[label = "If_Then"];
n210[label = "FarthestInsertion"];
n21 -> n210;
n211[label = "FarthestInsertion"];
n21 -> n211;
n2 -> n21;
n22[label = "NearestFirstNode"];
n2 -> n22;
n -> n2;
}


Generation: 72
Best Individual:
Subpopulation 0:
Evaluated: true
Fitness: Standardized=0.28440526 Adjusted=0.7785705 Hits=0
Tree 0:
digraph g {
node [shape=rectangle];
n[label = "If_Then_Else"];
n0[label = "NearestNeighbor"];
n -> n0;
n1[label = "If_Then_Else"];
n10[label = "FarthestInsertion"];
n1 -> n10;
n11[label = "If_Then_Else"];
n110[label = "FarthestNeighbor"];
n11 -> n110;
n111[label = "If_Then"];
n1110[label = "FarthestInsertion"];
n111 -> n1110;
n1111[label = "FarthestInsertion"];
n111 -> n1111;
n11 -> n111;
n112[label = "NearestFirstNode"];
n11 -> n112;
n1 -> n11;
n12[label = "And"];
n120[label = "FarthestInsertion"];
n12 -> n120;
n121[label = "FarthestInsertion"];
n12 -> n121;
n1 -> n12;
n -> n1;
n2[label = "If_Then_Else"];
n20[label = "FarthestNeighbor"];
n2 -> n20;
n21[label = "FarthestInsertion"];
n2 -> n21;
n22[label = "NearestFirstNode"];
n2 -> n22;
n -> n2;
}


Generation: 73
Best Individual:
Subpopulation 0:
Evaluated: true
Fitness: Standardized=0.28440526 Adjusted=0.7785705 Hits=0
Tree 0:
digraph g {
node [shape=rectangle];
n[label = "If_Then_Else"];
n0[label = "NearestNeighbor"];
n -> n0;
n1[label = "If_Then_Else"];
n10[label = "FarthestInsertion"];
n1 -> n10;
n11[label = "If_Then_Else"];
n110[label = "FarthestNeighbor"];
n11 -> n110;
n111[label = "If_Then"];
n1110[label = "FarthestInsertion"];
n111 -> n1110;
n1111[label = "FarthestInsertion"];
n111 -> n1111;
n11 -> n111;
n112[label = "NearestFirstNode"];
n11 -> n112;
n1 -> n11;
n12[label = "NearestFirstNode"];
n1 -> n12;
n -> n1;
n2[label = "If_Then"];
n20[label = "FarthestInsertion"];
n2 -> n20;
n21[label = "FarthestInsertion"];
n2 -> n21;
n -> n2;
}


Generation: 74
Best Individual:
Subpopulation 0:
Evaluated: true
Fitness: Standardized=0.28440526 Adjusted=0.7785705 Hits=0
Tree 0:
digraph g {
node [shape=rectangle];
n[label = "If_Then_Else"];
n0[label = "NearestNeighbor"];
n -> n0;
n1[label = "If_Then_Else"];
n10[label = "FarthestInsertion"];
n1 -> n10;
n11[label = "If_Then_Else"];
n110[label = "FarthestNeighbor"];
n11 -> n110;
n111[label = "And"];
n1110[label = "FarthestInsertion"];
n111 -> n1110;
n1111[label = "FarthestInsertion"];
n111 -> n1111;
n11 -> n111;
n112[label = "NearestFirstNode"];
n11 -> n112;
n1 -> n11;
n12[label = "And"];
n120[label = "FarthestInsertion"];
n12 -> n120;
n121[label = "FarthestInsertion"];
n12 -> n121;
n1 -> n12;
n -> n1;
n2[label = "If_Then_Else"];
n20[label = "FarthestNeighbor"];
n2 -> n20;
n21[label = "FarthestInsertion"];
n2 -> n21;
n22[label = "NearestFirstNode"];
n2 -> n22;
n -> n2;
}


Generation: 75
Best Individual:
Subpopulation 0:
Evaluated: true
Fitness: Standardized=0.28440526 Adjusted=0.7785705 Hits=0
Tree 0:
digraph g {
node [shape=rectangle];
n[label = "If_Then_Else"];
n0[label = "NearestNeighbor"];
n -> n0;
n1[label = "If_Then_Else"];
n10[label = "FarthestInsertion"];
n1 -> n10;
n11[label = "If_Then_Else"];
n110[label = "FarthestNeighbor"];
n11 -> n110;
n111[label = "If_Then"];
n1110[label = "FarthestInsertion"];
n111 -> n1110;
n1111[label = "FarthestInsertion"];
n111 -> n1111;
n11 -> n111;
n112[label = "NearestFirstNode"];
n11 -> n112;
n1 -> n11;
n12[label = "NearestFirstNode"];
n1 -> n12;
n -> n1;
n2[label = "If_Then_Else"];
n20[label = "FarthestNeighbor"];
n2 -> n20;
n21[label = "If_Then_Else"];
n210[label = "FarthestNeighbor"];
n21 -> n210;
n211[label = "If_Then"];
n2110[label = "FarthestInsertion"];
n211 -> n2110;
n2111[label = "FarthestInsertion"];
n211 -> n2111;
n21 -> n211;
n212[label = "NearestFirstNode"];
n21 -> n212;
n2 -> n21;
n22[label = "NearestFirstNode"];
n2 -> n22;
n -> n2;
}


Generation: 76
Best Individual:
Subpopulation 0:
Evaluated: true
Fitness: Standardized=0.28440526 Adjusted=0.7785705 Hits=0
Tree 0:
digraph g {
node [shape=rectangle];
n[label = "If_Then_Else"];
n0[label = "NearestNeighbor"];
n -> n0;
n1[label = "If_Then_Else"];
n10[label = "FarthestInsertion"];
n1 -> n10;
n11[label = "If_Then_Else"];
n110[label = "FarthestNeighbor"];
n11 -> n110;
n111[label = "If_Then"];
n1110[label = "FarthestInsertion"];
n111 -> n1110;
n1111[label = "FarthestInsertion"];
n111 -> n1111;
n11 -> n111;
n112[label = "NearestFirstNode"];
n11 -> n112;
n1 -> n11;
n12[label = "NearestFirstNode"];
n1 -> n12;
n -> n1;
n2[label = "If_Then_Else"];
n20[label = "FarthestNeighbor"];
n2 -> n20;
n21[label = "NearestFirstNode"];
n2 -> n21;
n22[label = "If_Then_Else"];
n220[label = "FarthestNeighbor"];
n22 -> n220;
n221[label = "If_Then"];
n2210[label = "FarthestInsertion"];
n221 -> n2210;
n2211[label = "FarthestInsertion"];
n221 -> n2211;
n22 -> n221;
n222[label = "And"];
n2220[label = "FarthestInsertion"];
n222 -> n2220;
n2221[label = "FarthestInsertion"];
n222 -> n2221;
n22 -> n222;
n2 -> n22;
n -> n2;
}


Generation: 77
Best Individual:
Subpopulation 0:
Evaluated: true
Fitness: Standardized=0.28440526 Adjusted=0.7785705 Hits=0
Tree 0:
digraph g {
node [shape=rectangle];
n[label = "If_Then_Else"];
n0[label = "NearestNeighbor"];
n -> n0;
n1[label = "If_Then_Else"];
n10[label = "FarthestInsertion"];
n1 -> n10;
n11[label = "If_Then_Else"];
n110[label = "FarthestNeighbor"];
n11 -> n110;
n111[label = "If_Then"];
n1110[label = "FarthestInsertion"];
n111 -> n1110;
n1111[label = "FarthestInsertion"];
n111 -> n1111;
n11 -> n111;
n112[label = "NearestFirstNode"];
n11 -> n112;
n1 -> n11;
n12[label = "NearestFirstNode"];
n1 -> n12;
n -> n1;
n2[label = "If_Then_Else"];
n20[label = "FarthestNeighbor"];
n2 -> n20;
n21[label = "If_Then_Else"];
n210[label = "FarthestInsertion"];
n21 -> n210;
n211[label = "If_Then"];
n2110[label = "FarthestInsertion"];
n211 -> n2110;
n2111[label = "FarthestInsertion"];
n211 -> n2111;
n21 -> n211;
n212[label = "And"];
n2120[label = "FarthestInsertion"];
n212 -> n2120;
n2121[label = "FarthestInsertion"];
n212 -> n2121;
n21 -> n212;
n2 -> n21;
n22[label = "NearestFirstNode"];
n2 -> n22;
n -> n2;
}


Generation: 78
Best Individual:
Subpopulation 0:
Evaluated: true
Fitness: Standardized=0.28440526 Adjusted=0.7785705 Hits=0
Tree 0:
digraph g {
node [shape=rectangle];
n[label = "If_Then_Else"];
n0[label = "NearestNeighbor"];
n -> n0;
n1[label = "If_Then_Else"];
n10[label = "FarthestInsertion"];
n1 -> n10;
n11[label = "If_Then_Else"];
n110[label = "FarthestNeighbor"];
n11 -> n110;
n111[label = "If_Then"];
n1110[label = "FarthestInsertion"];
n111 -> n1110;
n1111[label = "FarthestInsertion"];
n111 -> n1111;
n11 -> n111;
n112[label = "NearestFirstNode"];
n11 -> n112;
n1 -> n11;
n12[label = "NearestFirstNode"];
n1 -> n12;
n -> n1;
n2[label = "If_Then_Else"];
n20[label = "FarthestNeighbor"];
n2 -> n20;
n21[label = "If_Then_Else"];
n210[label = "FarthestInsertion"];
n21 -> n210;
n211[label = "If_Then"];
n2110[label = "FarthestInsertion"];
n211 -> n2110;
n2111[label = "FarthestInsertion"];
n211 -> n2111;
n21 -> n211;
n212[label = "And"];
n2120[label = "FarthestInsertion"];
n212 -> n2120;
n2121[label = "FarthestInsertion"];
n212 -> n2121;
n21 -> n212;
n2 -> n21;
n22[label = "NearestFirstNode"];
n2 -> n22;
n -> n2;
}


Generation: 79
Best Individual:
Subpopulation 0:
Evaluated: true
Fitness: Standardized=0.28440526 Adjusted=0.7785705 Hits=0
Tree 0:
digraph g {
node [shape=rectangle];
n[label = "If_Then_Else"];
n0[label = "NearestNeighbor"];
n -> n0;
n1[label = "If_Then_Else"];
n10[label = "FarthestInsertion"];
n1 -> n10;
n11[label = "If_Then_Else"];
n110[label = "FarthestNeighbor"];
n11 -> n110;
n111[label = "If_Then"];
n1110[label = "FarthestInsertion"];
n111 -> n1110;
n1111[label = "FarthestInsertion"];
n111 -> n1111;
n11 -> n111;
n112[label = "NearestFirstNode"];
n11 -> n112;
n1 -> n11;
n12[label = "NearestFirstNode"];
n1 -> n12;
n -> n1;
n2[label = "If_Then_Else"];
n20[label = "FarthestNeighbor"];
n2 -> n20;
n21[label = "If_Then_Else"];
n210[label = "FarthestInsertion"];
n21 -> n210;
n211[label = "If_Then"];
n2110[label = "FarthestInsertion"];
n211 -> n2110;
n2111[label = "FarthestInsertion"];
n211 -> n2111;
n21 -> n211;
n212[label = "And"];
n2120[label = "FarthestInsertion"];
n212 -> n2120;
n2121[label = "FarthestInsertion"];
n212 -> n2121;
n21 -> n212;
n2 -> n21;
n22[label = "NearestFirstNode"];
n2 -> n22;
n -> n2;
}


Generation: 80
Best Individual:
Subpopulation 0:
Evaluated: true
Fitness: Standardized=0.28440526 Adjusted=0.7785705 Hits=0
Tree 0:
digraph g {
node [shape=rectangle];
n[label = "If_Then_Else"];
n0[label = "NearestNeighbor"];
n -> n0;
n1[label = "If_Then_Else"];
n10[label = "FarthestInsertion"];
n1 -> n10;
n11[label = "If_Then_Else"];
n110[label = "FarthestNeighbor"];
n11 -> n110;
n111[label = "If_Then"];
n1110[label = "FarthestInsertion"];
n111 -> n1110;
n1111[label = "FarthestInsertion"];
n111 -> n1111;
n11 -> n111;
n112[label = "NearestFirstNode"];
n11 -> n112;
n1 -> n11;
n12[label = "NearestFirstNode"];
n1 -> n12;
n -> n1;
n2[label = "FarthestNeighbor"];
n -> n2;
}


Generation: 81
Best Individual:
Subpopulation 0:
Evaluated: true
Fitness: Standardized=0.28440526 Adjusted=0.7785705 Hits=0
Tree 0:
digraph g {
node [shape=rectangle];
n[label = "If_Then_Else"];
n0[label = "NearestNeighbor"];
n -> n0;
n1[label = "If_Then_Else"];
n10[label = "FarthestInsertion"];
n1 -> n10;
n11[label = "If_Then_Else"];
n110[label = "FarthestNeighbor"];
n11 -> n110;
n111[label = "If_Then"];
n1110[label = "FarthestInsertion"];
n111 -> n1110;
n1111[label = "FarthestInsertion"];
n111 -> n1111;
n11 -> n111;
n112[label = "NearestFirstNode"];
n11 -> n112;
n1 -> n11;
n12[label = "NearestFirstNode"];
n1 -> n12;
n -> n1;
n2[label = "If_Then_Else"];
n20[label = "FarthestNeighbor"];
n2 -> n20;
n21[label = "If_Then_Else"];
n210[label = "FarthestInsertion"];
n21 -> n210;
n211[label = "If_Then"];
n2110[label = "FarthestInsertion"];
n211 -> n2110;
n2111[label = "FarthestInsertion"];
n211 -> n2111;
n21 -> n211;
n212[label = "If_Then"];
n2120[label = "FarthestInsertion"];
n212 -> n2120;
n2121[label = "FarthestInsertion"];
n212 -> n2121;
n21 -> n212;
n2 -> n21;
n22[label = "NearestFirstNode"];
n2 -> n22;
n -> n2;
}


Generation: 82
Best Individual:
Subpopulation 0:
Evaluated: true
Fitness: Standardized=0.28440526 Adjusted=0.7785705 Hits=0
Tree 0:
digraph g {
node [shape=rectangle];
n[label = "If_Then_Else"];
n0[label = "NearestNeighbor"];
n -> n0;
n1[label = "If_Then_Else"];
n10[label = "FarthestInsertion"];
n1 -> n10;
n11[label = "If_Then_Else"];
n110[label = "FarthestNeighbor"];
n11 -> n110;
n111[label = "If_Then"];
n1110[label = "FarthestInsertion"];
n111 -> n1110;
n1111[label = "FarthestInsertion"];
n111 -> n1111;
n11 -> n111;
n112[label = "NearestFirstNode"];
n11 -> n112;
n1 -> n11;
n12[label = "NearestFirstNode"];
n1 -> n12;
n -> n1;
n2[label = "If_Then_Else"];
n20[label = "FarthestNeighbor"];
n2 -> n20;
n21[label = "If_Then_Else"];
n210[label = "FarthestInsertion"];
n21 -> n210;
n211[label = "If_Then"];
n2110[label = "FarthestInsertion"];
n211 -> n2110;
n2111[label = "FarthestInsertion"];
n211 -> n2111;
n21 -> n211;
n212[label = "And"];
n2120[label = "FarthestInsertion"];
n212 -> n2120;
n2121[label = "FarthestInsertion"];
n212 -> n2121;
n21 -> n212;
n2 -> n21;
n22[label = "NearestFirstNode"];
n2 -> n22;
n -> n2;
}


Generation: 83
Best Individual:
Subpopulation 0:
Evaluated: true
Fitness: Standardized=0.28440526 Adjusted=0.7785705 Hits=0
Tree 0:
digraph g {
node [shape=rectangle];
n[label = "If_Then_Else"];
n0[label = "NearestNeighbor"];
n -> n0;
n1[label = "If_Then_Else"];
n10[label = "FarthestInsertion"];
n1 -> n10;
n11[label = "If_Then_Else"];
n110[label = "FarthestNeighbor"];
n11 -> n110;
n111[label = "If_Then"];
n1110[label = "FarthestInsertion"];
n111 -> n1110;
n1111[label = "FarthestInsertion"];
n111 -> n1111;
n11 -> n111;
n112[label = "NearestFirstNode"];
n11 -> n112;
n1 -> n11;
n12[label = "NearestFirstNode"];
n1 -> n12;
n -> n1;
n2[label = "If_Then_Else"];
n20[label = "FarthestNeighbor"];
n2 -> n20;
n21[label = "If_Then_Else"];
n210[label = "FarthestInsertion"];
n21 -> n210;
n211[label = "And"];
n2110[label = "FarthestInsertion"];
n211 -> n2110;
n2111[label = "FarthestInsertion"];
n211 -> n2111;
n21 -> n211;
n212[label = "And"];
n2120[label = "FarthestInsertion"];
n212 -> n2120;
n2121[label = "FarthestInsertion"];
n212 -> n2121;
n21 -> n212;
n2 -> n21;
n22[label = "NearestFirstNode"];
n2 -> n22;
n -> n2;
}


Generation: 84
Best Individual:
Subpopulation 0:
Evaluated: true
Fitness: Standardized=0.28440526 Adjusted=0.7785705 Hits=0
Tree 0:
digraph g {
node [shape=rectangle];
n[label = "If_Then_Else"];
n0[label = "NearestNeighbor"];
n -> n0;
n1[label = "If_Then_Else"];
n10[label = "FarthestInsertion"];
n1 -> n10;
n11[label = "If_Then_Else"];
n110[label = "FarthestNeighbor"];
n11 -> n110;
n111[label = "If_Then"];
n1110[label = "FarthestInsertion"];
n111 -> n1110;
n1111[label = "FarthestInsertion"];
n111 -> n1111;
n11 -> n111;
n112[label = "NearestFirstNode"];
n11 -> n112;
n1 -> n11;
n12[label = "NearestFirstNode"];
n1 -> n12;
n -> n1;
n2[label = "If_Then_Else"];
n20[label = "FarthestNeighbor"];
n2 -> n20;
n21[label = "If_Then_Else"];
n210[label = "FarthestInsertion"];
n21 -> n210;
n211[label = "If_Then_Else"];
n2110[label = "FarthestNeighbor"];
n211 -> n2110;
n2111[label = "NearestNeighbor"];
n211 -> n2111;
n2112[label = "NearestFirstNode"];
n211 -> n2112;
n21 -> n211;
n212[label = "And"];
n2120[label = "FarthestInsertion"];
n212 -> n2120;
n2121[label = "FarthestNeighbor"];
n212 -> n2121;
n21 -> n212;
n2 -> n21;
n22[label = "NearestFirstNode"];
n2 -> n22;
n -> n2;
}


Generation: 85
Best Individual:
Subpopulation 0:
Evaluated: true
Fitness: Standardized=0.28440526 Adjusted=0.7785705 Hits=0
Tree 0:
digraph g {
node [shape=rectangle];
n[label = "If_Then_Else"];
n0[label = "NearestNeighbor"];
n -> n0;
n1[label = "If_Then_Else"];
n10[label = "FarthestInsertion"];
n1 -> n10;
n11[label = "If_Then_Else"];
n110[label = "FarthestNeighbor"];
n11 -> n110;
n111[label = "If_Then"];
n1110[label = "FarthestInsertion"];
n111 -> n1110;
n1111[label = "FarthestInsertion"];
n111 -> n1111;
n11 -> n111;
n112[label = "NearestFirstNode"];
n11 -> n112;
n1 -> n11;
n12[label = "NearestFirstNode"];
n1 -> n12;
n -> n1;
n2[label = "If_Then_Else"];
n20[label = "FarthestNeighbor"];
n2 -> n20;
n21[label = "If_Then_Else"];
n210[label = "FarthestInsertion"];
n21 -> n210;
n211[label = "If_Then"];
n2110[label = "FarthestInsertion"];
n211 -> n2110;
n2111[label = "FarthestInsertion"];
n211 -> n2111;
n21 -> n211;
n212[label = "And"];
n2120[label = "FarthestInsertion"];
n212 -> n2120;
n2121[label = "FarthestInsertion"];
n212 -> n2121;
n21 -> n212;
n2 -> n21;
n22[label = "NearestFirstNode"];
n2 -> n22;
n -> n2;
}


Generation: 86
Best Individual:
Subpopulation 0:
Evaluated: true
Fitness: Standardized=0.28440526 Adjusted=0.7785705 Hits=0
Tree 0:
digraph g {
node [shape=rectangle];
n[label = "If_Then_Else"];
n0[label = "NearestNeighbor"];
n -> n0;
n1[label = "If_Then_Else"];
n10[label = "FarthestInsertion"];
n1 -> n10;
n11[label = "If_Then_Else"];
n110[label = "FarthestNeighbor"];
n11 -> n110;
n111[label = "If_Then"];
n1110[label = "FarthestInsertion"];
n111 -> n1110;
n1111[label = "FarthestInsertion"];
n111 -> n1111;
n11 -> n111;
n112[label = "NearestFirstNode"];
n11 -> n112;
n1 -> n11;
n12[label = "NearestFirstNode"];
n1 -> n12;
n -> n1;
n2[label = "If_Then_Else"];
n20[label = "FarthestInsertion"];
n2 -> n20;
n21[label = "FarthestNeighbor"];
n2 -> n21;
n22[label = "If_Then_Else"];
n220[label = "If_Then"];
n2200[label = "NearestInsertion"];
n220 -> n2200;
n2201[label = "BestMove"];
n220 -> n2201;
n22 -> n220;
n221[label = "If_Then"];
n2210[label = "FarthestInsertion"];
n221 -> n2210;
n2211[label = "FarthestInsertion"];
n221 -> n2211;
n22 -> n221;
n222[label = "NearestFirstNode"];
n22 -> n222;
n2 -> n22;
n -> n2;
}


Generation: 87
Best Individual:
Subpopulation 0:
Evaluated: true
Fitness: Standardized=0.28440526 Adjusted=0.7785705 Hits=0
Tree 0:
digraph g {
node [shape=rectangle];
n[label = "If_Then_Else"];
n0[label = "NearestNeighbor"];
n -> n0;
n1[label = "If_Then_Else"];
n10[label = "FarthestInsertion"];
n1 -> n10;
n11[label = "If_Then_Else"];
n110[label = "FarthestNeighbor"];
n11 -> n110;
n111[label = "If_Then"];
n1110[label = "FarthestInsertion"];
n111 -> n1110;
n1111[label = "FarthestInsertion"];
n111 -> n1111;
n11 -> n111;
n112[label = "NearestFirstNode"];
n11 -> n112;
n1 -> n11;
n12[label = "NearestFirstNode"];
n1 -> n12;
n -> n1;
n2[label = "If_Then"];
n20[label = "FarthestInsertion"];
n2 -> n20;
n21[label = "FarthestInsertion"];
n2 -> n21;
n -> n2;
}


Generation: 88
Best Individual:
Subpopulation 0:
Evaluated: true
Fitness: Standardized=0.28440526 Adjusted=0.7785705 Hits=0
Tree 0:
digraph g {
node [shape=rectangle];
n[label = "If_Then_Else"];
n0[label = "NearestNeighbor"];
n -> n0;
n1[label = "If_Then_Else"];
n10[label = "FarthestInsertion"];
n1 -> n10;
n11[label = "If_Then_Else"];
n110[label = "FarthestNeighbor"];
n11 -> n110;
n111[label = "If_Then"];
n1110[label = "FarthestInsertion"];
n111 -> n1110;
n1111[label = "FarthestInsertion"];
n111 -> n1111;
n11 -> n111;
n112[label = "NearestFirstNode"];
n11 -> n112;
n1 -> n11;
n12[label = "NearestFirstNode"];
n1 -> n12;
n -> n1;
n2[label = "If_Then_Else"];
n20[label = "FarthestNeighbor"];
n2 -> n20;
n21[label = "If_Then_Else"];
n210[label = "FarthestInsertion"];
n21 -> n210;
n211[label = "If_Then"];
n2110[label = "FarthestInsertion"];
n211 -> n2110;
n2111[label = "FarthestInsertion"];
n211 -> n2111;
n21 -> n211;
n212[label = "And"];
n2120[label = "FarthestInsertion"];
n212 -> n2120;
n2121[label = "FarthestInsertion"];
n212 -> n2121;
n21 -> n212;
n2 -> n21;
n22[label = "NearestFirstNode"];
n2 -> n22;
n -> n2;
}


Generation: 89
Best Individual:
Subpopulation 0:
Evaluated: true
Fitness: Standardized=0.28440526 Adjusted=0.7785705 Hits=0
Tree 0:
digraph g {
node [shape=rectangle];
n[label = "If_Then_Else"];
n0[label = "NearestNeighbor"];
n -> n0;
n1[label = "If_Then_Else"];
n10[label = "FarthestInsertion"];
n1 -> n10;
n11[label = "If_Then_Else"];
n110[label = "FarthestNeighbor"];
n11 -> n110;
n111[label = "If_Then"];
n1110[label = "FarthestNeighbor"];
n111 -> n1110;
n1111[label = "FarthestInsertion"];
n111 -> n1111;
n11 -> n111;
n112[label = "NearestFirstNode"];
n11 -> n112;
n1 -> n11;
n12[label = "NearestFirstNode"];
n1 -> n12;
n -> n1;
n2[label = "If_Then_Else"];
n20[label = "FarthestInsertion"];
n2 -> n20;
n21[label = "FarthestNeighbor"];
n2 -> n21;
n22[label = "If_Then_Else"];
n220[label = "If_Then"];
n2200[label = "NearestInsertion"];
n220 -> n2200;
n2201[label = "BestMove"];
n220 -> n2201;
n22 -> n220;
n221[label = "NearestFirstNode"];
n22 -> n221;
n222[label = "NearestFirstNode"];
n22 -> n222;
n2 -> n22;
n -> n2;
}


Generation: 90
Best Individual:
Subpopulation 0:
Evaluated: true
Fitness: Standardized=0.28440526 Adjusted=0.7785705 Hits=0
Tree 0:
digraph g {
node [shape=rectangle];
n[label = "If_Then_Else"];
n0[label = "NearestNeighbor"];
n -> n0;
n1[label = "If_Then_Else"];
n10[label = "FarthestInsertion"];
n1 -> n10;
n11[label = "If_Then_Else"];
n110[label = "FarthestNeighbor"];
n11 -> n110;
n111[label = "If_Then"];
n1110[label = "FarthestInsertion"];
n111 -> n1110;
n1111[label = "FarthestInsertion"];
n111 -> n1111;
n11 -> n111;
n112[label = "NearestFirstNode"];
n11 -> n112;
n1 -> n11;
n12[label = "NearestFirstNode"];
n1 -> n12;
n -> n1;
n2[label = "If_Then_Else"];
n20[label = "FarthestInsertion"];
n2 -> n20;
n21[label = "FarthestNeighbor"];
n2 -> n21;
n22[label = "If_Then_Else"];
n220[label = "If_Then"];
n2200[label = "NearestInsertion"];
n220 -> n2200;
n2201[label = "BestMove"];
n220 -> n2201;
n22 -> n220;
n221[label = "If_Then"];
n2210[label = "FarthestInsertion"];
n221 -> n2210;
n2211[label = "FarthestInsertion"];
n221 -> n2211;
n22 -> n221;
n222[label = "NearestFirstNode"];
n22 -> n222;
n2 -> n22;
n -> n2;
}


Generation: 91
Best Individual:
Subpopulation 0:
Evaluated: true
Fitness: Standardized=0.28440526 Adjusted=0.7785705 Hits=0
Tree 0:
digraph g {
node [shape=rectangle];
n[label = "If_Then_Else"];
n0[label = "NearestNeighbor"];
n -> n0;
n1[label = "If_Then_Else"];
n10[label = "FarthestInsertion"];
n1 -> n10;
n11[label = "If_Then_Else"];
n110[label = "FarthestNeighbor"];
n11 -> n110;
n111[label = "If_Then"];
n1110[label = "FarthestInsertion"];
n111 -> n1110;
n1111[label = "FarthestInsertion"];
n111 -> n1111;
n11 -> n111;
n112[label = "NearestFirstNode"];
n11 -> n112;
n1 -> n11;
n12[label = "NearestFirstNode"];
n1 -> n12;
n -> n1;
n2[label = "If_Then_Else"];
n20[label = "FarthestInsertion"];
n2 -> n20;
n21[label = "FarthestNeighbor"];
n2 -> n21;
n22[label = "If_Then_Else"];
n220[label = "If_Then"];
n2200[label = "NearestInsertion"];
n220 -> n2200;
n2201[label = "BestMove"];
n220 -> n2201;
n22 -> n220;
n221[label = "NearestFirstNode"];
n22 -> n221;
n222[label = "NearestFirstNode"];
n22 -> n222;
n2 -> n22;
n -> n2;
}


Generation: 92
Best Individual:
Subpopulation 0:
Evaluated: true
Fitness: Standardized=0.28440526 Adjusted=0.7785705 Hits=0
Tree 0:
digraph g {
node [shape=rectangle];
n[label = "If_Then_Else"];
n0[label = "NearestNeighbor"];
n -> n0;
n1[label = "If_Then_Else"];
n10[label = "FarthestInsertion"];
n1 -> n10;
n11[label = "If_Then_Else"];
n110[label = "FarthestNeighbor"];
n11 -> n110;
n111[label = "If_Then"];
n1110[label = "FarthestInsertion"];
n111 -> n1110;
n1111[label = "FarthestInsertion"];
n111 -> n1111;
n11 -> n111;
n112[label = "NearestFirstNode"];
n11 -> n112;
n1 -> n11;
n12[label = "NearestFirstNode"];
n1 -> n12;
n -> n1;
n2[label = "If_Then_Else"];
n20[label = "FarthestInsertion"];
n2 -> n20;
n21[label = "If_Then"];
n210[label = "FarthestInsertion"];
n21 -> n210;
n211[label = "FarthestInsertion"];
n21 -> n211;
n2 -> n21;
n22[label = "NearestFirstNode"];
n2 -> n22;
n -> n2;
}


Generation: 93
Best Individual:
Subpopulation 0:
Evaluated: true
Fitness: Standardized=0.28440526 Adjusted=0.7785705 Hits=0
Tree 0:
digraph g {
node [shape=rectangle];
n[label = "If_Then_Else"];
n0[label = "NearestNeighbor"];
n -> n0;
n1[label = "If_Then_Else"];
n10[label = "FarthestInsertion"];
n1 -> n10;
n11[label = "If_Then_Else"];
n110[label = "FarthestNeighbor"];
n11 -> n110;
n111[label = "If_Then"];
n1110[label = "FarthestInsertion"];
n111 -> n1110;
n1111[label = "FarthestInsertion"];
n111 -> n1111;
n11 -> n111;
n112[label = "NearestFirstNode"];
n11 -> n112;
n1 -> n11;
n12[label = "NearestFirstNode"];
n1 -> n12;
n -> n1;
n2[label = "If_Then_Else"];
n20[label = "FarthestInsertion"];
n2 -> n20;
n21[label = "And"];
n210[label = "FarthestInsertion"];
n21 -> n210;
n211[label = "FarthestInsertion"];
n21 -> n211;
n2 -> n21;
n22[label = "If_Then_Else"];
n220[label = "If_Then"];
n2200[label = "NearestInsertion"];
n220 -> n2200;
n2201[label = "BestMove"];
n220 -> n2201;
n22 -> n220;
n221[label = "If_Then"];
n2210[label = "FarthestInsertion"];
n221 -> n2210;
n2211[label = "FarthestInsertion"];
n221 -> n2211;
n22 -> n221;
n222[label = "NearestFirstNode"];
n22 -> n222;
n2 -> n22;
n -> n2;
}


Generation: 94
Best Individual:
Subpopulation 0:
Evaluated: true
Fitness: Standardized=0.28440526 Adjusted=0.7785705 Hits=0
Tree 0:
digraph g {
node [shape=rectangle];
n[label = "If_Then_Else"];
n0[label = "NearestNeighbor"];
n -> n0;
n1[label = "If_Then_Else"];
n10[label = "FarthestInsertion"];
n1 -> n10;
n11[label = "If_Then_Else"];
n110[label = "FarthestNeighbor"];
n11 -> n110;
n111[label = "If_Then"];
n1110[label = "FarthestInsertion"];
n111 -> n1110;
n1111[label = "FarthestInsertion"];
n111 -> n1111;
n11 -> n111;
n112[label = "NearestFirstNode"];
n11 -> n112;
n1 -> n11;
n12[label = "NearestFirstNode"];
n1 -> n12;
n -> n1;
n2[label = "If_Then_Else"];
n20[label = "FarthestInsertion"];
n2 -> n20;
n21[label = "And"];
n210[label = "FarthestInsertion"];
n21 -> n210;
n211[label = "FarthestInsertion"];
n21 -> n211;
n2 -> n21;
n22[label = "If_Then_Else"];
n220[label = "If_Then"];
n2200[label = "NearestInsertion"];
n220 -> n2200;
n2201[label = "BestMove"];
n220 -> n2201;
n22 -> n220;
n221[label = "If_Then"];
n2210[label = "FarthestInsertion"];
n221 -> n2210;
n2211[label = "FarthestInsertion"];
n221 -> n2211;
n22 -> n221;
n222[label = "NearestFirstNode"];
n22 -> n222;
n2 -> n22;
n -> n2;
}


Generation: 95
Best Individual:
Subpopulation 0:
Evaluated: true
Fitness: Standardized=0.28440526 Adjusted=0.7785705 Hits=0
Tree 0:
digraph g {
node [shape=rectangle];
n[label = "If_Then_Else"];
n0[label = "NearestNeighbor"];
n -> n0;
n1[label = "If_Then_Else"];
n10[label = "FarthestInsertion"];
n1 -> n10;
n11[label = "If_Then_Else"];
n110[label = "FarthestNeighbor"];
n11 -> n110;
n111[label = "If_Then"];
n1110[label = "FarthestInsertion"];
n111 -> n1110;
n1111[label = "FarthestInsertion"];
n111 -> n1111;
n11 -> n111;
n112[label = "NearestFirstNode"];
n11 -> n112;
n1 -> n11;
n12[label = "NearestFirstNode"];
n1 -> n12;
n -> n1;
n2[label = "If_Then_Else"];
n20[label = "If_Then"];
n200[label = "FarthestInsertion"];
n20 -> n200;
n201[label = "FarthestInsertion"];
n20 -> n201;
n2 -> n20;
n21[label = "If_Then"];
n210[label = "FarthestInsertion"];
n21 -> n210;
n211[label = "FarthestInsertion"];
n21 -> n211;
n2 -> n21;
n22[label = "If_Then_Else"];
n220[label = "Or"];
n2200[label = "NearestInsertion"];
n220 -> n2200;
n2201[label = "BestMove"];
n220 -> n2201;
n22 -> n220;
n221[label = "If_Then"];
n2210[label = "FarthestInsertion"];
n221 -> n2210;
n2211[label = "FarthestInsertion"];
n221 -> n2211;
n22 -> n221;
n222[label = "NearestFirstNode"];
n22 -> n222;
n2 -> n22;
n -> n2;
}


Generation: 96
Best Individual:
Subpopulation 0:
Evaluated: true
Fitness: Standardized=0.28440526 Adjusted=0.7785705 Hits=0
Tree 0:
digraph g {
node [shape=rectangle];
n[label = "If_Then_Else"];
n0[label = "NearestNeighbor"];
n -> n0;
n1[label = "If_Then_Else"];
n10[label = "FarthestInsertion"];
n1 -> n10;
n11[label = "If_Then_Else"];
n110[label = "FarthestNeighbor"];
n11 -> n110;
n111[label = "If_Then"];
n1110[label = "FarthestInsertion"];
n111 -> n1110;
n1111[label = "FarthestInsertion"];
n111 -> n1111;
n11 -> n111;
n112[label = "NearestFirstNode"];
n11 -> n112;
n1 -> n11;
n12[label = "NearestFirstNode"];
n1 -> n12;
n -> n1;
n2[label = "FarthestInsertion"];
n -> n2;
}


Generation: 97
Best Individual:
Subpopulation 0:
Evaluated: true
Fitness: Standardized=0.28440526 Adjusted=0.7785705 Hits=0
Tree 0:
digraph g {
node [shape=rectangle];
n[label = "If_Then_Else"];
n0[label = "NearestNeighbor"];
n -> n0;
n1[label = "If_Then_Else"];
n10[label = "FarthestInsertion"];
n1 -> n10;
n11[label = "If_Then_Else"];
n110[label = "FarthestNeighbor"];
n11 -> n110;
n111[label = "If_Then"];
n1110[label = "FarthestInsertion"];
n111 -> n1110;
n1111[label = "FarthestInsertion"];
n111 -> n1111;
n11 -> n111;
n112[label = "NearestFirstNode"];
n11 -> n112;
n1 -> n11;
n12[label = "NearestFirstNode"];
n1 -> n12;
n -> n1;
n2[label = "If_Then_Else"];
n20[label = "FarthestInsertion"];
n2 -> n20;
n21[label = "If_Then_Else"];
n210[label = "Or"];
n2100[label = "NearestInsertion"];
n210 -> n2100;
n2101[label = "BestMove"];
n210 -> n2101;
n21 -> n210;
n211[label = "If_Then"];
n2110[label = "FarthestInsertion"];
n211 -> n2110;
n2111[label = "FarthestInsertion"];
n211 -> n2111;
n21 -> n211;
n212[label = "NearestFirstNode"];
n21 -> n212;
n2 -> n21;
n22[label = "If_Then_Else"];
n220[label = "If_Then"];
n2200[label = "NearestInsertion"];
n220 -> n2200;
n2201[label = "BestMove"];
n220 -> n2201;
n22 -> n220;
n221[label = "If_Then"];
n2210[label = "FarthestInsertion"];
n221 -> n2210;
n2211[label = "FarthestInsertion"];
n221 -> n2211;
n22 -> n221;
n222[label = "NearestFirstNode"];
n22 -> n222;
n2 -> n22;
n -> n2;
}


Generation: 98
Best Individual:
Subpopulation 0:
Evaluated: true
Fitness: Standardized=0.28440526 Adjusted=0.7785705 Hits=0
Tree 0:
digraph g {
node [shape=rectangle];
n[label = "If_Then_Else"];
n0[label = "NearestNeighbor"];
n -> n0;
n1[label = "If_Then_Else"];
n10[label = "FarthestInsertion"];
n1 -> n10;
n11[label = "If_Then_Else"];
n110[label = "FarthestNeighbor"];
n11 -> n110;
n111[label = "And"];
n1110[label = "FarthestInsertion"];
n111 -> n1110;
n1111[label = "FarthestInsertion"];
n111 -> n1111;
n11 -> n111;
n112[label = "NearestFirstNode"];
n11 -> n112;
n1 -> n11;
n12[label = "NearestFirstNode"];
n1 -> n12;
n -> n1;
n2[label = "If_Then_Else"];
n20[label = "FarthestInsertion"];
n2 -> n20;
n21[label = "If_Then_Else"];
n210[label = "FarthestNeighbor"];
n21 -> n210;
n211[label = "If_Then"];
n2110[label = "FarthestInsertion"];
n211 -> n2110;
n2111[label = "FarthestInsertion"];
n211 -> n2111;
n21 -> n211;
n212[label = "NearestFirstNode"];
n21 -> n212;
n2 -> n21;
n22[label = "NearestFirstNode"];
n2 -> n22;
n -> n2;
}


Generation: 99
Best Individual:
Subpopulation 0:
Evaluated: true
Fitness: Standardized=0.28440526 Adjusted=0.7785705 Hits=0
Tree 0:
digraph g {
node [shape=rectangle];
n[label = "If_Then_Else"];
n0[label = "NearestNeighbor"];
n -> n0;
n1[label = "If_Then_Else"];
n10[label = "FarthestInsertion"];
n1 -> n10;
n11[label = "If_Then_Else"];
n110[label = "FarthestNeighbor"];
n11 -> n110;
n111[label = "If_Then"];
n1110[label = "FarthestInsertion"];
n111 -> n1110;
n1111[label = "FarthestInsertion"];
n111 -> n1111;
n11 -> n111;
n112[label = "NearestFirstNode"];
n11 -> n112;
n1 -> n11;
n12[label = "NearestFirstNode"];
n1 -> n12;
n -> n1;
n2[label = "FarthestNeighbor"];
n -> n2;
}


Best Individual of Run:
Subpopulation 0:
Evaluated: true
Fitness: Standardized=0.28440526 Adjusted=0.7785705 Hits=0
Tree 0:
digraph g {
node [shape=rectangle];
n[label = "If_Then_Else"];
n0[label = "NearestNeighbor"];
n -> n0;
n1[label = "If_Then_Else"];
n10[label = "FarthestInsertion"];
n1 -> n10;
n11[label = "If_Then_Else"];
n110[label = "FarthestInsertion"];
n11 -> n110;
n111[label = "If_Then"];
n1110[label = "FarthestInsertion"];
n111 -> n1110;
n1111[label = "FarthestInsertion"];
n111 -> n1111;
n11 -> n111;
n112[label = "NearestFirstNode"];
n11 -> n112;
n1 -> n11;
n12[label = "NearestFirstNode"];
n1 -> n12;
n -> n1;
n2[label = "If_Then_Else"];
n20[label = "While"];
n200[label = "BestMove"];
n20 -> n200;
n201[label = "If_Then"];
n2010[label = "FarthestNeighbor"];
n201 -> n2010;
n2011[label = "WorstMove"];
n201 -> n2011;
n20 -> n201;
n2 -> n20;
n21[label = "FarthestNeighbor"];
n2 -> n21;
n22[label = "NearestFirstNode"];
n2 -> n22;
n -> n2;
}

