
Generation: 0
Best Individual:
Subpopulation 0:
Evaluated: true
Fitness: Standardized=0.60754216 Adjusted=0.6220677 Hits=0
Tree 0:
digraph g {
node [shape=rectangle];
n[label = "If_Then"];
n0[label = "FarthestInsertion"];
n -> n0;
n1[label = "FarthestNeighbor"];
n -> n1;
}


Generation: 1
Best Individual:
Subpopulation 0:
Evaluated: true
Fitness: Standardized=0.60754216 Adjusted=0.6220677 Hits=0
Tree 0:
digraph g {
node [shape=rectangle];
n[label = "If_Then"];
n0[label = "FarthestInsertion"];
n -> n0;
n1[label = "FarthestNeighbor"];
n -> n1;
}


Generation: 2
Best Individual:
Subpopulation 0:
Evaluated: true
Fitness: Standardized=0.42734033 Adjusted=0.7006038 Hits=0
Tree 0:
digraph g {
node [shape=rectangle];
n[label = "Or"];
n0[label = "CplexTerminal"];
n -> n0;
n1[label = "If_Then_Else"];
n10[label = "If_Then"];
n100[label = "FarthestInsertion"];
n10 -> n100;
n101[label = "FarthestNeighbor"];
n10 -> n101;
n1 -> n10;
n11[label = "And"];
n110[label = "FarthestNeighbor"];
n11 -> n110;
n111[label = "WorstMove"];
n11 -> n111;
n1 -> n11;
n12[label = "If_Then_Else"];
n120[label = "CplexTerminal"];
n12 -> n120;
n121[label = "WorstMove"];
n12 -> n121;
n122[label = "If_Then_Else"];
n1220[label = "BestMove"];
n122 -> n1220;
n1221[label = "FarthestFirstNode"];
n122 -> n1221;
n1222[label = "FarthestInsertion"];
n122 -> n1222;
n12 -> n122;
n1 -> n12;
n -> n1;
}


Generation: 3
Best Individual:
Subpopulation 0:
Evaluated: true
Fitness: Standardized=0.42734033 Adjusted=0.7006038 Hits=0
Tree 0:
digraph g {
node [shape=rectangle];
n[label = "Or"];
n0[label = "CplexTerminal"];
n -> n0;
n1[label = "If_Then_Else"];
n10[label = "If_Then"];
n100[label = "FarthestInsertion"];
n10 -> n100;
n101[label = "FarthestNeighbor"];
n10 -> n101;
n1 -> n10;
n11[label = "And"];
n110[label = "FarthestNeighbor"];
n11 -> n110;
n111[label = "WorstMove"];
n11 -> n111;
n1 -> n11;
n12[label = "If_Then_Else"];
n120[label = "CplexTerminal"];
n12 -> n120;
n121[label = "WorstMove"];
n12 -> n121;
n122[label = "If_Then_Else"];
n1220[label = "BestMove"];
n122 -> n1220;
n1221[label = "FarthestFirstNode"];
n122 -> n1221;
n1222[label = "FarthestInsertion"];
n122 -> n1222;
n12 -> n122;
n1 -> n12;
n -> n1;
}


Generation: 4
Best Individual:
Subpopulation 0:
Evaluated: true
Fitness: Standardized=0.42734033 Adjusted=0.7006038 Hits=0
Tree 0:
digraph g {
node [shape=rectangle];
n[label = "Or"];
n0[label = "CplexTerminal"];
n -> n0;
n1[label = "If_Then_Else"];
n10[label = "If_Then"];
n100[label = "FarthestInsertion"];
n10 -> n100;
n101[label = "FarthestNeighbor"];
n10 -> n101;
n1 -> n10;
n11[label = "And"];
n110[label = "FarthestNeighbor"];
n11 -> n110;
n111[label = "WorstMove"];
n11 -> n111;
n1 -> n11;
n12[label = "If_Then"];
n120[label = "FarthestInsertion"];
n12 -> n120;
n121[label = "FarthestNeighbor"];
n12 -> n121;
n1 -> n12;
n -> n1;
}


Generation: 5
Best Individual:
Subpopulation 0:
Evaluated: true
Fitness: Standardized=0.30623427 Adjusted=0.7655595 Hits=0
Tree 0:
digraph g {
node [shape=rectangle];
n[label = "Or"];
n0[label = "CplexTerminal"];
n -> n0;
n1[label = "If_Then_Else"];
n10[label = "If_Then"];
n100[label = "FarthestInsertion"];
n10 -> n100;
n101[label = "FarthestNeighbor"];
n10 -> n101;
n1 -> n10;
n11[label = "If_Then"];
n110[label = "FarthestInsertion"];
n11 -> n110;
n111[label = "FarthestNeighbor"];
n11 -> n111;
n1 -> n11;
n12[label = "If_Then_Else"];
n120[label = "CplexTerminal"];
n12 -> n120;
n121[label = "WorstMove"];
n12 -> n121;
n122[label = "If_Then"];
n1220[label = "FarthestInsertion"];
n122 -> n1220;
n1221[label = "FarthestNeighbor"];
n122 -> n1221;
n12 -> n122;
n1 -> n12;
n -> n1;
}


Generation: 6
Best Individual:
Subpopulation 0:
Evaluated: true
Fitness: Standardized=0.30623427 Adjusted=0.7655595 Hits=0
Tree 0:
digraph g {
node [shape=rectangle];
n[label = "Or"];
n0[label = "CplexTerminal"];
n -> n0;
n1[label = "If_Then_Else"];
n10[label = "If_Then"];
n100[label = "FarthestInsertion"];
n10 -> n100;
n101[label = "FarthestNeighbor"];
n10 -> n101;
n1 -> n10;
n11[label = "If_Then"];
n110[label = "FarthestInsertion"];
n11 -> n110;
n111[label = "FarthestNeighbor"];
n11 -> n111;
n1 -> n11;
n12[label = "If_Then_Else"];
n120[label = "CplexTerminal"];
n12 -> n120;
n121[label = "WorstMove"];
n12 -> n121;
n122[label = "If_Then"];
n1220[label = "FarthestInsertion"];
n122 -> n1220;
n1221[label = "FarthestNeighbor"];
n122 -> n1221;
n12 -> n122;
n1 -> n12;
n -> n1;
}


Generation: 7
Best Individual:
Subpopulation 0:
Evaluated: true
Fitness: Standardized=0.30623427 Adjusted=0.7655595 Hits=0
Tree 0:
digraph g {
node [shape=rectangle];
n[label = "Or"];
n0[label = "CplexTerminal"];
n -> n0;
n1[label = "If_Then_Else"];
n10[label = "If_Then"];
n100[label = "FarthestInsertion"];
n10 -> n100;
n101[label = "FarthestNeighbor"];
n10 -> n101;
n1 -> n10;
n11[label = "If_Then"];
n110[label = "FarthestInsertion"];
n11 -> n110;
n111[label = "FarthestNeighbor"];
n11 -> n111;
n1 -> n11;
n12[label = "If_Then_Else"];
n120[label = "CplexTerminal"];
n12 -> n120;
n121[label = "WorstMove"];
n12 -> n121;
n122[label = "If_Then"];
n1220[label = "FarthestInsertion"];
n122 -> n1220;
n1221[label = "FarthestNeighbor"];
n122 -> n1221;
n12 -> n122;
n1 -> n12;
n -> n1;
}


Generation: 8
Best Individual:
Subpopulation 0:
Evaluated: true
Fitness: Standardized=0.30623427 Adjusted=0.7655595 Hits=0
Tree 0:
digraph g {
node [shape=rectangle];
n[label = "Or"];
n0[label = "CplexTerminal"];
n -> n0;
n1[label = "If_Then_Else"];
n10[label = "If_Then"];
n100[label = "FarthestInsertion"];
n10 -> n100;
n101[label = "FarthestNeighbor"];
n10 -> n101;
n1 -> n10;
n11[label = "If_Then"];
n110[label = "FarthestInsertion"];
n11 -> n110;
n111[label = "FarthestNeighbor"];
n11 -> n111;
n1 -> n11;
n12[label = "If_Then_Else"];
n120[label = "CplexTerminal"];
n12 -> n120;
n121[label = "WorstMove"];
n12 -> n121;
n122[label = "If_Then"];
n1220[label = "FarthestInsertion"];
n122 -> n1220;
n1221[label = "FarthestNeighbor"];
n122 -> n1221;
n12 -> n122;
n1 -> n12;
n -> n1;
}


Generation: 9
Best Individual:
Subpopulation 0:
Evaluated: true
Fitness: Standardized=0.30623427 Adjusted=0.7655595 Hits=0
Tree 0:
digraph g {
node [shape=rectangle];
n[label = "Or"];
n0[label = "CplexTerminal"];
n -> n0;
n1[label = "If_Then_Else"];
n10[label = "If_Then"];
n100[label = "FarthestInsertion"];
n10 -> n100;
n101[label = "FarthestNeighbor"];
n10 -> n101;
n1 -> n10;
n11[label = "If_Then"];
n110[label = "FarthestInsertion"];
n11 -> n110;
n111[label = "FarthestNeighbor"];
n11 -> n111;
n1 -> n11;
n12[label = "If_Then_Else"];
n120[label = "CplexTerminal"];
n12 -> n120;
n121[label = "WorstMove"];
n12 -> n121;
n122[label = "Equal"];
n1220[label = "BestMove"];
n122 -> n1220;
n1221[label = "NearestFirstNode"];
n122 -> n1221;
n12 -> n122;
n1 -> n12;
n -> n1;
}


Generation: 10
Best Individual:
Subpopulation 0:
Evaluated: true
Fitness: Standardized=0.29531434 Adjusted=0.77201337 Hits=0
Tree 0:
digraph g {
node [shape=rectangle];
n[label = "Or"];
n0[label = "CplexTerminal"];
n -> n0;
n1[label = "If_Then_Else"];
n10[label = "If_Then"];
n100[label = "FarthestInsertion"];
n10 -> n100;
n101[label = "FarthestNeighbor"];
n10 -> n101;
n1 -> n10;
n11[label = "If_Then"];
n110[label = "FarthestInsertion"];
n11 -> n110;
n111[label = "If_Then"];
n1110[label = "FarthestInsertion"];
n111 -> n1110;
n1111[label = "FarthestNeighbor"];
n111 -> n1111;
n11 -> n111;
n1 -> n11;
n12[label = "If_Then_Else"];
n120[label = "CplexTerminal"];
n12 -> n120;
n121[label = "WorstMove"];
n12 -> n121;
n122[label = "If_Then"];
n1220[label = "FarthestInsertion"];
n122 -> n1220;
n1221[label = "FarthestNeighbor"];
n122 -> n1221;
n12 -> n122;
n1 -> n12;
n -> n1;
}


Generation: 11
Best Individual:
Subpopulation 0:
Evaluated: true
Fitness: Standardized=0.29531434 Adjusted=0.77201337 Hits=0
Tree 0:
digraph g {
node [shape=rectangle];
n[label = "Or"];
n0[label = "CplexTerminal"];
n -> n0;
n1[label = "If_Then_Else"];
n10[label = "If_Then"];
n100[label = "FarthestInsertion"];
n10 -> n100;
n101[label = "FarthestNeighbor"];
n10 -> n101;
n1 -> n10;
n11[label = "If_Then"];
n110[label = "FarthestInsertion"];
n11 -> n110;
n111[label = "If_Then"];
n1110[label = "FarthestInsertion"];
n111 -> n1110;
n1111[label = "FarthestNeighbor"];
n111 -> n1111;
n11 -> n111;
n1 -> n11;
n12[label = "FarthestInsertion"];
n1 -> n12;
n -> n1;
}


Generation: 12
Best Individual:
Subpopulation 0:
Evaluated: true
Fitness: Standardized=0.29531434 Adjusted=0.77201337 Hits=0
Tree 0:
digraph g {
node [shape=rectangle];
n[label = "Or"];
n0[label = "CplexTerminal"];
n -> n0;
n1[label = "If_Then_Else"];
n10[label = "If_Then"];
n100[label = "FarthestInsertion"];
n10 -> n100;
n101[label = "FarthestNeighbor"];
n10 -> n101;
n1 -> n10;
n11[label = "If_Then"];
n110[label = "FarthestInsertion"];
n11 -> n110;
n111[label = "If_Then"];
n1110[label = "FarthestInsertion"];
n111 -> n1110;
n1111[label = "FarthestNeighbor"];
n111 -> n1111;
n11 -> n111;
n1 -> n11;
n12[label = "If_Then"];
n120[label = "FarthestInsertion"];
n12 -> n120;
n121[label = "FarthestNeighbor"];
n12 -> n121;
n1 -> n12;
n -> n1;
}


Generation: 13
Best Individual:
Subpopulation 0:
Evaluated: true
Fitness: Standardized=0.29531434 Adjusted=0.77201337 Hits=0
Tree 0:
digraph g {
node [shape=rectangle];
n[label = "Or"];
n0[label = "CplexTerminal"];
n -> n0;
n1[label = "If_Then_Else"];
n10[label = "If_Then"];
n100[label = "FarthestInsertion"];
n10 -> n100;
n101[label = "FarthestNeighbor"];
n10 -> n101;
n1 -> n10;
n11[label = "If_Then"];
n110[label = "FarthestInsertion"];
n11 -> n110;
n111[label = "If_Then"];
n1110[label = "FarthestInsertion"];
n111 -> n1110;
n1111[label = "FarthestNeighbor"];
n111 -> n1111;
n11 -> n111;
n1 -> n11;
n12[label = "If_Then"];
n120[label = "FarthestInsertion"];
n12 -> n120;
n121[label = "FarthestNeighbor"];
n12 -> n121;
n1 -> n12;
n -> n1;
}


Generation: 14
Best Individual:
Subpopulation 0:
Evaluated: true
Fitness: Standardized=0.29531434 Adjusted=0.77201337 Hits=0
Tree 0:
digraph g {
node [shape=rectangle];
n[label = "Or"];
n0[label = "CplexTerminal"];
n -> n0;
n1[label = "If_Then_Else"];
n10[label = "If_Then"];
n100[label = "FarthestInsertion"];
n10 -> n100;
n101[label = "FarthestNeighbor"];
n10 -> n101;
n1 -> n10;
n11[label = "If_Then"];
n110[label = "FarthestInsertion"];
n11 -> n110;
n111[label = "If_Then"];
n1110[label = "FarthestInsertion"];
n111 -> n1110;
n1111[label = "FarthestNeighbor"];
n111 -> n1111;
n11 -> n111;
n1 -> n11;
n12[label = "If_Then_Else"];
n120[label = "CplexTerminal"];
n12 -> n120;
n121[label = "WorstMove"];
n12 -> n121;
n122[label = "If_Then"];
n1220[label = "FarthestInsertion"];
n122 -> n1220;
n1221[label = "FarthestNeighbor"];
n122 -> n1221;
n12 -> n122;
n1 -> n12;
n -> n1;
}


Generation: 15
Best Individual:
Subpopulation 0:
Evaluated: true
Fitness: Standardized=0.29531434 Adjusted=0.77201337 Hits=0
Tree 0:
digraph g {
node [shape=rectangle];
n[label = "Or"];
n0[label = "CplexTerminal"];
n -> n0;
n1[label = "If_Then_Else"];
n10[label = "If_Then"];
n100[label = "FarthestInsertion"];
n10 -> n100;
n101[label = "FarthestNeighbor"];
n10 -> n101;
n1 -> n10;
n11[label = "If_Then"];
n110[label = "FarthestNeighbor"];
n11 -> n110;
n111[label = "If_Then"];
n1110[label = "FarthestInsertion"];
n111 -> n1110;
n1111[label = "FarthestNeighbor"];
n111 -> n1111;
n11 -> n111;
n1 -> n11;
n12[label = "If_Then_Else"];
n120[label = "CplexTerminal"];
n12 -> n120;
n121[label = "WorstMove"];
n12 -> n121;
n122[label = "If_Then"];
n1220[label = "BestMove"];
n122 -> n1220;
n1221[label = "FarthestNeighbor"];
n122 -> n1221;
n12 -> n122;
n1 -> n12;
n -> n1;
}


Generation: 16
Best Individual:
Subpopulation 0:
Evaluated: true
Fitness: Standardized=0.29531434 Adjusted=0.77201337 Hits=0
Tree 0:
digraph g {
node [shape=rectangle];
n[label = "Or"];
n0[label = "CplexTerminal"];
n -> n0;
n1[label = "If_Then_Else"];
n10[label = "If_Then"];
n100[label = "FarthestInsertion"];
n10 -> n100;
n101[label = "FarthestNeighbor"];
n10 -> n101;
n1 -> n10;
n11[label = "If_Then"];
n110[label = "FarthestInsertion"];
n11 -> n110;
n111[label = "If_Then"];
n1110[label = "FarthestInsertion"];
n111 -> n1110;
n1111[label = "FarthestNeighbor"];
n111 -> n1111;
n11 -> n111;
n1 -> n11;
n12[label = "If_Then_Else"];
n120[label = "CplexTerminal"];
n12 -> n120;
n121[label = "WorstMove"];
n12 -> n121;
n122[label = "If_Then"];
n1220[label = "FarthestInsertion"];
n122 -> n1220;
n1221[label = "FarthestNeighbor"];
n122 -> n1221;
n12 -> n122;
n1 -> n12;
n -> n1;
}


Generation: 17
Best Individual:
Subpopulation 0:
Evaluated: true
Fitness: Standardized=0.29531434 Adjusted=0.77201337 Hits=0
Tree 0:
digraph g {
node [shape=rectangle];
n[label = "Or"];
n0[label = "CplexTerminal"];
n -> n0;
n1[label = "If_Then_Else"];
n10[label = "If_Then"];
n100[label = "FarthestInsertion"];
n10 -> n100;
n101[label = "FarthestNeighbor"];
n10 -> n101;
n1 -> n10;
n11[label = "If_Then"];
n110[label = "FarthestInsertion"];
n11 -> n110;
n111[label = "If_Then"];
n1110[label = "FarthestInsertion"];
n111 -> n1110;
n1111[label = "FarthestNeighbor"];
n111 -> n1111;
n11 -> n111;
n1 -> n11;
n12[label = "If_Then"];
n120[label = "FarthestInsertion"];
n12 -> n120;
n121[label = "FarthestNeighbor"];
n12 -> n121;
n1 -> n12;
n -> n1;
}


Generation: 18
Best Individual:
Subpopulation 0:
Evaluated: true
Fitness: Standardized=0.29531434 Adjusted=0.77201337 Hits=0
Tree 0:
digraph g {
node [shape=rectangle];
n[label = "If_Then_Else"];
n0[label = "If_Then"];
n00[label = "FarthestInsertion"];
n0 -> n00;
n01[label = "FarthestNeighbor"];
n0 -> n01;
n -> n0;
n1[label = "If_Then"];
n10[label = "FarthestInsertion"];
n1 -> n10;
n11[label = "If_Then"];
n110[label = "FarthestInsertion"];
n11 -> n110;
n111[label = "FarthestNeighbor"];
n11 -> n111;
n1 -> n11;
n -> n1;
n2[label = "If_Then_Else"];
n20[label = "CplexTerminal"];
n2 -> n20;
n21[label = "WorstMove"];
n2 -> n21;
n22[label = "FarthestFirstNode"];
n2 -> n22;
n -> n2;
}


Generation: 19
Best Individual:
Subpopulation 0:
Evaluated: true
Fitness: Standardized=0.29531434 Adjusted=0.77201337 Hits=0
Tree 0:
digraph g {
node [shape=rectangle];
n[label = "Or"];
n0[label = "CplexTerminal"];
n -> n0;
n1[label = "If_Then_Else"];
n10[label = "If_Then"];
n100[label = "FarthestInsertion"];
n10 -> n100;
n101[label = "FarthestNeighbor"];
n10 -> n101;
n1 -> n10;
n11[label = "If_Then"];
n110[label = "FarthestInsertion"];
n11 -> n110;
n111[label = "If_Then"];
n1110[label = "FarthestInsertion"];
n111 -> n1110;
n1111[label = "FarthestNeighbor"];
n111 -> n1111;
n11 -> n111;
n1 -> n11;
n12[label = "FarthestInsertion"];
n1 -> n12;
n -> n1;
}


Generation: 20
Best Individual:
Subpopulation 0:
Evaluated: true
Fitness: Standardized=0.29531434 Adjusted=0.77201337 Hits=0
Tree 0:
digraph g {
node [shape=rectangle];
n[label = "Or"];
n0[label = "CplexTerminal"];
n -> n0;
n1[label = "If_Then_Else"];
n10[label = "If_Then"];
n100[label = "FarthestInsertion"];
n10 -> n100;
n101[label = "FarthestNeighbor"];
n10 -> n101;
n1 -> n10;
n11[label = "If_Then"];
n110[label = "FarthestInsertion"];
n11 -> n110;
n111[label = "If_Then"];
n1110[label = "FarthestInsertion"];
n111 -> n1110;
n1111[label = "FarthestNeighbor"];
n111 -> n1111;
n11 -> n111;
n1 -> n11;
n12[label = "If_Then_Else"];
n120[label = "CplexTerminal"];
n12 -> n120;
n121[label = "FarthestInsertion"];
n12 -> n121;
n122[label = "If_Then"];
n1220[label = "CplexTerminal"];
n122 -> n1220;
n1221[label = "FarthestNeighbor"];
n122 -> n1221;
n12 -> n122;
n1 -> n12;
n -> n1;
}


Generation: 21
Best Individual:
Subpopulation 0:
Evaluated: true
Fitness: Standardized=0.29531434 Adjusted=0.77201337 Hits=0
Tree 0:
digraph g {
node [shape=rectangle];
n[label = "Or"];
n0[label = "CplexTerminal"];
n -> n0;
n1[label = "If_Then_Else"];
n10[label = "If_Then"];
n100[label = "FarthestInsertion"];
n10 -> n100;
n101[label = "FarthestNeighbor"];
n10 -> n101;
n1 -> n10;
n11[label = "If_Then"];
n110[label = "FarthestInsertion"];
n11 -> n110;
n111[label = "If_Then"];
n1110[label = "FarthestInsertion"];
n111 -> n1110;
n1111[label = "FarthestNeighbor"];
n111 -> n1111;
n11 -> n111;
n1 -> n11;
n12[label = "If_Then_Else"];
n120[label = "CplexTerminal"];
n12 -> n120;
n121[label = "FarthestInsertion"];
n12 -> n121;
n122[label = "If_Then"];
n1220[label = "FarthestInsertion"];
n122 -> n1220;
n1221[label = "FarthestNeighbor"];
n122 -> n1221;
n12 -> n122;
n1 -> n12;
n -> n1;
}


Generation: 22
Best Individual:
Subpopulation 0:
Evaluated: true
Fitness: Standardized=0.29531434 Adjusted=0.77201337 Hits=0
Tree 0:
digraph g {
node [shape=rectangle];
n[label = "Or"];
n0[label = "CplexTerminal"];
n -> n0;
n1[label = "If_Then_Else"];
n10[label = "If_Then"];
n100[label = "FarthestInsertion"];
n10 -> n100;
n101[label = "FarthestNeighbor"];
n10 -> n101;
n1 -> n10;
n11[label = "If_Then"];
n110[label = "FarthestInsertion"];
n11 -> n110;
n111[label = "If_Then"];
n1110[label = "FarthestInsertion"];
n111 -> n1110;
n1111[label = "FarthestNeighbor"];
n111 -> n1111;
n11 -> n111;
n1 -> n11;
n12[label = "If_Then_Else"];
n120[label = "CplexTerminal"];
n12 -> n120;
n121[label = "FarthestInsertion"];
n12 -> n121;
n122[label = "If_Then"];
n1220[label = "CplexTerminal"];
n122 -> n1220;
n1221[label = "FarthestNeighbor"];
n122 -> n1221;
n12 -> n122;
n1 -> n12;
n -> n1;
}


Generation: 23
Best Individual:
Subpopulation 0:
Evaluated: true
Fitness: Standardized=0.29531434 Adjusted=0.77201337 Hits=0
Tree 0:
digraph g {
node [shape=rectangle];
n[label = "Or"];
n0[label = "CplexTerminal"];
n -> n0;
n1[label = "If_Then_Else"];
n10[label = "If_Then"];
n100[label = "FarthestInsertion"];
n10 -> n100;
n101[label = "FarthestNeighbor"];
n10 -> n101;
n1 -> n10;
n11[label = "If_Then"];
n110[label = "FarthestInsertion"];
n11 -> n110;
n111[label = "If_Then"];
n1110[label = "FarthestInsertion"];
n111 -> n1110;
n1111[label = "FarthestNeighbor"];
n111 -> n1111;
n11 -> n111;
n1 -> n11;
n12[label = "And"];
n120[label = "NearestInsertion"];
n12 -> n120;
n121[label = "FarthestNeighbor"];
n12 -> n121;
n1 -> n12;
n -> n1;
}


Generation: 24
Best Individual:
Subpopulation 0:
Evaluated: true
Fitness: Standardized=0.29531434 Adjusted=0.77201337 Hits=0
Tree 0:
digraph g {
node [shape=rectangle];
n[label = "Or"];
n0[label = "CplexTerminal"];
n -> n0;
n1[label = "If_Then_Else"];
n10[label = "If_Then"];
n100[label = "FarthestInsertion"];
n10 -> n100;
n101[label = "FarthestNeighbor"];
n10 -> n101;
n1 -> n10;
n11[label = "If_Then"];
n110[label = "FarthestInsertion"];
n11 -> n110;
n111[label = "If_Then"];
n1110[label = "FarthestInsertion"];
n111 -> n1110;
n1111[label = "FarthestNeighbor"];
n111 -> n1111;
n11 -> n111;
n1 -> n11;
n12[label = "And"];
n120[label = "NearestInsertion"];
n12 -> n120;
n121[label = "FarthestNeighbor"];
n12 -> n121;
n1 -> n12;
n -> n1;
}


Generation: 25
Best Individual:
Subpopulation 0:
Evaluated: true
Fitness: Standardized=0.28440526 Adjusted=0.7785705 Hits=0
Tree 0:
digraph g {
node [shape=rectangle];
n[label = "Or"];
n0[label = "CplexTerminal"];
n -> n0;
n1[label = "If_Then_Else"];
n10[label = "And"];
n100[label = "NearestInsertion"];
n10 -> n100;
n101[label = "FarthestNeighbor"];
n10 -> n101;
n1 -> n10;
n11[label = "If_Then"];
n110[label = "FarthestInsertion"];
n11 -> n110;
n111[label = "If_Then"];
n1110[label = "FarthestInsertion"];
n111 -> n1110;
n1111[label = "FarthestNeighbor"];
n111 -> n1111;
n11 -> n111;
n1 -> n11;
n12[label = "And"];
n120[label = "NearestInsertion"];
n12 -> n120;
n121[label = "FarthestNeighbor"];
n12 -> n121;
n1 -> n12;
n -> n1;
}


Generation: 26
Best Individual:
Subpopulation 0:
Evaluated: true
Fitness: Standardized=0.28440526 Adjusted=0.7785705 Hits=0
Tree 0:
digraph g {
node [shape=rectangle];
n[label = "Or"];
n0[label = "CplexTerminal"];
n -> n0;
n1[label = "If_Then_Else"];
n10[label = "And"];
n100[label = "NearestInsertion"];
n10 -> n100;
n101[label = "FarthestNeighbor"];
n10 -> n101;
n1 -> n10;
n11[label = "If_Then"];
n110[label = "FarthestInsertion"];
n11 -> n110;
n111[label = "If_Then"];
n1110[label = "FarthestInsertion"];
n111 -> n1110;
n1111[label = "FarthestNeighbor"];
n111 -> n1111;
n11 -> n111;
n1 -> n11;
n12[label = "And"];
n120[label = "NearestInsertion"];
n12 -> n120;
n121[label = "FarthestNeighbor"];
n12 -> n121;
n1 -> n12;
n -> n1;
}


Generation: 27
Best Individual:
Subpopulation 0:
Evaluated: true
Fitness: Standardized=0.28440526 Adjusted=0.7785705 Hits=0
Tree 0:
digraph g {
node [shape=rectangle];
n[label = "Equal"];
n0[label = "CplexTerminal"];
n -> n0;
n1[label = "If_Then_Else"];
n10[label = "And"];
n100[label = "NearestInsertion"];
n10 -> n100;
n101[label = "FarthestNeighbor"];
n10 -> n101;
n1 -> n10;
n11[label = "If_Then"];
n110[label = "FarthestInsertion"];
n11 -> n110;
n111[label = "If_Then"];
n1110[label = "FarthestInsertion"];
n111 -> n1110;
n1111[label = "FarthestNeighbor"];
n111 -> n1111;
n11 -> n111;
n1 -> n11;
n12[label = "And"];
n120[label = "NearestInsertion"];
n12 -> n120;
n121[label = "FarthestNeighbor"];
n12 -> n121;
n1 -> n12;
n -> n1;
}


Generation: 28
Best Individual:
Subpopulation 0:
Evaluated: true
Fitness: Standardized=0.28440526 Adjusted=0.7785705 Hits=0
Tree 0:
digraph g {
node [shape=rectangle];
n[label = "If_Then_Else"];
n0[label = "And"];
n00[label = "NearestInsertion"];
n0 -> n00;
n01[label = "FarthestNeighbor"];
n0 -> n01;
n -> n0;
n1[label = "If_Then"];
n10[label = "FarthestInsertion"];
n1 -> n10;
n11[label = "If_Then"];
n110[label = "FarthestInsertion"];
n11 -> n110;
n111[label = "FarthestNeighbor"];
n11 -> n111;
n1 -> n11;
n -> n1;
n2[label = "And"];
n20[label = "NearestInsertion"];
n2 -> n20;
n21[label = "FarthestNeighbor"];
n2 -> n21;
n -> n2;
}


Generation: 29
Best Individual:
Subpopulation 0:
Evaluated: true
Fitness: Standardized=0.28440526 Adjusted=0.7785705 Hits=0
Tree 0:
digraph g {
node [shape=rectangle];
n[label = "Or"];
n0[label = "CplexTerminal"];
n -> n0;
n1[label = "If_Then_Else"];
n10[label = "And"];
n100[label = "NearestInsertion"];
n10 -> n100;
n101[label = "FarthestNeighbor"];
n10 -> n101;
n1 -> n10;
n11[label = "If_Then"];
n110[label = "FarthestInsertion"];
n11 -> n110;
n111[label = "If_Then"];
n1110[label = "FarthestInsertion"];
n111 -> n1110;
n1111[label = "FarthestNeighbor"];
n111 -> n1111;
n11 -> n111;
n1 -> n11;
n12[label = "And"];
n120[label = "NearestInsertion"];
n12 -> n120;
n121[label = "FarthestNeighbor"];
n12 -> n121;
n1 -> n12;
n -> n1;
}


Generation: 30
Best Individual:
Subpopulation 0:
Evaluated: true
Fitness: Standardized=0.28440526 Adjusted=0.7785705 Hits=0
Tree 0:
digraph g {
node [shape=rectangle];
n[label = "Or"];
n0[label = "CplexTerminal"];
n -> n0;
n1[label = "If_Then_Else"];
n10[label = "And"];
n100[label = "NearestInsertion"];
n10 -> n100;
n101[label = "FarthestNeighbor"];
n10 -> n101;
n1 -> n10;
n11[label = "If_Then"];
n110[label = "FarthestInsertion"];
n11 -> n110;
n111[label = "If_Then"];
n1110[label = "FarthestInsertion"];
n111 -> n1110;
n1111[label = "FarthestNeighbor"];
n111 -> n1111;
n11 -> n111;
n1 -> n11;
n12[label = "FarthestInsertion"];
n1 -> n12;
n -> n1;
}


Generation: 31
Best Individual:
Subpopulation 0:
Evaluated: true
Fitness: Standardized=0.28440526 Adjusted=0.7785705 Hits=0
Tree 0:
digraph g {
node [shape=rectangle];
n[label = "Or"];
n0[label = "CplexTerminal"];
n -> n0;
n1[label = "If_Then_Else"];
n10[label = "And"];
n100[label = "NearestNeighbor"];
n10 -> n100;
n101[label = "FarthestNeighbor"];
n10 -> n101;
n1 -> n10;
n11[label = "If_Then"];
n110[label = "FarthestInsertion"];
n11 -> n110;
n111[label = "If_Then"];
n1110[label = "FarthestInsertion"];
n111 -> n1110;
n1111[label = "FarthestNeighbor"];
n111 -> n1111;
n11 -> n111;
n1 -> n11;
n12[label = "FarthestInsertion"];
n1 -> n12;
n -> n1;
}


Generation: 32
Best Individual:
Subpopulation 0:
Evaluated: true
Fitness: Standardized=0.28440526 Adjusted=0.7785705 Hits=0
Tree 0:
digraph g {
node [shape=rectangle];
n[label = "Or"];
n0[label = "CplexTerminal"];
n -> n0;
n1[label = "If_Then_Else"];
n10[label = "And"];
n100[label = "NearestNeighbor"];
n10 -> n100;
n101[label = "FarthestNeighbor"];
n10 -> n101;
n1 -> n10;
n11[label = "If_Then"];
n110[label = "FarthestInsertion"];
n11 -> n110;
n111[label = "If_Then"];
n1110[label = "FarthestInsertion"];
n111 -> n1110;
n1111[label = "FarthestNeighbor"];
n111 -> n1111;
n11 -> n111;
n1 -> n11;
n12[label = "If_Then"];
n120[label = "FarthestInsertion"];
n12 -> n120;
n121[label = "FarthestNeighbor"];
n12 -> n121;
n1 -> n12;
n -> n1;
}


Generation: 33
Best Individual:
Subpopulation 0:
Evaluated: true
Fitness: Standardized=0.28440526 Adjusted=0.7785705 Hits=0
Tree 0:
digraph g {
node [shape=rectangle];
n[label = "Or"];
n0[label = "CplexTerminal"];
n -> n0;
n1[label = "If_Then_Else"];
n10[label = "And"];
n100[label = "NearestNeighbor"];
n10 -> n100;
n101[label = "FarthestNeighbor"];
n10 -> n101;
n1 -> n10;
n11[label = "If_Then"];
n110[label = "FarthestInsertion"];
n11 -> n110;
n111[label = "If_Then"];
n1110[label = "FarthestInsertion"];
n111 -> n1110;
n1111[label = "FarthestNeighbor"];
n111 -> n1111;
n11 -> n111;
n1 -> n11;
n12[label = "FarthestInsertion"];
n1 -> n12;
n -> n1;
}


Generation: 34
Best Individual:
Subpopulation 0:
Evaluated: true
Fitness: Standardized=0.28440526 Adjusted=0.7785705 Hits=0
Tree 0:
digraph g {
node [shape=rectangle];
n[label = "Or"];
n0[label = "CplexTerminal"];
n -> n0;
n1[label = "If_Then_Else"];
n10[label = "And"];
n100[label = "NearestInsertion"];
n10 -> n100;
n101[label = "FarthestNeighbor"];
n10 -> n101;
n1 -> n10;
n11[label = "If_Then"];
n110[label = "FarthestInsertion"];
n11 -> n110;
n111[label = "If_Then"];
n1110[label = "FarthestInsertion"];
n111 -> n1110;
n1111[label = "FarthestNeighbor"];
n111 -> n1111;
n11 -> n111;
n1 -> n11;
n12[label = "And"];
n120[label = "NearestInsertion"];
n12 -> n120;
n121[label = "FarthestNeighbor"];
n12 -> n121;
n1 -> n12;
n -> n1;
}


Generation: 35
Best Individual:
Subpopulation 0:
Evaluated: true
Fitness: Standardized=0.28440526 Adjusted=0.7785705 Hits=0
Tree 0:
digraph g {
node [shape=rectangle];
n[label = "Or"];
n0[label = "CplexTerminal"];
n -> n0;
n1[label = "If_Then_Else"];
n10[label = "And"];
n100[label = "NearestNeighbor"];
n10 -> n100;
n101[label = "FarthestNeighbor"];
n10 -> n101;
n1 -> n10;
n11[label = "If_Then"];
n110[label = "FarthestInsertion"];
n11 -> n110;
n111[label = "And"];
n1110[label = "FarthestInsertion"];
n111 -> n1110;
n1111[label = "FarthestFirstNode"];
n111 -> n1111;
n11 -> n111;
n1 -> n11;
n12[label = "And"];
n120[label = "NearestInsertion"];
n12 -> n120;
n121[label = "FarthestNeighbor"];
n12 -> n121;
n1 -> n12;
n -> n1;
}


Generation: 36
Best Individual:
Subpopulation 0:
Evaluated: true
Fitness: Standardized=0.28440526 Adjusted=0.7785705 Hits=0
Tree 0:
digraph g {
node [shape=rectangle];
n[label = "Or"];
n0[label = "CplexTerminal"];
n -> n0;
n1[label = "If_Then_Else"];
n10[label = "And"];
n100[label = "NearestInsertion"];
n10 -> n100;
n101[label = "FarthestNeighbor"];
n10 -> n101;
n1 -> n10;
n11[label = "If_Then"];
n110[label = "FarthestInsertion"];
n11 -> n110;
n111[label = "If_Then"];
n1110[label = "FarthestInsertion"];
n111 -> n1110;
n1111[label = "FarthestNeighbor"];
n111 -> n1111;
n11 -> n111;
n1 -> n11;
n12[label = "FarthestInsertion"];
n1 -> n12;
n -> n1;
}


Generation: 37
Best Individual:
Subpopulation 0:
Evaluated: true
Fitness: Standardized=0.28440526 Adjusted=0.7785705 Hits=0
Tree 0:
digraph g {
node [shape=rectangle];
n[label = "Or"];
n0[label = "CplexTerminal"];
n -> n0;
n1[label = "If_Then_Else"];
n10[label = "And"];
n100[label = "NearestNeighbor"];
n10 -> n100;
n101[label = "FarthestNeighbor"];
n10 -> n101;
n1 -> n10;
n11[label = "If_Then"];
n110[label = "FarthestInsertion"];
n11 -> n110;
n111[label = "And"];
n1110[label = "FarthestInsertion"];
n111 -> n1110;
n1111[label = "FarthestFirstNode"];
n111 -> n1111;
n11 -> n111;
n1 -> n11;
n12[label = "FarthestInsertion"];
n1 -> n12;
n -> n1;
}


Generation: 38
Best Individual:
Subpopulation 0:
Evaluated: true
Fitness: Standardized=0.28440526 Adjusted=0.7785705 Hits=0
Tree 0:
digraph g {
node [shape=rectangle];
n[label = "Or"];
n0[label = "CplexTerminal"];
n -> n0;
n1[label = "If_Then_Else"];
n10[label = "And"];
n100[label = "NearestNeighbor"];
n10 -> n100;
n101[label = "FarthestNeighbor"];
n10 -> n101;
n1 -> n10;
n11[label = "If_Then"];
n110[label = "FarthestInsertion"];
n11 -> n110;
n111[label = "And"];
n1110[label = "FarthestInsertion"];
n111 -> n1110;
n1111[label = "FarthestFirstNode"];
n111 -> n1111;
n11 -> n111;
n1 -> n11;
n12[label = "FarthestInsertion"];
n1 -> n12;
n -> n1;
}


Generation: 39
Best Individual:
Subpopulation 0:
Evaluated: true
Fitness: Standardized=0.28440526 Adjusted=0.7785705 Hits=0
Tree 0:
digraph g {
node [shape=rectangle];
n[label = "Or"];
n0[label = "CplexTerminal"];
n -> n0;
n1[label = "If_Then_Else"];
n10[label = "And"];
n100[label = "NearestNeighbor"];
n10 -> n100;
n101[label = "FarthestNeighbor"];
n10 -> n101;
n1 -> n10;
n11[label = "If_Then"];
n110[label = "FarthestInsertion"];
n11 -> n110;
n111[label = "And"];
n1110[label = "FarthestInsertion"];
n111 -> n1110;
n1111[label = "FarthestFirstNode"];
n111 -> n1111;
n11 -> n111;
n1 -> n11;
n12[label = "FarthestInsertion"];
n1 -> n12;
n -> n1;
}


Generation: 40
Best Individual:
Subpopulation 0:
Evaluated: true
Fitness: Standardized=0.28440526 Adjusted=0.7785705 Hits=0
Tree 0:
digraph g {
node [shape=rectangle];
n[label = "Or"];
n0[label = "CplexTerminal"];
n -> n0;
n1[label = "If_Then_Else"];
n10[label = "And"];
n100[label = "NearestInsertion"];
n10 -> n100;
n101[label = "FarthestNeighbor"];
n10 -> n101;
n1 -> n10;
n11[label = "If_Then"];
n110[label = "FarthestInsertion"];
n11 -> n110;
n111[label = "And"];
n1110[label = "FarthestInsertion"];
n111 -> n1110;
n1111[label = "FarthestFirstNode"];
n111 -> n1111;
n11 -> n111;
n1 -> n11;
n12[label = "FarthestInsertion"];
n1 -> n12;
n -> n1;
}


Generation: 41
Best Individual:
Subpopulation 0:
Evaluated: true
Fitness: Standardized=0.28440526 Adjusted=0.7785705 Hits=0
Tree 0:
digraph g {
node [shape=rectangle];
n[label = "Or"];
n0[label = "CplexTerminal"];
n -> n0;
n1[label = "If_Then_Else"];
n10[label = "And"];
n100[label = "NearestNeighbor"];
n10 -> n100;
n101[label = "FarthestNeighbor"];
n10 -> n101;
n1 -> n10;
n11[label = "If_Then"];
n110[label = "FarthestInsertion"];
n11 -> n110;
n111[label = "And"];
n1110[label = "FarthestInsertion"];
n111 -> n1110;
n1111[label = "FarthestFirstNode"];
n111 -> n1111;
n11 -> n111;
n1 -> n11;
n12[label = "If_Then"];
n120[label = "FarthestInsertion"];
n12 -> n120;
n121[label = "If_Then"];
n1210[label = "FarthestInsertion"];
n121 -> n1210;
n1211[label = "FarthestFirstNode"];
n121 -> n1211;
n12 -> n121;
n1 -> n12;
n -> n1;
}


Generation: 42
Best Individual:
Subpopulation 0:
Evaluated: true
Fitness: Standardized=0.28440526 Adjusted=0.7785705 Hits=0
Tree 0:
digraph g {
node [shape=rectangle];
n[label = "Or"];
n0[label = "CplexTerminal"];
n -> n0;
n1[label = "If_Then_Else"];
n10[label = "And"];
n100[label = "NearestNeighbor"];
n10 -> n100;
n101[label = "FarthestNeighbor"];
n10 -> n101;
n1 -> n10;
n11[label = "If_Then"];
n110[label = "FarthestInsertion"];
n11 -> n110;
n111[label = "And"];
n1110[label = "FarthestInsertion"];
n111 -> n1110;
n1111[label = "FarthestFirstNode"];
n111 -> n1111;
n11 -> n111;
n1 -> n11;
n12[label = "If_Then"];
n120[label = "FarthestInsertion"];
n12 -> n120;
n121[label = "And"];
n1210[label = "FarthestInsertion"];
n121 -> n1210;
n1211[label = "FarthestFirstNode"];
n121 -> n1211;
n12 -> n121;
n1 -> n12;
n -> n1;
}


Generation: 43
Best Individual:
Subpopulation 0:
Evaluated: true
Fitness: Standardized=0.28440526 Adjusted=0.7785705 Hits=0
Tree 0:
digraph g {
node [shape=rectangle];
n[label = "Or"];
n0[label = "CplexTerminal"];
n -> n0;
n1[label = "If_Then_Else"];
n10[label = "And"];
n100[label = "NearestNeighbor"];
n10 -> n100;
n101[label = "FarthestNeighbor"];
n10 -> n101;
n1 -> n10;
n11[label = "If_Then"];
n110[label = "FarthestInsertion"];
n11 -> n110;
n111[label = "And"];
n1110[label = "FarthestInsertion"];
n111 -> n1110;
n1111[label = "FarthestFirstNode"];
n111 -> n1111;
n11 -> n111;
n1 -> n11;
n12[label = "If_Then"];
n120[label = "FarthestInsertion"];
n12 -> n120;
n121[label = "If_Then"];
n1210[label = "FarthestInsertion"];
n121 -> n1210;
n1211[label = "FarthestFirstNode"];
n121 -> n1211;
n12 -> n121;
n1 -> n12;
n -> n1;
}


Generation: 44
Best Individual:
Subpopulation 0:
Evaluated: true
Fitness: Standardized=0.28440526 Adjusted=0.7785705 Hits=0
Tree 0:
digraph g {
node [shape=rectangle];
n[label = "Or"];
n0[label = "CplexTerminal"];
n -> n0;
n1[label = "If_Then_Else"];
n10[label = "And"];
n100[label = "NearestNeighbor"];
n10 -> n100;
n101[label = "FarthestNeighbor"];
n10 -> n101;
n1 -> n10;
n11[label = "If_Then"];
n110[label = "FarthestInsertion"];
n11 -> n110;
n111[label = "And"];
n1110[label = "FarthestInsertion"];
n111 -> n1110;
n1111[label = "FarthestFirstNode"];
n111 -> n1111;
n11 -> n111;
n1 -> n11;
n12[label = "If_Then"];
n120[label = "FarthestInsertion"];
n12 -> n120;
n121[label = "And"];
n1210[label = "FarthestInsertion"];
n121 -> n1210;
n1211[label = "FarthestFirstNode"];
n121 -> n1211;
n12 -> n121;
n1 -> n12;
n -> n1;
}


Generation: 45
Best Individual:
Subpopulation 0:
Evaluated: true
Fitness: Standardized=0.28440526 Adjusted=0.7785705 Hits=0
Tree 0:
digraph g {
node [shape=rectangle];
n[label = "Or"];
n0[label = "CplexTerminal"];
n -> n0;
n1[label = "If_Then_Else"];
n10[label = "And"];
n100[label = "NearestNeighbor"];
n10 -> n100;
n101[label = "FarthestNeighbor"];
n10 -> n101;
n1 -> n10;
n11[label = "If_Then"];
n110[label = "FarthestInsertion"];
n11 -> n110;
n111[label = "If_Then"];
n1110[label = "FarthestInsertion"];
n111 -> n1110;
n1111[label = "FarthestFirstNode"];
n111 -> n1111;
n11 -> n111;
n1 -> n11;
n12[label = "If_Then"];
n120[label = "FarthestInsertion"];
n12 -> n120;
n121[label = "And"];
n1210[label = "FarthestInsertion"];
n121 -> n1210;
n1211[label = "FarthestFirstNode"];
n121 -> n1211;
n12 -> n121;
n1 -> n12;
n -> n1;
}


Generation: 46
Best Individual:
Subpopulation 0:
Evaluated: true
Fitness: Standardized=0.28440526 Adjusted=0.7785705 Hits=0
Tree 0:
digraph g {
node [shape=rectangle];
n[label = "Or"];
n0[label = "CplexTerminal"];
n -> n0;
n1[label = "If_Then_Else"];
n10[label = "And"];
n100[label = "NearestNeighbor"];
n10 -> n100;
n101[label = "FarthestNeighbor"];
n10 -> n101;
n1 -> n10;
n11[label = "If_Then"];
n110[label = "FarthestInsertion"];
n11 -> n110;
n111[label = "And"];
n1110[label = "FarthestInsertion"];
n111 -> n1110;
n1111[label = "FarthestFirstNode"];
n111 -> n1111;
n11 -> n111;
n1 -> n11;
n12[label = "If_Then"];
n120[label = "FarthestInsertion"];
n12 -> n120;
n121[label = "And"];
n1210[label = "FarthestInsertion"];
n121 -> n1210;
n1211[label = "FarthestFirstNode"];
n121 -> n1211;
n12 -> n121;
n1 -> n12;
n -> n1;
}


Generation: 47
Best Individual:
Subpopulation 0:
Evaluated: true
Fitness: Standardized=0.28440526 Adjusted=0.7785705 Hits=0
Tree 0:
digraph g {
node [shape=rectangle];
n[label = "Equal"];
n0[label = "CplexTerminal"];
n -> n0;
n1[label = "If_Then_Else"];
n10[label = "And"];
n100[label = "NearestNeighbor"];
n10 -> n100;
n101[label = "FarthestNeighbor"];
n10 -> n101;
n1 -> n10;
n11[label = "If_Then"];
n110[label = "FarthestInsertion"];
n11 -> n110;
n111[label = "And"];
n1110[label = "FarthestInsertion"];
n111 -> n1110;
n1111[label = "FarthestFirstNode"];
n111 -> n1111;
n11 -> n111;
n1 -> n11;
n12[label = "If_Then"];
n120[label = "FarthestInsertion"];
n12 -> n120;
n121[label = "And"];
n1210[label = "FarthestInsertion"];
n121 -> n1210;
n1211[label = "FarthestFirstNode"];
n121 -> n1211;
n12 -> n121;
n1 -> n12;
n -> n1;
}


Generation: 48
Best Individual:
Subpopulation 0:
Evaluated: true
Fitness: Standardized=0.28440526 Adjusted=0.7785705 Hits=0
Tree 0:
digraph g {
node [shape=rectangle];
n[label = "Or"];
n0[label = "CplexTerminal"];
n -> n0;
n1[label = "If_Then_Else"];
n10[label = "And"];
n100[label = "NearestNeighbor"];
n10 -> n100;
n101[label = "FarthestNeighbor"];
n10 -> n101;
n1 -> n10;
n11[label = "If_Then"];
n110[label = "FarthestInsertion"];
n11 -> n110;
n111[label = "And"];
n1110[label = "FarthestInsertion"];
n111 -> n1110;
n1111[label = "FarthestFirstNode"];
n111 -> n1111;
n11 -> n111;
n1 -> n11;
n12[label = "If_Then"];
n120[label = "FarthestInsertion"];
n12 -> n120;
n121[label = "And"];
n1210[label = "FarthestInsertion"];
n121 -> n1210;
n1211[label = "FarthestFirstNode"];
n121 -> n1211;
n12 -> n121;
n1 -> n12;
n -> n1;
}


Generation: 49
Best Individual:
Subpopulation 0:
Evaluated: true
Fitness: Standardized=0.28440526 Adjusted=0.7785705 Hits=0
Tree 0:
digraph g {
node [shape=rectangle];
n[label = "Or"];
n0[label = "CplexTerminal"];
n -> n0;
n1[label = "If_Then_Else"];
n10[label = "And"];
n100[label = "NearestNeighbor"];
n10 -> n100;
n101[label = "FarthestNeighbor"];
n10 -> n101;
n1 -> n10;
n11[label = "If_Then"];
n110[label = "FarthestInsertion"];
n11 -> n110;
n111[label = "And"];
n1110[label = "FarthestInsertion"];
n111 -> n1110;
n1111[label = "FarthestFirstNode"];
n111 -> n1111;
n11 -> n111;
n1 -> n11;
n12[label = "If_Then"];
n120[label = "FarthestInsertion"];
n12 -> n120;
n121[label = "If_Then"];
n1210[label = "FarthestInsertion"];
n121 -> n1210;
n1211[label = "FarthestFirstNode"];
n121 -> n1211;
n12 -> n121;
n1 -> n12;
n -> n1;
}


Generation: 50
Best Individual:
Subpopulation 0:
Evaluated: true
Fitness: Standardized=0.28440526 Adjusted=0.7785705 Hits=0
Tree 0:
digraph g {
node [shape=rectangle];
n[label = "Or"];
n0[label = "CplexTerminal"];
n -> n0;
n1[label = "If_Then_Else"];
n10[label = "And"];
n100[label = "NearestNeighbor"];
n10 -> n100;
n101[label = "FarthestNeighbor"];
n10 -> n101;
n1 -> n10;
n11[label = "If_Then"];
n110[label = "FarthestInsertion"];
n11 -> n110;
n111[label = "And"];
n1110[label = "FarthestInsertion"];
n111 -> n1110;
n1111[label = "FarthestFirstNode"];
n111 -> n1111;
n11 -> n111;
n1 -> n11;
n12[label = "FarthestInsertion"];
n1 -> n12;
n -> n1;
}


Generation: 51
Best Individual:
Subpopulation 0:
Evaluated: true
Fitness: Standardized=0.28440526 Adjusted=0.7785705 Hits=0
Tree 0:
digraph g {
node [shape=rectangle];
n[label = "Or"];
n0[label = "CplexTerminal"];
n -> n0;
n1[label = "If_Then_Else"];
n10[label = "And"];
n100[label = "NearestNeighbor"];
n10 -> n100;
n101[label = "FarthestNeighbor"];
n10 -> n101;
n1 -> n10;
n11[label = "If_Then"];
n110[label = "FarthestInsertion"];
n11 -> n110;
n111[label = "And"];
n1110[label = "FarthestInsertion"];
n111 -> n1110;
n1111[label = "FarthestFirstNode"];
n111 -> n1111;
n11 -> n111;
n1 -> n11;
n12[label = "If_Then"];
n120[label = "FarthestInsertion"];
n12 -> n120;
n121[label = "If_Then"];
n1210[label = "FarthestInsertion"];
n121 -> n1210;
n1211[label = "FarthestFirstNode"];
n121 -> n1211;
n12 -> n121;
n1 -> n12;
n -> n1;
}


Generation: 52
Best Individual:
Subpopulation 0:
Evaluated: true
Fitness: Standardized=0.28440526 Adjusted=0.7785705 Hits=0
Tree 0:
digraph g {
node [shape=rectangle];
n[label = "Or"];
n0[label = "CplexTerminal"];
n -> n0;
n1[label = "If_Then_Else"];
n10[label = "And"];
n100[label = "NearestNeighbor"];
n10 -> n100;
n101[label = "FarthestNeighbor"];
n10 -> n101;
n1 -> n10;
n11[label = "If_Then"];
n110[label = "FarthestInsertion"];
n11 -> n110;
n111[label = "And"];
n1110[label = "FarthestInsertion"];
n111 -> n1110;
n1111[label = "FarthestFirstNode"];
n111 -> n1111;
n11 -> n111;
n1 -> n11;
n12[label = "If_Then"];
n120[label = "FarthestInsertion"];
n12 -> n120;
n121[label = "If_Then"];
n1210[label = "FarthestInsertion"];
n121 -> n1210;
n1211[label = "FarthestFirstNode"];
n121 -> n1211;
n12 -> n121;
n1 -> n12;
n -> n1;
}


Generation: 53
Best Individual:
Subpopulation 0:
Evaluated: true
Fitness: Standardized=0.28440526 Adjusted=0.7785705 Hits=0
Tree 0:
digraph g {
node [shape=rectangle];
n[label = "Or"];
n0[label = "CplexTerminal"];
n -> n0;
n1[label = "If_Then_Else"];
n10[label = "And"];
n100[label = "NearestNeighbor"];
n10 -> n100;
n101[label = "FarthestNeighbor"];
n10 -> n101;
n1 -> n10;
n11[label = "If_Then"];
n110[label = "FarthestInsertion"];
n11 -> n110;
n111[label = "And"];
n1110[label = "FarthestInsertion"];
n111 -> n1110;
n1111[label = "FarthestFirstNode"];
n111 -> n1111;
n11 -> n111;
n1 -> n11;
n12[label = "While"];
n120[label = "FarthestInsertion"];
n12 -> n120;
n121[label = "FarthestFirstNode"];
n12 -> n121;
n1 -> n12;
n -> n1;
}


Generation: 54
Best Individual:
Subpopulation 0:
Evaluated: true
Fitness: Standardized=0.28440526 Adjusted=0.7785705 Hits=0
Tree 0:
digraph g {
node [shape=rectangle];
n[label = "Or"];
n0[label = "CplexTerminal"];
n -> n0;
n1[label = "If_Then_Else"];
n10[label = "And"];
n100[label = "NearestNeighbor"];
n10 -> n100;
n101[label = "FarthestNeighbor"];
n10 -> n101;
n1 -> n10;
n11[label = "If_Then"];
n110[label = "FarthestInsertion"];
n11 -> n110;
n111[label = "And"];
n1110[label = "FarthestInsertion"];
n111 -> n1110;
n1111[label = "FarthestFirstNode"];
n111 -> n1111;
n11 -> n111;
n1 -> n11;
n12[label = "If_Then"];
n120[label = "FarthestInsertion"];
n12 -> n120;
n121[label = "If_Then"];
n1210[label = "FarthestInsertion"];
n121 -> n1210;
n1211[label = "FarthestFirstNode"];
n121 -> n1211;
n12 -> n121;
n1 -> n12;
n -> n1;
}


Generation: 55
Best Individual:
Subpopulation 0:
Evaluated: true
Fitness: Standardized=0.28440526 Adjusted=0.7785705 Hits=0
Tree 0:
digraph g {
node [shape=rectangle];
n[label = "Or"];
n0[label = "CplexTerminal"];
n -> n0;
n1[label = "If_Then_Else"];
n10[label = "And"];
n100[label = "NearestNeighbor"];
n10 -> n100;
n101[label = "FarthestNeighbor"];
n10 -> n101;
n1 -> n10;
n11[label = "If_Then"];
n110[label = "FarthestInsertion"];
n11 -> n110;
n111[label = "And"];
n1110[label = "FarthestInsertion"];
n111 -> n1110;
n1111[label = "FarthestInsertion"];
n111 -> n1111;
n11 -> n111;
n1 -> n11;
n12[label = "If_Then"];
n120[label = "FarthestInsertion"];
n12 -> n120;
n121[label = "If_Then"];
n1210[label = "FarthestInsertion"];
n121 -> n1210;
n1211[label = "FarthestFirstNode"];
n121 -> n1211;
n12 -> n121;
n1 -> n12;
n -> n1;
}


Generation: 56
Best Individual:
Subpopulation 0:
Evaluated: true
Fitness: Standardized=0.28440526 Adjusted=0.7785705 Hits=0
Tree 0:
digraph g {
node [shape=rectangle];
n[label = "Or"];
n0[label = "CplexTerminal"];
n -> n0;
n1[label = "If_Then_Else"];
n10[label = "And"];
n100[label = "NearestNeighbor"];
n10 -> n100;
n101[label = "FarthestNeighbor"];
n10 -> n101;
n1 -> n10;
n11[label = "If_Then"];
n110[label = "FarthestInsertion"];
n11 -> n110;
n111[label = "And"];
n1110[label = "FarthestInsertion"];
n111 -> n1110;
n1111[label = "FarthestFirstNode"];
n111 -> n1111;
n11 -> n111;
n1 -> n11;
n12[label = "And"];
n120[label = "FarthestInsertion"];
n12 -> n120;
n121[label = "If_Then"];
n1210[label = "FarthestInsertion"];
n121 -> n1210;
n1211[label = "FarthestFirstNode"];
n121 -> n1211;
n12 -> n121;
n1 -> n12;
n -> n1;
}


Generation: 57
Best Individual:
Subpopulation 0:
Evaluated: true
Fitness: Standardized=0.28440526 Adjusted=0.7785705 Hits=0
Tree 0:
digraph g {
node [shape=rectangle];
n[label = "Equal"];
n0[label = "CplexTerminal"];
n -> n0;
n1[label = "If_Then_Else"];
n10[label = "And"];
n100[label = "NearestNeighbor"];
n10 -> n100;
n101[label = "FarthestNeighbor"];
n10 -> n101;
n1 -> n10;
n11[label = "If_Then"];
n110[label = "FarthestInsertion"];
n11 -> n110;
n111[label = "And"];
n1110[label = "FarthestInsertion"];
n111 -> n1110;
n1111[label = "FarthestFirstNode"];
n111 -> n1111;
n11 -> n111;
n1 -> n11;
n12[label = "And"];
n120[label = "FarthestInsertion"];
n12 -> n120;
n121[label = "If_Then"];
n1210[label = "FarthestInsertion"];
n121 -> n1210;
n1211[label = "FarthestFirstNode"];
n121 -> n1211;
n12 -> n121;
n1 -> n12;
n -> n1;
}


Generation: 58
Best Individual:
Subpopulation 0:
Evaluated: true
Fitness: Standardized=0.28440526 Adjusted=0.7785705 Hits=0
Tree 0:
digraph g {
node [shape=rectangle];
n[label = "Equal"];
n0[label = "CplexTerminal"];
n -> n0;
n1[label = "If_Then_Else"];
n10[label = "And"];
n100[label = "NearestNeighbor"];
n10 -> n100;
n101[label = "FarthestNeighbor"];
n10 -> n101;
n1 -> n10;
n11[label = "If_Then"];
n110[label = "FarthestInsertion"];
n11 -> n110;
n111[label = "And"];
n1110[label = "FarthestInsertion"];
n111 -> n1110;
n1111[label = "FarthestFirstNode"];
n111 -> n1111;
n11 -> n111;
n1 -> n11;
n12[label = "If_Then"];
n120[label = "FarthestInsertion"];
n12 -> n120;
n121[label = "While"];
n1210[label = "FarthestInsertion"];
n121 -> n1210;
n1211[label = "FarthestFirstNode"];
n121 -> n1211;
n12 -> n121;
n1 -> n12;
n -> n1;
}


Generation: 59
Best Individual:
Subpopulation 0:
Evaluated: true
Fitness: Standardized=0.28440526 Adjusted=0.7785705 Hits=0
Tree 0:
digraph g {
node [shape=rectangle];
n[label = "Or"];
n0[label = "CplexTerminal"];
n -> n0;
n1[label = "If_Then_Else"];
n10[label = "And"];
n100[label = "NearestNeighbor"];
n10 -> n100;
n101[label = "FarthestNeighbor"];
n10 -> n101;
n1 -> n10;
n11[label = "If_Then"];
n110[label = "FarthestInsertion"];
n11 -> n110;
n111[label = "And"];
n1110[label = "FarthestNeighbor"];
n111 -> n1110;
n1111[label = "FarthestFirstNode"];
n111 -> n1111;
n11 -> n111;
n1 -> n11;
n12[label = "While"];
n120[label = "FarthestInsertion"];
n12 -> n120;
n121[label = "And"];
n1210[label = "NearestNeighbor"];
n121 -> n1210;
n1211[label = "FarthestNeighbor"];
n121 -> n1211;
n12 -> n121;
n1 -> n12;
n -> n1;
}


Generation: 60
Best Individual:
Subpopulation 0:
Evaluated: true
Fitness: Standardized=0.28440526 Adjusted=0.7785705 Hits=0
Tree 0:
digraph g {
node [shape=rectangle];
n[label = "Or"];
n0[label = "CplexTerminal"];
n -> n0;
n1[label = "If_Then_Else"];
n10[label = "And"];
n100[label = "NearestNeighbor"];
n10 -> n100;
n101[label = "FarthestNeighbor"];
n10 -> n101;
n1 -> n10;
n11[label = "If_Then"];
n110[label = "FarthestInsertion"];
n11 -> n110;
n111[label = "And"];
n1110[label = "FarthestInsertion"];
n111 -> n1110;
n1111[label = "FarthestFirstNode"];
n111 -> n1111;
n11 -> n111;
n1 -> n11;
n12[label = "While"];
n120[label = "FarthestInsertion"];
n12 -> n120;
n121[label = "And"];
n1210[label = "NearestNeighbor"];
n121 -> n1210;
n1211[label = "FarthestNeighbor"];
n121 -> n1211;
n12 -> n121;
n1 -> n12;
n -> n1;
}


Generation: 61
Best Individual:
Subpopulation 0:
Evaluated: true
Fitness: Standardized=0.28440526 Adjusted=0.7785705 Hits=0
Tree 0:
digraph g {
node [shape=rectangle];
n[label = "Or"];
n0[label = "CplexTerminal"];
n -> n0;
n1[label = "If_Then_Else"];
n10[label = "And"];
n100[label = "NearestNeighbor"];
n10 -> n100;
n101[label = "FarthestNeighbor"];
n10 -> n101;
n1 -> n10;
n11[label = "If_Then"];
n110[label = "FarthestInsertion"];
n11 -> n110;
n111[label = "And"];
n1110[label = "FarthestInsertion"];
n111 -> n1110;
n1111[label = "FarthestFirstNode"];
n111 -> n1111;
n11 -> n111;
n1 -> n11;
n12[label = "While"];
n120[label = "FarthestInsertion"];
n12 -> n120;
n121[label = "And"];
n1210[label = "FarthestFirstNode"];
n121 -> n1210;
n1211[label = "FarthestFirstNode"];
n121 -> n1211;
n12 -> n121;
n1 -> n12;
n -> n1;
}


Generation: 62
Best Individual:
Subpopulation 0:
Evaluated: true
Fitness: Standardized=0.28440526 Adjusted=0.7785705 Hits=0
Tree 0:
digraph g {
node [shape=rectangle];
n[label = "Or"];
n0[label = "CplexTerminal"];
n -> n0;
n1[label = "If_Then_Else"];
n10[label = "And"];
n100[label = "NearestNeighbor"];
n10 -> n100;
n101[label = "FarthestNeighbor"];
n10 -> n101;
n1 -> n10;
n11[label = "If_Then"];
n110[label = "FarthestInsertion"];
n11 -> n110;
n111[label = "And"];
n1110[label = "FarthestInsertion"];
n111 -> n1110;
n1111[label = "FarthestFirstNode"];
n111 -> n1111;
n11 -> n111;
n1 -> n11;
n12[label = "And"];
n120[label = "Equal"];
n1200[label = "FarthestInsertion"];
n120 -> n1200;
n1201[label = "FarthestFirstNode"];
n120 -> n1201;
n12 -> n120;
n121[label = "And"];
n1210[label = "FarthestInsertion"];
n121 -> n1210;
n1211[label = "FarthestFirstNode"];
n121 -> n1211;
n12 -> n121;
n1 -> n12;
n -> n1;
}


Generation: 63
Best Individual:
Subpopulation 0:
Evaluated: true
Fitness: Standardized=0.28440526 Adjusted=0.7785705 Hits=0
Tree 0:
digraph g {
node [shape=rectangle];
n[label = "Or"];
n0[label = "CplexTerminal"];
n -> n0;
n1[label = "If_Then_Else"];
n10[label = "And"];
n100[label = "NearestNeighbor"];
n10 -> n100;
n101[label = "FarthestNeighbor"];
n10 -> n101;
n1 -> n10;
n11[label = "If_Then"];
n110[label = "FarthestInsertion"];
n11 -> n110;
n111[label = "And"];
n1110[label = "FarthestInsertion"];
n111 -> n1110;
n1111[label = "FarthestFirstNode"];
n111 -> n1111;
n11 -> n111;
n1 -> n11;
n12[label = "And"];
n120[label = "Equal"];
n1200[label = "FarthestInsertion"];
n120 -> n1200;
n1201[label = "FarthestFirstNode"];
n120 -> n1201;
n12 -> n120;
n121[label = "CplexTerminal"];
n12 -> n121;
n1 -> n12;
n -> n1;
}


Generation: 64
Best Individual:
Subpopulation 0:
Evaluated: true
Fitness: Standardized=0.28440526 Adjusted=0.7785705 Hits=0
Tree 0:
digraph g {
node [shape=rectangle];
n[label = "Or"];
n0[label = "CplexTerminal"];
n -> n0;
n1[label = "If_Then_Else"];
n10[label = "And"];
n100[label = "NearestNeighbor"];
n10 -> n100;
n101[label = "FarthestNeighbor"];
n10 -> n101;
n1 -> n10;
n11[label = "If_Then"];
n110[label = "FarthestInsertion"];
n11 -> n110;
n111[label = "If_Then"];
n1110[label = "FarthestInsertion"];
n111 -> n1110;
n1111[label = "FarthestFirstNode"];
n111 -> n1111;
n11 -> n111;
n1 -> n11;
n12[label = "If_Then"];
n120[label = "FarthestInsertion"];
n12 -> n120;
n121[label = "And"];
n1210[label = "FarthestInsertion"];
n121 -> n1210;
n1211[label = "FarthestFirstNode"];
n121 -> n1211;
n12 -> n121;
n1 -> n12;
n -> n1;
}


Generation: 65
Best Individual:
Subpopulation 0:
Evaluated: true
Fitness: Standardized=0.28440526 Adjusted=0.7785705 Hits=0
Tree 0:
digraph g {
node [shape=rectangle];
n[label = "Or"];
n0[label = "CplexTerminal"];
n -> n0;
n1[label = "If_Then_Else"];
n10[label = "And"];
n100[label = "NearestNeighbor"];
n10 -> n100;
n101[label = "FarthestNeighbor"];
n10 -> n101;
n1 -> n10;
n11[label = "If_Then"];
n110[label = "FarthestInsertion"];
n11 -> n110;
n111[label = "If_Then"];
n1110[label = "FarthestInsertion"];
n111 -> n1110;
n1111[label = "FarthestFirstNode"];
n111 -> n1111;
n11 -> n111;
n1 -> n11;
n12[label = "If_Then"];
n120[label = "FarthestInsertion"];
n12 -> n120;
n121[label = "FarthestFirstNode"];
n12 -> n121;
n1 -> n12;
n -> n1;
}


Generation: 66
Best Individual:
Subpopulation 0:
Evaluated: true
Fitness: Standardized=0.28440526 Adjusted=0.7785705 Hits=0
Tree 0:
digraph g {
node [shape=rectangle];
n[label = "Or"];
n0[label = "CplexTerminal"];
n -> n0;
n1[label = "If_Then_Else"];
n10[label = "And"];
n100[label = "NearestNeighbor"];
n10 -> n100;
n101[label = "FarthestNeighbor"];
n10 -> n101;
n1 -> n10;
n11[label = "If_Then"];
n110[label = "FarthestInsertion"];
n11 -> n110;
n111[label = "If_Then"];
n1110[label = "FarthestInsertion"];
n111 -> n1110;
n1111[label = "FarthestFirstNode"];
n111 -> n1111;
n11 -> n111;
n1 -> n11;
n12[label = "While"];
n120[label = "And"];
n1200[label = "NearestNeighbor"];
n120 -> n1200;
n1201[label = "FarthestNeighbor"];
n120 -> n1201;
n12 -> n120;
n121[label = "And"];
n1210[label = "NearestNeighbor"];
n121 -> n1210;
n1211[label = "FarthestNeighbor"];
n121 -> n1211;
n12 -> n121;
n1 -> n12;
n -> n1;
}


Generation: 67
Best Individual:
Subpopulation 0:
Evaluated: true
Fitness: Standardized=0.28440526 Adjusted=0.7785705 Hits=0
Tree 0:
digraph g {
node [shape=rectangle];
n[label = "Or"];
n0[label = "CplexTerminal"];
n -> n0;
n1[label = "If_Then_Else"];
n10[label = "And"];
n100[label = "NearestNeighbor"];
n10 -> n100;
n101[label = "If_Then"];
n1010[label = "FarthestInsertion"];
n101 -> n1010;
n1011[label = "FarthestFirstNode"];
n101 -> n1011;
n10 -> n101;
n1 -> n10;
n11[label = "If_Then"];
n110[label = "FarthestInsertion"];
n11 -> n110;
n111[label = "FarthestNeighbor"];
n11 -> n111;
n1 -> n11;
n12[label = "If_Then"];
n120[label = "FarthestInsertion"];
n12 -> n120;
n121[label = "And"];
n1210[label = "FarthestInsertion"];
n121 -> n1210;
n1211[label = "FarthestFirstNode"];
n121 -> n1211;
n12 -> n121;
n1 -> n12;
n -> n1;
}


Generation: 68
Best Individual:
Subpopulation 0:
Evaluated: true
Fitness: Standardized=0.28440526 Adjusted=0.7785705 Hits=0
Tree 0:
digraph g {
node [shape=rectangle];
n[label = "Or"];
n0[label = "CplexTerminal"];
n -> n0;
n1[label = "If_Then_Else"];
n10[label = "And"];
n100[label = "NearestNeighbor"];
n10 -> n100;
n101[label = "FarthestNeighbor"];
n10 -> n101;
n1 -> n10;
n11[label = "If_Then"];
n110[label = "FarthestInsertion"];
n11 -> n110;
n111[label = "If_Then"];
n1110[label = "FarthestInsertion"];
n111 -> n1110;
n1111[label = "FarthestFirstNode"];
n111 -> n1111;
n11 -> n111;
n1 -> n11;
n12[label = "If_Then"];
n120[label = "FarthestInsertion"];
n12 -> n120;
n121[label = "FarthestInsertion"];
n12 -> n121;
n1 -> n12;
n -> n1;
}


Generation: 69
Best Individual:
Subpopulation 0:
Evaluated: true
Fitness: Standardized=0.28440526 Adjusted=0.7785705 Hits=0
Tree 0:
digraph g {
node [shape=rectangle];
n[label = "Or"];
n0[label = "CplexTerminal"];
n -> n0;
n1[label = "If_Then_Else"];
n10[label = "Equal"];
n100[label = "NearestNeighbor"];
n10 -> n100;
n101[label = "FarthestNeighbor"];
n10 -> n101;
n1 -> n10;
n11[label = "If_Then"];
n110[label = "FarthestInsertion"];
n11 -> n110;
n111[label = "If_Then"];
n1110[label = "FarthestInsertion"];
n111 -> n1110;
n1111[label = "FarthestFirstNode"];
n111 -> n1111;
n11 -> n111;
n1 -> n11;
n12[label = "If_Then"];
n120[label = "FarthestInsertion"];
n12 -> n120;
n121[label = "FarthestInsertion"];
n12 -> n121;
n1 -> n12;
n -> n1;
}


Generation: 70
Best Individual:
Subpopulation 0:
Evaluated: true
Fitness: Standardized=0.28440526 Adjusted=0.7785705 Hits=0
Tree 0:
digraph g {
node [shape=rectangle];
n[label = "Or"];
n0[label = "CplexTerminal"];
n -> n0;
n1[label = "If_Then_Else"];
n10[label = "And"];
n100[label = "NearestNeighbor"];
n10 -> n100;
n101[label = "FarthestNeighbor"];
n10 -> n101;
n1 -> n10;
n11[label = "If_Then"];
n110[label = "FarthestInsertion"];
n11 -> n110;
n111[label = "If_Then"];
n1110[label = "FarthestInsertion"];
n111 -> n1110;
n1111[label = "FarthestFirstNode"];
n111 -> n1111;
n11 -> n111;
n1 -> n11;
n12[label = "While"];
n120[label = "And"];
n1200[label = "NearestNeighbor"];
n120 -> n1200;
n1201[label = "FarthestNeighbor"];
n120 -> n1201;
n12 -> n120;
n121[label = "And"];
n1210[label = "NearestNeighbor"];
n121 -> n1210;
n1211[label = "FarthestNeighbor"];
n121 -> n1211;
n12 -> n121;
n1 -> n12;
n -> n1;
}


Generation: 71
Best Individual:
Subpopulation 0:
Evaluated: true
Fitness: Standardized=0.28440526 Adjusted=0.7785705 Hits=0
Tree 0:
digraph g {
node [shape=rectangle];
n[label = "Or"];
n0[label = "CplexTerminal"];
n -> n0;
n1[label = "If_Then_Else"];
n10[label = "And"];
n100[label = "NearestNeighbor"];
n10 -> n100;
n101[label = "FarthestNeighbor"];
n10 -> n101;
n1 -> n10;
n11[label = "If_Then"];
n110[label = "FarthestInsertion"];
n11 -> n110;
n111[label = "If_Then"];
n1110[label = "FarthestInsertion"];
n111 -> n1110;
n1111[label = "FarthestFirstNode"];
n111 -> n1111;
n11 -> n111;
n1 -> n11;
n12[label = "While"];
n120[label = "And"];
n1200[label = "NearestNeighbor"];
n120 -> n1200;
n1201[label = "FarthestNeighbor"];
n120 -> n1201;
n12 -> n120;
n121[label = "FarthestInsertion"];
n12 -> n121;
n1 -> n12;
n -> n1;
}


Generation: 72
Best Individual:
Subpopulation 0:
Evaluated: true
Fitness: Standardized=0.28440526 Adjusted=0.7785705 Hits=0
Tree 0:
digraph g {
node [shape=rectangle];
n[label = "Or"];
n0[label = "CplexTerminal"];
n -> n0;
n1[label = "If_Then_Else"];
n10[label = "And"];
n100[label = "NearestNeighbor"];
n10 -> n100;
n101[label = "FarthestNeighbor"];
n10 -> n101;
n1 -> n10;
n11[label = "If_Then"];
n110[label = "FarthestInsertion"];
n11 -> n110;
n111[label = "If_Then"];
n1110[label = "FarthestInsertion"];
n111 -> n1110;
n1111[label = "FarthestFirstNode"];
n111 -> n1111;
n11 -> n111;
n1 -> n11;
n12[label = "While"];
n120[label = "And"];
n1200[label = "NearestNeighbor"];
n120 -> n1200;
n1201[label = "FarthestNeighbor"];
n120 -> n1201;
n12 -> n120;
n121[label = "If_Then"];
n1210[label = "NearestNeighbor"];
n121 -> n1210;
n1211[label = "FarthestNeighbor"];
n121 -> n1211;
n12 -> n121;
n1 -> n12;
n -> n1;
}


Generation: 73
Best Individual:
Subpopulation 0:
Evaluated: true
Fitness: Standardized=0.28440526 Adjusted=0.7785705 Hits=0
Tree 0:
digraph g {
node [shape=rectangle];
n[label = "Or"];
n0[label = "CplexTerminal"];
n -> n0;
n1[label = "If_Then_Else"];
n10[label = "And"];
n100[label = "NearestNeighbor"];
n10 -> n100;
n101[label = "FarthestNeighbor"];
n10 -> n101;
n1 -> n10;
n11[label = "If_Then"];
n110[label = "FarthestInsertion"];
n11 -> n110;
n111[label = "If_Then"];
n1110[label = "FarthestInsertion"];
n111 -> n1110;
n1111[label = "FarthestFirstNode"];
n111 -> n1111;
n11 -> n111;
n1 -> n11;
n12[label = "While"];
n120[label = "And"];
n1200[label = "NearestNeighbor"];
n120 -> n1200;
n1201[label = "FarthestNeighbor"];
n120 -> n1201;
n12 -> n120;
n121[label = "If_Then"];
n1210[label = "NearestNeighbor"];
n121 -> n1210;
n1211[label = "FarthestNeighbor"];
n121 -> n1211;
n12 -> n121;
n1 -> n12;
n -> n1;
}


Generation: 74
Best Individual:
Subpopulation 0:
Evaluated: true
Fitness: Standardized=0.2793801 Adjusted=0.78162855 Hits=0
Tree 0:
digraph g {
node [shape=rectangle];
n[label = "Or"];
n0[label = "CplexTerminal"];
n -> n0;
n1[label = "If_Then_Else"];
n10[label = "And"];
n100[label = "NearestNeighbor"];
n10 -> n100;
n101[label = "FarthestNeighbor"];
n10 -> n101;
n1 -> n10;
n11[label = "If_Then"];
n110[label = "If_Then"];
n1100[label = "FarthestInsertion"];
n110 -> n1100;
n1101[label = "FarthestFirstNode"];
n110 -> n1101;
n11 -> n110;
n111[label = "And"];
n1110[label = "NearestNeighbor"];
n111 -> n1110;
n1111[label = "FarthestNeighbor"];
n111 -> n1111;
n11 -> n111;
n1 -> n11;
n12[label = "If_Then"];
n120[label = "FarthestInsertion"];
n12 -> n120;
n121[label = "And"];
n1210[label = "NearestNeighbor"];
n121 -> n1210;
n1211[label = "FarthestNeighbor"];
n121 -> n1211;
n12 -> n121;
n1 -> n12;
n -> n1;
}


Generation: 75
Best Individual:
Subpopulation 0:
Evaluated: true
Fitness: Standardized=0.2793801 Adjusted=0.78162855 Hits=0
Tree 0:
digraph g {
node [shape=rectangle];
n[label = "Or"];
n0[label = "CplexTerminal"];
n -> n0;
n1[label = "If_Then_Else"];
n10[label = "And"];
n100[label = "NearestNeighbor"];
n10 -> n100;
n101[label = "FarthestNeighbor"];
n10 -> n101;
n1 -> n10;
n11[label = "If_Then"];
n110[label = "If_Then"];
n1100[label = "FarthestInsertion"];
n110 -> n1100;
n1101[label = "FarthestFirstNode"];
n110 -> n1101;
n11 -> n110;
n111[label = "And"];
n1110[label = "NearestNeighbor"];
n111 -> n1110;
n1111[label = "FarthestNeighbor"];
n111 -> n1111;
n11 -> n111;
n1 -> n11;
n12[label = "If_Then"];
n120[label = "FarthestInsertion"];
n12 -> n120;
n121[label = "And"];
n1210[label = "NearestNeighbor"];
n121 -> n1210;
n1211[label = "FarthestNeighbor"];
n121 -> n1211;
n12 -> n121;
n1 -> n12;
n -> n1;
}


Generation: 76
Best Individual:
Subpopulation 0:
Evaluated: true
Fitness: Standardized=0.2793801 Adjusted=0.78162855 Hits=0
Tree 0:
digraph g {
node [shape=rectangle];
n[label = "Or"];
n0[label = "CplexTerminal"];
n -> n0;
n1[label = "If_Then_Else"];
n10[label = "And"];
n100[label = "NearestNeighbor"];
n10 -> n100;
n101[label = "FarthestNeighbor"];
n10 -> n101;
n1 -> n10;
n11[label = "If_Then"];
n110[label = "If_Then"];
n1100[label = "FarthestInsertion"];
n110 -> n1100;
n1101[label = "FarthestFirstNode"];
n110 -> n1101;
n11 -> n110;
n111[label = "And"];
n1110[label = "NearestNeighbor"];
n111 -> n1110;
n1111[label = "FarthestNeighbor"];
n111 -> n1111;
n11 -> n111;
n1 -> n11;
n12[label = "If_Then"];
n120[label = "If_Then"];
n1200[label = "FarthestInsertion"];
n120 -> n1200;
n1201[label = "FarthestFirstNode"];
n120 -> n1201;
n12 -> n120;
n121[label = "And"];
n1210[label = "NearestNeighbor"];
n121 -> n1210;
n1211[label = "FarthestNeighbor"];
n121 -> n1211;
n12 -> n121;
n1 -> n12;
n -> n1;
}


Generation: 77
Best Individual:
Subpopulation 0:
Evaluated: true
Fitness: Standardized=0.2793801 Adjusted=0.78162855 Hits=0
Tree 0:
digraph g {
node [shape=rectangle];
n[label = "Or"];
n0[label = "CplexTerminal"];
n -> n0;
n1[label = "If_Then_Else"];
n10[label = "And"];
n100[label = "NearestNeighbor"];
n10 -> n100;
n101[label = "FarthestNeighbor"];
n10 -> n101;
n1 -> n10;
n11[label = "If_Then"];
n110[label = "If_Then"];
n1100[label = "FarthestInsertion"];
n110 -> n1100;
n1101[label = "FarthestFirstNode"];
n110 -> n1101;
n11 -> n110;
n111[label = "And"];
n1110[label = "NearestNeighbor"];
n111 -> n1110;
n1111[label = "FarthestNeighbor"];
n111 -> n1111;
n11 -> n111;
n1 -> n11;
n12[label = "If_Then"];
n120[label = "FarthestInsertion"];
n12 -> n120;
n121[label = "And"];
n1210[label = "NearestNeighbor"];
n121 -> n1210;
n1211[label = "FarthestNeighbor"];
n121 -> n1211;
n12 -> n121;
n1 -> n12;
n -> n1;
}


Generation: 78
Best Individual:
Subpopulation 0:
Evaluated: true
Fitness: Standardized=0.2793801 Adjusted=0.78162855 Hits=0
Tree 0:
digraph g {
node [shape=rectangle];
n[label = "Or"];
n0[label = "CplexTerminal"];
n -> n0;
n1[label = "If_Then_Else"];
n10[label = "And"];
n100[label = "NearestNeighbor"];
n10 -> n100;
n101[label = "FarthestNeighbor"];
n10 -> n101;
n1 -> n10;
n11[label = "If_Then"];
n110[label = "If_Then"];
n1100[label = "FarthestInsertion"];
n110 -> n1100;
n1101[label = "FarthestFirstNode"];
n110 -> n1101;
n11 -> n110;
n111[label = "And"];
n1110[label = "NearestNeighbor"];
n111 -> n1110;
n1111[label = "FarthestNeighbor"];
n111 -> n1111;
n11 -> n111;
n1 -> n11;
n12[label = "If_Then"];
n120[label = "FarthestInsertion"];
n12 -> n120;
n121[label = "And"];
n1210[label = "NearestNeighbor"];
n121 -> n1210;
n1211[label = "FarthestNeighbor"];
n121 -> n1211;
n12 -> n121;
n1 -> n12;
n -> n1;
}


Generation: 79
Best Individual:
Subpopulation 0:
Evaluated: true
Fitness: Standardized=0.2793801 Adjusted=0.78162855 Hits=0
Tree 0:
digraph g {
node [shape=rectangle];
n[label = "Or"];
n0[label = "CplexTerminal"];
n -> n0;
n1[label = "If_Then_Else"];
n10[label = "And"];
n100[label = "NearestNeighbor"];
n10 -> n100;
n101[label = "FarthestNeighbor"];
n10 -> n101;
n1 -> n10;
n11[label = "If_Then"];
n110[label = "If_Then"];
n1100[label = "FarthestInsertion"];
n110 -> n1100;
n1101[label = "FarthestFirstNode"];
n110 -> n1101;
n11 -> n110;
n111[label = "And"];
n1110[label = "NearestNeighbor"];
n111 -> n1110;
n1111[label = "FarthestNeighbor"];
n111 -> n1111;
n11 -> n111;
n1 -> n11;
n12[label = "If_Then"];
n120[label = "If_Then"];
n1200[label = "FarthestInsertion"];
n120 -> n1200;
n1201[label = "FarthestFirstNode"];
n120 -> n1201;
n12 -> n120;
n121[label = "And"];
n1210[label = "NearestNeighbor"];
n121 -> n1210;
n1211[label = "FarthestNeighbor"];
n121 -> n1211;
n12 -> n121;
n1 -> n12;
n -> n1;
}


Generation: 80
Best Individual:
Subpopulation 0:
Evaluated: true
Fitness: Standardized=0.2793801 Adjusted=0.78162855 Hits=0
Tree 0:
digraph g {
node [shape=rectangle];
n[label = "If_Then_Else"];
n0[label = "And"];
n00[label = "NearestNeighbor"];
n0 -> n00;
n01[label = "FarthestNeighbor"];
n0 -> n01;
n -> n0;
n1[label = "If_Then"];
n10[label = "If_Then"];
n100[label = "FarthestInsertion"];
n10 -> n100;
n101[label = "FarthestFirstNode"];
n10 -> n101;
n1 -> n10;
n11[label = "And"];
n110[label = "NearestNeighbor"];
n11 -> n110;
n111[label = "FarthestNeighbor"];
n11 -> n111;
n1 -> n11;
n -> n1;
n2[label = "If_Then"];
n20[label = "FarthestInsertion"];
n2 -> n20;
n21[label = "FarthestNeighbor"];
n2 -> n21;
n -> n2;
}


Generation: 81
Best Individual:
Subpopulation 0:
Evaluated: true
Fitness: Standardized=0.2793801 Adjusted=0.78162855 Hits=0
Tree 0:
digraph g {
node [shape=rectangle];
n[label = "Or"];
n0[label = "CplexTerminal"];
n -> n0;
n1[label = "If_Then_Else"];
n10[label = "And"];
n100[label = "NearestNeighbor"];
n10 -> n100;
n101[label = "FarthestNeighbor"];
n10 -> n101;
n1 -> n10;
n11[label = "If_Then"];
n110[label = "If_Then"];
n1100[label = "FarthestInsertion"];
n110 -> n1100;
n1101[label = "FarthestFirstNode"];
n110 -> n1101;
n11 -> n110;
n111[label = "And"];
n1110[label = "NearestNeighbor"];
n111 -> n1110;
n1111[label = "FarthestNeighbor"];
n111 -> n1111;
n11 -> n111;
n1 -> n11;
n12[label = "If_Then"];
n120[label = "If_Then"];
n1200[label = "FarthestInsertion"];
n120 -> n1200;
n1201[label = "FarthestFirstNode"];
n120 -> n1201;
n12 -> n120;
n121[label = "And"];
n1210[label = "NearestNeighbor"];
n121 -> n1210;
n1211[label = "FarthestNeighbor"];
n121 -> n1211;
n12 -> n121;
n1 -> n12;
n -> n1;
}


Generation: 82
Best Individual:
Subpopulation 0:
Evaluated: true
Fitness: Standardized=0.2793801 Adjusted=0.78162855 Hits=0
Tree 0:
digraph g {
node [shape=rectangle];
n[label = "Or"];
n0[label = "CplexTerminal"];
n -> n0;
n1[label = "If_Then_Else"];
n10[label = "And"];
n100[label = "NearestNeighbor"];
n10 -> n100;
n101[label = "FarthestNeighbor"];
n10 -> n101;
n1 -> n10;
n11[label = "If_Then"];
n110[label = "If_Then"];
n1100[label = "FarthestInsertion"];
n110 -> n1100;
n1101[label = "FarthestFirstNode"];
n110 -> n1101;
n11 -> n110;
n111[label = "And"];
n1110[label = "NearestNeighbor"];
n111 -> n1110;
n1111[label = "FarthestNeighbor"];
n111 -> n1111;
n11 -> n111;
n1 -> n11;
n12[label = "If_Then"];
n120[label = "If_Then"];
n1200[label = "FarthestInsertion"];
n120 -> n1200;
n1201[label = "FarthestFirstNode"];
n120 -> n1201;
n12 -> n120;
n121[label = "And"];
n1210[label = "NearestNeighbor"];
n121 -> n1210;
n1211[label = "FarthestNeighbor"];
n121 -> n1211;
n12 -> n121;
n1 -> n12;
n -> n1;
}


Generation: 83
Best Individual:
Subpopulation 0:
Evaluated: true
Fitness: Standardized=0.2793801 Adjusted=0.78162855 Hits=0
Tree 0:
digraph g {
node [shape=rectangle];
n[label = "Or"];
n0[label = "CplexTerminal"];
n -> n0;
n1[label = "If_Then_Else"];
n10[label = "And"];
n100[label = "NearestNeighbor"];
n10 -> n100;
n101[label = "FarthestNeighbor"];
n10 -> n101;
n1 -> n10;
n11[label = "If_Then"];
n110[label = "If_Then"];
n1100[label = "FarthestInsertion"];
n110 -> n1100;
n1101[label = "FarthestFirstNode"];
n110 -> n1101;
n11 -> n110;
n111[label = "And"];
n1110[label = "NearestNeighbor"];
n111 -> n1110;
n1111[label = "FarthestNeighbor"];
n111 -> n1111;
n11 -> n111;
n1 -> n11;
n12[label = "And"];
n120[label = "FarthestInsertion"];
n12 -> n120;
n121[label = "FarthestNeighbor"];
n12 -> n121;
n1 -> n12;
n -> n1;
}


Generation: 84
Best Individual:
Subpopulation 0:
Evaluated: true
Fitness: Standardized=0.2793801 Adjusted=0.78162855 Hits=0
Tree 0:
digraph g {
node [shape=rectangle];
n[label = "Or"];
n0[label = "CplexTerminal"];
n -> n0;
n1[label = "If_Then_Else"];
n10[label = "And"];
n100[label = "NearestNeighbor"];
n10 -> n100;
n101[label = "FarthestNeighbor"];
n10 -> n101;
n1 -> n10;
n11[label = "If_Then"];
n110[label = "If_Then"];
n1100[label = "FarthestInsertion"];
n110 -> n1100;
n1101[label = "FarthestFirstNode"];
n110 -> n1101;
n11 -> n110;
n111[label = "And"];
n1110[label = "NearestNeighbor"];
n111 -> n1110;
n1111[label = "FarthestNeighbor"];
n111 -> n1111;
n11 -> n111;
n1 -> n11;
n12[label = "If_Then"];
n120[label = "If_Then"];
n1200[label = "FarthestInsertion"];
n120 -> n1200;
n1201[label = "FarthestFirstNode"];
n120 -> n1201;
n12 -> n120;
n121[label = "FarthestFirstNode"];
n12 -> n121;
n1 -> n12;
n -> n1;
}


Generation: 85
Best Individual:
Subpopulation 0:
Evaluated: true
Fitness: Standardized=0.2793801 Adjusted=0.78162855 Hits=0
Tree 0:
digraph g {
node [shape=rectangle];
n[label = "Or"];
n0[label = "CplexTerminal"];
n -> n0;
n1[label = "If_Then_Else"];
n10[label = "Or"];
n100[label = "CplexTerminal"];
n10 -> n100;
n101[label = "And"];
n1010[label = "NearestNeighbor"];
n101 -> n1010;
n1011[label = "FarthestNeighbor"];
n101 -> n1011;
n10 -> n101;
n1 -> n10;
n11[label = "If_Then"];
n110[label = "If_Then"];
n1100[label = "FarthestInsertion"];
n110 -> n1100;
n1101[label = "FarthestFirstNode"];
n110 -> n1101;
n11 -> n110;
n111[label = "And"];
n1110[label = "NearestNeighbor"];
n111 -> n1110;
n1111[label = "FarthestNeighbor"];
n111 -> n1111;
n11 -> n111;
n1 -> n11;
n12[label = "And"];
n120[label = "NearestNeighbor"];
n12 -> n120;
n121[label = "FarthestNeighbor"];
n12 -> n121;
n1 -> n12;
n -> n1;
}


Generation: 86
Best Individual:
Subpopulation 0:
Evaluated: true
Fitness: Standardized=0.2793801 Adjusted=0.78162855 Hits=0
Tree 0:
digraph g {
node [shape=rectangle];
n[label = "If_Then_Else"];
n0[label = "Or"];
n00[label = "CplexTerminal"];
n0 -> n00;
n01[label = "And"];
n010[label = "NearestNeighbor"];
n01 -> n010;
n011[label = "FarthestNeighbor"];
n01 -> n011;
n0 -> n01;
n -> n0;
n1[label = "If_Then"];
n10[label = "If_Then"];
n100[label = "FarthestInsertion"];
n10 -> n100;
n101[label = "FarthestFirstNode"];
n10 -> n101;
n1 -> n10;
n11[label = "And"];
n110[label = "NearestNeighbor"];
n11 -> n110;
n111[label = "FarthestNeighbor"];
n11 -> n111;
n1 -> n11;
n -> n1;
n2[label = "And"];
n20[label = "NearestNeighbor"];
n2 -> n20;
n21[label = "FarthestNeighbor"];
n2 -> n21;
n -> n2;
}


Generation: 87
Best Individual:
Subpopulation 0:
Evaluated: true
Fitness: Standardized=0.2793801 Adjusted=0.78162855 Hits=0
Tree 0:
digraph g {
node [shape=rectangle];
n[label = "Or"];
n0[label = "CplexTerminal"];
n -> n0;
n1[label = "If_Then_Else"];
n10[label = "Or"];
n100[label = "And"];
n1000[label = "NearestNeighbor"];
n100 -> n1000;
n1001[label = "FarthestNeighbor"];
n100 -> n1001;
n10 -> n100;
n101[label = "And"];
n1010[label = "NearestNeighbor"];
n101 -> n1010;
n1011[label = "FarthestNeighbor"];
n101 -> n1011;
n10 -> n101;
n1 -> n10;
n11[label = "If_Then"];
n110[label = "And"];
n1100[label = "FarthestInsertion"];
n110 -> n1100;
n1101[label = "FarthestFirstNode"];
n110 -> n1101;
n11 -> n110;
n111[label = "And"];
n1110[label = "NearestNeighbor"];
n111 -> n1110;
n1111[label = "FarthestNeighbor"];
n111 -> n1111;
n11 -> n111;
n1 -> n11;
n12[label = "And"];
n120[label = "NearestNeighbor"];
n12 -> n120;
n121[label = "FarthestNeighbor"];
n12 -> n121;
n1 -> n12;
n -> n1;
}


Generation: 88
Best Individual:
Subpopulation 0:
Evaluated: true
Fitness: Standardized=0.2793801 Adjusted=0.78162855 Hits=0
Tree 0:
digraph g {
node [shape=rectangle];
n[label = "Or"];
n0[label = "CplexTerminal"];
n -> n0;
n1[label = "If_Then_Else"];
n10[label = "And"];
n100[label = "NearestNeighbor"];
n10 -> n100;
n101[label = "FarthestNeighbor"];
n10 -> n101;
n1 -> n10;
n11[label = "If_Then"];
n110[label = "If_Then"];
n1100[label = "FarthestInsertion"];
n110 -> n1100;
n1101[label = "FarthestFirstNode"];
n110 -> n1101;
n11 -> n110;
n111[label = "And"];
n1110[label = "NearestNeighbor"];
n111 -> n1110;
n1111[label = "FarthestNeighbor"];
n111 -> n1111;
n11 -> n111;
n1 -> n11;
n12[label = "If_Then"];
n120[label = "If_Then"];
n1200[label = "FarthestInsertion"];
n120 -> n1200;
n1201[label = "FarthestFirstNode"];
n120 -> n1201;
n12 -> n120;
n121[label = "And"];
n1210[label = "NearestNeighbor"];
n121 -> n1210;
n1211[label = "FarthestNeighbor"];
n121 -> n1211;
n12 -> n121;
n1 -> n12;
n -> n1;
}


Generation: 89
Best Individual:
Subpopulation 0:
Evaluated: true
Fitness: Standardized=0.2793801 Adjusted=0.78162855 Hits=0
Tree 0:
digraph g {
node [shape=rectangle];
n[label = "Or"];
n0[label = "CplexTerminal"];
n -> n0;
n1[label = "If_Then_Else"];
n10[label = "And"];
n100[label = "NearestNeighbor"];
n10 -> n100;
n101[label = "FarthestNeighbor"];
n10 -> n101;
n1 -> n10;
n11[label = "If_Then"];
n110[label = "If_Then"];
n1100[label = "FarthestInsertion"];
n110 -> n1100;
n1101[label = "FarthestFirstNode"];
n110 -> n1101;
n11 -> n110;
n111[label = "And"];
n1110[label = "NearestNeighbor"];
n111 -> n1110;
n1111[label = "FarthestNeighbor"];
n111 -> n1111;
n11 -> n111;
n1 -> n11;
n12[label = "If_Then"];
n120[label = "If_Then"];
n1200[label = "FarthestInsertion"];
n120 -> n1200;
n1201[label = "FarthestFirstNode"];
n120 -> n1201;
n12 -> n120;
n121[label = "FarthestInsertion"];
n12 -> n121;
n1 -> n12;
n -> n1;
}


Generation: 90
Best Individual:
Subpopulation 0:
Evaluated: true
Fitness: Standardized=0.2793801 Adjusted=0.78162855 Hits=0
Tree 0:
digraph g {
node [shape=rectangle];
n[label = "Or"];
n0[label = "CplexTerminal"];
n -> n0;
n1[label = "If_Then_Else"];
n10[label = "And"];
n100[label = "NearestNeighbor"];
n10 -> n100;
n101[label = "FarthestNeighbor"];
n10 -> n101;
n1 -> n10;
n11[label = "If_Then"];
n110[label = "If_Then"];
n1100[label = "FarthestInsertion"];
n110 -> n1100;
n1101[label = "FarthestFirstNode"];
n110 -> n1101;
n11 -> n110;
n111[label = "And"];
n1110[label = "NearestNeighbor"];
n111 -> n1110;
n1111[label = "FarthestNeighbor"];
n111 -> n1111;
n11 -> n111;
n1 -> n11;
n12[label = "If_Then"];
n120[label = "If_Then"];
n1200[label = "FarthestInsertion"];
n120 -> n1200;
n1201[label = "FarthestFirstNode"];
n120 -> n1201;
n12 -> n120;
n121[label = "And"];
n1210[label = "NearestNeighbor"];
n121 -> n1210;
n1211[label = "FarthestNeighbor"];
n121 -> n1211;
n12 -> n121;
n1 -> n12;
n -> n1;
}


Generation: 91
Best Individual:
Subpopulation 0:
Evaluated: true
Fitness: Standardized=0.2793801 Adjusted=0.78162855 Hits=0
Tree 0:
digraph g {
node [shape=rectangle];
n[label = "Or"];
n0[label = "CplexTerminal"];
n -> n0;
n1[label = "If_Then_Else"];
n10[label = "And"];
n100[label = "NearestNeighbor"];
n10 -> n100;
n101[label = "FarthestNeighbor"];
n10 -> n101;
n1 -> n10;
n11[label = "If_Then"];
n110[label = "If_Then"];
n1100[label = "FarthestInsertion"];
n110 -> n1100;
n1101[label = "FarthestFirstNode"];
n110 -> n1101;
n11 -> n110;
n111[label = "And"];
n1110[label = "NearestNeighbor"];
n111 -> n1110;
n1111[label = "FarthestNeighbor"];
n111 -> n1111;
n11 -> n111;
n1 -> n11;
n12[label = "FarthestInsertion"];
n1 -> n12;
n -> n1;
}


Generation: 92
Best Individual:
Subpopulation 0:
Evaluated: true
Fitness: Standardized=0.2793801 Adjusted=0.78162855 Hits=0
Tree 0:
digraph g {
node [shape=rectangle];
n[label = "Or"];
n0[label = "CplexTerminal"];
n -> n0;
n1[label = "If_Then_Else"];
n10[label = "And"];
n100[label = "NearestNeighbor"];
n10 -> n100;
n101[label = "FarthestNeighbor"];
n10 -> n101;
n1 -> n10;
n11[label = "If_Then"];
n110[label = "And"];
n1100[label = "FarthestInsertion"];
n110 -> n1100;
n1101[label = "FarthestFirstNode"];
n110 -> n1101;
n11 -> n110;
n111[label = "And"];
n1110[label = "NearestNeighbor"];
n111 -> n1110;
n1111[label = "FarthestNeighbor"];
n111 -> n1111;
n11 -> n111;
n1 -> n11;
n12[label = "NearestFirstNode"];
n1 -> n12;
n -> n1;
}


Generation: 93
Best Individual:
Subpopulation 0:
Evaluated: true
Fitness: Standardized=0.2793801 Adjusted=0.78162855 Hits=0
Tree 0:
digraph g {
node [shape=rectangle];
n[label = "Or"];
n0[label = "CplexTerminal"];
n -> n0;
n1[label = "If_Then_Else"];
n10[label = "And"];
n100[label = "NearestNeighbor"];
n10 -> n100;
n101[label = "FarthestNeighbor"];
n10 -> n101;
n1 -> n10;
n11[label = "If_Then"];
n110[label = "If_Then"];
n1100[label = "FarthestInsertion"];
n110 -> n1100;
n1101[label = "FarthestFirstNode"];
n110 -> n1101;
n11 -> n110;
n111[label = "And"];
n1110[label = "NearestNeighbor"];
n111 -> n1110;
n1111[label = "FarthestNeighbor"];
n111 -> n1111;
n11 -> n111;
n1 -> n11;
n12[label = "FarthestInsertion"];
n1 -> n12;
n -> n1;
}


Generation: 94
Best Individual:
Subpopulation 0:
Evaluated: true
Fitness: Standardized=0.2793801 Adjusted=0.78162855 Hits=0
Tree 0:
digraph g {
node [shape=rectangle];
n[label = "Or"];
n0[label = "CplexTerminal"];
n -> n0;
n1[label = "If_Then_Else"];
n10[label = "And"];
n100[label = "NearestNeighbor"];
n10 -> n100;
n101[label = "FarthestNeighbor"];
n10 -> n101;
n1 -> n10;
n11[label = "If_Then"];
n110[label = "If_Then"];
n1100[label = "FarthestInsertion"];
n110 -> n1100;
n1101[label = "FarthestFirstNode"];
n110 -> n1101;
n11 -> n110;
n111[label = "And"];
n1110[label = "NearestNeighbor"];
n111 -> n1110;
n1111[label = "FarthestNeighbor"];
n111 -> n1111;
n11 -> n111;
n1 -> n11;
n12[label = "And"];
n120[label = "NearestNeighbor"];
n12 -> n120;
n121[label = "FarthestNeighbor"];
n12 -> n121;
n1 -> n12;
n -> n1;
}


Generation: 95
Best Individual:
Subpopulation 0:
Evaluated: true
Fitness: Standardized=0.2793801 Adjusted=0.78162855 Hits=0
Tree 0:
digraph g {
node [shape=rectangle];
n[label = "Or"];
n0[label = "CplexTerminal"];
n -> n0;
n1[label = "If_Then_Else"];
n10[label = "And"];
n100[label = "NearestNeighbor"];
n10 -> n100;
n101[label = "FarthestNeighbor"];
n10 -> n101;
n1 -> n10;
n11[label = "If_Then"];
n110[label = "If_Then"];
n1100[label = "FarthestInsertion"];
n110 -> n1100;
n1101[label = "FarthestFirstNode"];
n110 -> n1101;
n11 -> n110;
n111[label = "And"];
n1110[label = "NearestNeighbor"];
n111 -> n1110;
n1111[label = "FarthestNeighbor"];
n111 -> n1111;
n11 -> n111;
n1 -> n11;
n12[label = "FarthestInsertion"];
n1 -> n12;
n -> n1;
}


Generation: 96
Best Individual:
Subpopulation 0:
Evaluated: true
Fitness: Standardized=0.2793801 Adjusted=0.78162855 Hits=0
Tree 0:
digraph g {
node [shape=rectangle];
n[label = "Or"];
n0[label = "CplexTerminal"];
n -> n0;
n1[label = "If_Then_Else"];
n10[label = "And"];
n100[label = "NearestNeighbor"];
n10 -> n100;
n101[label = "FarthestNeighbor"];
n10 -> n101;
n1 -> n10;
n11[label = "If_Then"];
n110[label = "If_Then"];
n1100[label = "FarthestInsertion"];
n110 -> n1100;
n1101[label = "FarthestFirstNode"];
n110 -> n1101;
n11 -> n110;
n111[label = "And"];
n1110[label = "NearestNeighbor"];
n111 -> n1110;
n1111[label = "FarthestNeighbor"];
n111 -> n1111;
n11 -> n111;
n1 -> n11;
n12[label = "And"];
n120[label = "NearestNeighbor"];
n12 -> n120;
n121[label = "FarthestNeighbor"];
n12 -> n121;
n1 -> n12;
n -> n1;
}


Generation: 97
Best Individual:
Subpopulation 0:
Evaluated: true
Fitness: Standardized=0.2793801 Adjusted=0.78162855 Hits=0
Tree 0:
digraph g {
node [shape=rectangle];
n[label = "Or"];
n0[label = "CplexTerminal"];
n -> n0;
n1[label = "If_Then_Else"];
n10[label = "And"];
n100[label = "NearestNeighbor"];
n10 -> n100;
n101[label = "FarthestNeighbor"];
n10 -> n101;
n1 -> n10;
n11[label = "If_Then"];
n110[label = "If_Then"];
n1100[label = "FarthestInsertion"];
n110 -> n1100;
n1101[label = "FarthestFirstNode"];
n110 -> n1101;
n11 -> n110;
n111[label = "And"];
n1110[label = "NearestNeighbor"];
n111 -> n1110;
n1111[label = "FarthestNeighbor"];
n111 -> n1111;
n11 -> n111;
n1 -> n11;
n12[label = "And"];
n120[label = "NearestNeighbor"];
n12 -> n120;
n121[label = "FarthestNeighbor"];
n12 -> n121;
n1 -> n12;
n -> n1;
}


Generation: 98
Best Individual:
Subpopulation 0:
Evaluated: true
Fitness: Standardized=0.2793801 Adjusted=0.78162855 Hits=0
Tree 0:
digraph g {
node [shape=rectangle];
n[label = "Or"];
n0[label = "CplexTerminal"];
n -> n0;
n1[label = "If_Then_Else"];
n10[label = "And"];
n100[label = "NearestNeighbor"];
n10 -> n100;
n101[label = "FarthestNeighbor"];
n10 -> n101;
n1 -> n10;
n11[label = "If_Then"];
n110[label = "And"];
n1100[label = "FarthestInsertion"];
n110 -> n1100;
n1101[label = "FarthestFirstNode"];
n110 -> n1101;
n11 -> n110;
n111[label = "And"];
n1110[label = "NearestNeighbor"];
n111 -> n1110;
n1111[label = "FarthestNeighbor"];
n111 -> n1111;
n11 -> n111;
n1 -> n11;
n12[label = "And"];
n120[label = "NearestNeighbor"];
n12 -> n120;
n121[label = "FarthestNeighbor"];
n12 -> n121;
n1 -> n12;
n -> n1;
}


Generation: 99
Best Individual:
Subpopulation 0:
Evaluated: true
Fitness: Standardized=0.2793801 Adjusted=0.78162855 Hits=0
Tree 0:
digraph g {
node [shape=rectangle];
n[label = "Or"];
n0[label = "CplexTerminal"];
n -> n0;
n1[label = "If_Then_Else"];
n10[label = "And"];
n100[label = "NearestNeighbor"];
n10 -> n100;
n101[label = "FarthestNeighbor"];
n10 -> n101;
n1 -> n10;
n11[label = "If_Then"];
n110[label = "If_Then"];
n1100[label = "FarthestInsertion"];
n110 -> n1100;
n1101[label = "FarthestFirstNode"];
n110 -> n1101;
n11 -> n110;
n111[label = "And"];
n1110[label = "NearestNeighbor"];
n111 -> n1110;
n1111[label = "FarthestNeighbor"];
n111 -> n1111;
n11 -> n111;
n1 -> n11;
n12[label = "And"];
n120[label = "NearestNeighbor"];
n12 -> n120;
n121[label = "FarthestNeighbor"];
n12 -> n121;
n1 -> n12;
n -> n1;
}


Best Individual of Run:
Subpopulation 0:
Evaluated: true
Fitness: Standardized=0.2793801 Adjusted=0.78162855 Hits=0
Tree 0:
digraph g {
node [shape=rectangle];
n[label = "Or"];
n0[label = "CplexTerminal"];
n -> n0;
n1[label = "If_Then_Else"];
n10[label = "And"];
n100[label = "NearestNeighbor"];
n10 -> n100;
n101[label = "FarthestNeighbor"];
n10 -> n101;
n1 -> n10;
n11[label = "If_Then"];
n110[label = "If_Then"];
n1100[label = "FarthestInsertion"];
n110 -> n1100;
n1101[label = "FarthestFirstNode"];
n110 -> n1101;
n11 -> n110;
n111[label = "And"];
n1110[label = "NearestNeighbor"];
n111 -> n1110;
n1111[label = "FarthestNeighbor"];
n111 -> n1111;
n11 -> n111;
n1 -> n11;
n12[label = "If_Then"];
n120[label = "FarthestInsertion"];
n12 -> n120;
n121[label = "And"];
n1210[label = "NearestNeighbor"];
n121 -> n1210;
n1211[label = "FarthestNeighbor"];
n121 -> n1211;
n12 -> n121;
n1 -> n12;
n -> n1;
}

