
Generation: 0
Best Individual:
Subpopulation 0:
Evaluated: true
Fitness: Standardized=0.47703627 Adjusted=0.67703146 Hits=3
Tree 0:
digraph g {
node [shape=rectangle];
n[label = "Or"];
n0[label = "While"];
n00[label = "And"];
n000[label = "NearestFirstNode"];
n00 -> n000;
n001[label = "NearestFirstNode"];
n00 -> n001;
n0 -> n00;
n01[label = "Or"];
n010[label = "NearestNeighbor"];
n01 -> n010;
n011[label = "FarthestFirstNode"];
n01 -> n011;
n0 -> n01;
n -> n0;
n1[label = "Equal"];
n10[label = "While"];
n100[label = "NearestFirstNode"];
n10 -> n100;
n101[label = "WorstMove"];
n10 -> n101;
n1 -> n10;
n11[label = "If_Then_Else"];
n110[label = "NearestInsertion"];
n11 -> n110;
n111[label = "CplexTerminal"];
n11 -> n111;
n112[label = "NearestInsertion"];
n11 -> n112;
n1 -> n11;
n -> n1;
}


Generation: 1
Best Individual:
Subpopulation 0:
Evaluated: true
Fitness: Standardized=0.47703627 Adjusted=0.67703146 Hits=3
Tree 0:
digraph g {
node [shape=rectangle];
n[label = "Or"];
n0[label = "While"];
n00[label = "And"];
n000[label = "NearestFirstNode"];
n00 -> n000;
n001[label = "NearestFirstNode"];
n00 -> n001;
n0 -> n00;
n01[label = "Or"];
n010[label = "NearestNeighbor"];
n01 -> n010;
n011[label = "FarthestFirstNode"];
n01 -> n011;
n0 -> n01;
n -> n0;
n1[label = "FarthestInsertion"];
n -> n1;
}


Generation: 2
Best Individual:
Subpopulation 0:
Evaluated: true
Fitness: Standardized=0.47703627 Adjusted=0.67703146 Hits=3
Tree 0:
digraph g {
node [shape=rectangle];
n[label = "Or"];
n0[label = "While"];
n00[label = "And"];
n000[label = "NearestFirstNode"];
n00 -> n000;
n001[label = "NearestFirstNode"];
n00 -> n001;
n0 -> n00;
n01[label = "Or"];
n010[label = "NearestNeighbor"];
n01 -> n010;
n011[label = "FarthestFirstNode"];
n01 -> n011;
n0 -> n01;
n -> n0;
n1[label = "FarthestInsertion"];
n -> n1;
}


Generation: 3
Best Individual:
Subpopulation 0:
Evaluated: true
Fitness: Standardized=0.33037862 Adjusted=0.7516657 Hits=3
Tree 0:
digraph g {
node [shape=rectangle];
n[label = "Or"];
n0[label = "While"];
n00[label = "And"];
n000[label = "NearestFirstNode"];
n00 -> n000;
n001[label = "NearestFirstNode"];
n00 -> n001;
n0 -> n00;
n01[label = "NearestFirstNode"];
n0 -> n01;
n -> n0;
n1[label = "FarthestInsertion"];
n -> n1;
}


Generation: 4
Best Individual:
Subpopulation 0:
Evaluated: true
Fitness: Standardized=0.33037862 Adjusted=0.7516657 Hits=3
Tree 0:
digraph g {
node [shape=rectangle];
n[label = "Or"];
n0[label = "While"];
n00[label = "NearestFirstNode"];
n0 -> n00;
n01[label = "NearestFirstNode"];
n0 -> n01;
n -> n0;
n1[label = "FarthestInsertion"];
n -> n1;
}


Generation: 5
Best Individual:
Subpopulation 0:
Evaluated: true
Fitness: Standardized=0.33037862 Adjusted=0.7516657 Hits=3
Tree 0:
digraph g {
node [shape=rectangle];
n[label = "If_Then"];
n0[label = "While"];
n00[label = "And"];
n000[label = "NearestFirstNode"];
n00 -> n000;
n001[label = "NearestFirstNode"];
n00 -> n001;
n0 -> n00;
n01[label = "NearestFirstNode"];
n0 -> n01;
n -> n0;
n1[label = "While"];
n10[label = "And"];
n100[label = "NearestFirstNode"];
n10 -> n100;
n101[label = "NearestFirstNode"];
n10 -> n101;
n1 -> n10;
n11[label = "NearestFirstNode"];
n1 -> n11;
n -> n1;
}


Generation: 6
Best Individual:
Subpopulation 0:
Evaluated: true
Fitness: Standardized=0.33037862 Adjusted=0.7516657 Hits=3
Tree 0:
digraph g {
node [shape=rectangle];
n[label = "If_Then"];
n0[label = "While"];
n00[label = "And"];
n000[label = "NearestFirstNode"];
n00 -> n000;
n001[label = "NearestFirstNode"];
n00 -> n001;
n0 -> n00;
n01[label = "NearestFirstNode"];
n0 -> n01;
n -> n0;
n1[label = "While"];
n10[label = "And"];
n100[label = "NearestFirstNode"];
n10 -> n100;
n101[label = "NearestFirstNode"];
n10 -> n101;
n1 -> n10;
n11[label = "NearestFirstNode"];
n1 -> n11;
n -> n1;
}


Generation: 7
Best Individual:
Subpopulation 0:
Evaluated: true
Fitness: Standardized=0.33037862 Adjusted=0.7516657 Hits=3
Tree 0:
digraph g {
node [shape=rectangle];
n[label = "If_Then"];
n0[label = "While"];
n00[label = "And"];
n000[label = "NearestFirstNode"];
n00 -> n000;
n001[label = "NearestFirstNode"];
n00 -> n001;
n0 -> n00;
n01[label = "NearestFirstNode"];
n0 -> n01;
n -> n0;
n1[label = "NearestFirstNode"];
n -> n1;
}


Generation: 8
Best Individual:
Subpopulation 0:
Evaluated: true
Fitness: Standardized=0.33037862 Adjusted=0.7516657 Hits=3
Tree 0:
digraph g {
node [shape=rectangle];
n[label = "Or"];
n0[label = "If_Then"];
n00[label = "While"];
n000[label = "And"];
n0000[label = "NearestFirstNode"];
n000 -> n0000;
n0001[label = "NearestFirstNode"];
n000 -> n0001;
n00 -> n000;
n001[label = "NearestFirstNode"];
n00 -> n001;
n0 -> n00;
n01[label = "FarthestInsertion"];
n0 -> n01;
n -> n0;
n1[label = "Equal"];
n10[label = "And"];
n100[label = "NearestFirstNode"];
n10 -> n100;
n101[label = "NearestFirstNode"];
n10 -> n101;
n1 -> n10;
n11[label = "NearestFirstNode"];
n1 -> n11;
n -> n1;
}


Generation: 9
Best Individual:
Subpopulation 0:
Evaluated: true
Fitness: Standardized=0.33037862 Adjusted=0.7516657 Hits=3
Tree 0:
digraph g {
node [shape=rectangle];
n[label = "Or"];
n0[label = "If_Then"];
n00[label = "While"];
n000[label = "And"];
n0000[label = "NearestFirstNode"];
n000 -> n0000;
n0001[label = "NearestFirstNode"];
n000 -> n0001;
n00 -> n000;
n001[label = "NearestFirstNode"];
n00 -> n001;
n0 -> n00;
n01[label = "FarthestInsertion"];
n0 -> n01;
n -> n0;
n1[label = "While"];
n10[label = "And"];
n100[label = "NearestFirstNode"];
n10 -> n100;
n101[label = "NearestFirstNode"];
n10 -> n101;
n1 -> n10;
n11[label = "NearestFirstNode"];
n1 -> n11;
n -> n1;
}


Generation: 10
Best Individual:
Subpopulation 0:
Evaluated: true
Fitness: Standardized=0.33037862 Adjusted=0.7516657 Hits=3
Tree 0:
digraph g {
node [shape=rectangle];
n[label = "If_Then"];
n0[label = "NearestFirstNode"];
n -> n0;
n1[label = "While"];
n10[label = "And"];
n100[label = "NearestFirstNode"];
n10 -> n100;
n101[label = "NearestFirstNode"];
n10 -> n101;
n1 -> n10;
n11[label = "NearestFirstNode"];
n1 -> n11;
n -> n1;
}


Generation: 11
Best Individual:
Subpopulation 0:
Evaluated: true
Fitness: Standardized=0.33037862 Adjusted=0.7516657 Hits=3
Tree 0:
digraph g {
node [shape=rectangle];
n[label = "If_Then"];
n0[label = "While"];
n00[label = "And"];
n000[label = "NearestFirstNode"];
n00 -> n000;
n001[label = "NearestFirstNode"];
n00 -> n001;
n0 -> n00;
n01[label = "NearestFirstNode"];
n0 -> n01;
n -> n0;
n1[label = "FarthestInsertion"];
n -> n1;
}


Generation: 12
Best Individual:
Subpopulation 0:
Evaluated: true
Fitness: Standardized=0.33037862 Adjusted=0.7516657 Hits=3
Tree 0:
digraph g {
node [shape=rectangle];
n[label = "If_Then"];
n0[label = "While"];
n00[label = "And"];
n000[label = "NearestFirstNode"];
n00 -> n000;
n001[label = "NearestFirstNode"];
n00 -> n001;
n0 -> n00;
n01[label = "NearestFirstNode"];
n0 -> n01;
n -> n0;
n1[label = "While"];
n10[label = "And"];
n100[label = "NearestFirstNode"];
n10 -> n100;
n101[label = "NearestFirstNode"];
n10 -> n101;
n1 -> n10;
n11[label = "NearestFirstNode"];
n1 -> n11;
n -> n1;
}


Generation: 13
Best Individual:
Subpopulation 0:
Evaluated: true
Fitness: Standardized=0.33037862 Adjusted=0.7516657 Hits=3
Tree 0:
digraph g {
node [shape=rectangle];
n[label = "If_Then"];
n0[label = "While"];
n00[label = "NearestFirstNode"];
n0 -> n00;
n01[label = "NearestFirstNode"];
n0 -> n01;
n -> n0;
n1[label = "While"];
n10[label = "And"];
n100[label = "NearestFirstNode"];
n10 -> n100;
n101[label = "NearestFirstNode"];
n10 -> n101;
n1 -> n10;
n11[label = "NearestFirstNode"];
n1 -> n11;
n -> n1;
}


Generation: 14
Best Individual:
Subpopulation 0:
Evaluated: true
Fitness: Standardized=0.33037862 Adjusted=0.7516657 Hits=3
Tree 0:
digraph g {
node [shape=rectangle];
n[label = "If_Then"];
n0[label = "NearestFirstNode"];
n -> n0;
n1[label = "While"];
n10[label = "NearestFirstNode"];
n1 -> n10;
n11[label = "NearestFirstNode"];
n1 -> n11;
n -> n1;
}


Generation: 15
Best Individual:
Subpopulation 0:
Evaluated: true
Fitness: Standardized=0.33037862 Adjusted=0.7516657 Hits=3
Tree 0:
digraph g {
node [shape=rectangle];
n[label = "If_Then"];
n0[label = "While"];
n00[label = "NearestFirstNode"];
n0 -> n00;
n01[label = "NearestFirstNode"];
n0 -> n01;
n -> n0;
n1[label = "FarthestInsertion"];
n -> n1;
}


Generation: 16
Best Individual:
Subpopulation 0:
Evaluated: true
Fitness: Standardized=0.33037862 Adjusted=0.7516657 Hits=3
Tree 0:
digraph g {
node [shape=rectangle];
n[label = "If_Then"];
n0[label = "While"];
n00[label = "NearestFirstNode"];
n0 -> n00;
n01[label = "NearestFirstNode"];
n0 -> n01;
n -> n0;
n1[label = "NearestFirstNode"];
n -> n1;
}


Generation: 17
Best Individual:
Subpopulation 0:
Evaluated: true
Fitness: Standardized=0.33037862 Adjusted=0.7516657 Hits=3
Tree 0:
digraph g {
node [shape=rectangle];
n[label = "If_Then"];
n0[label = "While"];
n00[label = "NearestFirstNode"];
n0 -> n00;
n01[label = "NearestFirstNode"];
n0 -> n01;
n -> n0;
n1[label = "NearestInsertion"];
n -> n1;
}


Generation: 18
Best Individual:
Subpopulation 0:
Evaluated: true
Fitness: Standardized=0.33037862 Adjusted=0.7516657 Hits=3
Tree 0:
digraph g {
node [shape=rectangle];
n[label = "If_Then"];
n0[label = "NearestFirstNode"];
n -> n0;
n1[label = "While"];
n10[label = "NearestFirstNode"];
n1 -> n10;
n11[label = "NearestFirstNode"];
n1 -> n11;
n -> n1;
}


Generation: 19
Best Individual:
Subpopulation 0:
Evaluated: true
Fitness: Standardized=0.33037862 Adjusted=0.7516657 Hits=3
Tree 0:
digraph g {
node [shape=rectangle];
n[label = "If_Then"];
n0[label = "While"];
n00[label = "And"];
n000[label = "NearestFirstNode"];
n00 -> n000;
n001[label = "NearestFirstNode"];
n00 -> n001;
n0 -> n00;
n01[label = "NearestFirstNode"];
n0 -> n01;
n -> n0;
n1[label = "NearestFirstNode"];
n -> n1;
}


Generation: 20
Best Individual:
Subpopulation 0:
Evaluated: true
Fitness: Standardized=0.33037862 Adjusted=0.7516657 Hits=3
Tree 0:
digraph g {
node [shape=rectangle];
n[label = "If_Then"];
n0[label = "While"];
n00[label = "And"];
n000[label = "NearestFirstNode"];
n00 -> n000;
n001[label = "NearestFirstNode"];
n00 -> n001;
n0 -> n00;
n01[label = "NearestFirstNode"];
n0 -> n01;
n -> n0;
n1[label = "While"];
n10[label = "And"];
n100[label = "NearestFirstNode"];
n10 -> n100;
n101[label = "NearestFirstNode"];
n10 -> n101;
n1 -> n10;
n11[label = "NearestFirstNode"];
n1 -> n11;
n -> n1;
}


Generation: 21
Best Individual:
Subpopulation 0:
Evaluated: true
Fitness: Standardized=0.33037862 Adjusted=0.7516657 Hits=3
Tree 0:
digraph g {
node [shape=rectangle];
n[label = "And"];
n0[label = "While"];
n00[label = "And"];
n000[label = "NearestFirstNode"];
n00 -> n000;
n001[label = "NearestFirstNode"];
n00 -> n001;
n0 -> n00;
n01[label = "NearestFirstNode"];
n0 -> n01;
n -> n0;
n1[label = "And"];
n10[label = "NearestFirstNode"];
n1 -> n10;
n11[label = "NearestFirstNode"];
n1 -> n11;
n -> n1;
}


Generation: 22
Best Individual:
Subpopulation 0:
Evaluated: true
Fitness: Standardized=0.33037862 Adjusted=0.7516657 Hits=3
Tree 0:
digraph g {
node [shape=rectangle];
n[label = "If_Then"];
n0[label = "While"];
n00[label = "And"];
n000[label = "NearestFirstNode"];
n00 -> n000;
n001[label = "NearestFirstNode"];
n00 -> n001;
n0 -> n00;
n01[label = "NearestFirstNode"];
n0 -> n01;
n -> n0;
n1[label = "And"];
n10[label = "And"];
n100[label = "NearestFirstNode"];
n10 -> n100;
n101[label = "NearestFirstNode"];
n10 -> n101;
n1 -> n10;
n11[label = "NearestFirstNode"];
n1 -> n11;
n -> n1;
}


Generation: 23
Best Individual:
Subpopulation 0:
Evaluated: true
Fitness: Standardized=0.33037862 Adjusted=0.7516657 Hits=3
Tree 0:
digraph g {
node [shape=rectangle];
n[label = "And"];
n0[label = "While"];
n00[label = "And"];
n000[label = "NearestFirstNode"];
n00 -> n000;
n001[label = "NearestFirstNode"];
n00 -> n001;
n0 -> n00;
n01[label = "NearestFirstNode"];
n0 -> n01;
n -> n0;
n1[label = "And"];
n10[label = "While"];
n100[label = "And"];
n1000[label = "NearestFirstNode"];
n100 -> n1000;
n1001[label = "NearestFirstNode"];
n100 -> n1001;
n10 -> n100;
n101[label = "NearestFirstNode"];
n10 -> n101;
n1 -> n10;
n11[label = "And"];
n110[label = "NearestFirstNode"];
n11 -> n110;
n111[label = "NearestFirstNode"];
n11 -> n111;
n1 -> n11;
n -> n1;
}


Generation: 24
Best Individual:
Subpopulation 0:
Evaluated: true
Fitness: Standardized=0.33037862 Adjusted=0.7516657 Hits=3
Tree 0:
digraph g {
node [shape=rectangle];
n[label = "If_Then"];
n0[label = "While"];
n00[label = "And"];
n000[label = "NearestFirstNode"];
n00 -> n000;
n001[label = "And"];
n0010[label = "NearestFirstNode"];
n001 -> n0010;
n0011[label = "NearestFirstNode"];
n001 -> n0011;
n00 -> n001;
n0 -> n00;
n01[label = "NearestFirstNode"];
n0 -> n01;
n -> n0;
n1[label = "While"];
n10[label = "NearestFirstNode"];
n1 -> n10;
n11[label = "NearestFirstNode"];
n1 -> n11;
n -> n1;
}


Generation: 25
Best Individual:
Subpopulation 0:
Evaluated: true
Fitness: Standardized=0.33037862 Adjusted=0.7516657 Hits=3
Tree 0:
digraph g {
node [shape=rectangle];
n[label = "If_Then"];
n0[label = "While"];
n00[label = "And"];
n000[label = "NearestFirstNode"];
n00 -> n000;
n001[label = "NearestFirstNode"];
n00 -> n001;
n0 -> n00;
n01[label = "NearestFirstNode"];
n0 -> n01;
n -> n0;
n1[label = "And"];
n10[label = "NearestFirstNode"];
n1 -> n10;
n11[label = "NearestFirstNode"];
n1 -> n11;
n -> n1;
}


Generation: 26
Best Individual:
Subpopulation 0:
Evaluated: true
Fitness: Standardized=0.33037862 Adjusted=0.7516657 Hits=3
Tree 0:
digraph g {
node [shape=rectangle];
n[label = "If_Then"];
n0[label = "While"];
n00[label = "And"];
n000[label = "NearestFirstNode"];
n00 -> n000;
n001[label = "NearestFirstNode"];
n00 -> n001;
n0 -> n00;
n01[label = "NearestFirstNode"];
n0 -> n01;
n -> n0;
n1[label = "And"];
n10[label = "NearestFirstNode"];
n1 -> n10;
n11[label = "NearestFirstNode"];
n1 -> n11;
n -> n1;
}


Generation: 27
Best Individual:
Subpopulation 0:
Evaluated: true
Fitness: Standardized=0.33037862 Adjusted=0.7516657 Hits=3
Tree 0:
digraph g {
node [shape=rectangle];
n[label = "If_Then"];
n0[label = "NearestFirstNode"];
n -> n0;
n1[label = "While"];
n10[label = "NearestFirstNode"];
n1 -> n10;
n11[label = "NearestFirstNode"];
n1 -> n11;
n -> n1;
}


Generation: 28
Best Individual:
Subpopulation 0:
Evaluated: true
Fitness: Standardized=0.33037862 Adjusted=0.7516657 Hits=3
Tree 0:
digraph g {
node [shape=rectangle];
n[label = "If_Then"];
n0[label = "While"];
n00[label = "If_Then"];
n000[label = "NearestFirstNode"];
n00 -> n000;
n001[label = "While"];
n0010[label = "NearestFirstNode"];
n001 -> n0010;
n0011[label = "NearestFirstNode"];
n001 -> n0011;
n00 -> n001;
n0 -> n00;
n01[label = "NearestFirstNode"];
n0 -> n01;
n -> n0;
n1[label = "And"];
n10[label = "NearestFirstNode"];
n1 -> n10;
n11[label = "And"];
n110[label = "NearestFirstNode"];
n11 -> n110;
n111[label = "NearestFirstNode"];
n11 -> n111;
n1 -> n11;
n -> n1;
}


Generation: 29
Best Individual:
Subpopulation 0:
Evaluated: true
Fitness: Standardized=0.33037862 Adjusted=0.7516657 Hits=3
Tree 0:
digraph g {
node [shape=rectangle];
n[label = "If_Then"];
n0[label = "NearestFirstNode"];
n -> n0;
n1[label = "While"];
n10[label = "NearestFirstNode"];
n1 -> n10;
n11[label = "NearestFirstNode"];
n1 -> n11;
n -> n1;
}


Generation: 30
Best Individual:
Subpopulation 0:
Evaluated: true
Fitness: Standardized=0.32372248 Adjusted=0.75544536 Hits=3
Tree 0:
digraph g {
node [shape=rectangle];
n[label = "If_Then"];
n0[label = "While"];
n00[label = "And"];
n000[label = "NearestFirstNode"];
n00 -> n000;
n001[label = "NearestFirstNode"];
n00 -> n001;
n0 -> n00;
n01[label = "NearestFirstNode"];
n0 -> n01;
n -> n0;
n1[label = "And"];
n10[label = "CplexTerminal"];
n1 -> n10;
n11[label = "And"];
n110[label = "NearestFirstNode"];
n11 -> n110;
n111[label = "NearestFirstNode"];
n11 -> n111;
n1 -> n11;
n -> n1;
}


Generation: 31
Best Individual:
Subpopulation 0:
Evaluated: true
Fitness: Standardized=0.30200952 Adjusted=0.7680435 Hits=3
Tree 0:
digraph g {
node [shape=rectangle];
n[label = "If_Then"];
n0[label = "Equal"];
n00[label = "If_Then"];
n000[label = "While"];
n0000[label = "NearestInsertion"];
n000 -> n0000;
n0001[label = "NearestFirstNode"];
n000 -> n0001;
n00 -> n000;
n001[label = "NearestFirstNode"];
n00 -> n001;
n0 -> n00;
n01[label = "NearestFirstNode"];
n0 -> n01;
n -> n0;
n1[label = "And"];
n10[label = "NearestFirstNode"];
n1 -> n10;
n11[label = "NearestFirstNode"];
n1 -> n11;
n -> n1;
}


Generation: 32
Best Individual:
Subpopulation 0:
Evaluated: true
Fitness: Standardized=0.30200952 Adjusted=0.7680435 Hits=3
Tree 0:
digraph g {
node [shape=rectangle];
n[label = "If_Then"];
n0[label = "Equal"];
n00[label = "If_Then"];
n000[label = "While"];
n0000[label = "NearestInsertion"];
n000 -> n0000;
n0001[label = "NearestFirstNode"];
n000 -> n0001;
n00 -> n000;
n001[label = "NearestFirstNode"];
n00 -> n001;
n0 -> n00;
n01[label = "NearestFirstNode"];
n0 -> n01;
n -> n0;
n1[label = "While"];
n10[label = "NearestInsertion"];
n1 -> n10;
n11[label = "NearestFirstNode"];
n1 -> n11;
n -> n1;
}


Generation: 33
Best Individual:
Subpopulation 0:
Evaluated: true
Fitness: Standardized=0.28498337 Adjusted=0.7782202 Hits=3
Tree 0:
digraph g {
node [shape=rectangle];
n[label = "If_Then"];
n0[label = "Equal"];
n00[label = "And"];
n000[label = "NearestFirstNode"];
n00 -> n000;
n001[label = "NearestFirstNode"];
n00 -> n001;
n0 -> n00;
n01[label = "NearestFirstNode"];
n0 -> n01;
n -> n0;
n1[label = "While"];
n10[label = "NearestInsertion"];
n1 -> n10;
n11[label = "NearestFirstNode"];
n1 -> n11;
n -> n1;
}


Generation: 34
Best Individual:
Subpopulation 0:
Evaluated: true
Fitness: Standardized=0.2727108 Adjusted=0.78572446 Hits=3
Tree 0:
digraph g {
node [shape=rectangle];
n[label = "If_Then"];
n0[label = "NearestFirstNode"];
n -> n0;
n1[label = "If_Then"];
n10[label = "While"];
n100[label = "NearestInsertion"];
n10 -> n100;
n101[label = "NearestFirstNode"];
n10 -> n101;
n1 -> n10;
n11[label = "And"];
n110[label = "CplexTerminal"];
n11 -> n110;
n111[label = "And"];
n1110[label = "NearestFirstNode"];
n111 -> n1110;
n1111[label = "NearestFirstNode"];
n111 -> n1111;
n11 -> n111;
n1 -> n11;
n -> n1;
}


Generation: 35
Best Individual:
Subpopulation 0:
Evaluated: true
Fitness: Standardized=0.2727108 Adjusted=0.78572446 Hits=3
Tree 0:
digraph g {
node [shape=rectangle];
n[label = "If_Then"];
n0[label = "NearestFirstNode"];
n -> n0;
n1[label = "If_Then"];
n10[label = "While"];
n100[label = "NearestInsertion"];
n10 -> n100;
n101[label = "NearestFirstNode"];
n10 -> n101;
n1 -> n10;
n11[label = "And"];
n110[label = "CplexTerminal"];
n11 -> n110;
n111[label = "And"];
n1110[label = "NearestFirstNode"];
n111 -> n1110;
n1111[label = "NearestFirstNode"];
n111 -> n1111;
n11 -> n111;
n1 -> n11;
n -> n1;
}


Generation: 36
Best Individual:
Subpopulation 0:
Evaluated: true
Fitness: Standardized=0.2727108 Adjusted=0.78572446 Hits=3
Tree 0:
digraph g {
node [shape=rectangle];
n[label = "If_Then"];
n0[label = "NearestFirstNode"];
n -> n0;
n1[label = "If_Then"];
n10[label = "While"];
n100[label = "NearestInsertion"];
n10 -> n100;
n101[label = "NearestFirstNode"];
n10 -> n101;
n1 -> n10;
n11[label = "And"];
n110[label = "CplexTerminal"];
n11 -> n110;
n111[label = "And"];
n1110[label = "NearestFirstNode"];
n111 -> n1110;
n1111[label = "NearestFirstNode"];
n111 -> n1111;
n11 -> n111;
n1 -> n11;
n -> n1;
}


Generation: 37
Best Individual:
Subpopulation 0:
Evaluated: true
Fitness: Standardized=0.24143918 Adjusted=0.80551666 Hits=3
Tree 0:
digraph g {
node [shape=rectangle];
n[label = "If_Then"];
n0[label = "NearestFirstNode"];
n -> n0;
n1[label = "If_Then"];
n10[label = "While"];
n100[label = "NearestInsertion"];
n10 -> n100;
n101[label = "NearestInsertion"];
n10 -> n101;
n1 -> n10;
n11[label = "And"];
n110[label = "CplexTerminal"];
n11 -> n110;
n111[label = "And"];
n1110[label = "NearestFirstNode"];
n111 -> n1110;
n1111[label = "NearestFirstNode"];
n111 -> n1111;
n11 -> n111;
n1 -> n11;
n -> n1;
}


Generation: 38
Best Individual:
Subpopulation 0:
Evaluated: true
Fitness: Standardized=0.24143918 Adjusted=0.80551666 Hits=3
Tree 0:
digraph g {
node [shape=rectangle];
n[label = "If_Then"];
n0[label = "NearestFirstNode"];
n -> n0;
n1[label = "If_Then"];
n10[label = "While"];
n100[label = "NearestInsertion"];
n10 -> n100;
n101[label = "NearestInsertion"];
n10 -> n101;
n1 -> n10;
n11[label = "And"];
n110[label = "CplexTerminal"];
n11 -> n110;
n111[label = "And"];
n1110[label = "NearestFirstNode"];
n111 -> n1110;
n1111[label = "NearestFirstNode"];
n111 -> n1111;
n11 -> n111;
n1 -> n11;
n -> n1;
}


Generation: 39
Best Individual:
Subpopulation 0:
Evaluated: true
Fitness: Standardized=0.24143918 Adjusted=0.80551666 Hits=3
Tree 0:
digraph g {
node [shape=rectangle];
n[label = "If_Then"];
n0[label = "NearestFirstNode"];
n -> n0;
n1[label = "If_Then"];
n10[label = "While"];
n100[label = "NearestInsertion"];
n10 -> n100;
n101[label = "NearestInsertion"];
n10 -> n101;
n1 -> n10;
n11[label = "And"];
n110[label = "CplexTerminal"];
n11 -> n110;
n111[label = "And"];
n1110[label = "NearestFirstNode"];
n111 -> n1110;
n1111[label = "NearestFirstNode"];
n111 -> n1111;
n11 -> n111;
n1 -> n11;
n -> n1;
}


Generation: 40
Best Individual:
Subpopulation 0:
Evaluated: true
Fitness: Standardized=0.23780051 Adjusted=0.80788463 Hits=3
Tree 0:
digraph g {
node [shape=rectangle];
n[label = "If_Then"];
n0[label = "NearestFirstNode"];
n -> n0;
n1[label = "If_Then"];
n10[label = "While"];
n100[label = "NearestInsertion"];
n10 -> n100;
n101[label = "NearestInsertion"];
n10 -> n101;
n1 -> n10;
n11[label = "And"];
n110[label = "CplexTerminal"];
n11 -> n110;
n111[label = "While"];
n1110[label = "NearestInsertion"];
n111 -> n1110;
n1111[label = "NearestInsertion"];
n111 -> n1111;
n11 -> n111;
n1 -> n11;
n -> n1;
}


Generation: 41
Best Individual:
Subpopulation 0:
Evaluated: true
Fitness: Standardized=0.23780051 Adjusted=0.80788463 Hits=3
Tree 0:
digraph g {
node [shape=rectangle];
n[label = "If_Then"];
n0[label = "NearestFirstNode"];
n -> n0;
n1[label = "If_Then"];
n10[label = "While"];
n100[label = "NearestInsertion"];
n10 -> n100;
n101[label = "NearestInsertion"];
n10 -> n101;
n1 -> n10;
n11[label = "And"];
n110[label = "CplexTerminal"];
n11 -> n110;
n111[label = "While"];
n1110[label = "NearestInsertion"];
n111 -> n1110;
n1111[label = "NearestInsertion"];
n111 -> n1111;
n11 -> n111;
n1 -> n11;
n -> n1;
}


Generation: 42
Best Individual:
Subpopulation 0:
Evaluated: true
Fitness: Standardized=0.23780051 Adjusted=0.80788463 Hits=3
Tree 0:
digraph g {
node [shape=rectangle];
n[label = "If_Then"];
n0[label = "NearestFirstNode"];
n -> n0;
n1[label = "If_Then"];
n10[label = "While"];
n100[label = "NearestInsertion"];
n10 -> n100;
n101[label = "NearestInsertion"];
n10 -> n101;
n1 -> n10;
n11[label = "And"];
n110[label = "CplexTerminal"];
n11 -> n110;
n111[label = "And"];
n1110[label = "NearestFirstNode"];
n111 -> n1110;
n1111[label = "NearestFirstNode"];
n111 -> n1111;
n11 -> n111;
n1 -> n11;
n -> n1;
}


Generation: 43
Best Individual:
Subpopulation 0:
Evaluated: true
Fitness: Standardized=0.23780051 Adjusted=0.80788463 Hits=3
Tree 0:
digraph g {
node [shape=rectangle];
n[label = "If_Then"];
n0[label = "NearestFirstNode"];
n -> n0;
n1[label = "If_Then"];
n10[label = "While"];
n100[label = "NearestInsertion"];
n10 -> n100;
n101[label = "NearestInsertion"];
n10 -> n101;
n1 -> n10;
n11[label = "And"];
n110[label = "CplexTerminal"];
n11 -> n110;
n111[label = "While"];
n1110[label = "NearestInsertion"];
n111 -> n1110;
n1111[label = "NearestInsertion"];
n111 -> n1111;
n11 -> n111;
n1 -> n11;
n -> n1;
}


Generation: 44
Best Individual:
Subpopulation 0:
Evaluated: true
Fitness: Standardized=0.23780051 Adjusted=0.80788463 Hits=3
Tree 0:
digraph g {
node [shape=rectangle];
n[label = "And"];
n0[label = "While"];
n00[label = "NearestInsertion"];
n0 -> n00;
n01[label = "NearestInsertion"];
n0 -> n01;
n -> n0;
n1[label = "And"];
n10[label = "CplexTerminal"];
n1 -> n10;
n11[label = "And"];
n110[label = "NearestFirstNode"];
n11 -> n110;
n111[label = "NearestFirstNode"];
n11 -> n111;
n1 -> n11;
n -> n1;
}


Generation: 45
Best Individual:
Subpopulation 0:
Evaluated: true
Fitness: Standardized=0.23780051 Adjusted=0.80788463 Hits=3
Tree 0:
digraph g {
node [shape=rectangle];
n[label = "If_Then"];
n0[label = "If_Then"];
n00[label = "While"];
n000[label = "NearestInsertion"];
n00 -> n000;
n001[label = "NearestInsertion"];
n00 -> n001;
n0 -> n00;
n01[label = "And"];
n010[label = "CplexTerminal"];
n01 -> n010;
n011[label = "While"];
n0110[label = "NearestInsertion"];
n011 -> n0110;
n0111[label = "NearestInsertion"];
n011 -> n0111;
n01 -> n011;
n0 -> n01;
n -> n0;
n1[label = "If_Then"];
n10[label = "While"];
n100[label = "NearestInsertion"];
n10 -> n100;
n101[label = "NearestInsertion"];
n10 -> n101;
n1 -> n10;
n11[label = "And"];
n110[label = "CplexTerminal"];
n11 -> n110;
n111[label = "And"];
n1110[label = "NearestFirstNode"];
n111 -> n1110;
n1111[label = "NearestFirstNode"];
n111 -> n1111;
n11 -> n111;
n1 -> n11;
n -> n1;
}


Generation: 46
Best Individual:
Subpopulation 0:
Evaluated: true
Fitness: Standardized=0.23437464 Adjusted=0.81012684 Hits=3
Tree 0:
digraph g {
node [shape=rectangle];
n[label = "If_Then"];
n0[label = "Equal"];
n00[label = "Or"];
n000[label = "NearestFirstNode"];
n00 -> n000;
n001[label = "FarthestInsertion"];
n00 -> n001;
n0 -> n00;
n01[label = "FarthestNeighbor"];
n0 -> n01;
n -> n0;
n1[label = "If_Then"];
n10[label = "While"];
n100[label = "NearestInsertion"];
n10 -> n100;
n101[label = "NearestInsertion"];
n10 -> n101;
n1 -> n10;
n11[label = "And"];
n110[label = "CplexTerminal"];
n11 -> n110;
n111[label = "And"];
n1110[label = "NearestFirstNode"];
n111 -> n1110;
n1111[label = "NearestFirstNode"];
n111 -> n1111;
n11 -> n111;
n1 -> n11;
n -> n1;
}


Generation: 47
Best Individual:
Subpopulation 0:
Evaluated: true
Fitness: Standardized=0.23437464 Adjusted=0.81012684 Hits=3
Tree 0:
digraph g {
node [shape=rectangle];
n[label = "If_Then"];
n0[label = "Equal"];
n00[label = "Or"];
n000[label = "NearestFirstNode"];
n00 -> n000;
n001[label = "FarthestInsertion"];
n00 -> n001;
n0 -> n00;
n01[label = "FarthestNeighbor"];
n0 -> n01;
n -> n0;
n1[label = "If_Then"];
n10[label = "While"];
n100[label = "NearestInsertion"];
n10 -> n100;
n101[label = "NearestInsertion"];
n10 -> n101;
n1 -> n10;
n11[label = "And"];
n110[label = "CplexTerminal"];
n11 -> n110;
n111[label = "And"];
n1110[label = "NearestFirstNode"];
n111 -> n1110;
n1111[label = "NearestFirstNode"];
n111 -> n1111;
n11 -> n111;
n1 -> n11;
n -> n1;
}


Generation: 48
Best Individual:
Subpopulation 0:
Evaluated: true
Fitness: Standardized=0.21423502 Adjusted=0.82356375 Hits=3
Tree 0:
digraph g {
node [shape=rectangle];
n[label = "If_Then"];
n0[label = "Equal"];
n00[label = "Or"];
n000[label = "NearestFirstNode"];
n00 -> n000;
n001[label = "FarthestInsertion"];
n00 -> n001;
n0 -> n00;
n01[label = "Equal"];
n010[label = "Or"];
n0100[label = "NearestFirstNode"];
n010 -> n0100;
n0101[label = "FarthestInsertion"];
n010 -> n0101;
n01 -> n010;
n011[label = "FarthestNeighbor"];
n01 -> n011;
n0 -> n01;
n -> n0;
n1[label = "While"];
n10[label = "NearestInsertion"];
n1 -> n10;
n11[label = "NearestInsertion"];
n1 -> n11;
n -> n1;
}


Generation: 49
Best Individual:
Subpopulation 0:
Evaluated: true
Fitness: Standardized=0.21423502 Adjusted=0.82356375 Hits=3
Tree 0:
digraph g {
node [shape=rectangle];
n[label = "If_Then"];
n0[label = "Equal"];
n00[label = "Or"];
n000[label = "NearestFirstNode"];
n00 -> n000;
n001[label = "FarthestInsertion"];
n00 -> n001;
n0 -> n00;
n01[label = "Equal"];
n010[label = "Or"];
n0100[label = "NearestFirstNode"];
n010 -> n0100;
n0101[label = "FarthestInsertion"];
n010 -> n0101;
n01 -> n010;
n011[label = "FarthestNeighbor"];
n01 -> n011;
n0 -> n01;
n -> n0;
n1[label = "While"];
n10[label = "NearestInsertion"];
n1 -> n10;
n11[label = "NearestInsertion"];
n1 -> n11;
n -> n1;
}


Generation: 50
Best Individual:
Subpopulation 0:
Evaluated: true
Fitness: Standardized=0.21423502 Adjusted=0.82356375 Hits=3
Tree 0:
digraph g {
node [shape=rectangle];
n[label = "If_Then"];
n0[label = "Equal"];
n00[label = "Or"];
n000[label = "NearestFirstNode"];
n00 -> n000;
n001[label = "FarthestInsertion"];
n00 -> n001;
n0 -> n00;
n01[label = "Equal"];
n010[label = "Or"];
n0100[label = "NearestFirstNode"];
n010 -> n0100;
n0101[label = "FarthestInsertion"];
n010 -> n0101;
n01 -> n010;
n011[label = "FarthestNeighbor"];
n01 -> n011;
n0 -> n01;
n -> n0;
n1[label = "While"];
n10[label = "NearestInsertion"];
n1 -> n10;
n11[label = "NearestInsertion"];
n1 -> n11;
n -> n1;
}


Generation: 51
Best Individual:
Subpopulation 0:
Evaluated: true
Fitness: Standardized=0.19976197 Adjusted=0.83349866 Hits=2
Tree 0:
digraph g {
node [shape=rectangle];
n[label = "If_Then"];
n0[label = "Equal"];
n00[label = "Or"];
n000[label = "NearestFirstNode"];
n00 -> n000;
n001[label = "FarthestInsertion"];
n00 -> n001;
n0 -> n00;
n01[label = "Equal"];
n010[label = "FarthestNeighbor"];
n01 -> n010;
n011[label = "FarthestNeighbor"];
n01 -> n011;
n0 -> n01;
n -> n0;
n1[label = "While"];
n10[label = "NearestInsertion"];
n1 -> n10;
n11[label = "NearestInsertion"];
n1 -> n11;
n -> n1;
}


Generation: 52
Best Individual:
Subpopulation 0:
Evaluated: true
Fitness: Standardized=0.19976197 Adjusted=0.83349866 Hits=2
Tree 0:
digraph g {
node [shape=rectangle];
n[label = "If_Then"];
n0[label = "Equal"];
n00[label = "Or"];
n000[label = "Or"];
n0000[label = "NearestFirstNode"];
n000 -> n0000;
n0001[label = "FarthestInsertion"];
n000 -> n0001;
n00 -> n000;
n001[label = "FarthestInsertion"];
n00 -> n001;
n0 -> n00;
n01[label = "Equal"];
n010[label = "FarthestNeighbor"];
n01 -> n010;
n011[label = "FarthestNeighbor"];
n01 -> n011;
n0 -> n01;
n -> n0;
n1[label = "While"];
n10[label = "NearestInsertion"];
n1 -> n10;
n11[label = "NearestInsertion"];
n1 -> n11;
n -> n1;
}


Generation: 53
Best Individual:
Subpopulation 0:
Evaluated: true
Fitness: Standardized=0.19976197 Adjusted=0.83349866 Hits=2
Tree 0:
digraph g {
node [shape=rectangle];
n[label = "If_Then"];
n0[label = "Equal"];
n00[label = "Or"];
n000[label = "NearestFirstNode"];
n00 -> n000;
n001[label = "FarthestInsertion"];
n00 -> n001;
n0 -> n00;
n01[label = "Equal"];
n010[label = "FarthestNeighbor"];
n01 -> n010;
n011[label = "FarthestNeighbor"];
n01 -> n011;
n0 -> n01;
n -> n0;
n1[label = "While"];
n10[label = "NearestInsertion"];
n1 -> n10;
n11[label = "NearestInsertion"];
n1 -> n11;
n -> n1;
}


Generation: 54
Best Individual:
Subpopulation 0:
Evaluated: true
Fitness: Standardized=0.19548814 Adjusted=0.8364784 Hits=2
Tree 0:
digraph g {
node [shape=rectangle];
n[label = "If_Then"];
n0[label = "Equal"];
n00[label = "Equal"];
n000[label = "Or"];
n0000[label = "NearestFirstNode"];
n000 -> n0000;
n0001[label = "FarthestInsertion"];
n000 -> n0001;
n00 -> n000;
n001[label = "FarthestNeighbor"];
n00 -> n001;
n0 -> n00;
n01[label = "Equal"];
n010[label = "FarthestNeighbor"];
n01 -> n010;
n011[label = "FarthestNeighbor"];
n01 -> n011;
n0 -> n01;
n -> n0;
n1[label = "While"];
n10[label = "NearestInsertion"];
n1 -> n10;
n11[label = "NearestInsertion"];
n1 -> n11;
n -> n1;
}


Generation: 55
Best Individual:
Subpopulation 0:
Evaluated: true
Fitness: Standardized=0.19548814 Adjusted=0.8364784 Hits=2
Tree 0:
digraph g {
node [shape=rectangle];
n[label = "If_Then"];
n0[label = "Equal"];
n00[label = "Equal"];
n000[label = "Or"];
n0000[label = "NearestFirstNode"];
n000 -> n0000;
n0001[label = "FarthestInsertion"];
n000 -> n0001;
n00 -> n000;
n001[label = "FarthestNeighbor"];
n00 -> n001;
n0 -> n00;
n01[label = "Equal"];
n010[label = "FarthestNeighbor"];
n01 -> n010;
n011[label = "FarthestNeighbor"];
n01 -> n011;
n0 -> n01;
n -> n0;
n1[label = "While"];
n10[label = "NearestInsertion"];
n1 -> n10;
n11[label = "NearestInsertion"];
n1 -> n11;
n -> n1;
}


Generation: 56
Best Individual:
Subpopulation 0:
Evaluated: true
Fitness: Standardized=0.19548814 Adjusted=0.8364784 Hits=2
Tree 0:
digraph g {
node [shape=rectangle];
n[label = "If_Then"];
n0[label = "Equal"];
n00[label = "Equal"];
n000[label = "Or"];
n0000[label = "NearestFirstNode"];
n000 -> n0000;
n0001[label = "FarthestInsertion"];
n000 -> n0001;
n00 -> n000;
n001[label = "FarthestNeighbor"];
n00 -> n001;
n0 -> n00;
n01[label = "Equal"];
n010[label = "FarthestNeighbor"];
n01 -> n010;
n011[label = "FarthestNeighbor"];
n01 -> n011;
n0 -> n01;
n -> n0;
n1[label = "While"];
n10[label = "NearestInsertion"];
n1 -> n10;
n11[label = "NearestInsertion"];
n1 -> n11;
n -> n1;
}


Generation: 57
Best Individual:
Subpopulation 0:
Evaluated: true
Fitness: Standardized=0.19548814 Adjusted=0.8364784 Hits=2
Tree 0:
digraph g {
node [shape=rectangle];
n[label = "If_Then"];
n0[label = "Equal"];
n00[label = "Equal"];
n000[label = "Or"];
n0000[label = "NearestFirstNode"];
n000 -> n0000;
n0001[label = "FarthestInsertion"];
n000 -> n0001;
n00 -> n000;
n001[label = "FarthestNeighbor"];
n00 -> n001;
n0 -> n00;
n01[label = "Equal"];
n010[label = "FarthestNeighbor"];
n01 -> n010;
n011[label = "FarthestNeighbor"];
n01 -> n011;
n0 -> n01;
n -> n0;
n1[label = "While"];
n10[label = "NearestInsertion"];
n1 -> n10;
n11[label = "NearestInsertion"];
n1 -> n11;
n -> n1;
}


Generation: 58
Best Individual:
Subpopulation 0:
Evaluated: true
Fitness: Standardized=0.19548814 Adjusted=0.8364784 Hits=2
Tree 0:
digraph g {
node [shape=rectangle];
n[label = "If_Then"];
n0[label = "Equal"];
n00[label = "Equal"];
n000[label = "Or"];
n0000[label = "NearestFirstNode"];
n000 -> n0000;
n0001[label = "FarthestInsertion"];
n000 -> n0001;
n00 -> n000;
n001[label = "FarthestNeighbor"];
n00 -> n001;
n0 -> n00;
n01[label = "Equal"];
n010[label = "FarthestNeighbor"];
n01 -> n010;
n011[label = "FarthestNeighbor"];
n01 -> n011;
n0 -> n01;
n -> n0;
n1[label = "While"];
n10[label = "NearestInsertion"];
n1 -> n10;
n11[label = "NearestInsertion"];
n1 -> n11;
n -> n1;
}


Generation: 59
Best Individual:
Subpopulation 0:
Evaluated: true
Fitness: Standardized=0.19548814 Adjusted=0.8364784 Hits=2
Tree 0:
digraph g {
node [shape=rectangle];
n[label = "If_Then"];
n0[label = "Equal"];
n00[label = "Equal"];
n000[label = "Or"];
n0000[label = "NearestFirstNode"];
n000 -> n0000;
n0001[label = "FarthestInsertion"];
n000 -> n0001;
n00 -> n000;
n001[label = "FarthestNeighbor"];
n00 -> n001;
n0 -> n00;
n01[label = "Equal"];
n010[label = "FarthestNeighbor"];
n01 -> n010;
n011[label = "FarthestNeighbor"];
n01 -> n011;
n0 -> n01;
n -> n0;
n1[label = "While"];
n10[label = "NearestInsertion"];
n1 -> n10;
n11[label = "NearestInsertion"];
n1 -> n11;
n -> n1;
}


Generation: 60
Best Individual:
Subpopulation 0:
Evaluated: true
Fitness: Standardized=0.19548814 Adjusted=0.8364784 Hits=2
Tree 0:
digraph g {
node [shape=rectangle];
n[label = "If_Then"];
n0[label = "Equal"];
n00[label = "Equal"];
n000[label = "Or"];
n0000[label = "NearestFirstNode"];
n000 -> n0000;
n0001[label = "FarthestInsertion"];
n000 -> n0001;
n00 -> n000;
n001[label = "FarthestNeighbor"];
n00 -> n001;
n0 -> n00;
n01[label = "Equal"];
n010[label = "FarthestNeighbor"];
n01 -> n010;
n011[label = "FarthestNeighbor"];
n01 -> n011;
n0 -> n01;
n -> n0;
n1[label = "While"];
n10[label = "NearestInsertion"];
n1 -> n10;
n11[label = "NearestInsertion"];
n1 -> n11;
n -> n1;
}


Generation: 61
Best Individual:
Subpopulation 0:
Evaluated: true
Fitness: Standardized=0.19548814 Adjusted=0.8364784 Hits=2
Tree 0:
digraph g {
node [shape=rectangle];
n[label = "If_Then"];
n0[label = "Equal"];
n00[label = "Equal"];
n000[label = "Or"];
n0000[label = "NearestFirstNode"];
n000 -> n0000;
n0001[label = "FarthestInsertion"];
n000 -> n0001;
n00 -> n000;
n001[label = "FarthestNeighbor"];
n00 -> n001;
n0 -> n00;
n01[label = "Equal"];
n010[label = "FarthestNeighbor"];
n01 -> n010;
n011[label = "FarthestNeighbor"];
n01 -> n011;
n0 -> n01;
n -> n0;
n1[label = "While"];
n10[label = "NearestInsertion"];
n1 -> n10;
n11[label = "NearestInsertion"];
n1 -> n11;
n -> n1;
}


Generation: 62
Best Individual:
Subpopulation 0:
Evaluated: true
Fitness: Standardized=0.19548814 Adjusted=0.8364784 Hits=2
Tree 0:
digraph g {
node [shape=rectangle];
n[label = "If_Then"];
n0[label = "Equal"];
n00[label = "Equal"];
n000[label = "Or"];
n0000[label = "NearestFirstNode"];
n000 -> n0000;
n0001[label = "FarthestInsertion"];
n000 -> n0001;
n00 -> n000;
n001[label = "FarthestNeighbor"];
n00 -> n001;
n0 -> n00;
n01[label = "Equal"];
n010[label = "FarthestNeighbor"];
n01 -> n010;
n011[label = "FarthestNeighbor"];
n01 -> n011;
n0 -> n01;
n -> n0;
n1[label = "While"];
n10[label = "NearestInsertion"];
n1 -> n10;
n11[label = "NearestInsertion"];
n1 -> n11;
n -> n1;
}


Generation: 63
Best Individual:
Subpopulation 0:
Evaluated: true
Fitness: Standardized=0.19548814 Adjusted=0.8364784 Hits=2
Tree 0:
digraph g {
node [shape=rectangle];
n[label = "If_Then"];
n0[label = "Equal"];
n00[label = "Equal"];
n000[label = "Or"];
n0000[label = "NearestFirstNode"];
n000 -> n0000;
n0001[label = "BestMove"];
n000 -> n0001;
n00 -> n000;
n001[label = "FarthestNeighbor"];
n00 -> n001;
n0 -> n00;
n01[label = "Equal"];
n010[label = "FarthestNeighbor"];
n01 -> n010;
n011[label = "FarthestNeighbor"];
n01 -> n011;
n0 -> n01;
n -> n0;
n1[label = "While"];
n10[label = "NearestInsertion"];
n1 -> n10;
n11[label = "NearestInsertion"];
n1 -> n11;
n -> n1;
}


Generation: 64
Best Individual:
Subpopulation 0:
Evaluated: true
Fitness: Standardized=0.19548814 Adjusted=0.8364784 Hits=2
Tree 0:
digraph g {
node [shape=rectangle];
n[label = "If_Then"];
n0[label = "Equal"];
n00[label = "Equal"];
n000[label = "Or"];
n0000[label = "NearestFirstNode"];
n000 -> n0000;
n0001[label = "BestMove"];
n000 -> n0001;
n00 -> n000;
n001[label = "FarthestNeighbor"];
n00 -> n001;
n0 -> n00;
n01[label = "Equal"];
n010[label = "FarthestNeighbor"];
n01 -> n010;
n011[label = "FarthestNeighbor"];
n01 -> n011;
n0 -> n01;
n -> n0;
n1[label = "While"];
n10[label = "NearestInsertion"];
n1 -> n10;
n11[label = "NearestInsertion"];
n1 -> n11;
n -> n1;
}


Generation: 65
Best Individual:
Subpopulation 0:
Evaluated: true
Fitness: Standardized=0.19548814 Adjusted=0.8364784 Hits=2
Tree 0:
digraph g {
node [shape=rectangle];
n[label = "If_Then"];
n0[label = "Equal"];
n00[label = "Equal"];
n000[label = "Or"];
n0000[label = "NearestFirstNode"];
n000 -> n0000;
n0001[label = "BestMove"];
n000 -> n0001;
n00 -> n000;
n001[label = "FarthestNeighbor"];
n00 -> n001;
n0 -> n00;
n01[label = "Equal"];
n010[label = "FarthestNeighbor"];
n01 -> n010;
n011[label = "FarthestNeighbor"];
n01 -> n011;
n0 -> n01;
n -> n0;
n1[label = "While"];
n10[label = "NearestInsertion"];
n1 -> n10;
n11[label = "NearestInsertion"];
n1 -> n11;
n -> n1;
}


Generation: 66
Best Individual:
Subpopulation 0:
Evaluated: true
Fitness: Standardized=0.19548814 Adjusted=0.8364784 Hits=2
Tree 0:
digraph g {
node [shape=rectangle];
n[label = "If_Then"];
n0[label = "Equal"];
n00[label = "Equal"];
n000[label = "Or"];
n0000[label = "NearestFirstNode"];
n000 -> n0000;
n0001[label = "BestMove"];
n000 -> n0001;
n00 -> n000;
n001[label = "FarthestNeighbor"];
n00 -> n001;
n0 -> n00;
n01[label = "Equal"];
n010[label = "FarthestNeighbor"];
n01 -> n010;
n011[label = "FarthestNeighbor"];
n01 -> n011;
n0 -> n01;
n -> n0;
n1[label = "While"];
n10[label = "NearestInsertion"];
n1 -> n10;
n11[label = "NearestInsertion"];
n1 -> n11;
n -> n1;
}


Generation: 67
Best Individual:
Subpopulation 0:
Evaluated: true
Fitness: Standardized=0.19548814 Adjusted=0.8364784 Hits=2
Tree 0:
digraph g {
node [shape=rectangle];
n[label = "If_Then"];
n0[label = "Equal"];
n00[label = "Equal"];
n000[label = "Or"];
n0000[label = "NearestFirstNode"];
n000 -> n0000;
n0001[label = "FarthestInsertion"];
n000 -> n0001;
n00 -> n000;
n001[label = "FarthestNeighbor"];
n00 -> n001;
n0 -> n00;
n01[label = "Equal"];
n010[label = "FarthestNeighbor"];
n01 -> n010;
n011[label = "FarthestNeighbor"];
n01 -> n011;
n0 -> n01;
n -> n0;
n1[label = "While"];
n10[label = "NearestInsertion"];
n1 -> n10;
n11[label = "NearestInsertion"];
n1 -> n11;
n -> n1;
}


Generation: 68
Best Individual:
Subpopulation 0:
Evaluated: true
Fitness: Standardized=0.19548814 Adjusted=0.8364784 Hits=2
Tree 0:
digraph g {
node [shape=rectangle];
n[label = "If_Then"];
n0[label = "Equal"];
n00[label = "Equal"];
n000[label = "Or"];
n0000[label = "NearestFirstNode"];
n000 -> n0000;
n0001[label = "FarthestInsertion"];
n000 -> n0001;
n00 -> n000;
n001[label = "FarthestNeighbor"];
n00 -> n001;
n0 -> n00;
n01[label = "Equal"];
n010[label = "FarthestNeighbor"];
n01 -> n010;
n011[label = "FarthestNeighbor"];
n01 -> n011;
n0 -> n01;
n -> n0;
n1[label = "While"];
n10[label = "NearestInsertion"];
n1 -> n10;
n11[label = "NearestInsertion"];
n1 -> n11;
n -> n1;
}


Generation: 69
Best Individual:
Subpopulation 0:
Evaluated: true
Fitness: Standardized=0.19548814 Adjusted=0.8364784 Hits=2
Tree 0:
digraph g {
node [shape=rectangle];
n[label = "If_Then"];
n0[label = "Equal"];
n00[label = "And"];
n000[label = "Or"];
n0000[label = "NearestFirstNode"];
n000 -> n0000;
n0001[label = "BestMove"];
n000 -> n0001;
n00 -> n000;
n001[label = "FarthestNeighbor"];
n00 -> n001;
n0 -> n00;
n01[label = "Equal"];
n010[label = "FarthestInsertion"];
n01 -> n010;
n011[label = "FarthestNeighbor"];
n01 -> n011;
n0 -> n01;
n -> n0;
n1[label = "While"];
n10[label = "NearestInsertion"];
n1 -> n10;
n11[label = "NearestInsertion"];
n1 -> n11;
n -> n1;
}


Generation: 70
Best Individual:
Subpopulation 0:
Evaluated: true
Fitness: Standardized=0.19548814 Adjusted=0.8364784 Hits=2
Tree 0:
digraph g {
node [shape=rectangle];
n[label = "If_Then"];
n0[label = "Equal"];
n00[label = "Equal"];
n000[label = "Or"];
n0000[label = "NearestFirstNode"];
n000 -> n0000;
n0001[label = "FarthestInsertion"];
n000 -> n0001;
n00 -> n000;
n001[label = "FarthestNeighbor"];
n00 -> n001;
n0 -> n00;
n01[label = "Equal"];
n010[label = "FarthestNeighbor"];
n01 -> n010;
n011[label = "FarthestNeighbor"];
n01 -> n011;
n0 -> n01;
n -> n0;
n1[label = "While"];
n10[label = "NearestInsertion"];
n1 -> n10;
n11[label = "NearestInsertion"];
n1 -> n11;
n -> n1;
}


Generation: 71
Best Individual:
Subpopulation 0:
Evaluated: true
Fitness: Standardized=0.19548814 Adjusted=0.8364784 Hits=2
Tree 0:
digraph g {
node [shape=rectangle];
n[label = "If_Then"];
n0[label = "Equal"];
n00[label = "Equal"];
n000[label = "Or"];
n0000[label = "NearestFirstNode"];
n000 -> n0000;
n0001[label = "BestMove"];
n000 -> n0001;
n00 -> n000;
n001[label = "FarthestNeighbor"];
n00 -> n001;
n0 -> n00;
n01[label = "Equal"];
n010[label = "FarthestNeighbor"];
n01 -> n010;
n011[label = "FarthestNeighbor"];
n01 -> n011;
n0 -> n01;
n -> n0;
n1[label = "While"];
n10[label = "NearestInsertion"];
n1 -> n10;
n11[label = "NearestInsertion"];
n1 -> n11;
n -> n1;
}


Generation: 72
Best Individual:
Subpopulation 0:
Evaluated: true
Fitness: Standardized=0.19404484 Adjusted=0.8374895 Hits=2
Tree 0:
digraph g {
node [shape=rectangle];
n[label = "If_Then"];
n0[label = "Equal"];
n00[label = "Equal"];
n000[label = "Or"];
n0000[label = "NearestFirstNode"];
n000 -> n0000;
n0001[label = "BestMove"];
n000 -> n0001;
n00 -> n000;
n001[label = "FarthestNeighbor"];
n00 -> n001;
n0 -> n00;
n01[label = "Equal"];
n010[label = "FarthestFirstNode"];
n01 -> n010;
n011[label = "FarthestNeighbor"];
n01 -> n011;
n0 -> n01;
n -> n0;
n1[label = "While"];
n10[label = "NearestInsertion"];
n1 -> n10;
n11[label = "NearestInsertion"];
n1 -> n11;
n -> n1;
}


Generation: 73
Best Individual:
Subpopulation 0:
Evaluated: true
Fitness: Standardized=0.19404484 Adjusted=0.8374895 Hits=2
Tree 0:
digraph g {
node [shape=rectangle];
n[label = "If_Then"];
n0[label = "Equal"];
n00[label = "Equal"];
n000[label = "Or"];
n0000[label = "NearestFirstNode"];
n000 -> n0000;
n0001[label = "BestMove"];
n000 -> n0001;
n00 -> n000;
n001[label = "FarthestNeighbor"];
n00 -> n001;
n0 -> n00;
n01[label = "Equal"];
n010[label = "FarthestFirstNode"];
n01 -> n010;
n011[label = "FarthestNeighbor"];
n01 -> n011;
n0 -> n01;
n -> n0;
n1[label = "While"];
n10[label = "NearestInsertion"];
n1 -> n10;
n11[label = "NearestInsertion"];
n1 -> n11;
n -> n1;
}


Generation: 74
Best Individual:
Subpopulation 0:
Evaluated: true
Fitness: Standardized=0.19404484 Adjusted=0.8374895 Hits=2
Tree 0:
digraph g {
node [shape=rectangle];
n[label = "If_Then"];
n0[label = "Equal"];
n00[label = "Equal"];
n000[label = "Or"];
n0000[label = "NearestFirstNode"];
n000 -> n0000;
n0001[label = "BestMove"];
n000 -> n0001;
n00 -> n000;
n001[label = "FarthestNeighbor"];
n00 -> n001;
n0 -> n00;
n01[label = "Equal"];
n010[label = "FarthestFirstNode"];
n01 -> n010;
n011[label = "FarthestNeighbor"];
n01 -> n011;
n0 -> n01;
n -> n0;
n1[label = "While"];
n10[label = "NearestInsertion"];
n1 -> n10;
n11[label = "NearestInsertion"];
n1 -> n11;
n -> n1;
}


Generation: 75
Best Individual:
Subpopulation 0:
Evaluated: true
Fitness: Standardized=0.19404484 Adjusted=0.8374895 Hits=2
Tree 0:
digraph g {
node [shape=rectangle];
n[label = "If_Then"];
n0[label = "Equal"];
n00[label = "Equal"];
n000[label = "Or"];
n0000[label = "NearestFirstNode"];
n000 -> n0000;
n0001[label = "BestMove"];
n000 -> n0001;
n00 -> n000;
n001[label = "FarthestNeighbor"];
n00 -> n001;
n0 -> n00;
n01[label = "Equal"];
n010[label = "FarthestFirstNode"];
n01 -> n010;
n011[label = "FarthestNeighbor"];
n01 -> n011;
n0 -> n01;
n -> n0;
n1[label = "While"];
n10[label = "NearestInsertion"];
n1 -> n10;
n11[label = "NearestInsertion"];
n1 -> n11;
n -> n1;
}


Generation: 76
Best Individual:
Subpopulation 0:
Evaluated: true
Fitness: Standardized=0.19404484 Adjusted=0.8374895 Hits=2
Tree 0:
digraph g {
node [shape=rectangle];
n[label = "If_Then"];
n0[label = "Equal"];
n00[label = "Equal"];
n000[label = "Or"];
n0000[label = "NearestFirstNode"];
n000 -> n0000;
n0001[label = "BestMove"];
n000 -> n0001;
n00 -> n000;
n001[label = "FarthestNeighbor"];
n00 -> n001;
n0 -> n00;
n01[label = "Equal"];
n010[label = "FarthestFirstNode"];
n01 -> n010;
n011[label = "FarthestNeighbor"];
n01 -> n011;
n0 -> n01;
n -> n0;
n1[label = "While"];
n10[label = "NearestInsertion"];
n1 -> n10;
n11[label = "NearestInsertion"];
n1 -> n11;
n -> n1;
}


Generation: 77
Best Individual:
Subpopulation 0:
Evaluated: true
Fitness: Standardized=0.19404484 Adjusted=0.8374895 Hits=2
Tree 0:
digraph g {
node [shape=rectangle];
n[label = "If_Then"];
n0[label = "Equal"];
n00[label = "Equal"];
n000[label = "NearestInsertion"];
n00 -> n000;
n001[label = "FarthestNeighbor"];
n00 -> n001;
n0 -> n00;
n01[label = "Equal"];
n010[label = "FarthestFirstNode"];
n01 -> n010;
n011[label = "FarthestNeighbor"];
n01 -> n011;
n0 -> n01;
n -> n0;
n1[label = "While"];
n10[label = "NearestInsertion"];
n1 -> n10;
n11[label = "NearestInsertion"];
n1 -> n11;
n -> n1;
}


Generation: 78
Best Individual:
Subpopulation 0:
Evaluated: true
Fitness: Standardized=0.19404484 Adjusted=0.8374895 Hits=2
Tree 0:
digraph g {
node [shape=rectangle];
n[label = "If_Then"];
n0[label = "Equal"];
n00[label = "Equal"];
n000[label = "Or"];
n0000[label = "NearestFirstNode"];
n000 -> n0000;
n0001[label = "BestMove"];
n000 -> n0001;
n00 -> n000;
n001[label = "FarthestNeighbor"];
n00 -> n001;
n0 -> n00;
n01[label = "Equal"];
n010[label = "FarthestFirstNode"];
n01 -> n010;
n011[label = "FarthestNeighbor"];
n01 -> n011;
n0 -> n01;
n -> n0;
n1[label = "While"];
n10[label = "NearestInsertion"];
n1 -> n10;
n11[label = "NearestInsertion"];
n1 -> n11;
n -> n1;
}


Generation: 79
Best Individual:
Subpopulation 0:
Evaluated: true
Fitness: Standardized=0.19404484 Adjusted=0.8374895 Hits=2
Tree 0:
digraph g {
node [shape=rectangle];
n[label = "If_Then"];
n0[label = "Equal"];
n00[label = "Equal"];
n000[label = "NearestInsertion"];
n00 -> n000;
n001[label = "FarthestNeighbor"];
n00 -> n001;
n0 -> n00;
n01[label = "Equal"];
n010[label = "FarthestFirstNode"];
n01 -> n010;
n011[label = "FarthestNeighbor"];
n01 -> n011;
n0 -> n01;
n -> n0;
n1[label = "While"];
n10[label = "NearestInsertion"];
n1 -> n10;
n11[label = "NearestInsertion"];
n1 -> n11;
n -> n1;
}


Generation: 80
Best Individual:
Subpopulation 0:
Evaluated: true
Fitness: Standardized=0.19404484 Adjusted=0.8374895 Hits=2
Tree 0:
digraph g {
node [shape=rectangle];
n[label = "If_Then"];
n0[label = "Equal"];
n00[label = "Equal"];
n000[label = "Or"];
n0000[label = "NearestFirstNode"];
n000 -> n0000;
n0001[label = "BestMove"];
n000 -> n0001;
n00 -> n000;
n001[label = "FarthestNeighbor"];
n00 -> n001;
n0 -> n00;
n01[label = "Equal"];
n010[label = "FarthestFirstNode"];
n01 -> n010;
n011[label = "FarthestNeighbor"];
n01 -> n011;
n0 -> n01;
n -> n0;
n1[label = "While"];
n10[label = "NearestInsertion"];
n1 -> n10;
n11[label = "NearestInsertion"];
n1 -> n11;
n -> n1;
}


Generation: 81
Best Individual:
Subpopulation 0:
Evaluated: true
Fitness: Standardized=0.19358076 Adjusted=0.8378151 Hits=2
Tree 0:
digraph g {
node [shape=rectangle];
n[label = "If_Then"];
n0[label = "Equal"];
n00[label = "Equal"];
n000[label = "NearestInsertion"];
n00 -> n000;
n001[label = "FarthestNeighbor"];
n00 -> n001;
n0 -> n00;
n01[label = "Equal"];
n010[label = "Equal"];
n0100[label = "NearestInsertion"];
n010 -> n0100;
n0101[label = "FarthestNeighbor"];
n010 -> n0101;
n01 -> n010;
n011[label = "Or"];
n0110[label = "FarthestFirstNode"];
n011 -> n0110;
n0111[label = "FarthestNeighbor"];
n011 -> n0111;
n01 -> n011;
n0 -> n01;
n -> n0;
n1[label = "While"];
n10[label = "NearestInsertion"];
n1 -> n10;
n11[label = "NearestInsertion"];
n1 -> n11;
n -> n1;
}


Generation: 82
Best Individual:
Subpopulation 0:
Evaluated: true
Fitness: Standardized=0.18535003 Adjusted=0.84363264 Hits=2
Tree 0:
digraph g {
node [shape=rectangle];
n[label = "If_Then"];
n0[label = "Equal"];
n00[label = "Equal"];
n000[label = "NearestInsertion"];
n00 -> n000;
n001[label = "FarthestNeighbor"];
n00 -> n001;
n0 -> n00;
n01[label = "Equal"];
n010[label = "FarthestFirstNode"];
n01 -> n010;
n011[label = "Equal"];
n0110[label = "NearestInsertion"];
n011 -> n0110;
n0111[label = "FarthestNeighbor"];
n011 -> n0111;
n01 -> n011;
n0 -> n01;
n -> n0;
n1[label = "While"];
n10[label = "NearestInsertion"];
n1 -> n10;
n11[label = "NearestInsertion"];
n1 -> n11;
n -> n1;
}


Generation: 83
Best Individual:
Subpopulation 0:
Evaluated: true
Fitness: Standardized=0.18535003 Adjusted=0.84363264 Hits=2
Tree 0:
digraph g {
node [shape=rectangle];
n[label = "If_Then"];
n0[label = "Equal"];
n00[label = "Equal"];
n000[label = "NearestInsertion"];
n00 -> n000;
n001[label = "FarthestNeighbor"];
n00 -> n001;
n0 -> n00;
n01[label = "Equal"];
n010[label = "FarthestFirstNode"];
n01 -> n010;
n011[label = "Equal"];
n0110[label = "NearestInsertion"];
n011 -> n0110;
n0111[label = "FarthestNeighbor"];
n011 -> n0111;
n01 -> n011;
n0 -> n01;
n -> n0;
n1[label = "While"];
n10[label = "NearestInsertion"];
n1 -> n10;
n11[label = "NearestInsertion"];
n1 -> n11;
n -> n1;
}


Generation: 84
Best Individual:
Subpopulation 0:
Evaluated: true
Fitness: Standardized=0.18535003 Adjusted=0.84363264 Hits=2
Tree 0:
digraph g {
node [shape=rectangle];
n[label = "If_Then"];
n0[label = "Equal"];
n00[label = "Equal"];
n000[label = "NearestInsertion"];
n00 -> n000;
n001[label = "FarthestNeighbor"];
n00 -> n001;
n0 -> n00;
n01[label = "Equal"];
n010[label = "FarthestFirstNode"];
n01 -> n010;
n011[label = "Equal"];
n0110[label = "NearestInsertion"];
n011 -> n0110;
n0111[label = "FarthestNeighbor"];
n011 -> n0111;
n01 -> n011;
n0 -> n01;
n -> n0;
n1[label = "While"];
n10[label = "NearestInsertion"];
n1 -> n10;
n11[label = "NearestInsertion"];
n1 -> n11;
n -> n1;
}


Generation: 85
Best Individual:
Subpopulation 0:
Evaluated: true
Fitness: Standardized=0.18535003 Adjusted=0.84363264 Hits=2
Tree 0:
digraph g {
node [shape=rectangle];
n[label = "If_Then"];
n0[label = "Equal"];
n00[label = "Equal"];
n000[label = "NearestInsertion"];
n00 -> n000;
n001[label = "FarthestNeighbor"];
n00 -> n001;
n0 -> n00;
n01[label = "Equal"];
n010[label = "FarthestFirstNode"];
n01 -> n010;
n011[label = "Equal"];
n0110[label = "NearestInsertion"];
n011 -> n0110;
n0111[label = "FarthestNeighbor"];
n011 -> n0111;
n01 -> n011;
n0 -> n01;
n -> n0;
n1[label = "While"];
n10[label = "NearestInsertion"];
n1 -> n10;
n11[label = "NearestInsertion"];
n1 -> n11;
n -> n1;
}


Generation: 86
Best Individual:
Subpopulation 0:
Evaluated: true
Fitness: Standardized=0.18535003 Adjusted=0.84363264 Hits=2
Tree 0:
digraph g {
node [shape=rectangle];
n[label = "If_Then"];
n0[label = "Equal"];
n00[label = "Equal"];
n000[label = "NearestInsertion"];
n00 -> n000;
n001[label = "FarthestNeighbor"];
n00 -> n001;
n0 -> n00;
n01[label = "Equal"];
n010[label = "FarthestFirstNode"];
n01 -> n010;
n011[label = "Equal"];
n0110[label = "NearestInsertion"];
n011 -> n0110;
n0111[label = "FarthestNeighbor"];
n011 -> n0111;
n01 -> n011;
n0 -> n01;
n -> n0;
n1[label = "While"];
n10[label = "NearestInsertion"];
n1 -> n10;
n11[label = "NearestInsertion"];
n1 -> n11;
n -> n1;
}


Generation: 87
Best Individual:
Subpopulation 0:
Evaluated: true
Fitness: Standardized=0.18382244 Adjusted=0.8447213 Hits=2
Tree 0:
digraph g {
node [shape=rectangle];
n[label = "If_Then"];
n0[label = "Equal"];
n00[label = "FarthestNeighbor"];
n0 -> n00;
n01[label = "Equal"];
n010[label = "FarthestFirstNode"];
n01 -> n010;
n011[label = "Equal"];
n0110[label = "NearestInsertion"];
n011 -> n0110;
n0111[label = "FarthestNeighbor"];
n011 -> n0111;
n01 -> n011;
n0 -> n01;
n -> n0;
n1[label = "While"];
n10[label = "NearestInsertion"];
n1 -> n10;
n11[label = "NearestInsertion"];
n1 -> n11;
n -> n1;
}


Generation: 88
Best Individual:
Subpopulation 0:
Evaluated: true
Fitness: Standardized=0.18382244 Adjusted=0.8447213 Hits=2
Tree 0:
digraph g {
node [shape=rectangle];
n[label = "If_Then"];
n0[label = "Equal"];
n00[label = "FarthestNeighbor"];
n0 -> n00;
n01[label = "Equal"];
n010[label = "FarthestFirstNode"];
n01 -> n010;
n011[label = "Equal"];
n0110[label = "NearestInsertion"];
n011 -> n0110;
n0111[label = "FarthestNeighbor"];
n011 -> n0111;
n01 -> n011;
n0 -> n01;
n -> n0;
n1[label = "While"];
n10[label = "NearestInsertion"];
n1 -> n10;
n11[label = "NearestInsertion"];
n1 -> n11;
n -> n1;
}


Generation: 89
Best Individual:
Subpopulation 0:
Evaluated: true
Fitness: Standardized=0.18382244 Adjusted=0.8447213 Hits=2
Tree 0:
digraph g {
node [shape=rectangle];
n[label = "If_Then"];
n0[label = "Equal"];
n00[label = "FarthestNeighbor"];
n0 -> n00;
n01[label = "Equal"];
n010[label = "FarthestFirstNode"];
n01 -> n010;
n011[label = "Equal"];
n0110[label = "NearestInsertion"];
n011 -> n0110;
n0111[label = "FarthestNeighbor"];
n011 -> n0111;
n01 -> n011;
n0 -> n01;
n -> n0;
n1[label = "While"];
n10[label = "NearestInsertion"];
n1 -> n10;
n11[label = "NearestInsertion"];
n1 -> n11;
n -> n1;
}


Generation: 90
Best Individual:
Subpopulation 0:
Evaluated: true
Fitness: Standardized=0.18382244 Adjusted=0.8447213 Hits=2
Tree 0:
digraph g {
node [shape=rectangle];
n[label = "If_Then"];
n0[label = "Equal"];
n00[label = "FarthestNeighbor"];
n0 -> n00;
n01[label = "Equal"];
n010[label = "FarthestFirstNode"];
n01 -> n010;
n011[label = "Equal"];
n0110[label = "NearestInsertion"];
n011 -> n0110;
n0111[label = "FarthestNeighbor"];
n011 -> n0111;
n01 -> n011;
n0 -> n01;
n -> n0;
n1[label = "While"];
n10[label = "NearestInsertion"];
n1 -> n10;
n11[label = "NearestInsertion"];
n1 -> n11;
n -> n1;
}


Generation: 91
Best Individual:
Subpopulation 0:
Evaluated: true
Fitness: Standardized=0.18382244 Adjusted=0.8447213 Hits=2
Tree 0:
digraph g {
node [shape=rectangle];
n[label = "If_Then"];
n0[label = "Equal"];
n00[label = "FarthestNeighbor"];
n0 -> n00;
n01[label = "Equal"];
n010[label = "FarthestFirstNode"];
n01 -> n010;
n011[label = "Equal"];
n0110[label = "NearestInsertion"];
n011 -> n0110;
n0111[label = "FarthestNeighbor"];
n011 -> n0111;
n01 -> n011;
n0 -> n01;
n -> n0;
n1[label = "While"];
n10[label = "NearestInsertion"];
n1 -> n10;
n11[label = "NearestInsertion"];
n1 -> n11;
n -> n1;
}


Generation: 92
Best Individual:
Subpopulation 0:
Evaluated: true
Fitness: Standardized=0.18382244 Adjusted=0.8447213 Hits=2
Tree 0:
digraph g {
node [shape=rectangle];
n[label = "If_Then"];
n0[label = "Equal"];
n00[label = "FarthestNeighbor"];
n0 -> n00;
n01[label = "Equal"];
n010[label = "FarthestFirstNode"];
n01 -> n010;
n011[label = "Equal"];
n0110[label = "NearestInsertion"];
n011 -> n0110;
n0111[label = "FarthestNeighbor"];
n011 -> n0111;
n01 -> n011;
n0 -> n01;
n -> n0;
n1[label = "While"];
n10[label = "NearestInsertion"];
n1 -> n10;
n11[label = "NearestInsertion"];
n1 -> n11;
n -> n1;
}


Generation: 93
Best Individual:
Subpopulation 0:
Evaluated: true
Fitness: Standardized=0.18382244 Adjusted=0.8447213 Hits=2
Tree 0:
digraph g {
node [shape=rectangle];
n[label = "If_Then"];
n0[label = "Equal"];
n00[label = "FarthestNeighbor"];
n0 -> n00;
n01[label = "Equal"];
n010[label = "FarthestFirstNode"];
n01 -> n010;
n011[label = "Equal"];
n0110[label = "NearestInsertion"];
n011 -> n0110;
n0111[label = "FarthestNeighbor"];
n011 -> n0111;
n01 -> n011;
n0 -> n01;
n -> n0;
n1[label = "While"];
n10[label = "NearestInsertion"];
n1 -> n10;
n11[label = "NearestInsertion"];
n1 -> n11;
n -> n1;
}


Generation: 94
Best Individual:
Subpopulation 0:
Evaluated: true
Fitness: Standardized=0.18382244 Adjusted=0.8447213 Hits=2
Tree 0:
digraph g {
node [shape=rectangle];
n[label = "If_Then"];
n0[label = "Equal"];
n00[label = "FarthestNeighbor"];
n0 -> n00;
n01[label = "Equal"];
n010[label = "FarthestFirstNode"];
n01 -> n010;
n011[label = "Equal"];
n0110[label = "NearestInsertion"];
n011 -> n0110;
n0111[label = "FarthestNeighbor"];
n011 -> n0111;
n01 -> n011;
n0 -> n01;
n -> n0;
n1[label = "While"];
n10[label = "NearestInsertion"];
n1 -> n10;
n11[label = "NearestInsertion"];
n1 -> n11;
n -> n1;
}


Generation: 95
Best Individual:
Subpopulation 0:
Evaluated: true
Fitness: Standardized=0.18382244 Adjusted=0.8447213 Hits=2
Tree 0:
digraph g {
node [shape=rectangle];
n[label = "If_Then"];
n0[label = "Equal"];
n00[label = "FarthestNeighbor"];
n0 -> n00;
n01[label = "Equal"];
n010[label = "FarthestFirstNode"];
n01 -> n010;
n011[label = "Equal"];
n0110[label = "NearestInsertion"];
n011 -> n0110;
n0111[label = "FarthestNeighbor"];
n011 -> n0111;
n01 -> n011;
n0 -> n01;
n -> n0;
n1[label = "While"];
n10[label = "NearestInsertion"];
n1 -> n10;
n11[label = "NearestInsertion"];
n1 -> n11;
n -> n1;
}


Generation: 96
Best Individual:
Subpopulation 0:
Evaluated: true
Fitness: Standardized=0.18382244 Adjusted=0.8447213 Hits=2
Tree 0:
digraph g {
node [shape=rectangle];
n[label = "If_Then"];
n0[label = "Equal"];
n00[label = "FarthestNeighbor"];
n0 -> n00;
n01[label = "Equal"];
n010[label = "FarthestFirstNode"];
n01 -> n010;
n011[label = "Equal"];
n0110[label = "NearestInsertion"];
n011 -> n0110;
n0111[label = "FarthestNeighbor"];
n011 -> n0111;
n01 -> n011;
n0 -> n01;
n -> n0;
n1[label = "While"];
n10[label = "NearestInsertion"];
n1 -> n10;
n11[label = "NearestInsertion"];
n1 -> n11;
n -> n1;
}


Generation: 97
Best Individual:
Subpopulation 0:
Evaluated: true
Fitness: Standardized=0.18382244 Adjusted=0.8447213 Hits=2
Tree 0:
digraph g {
node [shape=rectangle];
n[label = "If_Then"];
n0[label = "Equal"];
n00[label = "FarthestNeighbor"];
n0 -> n00;
n01[label = "Equal"];
n010[label = "FarthestFirstNode"];
n01 -> n010;
n011[label = "Equal"];
n0110[label = "NearestInsertion"];
n011 -> n0110;
n0111[label = "FarthestNeighbor"];
n011 -> n0111;
n01 -> n011;
n0 -> n01;
n -> n0;
n1[label = "While"];
n10[label = "NearestInsertion"];
n1 -> n10;
n11[label = "NearestInsertion"];
n1 -> n11;
n -> n1;
}


Generation: 98
Best Individual:
Subpopulation 0:
Evaluated: true
Fitness: Standardized=0.18382244 Adjusted=0.8447213 Hits=2
Tree 0:
digraph g {
node [shape=rectangle];
n[label = "If_Then"];
n0[label = "Equal"];
n00[label = "FarthestNeighbor"];
n0 -> n00;
n01[label = "Equal"];
n010[label = "FarthestFirstNode"];
n01 -> n010;
n011[label = "Equal"];
n0110[label = "NearestInsertion"];
n011 -> n0110;
n0111[label = "FarthestNeighbor"];
n011 -> n0111;
n01 -> n011;
n0 -> n01;
n -> n0;
n1[label = "While"];
n10[label = "NearestInsertion"];
n1 -> n10;
n11[label = "NearestInsertion"];
n1 -> n11;
n -> n1;
}


Generation: 99
Best Individual:
Subpopulation 0:
Evaluated: true
Fitness: Standardized=0.18382244 Adjusted=0.8447213 Hits=2
Tree 0:
digraph g {
node [shape=rectangle];
n[label = "If_Then"];
n0[label = "Equal"];
n00[label = "FarthestNeighbor"];
n0 -> n00;
n01[label = "Equal"];
n010[label = "FarthestFirstNode"];
n01 -> n010;
n011[label = "Equal"];
n0110[label = "NearestInsertion"];
n011 -> n0110;
n0111[label = "FarthestNeighbor"];
n011 -> n0111;
n01 -> n011;
n0 -> n01;
n -> n0;
n1[label = "While"];
n10[label = "NearestInsertion"];
n1 -> n10;
n11[label = "NearestInsertion"];
n1 -> n11;
n -> n1;
}


Best Individual of Run:
Subpopulation 0:
Evaluated: true
Fitness: Standardized=0.18382244 Adjusted=0.8447213 Hits=2
Tree 0:
digraph g {
node [shape=rectangle];
n[label = "If_Then"];
n0[label = "Equal"];
n00[label = "FarthestNeighbor"];
n0 -> n00;
n01[label = "Equal"];
n010[label = "FarthestFirstNode"];
n01 -> n010;
n011[label = "Equal"];
n0110[label = "NearestInsertion"];
n011 -> n0110;
n0111[label = "FarthestNeighbor"];
n011 -> n0111;
n01 -> n011;
n0 -> n01;
n -> n0;
n1[label = "While"];
n10[label = "NearestInsertion"];
n1 -> n10;
n11[label = "NearestInsertion"];
n1 -> n11;
n -> n1;
}

