
Generation: 0
Best Individual:
Subpopulation 0:
Evaluated: true
Fitness: Standardized=0.3141163 Adjusted=0.7609677 Hits=3
Tree 0:
digraph g {
node [shape=rectangle];
n[label = "If_Then_Else"];
n0[label = "Equal"];
n00[label = "CplexTerminal"];
n0 -> n00;
n01[label = "NearestFirstNode"];
n0 -> n01;
n -> n0;
n1[label = "If_Then"];
n10[label = "WorstMove"];
n1 -> n10;
n11[label = "BestMove"];
n1 -> n11;
n -> n1;
n2[label = "While"];
n20[label = "NearestNeighbor"];
n2 -> n20;
n21[label = "NearestNeighbor"];
n2 -> n21;
n -> n2;
}


Generation: 1
Best Individual:
Subpopulation 0:
Evaluated: true
Fitness: Standardized=0.3141163 Adjusted=0.7609677 Hits=3
Tree 0:
digraph g {
node [shape=rectangle];
n[label = "If_Then_Else"];
n0[label = "Equal"];
n00[label = "CplexTerminal"];
n0 -> n00;
n01[label = "NearestFirstNode"];
n0 -> n01;
n -> n0;
n1[label = "Equal"];
n10[label = "FarthestNeighbor"];
n1 -> n10;
n11[label = "BestMove"];
n1 -> n11;
n -> n1;
n2[label = "While"];
n20[label = "NearestNeighbor"];
n2 -> n20;
n21[label = "NearestNeighbor"];
n2 -> n21;
n -> n2;
}


Generation: 2
Best Individual:
Subpopulation 0:
Evaluated: true
Fitness: Standardized=0.31005117 Adjusted=0.76332897 Hits=3
Tree 0:
digraph g {
node [shape=rectangle];
n[label = "If_Then_Else"];
n0[label = "While"];
n00[label = "NearestNeighbor"];
n0 -> n00;
n01[label = "NearestNeighbor"];
n0 -> n01;
n -> n0;
n1[label = "Equal"];
n10[label = "FarthestNeighbor"];
n1 -> n10;
n11[label = "BestMove"];
n1 -> n11;
n -> n1;
n2[label = "While"];
n20[label = "NearestNeighbor"];
n2 -> n20;
n21[label = "NearestNeighbor"];
n2 -> n21;
n -> n2;
}


Generation: 3
Best Individual:
Subpopulation 0:
Evaluated: true
Fitness: Standardized=0.31005117 Adjusted=0.76332897 Hits=3
Tree 0:
digraph g {
node [shape=rectangle];
n[label = "If_Then_Else"];
n0[label = "While"];
n00[label = "NearestNeighbor"];
n0 -> n00;
n01[label = "NearestNeighbor"];
n0 -> n01;
n -> n0;
n1[label = "Equal"];
n10[label = "FarthestNeighbor"];
n1 -> n10;
n11[label = "BestMove"];
n1 -> n11;
n -> n1;
n2[label = "While"];
n20[label = "Or"];
n200[label = "WorstMove"];
n20 -> n200;
n201[label = "BestMove"];
n20 -> n201;
n2 -> n20;
n21[label = "NearestNeighbor"];
n2 -> n21;
n -> n2;
}


Generation: 4
Best Individual:
Subpopulation 0:
Evaluated: true
Fitness: Standardized=0.31005117 Adjusted=0.76332897 Hits=3
Tree 0:
digraph g {
node [shape=rectangle];
n[label = "If_Then_Else"];
n0[label = "While"];
n00[label = "NearestNeighbor"];
n0 -> n00;
n01[label = "NearestNeighbor"];
n0 -> n01;
n -> n0;
n1[label = "Equal"];
n10[label = "While"];
n100[label = "NearestNeighbor"];
n10 -> n100;
n101[label = "NearestNeighbor"];
n10 -> n101;
n1 -> n10;
n11[label = "BestMove"];
n1 -> n11;
n -> n1;
n2[label = "While"];
n20[label = "NearestNeighbor"];
n2 -> n20;
n21[label = "NearestNeighbor"];
n2 -> n21;
n -> n2;
}


Generation: 5
Best Individual:
Subpopulation 0:
Evaluated: true
Fitness: Standardized=0.31005117 Adjusted=0.76332897 Hits=3
Tree 0:
digraph g {
node [shape=rectangle];
n[label = "If_Then_Else"];
n0[label = "While"];
n00[label = "NearestNeighbor"];
n0 -> n00;
n01[label = "NearestNeighbor"];
n0 -> n01;
n -> n0;
n1[label = "Equal"];
n10[label = "FarthestNeighbor"];
n1 -> n10;
n11[label = "BestMove"];
n1 -> n11;
n -> n1;
n2[label = "While"];
n20[label = "Or"];
n200[label = "WorstMove"];
n20 -> n200;
n201[label = "BestMove"];
n20 -> n201;
n2 -> n20;
n21[label = "NearestNeighbor"];
n2 -> n21;
n -> n2;
}


Generation: 6
Best Individual:
Subpopulation 0:
Evaluated: true
Fitness: Standardized=0.31005117 Adjusted=0.76332897 Hits=3
Tree 0:
digraph g {
node [shape=rectangle];
n[label = "If_Then_Else"];
n0[label = "While"];
n00[label = "NearestNeighbor"];
n0 -> n00;
n01[label = "NearestNeighbor"];
n0 -> n01;
n -> n0;
n1[label = "Equal"];
n10[label = "FarthestNeighbor"];
n1 -> n10;
n11[label = "BestMove"];
n1 -> n11;
n -> n1;
n2[label = "While"];
n20[label = "Or"];
n200[label = "While"];
n2000[label = "NearestNeighbor"];
n200 -> n2000;
n2001[label = "NearestNeighbor"];
n200 -> n2001;
n20 -> n200;
n201[label = "BestMove"];
n20 -> n201;
n2 -> n20;
n21[label = "NearestNeighbor"];
n2 -> n21;
n -> n2;
}


Generation: 7
Best Individual:
Subpopulation 0:
Evaluated: true
Fitness: Standardized=0.31005117 Adjusted=0.76332897 Hits=3
Tree 0:
digraph g {
node [shape=rectangle];
n[label = "If_Then_Else"];
n0[label = "While"];
n00[label = "NearestNeighbor"];
n0 -> n00;
n01[label = "NearestNeighbor"];
n0 -> n01;
n -> n0;
n1[label = "Equal"];
n10[label = "FarthestNeighbor"];
n1 -> n10;
n11[label = "BestMove"];
n1 -> n11;
n -> n1;
n2[label = "BestMove"];
n -> n2;
}


Generation: 8
Best Individual:
Subpopulation 0:
Evaluated: true
Fitness: Standardized=0.31005117 Adjusted=0.76332897 Hits=3
Tree 0:
digraph g {
node [shape=rectangle];
n[label = "If_Then_Else"];
n0[label = "While"];
n00[label = "NearestNeighbor"];
n0 -> n00;
n01[label = "NearestNeighbor"];
n0 -> n01;
n -> n0;
n1[label = "Equal"];
n10[label = "FarthestNeighbor"];
n1 -> n10;
n11[label = "BestMove"];
n1 -> n11;
n -> n1;
n2[label = "While"];
n20[label = "Or"];
n200[label = "WorstMove"];
n20 -> n200;
n201[label = "BestMove"];
n20 -> n201;
n2 -> n20;
n21[label = "NearestNeighbor"];
n2 -> n21;
n -> n2;
}


Generation: 9
Best Individual:
Subpopulation 0:
Evaluated: true
Fitness: Standardized=0.31005117 Adjusted=0.76332897 Hits=3
Tree 0:
digraph g {
node [shape=rectangle];
n[label = "If_Then_Else"];
n0[label = "If_Then_Else"];
n00[label = "While"];
n000[label = "NearestNeighbor"];
n00 -> n000;
n001[label = "NearestNeighbor"];
n00 -> n001;
n0 -> n00;
n01[label = "Equal"];
n010[label = "FarthestNeighbor"];
n01 -> n010;
n011[label = "BestMove"];
n01 -> n011;
n0 -> n01;
n02[label = "While"];
n020[label = "NearestNeighbor"];
n02 -> n020;
n021[label = "NearestNeighbor"];
n02 -> n021;
n0 -> n02;
n -> n0;
n1[label = "Equal"];
n10[label = "FarthestNeighbor"];
n1 -> n10;
n11[label = "BestMove"];
n1 -> n11;
n -> n1;
n2[label = "While"];
n20[label = "NearestNeighbor"];
n2 -> n20;
n21[label = "NearestNeighbor"];
n2 -> n21;
n -> n2;
}


Generation: 10
Best Individual:
Subpopulation 0:
Evaluated: true
Fitness: Standardized=0.31005117 Adjusted=0.76332897 Hits=3
Tree 0:
digraph g {
node [shape=rectangle];
n[label = "If_Then_Else"];
n0[label = "While"];
n00[label = "NearestNeighbor"];
n0 -> n00;
n01[label = "NearestNeighbor"];
n0 -> n01;
n -> n0;
n1[label = "Equal"];
n10[label = "FarthestNeighbor"];
n1 -> n10;
n11[label = "BestMove"];
n1 -> n11;
n -> n1;
n2[label = "Equal"];
n20[label = "FarthestNeighbor"];
n2 -> n20;
n21[label = "BestMove"];
n2 -> n21;
n -> n2;
}


Generation: 11
Best Individual:
Subpopulation 0:
Evaluated: true
Fitness: Standardized=0.31005117 Adjusted=0.76332897 Hits=3
Tree 0:
digraph g {
node [shape=rectangle];
n[label = "If_Then_Else"];
n0[label = "If_Then_Else"];
n00[label = "While"];
n000[label = "NearestNeighbor"];
n00 -> n000;
n001[label = "NearestNeighbor"];
n00 -> n001;
n0 -> n00;
n01[label = "Equal"];
n010[label = "FarthestNeighbor"];
n01 -> n010;
n011[label = "BestMove"];
n01 -> n011;
n0 -> n01;
n02[label = "While"];
n020[label = "NearestNeighbor"];
n02 -> n020;
n021[label = "NearestNeighbor"];
n02 -> n021;
n0 -> n02;
n -> n0;
n1[label = "Equal"];
n10[label = "FarthestNeighbor"];
n1 -> n10;
n11[label = "BestMove"];
n1 -> n11;
n -> n1;
n2[label = "While"];
n20[label = "NearestNeighbor"];
n2 -> n20;
n21[label = "NearestNeighbor"];
n2 -> n21;
n -> n2;
}


Generation: 12
Best Individual:
Subpopulation 0:
Evaluated: true
Fitness: Standardized=0.31005117 Adjusted=0.76332897 Hits=3
Tree 0:
digraph g {
node [shape=rectangle];
n[label = "If_Then_Else"];
n0[label = "While"];
n00[label = "NearestNeighbor"];
n0 -> n00;
n01[label = "NearestNeighbor"];
n0 -> n01;
n -> n0;
n1[label = "Equal"];
n10[label = "FarthestNeighbor"];
n1 -> n10;
n11[label = "Equal"];
n110[label = "FarthestNeighbor"];
n11 -> n110;
n111[label = "BestMove"];
n11 -> n111;
n1 -> n11;
n -> n1;
n2[label = "While"];
n20[label = "NearestNeighbor"];
n2 -> n20;
n21[label = "Equal"];
n210[label = "FarthestNeighbor"];
n21 -> n210;
n211[label = "BestMove"];
n21 -> n211;
n2 -> n21;
n -> n2;
}


Generation: 13
Best Individual:
Subpopulation 0:
Evaluated: true
Fitness: Standardized=0.31005117 Adjusted=0.76332897 Hits=3
Tree 0:
digraph g {
node [shape=rectangle];
n[label = "If_Then_Else"];
n0[label = "If_Then_Else"];
n00[label = "While"];
n000[label = "NearestNeighbor"];
n00 -> n000;
n001[label = "NearestNeighbor"];
n00 -> n001;
n0 -> n00;
n01[label = "Equal"];
n010[label = "FarthestNeighbor"];
n01 -> n010;
n011[label = "BestMove"];
n01 -> n011;
n0 -> n01;
n02[label = "While"];
n020[label = "NearestNeighbor"];
n02 -> n020;
n021[label = "NearestNeighbor"];
n02 -> n021;
n0 -> n02;
n -> n0;
n1[label = "Equal"];
n10[label = "NearestNeighbor"];
n1 -> n10;
n11[label = "BestMove"];
n1 -> n11;
n -> n1;
n2[label = "While"];
n20[label = "NearestNeighbor"];
n2 -> n20;
n21[label = "NearestNeighbor"];
n2 -> n21;
n -> n2;
}


Generation: 14
Best Individual:
Subpopulation 0:
Evaluated: true
Fitness: Standardized=0.31005117 Adjusted=0.76332897 Hits=3
Tree 0:
digraph g {
node [shape=rectangle];
n[label = "If_Then_Else"];
n0[label = "While"];
n00[label = "NearestNeighbor"];
n0 -> n00;
n01[label = "NearestNeighbor"];
n0 -> n01;
n -> n0;
n1[label = "BestMove"];
n -> n1;
n2[label = "If_Then_Else"];
n20[label = "While"];
n200[label = "NearestNeighbor"];
n20 -> n200;
n201[label = "NearestNeighbor"];
n20 -> n201;
n2 -> n20;
n21[label = "Equal"];
n210[label = "Equal"];
n2100[label = "FarthestNeighbor"];
n210 -> n2100;
n2101[label = "BestMove"];
n210 -> n2101;
n21 -> n210;
n211[label = "BestMove"];
n21 -> n211;
n2 -> n21;
n22[label = "NearestNeighbor"];
n2 -> n22;
n -> n2;
}


Generation: 15
Best Individual:
Subpopulation 0:
Evaluated: true
Fitness: Standardized=0.31005117 Adjusted=0.76332897 Hits=3
Tree 0:
digraph g {
node [shape=rectangle];
n[label = "If_Then_Else"];
n0[label = "If_Then_Else"];
n00[label = "While"];
n000[label = "NearestNeighbor"];
n00 -> n000;
n001[label = "NearestNeighbor"];
n00 -> n001;
n0 -> n00;
n01[label = "Or"];
n010[label = "FarthestNeighbor"];
n01 -> n010;
n011[label = "BestMove"];
n01 -> n011;
n0 -> n01;
n02[label = "While"];
n020[label = "NearestNeighbor"];
n02 -> n020;
n021[label = "NearestNeighbor"];
n02 -> n021;
n0 -> n02;
n -> n0;
n1[label = "While"];
n10[label = "NearestNeighbor"];
n1 -> n10;
n11[label = "Equal"];
n110[label = "FarthestNeighbor"];
n11 -> n110;
n111[label = "BestMove"];
n11 -> n111;
n1 -> n11;
n -> n1;
n2[label = "WorstMove"];
n -> n2;
}


Generation: 16
Best Individual:
Subpopulation 0:
Evaluated: true
Fitness: Standardized=0.31005117 Adjusted=0.76332897 Hits=3
Tree 0:
digraph g {
node [shape=rectangle];
n[label = "If_Then_Else"];
n0[label = "While"];
n00[label = "NearestNeighbor"];
n0 -> n00;
n01[label = "NearestNeighbor"];
n0 -> n01;
n -> n0;
n1[label = "BestMove"];
n -> n1;
n2[label = "If_Then_Else"];
n20[label = "While"];
n200[label = "NearestNeighbor"];
n20 -> n200;
n201[label = "Equal"];
n2010[label = "FarthestNeighbor"];
n201 -> n2010;
n2011[label = "BestMove"];
n201 -> n2011;
n20 -> n201;
n2 -> n20;
n21[label = "Equal"];
n210[label = "Equal"];
n2100[label = "FarthestNeighbor"];
n210 -> n2100;
n2101[label = "BestMove"];
n210 -> n2101;
n21 -> n210;
n211[label = "BestMove"];
n21 -> n211;
n2 -> n21;
n22[label = "NearestNeighbor"];
n2 -> n22;
n -> n2;
}


Generation: 17
Best Individual:
Subpopulation 0:
Evaluated: true
Fitness: Standardized=0.31005117 Adjusted=0.76332897 Hits=3
Tree 0:
digraph g {
node [shape=rectangle];
n[label = "If_Then_Else"];
n0[label = "If_Then_Else"];
n00[label = "If_Then_Else"];
n000[label = "While"];
n0000[label = "NearestNeighbor"];
n000 -> n0000;
n0001[label = "NearestNeighbor"];
n000 -> n0001;
n00 -> n000;
n001[label = "Equal"];
n0010[label = "FarthestNeighbor"];
n001 -> n0010;
n0011[label = "BestMove"];
n001 -> n0011;
n00 -> n001;
n002[label = "NearestNeighbor"];
n00 -> n002;
n0 -> n00;
n01[label = "Or"];
n010[label = "FarthestNeighbor"];
n01 -> n010;
n011[label = "BestMove"];
n01 -> n011;
n0 -> n01;
n02[label = "Equal"];
n020[label = "While"];
n0200[label = "NearestNeighbor"];
n020 -> n0200;
n0201[label = "NearestNeighbor"];
n020 -> n0201;
n02 -> n020;
n021[label = "BestMove"];
n02 -> n021;
n0 -> n02;
n -> n0;
n1[label = "While"];
n10[label = "NearestNeighbor"];
n1 -> n10;
n11[label = "Equal"];
n110[label = "FarthestNeighbor"];
n11 -> n110;
n111[label = "BestMove"];
n11 -> n111;
n1 -> n11;
n -> n1;
n2[label = "WorstMove"];
n -> n2;
}


Generation: 18
Best Individual:
Subpopulation 0:
Evaluated: true
Fitness: Standardized=0.31005117 Adjusted=0.76332897 Hits=3
Tree 0:
digraph g {
node [shape=rectangle];
n[label = "If_Then_Else"];
n0[label = "If_Then_Else"];
n00[label = "If_Then_Else"];
n000[label = "While"];
n0000[label = "NearestNeighbor"];
n000 -> n0000;
n0001[label = "NearestNeighbor"];
n000 -> n0001;
n00 -> n000;
n001[label = "Equal"];
n0010[label = "FarthestNeighbor"];
n001 -> n0010;
n0011[label = "BestMove"];
n001 -> n0011;
n00 -> n001;
n002[label = "NearestNeighbor"];
n00 -> n002;
n0 -> n00;
n01[label = "Or"];
n010[label = "FarthestNeighbor"];
n01 -> n010;
n011[label = "BestMove"];
n01 -> n011;
n0 -> n01;
n02[label = "Equal"];
n020[label = "While"];
n0200[label = "NearestNeighbor"];
n020 -> n0200;
n0201[label = "NearestNeighbor"];
n020 -> n0201;
n02 -> n020;
n021[label = "BestMove"];
n02 -> n021;
n0 -> n02;
n -> n0;
n1[label = "While"];
n10[label = "NearestNeighbor"];
n1 -> n10;
n11[label = "Equal"];
n110[label = "FarthestNeighbor"];
n11 -> n110;
n111[label = "BestMove"];
n11 -> n111;
n1 -> n11;
n -> n1;
n2[label = "WorstMove"];
n -> n2;
}


Generation: 19
Best Individual:
Subpopulation 0:
Evaluated: true
Fitness: Standardized=0.31005117 Adjusted=0.76332897 Hits=3
Tree 0:
digraph g {
node [shape=rectangle];
n[label = "If_Then_Else"];
n0[label = "While"];
n00[label = "NearestNeighbor"];
n0 -> n00;
n01[label = "NearestNeighbor"];
n0 -> n01;
n -> n0;
n1[label = "BestMove"];
n -> n1;
n2[label = "If_Then_Else"];
n20[label = "While"];
n200[label = "NearestNeighbor"];
n20 -> n200;
n201[label = "BestMove"];
n20 -> n201;
n2 -> n20;
n21[label = "Equal"];
n210[label = "FarthestNeighbor"];
n21 -> n210;
n211[label = "BestMove"];
n21 -> n211;
n2 -> n21;
n22[label = "NearestNeighbor"];
n2 -> n22;
n -> n2;
}


Generation: 20
Best Individual:
Subpopulation 0:
Evaluated: true
Fitness: Standardized=0.31005117 Adjusted=0.76332897 Hits=3
Tree 0:
digraph g {
node [shape=rectangle];
n[label = "If_Then_Else"];
n0[label = "While"];
n00[label = "NearestNeighbor"];
n0 -> n00;
n01[label = "NearestNeighbor"];
n0 -> n01;
n -> n0;
n1[label = "BestMove"];
n -> n1;
n2[label = "If_Then_Else"];
n20[label = "FarthestNeighbor"];
n2 -> n20;
n21[label = "Equal"];
n210[label = "FarthestNeighbor"];
n21 -> n210;
n211[label = "BestMove"];
n21 -> n211;
n2 -> n21;
n22[label = "NearestNeighbor"];
n2 -> n22;
n -> n2;
}


Generation: 21
Best Individual:
Subpopulation 0:
Evaluated: true
Fitness: Standardized=0.31005117 Adjusted=0.76332897 Hits=3
Tree 0:
digraph g {
node [shape=rectangle];
n[label = "If_Then_Else"];
n0[label = "If_Then_Else"];
n00[label = "While"];
n000[label = "NearestNeighbor"];
n00 -> n000;
n001[label = "NearestNeighbor"];
n00 -> n001;
n0 -> n00;
n01[label = "BestMove"];
n0 -> n01;
n02[label = "If_Then_Else"];
n020[label = "FarthestNeighbor"];
n02 -> n020;
n021[label = "Equal"];
n0210[label = "FarthestNeighbor"];
n021 -> n0210;
n0211[label = "BestMove"];
n021 -> n0211;
n02 -> n021;
n022[label = "While"];
n0220[label = "NearestNeighbor"];
n022 -> n0220;
n0221[label = "NearestNeighbor"];
n022 -> n0221;
n02 -> n022;
n0 -> n02;
n -> n0;
n1[label = "BestMove"];
n -> n1;
n2[label = "If_Then_Else"];
n20[label = "FarthestNeighbor"];
n2 -> n20;
n21[label = "Equal"];
n210[label = "FarthestNeighbor"];
n21 -> n210;
n211[label = "BestMove"];
n21 -> n211;
n2 -> n21;
n22[label = "NearestNeighbor"];
n2 -> n22;
n -> n2;
}


Generation: 22
Best Individual:
Subpopulation 0:
Evaluated: true
Fitness: Standardized=0.31005117 Adjusted=0.76332897 Hits=3
Tree 0:
digraph g {
node [shape=rectangle];
n[label = "If_Then_Else"];
n0[label = "If_Then_Else"];
n00[label = "While"];
n000[label = "NearestNeighbor"];
n00 -> n000;
n001[label = "NearestNeighbor"];
n00 -> n001;
n0 -> n00;
n01[label = "BestMove"];
n0 -> n01;
n02[label = "If_Then_Else"];
n020[label = "FarthestNeighbor"];
n02 -> n020;
n021[label = "Equal"];
n0210[label = "FarthestNeighbor"];
n021 -> n0210;
n0211[label = "BestMove"];
n021 -> n0211;
n02 -> n021;
n022[label = "NearestNeighbor"];
n02 -> n022;
n0 -> n02;
n -> n0;
n1[label = "BestMove"];
n -> n1;
n2[label = "If_Then_Else"];
n20[label = "FarthestNeighbor"];
n2 -> n20;
n21[label = "Equal"];
n210[label = "FarthestInsertion"];
n21 -> n210;
n211[label = "BestMove"];
n21 -> n211;
n2 -> n21;
n22[label = "NearestNeighbor"];
n2 -> n22;
n -> n2;
}


Generation: 23
Best Individual:
Subpopulation 0:
Evaluated: true
Fitness: Standardized=0.31005117 Adjusted=0.76332897 Hits=3
Tree 0:
digraph g {
node [shape=rectangle];
n[label = "If_Then_Else"];
n0[label = "While"];
n00[label = "NearestNeighbor"];
n0 -> n00;
n01[label = "NearestNeighbor"];
n0 -> n01;
n -> n0;
n1[label = "BestMove"];
n -> n1;
n2[label = "If_Then_Else"];
n20[label = "While"];
n200[label = "NearestNeighbor"];
n20 -> n200;
n201[label = "NearestNeighbor"];
n20 -> n201;
n2 -> n20;
n21[label = "And"];
n210[label = "Or"];
n2100[label = "NearestNeighbor"];
n210 -> n2100;
n2101[label = "NearestFirstNode"];
n210 -> n2101;
n21 -> n210;
n211[label = "If_Then"];
n2110[label = "BestMove"];
n211 -> n2110;
n2111[label = "FarthestFirstNode"];
n211 -> n2111;
n21 -> n211;
n2 -> n21;
n22[label = "While"];
n220[label = "NearestNeighbor"];
n22 -> n220;
n221[label = "NearestNeighbor"];
n22 -> n221;
n2 -> n22;
n -> n2;
}


Generation: 24
Best Individual:
Subpopulation 0:
Evaluated: true
Fitness: Standardized=0.31005117 Adjusted=0.76332897 Hits=3
Tree 0:
digraph g {
node [shape=rectangle];
n[label = "If_Then_Else"];
n0[label = "While"];
n00[label = "NearestNeighbor"];
n0 -> n00;
n01[label = "NearestNeighbor"];
n0 -> n01;
n -> n0;
n1[label = "BestMove"];
n -> n1;
n2[label = "If_Then_Else"];
n20[label = "FarthestNeighbor"];
n2 -> n20;
n21[label = "NearestFirstNode"];
n2 -> n21;
n22[label = "While"];
n220[label = "NearestNeighbor"];
n22 -> n220;
n221[label = "NearestInsertion"];
n22 -> n221;
n2 -> n22;
n -> n2;
}


Generation: 25
Best Individual:
Subpopulation 0:
Evaluated: true
Fitness: Standardized=0.31005117 Adjusted=0.76332897 Hits=3
Tree 0:
digraph g {
node [shape=rectangle];
n[label = "If_Then_Else"];
n0[label = "While"];
n00[label = "NearestNeighbor"];
n0 -> n00;
n01[label = "NearestNeighbor"];
n0 -> n01;
n -> n0;
n1[label = "BestMove"];
n -> n1;
n2[label = "If_Then_Else"];
n20[label = "FarthestNeighbor"];
n2 -> n20;
n21[label = "NearestFirstNode"];
n2 -> n21;
n22[label = "If_Then_Else"];
n220[label = "FarthestNeighbor"];
n22 -> n220;
n221[label = "NearestFirstNode"];
n22 -> n221;
n222[label = "NearestInsertion"];
n22 -> n222;
n2 -> n22;
n -> n2;
}


Generation: 26
Best Individual:
Subpopulation 0:
Evaluated: true
Fitness: Standardized=0.31005117 Adjusted=0.76332897 Hits=3
Tree 0:
digraph g {
node [shape=rectangle];
n[label = "If_Then_Else"];
n0[label = "If_Then_Else"];
n00[label = "While"];
n000[label = "NearestNeighbor"];
n00 -> n000;
n001[label = "NearestNeighbor"];
n00 -> n001;
n0 -> n00;
n01[label = "BestMove"];
n0 -> n01;
n02[label = "If_Then_Else"];
n020[label = "FarthestNeighbor"];
n02 -> n020;
n021[label = "Equal"];
n0210[label = "FarthestNeighbor"];
n021 -> n0210;
n0211[label = "BestMove"];
n021 -> n0211;
n02 -> n021;
n022[label = "NearestNeighbor"];
n02 -> n022;
n0 -> n02;
n -> n0;
n1[label = "BestMove"];
n -> n1;
n2[label = "WorstMove"];
n -> n2;
}


Generation: 27
Best Individual:
Subpopulation 0:
Evaluated: true
Fitness: Standardized=0.31005117 Adjusted=0.76332897 Hits=3
Tree 0:
digraph g {
node [shape=rectangle];
n[label = "If_Then_Else"];
n0[label = "While"];
n00[label = "NearestNeighbor"];
n0 -> n00;
n01[label = "If_Then_Else"];
n010[label = "While"];
n0100[label = "NearestNeighbor"];
n010 -> n0100;
n0101[label = "NearestNeighbor"];
n010 -> n0101;
n01 -> n010;
n011[label = "BestMove"];
n01 -> n011;
n012[label = "BestMove"];
n01 -> n012;
n0 -> n01;
n -> n0;
n1[label = "BestMove"];
n -> n1;
n2[label = "BestMove"];
n -> n2;
}


Generation: 28
Best Individual:
Subpopulation 0:
Evaluated: true
Fitness: Standardized=0.31005117 Adjusted=0.76332897 Hits=3
Tree 0:
digraph g {
node [shape=rectangle];
n[label = "If_Then_Else"];
n0[label = "If_Then_Else"];
n00[label = "While"];
n000[label = "NearestNeighbor"];
n00 -> n000;
n001[label = "NearestNeighbor"];
n00 -> n001;
n0 -> n00;
n01[label = "BestMove"];
n0 -> n01;
n02[label = "If_Then_Else"];
n020[label = "FarthestNeighbor"];
n02 -> n020;
n021[label = "Equal"];
n0210[label = "FarthestNeighbor"];
n021 -> n0210;
n0211[label = "BestMove"];
n021 -> n0211;
n02 -> n021;
n022[label = "BestMove"];
n02 -> n022;
n0 -> n02;
n -> n0;
n1[label = "BestMove"];
n -> n1;
n2[label = "If_Then_Else"];
n20[label = "FarthestNeighbor"];
n2 -> n20;
n21[label = "While"];
n210[label = "NearestNeighbor"];
n21 -> n210;
n211[label = "NearestNeighbor"];
n21 -> n211;
n2 -> n21;
n22[label = "NearestNeighbor"];
n2 -> n22;
n -> n2;
}


Generation: 29
Best Individual:
Subpopulation 0:
Evaluated: true
Fitness: Standardized=0.31005117 Adjusted=0.76332897 Hits=3
Tree 0:
digraph g {
node [shape=rectangle];
n[label = "If_Then_Else"];
n0[label = "While"];
n00[label = "NearestNeighbor"];
n0 -> n00;
n01[label = "If_Then_Else"];
n010[label = "While"];
n0100[label = "NearestNeighbor"];
n010 -> n0100;
n0101[label = "NearestNeighbor"];
n010 -> n0101;
n01 -> n010;
n011[label = "BestMove"];
n01 -> n011;
n012[label = "Equal"];
n0120[label = "NearestNeighbor"];
n012 -> n0120;
n0121[label = "NearestNeighbor"];
n012 -> n0121;
n01 -> n012;
n0 -> n01;
n -> n0;
n1[label = "BestMove"];
n -> n1;
n2[label = "BestMove"];
n -> n2;
}


Generation: 30
Best Individual:
Subpopulation 0:
Evaluated: true
Fitness: Standardized=0.31005117 Adjusted=0.76332897 Hits=3
Tree 0:
digraph g {
node [shape=rectangle];
n[label = "If_Then_Else"];
n0[label = "While"];
n00[label = "NearestNeighbor"];
n0 -> n00;
n01[label = "NearestNeighbor"];
n0 -> n01;
n -> n0;
n1[label = "If_Then_Else"];
n10[label = "While"];
n100[label = "NearestNeighbor"];
n10 -> n100;
n101[label = "NearestNeighbor"];
n10 -> n101;
n1 -> n10;
n11[label = "BestMove"];
n1 -> n11;
n12[label = "If_Then_Else"];
n120[label = "BestMove"];
n12 -> n120;
n121[label = "NearestFirstNode"];
n12 -> n121;
n122[label = "FarthestInsertion"];
n12 -> n122;
n1 -> n12;
n -> n1;
n2[label = "If_Then_Else"];
n20[label = "FarthestNeighbor"];
n2 -> n20;
n21[label = "Equal"];
n210[label = "FarthestNeighbor"];
n21 -> n210;
n211[label = "BestMove"];
n21 -> n211;
n2 -> n21;
n22[label = "NearestNeighbor"];
n2 -> n22;
n -> n2;
}


Generation: 31
Best Individual:
Subpopulation 0:
Evaluated: true
Fitness: Standardized=0.31005117 Adjusted=0.76332897 Hits=3
Tree 0:
digraph g {
node [shape=rectangle];
n[label = "If_Then_Else"];
n0[label = "If_Then_Else"];
n00[label = "While"];
n000[label = "NearestNeighbor"];
n00 -> n000;
n001[label = "NearestNeighbor"];
n00 -> n001;
n0 -> n00;
n01[label = "BestMove"];
n0 -> n01;
n02[label = "While"];
n020[label = "NearestNeighbor"];
n02 -> n020;
n021[label = "NearestNeighbor"];
n02 -> n021;
n0 -> n02;
n -> n0;
n1[label = "Equal"];
n10[label = "FarthestNeighbor"];
n1 -> n10;
n11[label = "NearestNeighbor"];
n1 -> n11;
n -> n1;
n2[label = "If_Then_Else"];
n20[label = "FarthestNeighbor"];
n2 -> n20;
n21[label = "Equal"];
n210[label = "FarthestNeighbor"];
n21 -> n210;
n211[label = "BestMove"];
n21 -> n211;
n2 -> n21;
n22[label = "NearestNeighbor"];
n2 -> n22;
n -> n2;
}


Generation: 32
Best Individual:
Subpopulation 0:
Evaluated: true
Fitness: Standardized=0.31005117 Adjusted=0.76332897 Hits=3
Tree 0:
digraph g {
node [shape=rectangle];
n[label = "If_Then_Else"];
n0[label = "If_Then_Else"];
n00[label = "While"];
n000[label = "NearestNeighbor"];
n00 -> n000;
n001[label = "NearestNeighbor"];
n00 -> n001;
n0 -> n00;
n01[label = "BestMove"];
n0 -> n01;
n02[label = "FarthestNeighbor"];
n0 -> n02;
n -> n0;
n1[label = "If_Then_Else"];
n10[label = "While"];
n100[label = "NearestNeighbor"];
n10 -> n100;
n101[label = "NearestNeighbor"];
n10 -> n101;
n1 -> n10;
n11[label = "While"];
n110[label = "NearestNeighbor"];
n11 -> n110;
n111[label = "NearestNeighbor"];
n11 -> n111;
n1 -> n11;
n12[label = "If_Then_Else"];
n120[label = "BestMove"];
n12 -> n120;
n121[label = "NearestFirstNode"];
n12 -> n121;
n122[label = "FarthestInsertion"];
n12 -> n122;
n1 -> n12;
n -> n1;
n2[label = "While"];
n20[label = "NearestNeighbor"];
n2 -> n20;
n21[label = "BestMove"];
n2 -> n21;
n -> n2;
}


Generation: 33
Best Individual:
Subpopulation 0:
Evaluated: true
Fitness: Standardized=0.31005117 Adjusted=0.76332897 Hits=3
Tree 0:
digraph g {
node [shape=rectangle];
n[label = "If_Then_Else"];
n0[label = "While"];
n00[label = "NearestNeighbor"];
n0 -> n00;
n01[label = "If_Then_Else"];
n010[label = "While"];
n0100[label = "NearestNeighbor"];
n010 -> n0100;
n0101[label = "NearestNeighbor"];
n010 -> n0101;
n01 -> n010;
n011[label = "CplexTerminal"];
n01 -> n011;
n012[label = "If_Then_Else"];
n0120[label = "BestMove"];
n012 -> n0120;
n0121[label = "NearestFirstNode"];
n012 -> n0121;
n0122[label = "FarthestInsertion"];
n012 -> n0122;
n01 -> n012;
n0 -> n01;
n -> n0;
n1[label = "BestMove"];
n -> n1;
n2[label = "If_Then_Else"];
n20[label = "BestMove"];
n2 -> n20;
n21[label = "NearestFirstNode"];
n2 -> n21;
n22[label = "While"];
n220[label = "Equal"];
n2200[label = "FarthestNeighbor"];
n220 -> n2200;
n2201[label = "NearestNeighbor"];
n220 -> n2201;
n22 -> n220;
n221[label = "FarthestNeighbor"];
n22 -> n221;
n2 -> n22;
n -> n2;
}


Generation: 34
Best Individual:
Subpopulation 0:
Evaluated: true
Fitness: Standardized=0.31005117 Adjusted=0.76332897 Hits=3
Tree 0:
digraph g {
node [shape=rectangle];
n[label = "If_Then_Else"];
n0[label = "If_Then_Else"];
n00[label = "While"];
n000[label = "NearestNeighbor"];
n00 -> n000;
n001[label = "NearestNeighbor"];
n00 -> n001;
n0 -> n00;
n01[label = "BestMove"];
n0 -> n01;
n02[label = "NearestInsertion"];
n0 -> n02;
n -> n0;
n1[label = "While"];
n10[label = "NearestNeighbor"];
n1 -> n10;
n11[label = "NearestNeighbor"];
n1 -> n11;
n -> n1;
n2[label = "If_Then_Else"];
n20[label = "FarthestNeighbor"];
n2 -> n20;
n21[label = "Equal"];
n210[label = "FarthestNeighbor"];
n21 -> n210;
n211[label = "BestMove"];
n21 -> n211;
n2 -> n21;
n22[label = "NearestNeighbor"];
n2 -> n22;
n -> n2;
}


Generation: 35
Best Individual:
Subpopulation 0:
Evaluated: true
Fitness: Standardized=0.31005117 Adjusted=0.76332897 Hits=3
Tree 0:
digraph g {
node [shape=rectangle];
n[label = "If_Then_Else"];
n0[label = "If_Then_Else"];
n00[label = "While"];
n000[label = "NearestNeighbor"];
n00 -> n000;
n001[label = "NearestNeighbor"];
n00 -> n001;
n0 -> n00;
n01[label = "BestMove"];
n0 -> n01;
n02[label = "FarthestNeighbor"];
n0 -> n02;
n -> n0;
n1[label = "Equal"];
n10[label = "NearestFirstNode"];
n1 -> n10;
n11[label = "BestMove"];
n1 -> n11;
n -> n1;
n2[label = "While"];
n20[label = "NearestNeighbor"];
n2 -> n20;
n21[label = "BestMove"];
n2 -> n21;
n -> n2;
}


Generation: 36
Best Individual:
Subpopulation 0:
Evaluated: true
Fitness: Standardized=0.31005117 Adjusted=0.76332897 Hits=3
Tree 0:
digraph g {
node [shape=rectangle];
n[label = "If_Then_Else"];
n0[label = "While"];
n00[label = "NearestNeighbor"];
n0 -> n00;
n01[label = "If_Then_Else"];
n010[label = "While"];
n0100[label = "NearestNeighbor"];
n010 -> n0100;
n0101[label = "NearestNeighbor"];
n010 -> n0101;
n01 -> n010;
n011[label = "Or"];
n0110[label = "NearestNeighbor"];
n011 -> n0110;
n0111[label = "NearestNeighbor"];
n011 -> n0111;
n01 -> n011;
n012[label = "NearestNeighbor"];
n01 -> n012;
n0 -> n01;
n -> n0;
n1[label = "BestMove"];
n -> n1;
n2[label = "If_Then_Else"];
n20[label = "BestMove"];
n2 -> n20;
n21[label = "NearestFirstNode"];
n2 -> n21;
n22[label = "While"];
n220[label = "Equal"];
n2200[label = "FarthestNeighbor"];
n220 -> n2200;
n2201[label = "NearestNeighbor"];
n220 -> n2201;
n22 -> n220;
n221[label = "FarthestNeighbor"];
n22 -> n221;
n2 -> n22;
n -> n2;
}


Generation: 37
Best Individual:
Subpopulation 0:
Evaluated: true
Fitness: Standardized=0.31005117 Adjusted=0.76332897 Hits=3
Tree 0:
digraph g {
node [shape=rectangle];
n[label = "If_Then_Else"];
n0[label = "While"];
n00[label = "NearestNeighbor"];
n0 -> n00;
n01[label = "NearestNeighbor"];
n0 -> n01;
n -> n0;
n1[label = "BestMove"];
n -> n1;
n2[label = "If_Then_Else"];
n20[label = "BestMove"];
n2 -> n20;
n21[label = "NearestFirstNode"];
n2 -> n21;
n22[label = "While"];
n220[label = "Equal"];
n2200[label = "FarthestNeighbor"];
n220 -> n2200;
n2201[label = "NearestNeighbor"];
n220 -> n2201;
n22 -> n220;
n221[label = "FarthestNeighbor"];
n22 -> n221;
n2 -> n22;
n -> n2;
}


Generation: 38
Best Individual:
Subpopulation 0:
Evaluated: true
Fitness: Standardized=0.31005117 Adjusted=0.76332897 Hits=3
Tree 0:
digraph g {
node [shape=rectangle];
n[label = "If_Then_Else"];
n0[label = "While"];
n00[label = "NearestNeighbor"];
n0 -> n00;
n01[label = "If_Then_Else"];
n010[label = "While"];
n0100[label = "NearestNeighbor"];
n010 -> n0100;
n0101[label = "NearestNeighbor"];
n010 -> n0101;
n01 -> n010;
n011[label = "CplexTerminal"];
n01 -> n011;
n012[label = "If_Then_Else"];
n0120[label = "BestMove"];
n012 -> n0120;
n0121[label = "NearestFirstNode"];
n012 -> n0121;
n0122[label = "FarthestInsertion"];
n012 -> n0122;
n01 -> n012;
n0 -> n01;
n -> n0;
n1[label = "BestMove"];
n -> n1;
n2[label = "If_Then_Else"];
n20[label = "BestMove"];
n2 -> n20;
n21[label = "NearestFirstNode"];
n2 -> n21;
n22[label = "While"];
n220[label = "BestMove"];
n22 -> n220;
n221[label = "FarthestNeighbor"];
n22 -> n221;
n2 -> n22;
n -> n2;
}


Generation: 39
Best Individual:
Subpopulation 0:
Evaluated: true
Fitness: Standardized=0.31005117 Adjusted=0.76332897 Hits=3
Tree 0:
digraph g {
node [shape=rectangle];
n[label = "If_Then_Else"];
n0[label = "While"];
n00[label = "NearestNeighbor"];
n0 -> n00;
n01[label = "If_Then_Else"];
n010[label = "While"];
n0100[label = "NearestNeighbor"];
n010 -> n0100;
n0101[label = "NearestNeighbor"];
n010 -> n0101;
n01 -> n010;
n011[label = "CplexTerminal"];
n01 -> n011;
n012[label = "If_Then_Else"];
n0120[label = "BestMove"];
n012 -> n0120;
n0121[label = "NearestFirstNode"];
n012 -> n0121;
n0122[label = "FarthestInsertion"];
n012 -> n0122;
n01 -> n012;
n0 -> n01;
n -> n0;
n1[label = "BestMove"];
n -> n1;
n2[label = "If_Then_Else"];
n20[label = "While"];
n200[label = "NearestNeighbor"];
n20 -> n200;
n201[label = "NearestNeighbor"];
n20 -> n201;
n2 -> n20;
n21[label = "While"];
n210[label = "NearestNeighbor"];
n21 -> n210;
n211[label = "NearestNeighbor"];
n21 -> n211;
n2 -> n21;
n22[label = "If_Then_Else"];
n220[label = "BestMove"];
n22 -> n220;
n221[label = "NearestFirstNode"];
n22 -> n221;
n222[label = "FarthestInsertion"];
n22 -> n222;
n2 -> n22;
n -> n2;
}


Generation: 40
Best Individual:
Subpopulation 0:
Evaluated: true
Fitness: Standardized=0.31005117 Adjusted=0.76332897 Hits=3
Tree 0:
digraph g {
node [shape=rectangle];
n[label = "If_Then_Else"];
n0[label = "If_Then_Else"];
n00[label = "While"];
n000[label = "NearestNeighbor"];
n00 -> n000;
n001[label = "NearestNeighbor"];
n00 -> n001;
n0 -> n00;
n01[label = "While"];
n010[label = "NearestNeighbor"];
n01 -> n010;
n011[label = "NearestNeighbor"];
n01 -> n011;
n0 -> n01;
n02[label = "If_Then_Else"];
n020[label = "BestMove"];
n02 -> n020;
n021[label = "NearestFirstNode"];
n02 -> n021;
n022[label = "FarthestInsertion"];
n02 -> n022;
n0 -> n02;
n -> n0;
n1[label = "BestMove"];
n -> n1;
n2[label = "If_Then_Else"];
n20[label = "BestMove"];
n2 -> n20;
n21[label = "NearestFirstNode"];
n2 -> n21;
n22[label = "If_Then_Else"];
n220[label = "While"];
n2200[label = "NearestNeighbor"];
n220 -> n2200;
n2201[label = "NearestNeighbor"];
n220 -> n2201;
n22 -> n220;
n221[label = "BestMove"];
n22 -> n221;
n222[label = "If_Then_Else"];
n2220[label = "BestMove"];
n222 -> n2220;
n2221[label = "NearestFirstNode"];
n222 -> n2221;
n2222[label = "FarthestInsertion"];
n222 -> n2222;
n22 -> n222;
n2 -> n22;
n -> n2;
}


Generation: 41
Best Individual:
Subpopulation 0:
Evaluated: true
Fitness: Standardized=0.31005117 Adjusted=0.76332897 Hits=3
Tree 0:
digraph g {
node [shape=rectangle];
n[label = "If_Then_Else"];
n0[label = "While"];
n00[label = "NearestNeighbor"];
n0 -> n00;
n01[label = "If_Then_Else"];
n010[label = "While"];
n0100[label = "NearestNeighbor"];
n010 -> n0100;
n0101[label = "NearestNeighbor"];
n010 -> n0101;
n01 -> n010;
n011[label = "While"];
n0110[label = "NearestNeighbor"];
n011 -> n0110;
n0111[label = "NearestNeighbor"];
n011 -> n0111;
n01 -> n011;
n012[label = "NearestNeighbor"];
n01 -> n012;
n0 -> n01;
n -> n0;
n1[label = "BestMove"];
n -> n1;
n2[label = "NearestFirstNode"];
n -> n2;
}


Generation: 42
Best Individual:
Subpopulation 0:
Evaluated: true
Fitness: Standardized=0.31005117 Adjusted=0.76332897 Hits=3
Tree 0:
digraph g {
node [shape=rectangle];
n[label = "If_Then_Else"];
n0[label = "While"];
n00[label = "NearestNeighbor"];
n0 -> n00;
n01[label = "If_Then_Else"];
n010[label = "While"];
n0100[label = "NearestNeighbor"];
n010 -> n0100;
n0101[label = "NearestNeighbor"];
n010 -> n0101;
n01 -> n010;
n011[label = "If_Then"];
n0110[label = "FarthestInsertion"];
n011 -> n0110;
n0111[label = "FarthestInsertion"];
n011 -> n0111;
n01 -> n011;
n012[label = "If_Then_Else"];
n0120[label = "BestMove"];
n012 -> n0120;
n0121[label = "NearestFirstNode"];
n012 -> n0121;
n0122[label = "FarthestNeighbor"];
n012 -> n0122;
n01 -> n012;
n0 -> n01;
n -> n0;
n1[label = "BestMove"];
n -> n1;
n2[label = "If_Then_Else"];
n20[label = "BestMove"];
n2 -> n20;
n21[label = "NearestFirstNode"];
n2 -> n21;
n22[label = "FarthestInsertion"];
n2 -> n22;
n -> n2;
}


Generation: 43
Best Individual:
Subpopulation 0:
Evaluated: true
Fitness: Standardized=0.31005117 Adjusted=0.76332897 Hits=3
Tree 0:
digraph g {
node [shape=rectangle];
n[label = "If_Then_Else"];
n0[label = "If_Then_Else"];
n00[label = "If_Then"];
n000[label = "NearestNeighbor"];
n00 -> n000;
n001[label = "NearestNeighbor"];
n00 -> n001;
n0 -> n00;
n01[label = "While"];
n010[label = "NearestNeighbor"];
n01 -> n010;
n011[label = "NearestNeighbor"];
n01 -> n011;
n0 -> n01;
n02[label = "If_Then_Else"];
n020[label = "BestMove"];
n02 -> n020;
n021[label = "NearestFirstNode"];
n02 -> n021;
n022[label = "FarthestInsertion"];
n02 -> n022;
n0 -> n02;
n -> n0;
n1[label = "BestMove"];
n -> n1;
n2[label = "While"];
n20[label = "NearestNeighbor"];
n2 -> n20;
n21[label = "NearestNeighbor"];
n2 -> n21;
n -> n2;
}


Generation: 44
Best Individual:
Subpopulation 0:
Evaluated: true
Fitness: Standardized=0.31005117 Adjusted=0.76332897 Hits=3
Tree 0:
digraph g {
node [shape=rectangle];
n[label = "If_Then_Else"];
n0[label = "If_Then_Else"];
n00[label = "Or"];
n000[label = "NearestNeighbor"];
n00 -> n000;
n001[label = "NearestNeighbor"];
n00 -> n001;
n0 -> n00;
n01[label = "While"];
n010[label = "NearestNeighbor"];
n01 -> n010;
n011[label = "NearestNeighbor"];
n01 -> n011;
n0 -> n01;
n02[label = "If_Then_Else"];
n020[label = "BestMove"];
n02 -> n020;
n021[label = "NearestFirstNode"];
n02 -> n021;
n022[label = "FarthestInsertion"];
n02 -> n022;
n0 -> n02;
n -> n0;
n1[label = "BestMove"];
n -> n1;
n2[label = "If_Then_Else"];
n20[label = "While"];
n200[label = "NearestNeighbor"];
n20 -> n200;
n201[label = "NearestNeighbor"];
n20 -> n201;
n2 -> n20;
n21[label = "While"];
n210[label = "NearestNeighbor"];
n21 -> n210;
n211[label = "NearestNeighbor"];
n21 -> n211;
n2 -> n21;
n22[label = "NearestNeighbor"];
n2 -> n22;
n -> n2;
}


Generation: 45
Best Individual:
Subpopulation 0:
Evaluated: true
Fitness: Standardized=0.31005117 Adjusted=0.76332897 Hits=3
Tree 0:
digraph g {
node [shape=rectangle];
n[label = "If_Then_Else"];
n0[label = "While"];
n00[label = "NearestNeighbor"];
n0 -> n00;
n01[label = "If_Then_Else"];
n010[label = "While"];
n0100[label = "NearestNeighbor"];
n010 -> n0100;
n0101[label = "NearestNeighbor"];
n010 -> n0101;
n01 -> n010;
n011[label = "While"];
n0110[label = "NearestNeighbor"];
n011 -> n0110;
n0111[label = "NearestNeighbor"];
n011 -> n0111;
n01 -> n011;
n012[label = "NearestNeighbor"];
n01 -> n012;
n0 -> n01;
n -> n0;
n1[label = "BestMove"];
n -> n1;
n2[label = "If_Then_Else"];
n20[label = "BestMove"];
n2 -> n20;
n21[label = "NearestFirstNode"];
n2 -> n21;
n22[label = "While"];
n220[label = "NearestNeighbor"];
n22 -> n220;
n221[label = "NearestNeighbor"];
n22 -> n221;
n2 -> n22;
n -> n2;
}


Generation: 46
Best Individual:
Subpopulation 0:
Evaluated: true
Fitness: Standardized=0.31005117 Adjusted=0.76332897 Hits=3
Tree 0:
digraph g {
node [shape=rectangle];
n[label = "If_Then_Else"];
n0[label = "While"];
n00[label = "NearestNeighbor"];
n0 -> n00;
n01[label = "If_Then_Else"];
n010[label = "While"];
n0100[label = "NearestNeighbor"];
n010 -> n0100;
n0101[label = "NearestNeighbor"];
n010 -> n0101;
n01 -> n010;
n011[label = "If_Then"];
n0110[label = "FarthestInsertion"];
n011 -> n0110;
n0111[label = "FarthestInsertion"];
n011 -> n0111;
n01 -> n011;
n012[label = "If_Then_Else"];
n0120[label = "BestMove"];
n012 -> n0120;
n0121[label = "NearestFirstNode"];
n012 -> n0121;
n0122[label = "FarthestNeighbor"];
n012 -> n0122;
n01 -> n012;
n0 -> n01;
n -> n0;
n1[label = "BestMove"];
n -> n1;
n2[label = "If_Then_Else"];
n20[label = "BestMove"];
n2 -> n20;
n21[label = "NearestFirstNode"];
n2 -> n21;
n22[label = "FarthestInsertion"];
n2 -> n22;
n -> n2;
}


Generation: 47
Best Individual:
Subpopulation 0:
Evaluated: true
Fitness: Standardized=0.31005117 Adjusted=0.76332897 Hits=3
Tree 0:
digraph g {
node [shape=rectangle];
n[label = "If_Then_Else"];
n0[label = "If_Then_Else"];
n00[label = "If_Then"];
n000[label = "NearestNeighbor"];
n00 -> n000;
n001[label = "NearestNeighbor"];
n00 -> n001;
n0 -> n00;
n01[label = "While"];
n010[label = "NearestNeighbor"];
n01 -> n010;
n011[label = "NearestNeighbor"];
n01 -> n011;
n0 -> n01;
n02[label = "If_Then_Else"];
n020[label = "BestMove"];
n02 -> n020;
n021[label = "NearestFirstNode"];
n02 -> n021;
n022[label = "FarthestInsertion"];
n02 -> n022;
n0 -> n02;
n -> n0;
n1[label = "BestMove"];
n -> n1;
n2[label = "If_Then_Else"];
n20[label = "BestMove"];
n2 -> n20;
n21[label = "FarthestFirstNode"];
n2 -> n21;
n22[label = "While"];
n220[label = "Equal"];
n2200[label = "FarthestNeighbor"];
n220 -> n2200;
n2201[label = "NearestNeighbor"];
n220 -> n2201;
n22 -> n220;
n221[label = "FarthestNeighbor"];
n22 -> n221;
n2 -> n22;
n -> n2;
}


Generation: 48
Best Individual:
Subpopulation 0:
Evaluated: true
Fitness: Standardized=0.31005117 Adjusted=0.76332897 Hits=3
Tree 0:
digraph g {
node [shape=rectangle];
n[label = "If_Then_Else"];
n0[label = "If_Then_Else"];
n00[label = "While"];
n000[label = "NearestNeighbor"];
n00 -> n000;
n001[label = "NearestNeighbor"];
n00 -> n001;
n0 -> n00;
n01[label = "While"];
n010[label = "Equal"];
n0100[label = "FarthestNeighbor"];
n010 -> n0100;
n0101[label = "NearestNeighbor"];
n010 -> n0101;
n01 -> n010;
n011[label = "FarthestNeighbor"];
n01 -> n011;
n0 -> n01;
n02[label = "If_Then_Else"];
n020[label = "BestMove"];
n02 -> n020;
n021[label = "NearestFirstNode"];
n02 -> n021;
n022[label = "FarthestInsertion"];
n02 -> n022;
n0 -> n02;
n -> n0;
n1[label = "BestMove"];
n -> n1;
n2[label = "While"];
n20[label = "NearestNeighbor"];
n2 -> n20;
n21[label = "NearestNeighbor"];
n2 -> n21;
n -> n2;
}


Generation: 49
Best Individual:
Subpopulation 0:
Evaluated: true
Fitness: Standardized=0.31005117 Adjusted=0.76332897 Hits=3
Tree 0:
digraph g {
node [shape=rectangle];
n[label = "If_Then_Else"];
n0[label = "While"];
n00[label = "NearestNeighbor"];
n0 -> n00;
n01[label = "If_Then_Else"];
n010[label = "While"];
n0100[label = "NearestNeighbor"];
n010 -> n0100;
n0101[label = "NearestNeighbor"];
n010 -> n0101;
n01 -> n010;
n011[label = "If_Then"];
n0110[label = "FarthestInsertion"];
n011 -> n0110;
n0111[label = "FarthestInsertion"];
n011 -> n0111;
n01 -> n011;
n012[label = "If_Then_Else"];
n0120[label = "BestMove"];
n012 -> n0120;
n0121[label = "NearestFirstNode"];
n012 -> n0121;
n0122[label = "FarthestNeighbor"];
n012 -> n0122;
n01 -> n012;
n0 -> n01;
n -> n0;
n1[label = "BestMove"];
n -> n1;
n2[label = "If_Then_Else"];
n20[label = "Equal"];
n200[label = "FarthestNeighbor"];
n20 -> n200;
n201[label = "NearestNeighbor"];
n20 -> n201;
n2 -> n20;
n21[label = "NearestFirstNode"];
n2 -> n21;
n22[label = "FarthestInsertion"];
n2 -> n22;
n -> n2;
}


Generation: 50
Best Individual:
Subpopulation 0:
Evaluated: true
Fitness: Standardized=0.31005117 Adjusted=0.76332897 Hits=3
Tree 0:
digraph g {
node [shape=rectangle];
n[label = "If_Then_Else"];
n0[label = "If_Then_Else"];
n00[label = "If_Then"];
n000[label = "NearestNeighbor"];
n00 -> n000;
n001[label = "NearestNeighbor"];
n00 -> n001;
n0 -> n00;
n01[label = "While"];
n010[label = "NearestNeighbor"];
n01 -> n010;
n011[label = "NearestNeighbor"];
n01 -> n011;
n0 -> n01;
n02[label = "While"];
n020[label = "NearestNeighbor"];
n02 -> n020;
n021[label = "NearestNeighbor"];
n02 -> n021;
n0 -> n02;
n -> n0;
n1[label = "BestMove"];
n -> n1;
n2[label = "If_Then_Else"];
n20[label = "BestMove"];
n2 -> n20;
n21[label = "NearestFirstNode"];
n2 -> n21;
n22[label = "While"];
n220[label = "FarthestNeighbor"];
n22 -> n220;
n221[label = "FarthestNeighbor"];
n22 -> n221;
n2 -> n22;
n -> n2;
}


Generation: 51
Best Individual:
Subpopulation 0:
Evaluated: true
Fitness: Standardized=0.31005117 Adjusted=0.76332897 Hits=3
Tree 0:
digraph g {
node [shape=rectangle];
n[label = "If_Then_Else"];
n0[label = "While"];
n00[label = "NearestNeighbor"];
n0 -> n00;
n01[label = "If_Then_Else"];
n010[label = "If_Then"];
n0100[label = "NearestNeighbor"];
n010 -> n0100;
n0101[label = "NearestNeighbor"];
n010 -> n0101;
n01 -> n010;
n011[label = "While"];
n0110[label = "NearestNeighbor"];
n011 -> n0110;
n0111[label = "NearestNeighbor"];
n011 -> n0111;
n01 -> n011;
n012[label = "While"];
n0120[label = "NearestNeighbor"];
n012 -> n0120;
n0121[label = "NearestNeighbor"];
n012 -> n0121;
n01 -> n012;
n0 -> n01;
n -> n0;
n1[label = "BestMove"];
n -> n1;
n2[label = "If_Then"];
n20[label = "FarthestInsertion"];
n2 -> n20;
n21[label = "FarthestInsertion"];
n2 -> n21;
n -> n2;
}


Generation: 52
Best Individual:
Subpopulation 0:
Evaluated: true
Fitness: Standardized=0.31005117 Adjusted=0.76332897 Hits=3
Tree 0:
digraph g {
node [shape=rectangle];
n[label = "If_Then_Else"];
n0[label = "While"];
n00[label = "NearestNeighbor"];
n0 -> n00;
n01[label = "If_Then_Else"];
n010[label = "While"];
n0100[label = "NearestNeighbor"];
n010 -> n0100;
n0101[label = "NearestNeighbor"];
n010 -> n0101;
n01 -> n010;
n011[label = "If_Then"];
n0110[label = "FarthestInsertion"];
n011 -> n0110;
n0111[label = "FarthestInsertion"];
n011 -> n0111;
n01 -> n011;
n012[label = "If_Then_Else"];
n0120[label = "BestMove"];
n012 -> n0120;
n0121[label = "NearestFirstNode"];
n012 -> n0121;
n0122[label = "FarthestNeighbor"];
n012 -> n0122;
n01 -> n012;
n0 -> n01;
n -> n0;
n1[label = "BestMove"];
n -> n1;
n2[label = "While"];
n20[label = "FarthestNeighbor"];
n2 -> n20;
n21[label = "FarthestNeighbor"];
n2 -> n21;
n -> n2;
}


Generation: 53
Best Individual:
Subpopulation 0:
Evaluated: true
Fitness: Standardized=0.31005117 Adjusted=0.76332897 Hits=3
Tree 0:
digraph g {
node [shape=rectangle];
n[label = "If_Then_Else"];
n0[label = "While"];
n00[label = "NearestNeighbor"];
n0 -> n00;
n01[label = "If_Then_Else"];
n010[label = "While"];
n0100[label = "NearestNeighbor"];
n010 -> n0100;
n0101[label = "NearestNeighbor"];
n010 -> n0101;
n01 -> n010;
n011[label = "NearestNeighbor"];
n01 -> n011;
n012[label = "If_Then"];
n0120[label = "NearestNeighbor"];
n012 -> n0120;
n0121[label = "NearestNeighbor"];
n012 -> n0121;
n01 -> n012;
n0 -> n01;
n -> n0;
n1[label = "BestMove"];
n -> n1;
n2[label = "If_Then_Else"];
n20[label = "BestMove"];
n2 -> n20;
n21[label = "NearestFirstNode"];
n2 -> n21;
n22[label = "FarthestInsertion"];
n2 -> n22;
n -> n2;
}


Generation: 54
Best Individual:
Subpopulation 0:
Evaluated: true
Fitness: Standardized=0.31005117 Adjusted=0.76332897 Hits=3
Tree 0:
digraph g {
node [shape=rectangle];
n[label = "If_Then_Else"];
n0[label = "While"];
n00[label = "NearestNeighbor"];
n0 -> n00;
n01[label = "If_Then_Else"];
n010[label = "If_Then"];
n0100[label = "NearestNeighbor"];
n010 -> n0100;
n0101[label = "NearestNeighbor"];
n010 -> n0101;
n01 -> n010;
n011[label = "NearestNeighbor"];
n01 -> n011;
n012[label = "While"];
n0120[label = "NearestNeighbor"];
n012 -> n0120;
n0121[label = "NearestNeighbor"];
n012 -> n0121;
n01 -> n012;
n0 -> n01;
n -> n0;
n1[label = "BestMove"];
n -> n1;
n2[label = "FarthestNeighbor"];
n -> n2;
}


Generation: 55
Best Individual:
Subpopulation 0:
Evaluated: true
Fitness: Standardized=0.31005117 Adjusted=0.76332897 Hits=3
Tree 0:
digraph g {
node [shape=rectangle];
n[label = "If_Then_Else"];
n0[label = "While"];
n00[label = "NearestNeighbor"];
n0 -> n00;
n01[label = "If_Then_Else"];
n010[label = "If_Then"];
n0100[label = "NearestNeighbor"];
n010 -> n0100;
n0101[label = "NearestNeighbor"];
n010 -> n0101;
n01 -> n010;
n011[label = "NearestNeighbor"];
n01 -> n011;
n012[label = "While"];
n0120[label = "NearestNeighbor"];
n012 -> n0120;
n0121[label = "NearestNeighbor"];
n012 -> n0121;
n01 -> n012;
n0 -> n01;
n -> n0;
n1[label = "BestMove"];
n -> n1;
n2[label = "FarthestNeighbor"];
n -> n2;
}


Generation: 56
Best Individual:
Subpopulation 0:
Evaluated: true
Fitness: Standardized=0.31005117 Adjusted=0.76332897 Hits=3
Tree 0:
digraph g {
node [shape=rectangle];
n[label = "If_Then_Else"];
n0[label = "While"];
n00[label = "NearestNeighbor"];
n0 -> n00;
n01[label = "If_Then_Else"];
n010[label = "If_Then"];
n0100[label = "NearestNeighbor"];
n010 -> n0100;
n0101[label = "NearestNeighbor"];
n010 -> n0101;
n01 -> n010;
n011[label = "NearestNeighbor"];
n01 -> n011;
n012[label = "While"];
n0120[label = "NearestNeighbor"];
n012 -> n0120;
n0121[label = "NearestNeighbor"];
n012 -> n0121;
n01 -> n012;
n0 -> n01;
n -> n0;
n1[label = "BestMove"];
n -> n1;
n2[label = "FarthestNeighbor"];
n -> n2;
}


Generation: 57
Best Individual:
Subpopulation 0:
Evaluated: true
Fitness: Standardized=0.31005117 Adjusted=0.76332897 Hits=3
Tree 0:
digraph g {
node [shape=rectangle];
n[label = "If_Then_Else"];
n0[label = "While"];
n00[label = "NearestNeighbor"];
n0 -> n00;
n01[label = "If_Then_Else"];
n010[label = "While"];
n0100[label = "NearestNeighbor"];
n010 -> n0100;
n0101[label = "NearestNeighbor"];
n010 -> n0101;
n01 -> n010;
n011[label = "NearestNeighbor"];
n01 -> n011;
n012[label = "NearestFirstNode"];
n01 -> n012;
n0 -> n01;
n -> n0;
n1[label = "BestMove"];
n -> n1;
n2[label = "If_Then_Else"];
n20[label = "BestMove"];
n2 -> n20;
n21[label = "NearestFirstNode"];
n2 -> n21;
n22[label = "FarthestInsertion"];
n2 -> n22;
n -> n2;
}


Generation: 58
Best Individual:
Subpopulation 0:
Evaluated: true
Fitness: Standardized=0.31005117 Adjusted=0.76332897 Hits=3
Tree 0:
digraph g {
node [shape=rectangle];
n[label = "If_Then_Else"];
n0[label = "If_Then_Else"];
n00[label = "While"];
n000[label = "NearestNeighbor"];
n00 -> n000;
n001[label = "NearestNeighbor"];
n00 -> n001;
n0 -> n00;
n01[label = "If_Then"];
n010[label = "FarthestInsertion"];
n01 -> n010;
n011[label = "FarthestInsertion"];
n01 -> n011;
n0 -> n01;
n02[label = "If_Then_Else"];
n020[label = "While"];
n0200[label = "NearestNeighbor"];
n020 -> n0200;
n0201[label = "NearestNeighbor"];
n020 -> n0201;
n02 -> n020;
n021[label = "NearestNeighbor"];
n02 -> n021;
n022[label = "If_Then_Else"];
n0220[label = "FarthestNeighbor"];
n022 -> n0220;
n0221[label = "NearestFirstNode"];
n022 -> n0221;
n0222[label = "FarthestNeighbor"];
n022 -> n0222;
n02 -> n022;
n0 -> n02;
n -> n0;
n1[label = "BestMove"];
n -> n1;
n2[label = "While"];
n20[label = "NearestNeighbor"];
n2 -> n20;
n21[label = "NearestNeighbor"];
n2 -> n21;
n -> n2;
}


Generation: 59
Best Individual:
Subpopulation 0:
Evaluated: true
Fitness: Standardized=0.31005117 Adjusted=0.76332897 Hits=3
Tree 0:
digraph g {
node [shape=rectangle];
n[label = "If_Then_Else"];
n0[label = "If_Then_Else"];
n00[label = "While"];
n000[label = "NearestNeighbor"];
n00 -> n000;
n001[label = "NearestNeighbor"];
n00 -> n001;
n0 -> n00;
n01[label = "If_Then"];
n010[label = "FarthestInsertion"];
n01 -> n010;
n011[label = "FarthestInsertion"];
n01 -> n011;
n0 -> n01;
n02[label = "If_Then_Else"];
n020[label = "While"];
n0200[label = "NearestNeighbor"];
n020 -> n0200;
n0201[label = "NearestNeighbor"];
n020 -> n0201;
n02 -> n020;
n021[label = "NearestNeighbor"];
n02 -> n021;
n022[label = "If_Then_Else"];
n0220[label = "FarthestNeighbor"];
n022 -> n0220;
n0221[label = "NearestFirstNode"];
n022 -> n0221;
n0222[label = "FarthestNeighbor"];
n022 -> n0222;
n02 -> n022;
n0 -> n02;
n -> n0;
n1[label = "BestMove"];
n -> n1;
n2[label = "While"];
n20[label = "NearestNeighbor"];
n2 -> n20;
n21[label = "NearestNeighbor"];
n2 -> n21;
n -> n2;
}


Generation: 60
Best Individual:
Subpopulation 0:
Evaluated: true
Fitness: Standardized=0.31005117 Adjusted=0.76332897 Hits=3
Tree 0:
digraph g {
node [shape=rectangle];
n[label = "If_Then_Else"];
n0[label = "If_Then_Else"];
n00[label = "While"];
n000[label = "NearestNeighbor"];
n00 -> n000;
n001[label = "NearestNeighbor"];
n00 -> n001;
n0 -> n00;
n01[label = "NearestNeighbor"];
n0 -> n01;
n02[label = "If_Then_Else"];
n020[label = "FarthestNeighbor"];
n02 -> n020;
n021[label = "NearestFirstNode"];
n02 -> n021;
n022[label = "FarthestNeighbor"];
n02 -> n022;
n0 -> n02;
n -> n0;
n1[label = "BestMove"];
n -> n1;
n2[label = "FarthestNeighbor"];
n -> n2;
}


Generation: 61
Best Individual:
Subpopulation 0:
Evaluated: true
Fitness: Standardized=0.31005117 Adjusted=0.76332897 Hits=3
Tree 0:
digraph g {
node [shape=rectangle];
n[label = "If_Then_Else"];
n0[label = "While"];
n00[label = "NearestNeighbor"];
n0 -> n00;
n01[label = "If_Then_Else"];
n010[label = "Equal"];
n0100[label = "NearestNeighbor"];
n010 -> n0100;
n0101[label = "NearestNeighbor"];
n010 -> n0101;
n01 -> n010;
n011[label = "NearestNeighbor"];
n01 -> n011;
n012[label = "While"];
n0120[label = "NearestNeighbor"];
n012 -> n0120;
n0121[label = "NearestNeighbor"];
n012 -> n0121;
n01 -> n012;
n0 -> n01;
n -> n0;
n1[label = "BestMove"];
n -> n1;
n2[label = "FarthestNeighbor"];
n -> n2;
}


Generation: 62
Best Individual:
Subpopulation 0:
Evaluated: true
Fitness: Standardized=0.31005117 Adjusted=0.76332897 Hits=3
Tree 0:
digraph g {
node [shape=rectangle];
n[label = "If_Then_Else"];
n0[label = "While"];
n00[label = "NearestNeighbor"];
n0 -> n00;
n01[label = "If_Then_Else"];
n010[label = "Equal"];
n0100[label = "NearestNeighbor"];
n010 -> n0100;
n0101[label = "NearestNeighbor"];
n010 -> n0101;
n01 -> n010;
n011[label = "NearestNeighbor"];
n01 -> n011;
n012[label = "Equal"];
n0120[label = "NearestNeighbor"];
n012 -> n0120;
n0121[label = "NearestNeighbor"];
n012 -> n0121;
n01 -> n012;
n0 -> n01;
n -> n0;
n1[label = "BestMove"];
n -> n1;
n2[label = "FarthestNeighbor"];
n -> n2;
}


Generation: 63
Best Individual:
Subpopulation 0:
Evaluated: true
Fitness: Standardized=0.31005117 Adjusted=0.76332897 Hits=3
Tree 0:
digraph g {
node [shape=rectangle];
n[label = "If_Then_Else"];
n0[label = "While"];
n00[label = "NearestNeighbor"];
n0 -> n00;
n01[label = "Equal"];
n010[label = "NearestNeighbor"];
n01 -> n010;
n011[label = "NearestNeighbor"];
n01 -> n011;
n0 -> n01;
n -> n0;
n1[label = "BestMove"];
n -> n1;
n2[label = "FarthestNeighbor"];
n -> n2;
}


Generation: 64
Best Individual:
Subpopulation 0:
Evaluated: true
Fitness: Standardized=0.31005117 Adjusted=0.76332897 Hits=3
Tree 0:
digraph g {
node [shape=rectangle];
n[label = "If_Then_Else"];
n0[label = "While"];
n00[label = "NearestNeighbor"];
n0 -> n00;
n01[label = "If_Then_Else"];
n010[label = "While"];
n0100[label = "NearestNeighbor"];
n010 -> n0100;
n0101[label = "NearestNeighbor"];
n010 -> n0101;
n01 -> n010;
n011[label = "NearestNeighbor"];
n01 -> n011;
n012[label = "NearestFirstNode"];
n01 -> n012;
n0 -> n01;
n -> n0;
n1[label = "BestMove"];
n -> n1;
n2[label = "NearestNeighbor"];
n -> n2;
}


Generation: 65
Best Individual:
Subpopulation 0:
Evaluated: true
Fitness: Standardized=0.31005117 Adjusted=0.76332897 Hits=3
Tree 0:
digraph g {
node [shape=rectangle];
n[label = "If_Then_Else"];
n0[label = "While"];
n00[label = "NearestNeighbor"];
n0 -> n00;
n01[label = "If_Then_Else"];
n010[label = "Equal"];
n0100[label = "NearestNeighbor"];
n010 -> n0100;
n0101[label = "NearestNeighbor"];
n010 -> n0101;
n01 -> n010;
n011[label = "NearestNeighbor"];
n01 -> n011;
n012[label = "Equal"];
n0120[label = "NearestNeighbor"];
n012 -> n0120;
n0121[label = "NearestNeighbor"];
n012 -> n0121;
n01 -> n012;
n0 -> n01;
n -> n0;
n1[label = "BestMove"];
n -> n1;
n2[label = "FarthestNeighbor"];
n -> n2;
}


Generation: 66
Best Individual:
Subpopulation 0:
Evaluated: true
Fitness: Standardized=0.31005117 Adjusted=0.76332897 Hits=3
Tree 0:
digraph g {
node [shape=rectangle];
n[label = "If_Then_Else"];
n0[label = "While"];
n00[label = "NearestNeighbor"];
n0 -> n00;
n01[label = "If_Then_Else"];
n010[label = "Equal"];
n0100[label = "NearestNeighbor"];
n010 -> n0100;
n0101[label = "NearestNeighbor"];
n010 -> n0101;
n01 -> n010;
n011[label = "NearestNeighbor"];
n01 -> n011;
n012[label = "Equal"];
n0120[label = "NearestNeighbor"];
n012 -> n0120;
n0121[label = "NearestNeighbor"];
n012 -> n0121;
n01 -> n012;
n0 -> n01;
n -> n0;
n1[label = "BestMove"];
n -> n1;
n2[label = "FarthestNeighbor"];
n -> n2;
}


Generation: 67
Best Individual:
Subpopulation 0:
Evaluated: true
Fitness: Standardized=0.31005117 Adjusted=0.76332897 Hits=3
Tree 0:
digraph g {
node [shape=rectangle];
n[label = "If_Then_Else"];
n0[label = "While"];
n00[label = "NearestNeighbor"];
n0 -> n00;
n01[label = "Equal"];
n010[label = "NearestNeighbor"];
n01 -> n010;
n011[label = "NearestNeighbor"];
n01 -> n011;
n0 -> n01;
n -> n0;
n1[label = "BestMove"];
n -> n1;
n2[label = "FarthestNeighbor"];
n -> n2;
}


Generation: 68
Best Individual:
Subpopulation 0:
Evaluated: true
Fitness: Standardized=0.31005117 Adjusted=0.76332897 Hits=3
Tree 0:
digraph g {
node [shape=rectangle];
n[label = "If_Then_Else"];
n0[label = "While"];
n00[label = "NearestNeighbor"];
n0 -> n00;
n01[label = "If_Then_Else"];
n010[label = "Equal"];
n0100[label = "NearestNeighbor"];
n010 -> n0100;
n0101[label = "NearestNeighbor"];
n010 -> n0101;
n01 -> n010;
n011[label = "NearestNeighbor"];
n01 -> n011;
n012[label = "Equal"];
n0120[label = "NearestNeighbor"];
n012 -> n0120;
n0121[label = "NearestNeighbor"];
n012 -> n0121;
n01 -> n012;
n0 -> n01;
n -> n0;
n1[label = "BestMove"];
n -> n1;
n2[label = "FarthestNeighbor"];
n -> n2;
}


Generation: 69
Best Individual:
Subpopulation 0:
Evaluated: true
Fitness: Standardized=0.31005117 Adjusted=0.76332897 Hits=3
Tree 0:
digraph g {
node [shape=rectangle];
n[label = "If_Then_Else"];
n0[label = "While"];
n00[label = "NearestNeighbor"];
n0 -> n00;
n01[label = "If_Then_Else"];
n010[label = "Equal"];
n0100[label = "NearestNeighbor"];
n010 -> n0100;
n0101[label = "NearestNeighbor"];
n010 -> n0101;
n01 -> n010;
n011[label = "NearestNeighbor"];
n01 -> n011;
n012[label = "BestMove"];
n01 -> n012;
n0 -> n01;
n -> n0;
n1[label = "BestMove"];
n -> n1;
n2[label = "FarthestNeighbor"];
n -> n2;
}


Generation: 70
Best Individual:
Subpopulation 0:
Evaluated: true
Fitness: Standardized=0.31005117 Adjusted=0.76332897 Hits=3
Tree 0:
digraph g {
node [shape=rectangle];
n[label = "If_Then_Else"];
n0[label = "While"];
n00[label = "NearestNeighbor"];
n0 -> n00;
n01[label = "If_Then_Else"];
n010[label = "Equal"];
n0100[label = "NearestNeighbor"];
n010 -> n0100;
n0101[label = "NearestNeighbor"];
n010 -> n0101;
n01 -> n010;
n011[label = "Equal"];
n0110[label = "NearestNeighbor"];
n011 -> n0110;
n0111[label = "NearestNeighbor"];
n011 -> n0111;
n01 -> n011;
n012[label = "NearestNeighbor"];
n01 -> n012;
n0 -> n01;
n -> n0;
n1[label = "BestMove"];
n -> n1;
n2[label = "FarthestNeighbor"];
n -> n2;
}


Generation: 71
Best Individual:
Subpopulation 0:
Evaluated: true
Fitness: Standardized=0.31005117 Adjusted=0.76332897 Hits=3
Tree 0:
digraph g {
node [shape=rectangle];
n[label = "If_Then_Else"];
n0[label = "While"];
n00[label = "NearestNeighbor"];
n0 -> n00;
n01[label = "If_Then_Else"];
n010[label = "Equal"];
n0100[label = "NearestNeighbor"];
n010 -> n0100;
n0101[label = "NearestNeighbor"];
n010 -> n0101;
n01 -> n010;
n011[label = "NearestNeighbor"];
n01 -> n011;
n012[label = "Equal"];
n0120[label = "NearestNeighbor"];
n012 -> n0120;
n0121[label = "NearestNeighbor"];
n012 -> n0121;
n01 -> n012;
n0 -> n01;
n -> n0;
n1[label = "BestMove"];
n -> n1;
n2[label = "FarthestNeighbor"];
n -> n2;
}


Generation: 72
Best Individual:
Subpopulation 0:
Evaluated: true
Fitness: Standardized=0.31005117 Adjusted=0.76332897 Hits=3
Tree 0:
digraph g {
node [shape=rectangle];
n[label = "If_Then_Else"];
n0[label = "While"];
n00[label = "NearestNeighbor"];
n0 -> n00;
n01[label = "If_Then_Else"];
n010[label = "Equal"];
n0100[label = "NearestNeighbor"];
n010 -> n0100;
n0101[label = "NearestNeighbor"];
n010 -> n0101;
n01 -> n010;
n011[label = "NearestNeighbor"];
n01 -> n011;
n012[label = "Equal"];
n0120[label = "NearestNeighbor"];
n012 -> n0120;
n0121[label = "NearestNeighbor"];
n012 -> n0121;
n01 -> n012;
n0 -> n01;
n -> n0;
n1[label = "BestMove"];
n -> n1;
n2[label = "FarthestNeighbor"];
n -> n2;
}


Generation: 73
Best Individual:
Subpopulation 0:
Evaluated: true
Fitness: Standardized=0.31005117 Adjusted=0.76332897 Hits=3
Tree 0:
digraph g {
node [shape=rectangle];
n[label = "If_Then_Else"];
n0[label = "While"];
n00[label = "NearestNeighbor"];
n0 -> n00;
n01[label = "If_Then_Else"];
n010[label = "Equal"];
n0100[label = "NearestNeighbor"];
n010 -> n0100;
n0101[label = "NearestNeighbor"];
n010 -> n0101;
n01 -> n010;
n011[label = "NearestNeighbor"];
n01 -> n011;
n012[label = "NearestNeighbor"];
n01 -> n012;
n0 -> n01;
n -> n0;
n1[label = "BestMove"];
n -> n1;
n2[label = "FarthestNeighbor"];
n -> n2;
}


Generation: 74
Best Individual:
Subpopulation 0:
Evaluated: true
Fitness: Standardized=0.31005117 Adjusted=0.76332897 Hits=3
Tree 0:
digraph g {
node [shape=rectangle];
n[label = "If_Then_Else"];
n0[label = "While"];
n00[label = "NearestNeighbor"];
n0 -> n00;
n01[label = "If_Then_Else"];
n010[label = "NearestNeighbor"];
n01 -> n010;
n011[label = "Equal"];
n0110[label = "NearestNeighbor"];
n011 -> n0110;
n0111[label = "NearestNeighbor"];
n011 -> n0111;
n01 -> n011;
n012[label = "NearestNeighbor"];
n01 -> n012;
n0 -> n01;
n -> n0;
n1[label = "BestMove"];
n -> n1;
n2[label = "Equal"];
n20[label = "NearestNeighbor"];
n2 -> n20;
n21[label = "NearestNeighbor"];
n2 -> n21;
n -> n2;
}


Generation: 75
Best Individual:
Subpopulation 0:
Evaluated: true
Fitness: Standardized=0.31005117 Adjusted=0.76332897 Hits=3
Tree 0:
digraph g {
node [shape=rectangle];
n[label = "If_Then_Else"];
n0[label = "While"];
n00[label = "NearestNeighbor"];
n0 -> n00;
n01[label = "If_Then_Else"];
n010[label = "NearestNeighbor"];
n01 -> n010;
n011[label = "NearestNeighbor"];
n01 -> n011;
n012[label = "FarthestNeighbor"];
n01 -> n012;
n0 -> n01;
n -> n0;
n1[label = "BestMove"];
n -> n1;
n2[label = "FarthestNeighbor"];
n -> n2;
}


Generation: 76
Best Individual:
Subpopulation 0:
Evaluated: true
Fitness: Standardized=0.31005117 Adjusted=0.76332897 Hits=3
Tree 0:
digraph g {
node [shape=rectangle];
n[label = "If_Then_Else"];
n0[label = "While"];
n00[label = "NearestNeighbor"];
n0 -> n00;
n01[label = "If_Then_Else"];
n010[label = "Equal"];
n0100[label = "NearestNeighbor"];
n010 -> n0100;
n0101[label = "NearestNeighbor"];
n010 -> n0101;
n01 -> n010;
n011[label = "NearestNeighbor"];
n01 -> n011;
n012[label = "Equal"];
n0120[label = "NearestNeighbor"];
n012 -> n0120;
n0121[label = "NearestNeighbor"];
n012 -> n0121;
n01 -> n012;
n0 -> n01;
n -> n0;
n1[label = "BestMove"];
n -> n1;
n2[label = "FarthestNeighbor"];
n -> n2;
}


Generation: 77
Best Individual:
Subpopulation 0:
Evaluated: true
Fitness: Standardized=0.31005117 Adjusted=0.76332897 Hits=3
Tree 0:
digraph g {
node [shape=rectangle];
n[label = "If_Then_Else"];
n0[label = "While"];
n00[label = "NearestNeighbor"];
n0 -> n00;
n01[label = "If_Then_Else"];
n010[label = "And"];
n0100[label = "NearestNeighbor"];
n010 -> n0100;
n0101[label = "NearestNeighbor"];
n010 -> n0101;
n01 -> n010;
n011[label = "NearestNeighbor"];
n01 -> n011;
n012[label = "Equal"];
n0120[label = "NearestNeighbor"];
n012 -> n0120;
n0121[label = "NearestNeighbor"];
n012 -> n0121;
n01 -> n012;
n0 -> n01;
n -> n0;
n1[label = "BestMove"];
n -> n1;
n2[label = "NearestNeighbor"];
n -> n2;
}


Generation: 78
Best Individual:
Subpopulation 0:
Evaluated: true
Fitness: Standardized=0.31005117 Adjusted=0.76332897 Hits=3
Tree 0:
digraph g {
node [shape=rectangle];
n[label = "If_Then_Else"];
n0[label = "While"];
n00[label = "NearestNeighbor"];
n0 -> n00;
n01[label = "Equal"];
n010[label = "NearestNeighbor"];
n01 -> n010;
n011[label = "NearestNeighbor"];
n01 -> n011;
n0 -> n01;
n -> n0;
n1[label = "BestMove"];
n -> n1;
n2[label = "FarthestFirstNode"];
n -> n2;
}


Generation: 79
Best Individual:
Subpopulation 0:
Evaluated: true
Fitness: Standardized=0.31005117 Adjusted=0.76332897 Hits=3
Tree 0:
digraph g {
node [shape=rectangle];
n[label = "If_Then_Else"];
n0[label = "While"];
n00[label = "NearestNeighbor"];
n0 -> n00;
n01[label = "If_Then_Else"];
n010[label = "NearestNeighbor"];
n01 -> n010;
n011[label = "NearestNeighbor"];
n01 -> n011;
n012[label = "Equal"];
n0120[label = "NearestNeighbor"];
n012 -> n0120;
n0121[label = "NearestNeighbor"];
n012 -> n0121;
n01 -> n012;
n0 -> n01;
n -> n0;
n1[label = "BestMove"];
n -> n1;
n2[label = "FarthestNeighbor"];
n -> n2;
}


Generation: 80
Best Individual:
Subpopulation 0:
Evaluated: true
Fitness: Standardized=0.31005117 Adjusted=0.76332897 Hits=3
Tree 0:
digraph g {
node [shape=rectangle];
n[label = "If_Then_Else"];
n0[label = "While"];
n00[label = "NearestNeighbor"];
n0 -> n00;
n01[label = "Equal"];
n010[label = "NearestNeighbor"];
n01 -> n010;
n011[label = "NearestNeighbor"];
n01 -> n011;
n0 -> n01;
n -> n0;
n1[label = "BestMove"];
n -> n1;
n2[label = "FarthestNeighbor"];
n -> n2;
}


Generation: 81
Best Individual:
Subpopulation 0:
Evaluated: true
Fitness: Standardized=0.31005117 Adjusted=0.76332897 Hits=3
Tree 0:
digraph g {
node [shape=rectangle];
n[label = "If_Then_Else"];
n0[label = "While"];
n00[label = "If_Then_Else"];
n000[label = "NearestNeighbor"];
n00 -> n000;
n001[label = "NearestNeighbor"];
n00 -> n001;
n002[label = "Equal"];
n0020[label = "NearestNeighbor"];
n002 -> n0020;
n0021[label = "NearestNeighbor"];
n002 -> n0021;
n00 -> n002;
n0 -> n00;
n01[label = "If_Then_Else"];
n010[label = "NearestNeighbor"];
n01 -> n010;
n011[label = "NearestNeighbor"];
n01 -> n011;
n012[label = "Equal"];
n0120[label = "NearestNeighbor"];
n012 -> n0120;
n0121[label = "NearestNeighbor"];
n012 -> n0121;
n01 -> n012;
n0 -> n01;
n -> n0;
n1[label = "BestMove"];
n -> n1;
n2[label = "FarthestNeighbor"];
n -> n2;
}


Generation: 82
Best Individual:
Subpopulation 0:
Evaluated: true
Fitness: Standardized=0.31005117 Adjusted=0.76332897 Hits=3
Tree 0:
digraph g {
node [shape=rectangle];
n[label = "If_Then_Else"];
n0[label = "While"];
n00[label = "NearestNeighbor"];
n0 -> n00;
n01[label = "If_Then_Else"];
n010[label = "NearestNeighbor"];
n01 -> n010;
n011[label = "NearestNeighbor"];
n01 -> n011;
n012[label = "Equal"];
n0120[label = "NearestNeighbor"];
n012 -> n0120;
n0121[label = "NearestNeighbor"];
n012 -> n0121;
n01 -> n012;
n0 -> n01;
n -> n0;
n1[label = "BestMove"];
n -> n1;
n2[label = "FarthestNeighbor"];
n -> n2;
}


Generation: 83
Best Individual:
Subpopulation 0:
Evaluated: true
Fitness: Standardized=0.31005117 Adjusted=0.76332897 Hits=3
Tree 0:
digraph g {
node [shape=rectangle];
n[label = "If_Then_Else"];
n0[label = "While"];
n00[label = "If_Then_Else"];
n000[label = "NearestNeighbor"];
n00 -> n000;
n001[label = "NearestNeighbor"];
n00 -> n001;
n002[label = "Equal"];
n0020[label = "NearestNeighbor"];
n002 -> n0020;
n0021[label = "NearestNeighbor"];
n002 -> n0021;
n00 -> n002;
n0 -> n00;
n01[label = "If_Then_Else"];
n010[label = "NearestNeighbor"];
n01 -> n010;
n011[label = "NearestNeighbor"];
n01 -> n011;
n012[label = "Equal"];
n0120[label = "NearestNeighbor"];
n012 -> n0120;
n0121[label = "NearestNeighbor"];
n012 -> n0121;
n01 -> n012;
n0 -> n01;
n -> n0;
n1[label = "BestMove"];
n -> n1;
n2[label = "NearestNeighbor"];
n -> n2;
}


Generation: 84
Best Individual:
Subpopulation 0:
Evaluated: true
Fitness: Standardized=0.31005117 Adjusted=0.76332897 Hits=3
Tree 0:
digraph g {
node [shape=rectangle];
n[label = "If_Then_Else"];
n0[label = "While"];
n00[label = "If_Then_Else"];
n000[label = "NearestNeighbor"];
n00 -> n000;
n001[label = "NearestNeighbor"];
n00 -> n001;
n002[label = "NearestNeighbor"];
n00 -> n002;
n0 -> n00;
n01[label = "If_Then_Else"];
n010[label = "NearestNeighbor"];
n01 -> n010;
n011[label = "NearestNeighbor"];
n01 -> n011;
n012[label = "Equal"];
n0120[label = "NearestNeighbor"];
n012 -> n0120;
n0121[label = "NearestNeighbor"];
n012 -> n0121;
n01 -> n012;
n0 -> n01;
n -> n0;
n1[label = "BestMove"];
n -> n1;
n2[label = "NearestNeighbor"];
n -> n2;
}


Generation: 85
Best Individual:
Subpopulation 0:
Evaluated: true
Fitness: Standardized=0.31005117 Adjusted=0.76332897 Hits=3
Tree 0:
digraph g {
node [shape=rectangle];
n[label = "If_Then_Else"];
n0[label = "While"];
n00[label = "NearestNeighbor"];
n0 -> n00;
n01[label = "If_Then_Else"];
n010[label = "NearestNeighbor"];
n01 -> n010;
n011[label = "NearestNeighbor"];
n01 -> n011;
n012[label = "Equal"];
n0120[label = "NearestNeighbor"];
n012 -> n0120;
n0121[label = "NearestNeighbor"];
n012 -> n0121;
n01 -> n012;
n0 -> n01;
n -> n0;
n1[label = "BestMove"];
n -> n1;
n2[label = "NearestNeighbor"];
n -> n2;
}


Generation: 86
Best Individual:
Subpopulation 0:
Evaluated: true
Fitness: Standardized=0.31005117 Adjusted=0.76332897 Hits=3
Tree 0:
digraph g {
node [shape=rectangle];
n[label = "If_Then_Else"];
n0[label = "While"];
n00[label = "NearestNeighbor"];
n0 -> n00;
n01[label = "If_Then_Else"];
n010[label = "NearestNeighbor"];
n01 -> n010;
n011[label = "NearestNeighbor"];
n01 -> n011;
n012[label = "Equal"];
n0120[label = "BestMove"];
n012 -> n0120;
n0121[label = "NearestNeighbor"];
n012 -> n0121;
n01 -> n012;
n0 -> n01;
n -> n0;
n1[label = "BestMove"];
n -> n1;
n2[label = "NearestNeighbor"];
n -> n2;
}


Generation: 87
Best Individual:
Subpopulation 0:
Evaluated: true
Fitness: Standardized=0.31005117 Adjusted=0.76332897 Hits=3
Tree 0:
digraph g {
node [shape=rectangle];
n[label = "If_Then_Else"];
n0[label = "While"];
n00[label = "NearestNeighbor"];
n0 -> n00;
n01[label = "If_Then_Else"];
n010[label = "NearestNeighbor"];
n01 -> n010;
n011[label = "NearestNeighbor"];
n01 -> n011;
n012[label = "Equal"];
n0120[label = "NearestNeighbor"];
n012 -> n0120;
n0121[label = "NearestNeighbor"];
n012 -> n0121;
n01 -> n012;
n0 -> n01;
n -> n0;
n1[label = "BestMove"];
n -> n1;
n2[label = "If_Then_Else"];
n20[label = "NearestNeighbor"];
n2 -> n20;
n21[label = "NearestNeighbor"];
n2 -> n21;
n22[label = "Equal"];
n220[label = "NearestNeighbor"];
n22 -> n220;
n221[label = "NearestNeighbor"];
n22 -> n221;
n2 -> n22;
n -> n2;
}


Generation: 88
Best Individual:
Subpopulation 0:
Evaluated: true
Fitness: Standardized=0.31005117 Adjusted=0.76332897 Hits=3
Tree 0:
digraph g {
node [shape=rectangle];
n[label = "If_Then_Else"];
n0[label = "While"];
n00[label = "If_Then_Else"];
n000[label = "NearestNeighbor"];
n00 -> n000;
n001[label = "NearestNeighbor"];
n00 -> n001;
n002[label = "FarthestInsertion"];
n00 -> n002;
n0 -> n00;
n01[label = "If_Then_Else"];
n010[label = "NearestNeighbor"];
n01 -> n010;
n011[label = "NearestNeighbor"];
n01 -> n011;
n012[label = "Equal"];
n0120[label = "NearestNeighbor"];
n012 -> n0120;
n0121[label = "NearestNeighbor"];
n012 -> n0121;
n01 -> n012;
n0 -> n01;
n -> n0;
n1[label = "BestMove"];
n -> n1;
n2[label = "NearestNeighbor"];
n -> n2;
}


Generation: 89
Best Individual:
Subpopulation 0:
Evaluated: true
Fitness: Standardized=0.31005117 Adjusted=0.76332897 Hits=3
Tree 0:
digraph g {
node [shape=rectangle];
n[label = "If_Then_Else"];
n0[label = "While"];
n00[label = "NearestNeighbor"];
n0 -> n00;
n01[label = "If_Then"];
n010[label = "NearestNeighbor"];
n01 -> n010;
n011[label = "NearestNeighbor"];
n01 -> n011;
n0 -> n01;
n -> n0;
n1[label = "BestMove"];
n -> n1;
n2[label = "FarthestFirstNode"];
n -> n2;
}


Generation: 90
Best Individual:
Subpopulation 0:
Evaluated: true
Fitness: Standardized=0.31005117 Adjusted=0.76332897 Hits=3
Tree 0:
digraph g {
node [shape=rectangle];
n[label = "If_Then_Else"];
n0[label = "While"];
n00[label = "NearestNeighbor"];
n0 -> n00;
n01[label = "If_Then_Else"];
n010[label = "NearestNeighbor"];
n01 -> n010;
n011[label = "NearestNeighbor"];
n01 -> n011;
n012[label = "Equal"];
n0120[label = "NearestNeighbor"];
n012 -> n0120;
n0121[label = "NearestNeighbor"];
n012 -> n0121;
n01 -> n012;
n0 -> n01;
n -> n0;
n1[label = "BestMove"];
n -> n1;
n2[label = "If_Then_Else"];
n20[label = "CplexTerminal"];
n2 -> n20;
n21[label = "NearestNeighbor"];
n2 -> n21;
n22[label = "Equal"];
n220[label = "NearestNeighbor"];
n22 -> n220;
n221[label = "FarthestNeighbor"];
n22 -> n221;
n2 -> n22;
n -> n2;
}


Generation: 91
Best Individual:
Subpopulation 0:
Evaluated: true
Fitness: Standardized=0.31005117 Adjusted=0.76332897 Hits=3
Tree 0:
digraph g {
node [shape=rectangle];
n[label = "If_Then_Else"];
n0[label = "While"];
n00[label = "NearestNeighbor"];
n0 -> n00;
n01[label = "NearestNeighbor"];
n0 -> n01;
n -> n0;
n1[label = "BestMove"];
n -> n1;
n2[label = "If_Then_Else"];
n20[label = "CplexTerminal"];
n2 -> n20;
n21[label = "NearestNeighbor"];
n2 -> n21;
n22[label = "Equal"];
n220[label = "NearestNeighbor"];
n22 -> n220;
n221[label = "FarthestNeighbor"];
n22 -> n221;
n2 -> n22;
n -> n2;
}


Generation: 92
Best Individual:
Subpopulation 0:
Evaluated: true
Fitness: Standardized=0.31005117 Adjusted=0.76332897 Hits=3
Tree 0:
digraph g {
node [shape=rectangle];
n[label = "If_Then_Else"];
n0[label = "While"];
n00[label = "NearestNeighbor"];
n0 -> n00;
n01[label = "If_Then_Else"];
n010[label = "NearestNeighbor"];
n01 -> n010;
n011[label = "NearestNeighbor"];
n01 -> n011;
n012[label = "Equal"];
n0120[label = "NearestNeighbor"];
n012 -> n0120;
n0121[label = "NearestNeighbor"];
n012 -> n0121;
n01 -> n012;
n0 -> n01;
n -> n0;
n1[label = "BestMove"];
n -> n1;
n2[label = "If_Then_Else"];
n20[label = "CplexTerminal"];
n2 -> n20;
n21[label = "NearestNeighbor"];
n2 -> n21;
n22[label = "Equal"];
n220[label = "NearestNeighbor"];
n22 -> n220;
n221[label = "NearestNeighbor"];
n22 -> n221;
n2 -> n22;
n -> n2;
}


Generation: 93
Best Individual:
Subpopulation 0:
Evaluated: true
Fitness: Standardized=0.31005117 Adjusted=0.76332897 Hits=3
Tree 0:
digraph g {
node [shape=rectangle];
n[label = "If_Then_Else"];
n0[label = "While"];
n00[label = "NearestNeighbor"];
n0 -> n00;
n01[label = "Equal"];
n010[label = "NearestNeighbor"];
n01 -> n010;
n011[label = "NearestNeighbor"];
n01 -> n011;
n0 -> n01;
n -> n0;
n1[label = "BestMove"];
n -> n1;
n2[label = "If_Then_Else"];
n20[label = "CplexTerminal"];
n2 -> n20;
n21[label = "Equal"];
n210[label = "NearestNeighbor"];
n21 -> n210;
n211[label = "NearestNeighbor"];
n21 -> n211;
n2 -> n21;
n22[label = "Equal"];
n220[label = "NearestNeighbor"];
n22 -> n220;
n221[label = "NearestNeighbor"];
n22 -> n221;
n2 -> n22;
n -> n2;
}


Generation: 94
Best Individual:
Subpopulation 0:
Evaluated: true
Fitness: Standardized=0.31005117 Adjusted=0.76332897 Hits=3
Tree 0:
digraph g {
node [shape=rectangle];
n[label = "If_Then_Else"];
n0[label = "While"];
n00[label = "NearestNeighbor"];
n0 -> n00;
n01[label = "If_Then_Else"];
n010[label = "NearestNeighbor"];
n01 -> n010;
n011[label = "NearestNeighbor"];
n01 -> n011;
n012[label = "Equal"];
n0120[label = "NearestNeighbor"];
n012 -> n0120;
n0121[label = "FarthestNeighbor"];
n012 -> n0121;
n01 -> n012;
n0 -> n01;
n -> n0;
n1[label = "BestMove"];
n -> n1;
n2[label = "If_Then_Else"];
n20[label = "CplexTerminal"];
n2 -> n20;
n21[label = "Equal"];
n210[label = "NearestNeighbor"];
n21 -> n210;
n211[label = "NearestNeighbor"];
n21 -> n211;
n2 -> n21;
n22[label = "Equal"];
n220[label = "NearestNeighbor"];
n22 -> n220;
n221[label = "FarthestNeighbor"];
n22 -> n221;
n2 -> n22;
n -> n2;
}


Generation: 95
Best Individual:
Subpopulation 0:
Evaluated: true
Fitness: Standardized=0.31005117 Adjusted=0.76332897 Hits=3
Tree 0:
digraph g {
node [shape=rectangle];
n[label = "If_Then_Else"];
n0[label = "While"];
n00[label = "NearestNeighbor"];
n0 -> n00;
n01[label = "If_Then_Else"];
n010[label = "NearestNeighbor"];
n01 -> n010;
n011[label = "NearestNeighbor"];
n01 -> n011;
n012[label = "Equal"];
n0120[label = "NearestNeighbor"];
n012 -> n0120;
n0121[label = "NearestNeighbor"];
n012 -> n0121;
n01 -> n012;
n0 -> n01;
n -> n0;
n1[label = "BestMove"];
n -> n1;
n2[label = "If_Then_Else"];
n20[label = "CplexTerminal"];
n2 -> n20;
n21[label = "NearestNeighbor"];
n2 -> n21;
n22[label = "Equal"];
n220[label = "NearestNeighbor"];
n22 -> n220;
n221[label = "FarthestNeighbor"];
n22 -> n221;
n2 -> n22;
n -> n2;
}


Generation: 96
Best Individual:
Subpopulation 0:
Evaluated: true
Fitness: Standardized=0.31005117 Adjusted=0.76332897 Hits=3
Tree 0:
digraph g {
node [shape=rectangle];
n[label = "If_Then_Else"];
n0[label = "While"];
n00[label = "NearestNeighbor"];
n0 -> n00;
n01[label = "Equal"];
n010[label = "NearestNeighbor"];
n01 -> n010;
n011[label = "NearestNeighbor"];
n01 -> n011;
n0 -> n01;
n -> n0;
n1[label = "BestMove"];
n -> n1;
n2[label = "If_Then_Else"];
n20[label = "CplexTerminal"];
n2 -> n20;
n21[label = "Equal"];
n210[label = "NearestNeighbor"];
n21 -> n210;
n211[label = "CplexTerminal"];
n21 -> n211;
n2 -> n21;
n22[label = "Equal"];
n220[label = "NearestNeighbor"];
n22 -> n220;
n221[label = "NearestNeighbor"];
n22 -> n221;
n2 -> n22;
n -> n2;
}


Generation: 97
Best Individual:
Subpopulation 0:
Evaluated: true
Fitness: Standardized=0.31005117 Adjusted=0.76332897 Hits=3
Tree 0:
digraph g {
node [shape=rectangle];
n[label = "If_Then_Else"];
n0[label = "While"];
n00[label = "NearestNeighbor"];
n0 -> n00;
n01[label = "If_Then_Else"];
n010[label = "NearestNeighbor"];
n01 -> n010;
n011[label = "NearestNeighbor"];
n01 -> n011;
n012[label = "Equal"];
n0120[label = "NearestNeighbor"];
n012 -> n0120;
n0121[label = "NearestNeighbor"];
n012 -> n0121;
n01 -> n012;
n0 -> n01;
n -> n0;
n1[label = "BestMove"];
n -> n1;
n2[label = "If_Then_Else"];
n20[label = "CplexTerminal"];
n2 -> n20;
n21[label = "Equal"];
n210[label = "BestMove"];
n21 -> n210;
n211[label = "NearestNeighbor"];
n21 -> n211;
n2 -> n21;
n22[label = "Equal"];
n220[label = "NearestNeighbor"];
n22 -> n220;
n221[label = "NearestNeighbor"];
n22 -> n221;
n2 -> n22;
n -> n2;
}


Generation: 98
Best Individual:
Subpopulation 0:
Evaluated: true
Fitness: Standardized=0.31005117 Adjusted=0.76332897 Hits=3
Tree 0:
digraph g {
node [shape=rectangle];
n[label = "If_Then_Else"];
n0[label = "While"];
n00[label = "NearestNeighbor"];
n0 -> n00;
n01[label = "If_Then_Else"];
n010[label = "NearestNeighbor"];
n01 -> n010;
n011[label = "NearestNeighbor"];
n01 -> n011;
n012[label = "Equal"];
n0120[label = "NearestNeighbor"];
n012 -> n0120;
n0121[label = "NearestNeighbor"];
n012 -> n0121;
n01 -> n012;
n0 -> n01;
n -> n0;
n1[label = "BestMove"];
n -> n1;
n2[label = "NearestNeighbor"];
n -> n2;
}


Generation: 99
Best Individual:
Subpopulation 0:
Evaluated: true
Fitness: Standardized=0.31005117 Adjusted=0.76332897 Hits=3
Tree 0:
digraph g {
node [shape=rectangle];
n[label = "If_Then_Else"];
n0[label = "While"];
n00[label = "NearestNeighbor"];
n0 -> n00;
n01[label = "Equal"];
n010[label = "NearestNeighbor"];
n01 -> n010;
n011[label = "NearestNeighbor"];
n01 -> n011;
n0 -> n01;
n -> n0;
n1[label = "BestMove"];
n -> n1;
n2[label = "Equal"];
n20[label = "NearestNeighbor"];
n2 -> n20;
n21[label = "FarthestNeighbor"];
n2 -> n21;
n -> n2;
}


Best Individual of Run:
Subpopulation 0:
Evaluated: true
Fitness: Standardized=0.31005117 Adjusted=0.76332897 Hits=3
Tree 0:
digraph g {
node [shape=rectangle];
n[label = "If_Then_Else"];
n0[label = "While"];
n00[label = "NearestNeighbor"];
n0 -> n00;
n01[label = "NearestNeighbor"];
n0 -> n01;
n -> n0;
n1[label = "Equal"];
n10[label = "FarthestNeighbor"];
n1 -> n10;
n11[label = "BestMove"];
n1 -> n11;
n -> n1;
n2[label = "While"];
n20[label = "NearestNeighbor"];
n2 -> n20;
n21[label = "NearestNeighbor"];
n2 -> n21;
n -> n2;
}

