
Generation: 0
Best Individual:
Subpopulation 0:
Evaluated: true
Fitness: Standardized=0.5561142 Adjusted=0.64262635 Hits=0
Tree 0:
digraph g {
node [shape=rectangle];
n[label = "If_Then_Else"];
n0[label = "Or"];
n00[label = "NearestInsertion"];
n0 -> n00;
n01[label = "CplexTerminal"];
n0 -> n01;
n -> n0;
n1[label = "Equal"];
n10[label = "FarthestInsertion"];
n1 -> n10;
n11[label = "FarthestFirstNode"];
n1 -> n11;
n -> n1;
n2[label = "Or"];
n20[label = "NearestInsertion"];
n2 -> n20;
n21[label = "WorstMove"];
n2 -> n21;
n -> n2;
}


Generation: 1
Best Individual:
Subpopulation 0:
Evaluated: true
Fitness: Standardized=0.5002913 Adjusted=0.6665372 Hits=0
Tree 0:
digraph g {
node [shape=rectangle];
n[label = "If_Then"];
n0[label = "NearestFirstNode"];
n -> n0;
n1[label = "If_Then_Else"];
n10[label = "Or"];
n100[label = "NearestInsertion"];
n10 -> n100;
n101[label = "CplexTerminal"];
n10 -> n101;
n1 -> n10;
n11[label = "Equal"];
n110[label = "FarthestInsertion"];
n11 -> n110;
n111[label = "FarthestFirstNode"];
n11 -> n111;
n1 -> n11;
n12[label = "Or"];
n120[label = "NearestInsertion"];
n12 -> n120;
n121[label = "WorstMove"];
n12 -> n121;
n1 -> n12;
n -> n1;
}


Generation: 2
Best Individual:
Subpopulation 0:
Evaluated: true
Fitness: Standardized=0.28440526 Adjusted=0.7785705 Hits=0
Tree 0:
digraph g {
node [shape=rectangle];
n[label = "If_Then_Else"];
n0[label = "If_Then_Else"];
n00[label = "Or"];
n000[label = "NearestInsertion"];
n00 -> n000;
n001[label = "CplexTerminal"];
n00 -> n001;
n0 -> n00;
n01[label = "Equal"];
n010[label = "FarthestInsertion"];
n01 -> n010;
n011[label = "FarthestFirstNode"];
n01 -> n011;
n0 -> n01;
n02[label = "FarthestFirstNode"];
n0 -> n02;
n -> n0;
n1[label = "Equal"];
n10[label = "FarthestInsertion"];
n1 -> n10;
n11[label = "FarthestFirstNode"];
n1 -> n11;
n -> n1;
n2[label = "FarthestFirstNode"];
n -> n2;
}


Generation: 3
Best Individual:
Subpopulation 0:
Evaluated: true
Fitness: Standardized=0.28440526 Adjusted=0.7785705 Hits=0
Tree 0:
digraph g {
node [shape=rectangle];
n[label = "If_Then_Else"];
n0[label = "If_Then_Else"];
n00[label = "If_Then_Else"];
n000[label = "CplexTerminal"];
n00 -> n000;
n001[label = "NearestFirstNode"];
n00 -> n001;
n002[label = "NearestInsertion"];
n00 -> n002;
n0 -> n00;
n01[label = "Equal"];
n010[label = "FarthestInsertion"];
n01 -> n010;
n011[label = "FarthestFirstNode"];
n01 -> n011;
n0 -> n01;
n02[label = "FarthestFirstNode"];
n0 -> n02;
n -> n0;
n1[label = "Equal"];
n10[label = "FarthestInsertion"];
n1 -> n10;
n11[label = "FarthestFirstNode"];
n1 -> n11;
n -> n1;
n2[label = "FarthestFirstNode"];
n -> n2;
}


Generation: 4
Best Individual:
Subpopulation 0:
Evaluated: true
Fitness: Standardized=0.28440526 Adjusted=0.7785705 Hits=0
Tree 0:
digraph g {
node [shape=rectangle];
n[label = "If_Then_Else"];
n0[label = "If_Then_Else"];
n00[label = "Or"];
n000[label = "NearestInsertion"];
n00 -> n000;
n001[label = "CplexTerminal"];
n00 -> n001;
n0 -> n00;
n01[label = "Equal"];
n010[label = "FarthestInsertion"];
n01 -> n010;
n011[label = "FarthestFirstNode"];
n01 -> n011;
n0 -> n01;
n02[label = "FarthestFirstNode"];
n0 -> n02;
n -> n0;
n1[label = "Equal"];
n10[label = "FarthestInsertion"];
n1 -> n10;
n11[label = "FarthestFirstNode"];
n1 -> n11;
n -> n1;
n2[label = "FarthestFirstNode"];
n -> n2;
}


Generation: 5
Best Individual:
Subpopulation 0:
Evaluated: true
Fitness: Standardized=0.28440526 Adjusted=0.7785705 Hits=0
Tree 0:
digraph g {
node [shape=rectangle];
n[label = "If_Then_Else"];
n0[label = "If_Then_Else"];
n00[label = "If_Then_Else"];
n000[label = "CplexTerminal"];
n00 -> n000;
n001[label = "NearestFirstNode"];
n00 -> n001;
n002[label = "NearestInsertion"];
n00 -> n002;
n0 -> n00;
n01[label = "Equal"];
n010[label = "FarthestInsertion"];
n01 -> n010;
n011[label = "FarthestFirstNode"];
n01 -> n011;
n0 -> n01;
n02[label = "FarthestFirstNode"];
n0 -> n02;
n -> n0;
n1[label = "Equal"];
n10[label = "FarthestInsertion"];
n1 -> n10;
n11[label = "FarthestFirstNode"];
n1 -> n11;
n -> n1;
n2[label = "FarthestFirstNode"];
n -> n2;
}


Generation: 6
Best Individual:
Subpopulation 0:
Evaluated: true
Fitness: Standardized=0.28440526 Adjusted=0.7785705 Hits=0
Tree 0:
digraph g {
node [shape=rectangle];
n[label = "If_Then_Else"];
n0[label = "If_Then_Else"];
n00[label = "If_Then_Else"];
n000[label = "CplexTerminal"];
n00 -> n000;
n001[label = "NearestFirstNode"];
n00 -> n001;
n002[label = "NearestInsertion"];
n00 -> n002;
n0 -> n00;
n01[label = "Equal"];
n010[label = "FarthestInsertion"];
n01 -> n010;
n011[label = "FarthestFirstNode"];
n01 -> n011;
n0 -> n01;
n02[label = "FarthestFirstNode"];
n0 -> n02;
n -> n0;
n1[label = "Equal"];
n10[label = "FarthestInsertion"];
n1 -> n10;
n11[label = "FarthestFirstNode"];
n1 -> n11;
n -> n1;
n2[label = "FarthestFirstNode"];
n -> n2;
}


Generation: 7
Best Individual:
Subpopulation 0:
Evaluated: true
Fitness: Standardized=0.28440526 Adjusted=0.7785705 Hits=0
Tree 0:
digraph g {
node [shape=rectangle];
n[label = "If_Then_Else"];
n0[label = "If_Then_Else"];
n00[label = "If_Then_Else"];
n000[label = "CplexTerminal"];
n00 -> n000;
n001[label = "NearestFirstNode"];
n00 -> n001;
n002[label = "NearestInsertion"];
n00 -> n002;
n0 -> n00;
n01[label = "Equal"];
n010[label = "FarthestInsertion"];
n01 -> n010;
n011[label = "FarthestFirstNode"];
n01 -> n011;
n0 -> n01;
n02[label = "CplexTerminal"];
n0 -> n02;
n -> n0;
n1[label = "Equal"];
n10[label = "FarthestInsertion"];
n1 -> n10;
n11[label = "FarthestFirstNode"];
n1 -> n11;
n -> n1;
n2[label = "FarthestFirstNode"];
n -> n2;
}


Generation: 8
Best Individual:
Subpopulation 0:
Evaluated: true
Fitness: Standardized=0.28440526 Adjusted=0.7785705 Hits=0
Tree 0:
digraph g {
node [shape=rectangle];
n[label = "If_Then_Else"];
n0[label = "If_Then_Else"];
n00[label = "If_Then_Else"];
n000[label = "CplexTerminal"];
n00 -> n000;
n001[label = "NearestFirstNode"];
n00 -> n001;
n002[label = "NearestInsertion"];
n00 -> n002;
n0 -> n00;
n01[label = "Equal"];
n010[label = "FarthestInsertion"];
n01 -> n010;
n011[label = "FarthestFirstNode"];
n01 -> n011;
n0 -> n01;
n02[label = "FarthestFirstNode"];
n0 -> n02;
n -> n0;
n1[label = "Equal"];
n10[label = "FarthestInsertion"];
n1 -> n10;
n11[label = "FarthestFirstNode"];
n1 -> n11;
n -> n1;
n2[label = "If_Then_Else"];
n20[label = "CplexTerminal"];
n2 -> n20;
n21[label = "NearestFirstNode"];
n2 -> n21;
n22[label = "NearestInsertion"];
n2 -> n22;
n -> n2;
}


Generation: 9
Best Individual:
Subpopulation 0:
Evaluated: true
Fitness: Standardized=0.28440526 Adjusted=0.7785705 Hits=0
Tree 0:
digraph g {
node [shape=rectangle];
n[label = "If_Then_Else"];
n0[label = "If_Then_Else"];
n00[label = "If_Then_Else"];
n000[label = "CplexTerminal"];
n00 -> n000;
n001[label = "NearestFirstNode"];
n00 -> n001;
n002[label = "If_Then_Else"];
n0020[label = "CplexTerminal"];
n002 -> n0020;
n0021[label = "NearestFirstNode"];
n002 -> n0021;
n0022[label = "NearestInsertion"];
n002 -> n0022;
n00 -> n002;
n0 -> n00;
n01[label = "Equal"];
n010[label = "FarthestInsertion"];
n01 -> n010;
n011[label = "FarthestFirstNode"];
n01 -> n011;
n0 -> n01;
n02[label = "FarthestFirstNode"];
n0 -> n02;
n -> n0;
n1[label = "Equal"];
n10[label = "FarthestInsertion"];
n1 -> n10;
n11[label = "FarthestFirstNode"];
n1 -> n11;
n -> n1;
n2[label = "FarthestFirstNode"];
n -> n2;
}


Generation: 10
Best Individual:
Subpopulation 0:
Evaluated: true
Fitness: Standardized=0.28440526 Adjusted=0.7785705 Hits=0
Tree 0:
digraph g {
node [shape=rectangle];
n[label = "If_Then_Else"];
n0[label = "If_Then_Else"];
n00[label = "If_Then_Else"];
n000[label = "CplexTerminal"];
n00 -> n000;
n001[label = "Equal"];
n0010[label = "FarthestInsertion"];
n001 -> n0010;
n0011[label = "FarthestFirstNode"];
n001 -> n0011;
n00 -> n001;
n002[label = "If_Then_Else"];
n0020[label = "CplexTerminal"];
n002 -> n0020;
n0021[label = "NearestFirstNode"];
n002 -> n0021;
n0022[label = "NearestInsertion"];
n002 -> n0022;
n00 -> n002;
n0 -> n00;
n01[label = "Equal"];
n010[label = "FarthestInsertion"];
n01 -> n010;
n011[label = "FarthestFirstNode"];
n01 -> n011;
n0 -> n01;
n02[label = "FarthestFirstNode"];
n0 -> n02;
n -> n0;
n1[label = "Equal"];
n10[label = "FarthestInsertion"];
n1 -> n10;
n11[label = "FarthestFirstNode"];
n1 -> n11;
n -> n1;
n2[label = "FarthestFirstNode"];
n -> n2;
}


Generation: 11
Best Individual:
Subpopulation 0:
Evaluated: true
Fitness: Standardized=0.28440526 Adjusted=0.7785705 Hits=0
Tree 0:
digraph g {
node [shape=rectangle];
n[label = "If_Then_Else"];
n0[label = "If_Then_Else"];
n00[label = "NearestFirstNode"];
n0 -> n00;
n01[label = "Equal"];
n010[label = "FarthestInsertion"];
n01 -> n010;
n011[label = "FarthestFirstNode"];
n01 -> n011;
n0 -> n01;
n02[label = "FarthestFirstNode"];
n0 -> n02;
n -> n0;
n1[label = "Equal"];
n10[label = "FarthestInsertion"];
n1 -> n10;
n11[label = "FarthestFirstNode"];
n1 -> n11;
n -> n1;
n2[label = "If_Then_Else"];
n20[label = "CplexTerminal"];
n2 -> n20;
n21[label = "NearestFirstNode"];
n2 -> n21;
n22[label = "NearestInsertion"];
n2 -> n22;
n -> n2;
}


Generation: 12
Best Individual:
Subpopulation 0:
Evaluated: true
Fitness: Standardized=0.28440526 Adjusted=0.7785705 Hits=0
Tree 0:
digraph g {
node [shape=rectangle];
n[label = "If_Then_Else"];
n0[label = "If_Then_Else"];
n00[label = "If_Then_Else"];
n000[label = "CplexTerminal"];
n00 -> n000;
n001[label = "Equal"];
n0010[label = "FarthestInsertion"];
n001 -> n0010;
n0011[label = "FarthestFirstNode"];
n001 -> n0011;
n00 -> n001;
n002[label = "If_Then_Else"];
n0020[label = "CplexTerminal"];
n002 -> n0020;
n0021[label = "NearestFirstNode"];
n002 -> n0021;
n0022[label = "NearestInsertion"];
n002 -> n0022;
n00 -> n002;
n0 -> n00;
n01[label = "Equal"];
n010[label = "FarthestInsertion"];
n01 -> n010;
n011[label = "FarthestFirstNode"];
n01 -> n011;
n0 -> n01;
n02[label = "FarthestFirstNode"];
n0 -> n02;
n -> n0;
n1[label = "Equal"];
n10[label = "FarthestInsertion"];
n1 -> n10;
n11[label = "FarthestFirstNode"];
n1 -> n11;
n -> n1;
n2[label = "FarthestFirstNode"];
n -> n2;
}


Generation: 13
Best Individual:
Subpopulation 0:
Evaluated: true
Fitness: Standardized=0.28440526 Adjusted=0.7785705 Hits=0
Tree 0:
digraph g {
node [shape=rectangle];
n[label = "If_Then_Else"];
n0[label = "If_Then_Else"];
n00[label = "If_Then_Else"];
n000[label = "CplexTerminal"];
n00 -> n000;
n001[label = "NearestFirstNode"];
n00 -> n001;
n002[label = "NearestInsertion"];
n00 -> n002;
n0 -> n00;
n01[label = "Equal"];
n010[label = "FarthestInsertion"];
n01 -> n010;
n011[label = "FarthestFirstNode"];
n01 -> n011;
n0 -> n01;
n02[label = "FarthestFirstNode"];
n0 -> n02;
n -> n0;
n1[label = "Equal"];
n10[label = "FarthestInsertion"];
n1 -> n10;
n11[label = "FarthestFirstNode"];
n1 -> n11;
n -> n1;
n2[label = "FarthestFirstNode"];
n -> n2;
}


Generation: 14
Best Individual:
Subpopulation 0:
Evaluated: true
Fitness: Standardized=0.28440526 Adjusted=0.7785705 Hits=0
Tree 0:
digraph g {
node [shape=rectangle];
n[label = "If_Then_Else"];
n0[label = "If_Then_Else"];
n00[label = "If_Then_Else"];
n000[label = "CplexTerminal"];
n00 -> n000;
n001[label = "Equal"];
n0010[label = "FarthestInsertion"];
n001 -> n0010;
n0011[label = "FarthestFirstNode"];
n001 -> n0011;
n00 -> n001;
n002[label = "If_Then_Else"];
n0020[label = "CplexTerminal"];
n002 -> n0020;
n0021[label = "NearestFirstNode"];
n002 -> n0021;
n0022[label = "NearestInsertion"];
n002 -> n0022;
n00 -> n002;
n0 -> n00;
n01[label = "Equal"];
n010[label = "FarthestInsertion"];
n01 -> n010;
n011[label = "FarthestFirstNode"];
n01 -> n011;
n0 -> n01;
n02[label = "FarthestFirstNode"];
n0 -> n02;
n -> n0;
n1[label = "Equal"];
n10[label = "FarthestInsertion"];
n1 -> n10;
n11[label = "FarthestFirstNode"];
n1 -> n11;
n -> n1;
n2[label = "FarthestFirstNode"];
n -> n2;
}


Generation: 15
Best Individual:
Subpopulation 0:
Evaluated: true
Fitness: Standardized=0.28440526 Adjusted=0.7785705 Hits=0
Tree 0:
digraph g {
node [shape=rectangle];
n[label = "If_Then_Else"];
n0[label = "If_Then_Else"];
n00[label = "If_Then_Else"];
n000[label = "CplexTerminal"];
n00 -> n000;
n001[label = "NearestFirstNode"];
n00 -> n001;
n002[label = "NearestInsertion"];
n00 -> n002;
n0 -> n00;
n01[label = "Equal"];
n010[label = "FarthestInsertion"];
n01 -> n010;
n011[label = "FarthestFirstNode"];
n01 -> n011;
n0 -> n01;
n02[label = "If_Then_Else"];
n020[label = "If_Then_Else"];
n0200[label = "CplexTerminal"];
n020 -> n0200;
n0201[label = "NearestFirstNode"];
n020 -> n0201;
n0202[label = "NearestInsertion"];
n020 -> n0202;
n02 -> n020;
n021[label = "Equal"];
n0210[label = "FarthestInsertion"];
n021 -> n0210;
n0211[label = "FarthestFirstNode"];
n021 -> n0211;
n02 -> n021;
n022[label = "FarthestFirstNode"];
n02 -> n022;
n0 -> n02;
n -> n0;
n1[label = "Equal"];
n10[label = "FarthestInsertion"];
n1 -> n10;
n11[label = "FarthestFirstNode"];
n1 -> n11;
n -> n1;
n2[label = "FarthestFirstNode"];
n -> n2;
}


Generation: 16
Best Individual:
Subpopulation 0:
Evaluated: true
Fitness: Standardized=0.28440526 Adjusted=0.7785705 Hits=0
Tree 0:
digraph g {
node [shape=rectangle];
n[label = "If_Then_Else"];
n0[label = "If_Then_Else"];
n00[label = "If_Then_Else"];
n000[label = "CplexTerminal"];
n00 -> n000;
n001[label = "NearestFirstNode"];
n00 -> n001;
n002[label = "NearestInsertion"];
n00 -> n002;
n0 -> n00;
n01[label = "Equal"];
n010[label = "FarthestInsertion"];
n01 -> n010;
n011[label = "FarthestFirstNode"];
n01 -> n011;
n0 -> n01;
n02[label = "If_Then_Else"];
n020[label = "CplexTerminal"];
n02 -> n020;
n021[label = "NearestFirstNode"];
n02 -> n021;
n022[label = "NearestInsertion"];
n02 -> n022;
n0 -> n02;
n -> n0;
n1[label = "Equal"];
n10[label = "FarthestInsertion"];
n1 -> n10;
n11[label = "FarthestFirstNode"];
n1 -> n11;
n -> n1;
n2[label = "FarthestFirstNode"];
n -> n2;
}


Generation: 17
Best Individual:
Subpopulation 0:
Evaluated: true
Fitness: Standardized=0.28440526 Adjusted=0.7785705 Hits=0
Tree 0:
digraph g {
node [shape=rectangle];
n[label = "If_Then_Else"];
n0[label = "If_Then_Else"];
n00[label = "If_Then_Else"];
n000[label = "CplexTerminal"];
n00 -> n000;
n001[label = "NearestFirstNode"];
n00 -> n001;
n002[label = "NearestInsertion"];
n00 -> n002;
n0 -> n00;
n01[label = "Equal"];
n010[label = "FarthestInsertion"];
n01 -> n010;
n011[label = "FarthestFirstNode"];
n01 -> n011;
n0 -> n01;
n02[label = "If_Then_Else"];
n020[label = "If_Then_Else"];
n0200[label = "CplexTerminal"];
n020 -> n0200;
n0201[label = "NearestFirstNode"];
n020 -> n0201;
n0202[label = "NearestInsertion"];
n020 -> n0202;
n02 -> n020;
n021[label = "Equal"];
n0210[label = "FarthestInsertion"];
n021 -> n0210;
n0211[label = "FarthestFirstNode"];
n021 -> n0211;
n02 -> n021;
n022[label = "FarthestFirstNode"];
n02 -> n022;
n0 -> n02;
n -> n0;
n1[label = "Equal"];
n10[label = "FarthestInsertion"];
n1 -> n10;
n11[label = "FarthestFirstNode"];
n1 -> n11;
n -> n1;
n2[label = "FarthestFirstNode"];
n -> n2;
}


Generation: 18
Best Individual:
Subpopulation 0:
Evaluated: true
Fitness: Standardized=0.28440526 Adjusted=0.7785705 Hits=0
Tree 0:
digraph g {
node [shape=rectangle];
n[label = "If_Then_Else"];
n0[label = "If_Then_Else"];
n00[label = "If_Then_Else"];
n000[label = "CplexTerminal"];
n00 -> n000;
n001[label = "NearestFirstNode"];
n00 -> n001;
n002[label = "NearestInsertion"];
n00 -> n002;
n0 -> n00;
n01[label = "Equal"];
n010[label = "FarthestInsertion"];
n01 -> n010;
n011[label = "FarthestFirstNode"];
n01 -> n011;
n0 -> n01;
n02[label = "If_Then_Else"];
n020[label = "If_Then_Else"];
n0200[label = "CplexTerminal"];
n020 -> n0200;
n0201[label = "NearestFirstNode"];
n020 -> n0201;
n0202[label = "NearestInsertion"];
n020 -> n0202;
n02 -> n020;
n021[label = "If_Then_Else"];
n0210[label = "CplexTerminal"];
n021 -> n0210;
n0211[label = "NearestFirstNode"];
n021 -> n0211;
n0212[label = "NearestInsertion"];
n021 -> n0212;
n02 -> n021;
n022[label = "FarthestFirstNode"];
n02 -> n022;
n0 -> n02;
n -> n0;
n1[label = "Equal"];
n10[label = "FarthestInsertion"];
n1 -> n10;
n11[label = "FarthestFirstNode"];
n1 -> n11;
n -> n1;
n2[label = "FarthestFirstNode"];
n -> n2;
}


Generation: 19
Best Individual:
Subpopulation 0:
Evaluated: true
Fitness: Standardized=0.28440526 Adjusted=0.7785705 Hits=0
Tree 0:
digraph g {
node [shape=rectangle];
n[label = "If_Then_Else"];
n0[label = "If_Then_Else"];
n00[label = "If_Then_Else"];
n000[label = "CplexTerminal"];
n00 -> n000;
n001[label = "NearestFirstNode"];
n00 -> n001;
n002[label = "NearestInsertion"];
n00 -> n002;
n0 -> n00;
n01[label = "Equal"];
n010[label = "FarthestInsertion"];
n01 -> n010;
n011[label = "FarthestFirstNode"];
n01 -> n011;
n0 -> n01;
n02[label = "If_Then_Else"];
n020[label = "If_Then_Else"];
n0200[label = "CplexTerminal"];
n020 -> n0200;
n0201[label = "NearestFirstNode"];
n020 -> n0201;
n0202[label = "NearestInsertion"];
n020 -> n0202;
n02 -> n020;
n021[label = "Equal"];
n0210[label = "FarthestInsertion"];
n021 -> n0210;
n0211[label = "FarthestFirstNode"];
n021 -> n0211;
n02 -> n021;
n022[label = "FarthestFirstNode"];
n02 -> n022;
n0 -> n02;
n -> n0;
n1[label = "Equal"];
n10[label = "FarthestInsertion"];
n1 -> n10;
n11[label = "FarthestFirstNode"];
n1 -> n11;
n -> n1;
n2[label = "FarthestFirstNode"];
n -> n2;
}


Generation: 20
Best Individual:
Subpopulation 0:
Evaluated: true
Fitness: Standardized=0.28440526 Adjusted=0.7785705 Hits=0
Tree 0:
digraph g {
node [shape=rectangle];
n[label = "If_Then_Else"];
n0[label = "If_Then_Else"];
n00[label = "NearestInsertion"];
n0 -> n00;
n01[label = "Equal"];
n010[label = "FarthestInsertion"];
n01 -> n010;
n011[label = "FarthestFirstNode"];
n01 -> n011;
n0 -> n01;
n02[label = "If_Then_Else"];
n020[label = "If_Then_Else"];
n0200[label = "CplexTerminal"];
n020 -> n0200;
n0201[label = "NearestFirstNode"];
n020 -> n0201;
n0202[label = "NearestInsertion"];
n020 -> n0202;
n02 -> n020;
n021[label = "FarthestFirstNode"];
n02 -> n021;
n022[label = "FarthestFirstNode"];
n02 -> n022;
n0 -> n02;
n -> n0;
n1[label = "Equal"];
n10[label = "FarthestInsertion"];
n1 -> n10;
n11[label = "FarthestFirstNode"];
n1 -> n11;
n -> n1;
n2[label = "FarthestFirstNode"];
n -> n2;
}


Generation: 21
Best Individual:
Subpopulation 0:
Evaluated: true
Fitness: Standardized=0.28440526 Adjusted=0.7785705 Hits=0
Tree 0:
digraph g {
node [shape=rectangle];
n[label = "If_Then_Else"];
n0[label = "If_Then_Else"];
n00[label = "If_Then_Else"];
n000[label = "CplexTerminal"];
n00 -> n000;
n001[label = "NearestFirstNode"];
n00 -> n001;
n002[label = "NearestInsertion"];
n00 -> n002;
n0 -> n00;
n01[label = "Equal"];
n010[label = "FarthestInsertion"];
n01 -> n010;
n011[label = "FarthestFirstNode"];
n01 -> n011;
n0 -> n01;
n02[label = "FarthestInsertion"];
n0 -> n02;
n -> n0;
n1[label = "Equal"];
n10[label = "FarthestInsertion"];
n1 -> n10;
n11[label = "FarthestFirstNode"];
n1 -> n11;
n -> n1;
n2[label = "If_Then_Else"];
n20[label = "BestMove"];
n2 -> n20;
n21[label = "NearestFirstNode"];
n2 -> n21;
n22[label = "NearestInsertion"];
n2 -> n22;
n -> n2;
}


Generation: 22
Best Individual:
Subpopulation 0:
Evaluated: true
Fitness: Standardized=0.28440526 Adjusted=0.7785705 Hits=0
Tree 0:
digraph g {
node [shape=rectangle];
n[label = "If_Then_Else"];
n0[label = "If_Then_Else"];
n00[label = "If_Then_Else"];
n000[label = "CplexTerminal"];
n00 -> n000;
n001[label = "NearestFirstNode"];
n00 -> n001;
n002[label = "NearestInsertion"];
n00 -> n002;
n0 -> n00;
n01[label = "Equal"];
n010[label = "FarthestInsertion"];
n01 -> n010;
n011[label = "FarthestFirstNode"];
n01 -> n011;
n0 -> n01;
n02[label = "Equal"];
n020[label = "FarthestInsertion"];
n02 -> n020;
n021[label = "Equal"];
n0210[label = "FarthestInsertion"];
n021 -> n0210;
n0211[label = "FarthestFirstNode"];
n021 -> n0211;
n02 -> n021;
n0 -> n02;
n -> n0;
n1[label = "Equal"];
n10[label = "FarthestInsertion"];
n1 -> n10;
n11[label = "FarthestFirstNode"];
n1 -> n11;
n -> n1;
n2[label = "FarthestFirstNode"];
n -> n2;
}


Generation: 23
Best Individual:
Subpopulation 0:
Evaluated: true
Fitness: Standardized=0.28440526 Adjusted=0.7785705 Hits=0
Tree 0:
digraph g {
node [shape=rectangle];
n[label = "If_Then_Else"];
n0[label = "If_Then_Else"];
n00[label = "If_Then_Else"];
n000[label = "CplexTerminal"];
n00 -> n000;
n001[label = "NearestFirstNode"];
n00 -> n001;
n002[label = "NearestInsertion"];
n00 -> n002;
n0 -> n00;
n01[label = "Equal"];
n010[label = "FarthestInsertion"];
n01 -> n010;
n011[label = "FarthestFirstNode"];
n01 -> n011;
n0 -> n01;
n02[label = "FarthestInsertion"];
n0 -> n02;
n -> n0;
n1[label = "Equal"];
n10[label = "FarthestInsertion"];
n1 -> n10;
n11[label = "FarthestFirstNode"];
n1 -> n11;
n -> n1;
n2[label = "If_Then_Else"];
n20[label = "BestMove"];
n2 -> n20;
n21[label = "NearestFirstNode"];
n2 -> n21;
n22[label = "NearestInsertion"];
n2 -> n22;
n -> n2;
}


Generation: 24
Best Individual:
Subpopulation 0:
Evaluated: true
Fitness: Standardized=0.28440526 Adjusted=0.7785705 Hits=0
Tree 0:
digraph g {
node [shape=rectangle];
n[label = "If_Then_Else"];
n0[label = "If_Then_Else"];
n00[label = "If_Then_Else"];
n000[label = "CplexTerminal"];
n00 -> n000;
n001[label = "NearestFirstNode"];
n00 -> n001;
n002[label = "NearestInsertion"];
n00 -> n002;
n0 -> n00;
n01[label = "Equal"];
n010[label = "FarthestInsertion"];
n01 -> n010;
n011[label = "FarthestFirstNode"];
n01 -> n011;
n0 -> n01;
n02[label = "FarthestInsertion"];
n0 -> n02;
n -> n0;
n1[label = "Equal"];
n10[label = "FarthestInsertion"];
n1 -> n10;
n11[label = "FarthestFirstNode"];
n1 -> n11;
n -> n1;
n2[label = "Equal"];
n20[label = "FarthestInsertion"];
n2 -> n20;
n21[label = "FarthestFirstNode"];
n2 -> n21;
n -> n2;
}


Generation: 25
Best Individual:
Subpopulation 0:
Evaluated: true
Fitness: Standardized=0.28440526 Adjusted=0.7785705 Hits=0
Tree 0:
digraph g {
node [shape=rectangle];
n[label = "If_Then_Else"];
n0[label = "If_Then_Else"];
n00[label = "If_Then_Else"];
n000[label = "CplexTerminal"];
n00 -> n000;
n001[label = "NearestFirstNode"];
n00 -> n001;
n002[label = "NearestInsertion"];
n00 -> n002;
n0 -> n00;
n01[label = "Equal"];
n010[label = "FarthestInsertion"];
n01 -> n010;
n011[label = "FarthestFirstNode"];
n01 -> n011;
n0 -> n01;
n02[label = "FarthestInsertion"];
n0 -> n02;
n -> n0;
n1[label = "Equal"];
n10[label = "FarthestInsertion"];
n1 -> n10;
n11[label = "FarthestFirstNode"];
n1 -> n11;
n -> n1;
n2[label = "If_Then_Else"];
n20[label = "BestMove"];
n2 -> n20;
n21[label = "NearestFirstNode"];
n2 -> n21;
n22[label = "NearestInsertion"];
n2 -> n22;
n -> n2;
}


Generation: 26
Best Individual:
Subpopulation 0:
Evaluated: true
Fitness: Standardized=0.28440526 Adjusted=0.7785705 Hits=0
Tree 0:
digraph g {
node [shape=rectangle];
n[label = "If_Then_Else"];
n0[label = "If_Then_Else"];
n00[label = "If_Then_Else"];
n000[label = "CplexTerminal"];
n00 -> n000;
n001[label = "NearestFirstNode"];
n00 -> n001;
n002[label = "NearestInsertion"];
n00 -> n002;
n0 -> n00;
n01[label = "Equal"];
n010[label = "FarthestInsertion"];
n01 -> n010;
n011[label = "FarthestFirstNode"];
n01 -> n011;
n0 -> n01;
n02[label = "Equal"];
n020[label = "FarthestInsertion"];
n02 -> n020;
n021[label = "FarthestFirstNode"];
n02 -> n021;
n0 -> n02;
n -> n0;
n1[label = "Equal"];
n10[label = "FarthestInsertion"];
n1 -> n10;
n11[label = "FarthestFirstNode"];
n1 -> n11;
n -> n1;
n2[label = "FarthestFirstNode"];
n -> n2;
}


Generation: 27
Best Individual:
Subpopulation 0:
Evaluated: true
Fitness: Standardized=0.28440526 Adjusted=0.7785705 Hits=0
Tree 0:
digraph g {
node [shape=rectangle];
n[label = "If_Then_Else"];
n0[label = "If_Then_Else"];
n00[label = "If_Then_Else"];
n000[label = "BestMove"];
n00 -> n000;
n001[label = "NearestFirstNode"];
n00 -> n001;
n002[label = "NearestInsertion"];
n00 -> n002;
n0 -> n00;
n01[label = "Equal"];
n010[label = "FarthestInsertion"];
n01 -> n010;
n011[label = "FarthestFirstNode"];
n01 -> n011;
n0 -> n01;
n02[label = "Equal"];
n020[label = "FarthestInsertion"];
n02 -> n020;
n021[label = "FarthestFirstNode"];
n02 -> n021;
n0 -> n02;
n -> n0;
n1[label = "Equal"];
n10[label = "FarthestInsertion"];
n1 -> n10;
n11[label = "FarthestFirstNode"];
n1 -> n11;
n -> n1;
n2[label = "FarthestFirstNode"];
n -> n2;
}


Generation: 28
Best Individual:
Subpopulation 0:
Evaluated: true
Fitness: Standardized=0.28440526 Adjusted=0.7785705 Hits=0
Tree 0:
digraph g {
node [shape=rectangle];
n[label = "If_Then_Else"];
n0[label = "If_Then_Else"];
n00[label = "If_Then_Else"];
n000[label = "BestMove"];
n00 -> n000;
n001[label = "NearestFirstNode"];
n00 -> n001;
n002[label = "NearestInsertion"];
n00 -> n002;
n0 -> n00;
n01[label = "Equal"];
n010[label = "FarthestInsertion"];
n01 -> n010;
n011[label = "FarthestFirstNode"];
n01 -> n011;
n0 -> n01;
n02[label = "Equal"];
n020[label = "FarthestInsertion"];
n02 -> n020;
n021[label = "FarthestFirstNode"];
n02 -> n021;
n0 -> n02;
n -> n0;
n1[label = "Equal"];
n10[label = "FarthestInsertion"];
n1 -> n10;
n11[label = "FarthestFirstNode"];
n1 -> n11;
n -> n1;
n2[label = "FarthestFirstNode"];
n -> n2;
}


Generation: 29
Best Individual:
Subpopulation 0:
Evaluated: true
Fitness: Standardized=0.28440526 Adjusted=0.7785705 Hits=0
Tree 0:
digraph g {
node [shape=rectangle];
n[label = "If_Then_Else"];
n0[label = "If_Then_Else"];
n00[label = "If_Then_Else"];
n000[label = "CplexTerminal"];
n00 -> n000;
n001[label = "NearestFirstNode"];
n00 -> n001;
n002[label = "NearestInsertion"];
n00 -> n002;
n0 -> n00;
n01[label = "Equal"];
n010[label = "FarthestInsertion"];
n01 -> n010;
n011[label = "FarthestFirstNode"];
n01 -> n011;
n0 -> n01;
n02[label = "FarthestInsertion"];
n0 -> n02;
n -> n0;
n1[label = "Equal"];
n10[label = "FarthestInsertion"];
n1 -> n10;
n11[label = "FarthestFirstNode"];
n1 -> n11;
n -> n1;
n2[label = "Equal"];
n20[label = "FarthestInsertion"];
n2 -> n20;
n21[label = "FarthestFirstNode"];
n2 -> n21;
n -> n2;
}


Generation: 30
Best Individual:
Subpopulation 0:
Evaluated: true
Fitness: Standardized=0.28440526 Adjusted=0.7785705 Hits=0
Tree 0:
digraph g {
node [shape=rectangle];
n[label = "If_Then_Else"];
n0[label = "If_Then_Else"];
n00[label = "If_Then_Else"];
n000[label = "CplexTerminal"];
n00 -> n000;
n001[label = "Equal"];
n0010[label = "FarthestInsertion"];
n001 -> n0010;
n0011[label = "FarthestFirstNode"];
n001 -> n0011;
n00 -> n001;
n002[label = "NearestInsertion"];
n00 -> n002;
n0 -> n00;
n01[label = "Equal"];
n010[label = "FarthestInsertion"];
n01 -> n010;
n011[label = "FarthestFirstNode"];
n01 -> n011;
n0 -> n01;
n02[label = "Equal"];
n020[label = "FarthestInsertion"];
n02 -> n020;
n021[label = "FarthestFirstNode"];
n02 -> n021;
n0 -> n02;
n -> n0;
n1[label = "Equal"];
n10[label = "FarthestInsertion"];
n1 -> n10;
n11[label = "FarthestFirstNode"];
n1 -> n11;
n -> n1;
n2[label = "Equal"];
n20[label = "FarthestInsertion"];
n2 -> n20;
n21[label = "FarthestFirstNode"];
n2 -> n21;
n -> n2;
}


Generation: 31
Best Individual:
Subpopulation 0:
Evaluated: true
Fitness: Standardized=0.28440526 Adjusted=0.7785705 Hits=0
Tree 0:
digraph g {
node [shape=rectangle];
n[label = "If_Then_Else"];
n0[label = "If_Then_Else"];
n00[label = "If_Then_Else"];
n000[label = "CplexTerminal"];
n00 -> n000;
n001[label = "Equal"];
n0010[label = "FarthestInsertion"];
n001 -> n0010;
n0011[label = "FarthestFirstNode"];
n001 -> n0011;
n00 -> n001;
n002[label = "NearestInsertion"];
n00 -> n002;
n0 -> n00;
n01[label = "Equal"];
n010[label = "FarthestInsertion"];
n01 -> n010;
n011[label = "FarthestFirstNode"];
n01 -> n011;
n0 -> n01;
n02[label = "Equal"];
n020[label = "FarthestInsertion"];
n02 -> n020;
n021[label = "FarthestFirstNode"];
n02 -> n021;
n0 -> n02;
n -> n0;
n1[label = "Equal"];
n10[label = "FarthestInsertion"];
n1 -> n10;
n11[label = "FarthestFirstNode"];
n1 -> n11;
n -> n1;
n2[label = "FarthestFirstNode"];
n -> n2;
}


Generation: 32
Best Individual:
Subpopulation 0:
Evaluated: true
Fitness: Standardized=0.28440526 Adjusted=0.7785705 Hits=0
Tree 0:
digraph g {
node [shape=rectangle];
n[label = "If_Then_Else"];
n0[label = "If_Then_Else"];
n00[label = "If_Then_Else"];
n000[label = "CplexTerminal"];
n00 -> n000;
n001[label = "Equal"];
n0010[label = "FarthestInsertion"];
n001 -> n0010;
n0011[label = "FarthestFirstNode"];
n001 -> n0011;
n00 -> n001;
n002[label = "NearestInsertion"];
n00 -> n002;
n0 -> n00;
n01[label = "Equal"];
n010[label = "FarthestInsertion"];
n01 -> n010;
n011[label = "FarthestFirstNode"];
n01 -> n011;
n0 -> n01;
n02[label = "Equal"];
n020[label = "FarthestInsertion"];
n02 -> n020;
n021[label = "FarthestFirstNode"];
n02 -> n021;
n0 -> n02;
n -> n0;
n1[label = "Equal"];
n10[label = "FarthestInsertion"];
n1 -> n10;
n11[label = "FarthestFirstNode"];
n1 -> n11;
n -> n1;
n2[label = "Equal"];
n20[label = "FarthestInsertion"];
n2 -> n20;
n21[label = "FarthestFirstNode"];
n2 -> n21;
n -> n2;
}


Generation: 33
Best Individual:
Subpopulation 0:
Evaluated: true
Fitness: Standardized=0.28440526 Adjusted=0.7785705 Hits=0
Tree 0:
digraph g {
node [shape=rectangle];
n[label = "If_Then_Else"];
n0[label = "If_Then_Else"];
n00[label = "If_Then_Else"];
n000[label = "CplexTerminal"];
n00 -> n000;
n001[label = "Equal"];
n0010[label = "FarthestInsertion"];
n001 -> n0010;
n0011[label = "FarthestFirstNode"];
n001 -> n0011;
n00 -> n001;
n002[label = "NearestInsertion"];
n00 -> n002;
n0 -> n00;
n01[label = "Equal"];
n010[label = "FarthestInsertion"];
n01 -> n010;
n011[label = "FarthestFirstNode"];
n01 -> n011;
n0 -> n01;
n02[label = "Equal"];
n020[label = "FarthestInsertion"];
n02 -> n020;
n021[label = "FarthestFirstNode"];
n02 -> n021;
n0 -> n02;
n -> n0;
n1[label = "Equal"];
n10[label = "FarthestInsertion"];
n1 -> n10;
n11[label = "FarthestFirstNode"];
n1 -> n11;
n -> n1;
n2[label = "Equal"];
n20[label = "Equal"];
n200[label = "FarthestInsertion"];
n20 -> n200;
n201[label = "FarthestFirstNode"];
n20 -> n201;
n2 -> n20;
n21[label = "FarthestFirstNode"];
n2 -> n21;
n -> n2;
}


Generation: 34
Best Individual:
Subpopulation 0:
Evaluated: true
Fitness: Standardized=0.28440526 Adjusted=0.7785705 Hits=0
Tree 0:
digraph g {
node [shape=rectangle];
n[label = "If_Then_Else"];
n0[label = "If_Then_Else"];
n00[label = "If_Then_Else"];
n000[label = "CplexTerminal"];
n00 -> n000;
n001[label = "Equal"];
n0010[label = "FarthestInsertion"];
n001 -> n0010;
n0011[label = "FarthestFirstNode"];
n001 -> n0011;
n00 -> n001;
n002[label = "NearestInsertion"];
n00 -> n002;
n0 -> n00;
n01[label = "Equal"];
n010[label = "FarthestInsertion"];
n01 -> n010;
n011[label = "FarthestFirstNode"];
n01 -> n011;
n0 -> n01;
n02[label = "Equal"];
n020[label = "FarthestInsertion"];
n02 -> n020;
n021[label = "FarthestFirstNode"];
n02 -> n021;
n0 -> n02;
n -> n0;
n1[label = "Equal"];
n10[label = "FarthestInsertion"];
n1 -> n10;
n11[label = "FarthestFirstNode"];
n1 -> n11;
n -> n1;
n2[label = "Equal"];
n20[label = "FarthestInsertion"];
n2 -> n20;
n21[label = "FarthestFirstNode"];
n2 -> n21;
n -> n2;
}


Generation: 35
Best Individual:
Subpopulation 0:
Evaluated: true
Fitness: Standardized=0.28440526 Adjusted=0.7785705 Hits=0
Tree 0:
digraph g {
node [shape=rectangle];
n[label = "If_Then_Else"];
n0[label = "If_Then_Else"];
n00[label = "If_Then_Else"];
n000[label = "CplexTerminal"];
n00 -> n000;
n001[label = "FarthestFirstNode"];
n00 -> n001;
n002[label = "NearestInsertion"];
n00 -> n002;
n0 -> n00;
n01[label = "Equal"];
n010[label = "FarthestInsertion"];
n01 -> n010;
n011[label = "FarthestFirstNode"];
n01 -> n011;
n0 -> n01;
n02[label = "Equal"];
n020[label = "FarthestInsertion"];
n02 -> n020;
n021[label = "FarthestFirstNode"];
n02 -> n021;
n0 -> n02;
n -> n0;
n1[label = "Equal"];
n10[label = "FarthestInsertion"];
n1 -> n10;
n11[label = "FarthestFirstNode"];
n1 -> n11;
n -> n1;
n2[label = "FarthestFirstNode"];
n -> n2;
}


Generation: 36
Best Individual:
Subpopulation 0:
Evaluated: true
Fitness: Standardized=0.28440526 Adjusted=0.7785705 Hits=0
Tree 0:
digraph g {
node [shape=rectangle];
n[label = "If_Then_Else"];
n0[label = "If_Then_Else"];
n00[label = "If_Then_Else"];
n000[label = "CplexTerminal"];
n00 -> n000;
n001[label = "Equal"];
n0010[label = "FarthestInsertion"];
n001 -> n0010;
n0011[label = "FarthestFirstNode"];
n001 -> n0011;
n00 -> n001;
n002[label = "NearestInsertion"];
n00 -> n002;
n0 -> n00;
n01[label = "Equal"];
n010[label = "FarthestInsertion"];
n01 -> n010;
n011[label = "FarthestFirstNode"];
n01 -> n011;
n0 -> n01;
n02[label = "Equal"];
n020[label = "FarthestInsertion"];
n02 -> n020;
n021[label = "FarthestFirstNode"];
n02 -> n021;
n0 -> n02;
n -> n0;
n1[label = "Equal"];
n10[label = "FarthestInsertion"];
n1 -> n10;
n11[label = "FarthestFirstNode"];
n1 -> n11;
n -> n1;
n2[label = "FarthestInsertion"];
n -> n2;
}


Generation: 37
Best Individual:
Subpopulation 0:
Evaluated: true
Fitness: Standardized=0.28440526 Adjusted=0.7785705 Hits=0
Tree 0:
digraph g {
node [shape=rectangle];
n[label = "If_Then_Else"];
n0[label = "If_Then_Else"];
n00[label = "If_Then_Else"];
n000[label = "CplexTerminal"];
n00 -> n000;
n001[label = "Or"];
n0010[label = "FarthestInsertion"];
n001 -> n0010;
n0011[label = "FarthestFirstNode"];
n001 -> n0011;
n00 -> n001;
n002[label = "NearestInsertion"];
n00 -> n002;
n0 -> n00;
n01[label = "Equal"];
n010[label = "FarthestInsertion"];
n01 -> n010;
n011[label = "FarthestFirstNode"];
n01 -> n011;
n0 -> n01;
n02[label = "Equal"];
n020[label = "FarthestInsertion"];
n02 -> n020;
n021[label = "FarthestFirstNode"];
n02 -> n021;
n0 -> n02;
n -> n0;
n1[label = "Equal"];
n10[label = "FarthestInsertion"];
n1 -> n10;
n11[label = "FarthestFirstNode"];
n1 -> n11;
n -> n1;
n2[label = "Equal"];
n20[label = "FarthestInsertion"];
n2 -> n20;
n21[label = "FarthestFirstNode"];
n2 -> n21;
n -> n2;
}


Generation: 38
Best Individual:
Subpopulation 0:
Evaluated: true
Fitness: Standardized=0.28440526 Adjusted=0.7785705 Hits=0
Tree 0:
digraph g {
node [shape=rectangle];
n[label = "If_Then_Else"];
n0[label = "If_Then_Else"];
n00[label = "NearestInsertion"];
n0 -> n00;
n01[label = "Equal"];
n010[label = "FarthestInsertion"];
n01 -> n010;
n011[label = "FarthestFirstNode"];
n01 -> n011;
n0 -> n01;
n02[label = "Equal"];
n020[label = "FarthestInsertion"];
n02 -> n020;
n021[label = "FarthestFirstNode"];
n02 -> n021;
n0 -> n02;
n -> n0;
n1[label = "Equal"];
n10[label = "FarthestInsertion"];
n1 -> n10;
n11[label = "FarthestFirstNode"];
n1 -> n11;
n -> n1;
n2[label = "FarthestFirstNode"];
n -> n2;
}


Generation: 39
Best Individual:
Subpopulation 0:
Evaluated: true
Fitness: Standardized=0.28440526 Adjusted=0.7785705 Hits=0
Tree 0:
digraph g {
node [shape=rectangle];
n[label = "If_Then_Else"];
n0[label = "If_Then_Else"];
n00[label = "If_Then_Else"];
n000[label = "CplexTerminal"];
n00 -> n000;
n001[label = "FarthestInsertion"];
n00 -> n001;
n002[label = "NearestInsertion"];
n00 -> n002;
n0 -> n00;
n01[label = "Equal"];
n010[label = "FarthestInsertion"];
n01 -> n010;
n011[label = "FarthestFirstNode"];
n01 -> n011;
n0 -> n01;
n02[label = "Equal"];
n020[label = "FarthestInsertion"];
n02 -> n020;
n021[label = "FarthestFirstNode"];
n02 -> n021;
n0 -> n02;
n -> n0;
n1[label = "Equal"];
n10[label = "FarthestInsertion"];
n1 -> n10;
n11[label = "FarthestFirstNode"];
n1 -> n11;
n -> n1;
n2[label = "FarthestFirstNode"];
n -> n2;
}


Generation: 40
Best Individual:
Subpopulation 0:
Evaluated: true
Fitness: Standardized=0.28440526 Adjusted=0.7785705 Hits=0
Tree 0:
digraph g {
node [shape=rectangle];
n[label = "If_Then_Else"];
n0[label = "If_Then_Else"];
n00[label = "NearestInsertion"];
n0 -> n00;
n01[label = "Equal"];
n010[label = "FarthestInsertion"];
n01 -> n010;
n011[label = "FarthestFirstNode"];
n01 -> n011;
n0 -> n01;
n02[label = "Equal"];
n020[label = "FarthestInsertion"];
n02 -> n020;
n021[label = "FarthestFirstNode"];
n02 -> n021;
n0 -> n02;
n -> n0;
n1[label = "Equal"];
n10[label = "FarthestInsertion"];
n1 -> n10;
n11[label = "FarthestFirstNode"];
n1 -> n11;
n -> n1;
n2[label = "FarthestFirstNode"];
n -> n2;
}


Generation: 41
Best Individual:
Subpopulation 0:
Evaluated: true
Fitness: Standardized=0.28440526 Adjusted=0.7785705 Hits=0
Tree 0:
digraph g {
node [shape=rectangle];
n[label = "If_Then_Else"];
n0[label = "If_Then_Else"];
n00[label = "If_Then_Else"];
n000[label = "CplexTerminal"];
n00 -> n000;
n001[label = "FarthestInsertion"];
n00 -> n001;
n002[label = "NearestInsertion"];
n00 -> n002;
n0 -> n00;
n01[label = "Equal"];
n010[label = "FarthestNeighbor"];
n01 -> n010;
n011[label = "FarthestNeighbor"];
n01 -> n011;
n0 -> n01;
n02[label = "Equal"];
n020[label = "FarthestInsertion"];
n02 -> n020;
n021[label = "FarthestFirstNode"];
n02 -> n021;
n0 -> n02;
n -> n0;
n1[label = "Equal"];
n10[label = "FarthestInsertion"];
n1 -> n10;
n11[label = "FarthestFirstNode"];
n1 -> n11;
n -> n1;
n2[label = "FarthestFirstNode"];
n -> n2;
}


Generation: 42
Best Individual:
Subpopulation 0:
Evaluated: true
Fitness: Standardized=0.28440526 Adjusted=0.7785705 Hits=0
Tree 0:
digraph g {
node [shape=rectangle];
n[label = "If_Then_Else"];
n0[label = "If_Then_Else"];
n00[label = "If_Then_Else"];
n000[label = "CplexTerminal"];
n00 -> n000;
n001[label = "Equal"];
n0010[label = "FarthestInsertion"];
n001 -> n0010;
n0011[label = "FarthestFirstNode"];
n001 -> n0011;
n00 -> n001;
n002[label = "NearestInsertion"];
n00 -> n002;
n0 -> n00;
n01[label = "Equal"];
n010[label = "FarthestNeighbor"];
n01 -> n010;
n011[label = "FarthestNeighbor"];
n01 -> n011;
n0 -> n01;
n02[label = "Equal"];
n020[label = "FarthestInsertion"];
n02 -> n020;
n021[label = "FarthestFirstNode"];
n02 -> n021;
n0 -> n02;
n -> n0;
n1[label = "Equal"];
n10[label = "FarthestInsertion"];
n1 -> n10;
n11[label = "FarthestFirstNode"];
n1 -> n11;
n -> n1;
n2[label = "FarthestFirstNode"];
n -> n2;
}


Generation: 43
Best Individual:
Subpopulation 0:
Evaluated: true
Fitness: Standardized=0.28440526 Adjusted=0.7785705 Hits=0
Tree 0:
digraph g {
node [shape=rectangle];
n[label = "If_Then_Else"];
n0[label = "If_Then_Else"];
n00[label = "NearestInsertion"];
n0 -> n00;
n01[label = "Equal"];
n010[label = "FarthestInsertion"];
n01 -> n010;
n011[label = "FarthestFirstNode"];
n01 -> n011;
n0 -> n01;
n02[label = "Equal"];
n020[label = "FarthestInsertion"];
n02 -> n020;
n021[label = "FarthestFirstNode"];
n02 -> n021;
n0 -> n02;
n -> n0;
n1[label = "Equal"];
n10[label = "FarthestInsertion"];
n1 -> n10;
n11[label = "FarthestFirstNode"];
n1 -> n11;
n -> n1;
n2[label = "FarthestFirstNode"];
n -> n2;
}


Generation: 44
Best Individual:
Subpopulation 0:
Evaluated: true
Fitness: Standardized=0.28440526 Adjusted=0.7785705 Hits=0
Tree 0:
digraph g {
node [shape=rectangle];
n[label = "If_Then_Else"];
n0[label = "If_Then_Else"];
n00[label = "NearestInsertion"];
n0 -> n00;
n01[label = "Equal"];
n010[label = "FarthestInsertion"];
n01 -> n010;
n011[label = "FarthestFirstNode"];
n01 -> n011;
n0 -> n01;
n02[label = "Equal"];
n020[label = "FarthestInsertion"];
n02 -> n020;
n021[label = "FarthestFirstNode"];
n02 -> n021;
n0 -> n02;
n -> n0;
n1[label = "Equal"];
n10[label = "FarthestInsertion"];
n1 -> n10;
n11[label = "FarthestFirstNode"];
n1 -> n11;
n -> n1;
n2[label = "FarthestFirstNode"];
n -> n2;
}


Generation: 45
Best Individual:
Subpopulation 0:
Evaluated: true
Fitness: Standardized=0.28440526 Adjusted=0.7785705 Hits=0
Tree 0:
digraph g {
node [shape=rectangle];
n[label = "If_Then_Else"];
n0[label = "If_Then_Else"];
n00[label = "NearestInsertion"];
n0 -> n00;
n01[label = "Equal"];
n010[label = "FarthestInsertion"];
n01 -> n010;
n011[label = "FarthestFirstNode"];
n01 -> n011;
n0 -> n01;
n02[label = "Equal"];
n020[label = "FarthestInsertion"];
n02 -> n020;
n021[label = "FarthestFirstNode"];
n02 -> n021;
n0 -> n02;
n -> n0;
n1[label = "Equal"];
n10[label = "FarthestInsertion"];
n1 -> n10;
n11[label = "FarthestFirstNode"];
n1 -> n11;
n -> n1;
n2[label = "FarthestFirstNode"];
n -> n2;
}


Generation: 46
Best Individual:
Subpopulation 0:
Evaluated: true
Fitness: Standardized=0.28440526 Adjusted=0.7785705 Hits=0
Tree 0:
digraph g {
node [shape=rectangle];
n[label = "If_Then_Else"];
n0[label = "If_Then_Else"];
n00[label = "NearestInsertion"];
n0 -> n00;
n01[label = "Equal"];
n010[label = "FarthestInsertion"];
n01 -> n010;
n011[label = "FarthestFirstNode"];
n01 -> n011;
n0 -> n01;
n02[label = "Equal"];
n020[label = "FarthestInsertion"];
n02 -> n020;
n021[label = "FarthestFirstNode"];
n02 -> n021;
n0 -> n02;
n -> n0;
n1[label = "Equal"];
n10[label = "FarthestInsertion"];
n1 -> n10;
n11[label = "FarthestFirstNode"];
n1 -> n11;
n -> n1;
n2[label = "FarthestFirstNode"];
n -> n2;
}


Generation: 47
Best Individual:
Subpopulation 0:
Evaluated: true
Fitness: Standardized=0.28440526 Adjusted=0.7785705 Hits=0
Tree 0:
digraph g {
node [shape=rectangle];
n[label = "If_Then_Else"];
n0[label = "If_Then_Else"];
n00[label = "NearestInsertion"];
n0 -> n00;
n01[label = "Equal"];
n010[label = "FarthestInsertion"];
n01 -> n010;
n011[label = "FarthestFirstNode"];
n01 -> n011;
n0 -> n01;
n02[label = "Equal"];
n020[label = "Equal"];
n0200[label = "FarthestInsertion"];
n020 -> n0200;
n0201[label = "FarthestFirstNode"];
n020 -> n0201;
n02 -> n020;
n021[label = "FarthestFirstNode"];
n02 -> n021;
n0 -> n02;
n -> n0;
n1[label = "Equal"];
n10[label = "FarthestInsertion"];
n1 -> n10;
n11[label = "FarthestFirstNode"];
n1 -> n11;
n -> n1;
n2[label = "FarthestFirstNode"];
n -> n2;
}


Generation: 48
Best Individual:
Subpopulation 0:
Evaluated: true
Fitness: Standardized=0.28440526 Adjusted=0.7785705 Hits=0
Tree 0:
digraph g {
node [shape=rectangle];
n[label = "If_Then_Else"];
n0[label = "If_Then_Else"];
n00[label = "NearestInsertion"];
n0 -> n00;
n01[label = "Equal"];
n010[label = "FarthestInsertion"];
n01 -> n010;
n011[label = "FarthestFirstNode"];
n01 -> n011;
n0 -> n01;
n02[label = "While"];
n020[label = "FarthestInsertion"];
n02 -> n020;
n021[label = "FarthestFirstNode"];
n02 -> n021;
n0 -> n02;
n -> n0;
n1[label = "Equal"];
n10[label = "FarthestInsertion"];
n1 -> n10;
n11[label = "FarthestFirstNode"];
n1 -> n11;
n -> n1;
n2[label = "FarthestFirstNode"];
n -> n2;
}


Generation: 49
Best Individual:
Subpopulation 0:
Evaluated: true
Fitness: Standardized=0.28440526 Adjusted=0.7785705 Hits=0
Tree 0:
digraph g {
node [shape=rectangle];
n[label = "If_Then_Else"];
n0[label = "If_Then_Else"];
n00[label = "NearestInsertion"];
n0 -> n00;
n01[label = "Equal"];
n010[label = "FarthestInsertion"];
n01 -> n010;
n011[label = "FarthestFirstNode"];
n01 -> n011;
n0 -> n01;
n02[label = "Equal"];
n020[label = "Equal"];
n0200[label = "FarthestInsertion"];
n020 -> n0200;
n0201[label = "FarthestInsertion"];
n020 -> n0201;
n02 -> n020;
n021[label = "FarthestFirstNode"];
n02 -> n021;
n0 -> n02;
n -> n0;
n1[label = "Equal"];
n10[label = "FarthestInsertion"];
n1 -> n10;
n11[label = "FarthestFirstNode"];
n1 -> n11;
n -> n1;
n2[label = "FarthestFirstNode"];
n -> n2;
}


Generation: 50
Best Individual:
Subpopulation 0:
Evaluated: true
Fitness: Standardized=0.28440526 Adjusted=0.7785705 Hits=0
Tree 0:
digraph g {
node [shape=rectangle];
n[label = "If_Then_Else"];
n0[label = "If_Then_Else"];
n00[label = "NearestInsertion"];
n0 -> n00;
n01[label = "Equal"];
n010[label = "FarthestInsertion"];
n01 -> n010;
n011[label = "FarthestFirstNode"];
n01 -> n011;
n0 -> n01;
n02[label = "Equal"];
n020[label = "FarthestInsertion"];
n02 -> n020;
n021[label = "FarthestFirstNode"];
n02 -> n021;
n0 -> n02;
n -> n0;
n1[label = "Equal"];
n10[label = "FarthestInsertion"];
n1 -> n10;
n11[label = "FarthestFirstNode"];
n1 -> n11;
n -> n1;
n2[label = "FarthestFirstNode"];
n -> n2;
}


Generation: 51
Best Individual:
Subpopulation 0:
Evaluated: true
Fitness: Standardized=0.28440526 Adjusted=0.7785705 Hits=0
Tree 0:
digraph g {
node [shape=rectangle];
n[label = "If_Then_Else"];
n0[label = "If_Then_Else"];
n00[label = "NearestInsertion"];
n0 -> n00;
n01[label = "Equal"];
n010[label = "FarthestInsertion"];
n01 -> n010;
n011[label = "FarthestFirstNode"];
n01 -> n011;
n0 -> n01;
n02[label = "Equal"];
n020[label = "FarthestInsertion"];
n02 -> n020;
n021[label = "FarthestFirstNode"];
n02 -> n021;
n0 -> n02;
n -> n0;
n1[label = "Equal"];
n10[label = "FarthestInsertion"];
n1 -> n10;
n11[label = "FarthestFirstNode"];
n1 -> n11;
n -> n1;
n2[label = "FarthestFirstNode"];
n -> n2;
}


Generation: 52
Best Individual:
Subpopulation 0:
Evaluated: true
Fitness: Standardized=0.28440526 Adjusted=0.7785705 Hits=0
Tree 0:
digraph g {
node [shape=rectangle];
n[label = "If_Then_Else"];
n0[label = "If_Then_Else"];
n00[label = "NearestInsertion"];
n0 -> n00;
n01[label = "Equal"];
n010[label = "FarthestInsertion"];
n01 -> n010;
n011[label = "FarthestInsertion"];
n01 -> n011;
n0 -> n01;
n02[label = "NearestInsertion"];
n0 -> n02;
n -> n0;
n1[label = "Equal"];
n10[label = "FarthestInsertion"];
n1 -> n10;
n11[label = "FarthestFirstNode"];
n1 -> n11;
n -> n1;
n2[label = "FarthestFirstNode"];
n -> n2;
}


Generation: 53
Best Individual:
Subpopulation 0:
Evaluated: true
Fitness: Standardized=0.28440526 Adjusted=0.7785705 Hits=0
Tree 0:
digraph g {
node [shape=rectangle];
n[label = "If_Then_Else"];
n0[label = "If_Then_Else"];
n00[label = "NearestInsertion"];
n0 -> n00;
n01[label = "Equal"];
n010[label = "Equal"];
n0100[label = "FarthestInsertion"];
n010 -> n0100;
n0101[label = "FarthestFirstNode"];
n010 -> n0101;
n01 -> n010;
n011[label = "FarthestFirstNode"];
n01 -> n011;
n0 -> n01;
n02[label = "Equal"];
n020[label = "FarthestInsertion"];
n02 -> n020;
n021[label = "FarthestFirstNode"];
n02 -> n021;
n0 -> n02;
n -> n0;
n1[label = "Or"];
n10[label = "FarthestInsertion"];
n1 -> n10;
n11[label = "Or"];
n110[label = "FarthestInsertion"];
n11 -> n110;
n111[label = "FarthestFirstNode"];
n11 -> n111;
n1 -> n11;
n -> n1;
n2[label = "FarthestFirstNode"];
n -> n2;
}


Generation: 54
Best Individual:
Subpopulation 0:
Evaluated: true
Fitness: Standardized=0.28440526 Adjusted=0.7785705 Hits=0
Tree 0:
digraph g {
node [shape=rectangle];
n[label = "If_Then_Else"];
n0[label = "If_Then_Else"];
n00[label = "NearestInsertion"];
n0 -> n00;
n01[label = "Equal"];
n010[label = "Equal"];
n0100[label = "FarthestInsertion"];
n010 -> n0100;
n0101[label = "FarthestFirstNode"];
n010 -> n0101;
n01 -> n010;
n011[label = "FarthestFirstNode"];
n01 -> n011;
n0 -> n01;
n02[label = "Equal"];
n020[label = "FarthestInsertion"];
n02 -> n020;
n021[label = "FarthestFirstNode"];
n02 -> n021;
n0 -> n02;
n -> n0;
n1[label = "Or"];
n10[label = "FarthestInsertion"];
n1 -> n10;
n11[label = "Equal"];
n110[label = "FarthestInsertion"];
n11 -> n110;
n111[label = "FarthestFirstNode"];
n11 -> n111;
n1 -> n11;
n -> n1;
n2[label = "FarthestFirstNode"];
n -> n2;
}


Generation: 55
Best Individual:
Subpopulation 0:
Evaluated: true
Fitness: Standardized=0.28440526 Adjusted=0.7785705 Hits=0
Tree 0:
digraph g {
node [shape=rectangle];
n[label = "If_Then_Else"];
n0[label = "If_Then_Else"];
n00[label = "NearestInsertion"];
n0 -> n00;
n01[label = "Equal"];
n010[label = "FarthestFirstNode"];
n01 -> n010;
n011[label = "FarthestFirstNode"];
n01 -> n011;
n0 -> n01;
n02[label = "Equal"];
n020[label = "FarthestInsertion"];
n02 -> n020;
n021[label = "FarthestFirstNode"];
n02 -> n021;
n0 -> n02;
n -> n0;
n1[label = "Equal"];
n10[label = "FarthestInsertion"];
n1 -> n10;
n11[label = "FarthestFirstNode"];
n1 -> n11;
n -> n1;
n2[label = "FarthestFirstNode"];
n -> n2;
}


Generation: 56
Best Individual:
Subpopulation 0:
Evaluated: true
Fitness: Standardized=0.28440526 Adjusted=0.7785705 Hits=0
Tree 0:
digraph g {
node [shape=rectangle];
n[label = "If_Then_Else"];
n0[label = "If_Then_Else"];
n00[label = "NearestInsertion"];
n0 -> n00;
n01[label = "Equal"];
n010[label = "Equal"];
n0100[label = "FarthestInsertion"];
n010 -> n0100;
n0101[label = "FarthestFirstNode"];
n010 -> n0101;
n01 -> n010;
n011[label = "FarthestFirstNode"];
n01 -> n011;
n0 -> n01;
n02[label = "Equal"];
n020[label = "FarthestInsertion"];
n02 -> n020;
n021[label = "FarthestFirstNode"];
n02 -> n021;
n0 -> n02;
n -> n0;
n1[label = "Or"];
n10[label = "FarthestInsertion"];
n1 -> n10;
n11[label = "Equal"];
n110[label = "FarthestInsertion"];
n11 -> n110;
n111[label = "FarthestFirstNode"];
n11 -> n111;
n1 -> n11;
n -> n1;
n2[label = "FarthestFirstNode"];
n -> n2;
}


Generation: 57
Best Individual:
Subpopulation 0:
Evaluated: true
Fitness: Standardized=0.28440526 Adjusted=0.7785705 Hits=0
Tree 0:
digraph g {
node [shape=rectangle];
n[label = "If_Then_Else"];
n0[label = "If_Then_Else"];
n00[label = "NearestInsertion"];
n0 -> n00;
n01[label = "Equal"];
n010[label = "Equal"];
n0100[label = "FarthestInsertion"];
n010 -> n0100;
n0101[label = "FarthestFirstNode"];
n010 -> n0101;
n01 -> n010;
n011[label = "FarthestFirstNode"];
n01 -> n011;
n0 -> n01;
n02[label = "Or"];
n020[label = "FarthestInsertion"];
n02 -> n020;
n021[label = "Equal"];
n0210[label = "FarthestInsertion"];
n021 -> n0210;
n0211[label = "FarthestFirstNode"];
n021 -> n0211;
n02 -> n021;
n0 -> n02;
n -> n0;
n1[label = "FarthestFirstNode"];
n -> n1;
n2[label = "FarthestFirstNode"];
n -> n2;
}


Generation: 58
Best Individual:
Subpopulation 0:
Evaluated: true
Fitness: Standardized=0.28440526 Adjusted=0.7785705 Hits=0
Tree 0:
digraph g {
node [shape=rectangle];
n[label = "If_Then_Else"];
n0[label = "If_Then_Else"];
n00[label = "NearestInsertion"];
n0 -> n00;
n01[label = "Equal"];
n010[label = "Equal"];
n0100[label = "FarthestInsertion"];
n010 -> n0100;
n0101[label = "FarthestFirstNode"];
n010 -> n0101;
n01 -> n010;
n011[label = "FarthestFirstNode"];
n01 -> n011;
n0 -> n01;
n02[label = "Equal"];
n020[label = "FarthestInsertion"];
n02 -> n020;
n021[label = "FarthestFirstNode"];
n02 -> n021;
n0 -> n02;
n -> n0;
n1[label = "Or"];
n10[label = "FarthestInsertion"];
n1 -> n10;
n11[label = "Equal"];
n110[label = "FarthestInsertion"];
n11 -> n110;
n111[label = "FarthestFirstNode"];
n11 -> n111;
n1 -> n11;
n -> n1;
n2[label = "Or"];
n20[label = "FarthestInsertion"];
n2 -> n20;
n21[label = "Equal"];
n210[label = "FarthestInsertion"];
n21 -> n210;
n211[label = "FarthestFirstNode"];
n21 -> n211;
n2 -> n21;
n -> n2;
}


Generation: 59
Best Individual:
Subpopulation 0:
Evaluated: true
Fitness: Standardized=0.28440526 Adjusted=0.7785705 Hits=0
Tree 0:
digraph g {
node [shape=rectangle];
n[label = "If_Then_Else"];
n0[label = "If_Then_Else"];
n00[label = "NearestInsertion"];
n0 -> n00;
n01[label = "Equal"];
n010[label = "Equal"];
n0100[label = "FarthestInsertion"];
n010 -> n0100;
n0101[label = "FarthestFirstNode"];
n010 -> n0101;
n01 -> n010;
n011[label = "FarthestFirstNode"];
n01 -> n011;
n0 -> n01;
n02[label = "Equal"];
n020[label = "Equal"];
n0200[label = "FarthestInsertion"];
n020 -> n0200;
n0201[label = "FarthestFirstNode"];
n020 -> n0201;
n02 -> n020;
n021[label = "FarthestFirstNode"];
n02 -> n021;
n0 -> n02;
n -> n0;
n1[label = "Or"];
n10[label = "FarthestInsertion"];
n1 -> n10;
n11[label = "FarthestInsertion"];
n1 -> n11;
n -> n1;
n2[label = "FarthestFirstNode"];
n -> n2;
}


Generation: 60
Best Individual:
Subpopulation 0:
Evaluated: true
Fitness: Standardized=0.28440526 Adjusted=0.7785705 Hits=0
Tree 0:
digraph g {
node [shape=rectangle];
n[label = "If_Then_Else"];
n0[label = "If_Then_Else"];
n00[label = "NearestFirstNode"];
n0 -> n00;
n01[label = "Equal"];
n010[label = "Equal"];
n0100[label = "FarthestInsertion"];
n010 -> n0100;
n0101[label = "FarthestFirstNode"];
n010 -> n0101;
n01 -> n010;
n011[label = "FarthestFirstNode"];
n01 -> n011;
n0 -> n01;
n02[label = "FarthestFirstNode"];
n0 -> n02;
n -> n0;
n1[label = "Or"];
n10[label = "FarthestInsertion"];
n1 -> n10;
n11[label = "Equal"];
n110[label = "FarthestInsertion"];
n11 -> n110;
n111[label = "FarthestFirstNode"];
n11 -> n111;
n1 -> n11;
n -> n1;
n2[label = "FarthestFirstNode"];
n -> n2;
}


Generation: 61
Best Individual:
Subpopulation 0:
Evaluated: true
Fitness: Standardized=0.28440526 Adjusted=0.7785705 Hits=0
Tree 0:
digraph g {
node [shape=rectangle];
n[label = "If_Then_Else"];
n0[label = "If_Then_Else"];
n00[label = "NearestInsertion"];
n0 -> n00;
n01[label = "Equal"];
n010[label = "Equal"];
n0100[label = "FarthestInsertion"];
n010 -> n0100;
n0101[label = "FarthestFirstNode"];
n010 -> n0101;
n01 -> n010;
n011[label = "FarthestFirstNode"];
n01 -> n011;
n0 -> n01;
n02[label = "If_Then_Else"];
n020[label = "NearestInsertion"];
n02 -> n020;
n021[label = "Equal"];
n0210[label = "FarthestFirstNode"];
n021 -> n0210;
n0211[label = "FarthestFirstNode"];
n021 -> n0211;
n02 -> n021;
n022[label = "Equal"];
n0220[label = "FarthestInsertion"];
n022 -> n0220;
n0221[label = "FarthestFirstNode"];
n022 -> n0221;
n02 -> n022;
n0 -> n02;
n -> n0;
n1[label = "Or"];
n10[label = "FarthestInsertion"];
n1 -> n10;
n11[label = "Equal"];
n110[label = "FarthestInsertion"];
n11 -> n110;
n111[label = "FarthestFirstNode"];
n11 -> n111;
n1 -> n11;
n -> n1;
n2[label = "Or"];
n20[label = "FarthestInsertion"];
n2 -> n20;
n21[label = "Equal"];
n210[label = "FarthestInsertion"];
n21 -> n210;
n211[label = "FarthestFirstNode"];
n21 -> n211;
n2 -> n21;
n -> n2;
}


Generation: 62
Best Individual:
Subpopulation 0:
Evaluated: true
Fitness: Standardized=0.28440526 Adjusted=0.7785705 Hits=0
Tree 0:
digraph g {
node [shape=rectangle];
n[label = "If_Then_Else"];
n0[label = "If_Then_Else"];
n00[label = "NearestInsertion"];
n0 -> n00;
n01[label = "Equal"];
n010[label = "Equal"];
n0100[label = "FarthestInsertion"];
n010 -> n0100;
n0101[label = "FarthestFirstNode"];
n010 -> n0101;
n01 -> n010;
n011[label = "FarthestFirstNode"];
n01 -> n011;
n0 -> n01;
n02[label = "While"];
n020[label = "BestMove"];
n02 -> n020;
n021[label = "FarthestInsertion"];
n02 -> n021;
n0 -> n02;
n -> n0;
n1[label = "FarthestFirstNode"];
n -> n1;
n2[label = "FarthestFirstNode"];
n -> n2;
}


Generation: 63
Best Individual:
Subpopulation 0:
Evaluated: true
Fitness: Standardized=0.28440526 Adjusted=0.7785705 Hits=0
Tree 0:
digraph g {
node [shape=rectangle];
n[label = "If_Then_Else"];
n0[label = "If_Then_Else"];
n00[label = "NearestInsertion"];
n0 -> n00;
n01[label = "Equal"];
n010[label = "Equal"];
n0100[label = "FarthestInsertion"];
n010 -> n0100;
n0101[label = "FarthestFirstNode"];
n010 -> n0101;
n01 -> n010;
n011[label = "FarthestFirstNode"];
n01 -> n011;
n0 -> n01;
n02[label = "Or"];
n020[label = "FarthestInsertion"];
n02 -> n020;
n021[label = "Equal"];
n0210[label = "FarthestInsertion"];
n021 -> n0210;
n0211[label = "FarthestFirstNode"];
n021 -> n0211;
n02 -> n021;
n0 -> n02;
n -> n0;
n1[label = "Or"];
n10[label = "FarthestInsertion"];
n1 -> n10;
n11[label = "Equal"];
n110[label = "FarthestInsertion"];
n11 -> n110;
n111[label = "FarthestFirstNode"];
n11 -> n111;
n1 -> n11;
n -> n1;
n2[label = "FarthestFirstNode"];
n -> n2;
}


Generation: 64
Best Individual:
Subpopulation 0:
Evaluated: true
Fitness: Standardized=0.28440526 Adjusted=0.7785705 Hits=0
Tree 0:
digraph g {
node [shape=rectangle];
n[label = "If_Then_Else"];
n0[label = "If_Then_Else"];
n00[label = "NearestInsertion"];
n0 -> n00;
n01[label = "Equal"];
n010[label = "Equal"];
n0100[label = "FarthestInsertion"];
n010 -> n0100;
n0101[label = "FarthestFirstNode"];
n010 -> n0101;
n01 -> n010;
n011[label = "FarthestFirstNode"];
n01 -> n011;
n0 -> n01;
n02[label = "If_Then_Else"];
n020[label = "NearestInsertion"];
n02 -> n020;
n021[label = "Equal"];
n0210[label = "FarthestFirstNode"];
n021 -> n0210;
n0211[label = "FarthestFirstNode"];
n021 -> n0211;
n02 -> n021;
n022[label = "Equal"];
n0220[label = "FarthestInsertion"];
n022 -> n0220;
n0221[label = "FarthestFirstNode"];
n022 -> n0221;
n02 -> n022;
n0 -> n02;
n -> n0;
n1[label = "FarthestInsertion"];
n -> n1;
n2[label = "Or"];
n20[label = "FarthestInsertion"];
n2 -> n20;
n21[label = "Equal"];
n210[label = "FarthestInsertion"];
n21 -> n210;
n211[label = "FarthestFirstNode"];
n21 -> n211;
n2 -> n21;
n -> n2;
}


Generation: 65
Best Individual:
Subpopulation 0:
Evaluated: true
Fitness: Standardized=0.28440526 Adjusted=0.7785705 Hits=0
Tree 0:
digraph g {
node [shape=rectangle];
n[label = "If_Then_Else"];
n0[label = "If_Then_Else"];
n00[label = "NearestInsertion"];
n0 -> n00;
n01[label = "Equal"];
n010[label = "Equal"];
n0100[label = "FarthestInsertion"];
n010 -> n0100;
n0101[label = "FarthestFirstNode"];
n010 -> n0101;
n01 -> n010;
n011[label = "FarthestFirstNode"];
n01 -> n011;
n0 -> n01;
n02[label = "Equal"];
n020[label = "Equal"];
n0200[label = "FarthestFirstNode"];
n020 -> n0200;
n0201[label = "FarthestFirstNode"];
n020 -> n0201;
n02 -> n020;
n021[label = "FarthestFirstNode"];
n02 -> n021;
n0 -> n02;
n -> n0;
n1[label = "Or"];
n10[label = "FarthestInsertion"];
n1 -> n10;
n11[label = "Equal"];
n110[label = "FarthestInsertion"];
n11 -> n110;
n111[label = "FarthestFirstNode"];
n11 -> n111;
n1 -> n11;
n -> n1;
n2[label = "Or"];
n20[label = "FarthestInsertion"];
n2 -> n20;
n21[label = "FarthestFirstNode"];
n2 -> n21;
n -> n2;
}


Generation: 66
Best Individual:
Subpopulation 0:
Evaluated: true
Fitness: Standardized=0.28440526 Adjusted=0.7785705 Hits=0
Tree 0:
digraph g {
node [shape=rectangle];
n[label = "If_Then_Else"];
n0[label = "If_Then_Else"];
n00[label = "NearestInsertion"];
n0 -> n00;
n01[label = "Equal"];
n010[label = "Equal"];
n0100[label = "FarthestInsertion"];
n010 -> n0100;
n0101[label = "FarthestFirstNode"];
n010 -> n0101;
n01 -> n010;
n011[label = "FarthestFirstNode"];
n01 -> n011;
n0 -> n01;
n02[label = "Or"];
n020[label = "FarthestInsertion"];
n02 -> n020;
n021[label = "Equal"];
n0210[label = "FarthestInsertion"];
n021 -> n0210;
n0211[label = "FarthestFirstNode"];
n021 -> n0211;
n02 -> n021;
n0 -> n02;
n -> n0;
n1[label = "Or"];
n10[label = "FarthestInsertion"];
n1 -> n10;
n11[label = "Equal"];
n110[label = "FarthestInsertion"];
n11 -> n110;
n111[label = "FarthestFirstNode"];
n11 -> n111;
n1 -> n11;
n -> n1;
n2[label = "FarthestFirstNode"];
n -> n2;
}


Generation: 67
Best Individual:
Subpopulation 0:
Evaluated: true
Fitness: Standardized=0.28440526 Adjusted=0.7785705 Hits=0
Tree 0:
digraph g {
node [shape=rectangle];
n[label = "If_Then_Else"];
n0[label = "If_Then_Else"];
n00[label = "NearestInsertion"];
n0 -> n00;
n01[label = "Equal"];
n010[label = "FarthestFirstNode"];
n01 -> n010;
n011[label = "FarthestFirstNode"];
n01 -> n011;
n0 -> n01;
n02[label = "FarthestFirstNode"];
n0 -> n02;
n -> n0;
n1[label = "And"];
n10[label = "FarthestFirstNode"];
n1 -> n10;
n11[label = "FarthestFirstNode"];
n1 -> n11;
n -> n1;
n2[label = "FarthestFirstNode"];
n -> n2;
}


Generation: 68
Best Individual:
Subpopulation 0:
Evaluated: true
Fitness: Standardized=0.28440526 Adjusted=0.7785705 Hits=0
Tree 0:
digraph g {
node [shape=rectangle];
n[label = "If_Then_Else"];
n0[label = "If_Then_Else"];
n00[label = "NearestInsertion"];
n0 -> n00;
n01[label = "Equal"];
n010[label = "Equal"];
n0100[label = "FarthestInsertion"];
n010 -> n0100;
n0101[label = "FarthestFirstNode"];
n010 -> n0101;
n01 -> n010;
n011[label = "FarthestFirstNode"];
n01 -> n011;
n0 -> n01;
n02[label = "And"];
n020[label = "FarthestFirstNode"];
n02 -> n020;
n021[label = "FarthestFirstNode"];
n02 -> n021;
n0 -> n02;
n -> n0;
n1[label = "Or"];
n10[label = "FarthestInsertion"];
n1 -> n10;
n11[label = "If_Then_Else"];
n110[label = "NearestInsertion"];
n11 -> n110;
n111[label = "Equal"];
n1110[label = "FarthestFirstNode"];
n111 -> n1110;
n1111[label = "FarthestFirstNode"];
n111 -> n1111;
n11 -> n111;
n112[label = "And"];
n1120[label = "FarthestFirstNode"];
n112 -> n1120;
n1121[label = "FarthestFirstNode"];
n112 -> n1121;
n11 -> n112;
n1 -> n11;
n -> n1;
n2[label = "Or"];
n20[label = "FarthestInsertion"];
n2 -> n20;
n21[label = "Equal"];
n210[label = "FarthestInsertion"];
n21 -> n210;
n211[label = "FarthestFirstNode"];
n21 -> n211;
n2 -> n21;
n -> n2;
}


Generation: 69
Best Individual:
Subpopulation 0:
Evaluated: true
Fitness: Standardized=0.28440526 Adjusted=0.7785705 Hits=0
Tree 0:
digraph g {
node [shape=rectangle];
n[label = "If_Then_Else"];
n0[label = "If_Then_Else"];
n00[label = "NearestInsertion"];
n0 -> n00;
n01[label = "Equal"];
n010[label = "Equal"];
n0100[label = "FarthestInsertion"];
n010 -> n0100;
n0101[label = "FarthestFirstNode"];
n010 -> n0101;
n01 -> n010;
n011[label = "FarthestFirstNode"];
n01 -> n011;
n0 -> n01;
n02[label = "And"];
n020[label = "FarthestFirstNode"];
n02 -> n020;
n021[label = "FarthestFirstNode"];
n02 -> n021;
n0 -> n02;
n -> n0;
n1[label = "Or"];
n10[label = "FarthestInsertion"];
n1 -> n10;
n11[label = "If_Then_Else"];
n110[label = "NearestInsertion"];
n11 -> n110;
n111[label = "Equal"];
n1110[label = "FarthestFirstNode"];
n111 -> n1110;
n1111[label = "FarthestFirstNode"];
n111 -> n1111;
n11 -> n111;
n112[label = "And"];
n1120[label = "FarthestFirstNode"];
n112 -> n1120;
n1121[label = "FarthestFirstNode"];
n112 -> n1121;
n11 -> n112;
n1 -> n11;
n -> n1;
n2[label = "Or"];
n20[label = "FarthestInsertion"];
n2 -> n20;
n21[label = "Equal"];
n210[label = "FarthestInsertion"];
n21 -> n210;
n211[label = "FarthestFirstNode"];
n21 -> n211;
n2 -> n21;
n -> n2;
}


Generation: 70
Best Individual:
Subpopulation 0:
Evaluated: true
Fitness: Standardized=0.28440526 Adjusted=0.7785705 Hits=0
Tree 0:
digraph g {
node [shape=rectangle];
n[label = "If_Then_Else"];
n0[label = "If_Then_Else"];
n00[label = "NearestInsertion"];
n0 -> n00;
n01[label = "Equal"];
n010[label = "FarthestFirstNode"];
n01 -> n010;
n011[label = "FarthestFirstNode"];
n01 -> n011;
n0 -> n01;
n02[label = "Equal"];
n020[label = "Equal"];
n0200[label = "FarthestInsertion"];
n020 -> n0200;
n0201[label = "FarthestFirstNode"];
n020 -> n0201;
n02 -> n020;
n021[label = "FarthestFirstNode"];
n02 -> n021;
n0 -> n02;
n -> n0;
n1[label = "And"];
n10[label = "FarthestFirstNode"];
n1 -> n10;
n11[label = "FarthestFirstNode"];
n1 -> n11;
n -> n1;
n2[label = "Equal"];
n20[label = "FarthestInsertion"];
n2 -> n20;
n21[label = "FarthestFirstNode"];
n2 -> n21;
n -> n2;
}


Generation: 71
Best Individual:
Subpopulation 0:
Evaluated: true
Fitness: Standardized=0.28440526 Adjusted=0.7785705 Hits=0
Tree 0:
digraph g {
node [shape=rectangle];
n[label = "If_Then_Else"];
n0[label = "If_Then_Else"];
n00[label = "NearestInsertion"];
n0 -> n00;
n01[label = "Equal"];
n010[label = "Equal"];
n0100[label = "FarthestInsertion"];
n010 -> n0100;
n0101[label = "FarthestFirstNode"];
n010 -> n0101;
n01 -> n010;
n011[label = "FarthestFirstNode"];
n01 -> n011;
n0 -> n01;
n02[label = "Equal"];
n020[label = "While"];
n0200[label = "FarthestFirstNode"];
n020 -> n0200;
n0201[label = "FarthestFirstNode"];
n020 -> n0201;
n02 -> n020;
n021[label = "FarthestFirstNode"];
n02 -> n021;
n0 -> n02;
n -> n0;
n1[label = "FarthestFirstNode"];
n -> n1;
n2[label = "FarthestFirstNode"];
n -> n2;
}


Generation: 72
Best Individual:
Subpopulation 0:
Evaluated: true
Fitness: Standardized=0.28440526 Adjusted=0.7785705 Hits=0
Tree 0:
digraph g {
node [shape=rectangle];
n[label = "If_Then_Else"];
n0[label = "If_Then_Else"];
n00[label = "NearestInsertion"];
n0 -> n00;
n01[label = "Equal"];
n010[label = "Equal"];
n0100[label = "FarthestInsertion"];
n010 -> n0100;
n0101[label = "FarthestFirstNode"];
n010 -> n0101;
n01 -> n010;
n011[label = "FarthestFirstNode"];
n01 -> n011;
n0 -> n01;
n02[label = "And"];
n020[label = "FarthestFirstNode"];
n02 -> n020;
n021[label = "FarthestFirstNode"];
n02 -> n021;
n0 -> n02;
n -> n0;
n1[label = "Or"];
n10[label = "FarthestInsertion"];
n1 -> n10;
n11[label = "If_Then_Else"];
n110[label = "NearestInsertion"];
n11 -> n110;
n111[label = "Equal"];
n1110[label = "FarthestFirstNode"];
n111 -> n1110;
n1111[label = "FarthestFirstNode"];
n111 -> n1111;
n11 -> n111;
n112[label = "And"];
n1120[label = "FarthestFirstNode"];
n112 -> n1120;
n1121[label = "FarthestFirstNode"];
n112 -> n1121;
n11 -> n112;
n1 -> n11;
n -> n1;
n2[label = "Or"];
n20[label = "FarthestInsertion"];
n2 -> n20;
n21[label = "Equal"];
n210[label = "FarthestInsertion"];
n21 -> n210;
n211[label = "FarthestFirstNode"];
n21 -> n211;
n2 -> n21;
n -> n2;
}


Generation: 73
Best Individual:
Subpopulation 0:
Evaluated: true
Fitness: Standardized=0.28440526 Adjusted=0.7785705 Hits=0
Tree 0:
digraph g {
node [shape=rectangle];
n[label = "If_Then_Else"];
n0[label = "If_Then_Else"];
n00[label = "NearestInsertion"];
n0 -> n00;
n01[label = "Equal"];
n010[label = "Equal"];
n0100[label = "FarthestInsertion"];
n010 -> n0100;
n0101[label = "FarthestFirstNode"];
n010 -> n0101;
n01 -> n010;
n011[label = "FarthestFirstNode"];
n01 -> n011;
n0 -> n01;
n02[label = "Equal"];
n020[label = "NearestNeighbor"];
n02 -> n020;
n021[label = "FarthestFirstNode"];
n02 -> n021;
n0 -> n02;
n -> n0;
n1[label = "Or"];
n10[label = "FarthestInsertion"];
n1 -> n10;
n11[label = "And"];
n110[label = "FarthestFirstNode"];
n11 -> n110;
n111[label = "FarthestFirstNode"];
n11 -> n111;
n1 -> n11;
n -> n1;
n2[label = "FarthestFirstNode"];
n -> n2;
}


Generation: 74
Best Individual:
Subpopulation 0:
Evaluated: true
Fitness: Standardized=0.28440526 Adjusted=0.7785705 Hits=0
Tree 0:
digraph g {
node [shape=rectangle];
n[label = "If_Then_Else"];
n0[label = "If_Then_Else"];
n00[label = "NearestInsertion"];
n0 -> n00;
n01[label = "Equal"];
n010[label = "Equal"];
n0100[label = "FarthestInsertion"];
n010 -> n0100;
n0101[label = "FarthestFirstNode"];
n010 -> n0101;
n01 -> n010;
n011[label = "FarthestFirstNode"];
n01 -> n011;
n0 -> n01;
n02[label = "And"];
n020[label = "FarthestFirstNode"];
n02 -> n020;
n021[label = "FarthestFirstNode"];
n02 -> n021;
n0 -> n02;
n -> n0;
n1[label = "Or"];
n10[label = "FarthestInsertion"];
n1 -> n10;
n11[label = "If_Then_Else"];
n110[label = "NearestInsertion"];
n11 -> n110;
n111[label = "Equal"];
n1110[label = "FarthestFirstNode"];
n111 -> n1110;
n1111[label = "FarthestFirstNode"];
n111 -> n1111;
n11 -> n111;
n112[label = "And"];
n1120[label = "FarthestFirstNode"];
n112 -> n1120;
n1121[label = "FarthestFirstNode"];
n112 -> n1121;
n11 -> n112;
n1 -> n11;
n -> n1;
n2[label = "Equal"];
n20[label = "FarthestInsertion"];
n2 -> n20;
n21[label = "Equal"];
n210[label = "FarthestInsertion"];
n21 -> n210;
n211[label = "FarthestFirstNode"];
n21 -> n211;
n2 -> n21;
n -> n2;
}


Generation: 75
Best Individual:
Subpopulation 0:
Evaluated: true
Fitness: Standardized=0.28440526 Adjusted=0.7785705 Hits=0
Tree 0:
digraph g {
node [shape=rectangle];
n[label = "If_Then_Else"];
n0[label = "If_Then_Else"];
n00[label = "NearestInsertion"];
n0 -> n00;
n01[label = "Equal"];
n010[label = "Equal"];
n0100[label = "FarthestInsertion"];
n010 -> n0100;
n0101[label = "FarthestFirstNode"];
n010 -> n0101;
n01 -> n010;
n011[label = "FarthestFirstNode"];
n01 -> n011;
n0 -> n01;
n02[label = "And"];
n020[label = "FarthestFirstNode"];
n02 -> n020;
n021[label = "FarthestFirstNode"];
n02 -> n021;
n0 -> n02;
n -> n0;
n1[label = "Or"];
n10[label = "FarthestInsertion"];
n1 -> n10;
n11[label = "If_Then_Else"];
n110[label = "NearestInsertion"];
n11 -> n110;
n111[label = "Equal"];
n1110[label = "FarthestFirstNode"];
n111 -> n1110;
n1111[label = "FarthestFirstNode"];
n111 -> n1111;
n11 -> n111;
n112[label = "And"];
n1120[label = "FarthestFirstNode"];
n112 -> n1120;
n1121[label = "FarthestFirstNode"];
n112 -> n1121;
n11 -> n112;
n1 -> n11;
n -> n1;
n2[label = "FarthestFirstNode"];
n -> n2;
}


Generation: 76
Best Individual:
Subpopulation 0:
Evaluated: true
Fitness: Standardized=0.28440526 Adjusted=0.7785705 Hits=0
Tree 0:
digraph g {
node [shape=rectangle];
n[label = "If_Then_Else"];
n0[label = "If_Then_Else"];
n00[label = "NearestInsertion"];
n0 -> n00;
n01[label = "Equal"];
n010[label = "Equal"];
n0100[label = "FarthestInsertion"];
n010 -> n0100;
n0101[label = "FarthestFirstNode"];
n010 -> n0101;
n01 -> n010;
n011[label = "FarthestFirstNode"];
n01 -> n011;
n0 -> n01;
n02[label = "And"];
n020[label = "FarthestFirstNode"];
n02 -> n020;
n021[label = "FarthestFirstNode"];
n02 -> n021;
n0 -> n02;
n -> n0;
n1[label = "Or"];
n10[label = "FarthestInsertion"];
n1 -> n10;
n11[label = "If_Then_Else"];
n110[label = "NearestInsertion"];
n11 -> n110;
n111[label = "Equal"];
n1110[label = "FarthestFirstNode"];
n111 -> n1110;
n1111[label = "FarthestFirstNode"];
n111 -> n1111;
n11 -> n111;
n112[label = "And"];
n1120[label = "FarthestFirstNode"];
n112 -> n1120;
n1121[label = "FarthestFirstNode"];
n112 -> n1121;
n11 -> n112;
n1 -> n11;
n -> n1;
n2[label = "Or"];
n20[label = "FarthestInsertion"];
n2 -> n20;
n21[label = "Equal"];
n210[label = "FarthestInsertion"];
n21 -> n210;
n211[label = "FarthestFirstNode"];
n21 -> n211;
n2 -> n21;
n -> n2;
}


Generation: 77
Best Individual:
Subpopulation 0:
Evaluated: true
Fitness: Standardized=0.28440526 Adjusted=0.7785705 Hits=0
Tree 0:
digraph g {
node [shape=rectangle];
n[label = "If_Then_Else"];
n0[label = "If_Then_Else"];
n00[label = "NearestInsertion"];
n0 -> n00;
n01[label = "Equal"];
n010[label = "Equal"];
n0100[label = "FarthestInsertion"];
n010 -> n0100;
n0101[label = "FarthestFirstNode"];
n010 -> n0101;
n01 -> n010;
n011[label = "FarthestFirstNode"];
n01 -> n011;
n0 -> n01;
n02[label = "And"];
n020[label = "FarthestFirstNode"];
n02 -> n020;
n021[label = "FarthestFirstNode"];
n02 -> n021;
n0 -> n02;
n -> n0;
n1[label = "Or"];
n10[label = "FarthestInsertion"];
n1 -> n10;
n11[label = "If_Then_Else"];
n110[label = "NearestInsertion"];
n11 -> n110;
n111[label = "NearestInsertion"];
n11 -> n111;
n112[label = "And"];
n1120[label = "FarthestFirstNode"];
n112 -> n1120;
n1121[label = "FarthestFirstNode"];
n112 -> n1121;
n11 -> n112;
n1 -> n11;
n -> n1;
n2[label = "Equal"];
n20[label = "FarthestInsertion"];
n2 -> n20;
n21[label = "Equal"];
n210[label = "FarthestInsertion"];
n21 -> n210;
n211[label = "FarthestFirstNode"];
n21 -> n211;
n2 -> n21;
n -> n2;
}


Generation: 78
Best Individual:
Subpopulation 0:
Evaluated: true
Fitness: Standardized=0.28440526 Adjusted=0.7785705 Hits=0
Tree 0:
digraph g {
node [shape=rectangle];
n[label = "If_Then_Else"];
n0[label = "If_Then_Else"];
n00[label = "NearestInsertion"];
n0 -> n00;
n01[label = "Equal"];
n010[label = "Equal"];
n0100[label = "FarthestInsertion"];
n010 -> n0100;
n0101[label = "FarthestFirstNode"];
n010 -> n0101;
n01 -> n010;
n011[label = "FarthestFirstNode"];
n01 -> n011;
n0 -> n01;
n02[label = "And"];
n020[label = "FarthestFirstNode"];
n02 -> n020;
n021[label = "FarthestFirstNode"];
n02 -> n021;
n0 -> n02;
n -> n0;
n1[label = "Or"];
n10[label = "FarthestInsertion"];
n1 -> n10;
n11[label = "If_Then_Else"];
n110[label = "NearestInsertion"];
n11 -> n110;
n111[label = "Equal"];
n1110[label = "FarthestFirstNode"];
n111 -> n1110;
n1111[label = "FarthestFirstNode"];
n111 -> n1111;
n11 -> n111;
n112[label = "And"];
n1120[label = "FarthestFirstNode"];
n112 -> n1120;
n1121[label = "FarthestFirstNode"];
n112 -> n1121;
n11 -> n112;
n1 -> n11;
n -> n1;
n2[label = "FarthestFirstNode"];
n -> n2;
}


Generation: 79
Best Individual:
Subpopulation 0:
Evaluated: true
Fitness: Standardized=0.28440526 Adjusted=0.7785705 Hits=0
Tree 0:
digraph g {
node [shape=rectangle];
n[label = "If_Then_Else"];
n0[label = "If_Then_Else"];
n00[label = "NearestInsertion"];
n0 -> n00;
n01[label = "Equal"];
n010[label = "And"];
n0100[label = "FarthestInsertion"];
n010 -> n0100;
n0101[label = "FarthestFirstNode"];
n010 -> n0101;
n01 -> n010;
n011[label = "FarthestFirstNode"];
n01 -> n011;
n0 -> n01;
n02[label = "If_Then_Else"];
n020[label = "NearestInsertion"];
n02 -> n020;
n021[label = "Equal"];
n0210[label = "FarthestFirstNode"];
n021 -> n0210;
n0211[label = "FarthestFirstNode"];
n021 -> n0211;
n02 -> n021;
n022[label = "And"];
n0220[label = "FarthestFirstNode"];
n022 -> n0220;
n0221[label = "FarthestFirstNode"];
n022 -> n0221;
n02 -> n022;
n0 -> n02;
n -> n0;
n1[label = "Or"];
n10[label = "FarthestInsertion"];
n1 -> n10;
n11[label = "If_Then_Else"];
n110[label = "NearestInsertion"];
n11 -> n110;
n111[label = "And"];
n1110[label = "FarthestFirstNode"];
n111 -> n1110;
n1111[label = "FarthestFirstNode"];
n111 -> n1111;
n11 -> n111;
n112[label = "And"];
n1120[label = "FarthestFirstNode"];
n112 -> n1120;
n1121[label = "FarthestFirstNode"];
n112 -> n1121;
n11 -> n112;
n1 -> n11;
n -> n1;
n2[label = "FarthestFirstNode"];
n -> n2;
}


Generation: 80
Best Individual:
Subpopulation 0:
Evaluated: true
Fitness: Standardized=0.28440526 Adjusted=0.7785705 Hits=0
Tree 0:
digraph g {
node [shape=rectangle];
n[label = "If_Then_Else"];
n0[label = "If_Then_Else"];
n00[label = "NearestInsertion"];
n0 -> n00;
n01[label = "Equal"];
n010[label = "Equal"];
n0100[label = "FarthestInsertion"];
n010 -> n0100;
n0101[label = "FarthestFirstNode"];
n010 -> n0101;
n01 -> n010;
n011[label = "FarthestFirstNode"];
n01 -> n011;
n0 -> n01;
n02[label = "Or"];
n020[label = "FarthestInsertion"];
n02 -> n020;
n021[label = "FarthestFirstNode"];
n02 -> n021;
n0 -> n02;
n -> n0;
n1[label = "Or"];
n10[label = "FarthestInsertion"];
n1 -> n10;
n11[label = "FarthestInsertion"];
n1 -> n11;
n -> n1;
n2[label = "FarthestFirstNode"];
n -> n2;
}


Generation: 81
Best Individual:
Subpopulation 0:
Evaluated: true
Fitness: Standardized=0.28440526 Adjusted=0.7785705 Hits=0
Tree 0:
digraph g {
node [shape=rectangle];
n[label = "If_Then_Else"];
n0[label = "If_Then_Else"];
n00[label = "NearestInsertion"];
n0 -> n00;
n01[label = "Equal"];
n010[label = "And"];
n0100[label = "FarthestInsertion"];
n010 -> n0100;
n0101[label = "FarthestFirstNode"];
n010 -> n0101;
n01 -> n010;
n011[label = "FarthestFirstNode"];
n01 -> n011;
n0 -> n01;
n02[label = "If_Then_Else"];
n020[label = "NearestInsertion"];
n02 -> n020;
n021[label = "Equal"];
n0210[label = "FarthestFirstNode"];
n021 -> n0210;
n0211[label = "FarthestFirstNode"];
n021 -> n0211;
n02 -> n021;
n022[label = "And"];
n0220[label = "FarthestFirstNode"];
n022 -> n0220;
n0221[label = "FarthestFirstNode"];
n022 -> n0221;
n02 -> n022;
n0 -> n02;
n -> n0;
n1[label = "Or"];
n10[label = "FarthestInsertion"];
n1 -> n10;
n11[label = "If_Then_Else"];
n110[label = "NearestInsertion"];
n11 -> n110;
n111[label = "And"];
n1110[label = "FarthestFirstNode"];
n111 -> n1110;
n1111[label = "FarthestFirstNode"];
n111 -> n1111;
n11 -> n111;
n112[label = "And"];
n1120[label = "FarthestFirstNode"];
n112 -> n1120;
n1121[label = "FarthestFirstNode"];
n112 -> n1121;
n11 -> n112;
n1 -> n11;
n -> n1;
n2[label = "FarthestFirstNode"];
n -> n2;
}


Generation: 82
Best Individual:
Subpopulation 0:
Evaluated: true
Fitness: Standardized=0.28440526 Adjusted=0.7785705 Hits=0
Tree 0:
digraph g {
node [shape=rectangle];
n[label = "If_Then_Else"];
n0[label = "If_Then_Else"];
n00[label = "NearestInsertion"];
n0 -> n00;
n01[label = "Equal"];
n010[label = "And"];
n0100[label = "FarthestInsertion"];
n010 -> n0100;
n0101[label = "FarthestFirstNode"];
n010 -> n0101;
n01 -> n010;
n011[label = "FarthestFirstNode"];
n01 -> n011;
n0 -> n01;
n02[label = "If_Then_Else"];
n020[label = "NearestInsertion"];
n02 -> n020;
n021[label = "Equal"];
n0210[label = "FarthestFirstNode"];
n021 -> n0210;
n0211[label = "FarthestFirstNode"];
n021 -> n0211;
n02 -> n021;
n022[label = "Or"];
n0220[label = "FarthestInsertion"];
n022 -> n0220;
n0221[label = "FarthestInsertion"];
n022 -> n0221;
n02 -> n022;
n0 -> n02;
n -> n0;
n1[label = "Or"];
n10[label = "FarthestInsertion"];
n1 -> n10;
n11[label = "If_Then_Else"];
n110[label = "NearestInsertion"];
n11 -> n110;
n111[label = "NearestNeighbor"];
n11 -> n111;
n112[label = "And"];
n1120[label = "FarthestFirstNode"];
n112 -> n1120;
n1121[label = "FarthestFirstNode"];
n112 -> n1121;
n11 -> n112;
n1 -> n11;
n -> n1;
n2[label = "FarthestFirstNode"];
n -> n2;
}


Generation: 83
Best Individual:
Subpopulation 0:
Evaluated: true
Fitness: Standardized=0.28440526 Adjusted=0.7785705 Hits=0
Tree 0:
digraph g {
node [shape=rectangle];
n[label = "If_Then_Else"];
n0[label = "If_Then_Else"];
n00[label = "NearestInsertion"];
n0 -> n00;
n01[label = "Equal"];
n010[label = "And"];
n0100[label = "FarthestInsertion"];
n010 -> n0100;
n0101[label = "FarthestFirstNode"];
n010 -> n0101;
n01 -> n010;
n011[label = "FarthestFirstNode"];
n01 -> n011;
n0 -> n01;
n02[label = "If_Then_Else"];
n020[label = "NearestInsertion"];
n02 -> n020;
n021[label = "Equal"];
n0210[label = "FarthestFirstNode"];
n021 -> n0210;
n0211[label = "FarthestFirstNode"];
n021 -> n0211;
n02 -> n021;
n022[label = "And"];
n0220[label = "FarthestInsertion"];
n022 -> n0220;
n0221[label = "FarthestFirstNode"];
n022 -> n0221;
n02 -> n022;
n0 -> n02;
n -> n0;
n1[label = "Or"];
n10[label = "FarthestInsertion"];
n1 -> n10;
n11[label = "FarthestInsertion"];
n1 -> n11;
n -> n1;
n2[label = "FarthestFirstNode"];
n -> n2;
}


Generation: 84
Best Individual:
Subpopulation 0:
Evaluated: true
Fitness: Standardized=0.28440526 Adjusted=0.7785705 Hits=0
Tree 0:
digraph g {
node [shape=rectangle];
n[label = "If_Then_Else"];
n0[label = "If_Then_Else"];
n00[label = "NearestInsertion"];
n0 -> n00;
n01[label = "Equal"];
n010[label = "And"];
n0100[label = "FarthestInsertion"];
n010 -> n0100;
n0101[label = "FarthestFirstNode"];
n010 -> n0101;
n01 -> n010;
n011[label = "FarthestFirstNode"];
n01 -> n011;
n0 -> n01;
n02[label = "FarthestFirstNode"];
n0 -> n02;
n -> n0;
n1[label = "Or"];
n10[label = "FarthestInsertion"];
n1 -> n10;
n11[label = "If_Then_Else"];
n110[label = "NearestInsertion"];
n11 -> n110;
n111[label = "FarthestFirstNode"];
n11 -> n111;
n112[label = "And"];
n1120[label = "FarthestFirstNode"];
n112 -> n1120;
n1121[label = "FarthestFirstNode"];
n112 -> n1121;
n11 -> n112;
n1 -> n11;
n -> n1;
n2[label = "FarthestFirstNode"];
n -> n2;
}


Generation: 85
Best Individual:
Subpopulation 0:
Evaluated: true
Fitness: Standardized=0.28440526 Adjusted=0.7785705 Hits=0
Tree 0:
digraph g {
node [shape=rectangle];
n[label = "If_Then_Else"];
n0[label = "If_Then_Else"];
n00[label = "NearestInsertion"];
n0 -> n00;
n01[label = "Equal"];
n010[label = "And"];
n0100[label = "FarthestInsertion"];
n010 -> n0100;
n0101[label = "FarthestFirstNode"];
n010 -> n0101;
n01 -> n010;
n011[label = "FarthestFirstNode"];
n01 -> n011;
n0 -> n01;
n02[label = "FarthestFirstNode"];
n0 -> n02;
n -> n0;
n1[label = "Or"];
n10[label = "FarthestInsertion"];
n1 -> n10;
n11[label = "If_Then_Else"];
n110[label = "NearestInsertion"];
n11 -> n110;
n111[label = "And"];
n1110[label = "FarthestFirstNode"];
n111 -> n1110;
n1111[label = "FarthestFirstNode"];
n111 -> n1111;
n11 -> n111;
n112[label = "And"];
n1120[label = "FarthestFirstNode"];
n112 -> n1120;
n1121[label = "FarthestFirstNode"];
n112 -> n1121;
n11 -> n112;
n1 -> n11;
n -> n1;
n2[label = "FarthestFirstNode"];
n -> n2;
}


Generation: 86
Best Individual:
Subpopulation 0:
Evaluated: true
Fitness: Standardized=0.28440526 Adjusted=0.7785705 Hits=0
Tree 0:
digraph g {
node [shape=rectangle];
n[label = "If_Then_Else"];
n0[label = "If_Then_Else"];
n00[label = "NearestInsertion"];
n0 -> n00;
n01[label = "Equal"];
n010[label = "And"];
n0100[label = "FarthestInsertion"];
n010 -> n0100;
n0101[label = "FarthestFirstNode"];
n010 -> n0101;
n01 -> n010;
n011[label = "FarthestFirstNode"];
n01 -> n011;
n0 -> n01;
n02[label = "FarthestFirstNode"];
n0 -> n02;
n -> n0;
n1[label = "Or"];
n10[label = "FarthestInsertion"];
n1 -> n10;
n11[label = "If_Then_Else"];
n110[label = "NearestInsertion"];
n11 -> n110;
n111[label = "And"];
n1110[label = "FarthestFirstNode"];
n111 -> n1110;
n1111[label = "FarthestFirstNode"];
n111 -> n1111;
n11 -> n111;
n112[label = "And"];
n1120[label = "FarthestFirstNode"];
n112 -> n1120;
n1121[label = "FarthestFirstNode"];
n112 -> n1121;
n11 -> n112;
n1 -> n11;
n -> n1;
n2[label = "FarthestFirstNode"];
n -> n2;
}


Generation: 87
Best Individual:
Subpopulation 0:
Evaluated: true
Fitness: Standardized=0.28440526 Adjusted=0.7785705 Hits=0
Tree 0:
digraph g {
node [shape=rectangle];
n[label = "If_Then_Else"];
n0[label = "If_Then_Else"];
n00[label = "NearestInsertion"];
n0 -> n00;
n01[label = "If_Then"];
n010[label = "And"];
n0100[label = "FarthestFirstNode"];
n010 -> n0100;
n0101[label = "FarthestFirstNode"];
n010 -> n0101;
n01 -> n010;
n011[label = "FarthestFirstNode"];
n01 -> n011;
n0 -> n01;
n02[label = "If_Then_Else"];
n020[label = "NearestInsertion"];
n02 -> n020;
n021[label = "Equal"];
n0210[label = "FarthestFirstNode"];
n021 -> n0210;
n0211[label = "FarthestFirstNode"];
n021 -> n0211;
n02 -> n021;
n022[label = "FarthestInsertion"];
n02 -> n022;
n0 -> n02;
n -> n0;
n1[label = "FarthestFirstNode"];
n -> n1;
n2[label = "FarthestFirstNode"];
n -> n2;
}


Generation: 88
Best Individual:
Subpopulation 0:
Evaluated: true
Fitness: Standardized=0.28440526 Adjusted=0.7785705 Hits=0
Tree 0:
digraph g {
node [shape=rectangle];
n[label = "If_Then_Else"];
n0[label = "If_Then_Else"];
n00[label = "NearestInsertion"];
n0 -> n00;
n01[label = "Equal"];
n010[label = "And"];
n0100[label = "FarthestInsertion"];
n010 -> n0100;
n0101[label = "FarthestFirstNode"];
n010 -> n0101;
n01 -> n010;
n011[label = "FarthestFirstNode"];
n01 -> n011;
n0 -> n01;
n02[label = "If_Then_Else"];
n020[label = "NearestInsertion"];
n02 -> n020;
n021[label = "Equal"];
n0210[label = "FarthestFirstNode"];
n021 -> n0210;
n0211[label = "FarthestFirstNode"];
n021 -> n0211;
n02 -> n021;
n022[label = "And"];
n0220[label = "FarthestFirstNode"];
n022 -> n0220;
n0221[label = "FarthestFirstNode"];
n022 -> n0221;
n02 -> n022;
n0 -> n02;
n -> n0;
n1[label = "Or"];
n10[label = "FarthestInsertion"];
n1 -> n10;
n11[label = "If_Then_Else"];
n110[label = "NearestInsertion"];
n11 -> n110;
n111[label = "And"];
n1110[label = "FarthestFirstNode"];
n111 -> n1110;
n1111[label = "FarthestFirstNode"];
n111 -> n1111;
n11 -> n111;
n112[label = "And"];
n1120[label = "FarthestFirstNode"];
n112 -> n1120;
n1121[label = "FarthestFirstNode"];
n112 -> n1121;
n11 -> n112;
n1 -> n11;
n -> n1;
n2[label = "FarthestFirstNode"];
n -> n2;
}


Generation: 89
Best Individual:
Subpopulation 0:
Evaluated: true
Fitness: Standardized=0.28440526 Adjusted=0.7785705 Hits=0
Tree 0:
digraph g {
node [shape=rectangle];
n[label = "If_Then_Else"];
n0[label = "If_Then_Else"];
n00[label = "NearestInsertion"];
n0 -> n00;
n01[label = "Equal"];
n010[label = "And"];
n0100[label = "FarthestFirstNode"];
n010 -> n0100;
n0101[label = "FarthestFirstNode"];
n010 -> n0101;
n01 -> n010;
n011[label = "FarthestFirstNode"];
n01 -> n011;
n0 -> n01;
n02[label = "If_Then_Else"];
n020[label = "NearestInsertion"];
n02 -> n020;
n021[label = "Equal"];
n0210[label = "FarthestFirstNode"];
n021 -> n0210;
n0211[label = "FarthestFirstNode"];
n021 -> n0211;
n02 -> n021;
n022[label = "FarthestInsertion"];
n02 -> n022;
n0 -> n02;
n -> n0;
n1[label = "FarthestFirstNode"];
n -> n1;
n2[label = "FarthestFirstNode"];
n -> n2;
}


Generation: 90
Best Individual:
Subpopulation 0:
Evaluated: true
Fitness: Standardized=0.28440526 Adjusted=0.7785705 Hits=0
Tree 0:
digraph g {
node [shape=rectangle];
n[label = "If_Then_Else"];
n0[label = "If_Then_Else"];
n00[label = "NearestInsertion"];
n0 -> n00;
n01[label = "Equal"];
n010[label = "And"];
n0100[label = "FarthestInsertion"];
n010 -> n0100;
n0101[label = "FarthestFirstNode"];
n010 -> n0101;
n01 -> n010;
n011[label = "FarthestFirstNode"];
n01 -> n011;
n0 -> n01;
n02[label = "If_Then_Else"];
n020[label = "NearestInsertion"];
n02 -> n020;
n021[label = "Equal"];
n0210[label = "FarthestFirstNode"];
n021 -> n0210;
n0211[label = "FarthestFirstNode"];
n021 -> n0211;
n02 -> n021;
n022[label = "And"];
n0220[label = "FarthestFirstNode"];
n022 -> n0220;
n0221[label = "FarthestFirstNode"];
n022 -> n0221;
n02 -> n022;
n0 -> n02;
n -> n0;
n1[label = "Or"];
n10[label = "FarthestInsertion"];
n1 -> n10;
n11[label = "If_Then_Else"];
n110[label = "NearestInsertion"];
n11 -> n110;
n111[label = "And"];
n1110[label = "FarthestFirstNode"];
n111 -> n1110;
n1111[label = "FarthestFirstNode"];
n111 -> n1111;
n11 -> n111;
n112[label = "FarthestFirstNode"];
n11 -> n112;
n1 -> n11;
n -> n1;
n2[label = "FarthestFirstNode"];
n -> n2;
}


Generation: 91
Best Individual:
Subpopulation 0:
Evaluated: true
Fitness: Standardized=0.28440526 Adjusted=0.7785705 Hits=0
Tree 0:
digraph g {
node [shape=rectangle];
n[label = "If_Then_Else"];
n0[label = "If_Then_Else"];
n00[label = "NearestInsertion"];
n0 -> n00;
n01[label = "Equal"];
n010[label = "And"];
n0100[label = "FarthestFirstNode"];
n010 -> n0100;
n0101[label = "FarthestFirstNode"];
n010 -> n0101;
n01 -> n010;
n011[label = "FarthestFirstNode"];
n01 -> n011;
n0 -> n01;
n02[label = "NearestFirstNode"];
n0 -> n02;
n -> n0;
n1[label = "Or"];
n10[label = "FarthestInsertion"];
n1 -> n10;
n11[label = "FarthestInsertion"];
n1 -> n11;
n -> n1;
n2[label = "FarthestFirstNode"];
n -> n2;
}


Generation: 92
Best Individual:
Subpopulation 0:
Evaluated: true
Fitness: Standardized=0.28440526 Adjusted=0.7785705 Hits=0
Tree 0:
digraph g {
node [shape=rectangle];
n[label = "If_Then_Else"];
n0[label = "If_Then_Else"];
n00[label = "NearestInsertion"];
n0 -> n00;
n01[label = "Equal"];
n010[label = "And"];
n0100[label = "FarthestInsertion"];
n010 -> n0100;
n0101[label = "FarthestFirstNode"];
n010 -> n0101;
n01 -> n010;
n011[label = "FarthestFirstNode"];
n01 -> n011;
n0 -> n01;
n02[label = "And"];
n020[label = "FarthestFirstNode"];
n02 -> n020;
n021[label = "FarthestFirstNode"];
n02 -> n021;
n0 -> n02;
n -> n0;
n1[label = "Or"];
n10[label = "FarthestInsertion"];
n1 -> n10;
n11[label = "FarthestInsertion"];
n1 -> n11;
n -> n1;
n2[label = "FarthestFirstNode"];
n -> n2;
}


Generation: 93
Best Individual:
Subpopulation 0:
Evaluated: true
Fitness: Standardized=0.28440526 Adjusted=0.7785705 Hits=0
Tree 0:
digraph g {
node [shape=rectangle];
n[label = "If_Then_Else"];
n0[label = "If_Then_Else"];
n00[label = "NearestInsertion"];
n0 -> n00;
n01[label = "Equal"];
n010[label = "And"];
n0100[label = "FarthestInsertion"];
n010 -> n0100;
n0101[label = "FarthestFirstNode"];
n010 -> n0101;
n01 -> n010;
n011[label = "FarthestFirstNode"];
n01 -> n011;
n0 -> n01;
n02[label = "If_Then_Else"];
n020[label = "NearestInsertion"];
n02 -> n020;
n021[label = "Or"];
n0210[label = "FarthestInsertion"];
n021 -> n0210;
n0211[label = "FarthestFirstNode"];
n021 -> n0211;
n02 -> n021;
n022[label = "Or"];
n0220[label = "FarthestInsertion"];
n022 -> n0220;
n0221[label = "FarthestInsertion"];
n022 -> n0221;
n02 -> n022;
n0 -> n02;
n -> n0;
n1[label = "Or"];
n10[label = "FarthestInsertion"];
n1 -> n10;
n11[label = "Equal"];
n110[label = "Or"];
n1100[label = "FarthestInsertion"];
n110 -> n1100;
n1101[label = "FarthestInsertion"];
n110 -> n1101;
n11 -> n110;
n111[label = "FarthestFirstNode"];
n11 -> n111;
n1 -> n11;
n -> n1;
n2[label = "FarthestFirstNode"];
n -> n2;
}


Generation: 94
Best Individual:
Subpopulation 0:
Evaluated: true
Fitness: Standardized=0.28440526 Adjusted=0.7785705 Hits=0
Tree 0:
digraph g {
node [shape=rectangle];
n[label = "If_Then_Else"];
n0[label = "If_Then_Else"];
n00[label = "NearestInsertion"];
n0 -> n00;
n01[label = "Equal"];
n010[label = "And"];
n0100[label = "FarthestInsertion"];
n010 -> n0100;
n0101[label = "FarthestFirstNode"];
n010 -> n0101;
n01 -> n010;
n011[label = "FarthestFirstNode"];
n01 -> n011;
n0 -> n01;
n02[label = "Equal"];
n020[label = "FarthestInsertion"];
n02 -> n020;
n021[label = "FarthestFirstNode"];
n02 -> n021;
n0 -> n02;
n -> n0;
n1[label = "Or"];
n10[label = "FarthestInsertion"];
n1 -> n10;
n11[label = "FarthestInsertion"];
n1 -> n11;
n -> n1;
n2[label = "FarthestFirstNode"];
n -> n2;
}


Generation: 95
Best Individual:
Subpopulation 0:
Evaluated: true
Fitness: Standardized=0.28440526 Adjusted=0.7785705 Hits=0
Tree 0:
digraph g {
node [shape=rectangle];
n[label = "If_Then_Else"];
n0[label = "If_Then_Else"];
n00[label = "NearestInsertion"];
n0 -> n00;
n01[label = "Equal"];
n010[label = "And"];
n0100[label = "FarthestInsertion"];
n010 -> n0100;
n0101[label = "FarthestFirstNode"];
n010 -> n0101;
n01 -> n010;
n011[label = "FarthestFirstNode"];
n01 -> n011;
n0 -> n01;
n02[label = "Equal"];
n020[label = "And"];
n0200[label = "FarthestInsertion"];
n020 -> n0200;
n0201[label = "FarthestFirstNode"];
n020 -> n0201;
n02 -> n020;
n021[label = "FarthestFirstNode"];
n02 -> n021;
n0 -> n02;
n -> n0;
n1[label = "Or"];
n10[label = "FarthestFirstNode"];
n1 -> n10;
n11[label = "Equal"];
n110[label = "Or"];
n1100[label = "FarthestInsertion"];
n110 -> n1100;
n1101[label = "FarthestInsertion"];
n110 -> n1101;
n11 -> n110;
n111[label = "FarthestFirstNode"];
n11 -> n111;
n1 -> n11;
n -> n1;
n2[label = "FarthestFirstNode"];
n -> n2;
}


Generation: 96
Best Individual:
Subpopulation 0:
Evaluated: true
Fitness: Standardized=0.28440526 Adjusted=0.7785705 Hits=0
Tree 0:
digraph g {
node [shape=rectangle];
n[label = "If_Then_Else"];
n0[label = "If_Then_Else"];
n00[label = "NearestInsertion"];
n0 -> n00;
n01[label = "Equal"];
n010[label = "And"];
n0100[label = "FarthestInsertion"];
n010 -> n0100;
n0101[label = "FarthestFirstNode"];
n010 -> n0101;
n01 -> n010;
n011[label = "FarthestFirstNode"];
n01 -> n011;
n0 -> n01;
n02[label = "Equal"];
n020[label = "And"];
n0200[label = "FarthestInsertion"];
n020 -> n0200;
n0201[label = "FarthestFirstNode"];
n020 -> n0201;
n02 -> n020;
n021[label = "FarthestFirstNode"];
n02 -> n021;
n0 -> n02;
n -> n0;
n1[label = "Or"];
n10[label = "FarthestInsertion"];
n1 -> n10;
n11[label = "FarthestInsertion"];
n1 -> n11;
n -> n1;
n2[label = "FarthestFirstNode"];
n -> n2;
}


Generation: 97
Best Individual:
Subpopulation 0:
Evaluated: true
Fitness: Standardized=0.28440526 Adjusted=0.7785705 Hits=0
Tree 0:
digraph g {
node [shape=rectangle];
n[label = "If_Then_Else"];
n0[label = "If_Then_Else"];
n00[label = "NearestInsertion"];
n0 -> n00;
n01[label = "Equal"];
n010[label = "And"];
n0100[label = "FarthestInsertion"];
n010 -> n0100;
n0101[label = "FarthestFirstNode"];
n010 -> n0101;
n01 -> n010;
n011[label = "FarthestFirstNode"];
n01 -> n011;
n0 -> n01;
n02[label = "FarthestInsertion"];
n0 -> n02;
n -> n0;
n1[label = "Or"];
n10[label = "FarthestInsertion"];
n1 -> n10;
n11[label = "FarthestInsertion"];
n1 -> n11;
n -> n1;
n2[label = "FarthestFirstNode"];
n -> n2;
}


Generation: 98
Best Individual:
Subpopulation 0:
Evaluated: true
Fitness: Standardized=0.28440526 Adjusted=0.7785705 Hits=0
Tree 0:
digraph g {
node [shape=rectangle];
n[label = "If_Then_Else"];
n0[label = "If_Then_Else"];
n00[label = "NearestInsertion"];
n0 -> n00;
n01[label = "Equal"];
n010[label = "And"];
n0100[label = "FarthestFirstNode"];
n010 -> n0100;
n0101[label = "FarthestFirstNode"];
n010 -> n0101;
n01 -> n010;
n011[label = "FarthestFirstNode"];
n01 -> n011;
n0 -> n01;
n02[label = "And"];
n020[label = "FarthestFirstNode"];
n02 -> n020;
n021[label = "FarthestFirstNode"];
n02 -> n021;
n0 -> n02;
n -> n0;
n1[label = "Or"];
n10[label = "FarthestInsertion"];
n1 -> n10;
n11[label = "FarthestInsertion"];
n1 -> n11;
n -> n1;
n2[label = "FarthestFirstNode"];
n -> n2;
}


Generation: 99
Best Individual:
Subpopulation 0:
Evaluated: true
Fitness: Standardized=0.28440526 Adjusted=0.7785705 Hits=0
Tree 0:
digraph g {
node [shape=rectangle];
n[label = "If_Then_Else"];
n0[label = "If_Then_Else"];
n00[label = "NearestInsertion"];
n0 -> n00;
n01[label = "Equal"];
n010[label = "And"];
n0100[label = "FarthestInsertion"];
n010 -> n0100;
n0101[label = "FarthestFirstNode"];
n010 -> n0101;
n01 -> n010;
n011[label = "FarthestFirstNode"];
n01 -> n011;
n0 -> n01;
n02[label = "Equal"];
n020[label = "Or"];
n0200[label = "FarthestInsertion"];
n020 -> n0200;
n0201[label = "FarthestInsertion"];
n020 -> n0201;
n02 -> n020;
n021[label = "FarthestFirstNode"];
n02 -> n021;
n0 -> n02;
n -> n0;
n1[label = "Or"];
n10[label = "FarthestInsertion"];
n1 -> n10;
n11[label = "FarthestInsertion"];
n1 -> n11;
n -> n1;
n2[label = "FarthestFirstNode"];
n -> n2;
}


Best Individual of Run:
Subpopulation 0:
Evaluated: true
Fitness: Standardized=0.28440526 Adjusted=0.7785705 Hits=0
Tree 0:
digraph g {
node [shape=rectangle];
n[label = "If_Then_Else"];
n0[label = "If_Then_Else"];
n00[label = "Or"];
n000[label = "NearestInsertion"];
n00 -> n000;
n001[label = "CplexTerminal"];
n00 -> n001;
n0 -> n00;
n01[label = "Equal"];
n010[label = "FarthestInsertion"];
n01 -> n010;
n011[label = "FarthestFirstNode"];
n01 -> n011;
n0 -> n01;
n02[label = "FarthestFirstNode"];
n0 -> n02;
n -> n0;
n1[label = "Equal"];
n10[label = "FarthestInsertion"];
n1 -> n10;
n11[label = "FarthestFirstNode"];
n1 -> n11;
n -> n1;
n2[label = "FarthestFirstNode"];
n -> n2;
}

