
Generation: 0
Best Individual:
Subpopulation 0:
Evaluated: true
Fitness: Standardized=0.30623427 Adjusted=0.7655595 Hits=0
Tree 0:
digraph g {
node [shape=rectangle];
n[label = "Equal"];
n0[label = "If_Then"];
n00[label = "FarthestNeighbor"];
n0 -> n00;
n01[label = "FarthestFirstNode"];
n0 -> n01;
n -> n0;
n1[label = "And"];
n10[label = "FarthestNeighbor"];
n1 -> n10;
n11[label = "FarthestNeighbor"];
n1 -> n11;
n -> n1;
}


Generation: 1
Best Individual:
Subpopulation 0:
Evaluated: true
Fitness: Standardized=0.30623427 Adjusted=0.7655595 Hits=0
Tree 0:
digraph g {
node [shape=rectangle];
n[label = "Equal"];
n0[label = "If_Then"];
n00[label = "FarthestNeighbor"];
n0 -> n00;
n01[label = "FarthestFirstNode"];
n0 -> n01;
n -> n0;
n1[label = "And"];
n10[label = "FarthestNeighbor"];
n1 -> n10;
n11[label = "FarthestNeighbor"];
n1 -> n11;
n -> n1;
}


Generation: 2
Best Individual:
Subpopulation 0:
Evaluated: true
Fitness: Standardized=0.29851535 Adjusted=0.7701103 Hits=0
Tree 0:
digraph g {
node [shape=rectangle];
n[label = "If_Then_Else"];
n0[label = "And"];
n00[label = "Or"];
n000[label = "If_Then_Else"];
n0000[label = "NearestInsertion"];
n000 -> n0000;
n0001[label = "WorstMove"];
n000 -> n0001;
n0002[label = "CplexTerminal"];
n000 -> n0002;
n00 -> n000;
n001[label = "While"];
n0010[label = "FarthestFirstNode"];
n001 -> n0010;
n0011[label = "NearestFirstNode"];
n001 -> n0011;
n00 -> n001;
n0 -> n00;
n01[label = "Or"];
n010[label = "Or"];
n0100[label = "NearestNeighbor"];
n010 -> n0100;
n0101[label = "NearestInsertion"];
n010 -> n0101;
n01 -> n010;
n011[label = "If_Then_Else"];
n0110[label = "BestMove"];
n011 -> n0110;
n0111[label = "NearestNeighbor"];
n011 -> n0111;
n0112[label = "FarthestInsertion"];
n011 -> n0112;
n01 -> n011;
n0 -> n01;
n -> n0;
n1[label = "If_Then"];
n10[label = "If_Then_Else"];
n100[label = "If_Then_Else"];
n1000[label = "FarthestInsertion"];
n100 -> n1000;
n1001[label = "NearestFirstNode"];
n100 -> n1001;
n1002[label = "NearestNeighbor"];
n100 -> n1002;
n10 -> n100;
n101[label = "Or"];
n1010[label = "FarthestInsertion"];
n101 -> n1010;
n1011[label = "NearestFirstNode"];
n101 -> n1011;
n10 -> n101;
n102[label = "If_Then"];
n1020[label = "NearestFirstNode"];
n102 -> n1020;
n1021[label = "NearestFirstNode"];
n102 -> n1021;
n10 -> n102;
n1 -> n10;
n11[label = "And"];
n110[label = "Equal"];
n1100[label = "BestMove"];
n110 -> n1100;
n1101[label = "FarthestFirstNode"];
n110 -> n1101;
n11 -> n110;
n111[label = "And"];
n1110[label = "NearestInsertion"];
n111 -> n1110;
n1111[label = "FarthestInsertion"];
n111 -> n1111;
n11 -> n111;
n1 -> n11;
n -> n1;
n2[label = "Equal"];
n20[label = "If_Then"];
n200[label = "And"];
n2000[label = "NearestInsertion"];
n200 -> n2000;
n2001[label = "FarthestInsertion"];
n200 -> n2001;
n20 -> n200;
n201[label = "If_Then_Else"];
n2010[label = "WorstMove"];
n201 -> n2010;
n2011[label = "NearestNeighbor"];
n201 -> n2011;
n2012[label = "NearestNeighbor"];
n201 -> n2012;
n20 -> n201;
n2 -> n20;
n21[label = "And"];
n210[label = "If_Then_Else"];
n2100[label = "NearestInsertion"];
n210 -> n2100;
n2101[label = "FarthestNeighbor"];
n210 -> n2101;
n2102[label = "WorstMove"];
n210 -> n2102;
n21 -> n210;
n211[label = "While"];
n2110[label = "CplexTerminal"];
n211 -> n2110;
n2111[label = "FarthestFirstNode"];
n211 -> n2111;
n21 -> n211;
n2 -> n21;
n -> n2;
}


Generation: 3
Best Individual:
Subpopulation 0:
Evaluated: true
Fitness: Standardized=0.29851535 Adjusted=0.7701103 Hits=0
Tree 0:
digraph g {
node [shape=rectangle];
n[label = "If_Then_Else"];
n0[label = "And"];
n00[label = "Or"];
n000[label = "If_Then_Else"];
n0000[label = "NearestInsertion"];
n000 -> n0000;
n0001[label = "WorstMove"];
n000 -> n0001;
n0002[label = "CplexTerminal"];
n000 -> n0002;
n00 -> n000;
n001[label = "While"];
n0010[label = "FarthestFirstNode"];
n001 -> n0010;
n0011[label = "NearestFirstNode"];
n001 -> n0011;
n00 -> n001;
n0 -> n00;
n01[label = "Or"];
n010[label = "Or"];
n0100[label = "NearestNeighbor"];
n010 -> n0100;
n0101[label = "NearestInsertion"];
n010 -> n0101;
n01 -> n010;
n011[label = "If_Then_Else"];
n0110[label = "BestMove"];
n011 -> n0110;
n0111[label = "NearestNeighbor"];
n011 -> n0111;
n0112[label = "FarthestInsertion"];
n011 -> n0112;
n01 -> n011;
n0 -> n01;
n -> n0;
n1[label = "If_Then"];
n10[label = "If_Then_Else"];
n100[label = "If_Then_Else"];
n1000[label = "FarthestInsertion"];
n100 -> n1000;
n1001[label = "NearestFirstNode"];
n100 -> n1001;
n1002[label = "NearestNeighbor"];
n100 -> n1002;
n10 -> n100;
n101[label = "Or"];
n1010[label = "FarthestInsertion"];
n101 -> n1010;
n1011[label = "NearestFirstNode"];
n101 -> n1011;
n10 -> n101;
n102[label = "If_Then"];
n1020[label = "NearestFirstNode"];
n102 -> n1020;
n1021[label = "NearestFirstNode"];
n102 -> n1021;
n10 -> n102;
n1 -> n10;
n11[label = "And"];
n110[label = "Equal"];
n1100[label = "BestMove"];
n110 -> n1100;
n1101[label = "FarthestFirstNode"];
n110 -> n1101;
n11 -> n110;
n111[label = "And"];
n1110[label = "NearestInsertion"];
n111 -> n1110;
n1111[label = "FarthestInsertion"];
n111 -> n1111;
n11 -> n111;
n1 -> n11;
n -> n1;
n2[label = "Equal"];
n20[label = "If_Then"];
n200[label = "And"];
n2000[label = "NearestInsertion"];
n200 -> n2000;
n2001[label = "FarthestInsertion"];
n200 -> n2001;
n20 -> n200;
n201[label = "If_Then_Else"];
n2010[label = "WorstMove"];
n201 -> n2010;
n2011[label = "NearestNeighbor"];
n201 -> n2011;
n2012[label = "NearestNeighbor"];
n201 -> n2012;
n20 -> n201;
n2 -> n20;
n21[label = "And"];
n210[label = "If_Then_Else"];
n2100[label = "NearestInsertion"];
n210 -> n2100;
n2101[label = "FarthestNeighbor"];
n210 -> n2101;
n2102[label = "WorstMove"];
n210 -> n2102;
n21 -> n210;
n211[label = "While"];
n2110[label = "CplexTerminal"];
n211 -> n2110;
n2111[label = "FarthestFirstNode"];
n211 -> n2111;
n21 -> n211;
n2 -> n21;
n -> n2;
}


Generation: 4
Best Individual:
Subpopulation 0:
Evaluated: true
Fitness: Standardized=0.2983449 Adjusted=0.7702114 Hits=0
Tree 0:
digraph g {
node [shape=rectangle];
n[label = "If_Then_Else"];
n0[label = "And"];
n00[label = "Or"];
n000[label = "If_Then_Else"];
n0000[label = "NearestInsertion"];
n000 -> n0000;
n0001[label = "WorstMove"];
n000 -> n0001;
n0002[label = "CplexTerminal"];
n000 -> n0002;
n00 -> n000;
n001[label = "While"];
n0010[label = "FarthestFirstNode"];
n001 -> n0010;
n0011[label = "NearestFirstNode"];
n001 -> n0011;
n00 -> n001;
n0 -> n00;
n01[label = "Or"];
n010[label = "Or"];
n0100[label = "NearestNeighbor"];
n010 -> n0100;
n0101[label = "NearestInsertion"];
n010 -> n0101;
n01 -> n010;
n011[label = "If_Then_Else"];
n0110[label = "BestMove"];
n011 -> n0110;
n0111[label = "NearestNeighbor"];
n011 -> n0111;
n0112[label = "FarthestInsertion"];
n011 -> n0112;
n01 -> n011;
n0 -> n01;
n -> n0;
n1[label = "If_Then"];
n10[label = "If_Then_Else"];
n100[label = "If_Then_Else"];
n1000[label = "FarthestInsertion"];
n100 -> n1000;
n1001[label = "NearestFirstNode"];
n100 -> n1001;
n1002[label = "NearestNeighbor"];
n100 -> n1002;
n10 -> n100;
n101[label = "Or"];
n1010[label = "FarthestInsertion"];
n101 -> n1010;
n1011[label = "NearestFirstNode"];
n101 -> n1011;
n10 -> n101;
n102[label = "If_Then"];
n1020[label = "NearestFirstNode"];
n102 -> n1020;
n1021[label = "NearestFirstNode"];
n102 -> n1021;
n10 -> n102;
n1 -> n10;
n11[label = "And"];
n110[label = "Equal"];
n1100[label = "BestMove"];
n110 -> n1100;
n1101[label = "FarthestFirstNode"];
n110 -> n1101;
n11 -> n110;
n111[label = "And"];
n1110[label = "NearestNeighbor"];
n111 -> n1110;
n1111[label = "FarthestFirstNode"];
n111 -> n1111;
n11 -> n111;
n1 -> n11;
n -> n1;
n2[label = "Equal"];
n20[label = "If_Then"];
n200[label = "If_Then_Else"];
n2000[label = "FarthestInsertion"];
n200 -> n2000;
n2001[label = "FarthestNeighbor"];
n200 -> n2001;
n2002[label = "CplexTerminal"];
n200 -> n2002;
n20 -> n200;
n201[label = "If_Then_Else"];
n2010[label = "WorstMove"];
n201 -> n2010;
n2011[label = "NearestNeighbor"];
n201 -> n2011;
n2012[label = "NearestNeighbor"];
n201 -> n2012;
n20 -> n201;
n2 -> n20;
n21[label = "And"];
n210[label = "If_Then_Else"];
n2100[label = "NearestInsertion"];
n210 -> n2100;
n2101[label = "FarthestNeighbor"];
n210 -> n2101;
n2102[label = "WorstMove"];
n210 -> n2102;
n21 -> n210;
n211[label = "While"];
n2110[label = "CplexTerminal"];
n211 -> n2110;
n2111[label = "FarthestFirstNode"];
n211 -> n2111;
n21 -> n211;
n2 -> n21;
n -> n2;
}


Generation: 5
Best Individual:
Subpopulation 0:
Evaluated: true
Fitness: Standardized=0.2983449 Adjusted=0.7702114 Hits=0
Tree 0:
digraph g {
node [shape=rectangle];
n[label = "If_Then_Else"];
n0[label = "And"];
n00[label = "Or"];
n000[label = "If_Then_Else"];
n0000[label = "NearestInsertion"];
n000 -> n0000;
n0001[label = "WorstMove"];
n000 -> n0001;
n0002[label = "CplexTerminal"];
n000 -> n0002;
n00 -> n000;
n001[label = "While"];
n0010[label = "FarthestFirstNode"];
n001 -> n0010;
n0011[label = "NearestFirstNode"];
n001 -> n0011;
n00 -> n001;
n0 -> n00;
n01[label = "Or"];
n010[label = "Or"];
n0100[label = "NearestNeighbor"];
n010 -> n0100;
n0101[label = "NearestInsertion"];
n010 -> n0101;
n01 -> n010;
n011[label = "If_Then_Else"];
n0110[label = "BestMove"];
n011 -> n0110;
n0111[label = "NearestNeighbor"];
n011 -> n0111;
n0112[label = "FarthestInsertion"];
n011 -> n0112;
n01 -> n011;
n0 -> n01;
n -> n0;
n1[label = "If_Then"];
n10[label = "If_Then_Else"];
n100[label = "If_Then_Else"];
n1000[label = "FarthestInsertion"];
n100 -> n1000;
n1001[label = "NearestFirstNode"];
n100 -> n1001;
n1002[label = "NearestNeighbor"];
n100 -> n1002;
n10 -> n100;
n101[label = "Or"];
n1010[label = "FarthestInsertion"];
n101 -> n1010;
n1011[label = "NearestFirstNode"];
n101 -> n1011;
n10 -> n101;
n102[label = "If_Then"];
n1020[label = "NearestFirstNode"];
n102 -> n1020;
n1021[label = "NearestFirstNode"];
n102 -> n1021;
n10 -> n102;
n1 -> n10;
n11[label = "And"];
n110[label = "Equal"];
n1100[label = "BestMove"];
n110 -> n1100;
n1101[label = "FarthestFirstNode"];
n110 -> n1101;
n11 -> n110;
n111[label = "And"];
n1110[label = "NearestNeighbor"];
n111 -> n1110;
n1111[label = "FarthestFirstNode"];
n111 -> n1111;
n11 -> n111;
n1 -> n11;
n -> n1;
n2[label = "Equal"];
n20[label = "Or"];
n200[label = "Or"];
n2000[label = "NearestNeighbor"];
n200 -> n2000;
n2001[label = "NearestInsertion"];
n200 -> n2001;
n20 -> n200;
n201[label = "If_Then_Else"];
n2010[label = "BestMove"];
n201 -> n2010;
n2011[label = "NearestNeighbor"];
n201 -> n2011;
n2012[label = "FarthestInsertion"];
n201 -> n2012;
n20 -> n201;
n2 -> n20;
n21[label = "And"];
n210[label = "If_Then_Else"];
n2100[label = "NearestInsertion"];
n210 -> n2100;
n2101[label = "FarthestNeighbor"];
n210 -> n2101;
n2102[label = "WorstMove"];
n210 -> n2102;
n21 -> n210;
n211[label = "While"];
n2110[label = "CplexTerminal"];
n211 -> n2110;
n2111[label = "FarthestFirstNode"];
n211 -> n2111;
n21 -> n211;
n2 -> n21;
n -> n2;
}


Generation: 6
Best Individual:
Subpopulation 0:
Evaluated: true
Fitness: Standardized=0.22269708 Adjusted=0.8178641 Hits=3
Tree 0:
digraph g {
node [shape=rectangle];
n[label = "Equal"];
n0[label = "If_Then"];
n00[label = "FarthestNeighbor"];
n0 -> n00;
n01[label = "FarthestFirstNode"];
n0 -> n01;
n -> n0;
n1[label = "And"];
n10[label = "While"];
n100[label = "Or"];
n1000[label = "NearestInsertion"];
n100 -> n1000;
n1001[label = "FarthestNeighbor"];
n100 -> n1001;
n10 -> n100;
n101[label = "NearestInsertion"];
n10 -> n101;
n1 -> n10;
n11[label = "FarthestNeighbor"];
n1 -> n11;
n -> n1;
}


Generation: 7
Best Individual:
Subpopulation 0:
Evaluated: true
Fitness: Standardized=0.22269708 Adjusted=0.8178641 Hits=3
Tree 0:
digraph g {
node [shape=rectangle];
n[label = "Equal"];
n0[label = "If_Then"];
n00[label = "FarthestNeighbor"];
n0 -> n00;
n01[label = "FarthestFirstNode"];
n0 -> n01;
n -> n0;
n1[label = "And"];
n10[label = "While"];
n100[label = "Or"];
n1000[label = "NearestInsertion"];
n100 -> n1000;
n1001[label = "FarthestNeighbor"];
n100 -> n1001;
n10 -> n100;
n101[label = "NearestInsertion"];
n10 -> n101;
n1 -> n10;
n11[label = "FarthestNeighbor"];
n1 -> n11;
n -> n1;
}


Generation: 8
Best Individual:
Subpopulation 0:
Evaluated: true
Fitness: Standardized=0.22269708 Adjusted=0.8178641 Hits=3
Tree 0:
digraph g {
node [shape=rectangle];
n[label = "Equal"];
n0[label = "If_Then"];
n00[label = "FarthestNeighbor"];
n0 -> n00;
n01[label = "FarthestFirstNode"];
n0 -> n01;
n -> n0;
n1[label = "And"];
n10[label = "While"];
n100[label = "Or"];
n1000[label = "NearestInsertion"];
n100 -> n1000;
n1001[label = "FarthestNeighbor"];
n100 -> n1001;
n10 -> n100;
n101[label = "Or"];
n1010[label = "NearestInsertion"];
n101 -> n1010;
n1011[label = "FarthestNeighbor"];
n101 -> n1011;
n10 -> n101;
n1 -> n10;
n11[label = "FarthestNeighbor"];
n1 -> n11;
n -> n1;
}


Generation: 9
Best Individual:
Subpopulation 0:
Evaluated: true
Fitness: Standardized=0.22269708 Adjusted=0.8178641 Hits=3
Tree 0:
digraph g {
node [shape=rectangle];
n[label = "Equal"];
n0[label = "If_Then"];
n00[label = "Or"];
n000[label = "FarthestFirstNode"];
n00 -> n000;
n001[label = "While"];
n0010[label = "FarthestFirstNode"];
n001 -> n0010;
n0011[label = "NearestFirstNode"];
n001 -> n0011;
n00 -> n001;
n0 -> n00;
n01[label = "FarthestFirstNode"];
n0 -> n01;
n -> n0;
n1[label = "And"];
n10[label = "While"];
n100[label = "Or"];
n1000[label = "NearestInsertion"];
n100 -> n1000;
n1001[label = "FarthestNeighbor"];
n100 -> n1001;
n10 -> n100;
n101[label = "NearestInsertion"];
n10 -> n101;
n1 -> n10;
n11[label = "FarthestNeighbor"];
n1 -> n11;
n -> n1;
}


Generation: 10
Best Individual:
Subpopulation 0:
Evaluated: true
Fitness: Standardized=0.22269708 Adjusted=0.8178641 Hits=3
Tree 0:
digraph g {
node [shape=rectangle];
n[label = "Equal"];
n0[label = "If_Then"];
n00[label = "FarthestNeighbor"];
n0 -> n00;
n01[label = "FarthestFirstNode"];
n0 -> n01;
n -> n0;
n1[label = "And"];
n10[label = "While"];
n100[label = "Or"];
n1000[label = "NearestInsertion"];
n100 -> n1000;
n1001[label = "FarthestNeighbor"];
n100 -> n1001;
n10 -> n100;
n101[label = "Or"];
n1010[label = "NearestInsertion"];
n101 -> n1010;
n1011[label = "FarthestNeighbor"];
n101 -> n1011;
n10 -> n101;
n1 -> n10;
n11[label = "If_Then"];
n110[label = "FarthestNeighbor"];
n11 -> n110;
n111[label = "FarthestFirstNode"];
n11 -> n111;
n1 -> n11;
n -> n1;
}


Generation: 11
Best Individual:
Subpopulation 0:
Evaluated: true
Fitness: Standardized=0.22269708 Adjusted=0.8178641 Hits=3
Tree 0:
digraph g {
node [shape=rectangle];
n[label = "Equal"];
n0[label = "If_Then"];
n00[label = "FarthestNeighbor"];
n0 -> n00;
n01[label = "FarthestFirstNode"];
n0 -> n01;
n -> n0;
n1[label = "And"];
n10[label = "While"];
n100[label = "Or"];
n1000[label = "NearestInsertion"];
n100 -> n1000;
n1001[label = "FarthestNeighbor"];
n100 -> n1001;
n10 -> n100;
n101[label = "Or"];
n1010[label = "NearestInsertion"];
n101 -> n1010;
n1011[label = "FarthestNeighbor"];
n101 -> n1011;
n10 -> n101;
n1 -> n10;
n11[label = "FarthestNeighbor"];
n1 -> n11;
n -> n1;
}


Generation: 12
Best Individual:
Subpopulation 0:
Evaluated: true
Fitness: Standardized=0.22269708 Adjusted=0.8178641 Hits=3
Tree 0:
digraph g {
node [shape=rectangle];
n[label = "Equal"];
n0[label = "If_Then"];
n00[label = "FarthestNeighbor"];
n0 -> n00;
n01[label = "FarthestFirstNode"];
n0 -> n01;
n -> n0;
n1[label = "And"];
n10[label = "While"];
n100[label = "Or"];
n1000[label = "NearestInsertion"];
n100 -> n1000;
n1001[label = "FarthestNeighbor"];
n100 -> n1001;
n10 -> n100;
n101[label = "Or"];
n1010[label = "NearestInsertion"];
n101 -> n1010;
n1011[label = "FarthestNeighbor"];
n101 -> n1011;
n10 -> n101;
n1 -> n10;
n11[label = "FarthestNeighbor"];
n1 -> n11;
n -> n1;
}


Generation: 13
Best Individual:
Subpopulation 0:
Evaluated: true
Fitness: Standardized=0.22269708 Adjusted=0.8178641 Hits=3
Tree 0:
digraph g {
node [shape=rectangle];
n[label = "Equal"];
n0[label = "If_Then"];
n00[label = "FarthestNeighbor"];
n0 -> n00;
n01[label = "FarthestFirstNode"];
n0 -> n01;
n -> n0;
n1[label = "And"];
n10[label = "While"];
n100[label = "Or"];
n1000[label = "NearestInsertion"];
n100 -> n1000;
n1001[label = "FarthestNeighbor"];
n100 -> n1001;
n10 -> n100;
n101[label = "Or"];
n1010[label = "NearestInsertion"];
n101 -> n1010;
n1011[label = "FarthestNeighbor"];
n101 -> n1011;
n10 -> n101;
n1 -> n10;
n11[label = "FarthestNeighbor"];
n1 -> n11;
n -> n1;
}


Generation: 14
Best Individual:
Subpopulation 0:
Evaluated: true
Fitness: Standardized=0.19874981 Adjusted=0.83420247 Hits=2
Tree 0:
digraph g {
node [shape=rectangle];
n[label = "Equal"];
n0[label = "If_Then"];
n00[label = "FarthestNeighbor"];
n0 -> n00;
n01[label = "If_Then"];
n010[label = "FarthestNeighbor"];
n01 -> n010;
n011[label = "FarthestFirstNode"];
n01 -> n011;
n0 -> n01;
n -> n0;
n1[label = "And"];
n10[label = "While"];
n100[label = "Or"];
n1000[label = "NearestInsertion"];
n100 -> n1000;
n1001[label = "FarthestNeighbor"];
n100 -> n1001;
n10 -> n100;
n101[label = "Or"];
n1010[label = "NearestInsertion"];
n101 -> n1010;
n1011[label = "FarthestNeighbor"];
n101 -> n1011;
n10 -> n101;
n1 -> n10;
n11[label = "FarthestNeighbor"];
n1 -> n11;
n -> n1;
}


Generation: 15
Best Individual:
Subpopulation 0:
Evaluated: true
Fitness: Standardized=0.19874981 Adjusted=0.83420247 Hits=2
Tree 0:
digraph g {
node [shape=rectangle];
n[label = "Equal"];
n0[label = "If_Then"];
n00[label = "FarthestNeighbor"];
n0 -> n00;
n01[label = "If_Then"];
n010[label = "FarthestNeighbor"];
n01 -> n010;
n011[label = "FarthestFirstNode"];
n01 -> n011;
n0 -> n01;
n -> n0;
n1[label = "And"];
n10[label = "While"];
n100[label = "Or"];
n1000[label = "NearestInsertion"];
n100 -> n1000;
n1001[label = "FarthestNeighbor"];
n100 -> n1001;
n10 -> n100;
n101[label = "Or"];
n1010[label = "NearestInsertion"];
n101 -> n1010;
n1011[label = "FarthestNeighbor"];
n101 -> n1011;
n10 -> n101;
n1 -> n10;
n11[label = "FarthestNeighbor"];
n1 -> n11;
n -> n1;
}


Generation: 16
Best Individual:
Subpopulation 0:
Evaluated: true
Fitness: Standardized=0.19874981 Adjusted=0.83420247 Hits=2
Tree 0:
digraph g {
node [shape=rectangle];
n[label = "Equal"];
n0[label = "If_Then"];
n00[label = "FarthestNeighbor"];
n0 -> n00;
n01[label = "If_Then"];
n010[label = "FarthestNeighbor"];
n01 -> n010;
n011[label = "FarthestFirstNode"];
n01 -> n011;
n0 -> n01;
n -> n0;
n1[label = "And"];
n10[label = "While"];
n100[label = "Or"];
n1000[label = "NearestInsertion"];
n100 -> n1000;
n1001[label = "FarthestNeighbor"];
n100 -> n1001;
n10 -> n100;
n101[label = "Or"];
n1010[label = "NearestInsertion"];
n101 -> n1010;
n1011[label = "FarthestNeighbor"];
n101 -> n1011;
n10 -> n101;
n1 -> n10;
n11[label = "FarthestNeighbor"];
n1 -> n11;
n -> n1;
}


Generation: 17
Best Individual:
Subpopulation 0:
Evaluated: true
Fitness: Standardized=0.19874981 Adjusted=0.83420247 Hits=2
Tree 0:
digraph g {
node [shape=rectangle];
n[label = "Equal"];
n0[label = "If_Then"];
n00[label = "FarthestNeighbor"];
n0 -> n00;
n01[label = "If_Then"];
n010[label = "FarthestNeighbor"];
n01 -> n010;
n011[label = "FarthestFirstNode"];
n01 -> n011;
n0 -> n01;
n -> n0;
n1[label = "And"];
n10[label = "While"];
n100[label = "Or"];
n1000[label = "NearestInsertion"];
n100 -> n1000;
n1001[label = "FarthestNeighbor"];
n100 -> n1001;
n10 -> n100;
n101[label = "Or"];
n1010[label = "NearestInsertion"];
n101 -> n1010;
n1011[label = "FarthestNeighbor"];
n101 -> n1011;
n10 -> n101;
n1 -> n10;
n11[label = "FarthestNeighbor"];
n1 -> n11;
n -> n1;
}


Generation: 18
Best Individual:
Subpopulation 0:
Evaluated: true
Fitness: Standardized=0.19874981 Adjusted=0.83420247 Hits=2
Tree 0:
digraph g {
node [shape=rectangle];
n[label = "Equal"];
n0[label = "If_Then"];
n00[label = "FarthestNeighbor"];
n0 -> n00;
n01[label = "If_Then"];
n010[label = "FarthestNeighbor"];
n01 -> n010;
n011[label = "FarthestFirstNode"];
n01 -> n011;
n0 -> n01;
n -> n0;
n1[label = "And"];
n10[label = "While"];
n100[label = "Or"];
n1000[label = "NearestInsertion"];
n100 -> n1000;
n1001[label = "FarthestNeighbor"];
n100 -> n1001;
n10 -> n100;
n101[label = "Or"];
n1010[label = "NearestInsertion"];
n101 -> n1010;
n1011[label = "FarthestNeighbor"];
n101 -> n1011;
n10 -> n101;
n1 -> n10;
n11[label = "FarthestNeighbor"];
n1 -> n11;
n -> n1;
}


Generation: 19
Best Individual:
Subpopulation 0:
Evaluated: true
Fitness: Standardized=0.19874981 Adjusted=0.83420247 Hits=2
Tree 0:
digraph g {
node [shape=rectangle];
n[label = "Equal"];
n0[label = "If_Then"];
n00[label = "FarthestNeighbor"];
n0 -> n00;
n01[label = "If_Then"];
n010[label = "FarthestNeighbor"];
n01 -> n010;
n011[label = "FarthestFirstNode"];
n01 -> n011;
n0 -> n01;
n -> n0;
n1[label = "While"];
n10[label = "Or"];
n100[label = "NearestInsertion"];
n10 -> n100;
n101[label = "FarthestNeighbor"];
n10 -> n101;
n1 -> n10;
n11[label = "Or"];
n110[label = "NearestInsertion"];
n11 -> n110;
n111[label = "FarthestNeighbor"];
n11 -> n111;
n1 -> n11;
n -> n1;
}


Generation: 20
Best Individual:
Subpopulation 0:
Evaluated: true
Fitness: Standardized=0.1987491 Adjusted=0.83420295 Hits=2
Tree 0:
digraph g {
node [shape=rectangle];
n[label = "Equal"];
n0[label = "If_Then"];
n00[label = "FarthestNeighbor"];
n0 -> n00;
n01[label = "If_Then"];
n010[label = "FarthestNeighbor"];
n01 -> n010;
n011[label = "FarthestFirstNode"];
n01 -> n011;
n0 -> n01;
n -> n0;
n1[label = "And"];
n10[label = "While"];
n100[label = "Or"];
n1000[label = "NearestInsertion"];
n100 -> n1000;
n1001[label = "FarthestNeighbor"];
n100 -> n1001;
n10 -> n100;
n101[label = "Or"];
n1010[label = "NearestInsertion"];
n101 -> n1010;
n1011[label = "FarthestNeighbor"];
n101 -> n1011;
n10 -> n101;
n1 -> n10;
n11[label = "CplexTerminal"];
n1 -> n11;
n -> n1;
}


Generation: 21
Best Individual:
Subpopulation 0:
Evaluated: true
Fitness: Standardized=0.1987491 Adjusted=0.83420295 Hits=2
Tree 0:
digraph g {
node [shape=rectangle];
n[label = "Equal"];
n0[label = "If_Then"];
n00[label = "FarthestNeighbor"];
n0 -> n00;
n01[label = "If_Then"];
n010[label = "FarthestNeighbor"];
n01 -> n010;
n011[label = "FarthestFirstNode"];
n01 -> n011;
n0 -> n01;
n -> n0;
n1[label = "And"];
n10[label = "While"];
n100[label = "Or"];
n1000[label = "NearestInsertion"];
n100 -> n1000;
n1001[label = "FarthestNeighbor"];
n100 -> n1001;
n10 -> n100;
n101[label = "Or"];
n1010[label = "NearestInsertion"];
n101 -> n1010;
n1011[label = "FarthestNeighbor"];
n101 -> n1011;
n10 -> n101;
n1 -> n10;
n11[label = "CplexTerminal"];
n1 -> n11;
n -> n1;
}


Generation: 22
Best Individual:
Subpopulation 0:
Evaluated: true
Fitness: Standardized=0.19524752 Adjusted=0.8366468 Hits=2
Tree 0:
digraph g {
node [shape=rectangle];
n[label = "Equal"];
n0[label = "If_Then"];
n00[label = "Or"];
n000[label = "NearestInsertion"];
n00 -> n000;
n001[label = "FarthestNeighbor"];
n00 -> n001;
n0 -> n00;
n01[label = "If_Then"];
n010[label = "FarthestNeighbor"];
n01 -> n010;
n011[label = "FarthestFirstNode"];
n01 -> n011;
n0 -> n01;
n -> n0;
n1[label = "And"];
n10[label = "While"];
n100[label = "Or"];
n1000[label = "NearestInsertion"];
n100 -> n1000;
n1001[label = "FarthestNeighbor"];
n100 -> n1001;
n10 -> n100;
n101[label = "Or"];
n1010[label = "NearestInsertion"];
n101 -> n1010;
n1011[label = "FarthestNeighbor"];
n101 -> n1011;
n10 -> n101;
n1 -> n10;
n11[label = "CplexTerminal"];
n1 -> n11;
n -> n1;
}


Generation: 23
Best Individual:
Subpopulation 0:
Evaluated: true
Fitness: Standardized=0.19524752 Adjusted=0.8366468 Hits=2
Tree 0:
digraph g {
node [shape=rectangle];
n[label = "Equal"];
n0[label = "If_Then"];
n00[label = "Or"];
n000[label = "NearestInsertion"];
n00 -> n000;
n001[label = "FarthestNeighbor"];
n00 -> n001;
n0 -> n00;
n01[label = "If_Then"];
n010[label = "FarthestNeighbor"];
n01 -> n010;
n011[label = "FarthestFirstNode"];
n01 -> n011;
n0 -> n01;
n -> n0;
n1[label = "And"];
n10[label = "While"];
n100[label = "Or"];
n1000[label = "NearestInsertion"];
n100 -> n1000;
n1001[label = "FarthestNeighbor"];
n100 -> n1001;
n10 -> n100;
n101[label = "Or"];
n1010[label = "NearestInsertion"];
n101 -> n1010;
n1011[label = "FarthestNeighbor"];
n101 -> n1011;
n10 -> n101;
n1 -> n10;
n11[label = "CplexTerminal"];
n1 -> n11;
n -> n1;
}


Generation: 24
Best Individual:
Subpopulation 0:
Evaluated: true
Fitness: Standardized=0.19404398 Adjusted=0.8374901 Hits=2
Tree 0:
digraph g {
node [shape=rectangle];
n[label = "Equal"];
n0[label = "Equal"];
n00[label = "If_Then"];
n000[label = "NearestInsertion"];
n00 -> n000;
n001[label = "If_Then"];
n0010[label = "FarthestNeighbor"];
n001 -> n0010;
n0011[label = "FarthestFirstNode"];
n001 -> n0011;
n00 -> n001;
n0 -> n00;
n01[label = "FarthestNeighbor"];
n0 -> n01;
n -> n0;
n1[label = "And"];
n10[label = "While"];
n100[label = "Or"];
n1000[label = "NearestInsertion"];
n100 -> n1000;
n1001[label = "FarthestNeighbor"];
n100 -> n1001;
n10 -> n100;
n101[label = "Or"];
n1010[label = "NearestInsertion"];
n101 -> n1010;
n1011[label = "FarthestNeighbor"];
n101 -> n1011;
n10 -> n101;
n1 -> n10;
n11[label = "CplexTerminal"];
n1 -> n11;
n -> n1;
}


Generation: 25
Best Individual:
Subpopulation 0:
Evaluated: true
Fitness: Standardized=0.19404398 Adjusted=0.8374901 Hits=2
Tree 0:
digraph g {
node [shape=rectangle];
n[label = "Equal"];
n0[label = "Equal"];
n00[label = "If_Then"];
n000[label = "NearestInsertion"];
n00 -> n000;
n001[label = "If_Then"];
n0010[label = "FarthestNeighbor"];
n001 -> n0010;
n0011[label = "FarthestFirstNode"];
n001 -> n0011;
n00 -> n001;
n0 -> n00;
n01[label = "FarthestNeighbor"];
n0 -> n01;
n -> n0;
n1[label = "And"];
n10[label = "While"];
n100[label = "Or"];
n1000[label = "NearestInsertion"];
n100 -> n1000;
n1001[label = "FarthestNeighbor"];
n100 -> n1001;
n10 -> n100;
n101[label = "Or"];
n1010[label = "NearestInsertion"];
n101 -> n1010;
n1011[label = "FarthestNeighbor"];
n101 -> n1011;
n10 -> n101;
n1 -> n10;
n11[label = "CplexTerminal"];
n1 -> n11;
n -> n1;
}


Generation: 26
Best Individual:
Subpopulation 0:
Evaluated: true
Fitness: Standardized=0.19404398 Adjusted=0.8374901 Hits=2
Tree 0:
digraph g {
node [shape=rectangle];
n[label = "Equal"];
n0[label = "Equal"];
n00[label = "If_Then"];
n000[label = "NearestInsertion"];
n00 -> n000;
n001[label = "If_Then"];
n0010[label = "FarthestNeighbor"];
n001 -> n0010;
n0011[label = "FarthestFirstNode"];
n001 -> n0011;
n00 -> n001;
n0 -> n00;
n01[label = "FarthestNeighbor"];
n0 -> n01;
n -> n0;
n1[label = "And"];
n10[label = "While"];
n100[label = "Or"];
n1000[label = "NearestInsertion"];
n100 -> n1000;
n1001[label = "FarthestNeighbor"];
n100 -> n1001;
n10 -> n100;
n101[label = "Or"];
n1010[label = "NearestInsertion"];
n101 -> n1010;
n1011[label = "FarthestNeighbor"];
n101 -> n1011;
n10 -> n101;
n1 -> n10;
n11[label = "CplexTerminal"];
n1 -> n11;
n -> n1;
}


Generation: 27
Best Individual:
Subpopulation 0:
Evaluated: true
Fitness: Standardized=0.19404398 Adjusted=0.8374901 Hits=2
Tree 0:
digraph g {
node [shape=rectangle];
n[label = "Equal"];
n0[label = "Equal"];
n00[label = "If_Then"];
n000[label = "NearestInsertion"];
n00 -> n000;
n001[label = "If_Then"];
n0010[label = "FarthestNeighbor"];
n001 -> n0010;
n0011[label = "FarthestFirstNode"];
n001 -> n0011;
n00 -> n001;
n0 -> n00;
n01[label = "FarthestNeighbor"];
n0 -> n01;
n -> n0;
n1[label = "And"];
n10[label = "While"];
n100[label = "Or"];
n1000[label = "NearestInsertion"];
n100 -> n1000;
n1001[label = "FarthestNeighbor"];
n100 -> n1001;
n10 -> n100;
n101[label = "Or"];
n1010[label = "NearestInsertion"];
n101 -> n1010;
n1011[label = "FarthestNeighbor"];
n101 -> n1011;
n10 -> n101;
n1 -> n10;
n11[label = "CplexTerminal"];
n1 -> n11;
n -> n1;
}


Generation: 28
Best Individual:
Subpopulation 0:
Evaluated: true
Fitness: Standardized=0.19404398 Adjusted=0.8374901 Hits=2
Tree 0:
digraph g {
node [shape=rectangle];
n[label = "Equal"];
n0[label = "Equal"];
n00[label = "If_Then"];
n000[label = "NearestInsertion"];
n00 -> n000;
n001[label = "If_Then"];
n0010[label = "FarthestNeighbor"];
n001 -> n0010;
n0011[label = "FarthestFirstNode"];
n001 -> n0011;
n00 -> n001;
n0 -> n00;
n01[label = "FarthestNeighbor"];
n0 -> n01;
n -> n0;
n1[label = "And"];
n10[label = "While"];
n100[label = "Or"];
n1000[label = "NearestInsertion"];
n100 -> n1000;
n1001[label = "FarthestNeighbor"];
n100 -> n1001;
n10 -> n100;
n101[label = "Or"];
n1010[label = "NearestInsertion"];
n101 -> n1010;
n1011[label = "FarthestNeighbor"];
n101 -> n1011;
n10 -> n101;
n1 -> n10;
n11[label = "CplexTerminal"];
n1 -> n11;
n -> n1;
}


Generation: 29
Best Individual:
Subpopulation 0:
Evaluated: true
Fitness: Standardized=0.19404398 Adjusted=0.8374901 Hits=2
Tree 0:
digraph g {
node [shape=rectangle];
n[label = "Equal"];
n0[label = "Equal"];
n00[label = "If_Then"];
n000[label = "NearestInsertion"];
n00 -> n000;
n001[label = "If_Then"];
n0010[label = "FarthestNeighbor"];
n001 -> n0010;
n0011[label = "FarthestFirstNode"];
n001 -> n0011;
n00 -> n001;
n0 -> n00;
n01[label = "FarthestNeighbor"];
n0 -> n01;
n -> n0;
n1[label = "And"];
n10[label = "While"];
n100[label = "Or"];
n1000[label = "NearestInsertion"];
n100 -> n1000;
n1001[label = "FarthestNeighbor"];
n100 -> n1001;
n10 -> n100;
n101[label = "Or"];
n1010[label = "NearestInsertion"];
n101 -> n1010;
n1011[label = "FarthestNeighbor"];
n101 -> n1011;
n10 -> n101;
n1 -> n10;
n11[label = "CplexTerminal"];
n1 -> n11;
n -> n1;
}


Generation: 30
Best Individual:
Subpopulation 0:
Evaluated: true
Fitness: Standardized=0.19404398 Adjusted=0.8374901 Hits=2
Tree 0:
digraph g {
node [shape=rectangle];
n[label = "Equal"];
n0[label = "Equal"];
n00[label = "If_Then"];
n000[label = "NearestInsertion"];
n00 -> n000;
n001[label = "If_Then"];
n0010[label = "FarthestNeighbor"];
n001 -> n0010;
n0011[label = "FarthestFirstNode"];
n001 -> n0011;
n00 -> n001;
n0 -> n00;
n01[label = "FarthestNeighbor"];
n0 -> n01;
n -> n0;
n1[label = "And"];
n10[label = "While"];
n100[label = "Or"];
n1000[label = "NearestInsertion"];
n100 -> n1000;
n1001[label = "FarthestNeighbor"];
n100 -> n1001;
n10 -> n100;
n101[label = "Or"];
n1010[label = "NearestInsertion"];
n101 -> n1010;
n1011[label = "FarthestNeighbor"];
n101 -> n1011;
n10 -> n101;
n1 -> n10;
n11[label = "CplexTerminal"];
n1 -> n11;
n -> n1;
}


Generation: 31
Best Individual:
Subpopulation 0:
Evaluated: true
Fitness: Standardized=0.19404398 Adjusted=0.8374901 Hits=2
Tree 0:
digraph g {
node [shape=rectangle];
n[label = "Equal"];
n0[label = "Equal"];
n00[label = "If_Then"];
n000[label = "NearestInsertion"];
n00 -> n000;
n001[label = "If_Then"];
n0010[label = "FarthestNeighbor"];
n001 -> n0010;
n0011[label = "FarthestFirstNode"];
n001 -> n0011;
n00 -> n001;
n0 -> n00;
n01[label = "FarthestNeighbor"];
n0 -> n01;
n -> n0;
n1[label = "And"];
n10[label = "While"];
n100[label = "Or"];
n1000[label = "NearestInsertion"];
n100 -> n1000;
n1001[label = "FarthestNeighbor"];
n100 -> n1001;
n10 -> n100;
n101[label = "Or"];
n1010[label = "NearestInsertion"];
n101 -> n1010;
n1011[label = "FarthestNeighbor"];
n101 -> n1011;
n10 -> n101;
n1 -> n10;
n11[label = "CplexTerminal"];
n1 -> n11;
n -> n1;
}


Generation: 32
Best Individual:
Subpopulation 0:
Evaluated: true
Fitness: Standardized=0.19404398 Adjusted=0.8374901 Hits=2
Tree 0:
digraph g {
node [shape=rectangle];
n[label = "Equal"];
n0[label = "Equal"];
n00[label = "If_Then"];
n000[label = "NearestInsertion"];
n00 -> n000;
n001[label = "If_Then"];
n0010[label = "FarthestNeighbor"];
n001 -> n0010;
n0011[label = "FarthestFirstNode"];
n001 -> n0011;
n00 -> n001;
n0 -> n00;
n01[label = "FarthestNeighbor"];
n0 -> n01;
n -> n0;
n1[label = "And"];
n10[label = "While"];
n100[label = "Or"];
n1000[label = "NearestInsertion"];
n100 -> n1000;
n1001[label = "FarthestNeighbor"];
n100 -> n1001;
n10 -> n100;
n101[label = "Or"];
n1010[label = "NearestInsertion"];
n101 -> n1010;
n1011[label = "FarthestNeighbor"];
n101 -> n1011;
n10 -> n101;
n1 -> n10;
n11[label = "CplexTerminal"];
n1 -> n11;
n -> n1;
}


Generation: 33
Best Individual:
Subpopulation 0:
Evaluated: true
Fitness: Standardized=0.19404398 Adjusted=0.8374901 Hits=2
Tree 0:
digraph g {
node [shape=rectangle];
n[label = "Equal"];
n0[label = "Equal"];
n00[label = "If_Then"];
n000[label = "NearestInsertion"];
n00 -> n000;
n001[label = "If_Then"];
n0010[label = "FarthestNeighbor"];
n001 -> n0010;
n0011[label = "FarthestFirstNode"];
n001 -> n0011;
n00 -> n001;
n0 -> n00;
n01[label = "FarthestNeighbor"];
n0 -> n01;
n -> n0;
n1[label = "And"];
n10[label = "While"];
n100[label = "Or"];
n1000[label = "NearestInsertion"];
n100 -> n1000;
n1001[label = "FarthestNeighbor"];
n100 -> n1001;
n10 -> n100;
n101[label = "Or"];
n1010[label = "NearestInsertion"];
n101 -> n1010;
n1011[label = "FarthestNeighbor"];
n101 -> n1011;
n10 -> n101;
n1 -> n10;
n11[label = "CplexTerminal"];
n1 -> n11;
n -> n1;
}


Generation: 34
Best Individual:
Subpopulation 0:
Evaluated: true
Fitness: Standardized=0.19404398 Adjusted=0.8374901 Hits=2
Tree 0:
digraph g {
node [shape=rectangle];
n[label = "Equal"];
n0[label = "Equal"];
n00[label = "If_Then"];
n000[label = "NearestInsertion"];
n00 -> n000;
n001[label = "If_Then"];
n0010[label = "FarthestNeighbor"];
n001 -> n0010;
n0011[label = "FarthestFirstNode"];
n001 -> n0011;
n00 -> n001;
n0 -> n00;
n01[label = "FarthestNeighbor"];
n0 -> n01;
n -> n0;
n1[label = "And"];
n10[label = "While"];
n100[label = "Or"];
n1000[label = "NearestInsertion"];
n100 -> n1000;
n1001[label = "FarthestNeighbor"];
n100 -> n1001;
n10 -> n100;
n101[label = "Or"];
n1010[label = "NearestInsertion"];
n101 -> n1010;
n1011[label = "FarthestNeighbor"];
n101 -> n1011;
n10 -> n101;
n1 -> n10;
n11[label = "CplexTerminal"];
n1 -> n11;
n -> n1;
}


Generation: 35
Best Individual:
Subpopulation 0:
Evaluated: true
Fitness: Standardized=0.19404398 Adjusted=0.8374901 Hits=2
Tree 0:
digraph g {
node [shape=rectangle];
n[label = "Equal"];
n0[label = "Equal"];
n00[label = "If_Then"];
n000[label = "NearestInsertion"];
n00 -> n000;
n001[label = "If_Then"];
n0010[label = "FarthestNeighbor"];
n001 -> n0010;
n0011[label = "FarthestFirstNode"];
n001 -> n0011;
n00 -> n001;
n0 -> n00;
n01[label = "FarthestNeighbor"];
n0 -> n01;
n -> n0;
n1[label = "And"];
n10[label = "While"];
n100[label = "Or"];
n1000[label = "NearestInsertion"];
n100 -> n1000;
n1001[label = "NearestInsertion"];
n100 -> n1001;
n10 -> n100;
n101[label = "Or"];
n1010[label = "NearestInsertion"];
n101 -> n1010;
n1011[label = "FarthestNeighbor"];
n101 -> n1011;
n10 -> n101;
n1 -> n10;
n11[label = "CplexTerminal"];
n1 -> n11;
n -> n1;
}


Generation: 36
Best Individual:
Subpopulation 0:
Evaluated: true
Fitness: Standardized=0.19404398 Adjusted=0.8374901 Hits=2
Tree 0:
digraph g {
node [shape=rectangle];
n[label = "Equal"];
n0[label = "Equal"];
n00[label = "If_Then"];
n000[label = "NearestInsertion"];
n00 -> n000;
n001[label = "If_Then"];
n0010[label = "FarthestNeighbor"];
n001 -> n0010;
n0011[label = "FarthestFirstNode"];
n001 -> n0011;
n00 -> n001;
n0 -> n00;
n01[label = "FarthestNeighbor"];
n0 -> n01;
n -> n0;
n1[label = "And"];
n10[label = "While"];
n100[label = "Or"];
n1000[label = "NearestInsertion"];
n100 -> n1000;
n1001[label = "NearestInsertion"];
n100 -> n1001;
n10 -> n100;
n101[label = "Or"];
n1010[label = "NearestInsertion"];
n101 -> n1010;
n1011[label = "FarthestNeighbor"];
n101 -> n1011;
n10 -> n101;
n1 -> n10;
n11[label = "CplexTerminal"];
n1 -> n11;
n -> n1;
}


Generation: 37
Best Individual:
Subpopulation 0:
Evaluated: true
Fitness: Standardized=0.19404398 Adjusted=0.8374901 Hits=2
Tree 0:
digraph g {
node [shape=rectangle];
n[label = "Equal"];
n0[label = "Equal"];
n00[label = "If_Then"];
n000[label = "NearestInsertion"];
n00 -> n000;
n001[label = "If_Then"];
n0010[label = "FarthestNeighbor"];
n001 -> n0010;
n0011[label = "FarthestFirstNode"];
n001 -> n0011;
n00 -> n001;
n0 -> n00;
n01[label = "FarthestNeighbor"];
n0 -> n01;
n -> n0;
n1[label = "And"];
n10[label = "While"];
n100[label = "Or"];
n1000[label = "NearestInsertion"];
n100 -> n1000;
n1001[label = "FarthestNeighbor"];
n100 -> n1001;
n10 -> n100;
n101[label = "Or"];
n1010[label = "NearestInsertion"];
n101 -> n1010;
n1011[label = "FarthestNeighbor"];
n101 -> n1011;
n10 -> n101;
n1 -> n10;
n11[label = "CplexTerminal"];
n1 -> n11;
n -> n1;
}


Generation: 38
Best Individual:
Subpopulation 0:
Evaluated: true
Fitness: Standardized=0.19404398 Adjusted=0.8374901 Hits=2
Tree 0:
digraph g {
node [shape=rectangle];
n[label = "Equal"];
n0[label = "Equal"];
n00[label = "If_Then"];
n000[label = "NearestInsertion"];
n00 -> n000;
n001[label = "If_Then"];
n0010[label = "FarthestNeighbor"];
n001 -> n0010;
n0011[label = "FarthestFirstNode"];
n001 -> n0011;
n00 -> n001;
n0 -> n00;
n01[label = "FarthestNeighbor"];
n0 -> n01;
n -> n0;
n1[label = "And"];
n10[label = "While"];
n100[label = "Or"];
n1000[label = "NearestInsertion"];
n100 -> n1000;
n1001[label = "NearestInsertion"];
n100 -> n1001;
n10 -> n100;
n101[label = "Or"];
n1010[label = "NearestInsertion"];
n101 -> n1010;
n1011[label = "FarthestNeighbor"];
n101 -> n1011;
n10 -> n101;
n1 -> n10;
n11[label = "CplexTerminal"];
n1 -> n11;
n -> n1;
}


Generation: 39
Best Individual:
Subpopulation 0:
Evaluated: true
Fitness: Standardized=0.19404398 Adjusted=0.8374901 Hits=2
Tree 0:
digraph g {
node [shape=rectangle];
n[label = "Equal"];
n0[label = "Equal"];
n00[label = "If_Then"];
n000[label = "NearestInsertion"];
n00 -> n000;
n001[label = "If_Then"];
n0010[label = "FarthestNeighbor"];
n001 -> n0010;
n0011[label = "FarthestFirstNode"];
n001 -> n0011;
n00 -> n001;
n0 -> n00;
n01[label = "FarthestNeighbor"];
n0 -> n01;
n -> n0;
n1[label = "And"];
n10[label = "While"];
n100[label = "Or"];
n1000[label = "NearestInsertion"];
n100 -> n1000;
n1001[label = "NearestInsertion"];
n100 -> n1001;
n10 -> n100;
n101[label = "Or"];
n1010[label = "NearestInsertion"];
n101 -> n1010;
n1011[label = "FarthestNeighbor"];
n101 -> n1011;
n10 -> n101;
n1 -> n10;
n11[label = "CplexTerminal"];
n1 -> n11;
n -> n1;
}


Generation: 40
Best Individual:
Subpopulation 0:
Evaluated: true
Fitness: Standardized=0.19404398 Adjusted=0.8374901 Hits=2
Tree 0:
digraph g {
node [shape=rectangle];
n[label = "Equal"];
n0[label = "Equal"];
n00[label = "If_Then"];
n000[label = "NearestInsertion"];
n00 -> n000;
n001[label = "If_Then"];
n0010[label = "FarthestNeighbor"];
n001 -> n0010;
n0011[label = "FarthestFirstNode"];
n001 -> n0011;
n00 -> n001;
n0 -> n00;
n01[label = "FarthestNeighbor"];
n0 -> n01;
n -> n0;
n1[label = "And"];
n10[label = "While"];
n100[label = "Or"];
n1000[label = "NearestInsertion"];
n100 -> n1000;
n1001[label = "NearestInsertion"];
n100 -> n1001;
n10 -> n100;
n101[label = "Or"];
n1010[label = "NearestInsertion"];
n101 -> n1010;
n1011[label = "FarthestNeighbor"];
n101 -> n1011;
n10 -> n101;
n1 -> n10;
n11[label = "CplexTerminal"];
n1 -> n11;
n -> n1;
}


Generation: 41
Best Individual:
Subpopulation 0:
Evaluated: true
Fitness: Standardized=0.19404398 Adjusted=0.8374901 Hits=2
Tree 0:
digraph g {
node [shape=rectangle];
n[label = "Equal"];
n0[label = "Equal"];
n00[label = "If_Then"];
n000[label = "NearestInsertion"];
n00 -> n000;
n001[label = "If_Then"];
n0010[label = "FarthestNeighbor"];
n001 -> n0010;
n0011[label = "FarthestFirstNode"];
n001 -> n0011;
n00 -> n001;
n0 -> n00;
n01[label = "FarthestNeighbor"];
n0 -> n01;
n -> n0;
n1[label = "And"];
n10[label = "While"];
n100[label = "Or"];
n1000[label = "NearestInsertion"];
n100 -> n1000;
n1001[label = "NearestInsertion"];
n100 -> n1001;
n10 -> n100;
n101[label = "Or"];
n1010[label = "NearestInsertion"];
n101 -> n1010;
n1011[label = "FarthestNeighbor"];
n101 -> n1011;
n10 -> n101;
n1 -> n10;
n11[label = "CplexTerminal"];
n1 -> n11;
n -> n1;
}


Generation: 42
Best Individual:
Subpopulation 0:
Evaluated: true
Fitness: Standardized=0.19404398 Adjusted=0.8374901 Hits=2
Tree 0:
digraph g {
node [shape=rectangle];
n[label = "Equal"];
n0[label = "Equal"];
n00[label = "If_Then"];
n000[label = "NearestInsertion"];
n00 -> n000;
n001[label = "If_Then"];
n0010[label = "FarthestNeighbor"];
n001 -> n0010;
n0011[label = "FarthestFirstNode"];
n001 -> n0011;
n00 -> n001;
n0 -> n00;
n01[label = "FarthestNeighbor"];
n0 -> n01;
n -> n0;
n1[label = "And"];
n10[label = "While"];
n100[label = "Or"];
n1000[label = "NearestInsertion"];
n100 -> n1000;
n1001[label = "NearestInsertion"];
n100 -> n1001;
n10 -> n100;
n101[label = "Or"];
n1010[label = "NearestInsertion"];
n101 -> n1010;
n1011[label = "NearestInsertion"];
n101 -> n1011;
n10 -> n101;
n1 -> n10;
n11[label = "CplexTerminal"];
n1 -> n11;
n -> n1;
}


Generation: 43
Best Individual:
Subpopulation 0:
Evaluated: true
Fitness: Standardized=0.19404398 Adjusted=0.8374901 Hits=2
Tree 0:
digraph g {
node [shape=rectangle];
n[label = "Equal"];
n0[label = "Equal"];
n00[label = "If_Then"];
n000[label = "NearestInsertion"];
n00 -> n000;
n001[label = "If_Then"];
n0010[label = "FarthestNeighbor"];
n001 -> n0010;
n0011[label = "FarthestFirstNode"];
n001 -> n0011;
n00 -> n001;
n0 -> n00;
n01[label = "FarthestNeighbor"];
n0 -> n01;
n -> n0;
n1[label = "And"];
n10[label = "While"];
n100[label = "Or"];
n1000[label = "NearestInsertion"];
n100 -> n1000;
n1001[label = "NearestInsertion"];
n100 -> n1001;
n10 -> n100;
n101[label = "Or"];
n1010[label = "NearestInsertion"];
n101 -> n1010;
n1011[label = "FarthestNeighbor"];
n101 -> n1011;
n10 -> n101;
n1 -> n10;
n11[label = "CplexTerminal"];
n1 -> n11;
n -> n1;
}


Generation: 44
Best Individual:
Subpopulation 0:
Evaluated: true
Fitness: Standardized=0.19404398 Adjusted=0.8374901 Hits=2
Tree 0:
digraph g {
node [shape=rectangle];
n[label = "Equal"];
n0[label = "Equal"];
n00[label = "If_Then"];
n000[label = "NearestInsertion"];
n00 -> n000;
n001[label = "If_Then"];
n0010[label = "FarthestNeighbor"];
n001 -> n0010;
n0011[label = "FarthestFirstNode"];
n001 -> n0011;
n00 -> n001;
n0 -> n00;
n01[label = "FarthestNeighbor"];
n0 -> n01;
n -> n0;
n1[label = "And"];
n10[label = "While"];
n100[label = "Or"];
n1000[label = "NearestInsertion"];
n100 -> n1000;
n1001[label = "NearestInsertion"];
n100 -> n1001;
n10 -> n100;
n101[label = "Or"];
n1010[label = "NearestInsertion"];
n101 -> n1010;
n1011[label = "FarthestNeighbor"];
n101 -> n1011;
n10 -> n101;
n1 -> n10;
n11[label = "CplexTerminal"];
n1 -> n11;
n -> n1;
}


Generation: 45
Best Individual:
Subpopulation 0:
Evaluated: true
Fitness: Standardized=0.19404398 Adjusted=0.8374901 Hits=2
Tree 0:
digraph g {
node [shape=rectangle];
n[label = "Equal"];
n0[label = "Equal"];
n00[label = "If_Then"];
n000[label = "NearestInsertion"];
n00 -> n000;
n001[label = "If_Then"];
n0010[label = "FarthestNeighbor"];
n001 -> n0010;
n0011[label = "FarthestFirstNode"];
n001 -> n0011;
n00 -> n001;
n0 -> n00;
n01[label = "FarthestNeighbor"];
n0 -> n01;
n -> n0;
n1[label = "And"];
n10[label = "While"];
n100[label = "Or"];
n1000[label = "NearestInsertion"];
n100 -> n1000;
n1001[label = "NearestInsertion"];
n100 -> n1001;
n10 -> n100;
n101[label = "NearestInsertion"];
n10 -> n101;
n1 -> n10;
n11[label = "CplexTerminal"];
n1 -> n11;
n -> n1;
}


Generation: 46
Best Individual:
Subpopulation 0:
Evaluated: true
Fitness: Standardized=0.19404398 Adjusted=0.8374901 Hits=2
Tree 0:
digraph g {
node [shape=rectangle];
n[label = "Equal"];
n0[label = "Equal"];
n00[label = "If_Then"];
n000[label = "NearestInsertion"];
n00 -> n000;
n001[label = "If_Then"];
n0010[label = "FarthestNeighbor"];
n001 -> n0010;
n0011[label = "FarthestFirstNode"];
n001 -> n0011;
n00 -> n001;
n0 -> n00;
n01[label = "FarthestNeighbor"];
n0 -> n01;
n -> n0;
n1[label = "And"];
n10[label = "While"];
n100[label = "Or"];
n1000[label = "NearestInsertion"];
n100 -> n1000;
n1001[label = "FarthestNeighbor"];
n100 -> n1001;
n10 -> n100;
n101[label = "Or"];
n1010[label = "NearestInsertion"];
n101 -> n1010;
n1011[label = "FarthestNeighbor"];
n101 -> n1011;
n10 -> n101;
n1 -> n10;
n11[label = "CplexTerminal"];
n1 -> n11;
n -> n1;
}


Generation: 47
Best Individual:
Subpopulation 0:
Evaluated: true
Fitness: Standardized=0.19404398 Adjusted=0.8374901 Hits=2
Tree 0:
digraph g {
node [shape=rectangle];
n[label = "Equal"];
n0[label = "Equal"];
n00[label = "If_Then"];
n000[label = "NearestInsertion"];
n00 -> n000;
n001[label = "If_Then"];
n0010[label = "FarthestNeighbor"];
n001 -> n0010;
n0011[label = "FarthestFirstNode"];
n001 -> n0011;
n00 -> n001;
n0 -> n00;
n01[label = "FarthestNeighbor"];
n0 -> n01;
n -> n0;
n1[label = "And"];
n10[label = "While"];
n100[label = "Equal"];
n1000[label = "NearestInsertion"];
n100 -> n1000;
n1001[label = "NearestInsertion"];
n100 -> n1001;
n10 -> n100;
n101[label = "Or"];
n1010[label = "NearestInsertion"];
n101 -> n1010;
n1011[label = "FarthestNeighbor"];
n101 -> n1011;
n10 -> n101;
n1 -> n10;
n11[label = "CplexTerminal"];
n1 -> n11;
n -> n1;
}


Generation: 48
Best Individual:
Subpopulation 0:
Evaluated: true
Fitness: Standardized=0.19404398 Adjusted=0.8374901 Hits=2
Tree 0:
digraph g {
node [shape=rectangle];
n[label = "Equal"];
n0[label = "Equal"];
n00[label = "If_Then"];
n000[label = "NearestInsertion"];
n00 -> n000;
n001[label = "If_Then"];
n0010[label = "FarthestNeighbor"];
n001 -> n0010;
n0011[label = "FarthestFirstNode"];
n001 -> n0011;
n00 -> n001;
n0 -> n00;
n01[label = "FarthestNeighbor"];
n0 -> n01;
n -> n0;
n1[label = "And"];
n10[label = "While"];
n100[label = "Or"];
n1000[label = "NearestInsertion"];
n100 -> n1000;
n1001[label = "FarthestNeighbor"];
n100 -> n1001;
n10 -> n100;
n101[label = "Or"];
n1010[label = "NearestInsertion"];
n101 -> n1010;
n1011[label = "FarthestNeighbor"];
n101 -> n1011;
n10 -> n101;
n1 -> n10;
n11[label = "CplexTerminal"];
n1 -> n11;
n -> n1;
}


Generation: 49
Best Individual:
Subpopulation 0:
Evaluated: true
Fitness: Standardized=0.19404398 Adjusted=0.8374901 Hits=2
Tree 0:
digraph g {
node [shape=rectangle];
n[label = "Equal"];
n0[label = "Equal"];
n00[label = "If_Then"];
n000[label = "Or"];
n0000[label = "NearestInsertion"];
n000 -> n0000;
n0001[label = "FarthestNeighbor"];
n000 -> n0001;
n00 -> n000;
n001[label = "If_Then"];
n0010[label = "FarthestNeighbor"];
n001 -> n0010;
n0011[label = "FarthestFirstNode"];
n001 -> n0011;
n00 -> n001;
n0 -> n00;
n01[label = "FarthestNeighbor"];
n0 -> n01;
n -> n0;
n1[label = "And"];
n10[label = "While"];
n100[label = "Or"];
n1000[label = "NearestInsertion"];
n100 -> n1000;
n1001[label = "NearestInsertion"];
n100 -> n1001;
n10 -> n100;
n101[label = "Or"];
n1010[label = "NearestInsertion"];
n101 -> n1010;
n1011[label = "NearestInsertion"];
n101 -> n1011;
n10 -> n101;
n1 -> n10;
n11[label = "CplexTerminal"];
n1 -> n11;
n -> n1;
}


Generation: 50
Best Individual:
Subpopulation 0:
Evaluated: true
Fitness: Standardized=0.19404398 Adjusted=0.8374901 Hits=2
Tree 0:
digraph g {
node [shape=rectangle];
n[label = "Equal"];
n0[label = "Equal"];
n00[label = "If_Then"];
n000[label = "NearestInsertion"];
n00 -> n000;
n001[label = "If_Then"];
n0010[label = "FarthestNeighbor"];
n001 -> n0010;
n0011[label = "FarthestFirstNode"];
n001 -> n0011;
n00 -> n001;
n0 -> n00;
n01[label = "FarthestNeighbor"];
n0 -> n01;
n -> n0;
n1[label = "And"];
n10[label = "While"];
n100[label = "Or"];
n1000[label = "NearestInsertion"];
n100 -> n1000;
n1001[label = "FarthestNeighbor"];
n100 -> n1001;
n10 -> n100;
n101[label = "Or"];
n1010[label = "NearestInsertion"];
n101 -> n1010;
n1011[label = "FarthestNeighbor"];
n101 -> n1011;
n10 -> n101;
n1 -> n10;
n11[label = "CplexTerminal"];
n1 -> n11;
n -> n1;
}


Generation: 51
Best Individual:
Subpopulation 0:
Evaluated: true
Fitness: Standardized=0.19404398 Adjusted=0.8374901 Hits=2
Tree 0:
digraph g {
node [shape=rectangle];
n[label = "Equal"];
n0[label = "Equal"];
n00[label = "If_Then"];
n000[label = "NearestInsertion"];
n00 -> n000;
n001[label = "If_Then"];
n0010[label = "FarthestNeighbor"];
n001 -> n0010;
n0011[label = "FarthestFirstNode"];
n001 -> n0011;
n00 -> n001;
n0 -> n00;
n01[label = "FarthestNeighbor"];
n0 -> n01;
n -> n0;
n1[label = "And"];
n10[label = "While"];
n100[label = "Or"];
n1000[label = "NearestInsertion"];
n100 -> n1000;
n1001[label = "NearestInsertion"];
n100 -> n1001;
n10 -> n100;
n101[label = "Or"];
n1010[label = "NearestInsertion"];
n101 -> n1010;
n1011[label = "FarthestNeighbor"];
n101 -> n1011;
n10 -> n101;
n1 -> n10;
n11[label = "CplexTerminal"];
n1 -> n11;
n -> n1;
}


Generation: 52
Best Individual:
Subpopulation 0:
Evaluated: true
Fitness: Standardized=0.19404398 Adjusted=0.8374901 Hits=2
Tree 0:
digraph g {
node [shape=rectangle];
n[label = "Equal"];
n0[label = "Equal"];
n00[label = "If_Then"];
n000[label = "NearestInsertion"];
n00 -> n000;
n001[label = "If_Then"];
n0010[label = "FarthestNeighbor"];
n001 -> n0010;
n0011[label = "FarthestFirstNode"];
n001 -> n0011;
n00 -> n001;
n0 -> n00;
n01[label = "FarthestNeighbor"];
n0 -> n01;
n -> n0;
n1[label = "And"];
n10[label = "While"];
n100[label = "Or"];
n1000[label = "NearestInsertion"];
n100 -> n1000;
n1001[label = "FarthestNeighbor"];
n100 -> n1001;
n10 -> n100;
n101[label = "Or"];
n1010[label = "NearestInsertion"];
n101 -> n1010;
n1011[label = "FarthestNeighbor"];
n101 -> n1011;
n10 -> n101;
n1 -> n10;
n11[label = "CplexTerminal"];
n1 -> n11;
n -> n1;
}


Generation: 53
Best Individual:
Subpopulation 0:
Evaluated: true
Fitness: Standardized=0.19404398 Adjusted=0.8374901 Hits=2
Tree 0:
digraph g {
node [shape=rectangle];
n[label = "Equal"];
n0[label = "Equal"];
n00[label = "If_Then"];
n000[label = "Or"];
n0000[label = "NearestInsertion"];
n000 -> n0000;
n0001[label = "FarthestNeighbor"];
n000 -> n0001;
n00 -> n000;
n001[label = "If_Then"];
n0010[label = "FarthestNeighbor"];
n001 -> n0010;
n0011[label = "FarthestFirstNode"];
n001 -> n0011;
n00 -> n001;
n0 -> n00;
n01[label = "FarthestNeighbor"];
n0 -> n01;
n -> n0;
n1[label = "And"];
n10[label = "While"];
n100[label = "Or"];
n1000[label = "NearestInsertion"];
n100 -> n1000;
n1001[label = "NearestInsertion"];
n100 -> n1001;
n10 -> n100;
n101[label = "Or"];
n1010[label = "NearestInsertion"];
n101 -> n1010;
n1011[label = "NearestInsertion"];
n101 -> n1011;
n10 -> n101;
n1 -> n10;
n11[label = "CplexTerminal"];
n1 -> n11;
n -> n1;
}


Generation: 54
Best Individual:
Subpopulation 0:
Evaluated: true
Fitness: Standardized=0.19404398 Adjusted=0.8374901 Hits=2
Tree 0:
digraph g {
node [shape=rectangle];
n[label = "Equal"];
n0[label = "Equal"];
n00[label = "If_Then"];
n000[label = "Or"];
n0000[label = "NearestInsertion"];
n000 -> n0000;
n0001[label = "FarthestNeighbor"];
n000 -> n0001;
n00 -> n000;
n001[label = "If_Then"];
n0010[label = "FarthestNeighbor"];
n001 -> n0010;
n0011[label = "FarthestFirstNode"];
n001 -> n0011;
n00 -> n001;
n0 -> n00;
n01[label = "FarthestNeighbor"];
n0 -> n01;
n -> n0;
n1[label = "And"];
n10[label = "While"];
n100[label = "Or"];
n1000[label = "NearestInsertion"];
n100 -> n1000;
n1001[label = "NearestInsertion"];
n100 -> n1001;
n10 -> n100;
n101[label = "Or"];
n1010[label = "NearestInsertion"];
n101 -> n1010;
n1011[label = "NearestInsertion"];
n101 -> n1011;
n10 -> n101;
n1 -> n10;
n11[label = "CplexTerminal"];
n1 -> n11;
n -> n1;
}


Generation: 55
Best Individual:
Subpopulation 0:
Evaluated: true
Fitness: Standardized=0.19404398 Adjusted=0.8374901 Hits=2
Tree 0:
digraph g {
node [shape=rectangle];
n[label = "Equal"];
n0[label = "Equal"];
n00[label = "If_Then"];
n000[label = "Or"];
n0000[label = "NearestInsertion"];
n000 -> n0000;
n0001[label = "FarthestNeighbor"];
n000 -> n0001;
n00 -> n000;
n001[label = "If_Then"];
n0010[label = "FarthestNeighbor"];
n001 -> n0010;
n0011[label = "FarthestFirstNode"];
n001 -> n0011;
n00 -> n001;
n0 -> n00;
n01[label = "FarthestNeighbor"];
n0 -> n01;
n -> n0;
n1[label = "And"];
n10[label = "While"];
n100[label = "Or"];
n1000[label = "NearestInsertion"];
n100 -> n1000;
n1001[label = "NearestInsertion"];
n100 -> n1001;
n10 -> n100;
n101[label = "Or"];
n1010[label = "NearestInsertion"];
n101 -> n1010;
n1011[label = "NearestInsertion"];
n101 -> n1011;
n10 -> n101;
n1 -> n10;
n11[label = "CplexTerminal"];
n1 -> n11;
n -> n1;
}


Generation: 56
Best Individual:
Subpopulation 0:
Evaluated: true
Fitness: Standardized=0.19404398 Adjusted=0.8374901 Hits=2
Tree 0:
digraph g {
node [shape=rectangle];
n[label = "Equal"];
n0[label = "Equal"];
n00[label = "If_Then"];
n000[label = "Or"];
n0000[label = "NearestInsertion"];
n000 -> n0000;
n0001[label = "FarthestNeighbor"];
n000 -> n0001;
n00 -> n000;
n001[label = "If_Then"];
n0010[label = "FarthestNeighbor"];
n001 -> n0010;
n0011[label = "FarthestFirstNode"];
n001 -> n0011;
n00 -> n001;
n0 -> n00;
n01[label = "FarthestNeighbor"];
n0 -> n01;
n -> n0;
n1[label = "And"];
n10[label = "While"];
n100[label = "Or"];
n1000[label = "NearestInsertion"];
n100 -> n1000;
n1001[label = "NearestInsertion"];
n100 -> n1001;
n10 -> n100;
n101[label = "NearestInsertion"];
n10 -> n101;
n1 -> n10;
n11[label = "CplexTerminal"];
n1 -> n11;
n -> n1;
}


Generation: 57
Best Individual:
Subpopulation 0:
Evaluated: true
Fitness: Standardized=0.19404398 Adjusted=0.8374901 Hits=2
Tree 0:
digraph g {
node [shape=rectangle];
n[label = "Equal"];
n0[label = "Equal"];
n00[label = "If_Then"];
n000[label = "Or"];
n0000[label = "NearestInsertion"];
n000 -> n0000;
n0001[label = "FarthestNeighbor"];
n000 -> n0001;
n00 -> n000;
n001[label = "If_Then"];
n0010[label = "FarthestNeighbor"];
n001 -> n0010;
n0011[label = "FarthestFirstNode"];
n001 -> n0011;
n00 -> n001;
n0 -> n00;
n01[label = "FarthestNeighbor"];
n0 -> n01;
n -> n0;
n1[label = "And"];
n10[label = "While"];
n100[label = "Or"];
n1000[label = "NearestInsertion"];
n100 -> n1000;
n1001[label = "NearestInsertion"];
n100 -> n1001;
n10 -> n100;
n101[label = "Or"];
n1010[label = "NearestInsertion"];
n101 -> n1010;
n1011[label = "NearestInsertion"];
n101 -> n1011;
n10 -> n101;
n1 -> n10;
n11[label = "CplexTerminal"];
n1 -> n11;
n -> n1;
}


Generation: 58
Best Individual:
Subpopulation 0:
Evaluated: true
Fitness: Standardized=0.19404398 Adjusted=0.8374901 Hits=2
Tree 0:
digraph g {
node [shape=rectangle];
n[label = "Equal"];
n0[label = "Equal"];
n00[label = "If_Then"];
n000[label = "Or"];
n0000[label = "NearestInsertion"];
n000 -> n0000;
n0001[label = "FarthestNeighbor"];
n000 -> n0001;
n00 -> n000;
n001[label = "If_Then"];
n0010[label = "FarthestNeighbor"];
n001 -> n0010;
n0011[label = "FarthestFirstNode"];
n001 -> n0011;
n00 -> n001;
n0 -> n00;
n01[label = "FarthestNeighbor"];
n0 -> n01;
n -> n0;
n1[label = "And"];
n10[label = "While"];
n100[label = "Or"];
n1000[label = "NearestInsertion"];
n100 -> n1000;
n1001[label = "NearestInsertion"];
n100 -> n1001;
n10 -> n100;
n101[label = "Or"];
n1010[label = "NearestInsertion"];
n101 -> n1010;
n1011[label = "NearestInsertion"];
n101 -> n1011;
n10 -> n101;
n1 -> n10;
n11[label = "CplexTerminal"];
n1 -> n11;
n -> n1;
}


Generation: 59
Best Individual:
Subpopulation 0:
Evaluated: true
Fitness: Standardized=0.19404398 Adjusted=0.8374901 Hits=2
Tree 0:
digraph g {
node [shape=rectangle];
n[label = "Equal"];
n0[label = "Equal"];
n00[label = "If_Then"];
n000[label = "Or"];
n0000[label = "NearestInsertion"];
n000 -> n0000;
n0001[label = "FarthestNeighbor"];
n000 -> n0001;
n00 -> n000;
n001[label = "If_Then"];
n0010[label = "FarthestNeighbor"];
n001 -> n0010;
n0011[label = "FarthestFirstNode"];
n001 -> n0011;
n00 -> n001;
n0 -> n00;
n01[label = "FarthestNeighbor"];
n0 -> n01;
n -> n0;
n1[label = "And"];
n10[label = "While"];
n100[label = "Or"];
n1000[label = "NearestInsertion"];
n100 -> n1000;
n1001[label = "NearestInsertion"];
n100 -> n1001;
n10 -> n100;
n101[label = "Or"];
n1010[label = "NearestInsertion"];
n101 -> n1010;
n1011[label = "CplexTerminal"];
n101 -> n1011;
n10 -> n101;
n1 -> n10;
n11[label = "CplexTerminal"];
n1 -> n11;
n -> n1;
}


Generation: 60
Best Individual:
Subpopulation 0:
Evaluated: true
Fitness: Standardized=0.19404398 Adjusted=0.8374901 Hits=2
Tree 0:
digraph g {
node [shape=rectangle];
n[label = "Equal"];
n0[label = "Equal"];
n00[label = "If_Then"];
n000[label = "Or"];
n0000[label = "NearestInsertion"];
n000 -> n0000;
n0001[label = "FarthestNeighbor"];
n000 -> n0001;
n00 -> n000;
n001[label = "If_Then"];
n0010[label = "FarthestNeighbor"];
n001 -> n0010;
n0011[label = "FarthestFirstNode"];
n001 -> n0011;
n00 -> n001;
n0 -> n00;
n01[label = "FarthestNeighbor"];
n0 -> n01;
n -> n0;
n1[label = "And"];
n10[label = "While"];
n100[label = "Or"];
n1000[label = "NearestInsertion"];
n100 -> n1000;
n1001[label = "NearestInsertion"];
n100 -> n1001;
n10 -> n100;
n101[label = "Or"];
n1010[label = "NearestInsertion"];
n101 -> n1010;
n1011[label = "CplexTerminal"];
n101 -> n1011;
n10 -> n101;
n1 -> n10;
n11[label = "CplexTerminal"];
n1 -> n11;
n -> n1;
}


Generation: 61
Best Individual:
Subpopulation 0:
Evaluated: true
Fitness: Standardized=0.19404398 Adjusted=0.8374901 Hits=2
Tree 0:
digraph g {
node [shape=rectangle];
n[label = "Equal"];
n0[label = "Equal"];
n00[label = "If_Then"];
n000[label = "Or"];
n0000[label = "NearestInsertion"];
n000 -> n0000;
n0001[label = "FarthestNeighbor"];
n000 -> n0001;
n00 -> n000;
n001[label = "If_Then"];
n0010[label = "FarthestNeighbor"];
n001 -> n0010;
n0011[label = "FarthestFirstNode"];
n001 -> n0011;
n00 -> n001;
n0 -> n00;
n01[label = "FarthestNeighbor"];
n0 -> n01;
n -> n0;
n1[label = "And"];
n10[label = "While"];
n100[label = "Or"];
n1000[label = "NearestInsertion"];
n100 -> n1000;
n1001[label = "NearestInsertion"];
n100 -> n1001;
n10 -> n100;
n101[label = "Or"];
n1010[label = "NearestInsertion"];
n101 -> n1010;
n1011[label = "NearestInsertion"];
n101 -> n1011;
n10 -> n101;
n1 -> n10;
n11[label = "CplexTerminal"];
n1 -> n11;
n -> n1;
}


Generation: 62
Best Individual:
Subpopulation 0:
Evaluated: true
Fitness: Standardized=0.19404398 Adjusted=0.8374901 Hits=2
Tree 0:
digraph g {
node [shape=rectangle];
n[label = "Equal"];
n0[label = "Equal"];
n00[label = "If_Then"];
n000[label = "Or"];
n0000[label = "NearestInsertion"];
n000 -> n0000;
n0001[label = "FarthestNeighbor"];
n000 -> n0001;
n00 -> n000;
n001[label = "If_Then"];
n0010[label = "FarthestNeighbor"];
n001 -> n0010;
n0011[label = "FarthestFirstNode"];
n001 -> n0011;
n00 -> n001;
n0 -> n00;
n01[label = "FarthestNeighbor"];
n0 -> n01;
n -> n0;
n1[label = "And"];
n10[label = "While"];
n100[label = "Or"];
n1000[label = "NearestInsertion"];
n100 -> n1000;
n1001[label = "NearestInsertion"];
n100 -> n1001;
n10 -> n100;
n101[label = "Or"];
n1010[label = "NearestInsertion"];
n101 -> n1010;
n1011[label = "NearestInsertion"];
n101 -> n1011;
n10 -> n101;
n1 -> n10;
n11[label = "CplexTerminal"];
n1 -> n11;
n -> n1;
}


Generation: 63
Best Individual:
Subpopulation 0:
Evaluated: true
Fitness: Standardized=0.19404398 Adjusted=0.8374901 Hits=2
Tree 0:
digraph g {
node [shape=rectangle];
n[label = "Equal"];
n0[label = "Equal"];
n00[label = "If_Then"];
n000[label = "Or"];
n0000[label = "NearestInsertion"];
n000 -> n0000;
n0001[label = "FarthestNeighbor"];
n000 -> n0001;
n00 -> n000;
n001[label = "If_Then"];
n0010[label = "FarthestNeighbor"];
n001 -> n0010;
n0011[label = "FarthestFirstNode"];
n001 -> n0011;
n00 -> n001;
n0 -> n00;
n01[label = "FarthestNeighbor"];
n0 -> n01;
n -> n0;
n1[label = "And"];
n10[label = "While"];
n100[label = "Or"];
n1000[label = "NearestInsertion"];
n100 -> n1000;
n1001[label = "NearestInsertion"];
n100 -> n1001;
n10 -> n100;
n101[label = "Or"];
n1010[label = "NearestInsertion"];
n101 -> n1010;
n1011[label = "NearestInsertion"];
n101 -> n1011;
n10 -> n101;
n1 -> n10;
n11[label = "CplexTerminal"];
n1 -> n11;
n -> n1;
}


Generation: 64
Best Individual:
Subpopulation 0:
Evaluated: true
Fitness: Standardized=0.19404398 Adjusted=0.8374901 Hits=2
Tree 0:
digraph g {
node [shape=rectangle];
n[label = "Equal"];
n0[label = "Equal"];
n00[label = "If_Then"];
n000[label = "Or"];
n0000[label = "NearestInsertion"];
n000 -> n0000;
n0001[label = "FarthestNeighbor"];
n000 -> n0001;
n00 -> n000;
n001[label = "If_Then"];
n0010[label = "FarthestNeighbor"];
n001 -> n0010;
n0011[label = "FarthestFirstNode"];
n001 -> n0011;
n00 -> n001;
n0 -> n00;
n01[label = "FarthestNeighbor"];
n0 -> n01;
n -> n0;
n1[label = "And"];
n10[label = "While"];
n100[label = "Or"];
n1000[label = "NearestInsertion"];
n100 -> n1000;
n1001[label = "NearestInsertion"];
n100 -> n1001;
n10 -> n100;
n101[label = "Or"];
n1010[label = "NearestInsertion"];
n101 -> n1010;
n1011[label = "NearestInsertion"];
n101 -> n1011;
n10 -> n101;
n1 -> n10;
n11[label = "CplexTerminal"];
n1 -> n11;
n -> n1;
}


Generation: 65
Best Individual:
Subpopulation 0:
Evaluated: true
Fitness: Standardized=0.19404398 Adjusted=0.8374901 Hits=2
Tree 0:
digraph g {
node [shape=rectangle];
n[label = "Equal"];
n0[label = "Equal"];
n00[label = "If_Then"];
n000[label = "Or"];
n0000[label = "NearestInsertion"];
n000 -> n0000;
n0001[label = "FarthestNeighbor"];
n000 -> n0001;
n00 -> n000;
n001[label = "If_Then"];
n0010[label = "FarthestNeighbor"];
n001 -> n0010;
n0011[label = "FarthestFirstNode"];
n001 -> n0011;
n00 -> n001;
n0 -> n00;
n01[label = "FarthestNeighbor"];
n0 -> n01;
n -> n0;
n1[label = "If_Then"];
n10[label = "While"];
n100[label = "Or"];
n1000[label = "NearestInsertion"];
n100 -> n1000;
n1001[label = "NearestInsertion"];
n100 -> n1001;
n10 -> n100;
n101[label = "Or"];
n1010[label = "NearestInsertion"];
n101 -> n1010;
n1011[label = "CplexTerminal"];
n101 -> n1011;
n10 -> n101;
n1 -> n10;
n11[label = "CplexTerminal"];
n1 -> n11;
n -> n1;
}


Generation: 66
Best Individual:
Subpopulation 0:
Evaluated: true
Fitness: Standardized=0.19404398 Adjusted=0.8374901 Hits=2
Tree 0:
digraph g {
node [shape=rectangle];
n[label = "Equal"];
n0[label = "Equal"];
n00[label = "If_Then"];
n000[label = "Or"];
n0000[label = "NearestInsertion"];
n000 -> n0000;
n0001[label = "FarthestNeighbor"];
n000 -> n0001;
n00 -> n000;
n001[label = "If_Then"];
n0010[label = "FarthestNeighbor"];
n001 -> n0010;
n0011[label = "FarthestFirstNode"];
n001 -> n0011;
n00 -> n001;
n0 -> n00;
n01[label = "FarthestNeighbor"];
n0 -> n01;
n -> n0;
n1[label = "And"];
n10[label = "While"];
n100[label = "Or"];
n1000[label = "NearestInsertion"];
n100 -> n1000;
n1001[label = "NearestInsertion"];
n100 -> n1001;
n10 -> n100;
n101[label = "Or"];
n1010[label = "NearestInsertion"];
n101 -> n1010;
n1011[label = "NearestInsertion"];
n101 -> n1011;
n10 -> n101;
n1 -> n10;
n11[label = "CplexTerminal"];
n1 -> n11;
n -> n1;
}


Generation: 67
Best Individual:
Subpopulation 0:
Evaluated: true
Fitness: Standardized=0.19404398 Adjusted=0.8374901 Hits=2
Tree 0:
digraph g {
node [shape=rectangle];
n[label = "Equal"];
n0[label = "Equal"];
n00[label = "If_Then"];
n000[label = "Or"];
n0000[label = "NearestInsertion"];
n000 -> n0000;
n0001[label = "FarthestNeighbor"];
n000 -> n0001;
n00 -> n000;
n001[label = "If_Then"];
n0010[label = "FarthestNeighbor"];
n001 -> n0010;
n0011[label = "FarthestFirstNode"];
n001 -> n0011;
n00 -> n001;
n0 -> n00;
n01[label = "FarthestNeighbor"];
n0 -> n01;
n -> n0;
n1[label = "If_Then"];
n10[label = "While"];
n100[label = "NearestInsertion"];
n10 -> n100;
n101[label = "Or"];
n1010[label = "NearestInsertion"];
n101 -> n1010;
n1011[label = "CplexTerminal"];
n101 -> n1011;
n10 -> n101;
n1 -> n10;
n11[label = "CplexTerminal"];
n1 -> n11;
n -> n1;
}


Generation: 68
Best Individual:
Subpopulation 0:
Evaluated: true
Fitness: Standardized=0.19404398 Adjusted=0.8374901 Hits=2
Tree 0:
digraph g {
node [shape=rectangle];
n[label = "Equal"];
n0[label = "Equal"];
n00[label = "If_Then"];
n000[label = "Or"];
n0000[label = "NearestInsertion"];
n000 -> n0000;
n0001[label = "FarthestNeighbor"];
n000 -> n0001;
n00 -> n000;
n001[label = "If_Then"];
n0010[label = "FarthestNeighbor"];
n001 -> n0010;
n0011[label = "FarthestFirstNode"];
n001 -> n0011;
n00 -> n001;
n0 -> n00;
n01[label = "FarthestNeighbor"];
n0 -> n01;
n -> n0;
n1[label = "If_Then"];
n10[label = "While"];
n100[label = "Or"];
n1000[label = "NearestInsertion"];
n100 -> n1000;
n1001[label = "NearestInsertion"];
n100 -> n1001;
n10 -> n100;
n101[label = "Or"];
n1010[label = "NearestInsertion"];
n101 -> n1010;
n1011[label = "CplexTerminal"];
n101 -> n1011;
n10 -> n101;
n1 -> n10;
n11[label = "CplexTerminal"];
n1 -> n11;
n -> n1;
}


Generation: 69
Best Individual:
Subpopulation 0:
Evaluated: true
Fitness: Standardized=0.19404398 Adjusted=0.8374901 Hits=2
Tree 0:
digraph g {
node [shape=rectangle];
n[label = "Equal"];
n0[label = "Equal"];
n00[label = "If_Then"];
n000[label = "Or"];
n0000[label = "NearestInsertion"];
n000 -> n0000;
n0001[label = "FarthestNeighbor"];
n000 -> n0001;
n00 -> n000;
n001[label = "If_Then"];
n0010[label = "FarthestNeighbor"];
n001 -> n0010;
n0011[label = "FarthestFirstNode"];
n001 -> n0011;
n00 -> n001;
n0 -> n00;
n01[label = "FarthestNeighbor"];
n0 -> n01;
n -> n0;
n1[label = "If_Then"];
n10[label = "While"];
n100[label = "Or"];
n1000[label = "NearestInsertion"];
n100 -> n1000;
n1001[label = "NearestInsertion"];
n100 -> n1001;
n10 -> n100;
n101[label = "Or"];
n1010[label = "NearestInsertion"];
n101 -> n1010;
n1011[label = "CplexTerminal"];
n101 -> n1011;
n10 -> n101;
n1 -> n10;
n11[label = "CplexTerminal"];
n1 -> n11;
n -> n1;
}


Generation: 70
Best Individual:
Subpopulation 0:
Evaluated: true
Fitness: Standardized=0.19404398 Adjusted=0.8374901 Hits=2
Tree 0:
digraph g {
node [shape=rectangle];
n[label = "Equal"];
n0[label = "Equal"];
n00[label = "If_Then"];
n000[label = "Or"];
n0000[label = "NearestInsertion"];
n000 -> n0000;
n0001[label = "FarthestNeighbor"];
n000 -> n0001;
n00 -> n000;
n001[label = "If_Then"];
n0010[label = "FarthestNeighbor"];
n001 -> n0010;
n0011[label = "FarthestFirstNode"];
n001 -> n0011;
n00 -> n001;
n0 -> n00;
n01[label = "FarthestFirstNode"];
n0 -> n01;
n -> n0;
n1[label = "If_Then"];
n10[label = "While"];
n100[label = "Or"];
n1000[label = "NearestInsertion"];
n100 -> n1000;
n1001[label = "NearestInsertion"];
n100 -> n1001;
n10 -> n100;
n101[label = "Or"];
n1010[label = "NearestInsertion"];
n101 -> n1010;
n1011[label = "CplexTerminal"];
n101 -> n1011;
n10 -> n101;
n1 -> n10;
n11[label = "CplexTerminal"];
n1 -> n11;
n -> n1;
}


Generation: 71
Best Individual:
Subpopulation 0:
Evaluated: true
Fitness: Standardized=0.19404398 Adjusted=0.8374901 Hits=2
Tree 0:
digraph g {
node [shape=rectangle];
n[label = "Equal"];
n0[label = "Equal"];
n00[label = "If_Then"];
n000[label = "Or"];
n0000[label = "NearestInsertion"];
n000 -> n0000;
n0001[label = "FarthestNeighbor"];
n000 -> n0001;
n00 -> n000;
n001[label = "If_Then"];
n0010[label = "FarthestNeighbor"];
n001 -> n0010;
n0011[label = "FarthestFirstNode"];
n001 -> n0011;
n00 -> n001;
n0 -> n00;
n01[label = "FarthestNeighbor"];
n0 -> n01;
n -> n0;
n1[label = "If_Then"];
n10[label = "While"];
n100[label = "Or"];
n1000[label = "NearestInsertion"];
n100 -> n1000;
n1001[label = "NearestNeighbor"];
n100 -> n1001;
n10 -> n100;
n101[label = "Or"];
n1010[label = "NearestInsertion"];
n101 -> n1010;
n1011[label = "CplexTerminal"];
n101 -> n1011;
n10 -> n101;
n1 -> n10;
n11[label = "CplexTerminal"];
n1 -> n11;
n -> n1;
}


Generation: 72
Best Individual:
Subpopulation 0:
Evaluated: true
Fitness: Standardized=0.19404398 Adjusted=0.8374901 Hits=2
Tree 0:
digraph g {
node [shape=rectangle];
n[label = "Equal"];
n0[label = "Equal"];
n00[label = "If_Then"];
n000[label = "Or"];
n0000[label = "NearestInsertion"];
n000 -> n0000;
n0001[label = "FarthestNeighbor"];
n000 -> n0001;
n00 -> n000;
n001[label = "If_Then"];
n0010[label = "FarthestNeighbor"];
n001 -> n0010;
n0011[label = "FarthestFirstNode"];
n001 -> n0011;
n00 -> n001;
n0 -> n00;
n01[label = "FarthestNeighbor"];
n0 -> n01;
n -> n0;
n1[label = "If_Then"];
n10[label = "While"];
n100[label = "Or"];
n1000[label = "NearestInsertion"];
n100 -> n1000;
n1001[label = "NearestNeighbor"];
n100 -> n1001;
n10 -> n100;
n101[label = "Or"];
n1010[label = "NearestInsertion"];
n101 -> n1010;
n1011[label = "CplexTerminal"];
n101 -> n1011;
n10 -> n101;
n1 -> n10;
n11[label = "CplexTerminal"];
n1 -> n11;
n -> n1;
}


Generation: 73
Best Individual:
Subpopulation 0:
Evaluated: true
Fitness: Standardized=0.19404398 Adjusted=0.8374901 Hits=2
Tree 0:
digraph g {
node [shape=rectangle];
n[label = "Equal"];
n0[label = "And"];
n00[label = "If_Then"];
n000[label = "Or"];
n0000[label = "NearestInsertion"];
n000 -> n0000;
n0001[label = "FarthestNeighbor"];
n000 -> n0001;
n00 -> n000;
n001[label = "If_Then"];
n0010[label = "FarthestNeighbor"];
n001 -> n0010;
n0011[label = "FarthestFirstNode"];
n001 -> n0011;
n00 -> n001;
n0 -> n00;
n01[label = "FarthestNeighbor"];
n0 -> n01;
n -> n0;
n1[label = "If_Then"];
n10[label = "While"];
n100[label = "Or"];
n1000[label = "NearestInsertion"];
n100 -> n1000;
n1001[label = "NearestNeighbor"];
n100 -> n1001;
n10 -> n100;
n101[label = "Or"];
n1010[label = "NearestInsertion"];
n101 -> n1010;
n1011[label = "CplexTerminal"];
n101 -> n1011;
n10 -> n101;
n1 -> n10;
n11[label = "CplexTerminal"];
n1 -> n11;
n -> n1;
}


Generation: 74
Best Individual:
Subpopulation 0:
Evaluated: true
Fitness: Standardized=0.19404398 Adjusted=0.8374901 Hits=2
Tree 0:
digraph g {
node [shape=rectangle];
n[label = "Equal"];
n0[label = "Equal"];
n00[label = "If_Then"];
n000[label = "Or"];
n0000[label = "NearestInsertion"];
n000 -> n0000;
n0001[label = "FarthestNeighbor"];
n000 -> n0001;
n00 -> n000;
n001[label = "If_Then"];
n0010[label = "FarthestNeighbor"];
n001 -> n0010;
n0011[label = "FarthestFirstNode"];
n001 -> n0011;
n00 -> n001;
n0 -> n00;
n01[label = "FarthestNeighbor"];
n0 -> n01;
n -> n0;
n1[label = "If_Then"];
n10[label = "While"];
n100[label = "Or"];
n1000[label = "NearestInsertion"];
n100 -> n1000;
n1001[label = "NearestInsertion"];
n100 -> n1001;
n10 -> n100;
n101[label = "Or"];
n1010[label = "NearestInsertion"];
n101 -> n1010;
n1011[label = "CplexTerminal"];
n101 -> n1011;
n10 -> n101;
n1 -> n10;
n11[label = "CplexTerminal"];
n1 -> n11;
n -> n1;
}


Generation: 75
Best Individual:
Subpopulation 0:
Evaluated: true
Fitness: Standardized=0.19404398 Adjusted=0.8374901 Hits=2
Tree 0:
digraph g {
node [shape=rectangle];
n[label = "Equal"];
n0[label = "Equal"];
n00[label = "If_Then"];
n000[label = "Or"];
n0000[label = "NearestInsertion"];
n000 -> n0000;
n0001[label = "FarthestNeighbor"];
n000 -> n0001;
n00 -> n000;
n001[label = "If_Then"];
n0010[label = "FarthestNeighbor"];
n001 -> n0010;
n0011[label = "FarthestFirstNode"];
n001 -> n0011;
n00 -> n001;
n0 -> n00;
n01[label = "FarthestNeighbor"];
n0 -> n01;
n -> n0;
n1[label = "If_Then"];
n10[label = "While"];
n100[label = "NearestInsertion"];
n10 -> n100;
n101[label = "Or"];
n1010[label = "NearestInsertion"];
n101 -> n1010;
n1011[label = "CplexTerminal"];
n101 -> n1011;
n10 -> n101;
n1 -> n10;
n11[label = "CplexTerminal"];
n1 -> n11;
n -> n1;
}


Generation: 76
Best Individual:
Subpopulation 0:
Evaluated: true
Fitness: Standardized=0.19404398 Adjusted=0.8374901 Hits=2
Tree 0:
digraph g {
node [shape=rectangle];
n[label = "Equal"];
n0[label = "Equal"];
n00[label = "If_Then"];
n000[label = "Or"];
n0000[label = "NearestInsertion"];
n000 -> n0000;
n0001[label = "NearestInsertion"];
n000 -> n0001;
n00 -> n000;
n001[label = "If_Then"];
n0010[label = "FarthestNeighbor"];
n001 -> n0010;
n0011[label = "FarthestFirstNode"];
n001 -> n0011;
n00 -> n001;
n0 -> n00;
n01[label = "FarthestNeighbor"];
n0 -> n01;
n -> n0;
n1[label = "If_Then"];
n10[label = "While"];
n100[label = "Or"];
n1000[label = "NearestInsertion"];
n100 -> n1000;
n1001[label = "NearestInsertion"];
n100 -> n1001;
n10 -> n100;
n101[label = "Or"];
n1010[label = "NearestInsertion"];
n101 -> n1010;
n1011[label = "CplexTerminal"];
n101 -> n1011;
n10 -> n101;
n1 -> n10;
n11[label = "CplexTerminal"];
n1 -> n11;
n -> n1;
}


Generation: 77
Best Individual:
Subpopulation 0:
Evaluated: true
Fitness: Standardized=0.19404398 Adjusted=0.8374901 Hits=2
Tree 0:
digraph g {
node [shape=rectangle];
n[label = "Equal"];
n0[label = "Equal"];
n00[label = "If_Then"];
n000[label = "Or"];
n0000[label = "NearestInsertion"];
n000 -> n0000;
n0001[label = "FarthestNeighbor"];
n000 -> n0001;
n00 -> n000;
n001[label = "If_Then"];
n0010[label = "FarthestNeighbor"];
n001 -> n0010;
n0011[label = "FarthestFirstNode"];
n001 -> n0011;
n00 -> n001;
n0 -> n00;
n01[label = "FarthestNeighbor"];
n0 -> n01;
n -> n0;
n1[label = "If_Then"];
n10[label = "While"];
n100[label = "Or"];
n1000[label = "NearestInsertion"];
n100 -> n1000;
n1001[label = "NearestInsertion"];
n100 -> n1001;
n10 -> n100;
n101[label = "Or"];
n1010[label = "NearestInsertion"];
n101 -> n1010;
n1011[label = "CplexTerminal"];
n101 -> n1011;
n10 -> n101;
n1 -> n10;
n11[label = "CplexTerminal"];
n1 -> n11;
n -> n1;
}


Generation: 78
Best Individual:
Subpopulation 0:
Evaluated: true
Fitness: Standardized=0.19404398 Adjusted=0.8374901 Hits=2
Tree 0:
digraph g {
node [shape=rectangle];
n[label = "Equal"];
n0[label = "Equal"];
n00[label = "If_Then"];
n000[label = "Or"];
n0000[label = "NearestInsertion"];
n000 -> n0000;
n0001[label = "FarthestNeighbor"];
n000 -> n0001;
n00 -> n000;
n001[label = "If_Then"];
n0010[label = "FarthestNeighbor"];
n001 -> n0010;
n0011[label = "FarthestFirstNode"];
n001 -> n0011;
n00 -> n001;
n0 -> n00;
n01[label = "FarthestNeighbor"];
n0 -> n01;
n -> n0;
n1[label = "If_Then"];
n10[label = "While"];
n100[label = "Or"];
n1000[label = "NearestInsertion"];
n100 -> n1000;
n1001[label = "NearestInsertion"];
n100 -> n1001;
n10 -> n100;
n101[label = "Or"];
n1010[label = "NearestInsertion"];
n101 -> n1010;
n1011[label = "CplexTerminal"];
n101 -> n1011;
n10 -> n101;
n1 -> n10;
n11[label = "CplexTerminal"];
n1 -> n11;
n -> n1;
}


Generation: 79
Best Individual:
Subpopulation 0:
Evaluated: true
Fitness: Standardized=0.19404398 Adjusted=0.8374901 Hits=2
Tree 0:
digraph g {
node [shape=rectangle];
n[label = "Equal"];
n0[label = "Equal"];
n00[label = "If_Then"];
n000[label = "Or"];
n0000[label = "NearestInsertion"];
n000 -> n0000;
n0001[label = "FarthestNeighbor"];
n000 -> n0001;
n00 -> n000;
n001[label = "If_Then"];
n0010[label = "FarthestNeighbor"];
n001 -> n0010;
n0011[label = "FarthestFirstNode"];
n001 -> n0011;
n00 -> n001;
n0 -> n00;
n01[label = "FarthestNeighbor"];
n0 -> n01;
n -> n0;
n1[label = "If_Then"];
n10[label = "While"];
n100[label = "Or"];
n1000[label = "NearestInsertion"];
n100 -> n1000;
n1001[label = "NearestInsertion"];
n100 -> n1001;
n10 -> n100;
n101[label = "Or"];
n1010[label = "NearestInsertion"];
n101 -> n1010;
n1011[label = "CplexTerminal"];
n101 -> n1011;
n10 -> n101;
n1 -> n10;
n11[label = "CplexTerminal"];
n1 -> n11;
n -> n1;
}


Generation: 80
Best Individual:
Subpopulation 0:
Evaluated: true
Fitness: Standardized=0.19404398 Adjusted=0.8374901 Hits=2
Tree 0:
digraph g {
node [shape=rectangle];
n[label = "Equal"];
n0[label = "Equal"];
n00[label = "If_Then"];
n000[label = "Or"];
n0000[label = "NearestInsertion"];
n000 -> n0000;
n0001[label = "FarthestNeighbor"];
n000 -> n0001;
n00 -> n000;
n001[label = "If_Then"];
n0010[label = "FarthestNeighbor"];
n001 -> n0010;
n0011[label = "FarthestFirstNode"];
n001 -> n0011;
n00 -> n001;
n0 -> n00;
n01[label = "FarthestNeighbor"];
n0 -> n01;
n -> n0;
n1[label = "If_Then"];
n10[label = "While"];
n100[label = "NearestInsertion"];
n10 -> n100;
n101[label = "Or"];
n1010[label = "NearestInsertion"];
n101 -> n1010;
n1011[label = "CplexTerminal"];
n101 -> n1011;
n10 -> n101;
n1 -> n10;
n11[label = "CplexTerminal"];
n1 -> n11;
n -> n1;
}


Generation: 81
Best Individual:
Subpopulation 0:
Evaluated: true
Fitness: Standardized=0.19404398 Adjusted=0.8374901 Hits=2
Tree 0:
digraph g {
node [shape=rectangle];
n[label = "Equal"];
n0[label = "Equal"];
n00[label = "If_Then"];
n000[label = "Or"];
n0000[label = "NearestInsertion"];
n000 -> n0000;
n0001[label = "FarthestNeighbor"];
n000 -> n0001;
n00 -> n000;
n001[label = "If_Then"];
n0010[label = "FarthestNeighbor"];
n001 -> n0010;
n0011[label = "FarthestFirstNode"];
n001 -> n0011;
n00 -> n001;
n0 -> n00;
n01[label = "FarthestNeighbor"];
n0 -> n01;
n -> n0;
n1[label = "If_Then"];
n10[label = "While"];
n100[label = "NearestInsertion"];
n10 -> n100;
n101[label = "Or"];
n1010[label = "NearestInsertion"];
n101 -> n1010;
n1011[label = "CplexTerminal"];
n101 -> n1011;
n10 -> n101;
n1 -> n10;
n11[label = "CplexTerminal"];
n1 -> n11;
n -> n1;
}


Generation: 82
Best Individual:
Subpopulation 0:
Evaluated: true
Fitness: Standardized=0.19404398 Adjusted=0.8374901 Hits=2
Tree 0:
digraph g {
node [shape=rectangle];
n[label = "Equal"];
n0[label = "Equal"];
n00[label = "If_Then"];
n000[label = "Or"];
n0000[label = "NearestInsertion"];
n000 -> n0000;
n0001[label = "FarthestNeighbor"];
n000 -> n0001;
n00 -> n000;
n001[label = "If_Then"];
n0010[label = "FarthestNeighbor"];
n001 -> n0010;
n0011[label = "FarthestFirstNode"];
n001 -> n0011;
n00 -> n001;
n0 -> n00;
n01[label = "FarthestNeighbor"];
n0 -> n01;
n -> n0;
n1[label = "If_Then"];
n10[label = "While"];
n100[label = "Or"];
n1000[label = "NearestInsertion"];
n100 -> n1000;
n1001[label = "NearestInsertion"];
n100 -> n1001;
n10 -> n100;
n101[label = "Or"];
n1010[label = "NearestInsertion"];
n101 -> n1010;
n1011[label = "CplexTerminal"];
n101 -> n1011;
n10 -> n101;
n1 -> n10;
n11[label = "CplexTerminal"];
n1 -> n11;
n -> n1;
}


Generation: 83
Best Individual:
Subpopulation 0:
Evaluated: true
Fitness: Standardized=0.19404398 Adjusted=0.8374901 Hits=2
Tree 0:
digraph g {
node [shape=rectangle];
n[label = "Equal"];
n0[label = "Equal"];
n00[label = "If_Then"];
n000[label = "Or"];
n0000[label = "NearestInsertion"];
n000 -> n0000;
n0001[label = "FarthestNeighbor"];
n000 -> n0001;
n00 -> n000;
n001[label = "If_Then"];
n0010[label = "FarthestNeighbor"];
n001 -> n0010;
n0011[label = "FarthestFirstNode"];
n001 -> n0011;
n00 -> n001;
n0 -> n00;
n01[label = "FarthestNeighbor"];
n0 -> n01;
n -> n0;
n1[label = "If_Then"];
n10[label = "While"];
n100[label = "Or"];
n1000[label = "NearestInsertion"];
n100 -> n1000;
n1001[label = "NearestInsertion"];
n100 -> n1001;
n10 -> n100;
n101[label = "Or"];
n1010[label = "NearestInsertion"];
n101 -> n1010;
n1011[label = "CplexTerminal"];
n101 -> n1011;
n10 -> n101;
n1 -> n10;
n11[label = "CplexTerminal"];
n1 -> n11;
n -> n1;
}


Generation: 84
Best Individual:
Subpopulation 0:
Evaluated: true
Fitness: Standardized=0.19404398 Adjusted=0.8374901 Hits=2
Tree 0:
digraph g {
node [shape=rectangle];
n[label = "Equal"];
n0[label = "Equal"];
n00[label = "If_Then"];
n000[label = "Or"];
n0000[label = "NearestInsertion"];
n000 -> n0000;
n0001[label = "FarthestNeighbor"];
n000 -> n0001;
n00 -> n000;
n001[label = "If_Then"];
n0010[label = "FarthestNeighbor"];
n001 -> n0010;
n0011[label = "FarthestFirstNode"];
n001 -> n0011;
n00 -> n001;
n0 -> n00;
n01[label = "FarthestNeighbor"];
n0 -> n01;
n -> n0;
n1[label = "If_Then"];
n10[label = "While"];
n100[label = "Or"];
n1000[label = "NearestInsertion"];
n100 -> n1000;
n1001[label = "NearestInsertion"];
n100 -> n1001;
n10 -> n100;
n101[label = "Or"];
n1010[label = "NearestInsertion"];
n101 -> n1010;
n1011[label = "CplexTerminal"];
n101 -> n1011;
n10 -> n101;
n1 -> n10;
n11[label = "CplexTerminal"];
n1 -> n11;
n -> n1;
}


Generation: 85
Best Individual:
Subpopulation 0:
Evaluated: true
Fitness: Standardized=0.19404398 Adjusted=0.8374901 Hits=2
Tree 0:
digraph g {
node [shape=rectangle];
n[label = "Equal"];
n0[label = "Equal"];
n00[label = "If_Then"];
n000[label = "Or"];
n0000[label = "NearestInsertion"];
n000 -> n0000;
n0001[label = "FarthestNeighbor"];
n000 -> n0001;
n00 -> n000;
n001[label = "If_Then"];
n0010[label = "FarthestNeighbor"];
n001 -> n0010;
n0011[label = "FarthestFirstNode"];
n001 -> n0011;
n00 -> n001;
n0 -> n00;
n01[label = "FarthestNeighbor"];
n0 -> n01;
n -> n0;
n1[label = "If_Then"];
n10[label = "While"];
n100[label = "Or"];
n1000[label = "NearestInsertion"];
n100 -> n1000;
n1001[label = "NearestInsertion"];
n100 -> n1001;
n10 -> n100;
n101[label = "Or"];
n1010[label = "NearestInsertion"];
n101 -> n1010;
n1011[label = "CplexTerminal"];
n101 -> n1011;
n10 -> n101;
n1 -> n10;
n11[label = "CplexTerminal"];
n1 -> n11;
n -> n1;
}


Generation: 86
Best Individual:
Subpopulation 0:
Evaluated: true
Fitness: Standardized=0.19404398 Adjusted=0.8374901 Hits=2
Tree 0:
digraph g {
node [shape=rectangle];
n[label = "Equal"];
n0[label = "Equal"];
n00[label = "If_Then"];
n000[label = "Or"];
n0000[label = "NearestInsertion"];
n000 -> n0000;
n0001[label = "FarthestNeighbor"];
n000 -> n0001;
n00 -> n000;
n001[label = "If_Then"];
n0010[label = "FarthestNeighbor"];
n001 -> n0010;
n0011[label = "FarthestFirstNode"];
n001 -> n0011;
n00 -> n001;
n0 -> n00;
n01[label = "FarthestNeighbor"];
n0 -> n01;
n -> n0;
n1[label = "If_Then"];
n10[label = "While"];
n100[label = "Or"];
n1000[label = "NearestInsertion"];
n100 -> n1000;
n1001[label = "NearestInsertion"];
n100 -> n1001;
n10 -> n100;
n101[label = "Or"];
n1010[label = "NearestInsertion"];
n101 -> n1010;
n1011[label = "CplexTerminal"];
n101 -> n1011;
n10 -> n101;
n1 -> n10;
n11[label = "CplexTerminal"];
n1 -> n11;
n -> n1;
}


Generation: 87
Best Individual:
Subpopulation 0:
Evaluated: true
Fitness: Standardized=0.19404398 Adjusted=0.8374901 Hits=2
Tree 0:
digraph g {
node [shape=rectangle];
n[label = "Equal"];
n0[label = "Equal"];
n00[label = "If_Then"];
n000[label = "Or"];
n0000[label = "NearestInsertion"];
n000 -> n0000;
n0001[label = "FarthestNeighbor"];
n000 -> n0001;
n00 -> n000;
n001[label = "If_Then"];
n0010[label = "FarthestNeighbor"];
n001 -> n0010;
n0011[label = "FarthestFirstNode"];
n001 -> n0011;
n00 -> n001;
n0 -> n00;
n01[label = "FarthestNeighbor"];
n0 -> n01;
n -> n0;
n1[label = "If_Then"];
n10[label = "While"];
n100[label = "And"];
n1000[label = "NearestInsertion"];
n100 -> n1000;
n1001[label = "NearestInsertion"];
n100 -> n1001;
n10 -> n100;
n101[label = "Or"];
n1010[label = "NearestInsertion"];
n101 -> n1010;
n1011[label = "CplexTerminal"];
n101 -> n1011;
n10 -> n101;
n1 -> n10;
n11[label = "CplexTerminal"];
n1 -> n11;
n -> n1;
}


Generation: 88
Best Individual:
Subpopulation 0:
Evaluated: true
Fitness: Standardized=0.19404398 Adjusted=0.8374901 Hits=2
Tree 0:
digraph g {
node [shape=rectangle];
n[label = "Equal"];
n0[label = "Equal"];
n00[label = "If_Then"];
n000[label = "Or"];
n0000[label = "NearestInsertion"];
n000 -> n0000;
n0001[label = "FarthestNeighbor"];
n000 -> n0001;
n00 -> n000;
n001[label = "If_Then"];
n0010[label = "FarthestNeighbor"];
n001 -> n0010;
n0011[label = "FarthestFirstNode"];
n001 -> n0011;
n00 -> n001;
n0 -> n00;
n01[label = "FarthestNeighbor"];
n0 -> n01;
n -> n0;
n1[label = "If_Then"];
n10[label = "While"];
n100[label = "And"];
n1000[label = "NearestInsertion"];
n100 -> n1000;
n1001[label = "NearestInsertion"];
n100 -> n1001;
n10 -> n100;
n101[label = "Or"];
n1010[label = "NearestInsertion"];
n101 -> n1010;
n1011[label = "CplexTerminal"];
n101 -> n1011;
n10 -> n101;
n1 -> n10;
n11[label = "CplexTerminal"];
n1 -> n11;
n -> n1;
}


Generation: 89
Best Individual:
Subpopulation 0:
Evaluated: true
Fitness: Standardized=0.19404398 Adjusted=0.8374901 Hits=2
Tree 0:
digraph g {
node [shape=rectangle];
n[label = "Equal"];
n0[label = "Equal"];
n00[label = "If_Then"];
n000[label = "Or"];
n0000[label = "NearestInsertion"];
n000 -> n0000;
n0001[label = "FarthestNeighbor"];
n000 -> n0001;
n00 -> n000;
n001[label = "If_Then"];
n0010[label = "FarthestNeighbor"];
n001 -> n0010;
n0011[label = "FarthestFirstNode"];
n001 -> n0011;
n00 -> n001;
n0 -> n00;
n01[label = "FarthestNeighbor"];
n0 -> n01;
n -> n0;
n1[label = "If_Then"];
n10[label = "While"];
n100[label = "And"];
n1000[label = "NearestInsertion"];
n100 -> n1000;
n1001[label = "NearestInsertion"];
n100 -> n1001;
n10 -> n100;
n101[label = "Or"];
n1010[label = "NearestInsertion"];
n101 -> n1010;
n1011[label = "CplexTerminal"];
n101 -> n1011;
n10 -> n101;
n1 -> n10;
n11[label = "CplexTerminal"];
n1 -> n11;
n -> n1;
}


Generation: 90
Best Individual:
Subpopulation 0:
Evaluated: true
Fitness: Standardized=0.19404398 Adjusted=0.8374901 Hits=2
Tree 0:
digraph g {
node [shape=rectangle];
n[label = "Equal"];
n0[label = "Equal"];
n00[label = "If_Then"];
n000[label = "Or"];
n0000[label = "NearestInsertion"];
n000 -> n0000;
n0001[label = "FarthestNeighbor"];
n000 -> n0001;
n00 -> n000;
n001[label = "If_Then"];
n0010[label = "FarthestNeighbor"];
n001 -> n0010;
n0011[label = "FarthestFirstNode"];
n001 -> n0011;
n00 -> n001;
n0 -> n00;
n01[label = "FarthestNeighbor"];
n0 -> n01;
n -> n0;
n1[label = "If_Then"];
n10[label = "While"];
n100[label = "And"];
n1000[label = "NearestInsertion"];
n100 -> n1000;
n1001[label = "NearestInsertion"];
n100 -> n1001;
n10 -> n100;
n101[label = "Or"];
n1010[label = "NearestInsertion"];
n101 -> n1010;
n1011[label = "CplexTerminal"];
n101 -> n1011;
n10 -> n101;
n1 -> n10;
n11[label = "CplexTerminal"];
n1 -> n11;
n -> n1;
}


Generation: 91
Best Individual:
Subpopulation 0:
Evaluated: true
Fitness: Standardized=0.19404398 Adjusted=0.8374901 Hits=2
Tree 0:
digraph g {
node [shape=rectangle];
n[label = "Equal"];
n0[label = "Equal"];
n00[label = "If_Then"];
n000[label = "Or"];
n0000[label = "NearestInsertion"];
n000 -> n0000;
n0001[label = "FarthestNeighbor"];
n000 -> n0001;
n00 -> n000;
n001[label = "If_Then"];
n0010[label = "FarthestNeighbor"];
n001 -> n0010;
n0011[label = "FarthestFirstNode"];
n001 -> n0011;
n00 -> n001;
n0 -> n00;
n01[label = "FarthestNeighbor"];
n0 -> n01;
n -> n0;
n1[label = "If_Then"];
n10[label = "While"];
n100[label = "Or"];
n1000[label = "NearestInsertion"];
n100 -> n1000;
n1001[label = "NearestInsertion"];
n100 -> n1001;
n10 -> n100;
n101[label = "Or"];
n1010[label = "NearestInsertion"];
n101 -> n1010;
n1011[label = "CplexTerminal"];
n101 -> n1011;
n10 -> n101;
n1 -> n10;
n11[label = "CplexTerminal"];
n1 -> n11;
n -> n1;
}


Generation: 92
Best Individual:
Subpopulation 0:
Evaluated: true
Fitness: Standardized=0.19404398 Adjusted=0.8374901 Hits=2
Tree 0:
digraph g {
node [shape=rectangle];
n[label = "Equal"];
n0[label = "Equal"];
n00[label = "If_Then"];
n000[label = "Or"];
n0000[label = "NearestInsertion"];
n000 -> n0000;
n0001[label = "FarthestNeighbor"];
n000 -> n0001;
n00 -> n000;
n001[label = "If_Then"];
n0010[label = "FarthestNeighbor"];
n001 -> n0010;
n0011[label = "FarthestFirstNode"];
n001 -> n0011;
n00 -> n001;
n0 -> n00;
n01[label = "FarthestNeighbor"];
n0 -> n01;
n -> n0;
n1[label = "If_Then"];
n10[label = "While"];
n100[label = "And"];
n1000[label = "NearestInsertion"];
n100 -> n1000;
n1001[label = "NearestInsertion"];
n100 -> n1001;
n10 -> n100;
n101[label = "Or"];
n1010[label = "NearestInsertion"];
n101 -> n1010;
n1011[label = "CplexTerminal"];
n101 -> n1011;
n10 -> n101;
n1 -> n10;
n11[label = "CplexTerminal"];
n1 -> n11;
n -> n1;
}


Generation: 93
Best Individual:
Subpopulation 0:
Evaluated: true
Fitness: Standardized=0.19404398 Adjusted=0.8374901 Hits=2
Tree 0:
digraph g {
node [shape=rectangle];
n[label = "Equal"];
n0[label = "Equal"];
n00[label = "If_Then"];
n000[label = "Or"];
n0000[label = "NearestInsertion"];
n000 -> n0000;
n0001[label = "FarthestNeighbor"];
n000 -> n0001;
n00 -> n000;
n001[label = "If_Then"];
n0010[label = "FarthestNeighbor"];
n001 -> n0010;
n0011[label = "FarthestFirstNode"];
n001 -> n0011;
n00 -> n001;
n0 -> n00;
n01[label = "FarthestNeighbor"];
n0 -> n01;
n -> n0;
n1[label = "If_Then"];
n10[label = "While"];
n100[label = "Or"];
n1000[label = "NearestInsertion"];
n100 -> n1000;
n1001[label = "NearestInsertion"];
n100 -> n1001;
n10 -> n100;
n101[label = "Or"];
n1010[label = "NearestInsertion"];
n101 -> n1010;
n1011[label = "CplexTerminal"];
n101 -> n1011;
n10 -> n101;
n1 -> n10;
n11[label = "CplexTerminal"];
n1 -> n11;
n -> n1;
}


Generation: 94
Best Individual:
Subpopulation 0:
Evaluated: true
Fitness: Standardized=0.19404398 Adjusted=0.8374901 Hits=2
Tree 0:
digraph g {
node [shape=rectangle];
n[label = "Equal"];
n0[label = "Equal"];
n00[label = "If_Then"];
n000[label = "Or"];
n0000[label = "NearestInsertion"];
n000 -> n0000;
n0001[label = "FarthestNeighbor"];
n000 -> n0001;
n00 -> n000;
n001[label = "If_Then"];
n0010[label = "FarthestNeighbor"];
n001 -> n0010;
n0011[label = "FarthestFirstNode"];
n001 -> n0011;
n00 -> n001;
n0 -> n00;
n01[label = "FarthestNeighbor"];
n0 -> n01;
n -> n0;
n1[label = "If_Then"];
n10[label = "While"];
n100[label = "And"];
n1000[label = "NearestInsertion"];
n100 -> n1000;
n1001[label = "NearestInsertion"];
n100 -> n1001;
n10 -> n100;
n101[label = "Or"];
n1010[label = "NearestInsertion"];
n101 -> n1010;
n1011[label = "CplexTerminal"];
n101 -> n1011;
n10 -> n101;
n1 -> n10;
n11[label = "CplexTerminal"];
n1 -> n11;
n -> n1;
}


Generation: 95
Best Individual:
Subpopulation 0:
Evaluated: true
Fitness: Standardized=0.19404398 Adjusted=0.8374901 Hits=2
Tree 0:
digraph g {
node [shape=rectangle];
n[label = "Equal"];
n0[label = "Equal"];
n00[label = "If_Then"];
n000[label = "Or"];
n0000[label = "NearestInsertion"];
n000 -> n0000;
n0001[label = "FarthestNeighbor"];
n000 -> n0001;
n00 -> n000;
n001[label = "If_Then"];
n0010[label = "FarthestNeighbor"];
n001 -> n0010;
n0011[label = "FarthestFirstNode"];
n001 -> n0011;
n00 -> n001;
n0 -> n00;
n01[label = "FarthestNeighbor"];
n0 -> n01;
n -> n0;
n1[label = "If_Then"];
n10[label = "While"];
n100[label = "Or"];
n1000[label = "NearestInsertion"];
n100 -> n1000;
n1001[label = "CplexTerminal"];
n100 -> n1001;
n10 -> n100;
n101[label = "Or"];
n1010[label = "NearestInsertion"];
n101 -> n1010;
n1011[label = "CplexTerminal"];
n101 -> n1011;
n10 -> n101;
n1 -> n10;
n11[label = "CplexTerminal"];
n1 -> n11;
n -> n1;
}


Generation: 96
Best Individual:
Subpopulation 0:
Evaluated: true
Fitness: Standardized=0.19404398 Adjusted=0.8374901 Hits=2
Tree 0:
digraph g {
node [shape=rectangle];
n[label = "Equal"];
n0[label = "Equal"];
n00[label = "If_Then"];
n000[label = "Or"];
n0000[label = "NearestInsertion"];
n000 -> n0000;
n0001[label = "FarthestNeighbor"];
n000 -> n0001;
n00 -> n000;
n001[label = "If_Then"];
n0010[label = "FarthestNeighbor"];
n001 -> n0010;
n0011[label = "FarthestFirstNode"];
n001 -> n0011;
n00 -> n001;
n0 -> n00;
n01[label = "FarthestNeighbor"];
n0 -> n01;
n -> n0;
n1[label = "If_Then"];
n10[label = "While"];
n100[label = "Or"];
n1000[label = "NearestInsertion"];
n100 -> n1000;
n1001[label = "CplexTerminal"];
n100 -> n1001;
n10 -> n100;
n101[label = "Or"];
n1010[label = "NearestInsertion"];
n101 -> n1010;
n1011[label = "CplexTerminal"];
n101 -> n1011;
n10 -> n101;
n1 -> n10;
n11[label = "CplexTerminal"];
n1 -> n11;
n -> n1;
}


Generation: 97
Best Individual:
Subpopulation 0:
Evaluated: true
Fitness: Standardized=0.19404398 Adjusted=0.8374901 Hits=2
Tree 0:
digraph g {
node [shape=rectangle];
n[label = "Equal"];
n0[label = "Equal"];
n00[label = "If_Then"];
n000[label = "Or"];
n0000[label = "NearestInsertion"];
n000 -> n0000;
n0001[label = "NearestInsertion"];
n000 -> n0001;
n00 -> n000;
n001[label = "If_Then"];
n0010[label = "FarthestNeighbor"];
n001 -> n0010;
n0011[label = "FarthestFirstNode"];
n001 -> n0011;
n00 -> n001;
n0 -> n00;
n01[label = "FarthestNeighbor"];
n0 -> n01;
n -> n0;
n1[label = "If_Then"];
n10[label = "While"];
n100[label = "Or"];
n1000[label = "NearestInsertion"];
n100 -> n1000;
n1001[label = "CplexTerminal"];
n100 -> n1001;
n10 -> n100;
n101[label = "Or"];
n1010[label = "NearestInsertion"];
n101 -> n1010;
n1011[label = "CplexTerminal"];
n101 -> n1011;
n10 -> n101;
n1 -> n10;
n11[label = "CplexTerminal"];
n1 -> n11;
n -> n1;
}


Generation: 98
Best Individual:
Subpopulation 0:
Evaluated: true
Fitness: Standardized=0.19404398 Adjusted=0.8374901 Hits=2
Tree 0:
digraph g {
node [shape=rectangle];
n[label = "Equal"];
n0[label = "Equal"];
n00[label = "If_Then"];
n000[label = "Or"];
n0000[label = "NearestInsertion"];
n000 -> n0000;
n0001[label = "FarthestNeighbor"];
n000 -> n0001;
n00 -> n000;
n001[label = "If_Then"];
n0010[label = "FarthestNeighbor"];
n001 -> n0010;
n0011[label = "FarthestFirstNode"];
n001 -> n0011;
n00 -> n001;
n0 -> n00;
n01[label = "FarthestNeighbor"];
n0 -> n01;
n -> n0;
n1[label = "If_Then"];
n10[label = "While"];
n100[label = "Or"];
n1000[label = "NearestInsertion"];
n100 -> n1000;
n1001[label = "CplexTerminal"];
n100 -> n1001;
n10 -> n100;
n101[label = "Or"];
n1010[label = "NearestInsertion"];
n101 -> n1010;
n1011[label = "CplexTerminal"];
n101 -> n1011;
n10 -> n101;
n1 -> n10;
n11[label = "CplexTerminal"];
n1 -> n11;
n -> n1;
}


Generation: 99
Best Individual:
Subpopulation 0:
Evaluated: true
Fitness: Standardized=0.19404398 Adjusted=0.8374901 Hits=2
Tree 0:
digraph g {
node [shape=rectangle];
n[label = "Equal"];
n0[label = "Equal"];
n00[label = "If_Then"];
n000[label = "Or"];
n0000[label = "NearestInsertion"];
n000 -> n0000;
n0001[label = "FarthestNeighbor"];
n000 -> n0001;
n00 -> n000;
n001[label = "If_Then"];
n0010[label = "FarthestNeighbor"];
n001 -> n0010;
n0011[label = "FarthestFirstNode"];
n001 -> n0011;
n00 -> n001;
n0 -> n00;
n01[label = "FarthestNeighbor"];
n0 -> n01;
n -> n0;
n1[label = "If_Then"];
n10[label = "While"];
n100[label = "Or"];
n1000[label = "NearestInsertion"];
n100 -> n1000;
n1001[label = "CplexTerminal"];
n100 -> n1001;
n10 -> n100;
n101[label = "Or"];
n1010[label = "NearestInsertion"];
n101 -> n1010;
n1011[label = "CplexTerminal"];
n101 -> n1011;
n10 -> n101;
n1 -> n10;
n11[label = "CplexTerminal"];
n1 -> n11;
n -> n1;
}


Best Individual of Run:
Subpopulation 0:
Evaluated: true
Fitness: Standardized=0.19404398 Adjusted=0.8374901 Hits=2
Tree 0:
digraph g {
node [shape=rectangle];
n[label = "Equal"];
n0[label = "Equal"];
n00[label = "If_Then"];
n000[label = "NearestInsertion"];
n00 -> n000;
n001[label = "If_Then"];
n0010[label = "FarthestNeighbor"];
n001 -> n0010;
n0011[label = "FarthestFirstNode"];
n001 -> n0011;
n00 -> n001;
n0 -> n00;
n01[label = "FarthestNeighbor"];
n0 -> n01;
n -> n0;
n1[label = "And"];
n10[label = "While"];
n100[label = "Or"];
n1000[label = "NearestInsertion"];
n100 -> n1000;
n1001[label = "FarthestNeighbor"];
n100 -> n1001;
n10 -> n100;
n101[label = "Or"];
n1010[label = "NearestInsertion"];
n101 -> n1010;
n1011[label = "FarthestNeighbor"];
n101 -> n1011;
n10 -> n101;
n1 -> n10;
n11[label = "CplexTerminal"];
n1 -> n11;
n -> n1;
}

