
Generation: 0
Best Individual:
Subpopulation 0:
Evaluated: true
Fitness: Standardized=0.7904435 Adjusted=0.55852085 Hits=0
Tree 0:
digraph g {
node [shape=rectangle];
n[label = "Equal"];
n0[label = "CplexTerminal"];
n -> n0;
n1[label = "And"];
n10[label = "Equal"];
n100[label = "FarthestFirstNode"];
n10 -> n100;
n101[label = "NearestInsertion"];
n10 -> n101;
n1 -> n10;
n11[label = "WorstMove"];
n1 -> n11;
n -> n1;
}


Generation: 1
Best Individual:
Subpopulation 0:
Evaluated: true
Fitness: Standardized=0.74625736 Adjusted=0.5726533 Hits=0
Tree 0:
digraph g {
node [shape=rectangle];
n[label = "If_Then"];
n0[label = "If_Then_Else"];
n00[label = "Or"];
n000[label = "WorstMove"];
n00 -> n000;
n001[label = "WorstMove"];
n00 -> n001;
n0 -> n00;
n01[label = "Equal"];
n010[label = "WorstMove"];
n01 -> n010;
n011[label = "BestMove"];
n01 -> n011;
n0 -> n01;
n02[label = "If_Then_Else"];
n020[label = "CplexTerminal"];
n02 -> n020;
n021[label = "WorstMove"];
n02 -> n021;
n022[label = "WorstMove"];
n02 -> n022;
n0 -> n02;
n -> n0;
n1[label = "If_Then"];
n10[label = "Or"];
n100[label = "NearestFirstNode"];
n10 -> n100;
n101[label = "FarthestInsertion"];
n10 -> n101;
n1 -> n10;
n11[label = "Or"];
n110[label = "FarthestNeighbor"];
n11 -> n110;
n111[label = "NearestInsertion"];
n11 -> n111;
n1 -> n11;
n -> n1;
}


Generation: 2
Best Individual:
Subpopulation 0:
Evaluated: true
Fitness: Standardized=0.74625736 Adjusted=0.5726533 Hits=0
Tree 0:
digraph g {
node [shape=rectangle];
n[label = "Equal"];
n0[label = "NearestInsertion"];
n -> n0;
n1[label = "FarthestFirstNode"];
n -> n1;
}


Generation: 3
Best Individual:
Subpopulation 0:
Evaluated: true
Fitness: Standardized=0.5085666 Adjusted=0.6628809 Hits=0
Tree 0:
digraph g {
node [shape=rectangle];
n[label = "Equal"];
n0[label = "CplexTerminal"];
n -> n0;
n1[label = "And"];
n10[label = "Equal"];
n100[label = "FarthestFirstNode"];
n10 -> n100;
n101[label = "Equal"];
n1010[label = "NearestInsertion"];
n101 -> n1010;
n1011[label = "FarthestFirstNode"];
n101 -> n1011;
n10 -> n101;
n1 -> n10;
n11[label = "WorstMove"];
n1 -> n11;
n -> n1;
}


Generation: 4
Best Individual:
Subpopulation 0:
Evaluated: true
Fitness: Standardized=0.29945147 Adjusted=0.7695555 Hits=0
Tree 0:
digraph g {
node [shape=rectangle];
n[label = "Equal"];
n0[label = "Equal"];
n00[label = "FarthestFirstNode"];
n0 -> n00;
n01[label = "Equal"];
n010[label = "NearestInsertion"];
n01 -> n010;
n011[label = "FarthestFirstNode"];
n01 -> n011;
n0 -> n01;
n -> n0;
n1[label = "And"];
n10[label = "Equal"];
n100[label = "FarthestFirstNode"];
n10 -> n100;
n101[label = "Equal"];
n1010[label = "NearestInsertion"];
n101 -> n1010;
n1011[label = "FarthestFirstNode"];
n101 -> n1011;
n10 -> n101;
n1 -> n10;
n11[label = "WorstMove"];
n1 -> n11;
n -> n1;
}


Generation: 5
Best Individual:
Subpopulation 0:
Evaluated: true
Fitness: Standardized=0.29945147 Adjusted=0.7695555 Hits=0
Tree 0:
digraph g {
node [shape=rectangle];
n[label = "Equal"];
n0[label = "Equal"];
n00[label = "FarthestFirstNode"];
n0 -> n00;
n01[label = "Equal"];
n010[label = "NearestInsertion"];
n01 -> n010;
n011[label = "FarthestFirstNode"];
n01 -> n011;
n0 -> n01;
n -> n0;
n1[label = "And"];
n10[label = "Equal"];
n100[label = "FarthestFirstNode"];
n10 -> n100;
n101[label = "Equal"];
n1010[label = "NearestInsertion"];
n101 -> n1010;
n1011[label = "FarthestFirstNode"];
n101 -> n1011;
n10 -> n101;
n1 -> n10;
n11[label = "WorstMove"];
n1 -> n11;
n -> n1;
}


Generation: 6
Best Individual:
Subpopulation 0:
Evaluated: true
Fitness: Standardized=0.2892735 Adjusted=0.7756306 Hits=0
Tree 0:
digraph g {
node [shape=rectangle];
n[label = "Equal"];
n0[label = "Equal"];
n00[label = "Equal"];
n000[label = "FarthestFirstNode"];
n00 -> n000;
n001[label = "Equal"];
n0010[label = "NearestInsertion"];
n001 -> n0010;
n0011[label = "FarthestFirstNode"];
n001 -> n0011;
n00 -> n001;
n0 -> n00;
n01[label = "And"];
n010[label = "FarthestFirstNode"];
n01 -> n010;
n011[label = "WorstMove"];
n01 -> n011;
n0 -> n01;
n -> n0;
n1[label = "FarthestFirstNode"];
n -> n1;
}


Generation: 7
Best Individual:
Subpopulation 0:
Evaluated: true
Fitness: Standardized=0.28534865 Adjusted=0.77799904 Hits=0
Tree 0:
digraph g {
node [shape=rectangle];
n[label = "Equal"];
n0[label = "Equal"];
n00[label = "Equal"];
n000[label = "FarthestFirstNode"];
n00 -> n000;
n001[label = "Equal"];
n0010[label = "NearestInsertion"];
n001 -> n0010;
n0011[label = "FarthestFirstNode"];
n001 -> n0011;
n00 -> n001;
n0 -> n00;
n01[label = "And"];
n010[label = "FarthestFirstNode"];
n01 -> n010;
n011[label = "WorstMove"];
n01 -> n011;
n0 -> n01;
n -> n0;
n1[label = "Equal"];
n10[label = "NearestInsertion"];
n1 -> n10;
n11[label = "FarthestFirstNode"];
n1 -> n11;
n -> n1;
}


Generation: 8
Best Individual:
Subpopulation 0:
Evaluated: true
Fitness: Standardized=0.28534865 Adjusted=0.77799904 Hits=0
Tree 0:
digraph g {
node [shape=rectangle];
n[label = "Equal"];
n0[label = "Equal"];
n00[label = "Equal"];
n000[label = "FarthestFirstNode"];
n00 -> n000;
n001[label = "Equal"];
n0010[label = "NearestInsertion"];
n001 -> n0010;
n0011[label = "FarthestFirstNode"];
n001 -> n0011;
n00 -> n001;
n0 -> n00;
n01[label = "And"];
n010[label = "FarthestFirstNode"];
n01 -> n010;
n011[label = "WorstMove"];
n01 -> n011;
n0 -> n01;
n -> n0;
n1[label = "Equal"];
n10[label = "NearestInsertion"];
n1 -> n10;
n11[label = "FarthestFirstNode"];
n1 -> n11;
n -> n1;
}


Generation: 9
Best Individual:
Subpopulation 0:
Evaluated: true
Fitness: Standardized=0.28534865 Adjusted=0.77799904 Hits=0
Tree 0:
digraph g {
node [shape=rectangle];
n[label = "Equal"];
n0[label = "Equal"];
n00[label = "Equal"];
n000[label = "FarthestFirstNode"];
n00 -> n000;
n001[label = "Equal"];
n0010[label = "NearestInsertion"];
n001 -> n0010;
n0011[label = "FarthestFirstNode"];
n001 -> n0011;
n00 -> n001;
n0 -> n00;
n01[label = "And"];
n010[label = "FarthestFirstNode"];
n01 -> n010;
n011[label = "WorstMove"];
n01 -> n011;
n0 -> n01;
n -> n0;
n1[label = "Equal"];
n10[label = "NearestInsertion"];
n1 -> n10;
n11[label = "FarthestFirstNode"];
n1 -> n11;
n -> n1;
}


Generation: 10
Best Individual:
Subpopulation 0:
Evaluated: true
Fitness: Standardized=0.28534865 Adjusted=0.77799904 Hits=0
Tree 0:
digraph g {
node [shape=rectangle];
n[label = "Equal"];
n0[label = "Equal"];
n00[label = "Equal"];
n000[label = "FarthestFirstNode"];
n00 -> n000;
n001[label = "Equal"];
n0010[label = "NearestInsertion"];
n001 -> n0010;
n0011[label = "FarthestFirstNode"];
n001 -> n0011;
n00 -> n001;
n0 -> n00;
n01[label = "And"];
n010[label = "FarthestFirstNode"];
n01 -> n010;
n011[label = "WorstMove"];
n01 -> n011;
n0 -> n01;
n -> n0;
n1[label = "Equal"];
n10[label = "NearestInsertion"];
n1 -> n10;
n11[label = "FarthestFirstNode"];
n1 -> n11;
n -> n1;
}


Generation: 11
Best Individual:
Subpopulation 0:
Evaluated: true
Fitness: Standardized=0.28534865 Adjusted=0.77799904 Hits=0
Tree 0:
digraph g {
node [shape=rectangle];
n[label = "Equal"];
n0[label = "Equal"];
n00[label = "Equal"];
n000[label = "FarthestFirstNode"];
n00 -> n000;
n001[label = "Equal"];
n0010[label = "NearestInsertion"];
n001 -> n0010;
n0011[label = "FarthestFirstNode"];
n001 -> n0011;
n00 -> n001;
n0 -> n00;
n01[label = "And"];
n010[label = "FarthestFirstNode"];
n01 -> n010;
n011[label = "WorstMove"];
n01 -> n011;
n0 -> n01;
n -> n0;
n1[label = "Equal"];
n10[label = "NearestInsertion"];
n1 -> n10;
n11[label = "FarthestFirstNode"];
n1 -> n11;
n -> n1;
}


Generation: 12
Best Individual:
Subpopulation 0:
Evaluated: true
Fitness: Standardized=0.28534865 Adjusted=0.77799904 Hits=0
Tree 0:
digraph g {
node [shape=rectangle];
n[label = "Equal"];
n0[label = "Equal"];
n00[label = "Equal"];
n000[label = "FarthestFirstNode"];
n00 -> n000;
n001[label = "Equal"];
n0010[label = "NearestInsertion"];
n001 -> n0010;
n0011[label = "FarthestFirstNode"];
n001 -> n0011;
n00 -> n001;
n0 -> n00;
n01[label = "And"];
n010[label = "FarthestFirstNode"];
n01 -> n010;
n011[label = "WorstMove"];
n01 -> n011;
n0 -> n01;
n -> n0;
n1[label = "Equal"];
n10[label = "NearestInsertion"];
n1 -> n10;
n11[label = "FarthestFirstNode"];
n1 -> n11;
n -> n1;
}


Generation: 13
Best Individual:
Subpopulation 0:
Evaluated: true
Fitness: Standardized=0.28534865 Adjusted=0.77799904 Hits=0
Tree 0:
digraph g {
node [shape=rectangle];
n[label = "Equal"];
n0[label = "Equal"];
n00[label = "Equal"];
n000[label = "FarthestFirstNode"];
n00 -> n000;
n001[label = "Equal"];
n0010[label = "NearestInsertion"];
n001 -> n0010;
n0011[label = "FarthestFirstNode"];
n001 -> n0011;
n00 -> n001;
n0 -> n00;
n01[label = "And"];
n010[label = "FarthestFirstNode"];
n01 -> n010;
n011[label = "WorstMove"];
n01 -> n011;
n0 -> n01;
n -> n0;
n1[label = "Equal"];
n10[label = "NearestInsertion"];
n1 -> n10;
n11[label = "FarthestFirstNode"];
n1 -> n11;
n -> n1;
}


Generation: 14
Best Individual:
Subpopulation 0:
Evaluated: true
Fitness: Standardized=0.28534865 Adjusted=0.77799904 Hits=0
Tree 0:
digraph g {
node [shape=rectangle];
n[label = "Equal"];
n0[label = "Equal"];
n00[label = "Equal"];
n000[label = "FarthestFirstNode"];
n00 -> n000;
n001[label = "Equal"];
n0010[label = "NearestInsertion"];
n001 -> n0010;
n0011[label = "FarthestFirstNode"];
n001 -> n0011;
n00 -> n001;
n0 -> n00;
n01[label = "And"];
n010[label = "FarthestFirstNode"];
n01 -> n010;
n011[label = "WorstMove"];
n01 -> n011;
n0 -> n01;
n -> n0;
n1[label = "Equal"];
n10[label = "NearestInsertion"];
n1 -> n10;
n11[label = "FarthestFirstNode"];
n1 -> n11;
n -> n1;
}


Generation: 15
Best Individual:
Subpopulation 0:
Evaluated: true
Fitness: Standardized=0.28534865 Adjusted=0.77799904 Hits=0
Tree 0:
digraph g {
node [shape=rectangle];
n[label = "Equal"];
n0[label = "Equal"];
n00[label = "Equal"];
n000[label = "FarthestFirstNode"];
n00 -> n000;
n001[label = "Equal"];
n0010[label = "NearestInsertion"];
n001 -> n0010;
n0011[label = "FarthestFirstNode"];
n001 -> n0011;
n00 -> n001;
n0 -> n00;
n01[label = "And"];
n010[label = "FarthestFirstNode"];
n01 -> n010;
n011[label = "WorstMove"];
n01 -> n011;
n0 -> n01;
n -> n0;
n1[label = "Equal"];
n10[label = "NearestInsertion"];
n1 -> n10;
n11[label = "FarthestFirstNode"];
n1 -> n11;
n -> n1;
}


Generation: 16
Best Individual:
Subpopulation 0:
Evaluated: true
Fitness: Standardized=0.28534865 Adjusted=0.77799904 Hits=0
Tree 0:
digraph g {
node [shape=rectangle];
n[label = "Equal"];
n0[label = "Equal"];
n00[label = "Equal"];
n000[label = "FarthestFirstNode"];
n00 -> n000;
n001[label = "Equal"];
n0010[label = "NearestInsertion"];
n001 -> n0010;
n0011[label = "FarthestFirstNode"];
n001 -> n0011;
n00 -> n001;
n0 -> n00;
n01[label = "And"];
n010[label = "FarthestFirstNode"];
n01 -> n010;
n011[label = "WorstMove"];
n01 -> n011;
n0 -> n01;
n -> n0;
n1[label = "Equal"];
n10[label = "NearestInsertion"];
n1 -> n10;
n11[label = "FarthestFirstNode"];
n1 -> n11;
n -> n1;
}


Generation: 17
Best Individual:
Subpopulation 0:
Evaluated: true
Fitness: Standardized=0.28534865 Adjusted=0.77799904 Hits=0
Tree 0:
digraph g {
node [shape=rectangle];
n[label = "Equal"];
n0[label = "Equal"];
n00[label = "Equal"];
n000[label = "FarthestFirstNode"];
n00 -> n000;
n001[label = "Equal"];
n0010[label = "NearestInsertion"];
n001 -> n0010;
n0011[label = "FarthestFirstNode"];
n001 -> n0011;
n00 -> n001;
n0 -> n00;
n01[label = "And"];
n010[label = "FarthestFirstNode"];
n01 -> n010;
n011[label = "WorstMove"];
n01 -> n011;
n0 -> n01;
n -> n0;
n1[label = "Equal"];
n10[label = "NearestInsertion"];
n1 -> n10;
n11[label = "FarthestFirstNode"];
n1 -> n11;
n -> n1;
}


Generation: 18
Best Individual:
Subpopulation 0:
Evaluated: true
Fitness: Standardized=0.278756 Adjusted=0.78201 Hits=0
Tree 0:
digraph g {
node [shape=rectangle];
n[label = "Equal"];
n0[label = "Equal"];
n00[label = "NearestNeighbor"];
n0 -> n00;
n01[label = "And"];
n010[label = "FarthestFirstNode"];
n01 -> n010;
n011[label = "WorstMove"];
n01 -> n011;
n0 -> n01;
n -> n0;
n1[label = "Equal"];
n10[label = "Equal"];
n100[label = "FarthestFirstNode"];
n10 -> n100;
n101[label = "Equal"];
n1010[label = "NearestInsertion"];
n101 -> n1010;
n1011[label = "FarthestFirstNode"];
n101 -> n1011;
n10 -> n101;
n1 -> n10;
n11[label = "FarthestFirstNode"];
n1 -> n11;
n -> n1;
}


Generation: 19
Best Individual:
Subpopulation 0:
Evaluated: true
Fitness: Standardized=0.278756 Adjusted=0.78201 Hits=0
Tree 0:
digraph g {
node [shape=rectangle];
n[label = "Equal"];
n0[label = "Equal"];
n00[label = "NearestNeighbor"];
n0 -> n00;
n01[label = "And"];
n010[label = "FarthestFirstNode"];
n01 -> n010;
n011[label = "WorstMove"];
n01 -> n011;
n0 -> n01;
n -> n0;
n1[label = "Equal"];
n10[label = "Equal"];
n100[label = "FarthestFirstNode"];
n10 -> n100;
n101[label = "Equal"];
n1010[label = "NearestInsertion"];
n101 -> n1010;
n1011[label = "FarthestFirstNode"];
n101 -> n1011;
n10 -> n101;
n1 -> n10;
n11[label = "FarthestFirstNode"];
n1 -> n11;
n -> n1;
}


Generation: 20
Best Individual:
Subpopulation 0:
Evaluated: true
Fitness: Standardized=0.278756 Adjusted=0.78201 Hits=0
Tree 0:
digraph g {
node [shape=rectangle];
n[label = "Equal"];
n0[label = "Equal"];
n00[label = "NearestNeighbor"];
n0 -> n00;
n01[label = "And"];
n010[label = "FarthestFirstNode"];
n01 -> n010;
n011[label = "WorstMove"];
n01 -> n011;
n0 -> n01;
n -> n0;
n1[label = "Equal"];
n10[label = "Equal"];
n100[label = "FarthestFirstNode"];
n10 -> n100;
n101[label = "Equal"];
n1010[label = "NearestInsertion"];
n101 -> n1010;
n1011[label = "FarthestFirstNode"];
n101 -> n1011;
n10 -> n101;
n1 -> n10;
n11[label = "FarthestFirstNode"];
n1 -> n11;
n -> n1;
}


Generation: 21
Best Individual:
Subpopulation 0:
Evaluated: true
Fitness: Standardized=0.278756 Adjusted=0.78201 Hits=0
Tree 0:
digraph g {
node [shape=rectangle];
n[label = "Equal"];
n0[label = "Equal"];
n00[label = "NearestNeighbor"];
n0 -> n00;
n01[label = "And"];
n010[label = "FarthestFirstNode"];
n01 -> n010;
n011[label = "WorstMove"];
n01 -> n011;
n0 -> n01;
n -> n0;
n1[label = "Equal"];
n10[label = "Equal"];
n100[label = "FarthestFirstNode"];
n10 -> n100;
n101[label = "Equal"];
n1010[label = "NearestInsertion"];
n101 -> n1010;
n1011[label = "FarthestFirstNode"];
n101 -> n1011;
n10 -> n101;
n1 -> n10;
n11[label = "FarthestFirstNode"];
n1 -> n11;
n -> n1;
}


Generation: 22
Best Individual:
Subpopulation 0:
Evaluated: true
Fitness: Standardized=0.278756 Adjusted=0.78201 Hits=0
Tree 0:
digraph g {
node [shape=rectangle];
n[label = "Equal"];
n0[label = "Equal"];
n00[label = "NearestNeighbor"];
n0 -> n00;
n01[label = "And"];
n010[label = "FarthestFirstNode"];
n01 -> n010;
n011[label = "WorstMove"];
n01 -> n011;
n0 -> n01;
n -> n0;
n1[label = "Equal"];
n10[label = "Equal"];
n100[label = "FarthestFirstNode"];
n10 -> n100;
n101[label = "Equal"];
n1010[label = "NearestInsertion"];
n101 -> n1010;
n1011[label = "FarthestFirstNode"];
n101 -> n1011;
n10 -> n101;
n1 -> n10;
n11[label = "FarthestFirstNode"];
n1 -> n11;
n -> n1;
}


Generation: 23
Best Individual:
Subpopulation 0:
Evaluated: true
Fitness: Standardized=0.278756 Adjusted=0.78201 Hits=0
Tree 0:
digraph g {
node [shape=rectangle];
n[label = "Equal"];
n0[label = "Equal"];
n00[label = "NearestNeighbor"];
n0 -> n00;
n01[label = "And"];
n010[label = "FarthestFirstNode"];
n01 -> n010;
n011[label = "WorstMove"];
n01 -> n011;
n0 -> n01;
n -> n0;
n1[label = "Equal"];
n10[label = "Equal"];
n100[label = "FarthestFirstNode"];
n10 -> n100;
n101[label = "Equal"];
n1010[label = "NearestInsertion"];
n101 -> n1010;
n1011[label = "FarthestFirstNode"];
n101 -> n1011;
n10 -> n101;
n1 -> n10;
n11[label = "FarthestFirstNode"];
n1 -> n11;
n -> n1;
}


Generation: 24
Best Individual:
Subpopulation 0:
Evaluated: true
Fitness: Standardized=0.278756 Adjusted=0.78201 Hits=0
Tree 0:
digraph g {
node [shape=rectangle];
n[label = "Equal"];
n0[label = "Equal"];
n00[label = "NearestNeighbor"];
n0 -> n00;
n01[label = "FarthestFirstNode"];
n0 -> n01;
n -> n0;
n1[label = "Equal"];
n10[label = "Equal"];
n100[label = "FarthestFirstNode"];
n10 -> n100;
n101[label = "Equal"];
n1010[label = "NearestInsertion"];
n101 -> n1010;
n1011[label = "FarthestFirstNode"];
n101 -> n1011;
n10 -> n101;
n1 -> n10;
n11[label = "FarthestFirstNode"];
n1 -> n11;
n -> n1;
}


Generation: 25
Best Individual:
Subpopulation 0:
Evaluated: true
Fitness: Standardized=0.278756 Adjusted=0.78201 Hits=0
Tree 0:
digraph g {
node [shape=rectangle];
n[label = "Equal"];
n0[label = "Equal"];
n00[label = "NearestNeighbor"];
n0 -> n00;
n01[label = "FarthestFirstNode"];
n0 -> n01;
n -> n0;
n1[label = "Equal"];
n10[label = "Equal"];
n100[label = "FarthestFirstNode"];
n10 -> n100;
n101[label = "Equal"];
n1010[label = "NearestInsertion"];
n101 -> n1010;
n1011[label = "FarthestFirstNode"];
n101 -> n1011;
n10 -> n101;
n1 -> n10;
n11[label = "FarthestFirstNode"];
n1 -> n11;
n -> n1;
}


Generation: 26
Best Individual:
Subpopulation 0:
Evaluated: true
Fitness: Standardized=0.278756 Adjusted=0.78201 Hits=0
Tree 0:
digraph g {
node [shape=rectangle];
n[label = "Equal"];
n0[label = "Equal"];
n00[label = "NearestNeighbor"];
n0 -> n00;
n01[label = "And"];
n010[label = "FarthestFirstNode"];
n01 -> n010;
n011[label = "WorstMove"];
n01 -> n011;
n0 -> n01;
n -> n0;
n1[label = "Equal"];
n10[label = "Equal"];
n100[label = "FarthestFirstNode"];
n10 -> n100;
n101[label = "Equal"];
n1010[label = "NearestInsertion"];
n101 -> n1010;
n1011[label = "FarthestFirstNode"];
n101 -> n1011;
n10 -> n101;
n1 -> n10;
n11[label = "FarthestFirstNode"];
n1 -> n11;
n -> n1;
}


Generation: 27
Best Individual:
Subpopulation 0:
Evaluated: true
Fitness: Standardized=0.278756 Adjusted=0.78201 Hits=0
Tree 0:
digraph g {
node [shape=rectangle];
n[label = "Equal"];
n0[label = "Equal"];
n00[label = "NearestNeighbor"];
n0 -> n00;
n01[label = "And"];
n010[label = "FarthestFirstNode"];
n01 -> n010;
n011[label = "WorstMove"];
n01 -> n011;
n0 -> n01;
n -> n0;
n1[label = "If_Then"];
n10[label = "Equal"];
n100[label = "FarthestFirstNode"];
n10 -> n100;
n101[label = "Equal"];
n1010[label = "NearestInsertion"];
n101 -> n1010;
n1011[label = "FarthestFirstNode"];
n101 -> n1011;
n10 -> n101;
n1 -> n10;
n11[label = "FarthestFirstNode"];
n1 -> n11;
n -> n1;
}


Generation: 28
Best Individual:
Subpopulation 0:
Evaluated: true
Fitness: Standardized=0.278756 Adjusted=0.78201 Hits=0
Tree 0:
digraph g {
node [shape=rectangle];
n[label = "Equal"];
n0[label = "Equal"];
n00[label = "NearestNeighbor"];
n0 -> n00;
n01[label = "And"];
n010[label = "FarthestFirstNode"];
n01 -> n010;
n011[label = "WorstMove"];
n01 -> n011;
n0 -> n01;
n -> n0;
n1[label = "Equal"];
n10[label = "Equal"];
n100[label = "FarthestFirstNode"];
n10 -> n100;
n101[label = "And"];
n1010[label = "NearestInsertion"];
n101 -> n1010;
n1011[label = "FarthestFirstNode"];
n101 -> n1011;
n10 -> n101;
n1 -> n10;
n11[label = "FarthestFirstNode"];
n1 -> n11;
n -> n1;
}


Generation: 29
Best Individual:
Subpopulation 0:
Evaluated: true
Fitness: Standardized=0.278756 Adjusted=0.78201 Hits=0
Tree 0:
digraph g {
node [shape=rectangle];
n[label = "Equal"];
n0[label = "Equal"];
n00[label = "NearestNeighbor"];
n0 -> n00;
n01[label = "And"];
n010[label = "FarthestFirstNode"];
n01 -> n010;
n011[label = "WorstMove"];
n01 -> n011;
n0 -> n01;
n -> n0;
n1[label = "Equal"];
n10[label = "Equal"];
n100[label = "FarthestFirstNode"];
n10 -> n100;
n101[label = "Equal"];
n1010[label = "NearestInsertion"];
n101 -> n1010;
n1011[label = "FarthestFirstNode"];
n101 -> n1011;
n10 -> n101;
n1 -> n10;
n11[label = "FarthestFirstNode"];
n1 -> n11;
n -> n1;
}


Generation: 30
Best Individual:
Subpopulation 0:
Evaluated: true
Fitness: Standardized=0.278756 Adjusted=0.78201 Hits=0
Tree 0:
digraph g {
node [shape=rectangle];
n[label = "Equal"];
n0[label = "Equal"];
n00[label = "NearestNeighbor"];
n0 -> n00;
n01[label = "And"];
n010[label = "FarthestFirstNode"];
n01 -> n010;
n011[label = "WorstMove"];
n01 -> n011;
n0 -> n01;
n -> n0;
n1[label = "Equal"];
n10[label = "Equal"];
n100[label = "FarthestFirstNode"];
n10 -> n100;
n101[label = "Equal"];
n1010[label = "NearestInsertion"];
n101 -> n1010;
n1011[label = "FarthestFirstNode"];
n101 -> n1011;
n10 -> n101;
n1 -> n10;
n11[label = "FarthestFirstNode"];
n1 -> n11;
n -> n1;
}


Generation: 31
Best Individual:
Subpopulation 0:
Evaluated: true
Fitness: Standardized=0.278756 Adjusted=0.78201 Hits=0
Tree 0:
digraph g {
node [shape=rectangle];
n[label = "Equal"];
n0[label = "Equal"];
n00[label = "NearestNeighbor"];
n0 -> n00;
n01[label = "And"];
n010[label = "FarthestFirstNode"];
n01 -> n010;
n011[label = "WorstMove"];
n01 -> n011;
n0 -> n01;
n -> n0;
n1[label = "Equal"];
n10[label = "Equal"];
n100[label = "FarthestFirstNode"];
n10 -> n100;
n101[label = "Equal"];
n1010[label = "NearestInsertion"];
n101 -> n1010;
n1011[label = "FarthestFirstNode"];
n101 -> n1011;
n10 -> n101;
n1 -> n10;
n11[label = "FarthestFirstNode"];
n1 -> n11;
n -> n1;
}


Generation: 32
Best Individual:
Subpopulation 0:
Evaluated: true
Fitness: Standardized=0.278756 Adjusted=0.78201 Hits=0
Tree 0:
digraph g {
node [shape=rectangle];
n[label = "Equal"];
n0[label = "Equal"];
n00[label = "NearestNeighbor"];
n0 -> n00;
n01[label = "And"];
n010[label = "FarthestFirstNode"];
n01 -> n010;
n011[label = "WorstMove"];
n01 -> n011;
n0 -> n01;
n -> n0;
n1[label = "Equal"];
n10[label = "Equal"];
n100[label = "FarthestFirstNode"];
n10 -> n100;
n101[label = "Equal"];
n1010[label = "NearestInsertion"];
n101 -> n1010;
n1011[label = "FarthestFirstNode"];
n101 -> n1011;
n10 -> n101;
n1 -> n10;
n11[label = "FarthestFirstNode"];
n1 -> n11;
n -> n1;
}


Generation: 33
Best Individual:
Subpopulation 0:
Evaluated: true
Fitness: Standardized=0.278756 Adjusted=0.78201 Hits=0
Tree 0:
digraph g {
node [shape=rectangle];
n[label = "Equal"];
n0[label = "Equal"];
n00[label = "NearestNeighbor"];
n0 -> n00;
n01[label = "And"];
n010[label = "FarthestFirstNode"];
n01 -> n010;
n011[label = "WorstMove"];
n01 -> n011;
n0 -> n01;
n -> n0;
n1[label = "Equal"];
n10[label = "Equal"];
n100[label = "FarthestFirstNode"];
n10 -> n100;
n101[label = "And"];
n1010[label = "NearestInsertion"];
n101 -> n1010;
n1011[label = "FarthestFirstNode"];
n101 -> n1011;
n10 -> n101;
n1 -> n10;
n11[label = "FarthestFirstNode"];
n1 -> n11;
n -> n1;
}


Generation: 34
Best Individual:
Subpopulation 0:
Evaluated: true
Fitness: Standardized=0.278756 Adjusted=0.78201 Hits=0
Tree 0:
digraph g {
node [shape=rectangle];
n[label = "Equal"];
n0[label = "Equal"];
n00[label = "NearestNeighbor"];
n0 -> n00;
n01[label = "And"];
n010[label = "FarthestFirstNode"];
n01 -> n010;
n011[label = "WorstMove"];
n01 -> n011;
n0 -> n01;
n -> n0;
n1[label = "Equal"];
n10[label = "Equal"];
n100[label = "FarthestFirstNode"];
n10 -> n100;
n101[label = "And"];
n1010[label = "NearestInsertion"];
n101 -> n1010;
n1011[label = "FarthestFirstNode"];
n101 -> n1011;
n10 -> n101;
n1 -> n10;
n11[label = "FarthestFirstNode"];
n1 -> n11;
n -> n1;
}


Generation: 35
Best Individual:
Subpopulation 0:
Evaluated: true
Fitness: Standardized=0.278756 Adjusted=0.78201 Hits=0
Tree 0:
digraph g {
node [shape=rectangle];
n[label = "Equal"];
n0[label = "Equal"];
n00[label = "NearestNeighbor"];
n0 -> n00;
n01[label = "And"];
n010[label = "FarthestFirstNode"];
n01 -> n010;
n011[label = "WorstMove"];
n01 -> n011;
n0 -> n01;
n -> n0;
n1[label = "Equal"];
n10[label = "Equal"];
n100[label = "FarthestFirstNode"];
n10 -> n100;
n101[label = "And"];
n1010[label = "NearestInsertion"];
n101 -> n1010;
n1011[label = "FarthestFirstNode"];
n101 -> n1011;
n10 -> n101;
n1 -> n10;
n11[label = "FarthestFirstNode"];
n1 -> n11;
n -> n1;
}


Generation: 36
Best Individual:
Subpopulation 0:
Evaluated: true
Fitness: Standardized=0.278756 Adjusted=0.78201 Hits=0
Tree 0:
digraph g {
node [shape=rectangle];
n[label = "Equal"];
n0[label = "Equal"];
n00[label = "NearestNeighbor"];
n0 -> n00;
n01[label = "Equal"];
n010[label = "FarthestFirstNode"];
n01 -> n010;
n011[label = "WorstMove"];
n01 -> n011;
n0 -> n01;
n -> n0;
n1[label = "Equal"];
n10[label = "Equal"];
n100[label = "FarthestFirstNode"];
n10 -> n100;
n101[label = "Equal"];
n1010[label = "NearestInsertion"];
n101 -> n1010;
n1011[label = "FarthestFirstNode"];
n101 -> n1011;
n10 -> n101;
n1 -> n10;
n11[label = "FarthestFirstNode"];
n1 -> n11;
n -> n1;
}


Generation: 37
Best Individual:
Subpopulation 0:
Evaluated: true
Fitness: Standardized=0.27358663 Adjusted=0.78518414 Hits=0
Tree 0:
digraph g {
node [shape=rectangle];
n[label = "Equal"];
n0[label = "Equal"];
n00[label = "NearestNeighbor"];
n0 -> n00;
n01[label = "And"];
n010[label = "FarthestFirstNode"];
n01 -> n010;
n011[label = "WorstMove"];
n01 -> n011;
n0 -> n01;
n -> n0;
n1[label = "Equal"];
n10[label = "Equal"];
n100[label = "And"];
n1000[label = "NearestInsertion"];
n100 -> n1000;
n1001[label = "FarthestFirstNode"];
n100 -> n1001;
n10 -> n100;
n101[label = "And"];
n1010[label = "NearestInsertion"];
n101 -> n1010;
n1011[label = "FarthestFirstNode"];
n101 -> n1011;
n10 -> n101;
n1 -> n10;
n11[label = "FarthestFirstNode"];
n1 -> n11;
n -> n1;
}


Generation: 38
Best Individual:
Subpopulation 0:
Evaluated: true
Fitness: Standardized=0.27358663 Adjusted=0.78518414 Hits=0
Tree 0:
digraph g {
node [shape=rectangle];
n[label = "Equal"];
n0[label = "Equal"];
n00[label = "NearestNeighbor"];
n0 -> n00;
n01[label = "And"];
n010[label = "FarthestFirstNode"];
n01 -> n010;
n011[label = "WorstMove"];
n01 -> n011;
n0 -> n01;
n -> n0;
n1[label = "Equal"];
n10[label = "Equal"];
n100[label = "And"];
n1000[label = "NearestInsertion"];
n100 -> n1000;
n1001[label = "FarthestFirstNode"];
n100 -> n1001;
n10 -> n100;
n101[label = "And"];
n1010[label = "NearestInsertion"];
n101 -> n1010;
n1011[label = "FarthestFirstNode"];
n101 -> n1011;
n10 -> n101;
n1 -> n10;
n11[label = "FarthestFirstNode"];
n1 -> n11;
n -> n1;
}


Generation: 39
Best Individual:
Subpopulation 0:
Evaluated: true
Fitness: Standardized=0.27358663 Adjusted=0.78518414 Hits=0
Tree 0:
digraph g {
node [shape=rectangle];
n[label = "Equal"];
n0[label = "Equal"];
n00[label = "NearestNeighbor"];
n0 -> n00;
n01[label = "And"];
n010[label = "FarthestFirstNode"];
n01 -> n010;
n011[label = "WorstMove"];
n01 -> n011;
n0 -> n01;
n -> n0;
n1[label = "Equal"];
n10[label = "Equal"];
n100[label = "And"];
n1000[label = "NearestInsertion"];
n100 -> n1000;
n1001[label = "FarthestFirstNode"];
n100 -> n1001;
n10 -> n100;
n101[label = "And"];
n1010[label = "NearestInsertion"];
n101 -> n1010;
n1011[label = "FarthestFirstNode"];
n101 -> n1011;
n10 -> n101;
n1 -> n10;
n11[label = "FarthestFirstNode"];
n1 -> n11;
n -> n1;
}


Generation: 40
Best Individual:
Subpopulation 0:
Evaluated: true
Fitness: Standardized=0.27358663 Adjusted=0.78518414 Hits=0
Tree 0:
digraph g {
node [shape=rectangle];
n[label = "Equal"];
n0[label = "Equal"];
n00[label = "NearestNeighbor"];
n0 -> n00;
n01[label = "And"];
n010[label = "FarthestFirstNode"];
n01 -> n010;
n011[label = "WorstMove"];
n01 -> n011;
n0 -> n01;
n -> n0;
n1[label = "Equal"];
n10[label = "Equal"];
n100[label = "And"];
n1000[label = "NearestInsertion"];
n100 -> n1000;
n1001[label = "FarthestFirstNode"];
n100 -> n1001;
n10 -> n100;
n101[label = "Equal"];
n1010[label = "NearestInsertion"];
n101 -> n1010;
n1011[label = "FarthestFirstNode"];
n101 -> n1011;
n10 -> n101;
n1 -> n10;
n11[label = "FarthestFirstNode"];
n1 -> n11;
n -> n1;
}


Generation: 41
Best Individual:
Subpopulation 0:
Evaluated: true
Fitness: Standardized=0.27358663 Adjusted=0.78518414 Hits=0
Tree 0:
digraph g {
node [shape=rectangle];
n[label = "Equal"];
n0[label = "Equal"];
n00[label = "NearestNeighbor"];
n0 -> n00;
n01[label = "And"];
n010[label = "FarthestFirstNode"];
n01 -> n010;
n011[label = "WorstMove"];
n01 -> n011;
n0 -> n01;
n -> n0;
n1[label = "Equal"];
n10[label = "Equal"];
n100[label = "And"];
n1000[label = "NearestInsertion"];
n100 -> n1000;
n1001[label = "FarthestFirstNode"];
n100 -> n1001;
n10 -> n100;
n101[label = "And"];
n1010[label = "NearestInsertion"];
n101 -> n1010;
n1011[label = "FarthestFirstNode"];
n101 -> n1011;
n10 -> n101;
n1 -> n10;
n11[label = "FarthestFirstNode"];
n1 -> n11;
n -> n1;
}


Generation: 42
Best Individual:
Subpopulation 0:
Evaluated: true
Fitness: Standardized=0.27358663 Adjusted=0.78518414 Hits=0
Tree 0:
digraph g {
node [shape=rectangle];
n[label = "Equal"];
n0[label = "Equal"];
n00[label = "NearestNeighbor"];
n0 -> n00;
n01[label = "FarthestFirstNode"];
n0 -> n01;
n -> n0;
n1[label = "Equal"];
n10[label = "Equal"];
n100[label = "And"];
n1000[label = "NearestInsertion"];
n100 -> n1000;
n1001[label = "FarthestFirstNode"];
n100 -> n1001;
n10 -> n100;
n101[label = "And"];
n1010[label = "NearestInsertion"];
n101 -> n1010;
n1011[label = "FarthestFirstNode"];
n101 -> n1011;
n10 -> n101;
n1 -> n10;
n11[label = "FarthestFirstNode"];
n1 -> n11;
n -> n1;
}


Generation: 43
Best Individual:
Subpopulation 0:
Evaluated: true
Fitness: Standardized=0.27358663 Adjusted=0.78518414 Hits=0
Tree 0:
digraph g {
node [shape=rectangle];
n[label = "Equal"];
n0[label = "Equal"];
n00[label = "NearestNeighbor"];
n0 -> n00;
n01[label = "And"];
n010[label = "FarthestFirstNode"];
n01 -> n010;
n011[label = "WorstMove"];
n01 -> n011;
n0 -> n01;
n -> n0;
n1[label = "Equal"];
n10[label = "Equal"];
n100[label = "And"];
n1000[label = "NearestInsertion"];
n100 -> n1000;
n1001[label = "FarthestFirstNode"];
n100 -> n1001;
n10 -> n100;
n101[label = "And"];
n1010[label = "NearestInsertion"];
n101 -> n1010;
n1011[label = "FarthestFirstNode"];
n101 -> n1011;
n10 -> n101;
n1 -> n10;
n11[label = "FarthestFirstNode"];
n1 -> n11;
n -> n1;
}


Generation: 44
Best Individual:
Subpopulation 0:
Evaluated: true
Fitness: Standardized=0.27358663 Adjusted=0.78518414 Hits=0
Tree 0:
digraph g {
node [shape=rectangle];
n[label = "Equal"];
n0[label = "Equal"];
n00[label = "NearestNeighbor"];
n0 -> n00;
n01[label = "And"];
n010[label = "FarthestFirstNode"];
n01 -> n010;
n011[label = "WorstMove"];
n01 -> n011;
n0 -> n01;
n -> n0;
n1[label = "Equal"];
n10[label = "Equal"];
n100[label = "And"];
n1000[label = "NearestInsertion"];
n100 -> n1000;
n1001[label = "FarthestFirstNode"];
n100 -> n1001;
n10 -> n100;
n101[label = "And"];
n1010[label = "NearestInsertion"];
n101 -> n1010;
n1011[label = "FarthestFirstNode"];
n101 -> n1011;
n10 -> n101;
n1 -> n10;
n11[label = "FarthestFirstNode"];
n1 -> n11;
n -> n1;
}


Generation: 45
Best Individual:
Subpopulation 0:
Evaluated: true
Fitness: Standardized=0.27358663 Adjusted=0.78518414 Hits=0
Tree 0:
digraph g {
node [shape=rectangle];
n[label = "Equal"];
n0[label = "Equal"];
n00[label = "NearestNeighbor"];
n0 -> n00;
n01[label = "And"];
n010[label = "FarthestFirstNode"];
n01 -> n010;
n011[label = "WorstMove"];
n01 -> n011;
n0 -> n01;
n -> n0;
n1[label = "Equal"];
n10[label = "Equal"];
n100[label = "And"];
n1000[label = "NearestInsertion"];
n100 -> n1000;
n1001[label = "FarthestFirstNode"];
n100 -> n1001;
n10 -> n100;
n101[label = "And"];
n1010[label = "NearestInsertion"];
n101 -> n1010;
n1011[label = "FarthestFirstNode"];
n101 -> n1011;
n10 -> n101;
n1 -> n10;
n11[label = "FarthestFirstNode"];
n1 -> n11;
n -> n1;
}


Generation: 46
Best Individual:
Subpopulation 0:
Evaluated: true
Fitness: Standardized=0.27358663 Adjusted=0.78518414 Hits=0
Tree 0:
digraph g {
node [shape=rectangle];
n[label = "Equal"];
n0[label = "Equal"];
n00[label = "NearestNeighbor"];
n0 -> n00;
n01[label = "And"];
n010[label = "FarthestFirstNode"];
n01 -> n010;
n011[label = "WorstMove"];
n01 -> n011;
n0 -> n01;
n -> n0;
n1[label = "Equal"];
n10[label = "Equal"];
n100[label = "And"];
n1000[label = "NearestInsertion"];
n100 -> n1000;
n1001[label = "FarthestFirstNode"];
n100 -> n1001;
n10 -> n100;
n101[label = "And"];
n1010[label = "NearestInsertion"];
n101 -> n1010;
n1011[label = "FarthestFirstNode"];
n101 -> n1011;
n10 -> n101;
n1 -> n10;
n11[label = "FarthestFirstNode"];
n1 -> n11;
n -> n1;
}


Generation: 47
Best Individual:
Subpopulation 0:
Evaluated: true
Fitness: Standardized=0.27358663 Adjusted=0.78518414 Hits=0
Tree 0:
digraph g {
node [shape=rectangle];
n[label = "Equal"];
n0[label = "Equal"];
n00[label = "NearestNeighbor"];
n0 -> n00;
n01[label = "And"];
n010[label = "FarthestFirstNode"];
n01 -> n010;
n011[label = "WorstMove"];
n01 -> n011;
n0 -> n01;
n -> n0;
n1[label = "Equal"];
n10[label = "Equal"];
n100[label = "And"];
n1000[label = "NearestInsertion"];
n100 -> n1000;
n1001[label = "FarthestFirstNode"];
n100 -> n1001;
n10 -> n100;
n101[label = "And"];
n1010[label = "NearestInsertion"];
n101 -> n1010;
n1011[label = "FarthestFirstNode"];
n101 -> n1011;
n10 -> n101;
n1 -> n10;
n11[label = "FarthestFirstNode"];
n1 -> n11;
n -> n1;
}


Generation: 48
Best Individual:
Subpopulation 0:
Evaluated: true
Fitness: Standardized=0.27358663 Adjusted=0.78518414 Hits=0
Tree 0:
digraph g {
node [shape=rectangle];
n[label = "Equal"];
n0[label = "Equal"];
n00[label = "NearestNeighbor"];
n0 -> n00;
n01[label = "And"];
n010[label = "FarthestFirstNode"];
n01 -> n010;
n011[label = "WorstMove"];
n01 -> n011;
n0 -> n01;
n -> n0;
n1[label = "Equal"];
n10[label = "Equal"];
n100[label = "And"];
n1000[label = "NearestInsertion"];
n100 -> n1000;
n1001[label = "FarthestFirstNode"];
n100 -> n1001;
n10 -> n100;
n101[label = "And"];
n1010[label = "NearestInsertion"];
n101 -> n1010;
n1011[label = "FarthestFirstNode"];
n101 -> n1011;
n10 -> n101;
n1 -> n10;
n11[label = "FarthestFirstNode"];
n1 -> n11;
n -> n1;
}


Generation: 49
Best Individual:
Subpopulation 0:
Evaluated: true
Fitness: Standardized=0.27358663 Adjusted=0.78518414 Hits=0
Tree 0:
digraph g {
node [shape=rectangle];
n[label = "Equal"];
n0[label = "Equal"];
n00[label = "NearestInsertion"];
n0 -> n00;
n01[label = "And"];
n010[label = "FarthestFirstNode"];
n01 -> n010;
n011[label = "WorstMove"];
n01 -> n011;
n0 -> n01;
n -> n0;
n1[label = "Equal"];
n10[label = "Equal"];
n100[label = "And"];
n1000[label = "NearestInsertion"];
n100 -> n1000;
n1001[label = "FarthestFirstNode"];
n100 -> n1001;
n10 -> n100;
n101[label = "And"];
n1010[label = "NearestInsertion"];
n101 -> n1010;
n1011[label = "FarthestFirstNode"];
n101 -> n1011;
n10 -> n101;
n1 -> n10;
n11[label = "FarthestFirstNode"];
n1 -> n11;
n -> n1;
}


Generation: 50
Best Individual:
Subpopulation 0:
Evaluated: true
Fitness: Standardized=0.27358663 Adjusted=0.78518414 Hits=0
Tree 0:
digraph g {
node [shape=rectangle];
n[label = "Equal"];
n0[label = "Equal"];
n00[label = "NearestNeighbor"];
n0 -> n00;
n01[label = "And"];
n010[label = "FarthestFirstNode"];
n01 -> n010;
n011[label = "WorstMove"];
n01 -> n011;
n0 -> n01;
n -> n0;
n1[label = "Equal"];
n10[label = "Equal"];
n100[label = "And"];
n1000[label = "NearestInsertion"];
n100 -> n1000;
n1001[label = "FarthestFirstNode"];
n100 -> n1001;
n10 -> n100;
n101[label = "And"];
n1010[label = "NearestInsertion"];
n101 -> n1010;
n1011[label = "FarthestFirstNode"];
n101 -> n1011;
n10 -> n101;
n1 -> n10;
n11[label = "FarthestFirstNode"];
n1 -> n11;
n -> n1;
}


Generation: 51
Best Individual:
Subpopulation 0:
Evaluated: true
Fitness: Standardized=0.27358663 Adjusted=0.78518414 Hits=0
Tree 0:
digraph g {
node [shape=rectangle];
n[label = "Equal"];
n0[label = "Equal"];
n00[label = "NearestInsertion"];
n0 -> n00;
n01[label = "And"];
n010[label = "FarthestFirstNode"];
n01 -> n010;
n011[label = "WorstMove"];
n01 -> n011;
n0 -> n01;
n -> n0;
n1[label = "Equal"];
n10[label = "Equal"];
n100[label = "And"];
n1000[label = "NearestInsertion"];
n100 -> n1000;
n1001[label = "FarthestFirstNode"];
n100 -> n1001;
n10 -> n100;
n101[label = "And"];
n1010[label = "NearestInsertion"];
n101 -> n1010;
n1011[label = "FarthestFirstNode"];
n101 -> n1011;
n10 -> n101;
n1 -> n10;
n11[label = "FarthestFirstNode"];
n1 -> n11;
n -> n1;
}


Generation: 52
Best Individual:
Subpopulation 0:
Evaluated: true
Fitness: Standardized=0.27358663 Adjusted=0.78518414 Hits=0
Tree 0:
digraph g {
node [shape=rectangle];
n[label = "Equal"];
n0[label = "Equal"];
n00[label = "NearestInsertion"];
n0 -> n00;
n01[label = "And"];
n010[label = "FarthestFirstNode"];
n01 -> n010;
n011[label = "WorstMove"];
n01 -> n011;
n0 -> n01;
n -> n0;
n1[label = "Equal"];
n10[label = "Equal"];
n100[label = "And"];
n1000[label = "NearestInsertion"];
n100 -> n1000;
n1001[label = "FarthestFirstNode"];
n100 -> n1001;
n10 -> n100;
n101[label = "And"];
n1010[label = "NearestInsertion"];
n101 -> n1010;
n1011[label = "FarthestFirstNode"];
n101 -> n1011;
n10 -> n101;
n1 -> n10;
n11[label = "FarthestFirstNode"];
n1 -> n11;
n -> n1;
}


Generation: 53
Best Individual:
Subpopulation 0:
Evaluated: true
Fitness: Standardized=0.27358663 Adjusted=0.78518414 Hits=0
Tree 0:
digraph g {
node [shape=rectangle];
n[label = "Equal"];
n0[label = "Equal"];
n00[label = "NearestInsertion"];
n0 -> n00;
n01[label = "And"];
n010[label = "FarthestFirstNode"];
n01 -> n010;
n011[label = "WorstMove"];
n01 -> n011;
n0 -> n01;
n -> n0;
n1[label = "Equal"];
n10[label = "Equal"];
n100[label = "And"];
n1000[label = "NearestInsertion"];
n100 -> n1000;
n1001[label = "FarthestFirstNode"];
n100 -> n1001;
n10 -> n100;
n101[label = "And"];
n1010[label = "NearestInsertion"];
n101 -> n1010;
n1011[label = "FarthestFirstNode"];
n101 -> n1011;
n10 -> n101;
n1 -> n10;
n11[label = "FarthestFirstNode"];
n1 -> n11;
n -> n1;
}


Generation: 54
Best Individual:
Subpopulation 0:
Evaluated: true
Fitness: Standardized=0.27358663 Adjusted=0.78518414 Hits=0
Tree 0:
digraph g {
node [shape=rectangle];
n[label = "Equal"];
n0[label = "Equal"];
n00[label = "NearestInsertion"];
n0 -> n00;
n01[label = "And"];
n010[label = "FarthestFirstNode"];
n01 -> n010;
n011[label = "WorstMove"];
n01 -> n011;
n0 -> n01;
n -> n0;
n1[label = "Equal"];
n10[label = "Equal"];
n100[label = "And"];
n1000[label = "NearestInsertion"];
n100 -> n1000;
n1001[label = "FarthestFirstNode"];
n100 -> n1001;
n10 -> n100;
n101[label = "And"];
n1010[label = "NearestInsertion"];
n101 -> n1010;
n1011[label = "FarthestFirstNode"];
n101 -> n1011;
n10 -> n101;
n1 -> n10;
n11[label = "FarthestFirstNode"];
n1 -> n11;
n -> n1;
}


Generation: 55
Best Individual:
Subpopulation 0:
Evaluated: true
Fitness: Standardized=0.27358663 Adjusted=0.78518414 Hits=0
Tree 0:
digraph g {
node [shape=rectangle];
n[label = "Equal"];
n0[label = "Equal"];
n00[label = "NearestInsertion"];
n0 -> n00;
n01[label = "FarthestFirstNode"];
n0 -> n01;
n -> n0;
n1[label = "Equal"];
n10[label = "Equal"];
n100[label = "And"];
n1000[label = "NearestInsertion"];
n100 -> n1000;
n1001[label = "FarthestFirstNode"];
n100 -> n1001;
n10 -> n100;
n101[label = "And"];
n1010[label = "NearestInsertion"];
n101 -> n1010;
n1011[label = "FarthestFirstNode"];
n101 -> n1011;
n10 -> n101;
n1 -> n10;
n11[label = "FarthestFirstNode"];
n1 -> n11;
n -> n1;
}


Generation: 56
Best Individual:
Subpopulation 0:
Evaluated: true
Fitness: Standardized=0.27358663 Adjusted=0.78518414 Hits=0
Tree 0:
digraph g {
node [shape=rectangle];
n[label = "Equal"];
n0[label = "Equal"];
n00[label = "NearestInsertion"];
n0 -> n00;
n01[label = "Or"];
n010[label = "FarthestFirstNode"];
n01 -> n010;
n011[label = "WorstMove"];
n01 -> n011;
n0 -> n01;
n -> n0;
n1[label = "Equal"];
n10[label = "Equal"];
n100[label = "And"];
n1000[label = "NearestInsertion"];
n100 -> n1000;
n1001[label = "FarthestFirstNode"];
n100 -> n1001;
n10 -> n100;
n101[label = "And"];
n1010[label = "NearestInsertion"];
n101 -> n1010;
n1011[label = "FarthestFirstNode"];
n101 -> n1011;
n10 -> n101;
n1 -> n10;
n11[label = "FarthestFirstNode"];
n1 -> n11;
n -> n1;
}


Generation: 57
Best Individual:
Subpopulation 0:
Evaluated: true
Fitness: Standardized=0.27358663 Adjusted=0.78518414 Hits=0
Tree 0:
digraph g {
node [shape=rectangle];
n[label = "Equal"];
n0[label = "Equal"];
n00[label = "NearestInsertion"];
n0 -> n00;
n01[label = "And"];
n010[label = "FarthestFirstNode"];
n01 -> n010;
n011[label = "WorstMove"];
n01 -> n011;
n0 -> n01;
n -> n0;
n1[label = "Equal"];
n10[label = "Equal"];
n100[label = "And"];
n1000[label = "NearestInsertion"];
n100 -> n1000;
n1001[label = "FarthestFirstNode"];
n100 -> n1001;
n10 -> n100;
n101[label = "And"];
n1010[label = "NearestInsertion"];
n101 -> n1010;
n1011[label = "FarthestFirstNode"];
n101 -> n1011;
n10 -> n101;
n1 -> n10;
n11[label = "FarthestFirstNode"];
n1 -> n11;
n -> n1;
}


Generation: 58
Best Individual:
Subpopulation 0:
Evaluated: true
Fitness: Standardized=0.27358663 Adjusted=0.78518414 Hits=0
Tree 0:
digraph g {
node [shape=rectangle];
n[label = "Equal"];
n0[label = "Equal"];
n00[label = "NearestInsertion"];
n0 -> n00;
n01[label = "And"];
n010[label = "FarthestFirstNode"];
n01 -> n010;
n011[label = "WorstMove"];
n01 -> n011;
n0 -> n01;
n -> n0;
n1[label = "Equal"];
n10[label = "Equal"];
n100[label = "And"];
n1000[label = "NearestInsertion"];
n100 -> n1000;
n1001[label = "FarthestFirstNode"];
n100 -> n1001;
n10 -> n100;
n101[label = "And"];
n1010[label = "NearestInsertion"];
n101 -> n1010;
n1011[label = "FarthestFirstNode"];
n101 -> n1011;
n10 -> n101;
n1 -> n10;
n11[label = "FarthestFirstNode"];
n1 -> n11;
n -> n1;
}


Generation: 59
Best Individual:
Subpopulation 0:
Evaluated: true
Fitness: Standardized=0.27358663 Adjusted=0.78518414 Hits=0
Tree 0:
digraph g {
node [shape=rectangle];
n[label = "Equal"];
n0[label = "And"];
n00[label = "NearestInsertion"];
n0 -> n00;
n01[label = "FarthestFirstNode"];
n0 -> n01;
n -> n0;
n1[label = "Equal"];
n10[label = "Equal"];
n100[label = "And"];
n1000[label = "NearestInsertion"];
n100 -> n1000;
n1001[label = "FarthestFirstNode"];
n100 -> n1001;
n10 -> n100;
n101[label = "And"];
n1010[label = "NearestInsertion"];
n101 -> n1010;
n1011[label = "FarthestFirstNode"];
n101 -> n1011;
n10 -> n101;
n1 -> n10;
n11[label = "FarthestFirstNode"];
n1 -> n11;
n -> n1;
}


Generation: 60
Best Individual:
Subpopulation 0:
Evaluated: true
Fitness: Standardized=0.27358663 Adjusted=0.78518414 Hits=0
Tree 0:
digraph g {
node [shape=rectangle];
n[label = "Equal"];
n0[label = "And"];
n00[label = "NearestInsertion"];
n0 -> n00;
n01[label = "FarthestFirstNode"];
n0 -> n01;
n -> n0;
n1[label = "Equal"];
n10[label = "Equal"];
n100[label = "And"];
n1000[label = "NearestInsertion"];
n100 -> n1000;
n1001[label = "FarthestFirstNode"];
n100 -> n1001;
n10 -> n100;
n101[label = "And"];
n1010[label = "NearestInsertion"];
n101 -> n1010;
n1011[label = "FarthestFirstNode"];
n101 -> n1011;
n10 -> n101;
n1 -> n10;
n11[label = "FarthestFirstNode"];
n1 -> n11;
n -> n1;
}


Generation: 61
Best Individual:
Subpopulation 0:
Evaluated: true
Fitness: Standardized=0.27358663 Adjusted=0.78518414 Hits=0
Tree 0:
digraph g {
node [shape=rectangle];
n[label = "Equal"];
n0[label = "And"];
n00[label = "NearestInsertion"];
n0 -> n00;
n01[label = "FarthestFirstNode"];
n0 -> n01;
n -> n0;
n1[label = "Equal"];
n10[label = "Equal"];
n100[label = "And"];
n1000[label = "NearestInsertion"];
n100 -> n1000;
n1001[label = "FarthestFirstNode"];
n100 -> n1001;
n10 -> n100;
n101[label = "And"];
n1010[label = "NearestInsertion"];
n101 -> n1010;
n1011[label = "FarthestFirstNode"];
n101 -> n1011;
n10 -> n101;
n1 -> n10;
n11[label = "FarthestFirstNode"];
n1 -> n11;
n -> n1;
}


Generation: 62
Best Individual:
Subpopulation 0:
Evaluated: true
Fitness: Standardized=0.27358663 Adjusted=0.78518414 Hits=0
Tree 0:
digraph g {
node [shape=rectangle];
n[label = "Equal"];
n0[label = "And"];
n00[label = "NearestInsertion"];
n0 -> n00;
n01[label = "FarthestFirstNode"];
n0 -> n01;
n -> n0;
n1[label = "Equal"];
n10[label = "Equal"];
n100[label = "And"];
n1000[label = "NearestInsertion"];
n100 -> n1000;
n1001[label = "FarthestFirstNode"];
n100 -> n1001;
n10 -> n100;
n101[label = "And"];
n1010[label = "NearestInsertion"];
n101 -> n1010;
n1011[label = "FarthestFirstNode"];
n101 -> n1011;
n10 -> n101;
n1 -> n10;
n11[label = "FarthestFirstNode"];
n1 -> n11;
n -> n1;
}


Generation: 63
Best Individual:
Subpopulation 0:
Evaluated: true
Fitness: Standardized=0.27358663 Adjusted=0.78518414 Hits=0
Tree 0:
digraph g {
node [shape=rectangle];
n[label = "Equal"];
n0[label = "Equal"];
n00[label = "NearestInsertion"];
n0 -> n00;
n01[label = "FarthestFirstNode"];
n0 -> n01;
n -> n0;
n1[label = "Equal"];
n10[label = "Equal"];
n100[label = "And"];
n1000[label = "NearestInsertion"];
n100 -> n1000;
n1001[label = "FarthestFirstNode"];
n100 -> n1001;
n10 -> n100;
n101[label = "And"];
n1010[label = "NearestInsertion"];
n101 -> n1010;
n1011[label = "FarthestFirstNode"];
n101 -> n1011;
n10 -> n101;
n1 -> n10;
n11[label = "FarthestFirstNode"];
n1 -> n11;
n -> n1;
}


Generation: 64
Best Individual:
Subpopulation 0:
Evaluated: true
Fitness: Standardized=0.27358663 Adjusted=0.78518414 Hits=0
Tree 0:
digraph g {
node [shape=rectangle];
n[label = "Equal"];
n0[label = "And"];
n00[label = "NearestInsertion"];
n0 -> n00;
n01[label = "FarthestFirstNode"];
n0 -> n01;
n -> n0;
n1[label = "Equal"];
n10[label = "Equal"];
n100[label = "And"];
n1000[label = "NearestInsertion"];
n100 -> n1000;
n1001[label = "FarthestFirstNode"];
n100 -> n1001;
n10 -> n100;
n101[label = "And"];
n1010[label = "NearestInsertion"];
n101 -> n1010;
n1011[label = "FarthestFirstNode"];
n101 -> n1011;
n10 -> n101;
n1 -> n10;
n11[label = "FarthestFirstNode"];
n1 -> n11;
n -> n1;
}


Generation: 65
Best Individual:
Subpopulation 0:
Evaluated: true
Fitness: Standardized=0.27358663 Adjusted=0.78518414 Hits=0
Tree 0:
digraph g {
node [shape=rectangle];
n[label = "Equal"];
n0[label = "Equal"];
n00[label = "NearestInsertion"];
n0 -> n00;
n01[label = "And"];
n010[label = "FarthestFirstNode"];
n01 -> n010;
n011[label = "WorstMove"];
n01 -> n011;
n0 -> n01;
n -> n0;
n1[label = "Equal"];
n10[label = "Equal"];
n100[label = "And"];
n1000[label = "NearestInsertion"];
n100 -> n1000;
n1001[label = "FarthestFirstNode"];
n100 -> n1001;
n10 -> n100;
n101[label = "And"];
n1010[label = "NearestInsertion"];
n101 -> n1010;
n1011[label = "FarthestFirstNode"];
n101 -> n1011;
n10 -> n101;
n1 -> n10;
n11[label = "FarthestFirstNode"];
n1 -> n11;
n -> n1;
}


Generation: 66
Best Individual:
Subpopulation 0:
Evaluated: true
Fitness: Standardized=0.27358663 Adjusted=0.78518414 Hits=0
Tree 0:
digraph g {
node [shape=rectangle];
n[label = "Equal"];
n0[label = "And"];
n00[label = "NearestInsertion"];
n0 -> n00;
n01[label = "FarthestFirstNode"];
n0 -> n01;
n -> n0;
n1[label = "Equal"];
n10[label = "Equal"];
n100[label = "And"];
n1000[label = "NearestInsertion"];
n100 -> n1000;
n1001[label = "FarthestFirstNode"];
n100 -> n1001;
n10 -> n100;
n101[label = "And"];
n1010[label = "NearestInsertion"];
n101 -> n1010;
n1011[label = "FarthestFirstNode"];
n101 -> n1011;
n10 -> n101;
n1 -> n10;
n11[label = "FarthestFirstNode"];
n1 -> n11;
n -> n1;
}


Generation: 67
Best Individual:
Subpopulation 0:
Evaluated: true
Fitness: Standardized=0.27358663 Adjusted=0.78518414 Hits=0
Tree 0:
digraph g {
node [shape=rectangle];
n[label = "Equal"];
n0[label = "And"];
n00[label = "NearestInsertion"];
n0 -> n00;
n01[label = "FarthestFirstNode"];
n0 -> n01;
n -> n0;
n1[label = "Equal"];
n10[label = "Equal"];
n100[label = "And"];
n1000[label = "NearestInsertion"];
n100 -> n1000;
n1001[label = "FarthestFirstNode"];
n100 -> n1001;
n10 -> n100;
n101[label = "And"];
n1010[label = "NearestInsertion"];
n101 -> n1010;
n1011[label = "FarthestFirstNode"];
n101 -> n1011;
n10 -> n101;
n1 -> n10;
n11[label = "FarthestFirstNode"];
n1 -> n11;
n -> n1;
}


Generation: 68
Best Individual:
Subpopulation 0:
Evaluated: true
Fitness: Standardized=0.27358663 Adjusted=0.78518414 Hits=0
Tree 0:
digraph g {
node [shape=rectangle];
n[label = "Equal"];
n0[label = "And"];
n00[label = "NearestInsertion"];
n0 -> n00;
n01[label = "FarthestFirstNode"];
n0 -> n01;
n -> n0;
n1[label = "Equal"];
n10[label = "Equal"];
n100[label = "And"];
n1000[label = "NearestInsertion"];
n100 -> n1000;
n1001[label = "FarthestFirstNode"];
n100 -> n1001;
n10 -> n100;
n101[label = "And"];
n1010[label = "NearestInsertion"];
n101 -> n1010;
n1011[label = "FarthestFirstNode"];
n101 -> n1011;
n10 -> n101;
n1 -> n10;
n11[label = "FarthestFirstNode"];
n1 -> n11;
n -> n1;
}


Generation: 69
Best Individual:
Subpopulation 0:
Evaluated: true
Fitness: Standardized=0.27358663 Adjusted=0.78518414 Hits=0
Tree 0:
digraph g {
node [shape=rectangle];
n[label = "Equal"];
n0[label = "And"];
n00[label = "NearestInsertion"];
n0 -> n00;
n01[label = "FarthestFirstNode"];
n0 -> n01;
n -> n0;
n1[label = "Equal"];
n10[label = "Equal"];
n100[label = "And"];
n1000[label = "NearestInsertion"];
n100 -> n1000;
n1001[label = "FarthestFirstNode"];
n100 -> n1001;
n10 -> n100;
n101[label = "And"];
n1010[label = "NearestInsertion"];
n101 -> n1010;
n1011[label = "FarthestFirstNode"];
n101 -> n1011;
n10 -> n101;
n1 -> n10;
n11[label = "FarthestFirstNode"];
n1 -> n11;
n -> n1;
}


Generation: 70
Best Individual:
Subpopulation 0:
Evaluated: true
Fitness: Standardized=0.27358663 Adjusted=0.78518414 Hits=0
Tree 0:
digraph g {
node [shape=rectangle];
n[label = "Equal"];
n0[label = "And"];
n00[label = "NearestInsertion"];
n0 -> n00;
n01[label = "FarthestFirstNode"];
n0 -> n01;
n -> n0;
n1[label = "Equal"];
n10[label = "Equal"];
n100[label = "And"];
n1000[label = "NearestInsertion"];
n100 -> n1000;
n1001[label = "FarthestFirstNode"];
n100 -> n1001;
n10 -> n100;
n101[label = "And"];
n1010[label = "NearestInsertion"];
n101 -> n1010;
n1011[label = "FarthestFirstNode"];
n101 -> n1011;
n10 -> n101;
n1 -> n10;
n11[label = "FarthestFirstNode"];
n1 -> n11;
n -> n1;
}


Generation: 71
Best Individual:
Subpopulation 0:
Evaluated: true
Fitness: Standardized=0.27358663 Adjusted=0.78518414 Hits=0
Tree 0:
digraph g {
node [shape=rectangle];
n[label = "Equal"];
n0[label = "And"];
n00[label = "NearestInsertion"];
n0 -> n00;
n01[label = "FarthestFirstNode"];
n0 -> n01;
n -> n0;
n1[label = "Equal"];
n10[label = "Equal"];
n100[label = "And"];
n1000[label = "NearestInsertion"];
n100 -> n1000;
n1001[label = "FarthestFirstNode"];
n100 -> n1001;
n10 -> n100;
n101[label = "And"];
n1010[label = "NearestInsertion"];
n101 -> n1010;
n1011[label = "FarthestFirstNode"];
n101 -> n1011;
n10 -> n101;
n1 -> n10;
n11[label = "FarthestFirstNode"];
n1 -> n11;
n -> n1;
}


Generation: 72
Best Individual:
Subpopulation 0:
Evaluated: true
Fitness: Standardized=0.27358663 Adjusted=0.78518414 Hits=0
Tree 0:
digraph g {
node [shape=rectangle];
n[label = "Equal"];
n0[label = "And"];
n00[label = "NearestInsertion"];
n0 -> n00;
n01[label = "FarthestFirstNode"];
n0 -> n01;
n -> n0;
n1[label = "Equal"];
n10[label = "Equal"];
n100[label = "And"];
n1000[label = "NearestInsertion"];
n100 -> n1000;
n1001[label = "FarthestFirstNode"];
n100 -> n1001;
n10 -> n100;
n101[label = "And"];
n1010[label = "NearestInsertion"];
n101 -> n1010;
n1011[label = "FarthestFirstNode"];
n101 -> n1011;
n10 -> n101;
n1 -> n10;
n11[label = "FarthestFirstNode"];
n1 -> n11;
n -> n1;
}


Generation: 73
Best Individual:
Subpopulation 0:
Evaluated: true
Fitness: Standardized=0.27358663 Adjusted=0.78518414 Hits=0
Tree 0:
digraph g {
node [shape=rectangle];
n[label = "Equal"];
n0[label = "And"];
n00[label = "NearestInsertion"];
n0 -> n00;
n01[label = "FarthestFirstNode"];
n0 -> n01;
n -> n0;
n1[label = "Equal"];
n10[label = "Equal"];
n100[label = "And"];
n1000[label = "NearestInsertion"];
n100 -> n1000;
n1001[label = "FarthestFirstNode"];
n100 -> n1001;
n10 -> n100;
n101[label = "Equal"];
n1010[label = "NearestInsertion"];
n101 -> n1010;
n1011[label = "FarthestFirstNode"];
n101 -> n1011;
n10 -> n101;
n1 -> n10;
n11[label = "FarthestFirstNode"];
n1 -> n11;
n -> n1;
}


Generation: 74
Best Individual:
Subpopulation 0:
Evaluated: true
Fitness: Standardized=0.27316636 Adjusted=0.78544325 Hits=0
Tree 0:
digraph g {
node [shape=rectangle];
n[label = "Equal"];
n0[label = "And"];
n00[label = "NearestInsertion"];
n0 -> n00;
n01[label = "FarthestFirstNode"];
n0 -> n01;
n -> n0;
n1[label = "Equal"];
n10[label = "Equal"];
n100[label = "And"];
n1000[label = "NearestFirstNode"];
n100 -> n1000;
n1001[label = "FarthestFirstNode"];
n100 -> n1001;
n10 -> n100;
n101[label = "And"];
n1010[label = "NearestInsertion"];
n101 -> n1010;
n1011[label = "FarthestFirstNode"];
n101 -> n1011;
n10 -> n101;
n1 -> n10;
n11[label = "FarthestFirstNode"];
n1 -> n11;
n -> n1;
}


Generation: 75
Best Individual:
Subpopulation 0:
Evaluated: true
Fitness: Standardized=0.27316636 Adjusted=0.78544325 Hits=0
Tree 0:
digraph g {
node [shape=rectangle];
n[label = "Equal"];
n0[label = "And"];
n00[label = "NearestInsertion"];
n0 -> n00;
n01[label = "FarthestFirstNode"];
n0 -> n01;
n -> n0;
n1[label = "Equal"];
n10[label = "Equal"];
n100[label = "And"];
n1000[label = "NearestFirstNode"];
n100 -> n1000;
n1001[label = "FarthestFirstNode"];
n100 -> n1001;
n10 -> n100;
n101[label = "And"];
n1010[label = "NearestInsertion"];
n101 -> n1010;
n1011[label = "FarthestFirstNode"];
n101 -> n1011;
n10 -> n101;
n1 -> n10;
n11[label = "FarthestFirstNode"];
n1 -> n11;
n -> n1;
}


Generation: 76
Best Individual:
Subpopulation 0:
Evaluated: true
Fitness: Standardized=0.27316636 Adjusted=0.78544325 Hits=0
Tree 0:
digraph g {
node [shape=rectangle];
n[label = "Equal"];
n0[label = "And"];
n00[label = "NearestInsertion"];
n0 -> n00;
n01[label = "FarthestFirstNode"];
n0 -> n01;
n -> n0;
n1[label = "Equal"];
n10[label = "Equal"];
n100[label = "And"];
n1000[label = "NearestFirstNode"];
n100 -> n1000;
n1001[label = "FarthestFirstNode"];
n100 -> n1001;
n10 -> n100;
n101[label = "And"];
n1010[label = "NearestInsertion"];
n101 -> n1010;
n1011[label = "FarthestFirstNode"];
n101 -> n1011;
n10 -> n101;
n1 -> n10;
n11[label = "FarthestFirstNode"];
n1 -> n11;
n -> n1;
}


Generation: 77
Best Individual:
Subpopulation 0:
Evaluated: true
Fitness: Standardized=0.27316636 Adjusted=0.78544325 Hits=0
Tree 0:
digraph g {
node [shape=rectangle];
n[label = "Equal"];
n0[label = "And"];
n00[label = "NearestInsertion"];
n0 -> n00;
n01[label = "FarthestFirstNode"];
n0 -> n01;
n -> n0;
n1[label = "Equal"];
n10[label = "Equal"];
n100[label = "And"];
n1000[label = "NearestFirstNode"];
n100 -> n1000;
n1001[label = "FarthestFirstNode"];
n100 -> n1001;
n10 -> n100;
n101[label = "And"];
n1010[label = "NearestInsertion"];
n101 -> n1010;
n1011[label = "FarthestFirstNode"];
n101 -> n1011;
n10 -> n101;
n1 -> n10;
n11[label = "FarthestFirstNode"];
n1 -> n11;
n -> n1;
}


Generation: 78
Best Individual:
Subpopulation 0:
Evaluated: true
Fitness: Standardized=0.27316636 Adjusted=0.78544325 Hits=0
Tree 0:
digraph g {
node [shape=rectangle];
n[label = "Equal"];
n0[label = "And"];
n00[label = "NearestInsertion"];
n0 -> n00;
n01[label = "FarthestFirstNode"];
n0 -> n01;
n -> n0;
n1[label = "Equal"];
n10[label = "Equal"];
n100[label = "And"];
n1000[label = "NearestFirstNode"];
n100 -> n1000;
n1001[label = "FarthestFirstNode"];
n100 -> n1001;
n10 -> n100;
n101[label = "And"];
n1010[label = "NearestInsertion"];
n101 -> n1010;
n1011[label = "FarthestFirstNode"];
n101 -> n1011;
n10 -> n101;
n1 -> n10;
n11[label = "FarthestFirstNode"];
n1 -> n11;
n -> n1;
}


Generation: 79
Best Individual:
Subpopulation 0:
Evaluated: true
Fitness: Standardized=0.26936162 Adjusted=0.7877976 Hits=0
Tree 0:
digraph g {
node [shape=rectangle];
n[label = "Equal"];
n0[label = "Equal"];
n00[label = "Equal"];
n000[label = "And"];
n0000[label = "NearestInsertion"];
n000 -> n0000;
n0001[label = "FarthestFirstNode"];
n000 -> n0001;
n00 -> n000;
n001[label = "FarthestFirstNode"];
n00 -> n001;
n0 -> n00;
n01[label = "NearestInsertion"];
n0 -> n01;
n -> n0;
n1[label = "Equal"];
n10[label = "And"];
n100[label = "NearestFirstNode"];
n10 -> n100;
n101[label = "FarthestFirstNode"];
n10 -> n101;
n1 -> n10;
n11[label = "And"];
n110[label = "NearestInsertion"];
n11 -> n110;
n111[label = "FarthestFirstNode"];
n11 -> n111;
n1 -> n11;
n -> n1;
}


Generation: 80
Best Individual:
Subpopulation 0:
Evaluated: true
Fitness: Standardized=0.26936162 Adjusted=0.7877976 Hits=0
Tree 0:
digraph g {
node [shape=rectangle];
n[label = "Equal"];
n0[label = "Equal"];
n00[label = "Equal"];
n000[label = "And"];
n0000[label = "NearestInsertion"];
n000 -> n0000;
n0001[label = "FarthestFirstNode"];
n000 -> n0001;
n00 -> n000;
n001[label = "FarthestFirstNode"];
n00 -> n001;
n0 -> n00;
n01[label = "NearestInsertion"];
n0 -> n01;
n -> n0;
n1[label = "Equal"];
n10[label = "And"];
n100[label = "NearestFirstNode"];
n10 -> n100;
n101[label = "FarthestFirstNode"];
n10 -> n101;
n1 -> n10;
n11[label = "And"];
n110[label = "NearestInsertion"];
n11 -> n110;
n111[label = "FarthestFirstNode"];
n11 -> n111;
n1 -> n11;
n -> n1;
}


Generation: 81
Best Individual:
Subpopulation 0:
Evaluated: true
Fitness: Standardized=0.26936162 Adjusted=0.7877976 Hits=0
Tree 0:
digraph g {
node [shape=rectangle];
n[label = "Equal"];
n0[label = "Equal"];
n00[label = "Equal"];
n000[label = "And"];
n0000[label = "NearestInsertion"];
n000 -> n0000;
n0001[label = "FarthestFirstNode"];
n000 -> n0001;
n00 -> n000;
n001[label = "FarthestFirstNode"];
n00 -> n001;
n0 -> n00;
n01[label = "NearestInsertion"];
n0 -> n01;
n -> n0;
n1[label = "Equal"];
n10[label = "And"];
n100[label = "NearestFirstNode"];
n10 -> n100;
n101[label = "FarthestFirstNode"];
n10 -> n101;
n1 -> n10;
n11[label = "And"];
n110[label = "NearestInsertion"];
n11 -> n110;
n111[label = "FarthestFirstNode"];
n11 -> n111;
n1 -> n11;
n -> n1;
}


Generation: 82
Best Individual:
Subpopulation 0:
Evaluated: true
Fitness: Standardized=0.26867175 Adjusted=0.78822595 Hits=0
Tree 0:
digraph g {
node [shape=rectangle];
n[label = "Equal"];
n0[label = "Equal"];
n00[label = "Equal"];
n000[label = "And"];
n0000[label = "NearestInsertion"];
n000 -> n0000;
n0001[label = "FarthestFirstNode"];
n000 -> n0001;
n00 -> n000;
n001[label = "FarthestFirstNode"];
n00 -> n001;
n0 -> n00;
n01[label = "NearestInsertion"];
n0 -> n01;
n -> n0;
n1[label = "Equal"];
n10[label = "And"];
n100[label = "NearestInsertion"];
n10 -> n100;
n101[label = "FarthestFirstNode"];
n10 -> n101;
n1 -> n10;
n11[label = "And"];
n110[label = "NearestInsertion"];
n11 -> n110;
n111[label = "FarthestFirstNode"];
n11 -> n111;
n1 -> n11;
n -> n1;
}


Generation: 83
Best Individual:
Subpopulation 0:
Evaluated: true
Fitness: Standardized=0.26462558 Adjusted=0.7907479 Hits=0
Tree 0:
digraph g {
node [shape=rectangle];
n[label = "Equal"];
n0[label = "Equal"];
n00[label = "Equal"];
n000[label = "And"];
n0000[label = "NearestFirstNode"];
n000 -> n0000;
n0001[label = "FarthestFirstNode"];
n000 -> n0001;
n00 -> n000;
n001[label = "And"];
n0010[label = "NearestInsertion"];
n001 -> n0010;
n0011[label = "FarthestFirstNode"];
n001 -> n0011;
n00 -> n001;
n0 -> n00;
n01[label = "NearestInsertion"];
n0 -> n01;
n -> n0;
n1[label = "Equal"];
n10[label = "And"];
n100[label = "NearestFirstNode"];
n10 -> n100;
n101[label = "FarthestFirstNode"];
n10 -> n101;
n1 -> n10;
n11[label = "And"];
n110[label = "NearestInsertion"];
n11 -> n110;
n111[label = "FarthestFirstNode"];
n11 -> n111;
n1 -> n11;
n -> n1;
}


Generation: 84
Best Individual:
Subpopulation 0:
Evaluated: true
Fitness: Standardized=0.26462558 Adjusted=0.7907479 Hits=0
Tree 0:
digraph g {
node [shape=rectangle];
n[label = "Equal"];
n0[label = "Equal"];
n00[label = "Equal"];
n000[label = "And"];
n0000[label = "NearestFirstNode"];
n000 -> n0000;
n0001[label = "FarthestFirstNode"];
n000 -> n0001;
n00 -> n000;
n001[label = "And"];
n0010[label = "NearestInsertion"];
n001 -> n0010;
n0011[label = "FarthestFirstNode"];
n001 -> n0011;
n00 -> n001;
n0 -> n00;
n01[label = "NearestInsertion"];
n0 -> n01;
n -> n0;
n1[label = "Equal"];
n10[label = "And"];
n100[label = "NearestFirstNode"];
n10 -> n100;
n101[label = "FarthestFirstNode"];
n10 -> n101;
n1 -> n10;
n11[label = "And"];
n110[label = "NearestInsertion"];
n11 -> n110;
n111[label = "FarthestFirstNode"];
n11 -> n111;
n1 -> n11;
n -> n1;
}


Generation: 85
Best Individual:
Subpopulation 0:
Evaluated: true
Fitness: Standardized=0.26365784 Adjusted=0.79135346 Hits=0
Tree 0:
digraph g {
node [shape=rectangle];
n[label = "Equal"];
n0[label = "Equal"];
n00[label = "Equal"];
n000[label = "And"];
n0000[label = "NearestFirstNode"];
n000 -> n0000;
n0001[label = "FarthestFirstNode"];
n000 -> n0001;
n00 -> n000;
n001[label = "And"];
n0010[label = "NearestInsertion"];
n001 -> n0010;
n0011[label = "FarthestFirstNode"];
n001 -> n0011;
n00 -> n001;
n0 -> n00;
n01[label = "NearestInsertion"];
n0 -> n01;
n -> n0;
n1[label = "Equal"];
n10[label = "And"];
n100[label = "NearestInsertion"];
n10 -> n100;
n101[label = "FarthestFirstNode"];
n10 -> n101;
n1 -> n10;
n11[label = "And"];
n110[label = "NearestInsertion"];
n11 -> n110;
n111[label = "FarthestFirstNode"];
n11 -> n111;
n1 -> n11;
n -> n1;
}


Generation: 86
Best Individual:
Subpopulation 0:
Evaluated: true
Fitness: Standardized=0.26365784 Adjusted=0.79135346 Hits=0
Tree 0:
digraph g {
node [shape=rectangle];
n[label = "Equal"];
n0[label = "Equal"];
n00[label = "Equal"];
n000[label = "And"];
n0000[label = "NearestFirstNode"];
n000 -> n0000;
n0001[label = "FarthestFirstNode"];
n000 -> n0001;
n00 -> n000;
n001[label = "And"];
n0010[label = "NearestInsertion"];
n001 -> n0010;
n0011[label = "FarthestFirstNode"];
n001 -> n0011;
n00 -> n001;
n0 -> n00;
n01[label = "NearestInsertion"];
n0 -> n01;
n -> n0;
n1[label = "Equal"];
n10[label = "And"];
n100[label = "NearestInsertion"];
n10 -> n100;
n101[label = "FarthestFirstNode"];
n10 -> n101;
n1 -> n10;
n11[label = "And"];
n110[label = "NearestInsertion"];
n11 -> n110;
n111[label = "FarthestFirstNode"];
n11 -> n111;
n1 -> n11;
n -> n1;
}


Generation: 87
Best Individual:
Subpopulation 0:
Evaluated: true
Fitness: Standardized=0.25372976 Adjusted=0.79762 Hits=0
Tree 0:
digraph g {
node [shape=rectangle];
n[label = "Equal"];
n0[label = "Equal"];
n00[label = "Equal"];
n000[label = "And"];
n0000[label = "NearestFirstNode"];
n000 -> n0000;
n0001[label = "FarthestFirstNode"];
n000 -> n0001;
n00 -> n000;
n001[label = "And"];
n0010[label = "NearestInsertion"];
n001 -> n0010;
n0011[label = "FarthestFirstNode"];
n001 -> n0011;
n00 -> n001;
n0 -> n00;
n01[label = "NearestInsertion"];
n0 -> n01;
n -> n0;
n1[label = "Equal"];
n10[label = "And"];
n100[label = "NearestInsertion"];
n10 -> n100;
n101[label = "FarthestFirstNode"];
n10 -> n101;
n1 -> n10;
n11[label = "And"];
n110[label = "NearestInsertion"];
n11 -> n110;
n111[label = "And"];
n1110[label = "NearestInsertion"];
n111 -> n1110;
n1111[label = "FarthestFirstNode"];
n111 -> n1111;
n11 -> n111;
n1 -> n11;
n -> n1;
}


Generation: 88
Best Individual:
Subpopulation 0:
Evaluated: true
Fitness: Standardized=0.25372976 Adjusted=0.79762 Hits=0
Tree 0:
digraph g {
node [shape=rectangle];
n[label = "Equal"];
n0[label = "Equal"];
n00[label = "Equal"];
n000[label = "And"];
n0000[label = "NearestInsertion"];
n000 -> n0000;
n0001[label = "FarthestFirstNode"];
n000 -> n0001;
n00 -> n000;
n001[label = "And"];
n0010[label = "NearestInsertion"];
n001 -> n0010;
n0011[label = "FarthestFirstNode"];
n001 -> n0011;
n00 -> n001;
n0 -> n00;
n01[label = "NearestInsertion"];
n0 -> n01;
n -> n0;
n1[label = "Equal"];
n10[label = "And"];
n100[label = "NearestInsertion"];
n10 -> n100;
n101[label = "FarthestFirstNode"];
n10 -> n101;
n1 -> n10;
n11[label = "And"];
n110[label = "NearestInsertion"];
n11 -> n110;
n111[label = "And"];
n1110[label = "NearestInsertion"];
n111 -> n1110;
n1111[label = "FarthestFirstNode"];
n111 -> n1111;
n11 -> n111;
n1 -> n11;
n -> n1;
}


Generation: 89
Best Individual:
Subpopulation 0:
Evaluated: true
Fitness: Standardized=0.25372976 Adjusted=0.79762 Hits=0
Tree 0:
digraph g {
node [shape=rectangle];
n[label = "Equal"];
n0[label = "Equal"];
n00[label = "Equal"];
n000[label = "And"];
n0000[label = "NearestInsertion"];
n000 -> n0000;
n0001[label = "FarthestFirstNode"];
n000 -> n0001;
n00 -> n000;
n001[label = "And"];
n0010[label = "NearestInsertion"];
n001 -> n0010;
n0011[label = "FarthestFirstNode"];
n001 -> n0011;
n00 -> n001;
n0 -> n00;
n01[label = "NearestInsertion"];
n0 -> n01;
n -> n0;
n1[label = "Equal"];
n10[label = "Equal"];
n100[label = "NearestInsertion"];
n10 -> n100;
n101[label = "FarthestFirstNode"];
n10 -> n101;
n1 -> n10;
n11[label = "And"];
n110[label = "NearestInsertion"];
n11 -> n110;
n111[label = "And"];
n1110[label = "NearestInsertion"];
n111 -> n1110;
n1111[label = "FarthestFirstNode"];
n111 -> n1111;
n11 -> n111;
n1 -> n11;
n -> n1;
}


Generation: 90
Best Individual:
Subpopulation 0:
Evaluated: true
Fitness: Standardized=0.25372976 Adjusted=0.79762 Hits=0
Tree 0:
digraph g {
node [shape=rectangle];
n[label = "Equal"];
n0[label = "Equal"];
n00[label = "Equal"];
n000[label = "And"];
n0000[label = "NearestInsertion"];
n000 -> n0000;
n0001[label = "FarthestFirstNode"];
n000 -> n0001;
n00 -> n000;
n001[label = "And"];
n0010[label = "NearestInsertion"];
n001 -> n0010;
n0011[label = "FarthestFirstNode"];
n001 -> n0011;
n00 -> n001;
n0 -> n00;
n01[label = "NearestInsertion"];
n0 -> n01;
n -> n0;
n1[label = "Equal"];
n10[label = "And"];
n100[label = "NearestInsertion"];
n10 -> n100;
n101[label = "FarthestFirstNode"];
n10 -> n101;
n1 -> n10;
n11[label = "And"];
n110[label = "NearestInsertion"];
n11 -> n110;
n111[label = "And"];
n1110[label = "NearestInsertion"];
n111 -> n1110;
n1111[label = "FarthestFirstNode"];
n111 -> n1111;
n11 -> n111;
n1 -> n11;
n -> n1;
}


Generation: 91
Best Individual:
Subpopulation 0:
Evaluated: true
Fitness: Standardized=0.25372976 Adjusted=0.79762 Hits=0
Tree 0:
digraph g {
node [shape=rectangle];
n[label = "Equal"];
n0[label = "Equal"];
n00[label = "Equal"];
n000[label = "And"];
n0000[label = "NearestFirstNode"];
n000 -> n0000;
n0001[label = "FarthestFirstNode"];
n000 -> n0001;
n00 -> n000;
n001[label = "And"];
n0010[label = "NearestInsertion"];
n001 -> n0010;
n0011[label = "FarthestFirstNode"];
n001 -> n0011;
n00 -> n001;
n0 -> n00;
n01[label = "NearestInsertion"];
n0 -> n01;
n -> n0;
n1[label = "Equal"];
n10[label = "And"];
n100[label = "NearestInsertion"];
n10 -> n100;
n101[label = "FarthestFirstNode"];
n10 -> n101;
n1 -> n10;
n11[label = "And"];
n110[label = "NearestInsertion"];
n11 -> n110;
n111[label = "And"];
n1110[label = "NearestInsertion"];
n111 -> n1110;
n1111[label = "FarthestFirstNode"];
n111 -> n1111;
n11 -> n111;
n1 -> n11;
n -> n1;
}


Generation: 92
Best Individual:
Subpopulation 0:
Evaluated: true
Fitness: Standardized=0.25372976 Adjusted=0.79762 Hits=0
Tree 0:
digraph g {
node [shape=rectangle];
n[label = "Equal"];
n0[label = "Equal"];
n00[label = "Equal"];
n000[label = "And"];
n0000[label = "NearestFirstNode"];
n000 -> n0000;
n0001[label = "FarthestFirstNode"];
n000 -> n0001;
n00 -> n000;
n001[label = "And"];
n0010[label = "NearestInsertion"];
n001 -> n0010;
n0011[label = "FarthestFirstNode"];
n001 -> n0011;
n00 -> n001;
n0 -> n00;
n01[label = "NearestInsertion"];
n0 -> n01;
n -> n0;
n1[label = "Equal"];
n10[label = "And"];
n100[label = "NearestInsertion"];
n10 -> n100;
n101[label = "FarthestFirstNode"];
n10 -> n101;
n1 -> n10;
n11[label = "And"];
n110[label = "NearestInsertion"];
n11 -> n110;
n111[label = "And"];
n1110[label = "NearestInsertion"];
n111 -> n1110;
n1111[label = "FarthestFirstNode"];
n111 -> n1111;
n11 -> n111;
n1 -> n11;
n -> n1;
}


Generation: 93
Best Individual:
Subpopulation 0:
Evaluated: true
Fitness: Standardized=0.25372976 Adjusted=0.79762 Hits=0
Tree 0:
digraph g {
node [shape=rectangle];
n[label = "Equal"];
n0[label = "Equal"];
n00[label = "Equal"];
n000[label = "If_Then"];
n0000[label = "NearestInsertion"];
n000 -> n0000;
n0001[label = "FarthestFirstNode"];
n000 -> n0001;
n00 -> n000;
n001[label = "And"];
n0010[label = "NearestInsertion"];
n001 -> n0010;
n0011[label = "FarthestFirstNode"];
n001 -> n0011;
n00 -> n001;
n0 -> n00;
n01[label = "NearestInsertion"];
n0 -> n01;
n -> n0;
n1[label = "Equal"];
n10[label = "And"];
n100[label = "NearestInsertion"];
n10 -> n100;
n101[label = "FarthestFirstNode"];
n10 -> n101;
n1 -> n10;
n11[label = "And"];
n110[label = "NearestInsertion"];
n11 -> n110;
n111[label = "And"];
n1110[label = "NearestInsertion"];
n111 -> n1110;
n1111[label = "FarthestFirstNode"];
n111 -> n1111;
n11 -> n111;
n1 -> n11;
n -> n1;
}


Generation: 94
Best Individual:
Subpopulation 0:
Evaluated: true
Fitness: Standardized=0.25016326 Adjusted=0.79989547 Hits=0
Tree 0:
digraph g {
node [shape=rectangle];
n[label = "Equal"];
n0[label = "Equal"];
n00[label = "Equal"];
n000[label = "And"];
n0000[label = "NearestInsertion"];
n000 -> n0000;
n0001[label = "FarthestFirstNode"];
n000 -> n0001;
n00 -> n000;
n001[label = "And"];
n0010[label = "NearestInsertion"];
n001 -> n0010;
n0011[label = "FarthestFirstNode"];
n001 -> n0011;
n00 -> n001;
n0 -> n00;
n01[label = "NearestInsertion"];
n0 -> n01;
n -> n0;
n1[label = "Equal"];
n10[label = "And"];
n100[label = "NearestInsertion"];
n10 -> n100;
n101[label = "And"];
n1010[label = "NearestInsertion"];
n101 -> n1010;
n1011[label = "FarthestFirstNode"];
n101 -> n1011;
n10 -> n101;
n1 -> n10;
n11[label = "And"];
n110[label = "NearestInsertion"];
n11 -> n110;
n111[label = "And"];
n1110[label = "NearestInsertion"];
n111 -> n1110;
n1111[label = "FarthestFirstNode"];
n111 -> n1111;
n11 -> n111;
n1 -> n11;
n -> n1;
}


Generation: 95
Best Individual:
Subpopulation 0:
Evaluated: true
Fitness: Standardized=0.25016326 Adjusted=0.79989547 Hits=0
Tree 0:
digraph g {
node [shape=rectangle];
n[label = "Equal"];
n0[label = "Equal"];
n00[label = "Equal"];
n000[label = "And"];
n0000[label = "NearestInsertion"];
n000 -> n0000;
n0001[label = "FarthestFirstNode"];
n000 -> n0001;
n00 -> n000;
n001[label = "And"];
n0010[label = "NearestInsertion"];
n001 -> n0010;
n0011[label = "FarthestFirstNode"];
n001 -> n0011;
n00 -> n001;
n0 -> n00;
n01[label = "NearestInsertion"];
n0 -> n01;
n -> n0;
n1[label = "Equal"];
n10[label = "And"];
n100[label = "NearestInsertion"];
n10 -> n100;
n101[label = "And"];
n1010[label = "NearestInsertion"];
n101 -> n1010;
n1011[label = "FarthestFirstNode"];
n101 -> n1011;
n10 -> n101;
n1 -> n10;
n11[label = "And"];
n110[label = "NearestInsertion"];
n11 -> n110;
n111[label = "And"];
n1110[label = "NearestInsertion"];
n111 -> n1110;
n1111[label = "FarthestFirstNode"];
n111 -> n1111;
n11 -> n111;
n1 -> n11;
n -> n1;
}


Generation: 96
Best Individual:
Subpopulation 0:
Evaluated: true
Fitness: Standardized=0.25016326 Adjusted=0.79989547 Hits=0
Tree 0:
digraph g {
node [shape=rectangle];
n[label = "Equal"];
n0[label = "Equal"];
n00[label = "Equal"];
n000[label = "And"];
n0000[label = "NearestInsertion"];
n000 -> n0000;
n0001[label = "FarthestFirstNode"];
n000 -> n0001;
n00 -> n000;
n001[label = "And"];
n0010[label = "NearestInsertion"];
n001 -> n0010;
n0011[label = "FarthestFirstNode"];
n001 -> n0011;
n00 -> n001;
n0 -> n00;
n01[label = "NearestInsertion"];
n0 -> n01;
n -> n0;
n1[label = "Equal"];
n10[label = "And"];
n100[label = "NearestInsertion"];
n10 -> n100;
n101[label = "And"];
n1010[label = "NearestInsertion"];
n101 -> n1010;
n1011[label = "FarthestFirstNode"];
n101 -> n1011;
n10 -> n101;
n1 -> n10;
n11[label = "And"];
n110[label = "NearestInsertion"];
n11 -> n110;
n111[label = "And"];
n1110[label = "NearestInsertion"];
n111 -> n1110;
n1111[label = "FarthestFirstNode"];
n111 -> n1111;
n11 -> n111;
n1 -> n11;
n -> n1;
}


Generation: 97
Best Individual:
Subpopulation 0:
Evaluated: true
Fitness: Standardized=0.25016326 Adjusted=0.79989547 Hits=0
Tree 0:
digraph g {
node [shape=rectangle];
n[label = "Equal"];
n0[label = "Equal"];
n00[label = "Equal"];
n000[label = "And"];
n0000[label = "NearestInsertion"];
n000 -> n0000;
n0001[label = "FarthestFirstNode"];
n000 -> n0001;
n00 -> n000;
n001[label = "And"];
n0010[label = "NearestInsertion"];
n001 -> n0010;
n0011[label = "FarthestFirstNode"];
n001 -> n0011;
n00 -> n001;
n0 -> n00;
n01[label = "NearestInsertion"];
n0 -> n01;
n -> n0;
n1[label = "Equal"];
n10[label = "And"];
n100[label = "NearestInsertion"];
n10 -> n100;
n101[label = "And"];
n1010[label = "NearestInsertion"];
n101 -> n1010;
n1011[label = "FarthestFirstNode"];
n101 -> n1011;
n10 -> n101;
n1 -> n10;
n11[label = "And"];
n110[label = "NearestInsertion"];
n11 -> n110;
n111[label = "And"];
n1110[label = "NearestInsertion"];
n111 -> n1110;
n1111[label = "FarthestFirstNode"];
n111 -> n1111;
n11 -> n111;
n1 -> n11;
n -> n1;
}


Generation: 98
Best Individual:
Subpopulation 0:
Evaluated: true
Fitness: Standardized=0.25016326 Adjusted=0.79989547 Hits=0
Tree 0:
digraph g {
node [shape=rectangle];
n[label = "Equal"];
n0[label = "Equal"];
n00[label = "Equal"];
n000[label = "And"];
n0000[label = "NearestInsertion"];
n000 -> n0000;
n0001[label = "FarthestFirstNode"];
n000 -> n0001;
n00 -> n000;
n001[label = "And"];
n0010[label = "NearestInsertion"];
n001 -> n0010;
n0011[label = "FarthestFirstNode"];
n001 -> n0011;
n00 -> n001;
n0 -> n00;
n01[label = "NearestInsertion"];
n0 -> n01;
n -> n0;
n1[label = "Equal"];
n10[label = "And"];
n100[label = "NearestInsertion"];
n10 -> n100;
n101[label = "And"];
n1010[label = "NearestInsertion"];
n101 -> n1010;
n1011[label = "FarthestFirstNode"];
n101 -> n1011;
n10 -> n101;
n1 -> n10;
n11[label = "And"];
n110[label = "NearestInsertion"];
n11 -> n110;
n111[label = "And"];
n1110[label = "NearestInsertion"];
n111 -> n1110;
n1111[label = "FarthestFirstNode"];
n111 -> n1111;
n11 -> n111;
n1 -> n11;
n -> n1;
}


Generation: 99
Best Individual:
Subpopulation 0:
Evaluated: true
Fitness: Standardized=0.25016326 Adjusted=0.79989547 Hits=0
Tree 0:
digraph g {
node [shape=rectangle];
n[label = "Equal"];
n0[label = "Equal"];
n00[label = "Equal"];
n000[label = "And"];
n0000[label = "NearestInsertion"];
n000 -> n0000;
n0001[label = "FarthestFirstNode"];
n000 -> n0001;
n00 -> n000;
n001[label = "And"];
n0010[label = "NearestInsertion"];
n001 -> n0010;
n0011[label = "FarthestFirstNode"];
n001 -> n0011;
n00 -> n001;
n0 -> n00;
n01[label = "NearestInsertion"];
n0 -> n01;
n -> n0;
n1[label = "Equal"];
n10[label = "And"];
n100[label = "NearestInsertion"];
n10 -> n100;
n101[label = "And"];
n1010[label = "NearestInsertion"];
n101 -> n1010;
n1011[label = "FarthestFirstNode"];
n101 -> n1011;
n10 -> n101;
n1 -> n10;
n11[label = "And"];
n110[label = "NearestInsertion"];
n11 -> n110;
n111[label = "And"];
n1110[label = "NearestInsertion"];
n111 -> n1110;
n1111[label = "FarthestFirstNode"];
n111 -> n1111;
n11 -> n111;
n1 -> n11;
n -> n1;
}


Best Individual of Run:
Subpopulation 0:
Evaluated: true
Fitness: Standardized=0.25016326 Adjusted=0.79989547 Hits=0
Tree 0:
digraph g {
node [shape=rectangle];
n[label = "Equal"];
n0[label = "Equal"];
n00[label = "Equal"];
n000[label = "And"];
n0000[label = "NearestInsertion"];
n000 -> n0000;
n0001[label = "FarthestFirstNode"];
n000 -> n0001;
n00 -> n000;
n001[label = "And"];
n0010[label = "NearestInsertion"];
n001 -> n0010;
n0011[label = "FarthestFirstNode"];
n001 -> n0011;
n00 -> n001;
n0 -> n00;
n01[label = "NearestInsertion"];
n0 -> n01;
n -> n0;
n1[label = "Equal"];
n10[label = "And"];
n100[label = "NearestInsertion"];
n10 -> n100;
n101[label = "And"];
n1010[label = "NearestInsertion"];
n101 -> n1010;
n1011[label = "FarthestFirstNode"];
n101 -> n1011;
n10 -> n101;
n1 -> n10;
n11[label = "And"];
n110[label = "NearestInsertion"];
n11 -> n110;
n111[label = "And"];
n1110[label = "NearestInsertion"];
n111 -> n1110;
n1111[label = "FarthestFirstNode"];
n111 -> n1111;
n11 -> n111;
n1 -> n11;
n -> n1;
}

