
Generation: 0
Best Individual:
Subpopulation 0:
Evaluated: true
Fitness: Standardized=0.74625736 Adjusted=0.5726533 Hits=0
Tree 0:
digraph g {
node [shape=rectangle];
n[label = "If_Then"];
n0[label = "NearestInsertion"];
n -> n0;
n1[label = "FarthestFirstNode"];
n -> n1;
}


Generation: 1
Best Individual:
Subpopulation 0:
Evaluated: true
Fitness: Standardized=0.5561142 Adjusted=0.64262635 Hits=0
Tree 0:
digraph g {
node [shape=rectangle];
n[label = "If_Then"];
n0[label = "Equal"];
n00[label = "NearestFirstNode"];
n0 -> n00;
n01[label = "FarthestNeighbor"];
n0 -> n01;
n -> n0;
n1[label = "FarthestFirstNode"];
n -> n1;
}


Generation: 2
Best Individual:
Subpopulation 0:
Evaluated: true
Fitness: Standardized=0.5482121 Adjusted=0.6459063 Hits=0
Tree 0:
digraph g {
node [shape=rectangle];
n[label = "Equal"];
n0[label = "NearestFirstNode"];
n -> n0;
n1[label = "If_Then_Else"];
n10[label = "FarthestNeighbor"];
n1 -> n10;
n11[label = "Equal"];
n110[label = "NearestFirstNode"];
n11 -> n110;
n111[label = "FarthestNeighbor"];
n11 -> n111;
n1 -> n11;
n12[label = "FarthestFirstNode"];
n1 -> n12;
n -> n1;
}


Generation: 3
Best Individual:
Subpopulation 0:
Evaluated: true
Fitness: Standardized=0.41980726 Adjusted=0.70432097 Hits=0
Tree 0:
digraph g {
node [shape=rectangle];
n[label = "If_Then"];
n0[label = "If_Then_Else"];
n00[label = "FarthestNeighbor"];
n0 -> n00;
n01[label = "Equal"];
n010[label = "NearestFirstNode"];
n01 -> n010;
n011[label = "FarthestNeighbor"];
n01 -> n011;
n0 -> n01;
n02[label = "FarthestFirstNode"];
n0 -> n02;
n -> n0;
n1[label = "FarthestFirstNode"];
n -> n1;
}


Generation: 4
Best Individual:
Subpopulation 0:
Evaluated: true
Fitness: Standardized=0.28440526 Adjusted=0.7785705 Hits=0
Tree 0:
digraph g {
node [shape=rectangle];
n[label = "If_Then"];
n0[label = "Equal"];
n00[label = "NearestFirstNode"];
n0 -> n00;
n01[label = "FarthestNeighbor"];
n0 -> n01;
n -> n0;
n1[label = "If_Then"];
n10[label = "Equal"];
n100[label = "FarthestNeighbor"];
n10 -> n100;
n101[label = "FarthestNeighbor"];
n10 -> n101;
n1 -> n10;
n11[label = "FarthestFirstNode"];
n1 -> n11;
n -> n1;
}


Generation: 5
Best Individual:
Subpopulation 0:
Evaluated: true
Fitness: Standardized=0.28440526 Adjusted=0.7785705 Hits=0
Tree 0:
digraph g {
node [shape=rectangle];
n[label = "If_Then"];
n0[label = "Equal"];
n00[label = "NearestFirstNode"];
n0 -> n00;
n01[label = "FarthestNeighbor"];
n0 -> n01;
n -> n0;
n1[label = "If_Then_Else"];
n10[label = "FarthestNeighbor"];
n1 -> n10;
n11[label = "Equal"];
n110[label = "FarthestNeighbor"];
n11 -> n110;
n111[label = "FarthestNeighbor"];
n11 -> n111;
n1 -> n11;
n12[label = "FarthestFirstNode"];
n1 -> n12;
n -> n1;
}


Generation: 6
Best Individual:
Subpopulation 0:
Evaluated: true
Fitness: Standardized=0.28440526 Adjusted=0.7785705 Hits=0
Tree 0:
digraph g {
node [shape=rectangle];
n[label = "If_Then"];
n0[label = "Equal"];
n00[label = "NearestFirstNode"];
n0 -> n00;
n01[label = "FarthestNeighbor"];
n0 -> n01;
n -> n0;
n1[label = "If_Then"];
n10[label = "Equal"];
n100[label = "FarthestNeighbor"];
n10 -> n100;
n101[label = "FarthestNeighbor"];
n10 -> n101;
n1 -> n10;
n11[label = "FarthestFirstNode"];
n1 -> n11;
n -> n1;
}


Generation: 7
Best Individual:
Subpopulation 0:
Evaluated: true
Fitness: Standardized=0.28440526 Adjusted=0.7785705 Hits=0
Tree 0:
digraph g {
node [shape=rectangle];
n[label = "If_Then"];
n0[label = "Equal"];
n00[label = "NearestFirstNode"];
n0 -> n00;
n01[label = "FarthestNeighbor"];
n0 -> n01;
n -> n0;
n1[label = "If_Then"];
n10[label = "Equal"];
n100[label = "FarthestNeighbor"];
n10 -> n100;
n101[label = "FarthestNeighbor"];
n10 -> n101;
n1 -> n10;
n11[label = "FarthestFirstNode"];
n1 -> n11;
n -> n1;
}


Generation: 8
Best Individual:
Subpopulation 0:
Evaluated: true
Fitness: Standardized=0.28440526 Adjusted=0.7785705 Hits=0
Tree 0:
digraph g {
node [shape=rectangle];
n[label = "If_Then"];
n0[label = "Equal"];
n00[label = "NearestFirstNode"];
n0 -> n00;
n01[label = "FarthestNeighbor"];
n0 -> n01;
n -> n0;
n1[label = "If_Then"];
n10[label = "Equal"];
n100[label = "FarthestNeighbor"];
n10 -> n100;
n101[label = "FarthestNeighbor"];
n10 -> n101;
n1 -> n10;
n11[label = "FarthestFirstNode"];
n1 -> n11;
n -> n1;
}


Generation: 9
Best Individual:
Subpopulation 0:
Evaluated: true
Fitness: Standardized=0.27866966 Adjusted=0.7820629 Hits=0
Tree 0:
digraph g {
node [shape=rectangle];
n[label = "If_Then"];
n0[label = "Equal"];
n00[label = "NearestFirstNode"];
n0 -> n00;
n01[label = "FarthestNeighbor"];
n0 -> n01;
n -> n0;
n1[label = "If_Then_Else"];
n10[label = "FarthestNeighbor"];
n1 -> n10;
n11[label = "If_Then_Else"];
n110[label = "FarthestNeighbor"];
n11 -> n110;
n111[label = "Equal"];
n1110[label = "NearestFirstNode"];
n111 -> n1110;
n1111[label = "FarthestNeighbor"];
n111 -> n1111;
n11 -> n111;
n112[label = "FarthestFirstNode"];
n11 -> n112;
n1 -> n11;
n12[label = "FarthestFirstNode"];
n1 -> n12;
n -> n1;
}


Generation: 10
Best Individual:
Subpopulation 0:
Evaluated: true
Fitness: Standardized=0.27866966 Adjusted=0.7820629 Hits=0
Tree 0:
digraph g {
node [shape=rectangle];
n[label = "If_Then"];
n0[label = "Equal"];
n00[label = "NearestFirstNode"];
n0 -> n00;
n01[label = "FarthestNeighbor"];
n0 -> n01;
n -> n0;
n1[label = "If_Then_Else"];
n10[label = "FarthestNeighbor"];
n1 -> n10;
n11[label = "If_Then_Else"];
n110[label = "FarthestNeighbor"];
n11 -> n110;
n111[label = "Equal"];
n1110[label = "NearestFirstNode"];
n111 -> n1110;
n1111[label = "FarthestNeighbor"];
n111 -> n1111;
n11 -> n111;
n112[label = "FarthestFirstNode"];
n11 -> n112;
n1 -> n11;
n12[label = "FarthestFirstNode"];
n1 -> n12;
n -> n1;
}


Generation: 11
Best Individual:
Subpopulation 0:
Evaluated: true
Fitness: Standardized=0.27866966 Adjusted=0.7820629 Hits=0
Tree 0:
digraph g {
node [shape=rectangle];
n[label = "If_Then"];
n0[label = "Equal"];
n00[label = "NearestFirstNode"];
n0 -> n00;
n01[label = "FarthestNeighbor"];
n0 -> n01;
n -> n0;
n1[label = "If_Then_Else"];
n10[label = "FarthestNeighbor"];
n1 -> n10;
n11[label = "If_Then_Else"];
n110[label = "FarthestNeighbor"];
n11 -> n110;
n111[label = "Equal"];
n1110[label = "NearestFirstNode"];
n111 -> n1110;
n1111[label = "FarthestNeighbor"];
n111 -> n1111;
n11 -> n111;
n112[label = "FarthestFirstNode"];
n11 -> n112;
n1 -> n11;
n12[label = "FarthestFirstNode"];
n1 -> n12;
n -> n1;
}


Generation: 12
Best Individual:
Subpopulation 0:
Evaluated: true
Fitness: Standardized=0.27866966 Adjusted=0.7820629 Hits=0
Tree 0:
digraph g {
node [shape=rectangle];
n[label = "If_Then"];
n0[label = "Equal"];
n00[label = "NearestFirstNode"];
n0 -> n00;
n01[label = "FarthestNeighbor"];
n0 -> n01;
n -> n0;
n1[label = "If_Then_Else"];
n10[label = "FarthestNeighbor"];
n1 -> n10;
n11[label = "If_Then_Else"];
n110[label = "FarthestNeighbor"];
n11 -> n110;
n111[label = "Equal"];
n1110[label = "NearestFirstNode"];
n111 -> n1110;
n1111[label = "FarthestNeighbor"];
n111 -> n1111;
n11 -> n111;
n112[label = "FarthestFirstNode"];
n11 -> n112;
n1 -> n11;
n12[label = "FarthestFirstNode"];
n1 -> n12;
n -> n1;
}


Generation: 13
Best Individual:
Subpopulation 0:
Evaluated: true
Fitness: Standardized=0.27866966 Adjusted=0.7820629 Hits=0
Tree 0:
digraph g {
node [shape=rectangle];
n[label = "If_Then"];
n0[label = "Equal"];
n00[label = "NearestFirstNode"];
n0 -> n00;
n01[label = "FarthestNeighbor"];
n0 -> n01;
n -> n0;
n1[label = "If_Then_Else"];
n10[label = "FarthestNeighbor"];
n1 -> n10;
n11[label = "If_Then_Else"];
n110[label = "FarthestNeighbor"];
n11 -> n110;
n111[label = "Equal"];
n1110[label = "NearestFirstNode"];
n111 -> n1110;
n1111[label = "FarthestNeighbor"];
n111 -> n1111;
n11 -> n111;
n112[label = "FarthestFirstNode"];
n11 -> n112;
n1 -> n11;
n12[label = "FarthestFirstNode"];
n1 -> n12;
n -> n1;
}


Generation: 14
Best Individual:
Subpopulation 0:
Evaluated: true
Fitness: Standardized=0.27866966 Adjusted=0.7820629 Hits=0
Tree 0:
digraph g {
node [shape=rectangle];
n[label = "If_Then"];
n0[label = "Equal"];
n00[label = "NearestFirstNode"];
n0 -> n00;
n01[label = "FarthestNeighbor"];
n0 -> n01;
n -> n0;
n1[label = "If_Then_Else"];
n10[label = "FarthestNeighbor"];
n1 -> n10;
n11[label = "If_Then_Else"];
n110[label = "FarthestNeighbor"];
n11 -> n110;
n111[label = "Equal"];
n1110[label = "NearestFirstNode"];
n111 -> n1110;
n1111[label = "FarthestNeighbor"];
n111 -> n1111;
n11 -> n111;
n112[label = "FarthestFirstNode"];
n11 -> n112;
n1 -> n11;
n12[label = "FarthestFirstNode"];
n1 -> n12;
n -> n1;
}


Generation: 15
Best Individual:
Subpopulation 0:
Evaluated: true
Fitness: Standardized=0.27866966 Adjusted=0.7820629 Hits=0
Tree 0:
digraph g {
node [shape=rectangle];
n[label = "If_Then"];
n0[label = "Equal"];
n00[label = "NearestFirstNode"];
n0 -> n00;
n01[label = "FarthestNeighbor"];
n0 -> n01;
n -> n0;
n1[label = "If_Then_Else"];
n10[label = "FarthestNeighbor"];
n1 -> n10;
n11[label = "If_Then_Else"];
n110[label = "FarthestNeighbor"];
n11 -> n110;
n111[label = "Equal"];
n1110[label = "NearestFirstNode"];
n111 -> n1110;
n1111[label = "FarthestNeighbor"];
n111 -> n1111;
n11 -> n111;
n112[label = "FarthestFirstNode"];
n11 -> n112;
n1 -> n11;
n12[label = "FarthestFirstNode"];
n1 -> n12;
n -> n1;
}


Generation: 16
Best Individual:
Subpopulation 0:
Evaluated: true
Fitness: Standardized=0.27283055 Adjusted=0.78565055 Hits=0
Tree 0:
digraph g {
node [shape=rectangle];
n[label = "If_Then"];
n0[label = "Equal"];
n00[label = "NearestFirstNode"];
n0 -> n00;
n01[label = "FarthestNeighbor"];
n0 -> n01;
n -> n0;
n1[label = "If_Then_Else"];
n10[label = "FarthestNeighbor"];
n1 -> n10;
n11[label = "If_Then"];
n110[label = "Equal"];
n1100[label = "NearestFirstNode"];
n110 -> n1100;
n1101[label = "FarthestNeighbor"];
n110 -> n1101;
n11 -> n110;
n111[label = "Equal"];
n1110[label = "NearestFirstNode"];
n111 -> n1110;
n1111[label = "FarthestNeighbor"];
n111 -> n1111;
n11 -> n111;
n1 -> n11;
n12[label = "FarthestFirstNode"];
n1 -> n12;
n -> n1;
}


Generation: 17
Best Individual:
Subpopulation 0:
Evaluated: true
Fitness: Standardized=0.27283055 Adjusted=0.78565055 Hits=0
Tree 0:
digraph g {
node [shape=rectangle];
n[label = "If_Then"];
n0[label = "Equal"];
n00[label = "NearestFirstNode"];
n0 -> n00;
n01[label = "FarthestNeighbor"];
n0 -> n01;
n -> n0;
n1[label = "If_Then_Else"];
n10[label = "FarthestNeighbor"];
n1 -> n10;
n11[label = "If_Then"];
n110[label = "Equal"];
n1100[label = "NearestFirstNode"];
n110 -> n1100;
n1101[label = "FarthestNeighbor"];
n110 -> n1101;
n11 -> n110;
n111[label = "Equal"];
n1110[label = "NearestFirstNode"];
n111 -> n1110;
n1111[label = "FarthestNeighbor"];
n111 -> n1111;
n11 -> n111;
n1 -> n11;
n12[label = "FarthestFirstNode"];
n1 -> n12;
n -> n1;
}


Generation: 18
Best Individual:
Subpopulation 0:
Evaluated: true
Fitness: Standardized=0.27283055 Adjusted=0.78565055 Hits=0
Tree 0:
digraph g {
node [shape=rectangle];
n[label = "If_Then"];
n0[label = "Equal"];
n00[label = "NearestFirstNode"];
n0 -> n00;
n01[label = "FarthestNeighbor"];
n0 -> n01;
n -> n0;
n1[label = "If_Then_Else"];
n10[label = "FarthestNeighbor"];
n1 -> n10;
n11[label = "If_Then"];
n110[label = "Equal"];
n1100[label = "NearestFirstNode"];
n110 -> n1100;
n1101[label = "FarthestNeighbor"];
n110 -> n1101;
n11 -> n110;
n111[label = "Equal"];
n1110[label = "NearestFirstNode"];
n111 -> n1110;
n1111[label = "FarthestNeighbor"];
n111 -> n1111;
n11 -> n111;
n1 -> n11;
n12[label = "FarthestFirstNode"];
n1 -> n12;
n -> n1;
}


Generation: 19
Best Individual:
Subpopulation 0:
Evaluated: true
Fitness: Standardized=0.27283055 Adjusted=0.78565055 Hits=0
Tree 0:
digraph g {
node [shape=rectangle];
n[label = "If_Then"];
n0[label = "Equal"];
n00[label = "NearestFirstNode"];
n0 -> n00;
n01[label = "FarthestNeighbor"];
n0 -> n01;
n -> n0;
n1[label = "If_Then_Else"];
n10[label = "FarthestNeighbor"];
n1 -> n10;
n11[label = "If_Then"];
n110[label = "Equal"];
n1100[label = "NearestFirstNode"];
n110 -> n1100;
n1101[label = "FarthestNeighbor"];
n110 -> n1101;
n11 -> n110;
n111[label = "Equal"];
n1110[label = "NearestFirstNode"];
n111 -> n1110;
n1111[label = "FarthestNeighbor"];
n111 -> n1111;
n11 -> n111;
n1 -> n11;
n12[label = "FarthestFirstNode"];
n1 -> n12;
n -> n1;
}


Generation: 20
Best Individual:
Subpopulation 0:
Evaluated: true
Fitness: Standardized=0.27283055 Adjusted=0.78565055 Hits=0
Tree 0:
digraph g {
node [shape=rectangle];
n[label = "If_Then"];
n0[label = "Equal"];
n00[label = "NearestFirstNode"];
n0 -> n00;
n01[label = "FarthestNeighbor"];
n0 -> n01;
n -> n0;
n1[label = "If_Then_Else"];
n10[label = "FarthestNeighbor"];
n1 -> n10;
n11[label = "If_Then"];
n110[label = "Equal"];
n1100[label = "NearestFirstNode"];
n110 -> n1100;
n1101[label = "FarthestNeighbor"];
n110 -> n1101;
n11 -> n110;
n111[label = "Equal"];
n1110[label = "NearestFirstNode"];
n111 -> n1110;
n1111[label = "FarthestNeighbor"];
n111 -> n1111;
n11 -> n111;
n1 -> n11;
n12[label = "FarthestFirstNode"];
n1 -> n12;
n -> n1;
}


Generation: 21
Best Individual:
Subpopulation 0:
Evaluated: true
Fitness: Standardized=0.27283055 Adjusted=0.78565055 Hits=0
Tree 0:
digraph g {
node [shape=rectangle];
n[label = "If_Then"];
n0[label = "Equal"];
n00[label = "NearestFirstNode"];
n0 -> n00;
n01[label = "FarthestNeighbor"];
n0 -> n01;
n -> n0;
n1[label = "If_Then_Else"];
n10[label = "FarthestNeighbor"];
n1 -> n10;
n11[label = "If_Then"];
n110[label = "Equal"];
n1100[label = "NearestFirstNode"];
n110 -> n1100;
n1101[label = "FarthestNeighbor"];
n110 -> n1101;
n11 -> n110;
n111[label = "Equal"];
n1110[label = "NearestFirstNode"];
n111 -> n1110;
n1111[label = "FarthestNeighbor"];
n111 -> n1111;
n11 -> n111;
n1 -> n11;
n12[label = "FarthestFirstNode"];
n1 -> n12;
n -> n1;
}


Generation: 22
Best Individual:
Subpopulation 0:
Evaluated: true
Fitness: Standardized=0.27283055 Adjusted=0.78565055 Hits=0
Tree 0:
digraph g {
node [shape=rectangle];
n[label = "If_Then"];
n0[label = "Equal"];
n00[label = "NearestFirstNode"];
n0 -> n00;
n01[label = "FarthestNeighbor"];
n0 -> n01;
n -> n0;
n1[label = "If_Then_Else"];
n10[label = "FarthestNeighbor"];
n1 -> n10;
n11[label = "If_Then"];
n110[label = "Equal"];
n1100[label = "NearestFirstNode"];
n110 -> n1100;
n1101[label = "FarthestNeighbor"];
n110 -> n1101;
n11 -> n110;
n111[label = "Equal"];
n1110[label = "NearestFirstNode"];
n111 -> n1110;
n1111[label = "FarthestNeighbor"];
n111 -> n1111;
n11 -> n111;
n1 -> n11;
n12[label = "FarthestFirstNode"];
n1 -> n12;
n -> n1;
}


Generation: 23
Best Individual:
Subpopulation 0:
Evaluated: true
Fitness: Standardized=0.27283055 Adjusted=0.78565055 Hits=0
Tree 0:
digraph g {
node [shape=rectangle];
n[label = "If_Then"];
n0[label = "Equal"];
n00[label = "NearestFirstNode"];
n0 -> n00;
n01[label = "FarthestNeighbor"];
n0 -> n01;
n -> n0;
n1[label = "If_Then_Else"];
n10[label = "FarthestNeighbor"];
n1 -> n10;
n11[label = "If_Then"];
n110[label = "Equal"];
n1100[label = "NearestFirstNode"];
n110 -> n1100;
n1101[label = "FarthestNeighbor"];
n110 -> n1101;
n11 -> n110;
n111[label = "Equal"];
n1110[label = "NearestFirstNode"];
n111 -> n1110;
n1111[label = "FarthestNeighbor"];
n111 -> n1111;
n11 -> n111;
n1 -> n11;
n12[label = "FarthestFirstNode"];
n1 -> n12;
n -> n1;
}


Generation: 24
Best Individual:
Subpopulation 0:
Evaluated: true
Fitness: Standardized=0.27283055 Adjusted=0.78565055 Hits=0
Tree 0:
digraph g {
node [shape=rectangle];
n[label = "If_Then"];
n0[label = "Equal"];
n00[label = "NearestFirstNode"];
n0 -> n00;
n01[label = "FarthestNeighbor"];
n0 -> n01;
n -> n0;
n1[label = "If_Then_Else"];
n10[label = "FarthestNeighbor"];
n1 -> n10;
n11[label = "If_Then"];
n110[label = "Equal"];
n1100[label = "NearestFirstNode"];
n110 -> n1100;
n1101[label = "FarthestNeighbor"];
n110 -> n1101;
n11 -> n110;
n111[label = "Equal"];
n1110[label = "NearestFirstNode"];
n111 -> n1110;
n1111[label = "FarthestNeighbor"];
n111 -> n1111;
n11 -> n111;
n1 -> n11;
n12[label = "FarthestFirstNode"];
n1 -> n12;
n -> n1;
}


Generation: 25
Best Individual:
Subpopulation 0:
Evaluated: true
Fitness: Standardized=0.27283055 Adjusted=0.78565055 Hits=0
Tree 0:
digraph g {
node [shape=rectangle];
n[label = "If_Then"];
n0[label = "Equal"];
n00[label = "NearestFirstNode"];
n0 -> n00;
n01[label = "FarthestNeighbor"];
n0 -> n01;
n -> n0;
n1[label = "If_Then_Else"];
n10[label = "FarthestNeighbor"];
n1 -> n10;
n11[label = "If_Then"];
n110[label = "Equal"];
n1100[label = "NearestFirstNode"];
n110 -> n1100;
n1101[label = "FarthestNeighbor"];
n110 -> n1101;
n11 -> n110;
n111[label = "Equal"];
n1110[label = "NearestFirstNode"];
n111 -> n1110;
n1111[label = "FarthestNeighbor"];
n111 -> n1111;
n11 -> n111;
n1 -> n11;
n12[label = "FarthestFirstNode"];
n1 -> n12;
n -> n1;
}


Generation: 26
Best Individual:
Subpopulation 0:
Evaluated: true
Fitness: Standardized=0.27283055 Adjusted=0.78565055 Hits=0
Tree 0:
digraph g {
node [shape=rectangle];
n[label = "If_Then"];
n0[label = "Equal"];
n00[label = "NearestFirstNode"];
n0 -> n00;
n01[label = "FarthestNeighbor"];
n0 -> n01;
n -> n0;
n1[label = "If_Then_Else"];
n10[label = "FarthestNeighbor"];
n1 -> n10;
n11[label = "If_Then"];
n110[label = "Equal"];
n1100[label = "NearestFirstNode"];
n110 -> n1100;
n1101[label = "FarthestNeighbor"];
n110 -> n1101;
n11 -> n110;
n111[label = "Equal"];
n1110[label = "NearestFirstNode"];
n111 -> n1110;
n1111[label = "FarthestNeighbor"];
n111 -> n1111;
n11 -> n111;
n1 -> n11;
n12[label = "FarthestFirstNode"];
n1 -> n12;
n -> n1;
}


Generation: 27
Best Individual:
Subpopulation 0:
Evaluated: true
Fitness: Standardized=0.27283055 Adjusted=0.78565055 Hits=0
Tree 0:
digraph g {
node [shape=rectangle];
n[label = "If_Then"];
n0[label = "Equal"];
n00[label = "NearestFirstNode"];
n0 -> n00;
n01[label = "FarthestNeighbor"];
n0 -> n01;
n -> n0;
n1[label = "If_Then_Else"];
n10[label = "FarthestNeighbor"];
n1 -> n10;
n11[label = "If_Then"];
n110[label = "Equal"];
n1100[label = "NearestFirstNode"];
n110 -> n1100;
n1101[label = "FarthestNeighbor"];
n110 -> n1101;
n11 -> n110;
n111[label = "Equal"];
n1110[label = "NearestFirstNode"];
n111 -> n1110;
n1111[label = "FarthestNeighbor"];
n111 -> n1111;
n11 -> n111;
n1 -> n11;
n12[label = "FarthestFirstNode"];
n1 -> n12;
n -> n1;
}


Generation: 28
Best Individual:
Subpopulation 0:
Evaluated: true
Fitness: Standardized=0.27283055 Adjusted=0.78565055 Hits=0
Tree 0:
digraph g {
node [shape=rectangle];
n[label = "If_Then"];
n0[label = "Equal"];
n00[label = "NearestFirstNode"];
n0 -> n00;
n01[label = "FarthestNeighbor"];
n0 -> n01;
n -> n0;
n1[label = "If_Then_Else"];
n10[label = "FarthestNeighbor"];
n1 -> n10;
n11[label = "If_Then"];
n110[label = "Equal"];
n1100[label = "NearestFirstNode"];
n110 -> n1100;
n1101[label = "FarthestNeighbor"];
n110 -> n1101;
n11 -> n110;
n111[label = "Equal"];
n1110[label = "NearestFirstNode"];
n111 -> n1110;
n1111[label = "FarthestNeighbor"];
n111 -> n1111;
n11 -> n111;
n1 -> n11;
n12[label = "FarthestFirstNode"];
n1 -> n12;
n -> n1;
}


Generation: 29
Best Individual:
Subpopulation 0:
Evaluated: true
Fitness: Standardized=0.27283055 Adjusted=0.78565055 Hits=0
Tree 0:
digraph g {
node [shape=rectangle];
n[label = "If_Then"];
n0[label = "Equal"];
n00[label = "NearestFirstNode"];
n0 -> n00;
n01[label = "FarthestNeighbor"];
n0 -> n01;
n -> n0;
n1[label = "If_Then_Else"];
n10[label = "FarthestNeighbor"];
n1 -> n10;
n11[label = "If_Then"];
n110[label = "Equal"];
n1100[label = "NearestFirstNode"];
n110 -> n1100;
n1101[label = "FarthestNeighbor"];
n110 -> n1101;
n11 -> n110;
n111[label = "Equal"];
n1110[label = "NearestFirstNode"];
n111 -> n1110;
n1111[label = "FarthestNeighbor"];
n111 -> n1111;
n11 -> n111;
n1 -> n11;
n12[label = "FarthestFirstNode"];
n1 -> n12;
n -> n1;
}


Generation: 30
Best Individual:
Subpopulation 0:
Evaluated: true
Fitness: Standardized=0.27283055 Adjusted=0.78565055 Hits=0
Tree 0:
digraph g {
node [shape=rectangle];
n[label = "If_Then"];
n0[label = "Equal"];
n00[label = "NearestFirstNode"];
n0 -> n00;
n01[label = "FarthestNeighbor"];
n0 -> n01;
n -> n0;
n1[label = "If_Then_Else"];
n10[label = "FarthestNeighbor"];
n1 -> n10;
n11[label = "If_Then"];
n110[label = "Equal"];
n1100[label = "NearestFirstNode"];
n110 -> n1100;
n1101[label = "FarthestNeighbor"];
n110 -> n1101;
n11 -> n110;
n111[label = "Equal"];
n1110[label = "NearestFirstNode"];
n111 -> n1110;
n1111[label = "FarthestNeighbor"];
n111 -> n1111;
n11 -> n111;
n1 -> n11;
n12[label = "FarthestFirstNode"];
n1 -> n12;
n -> n1;
}


Generation: 31
Best Individual:
Subpopulation 0:
Evaluated: true
Fitness: Standardized=0.27283055 Adjusted=0.78565055 Hits=0
Tree 0:
digraph g {
node [shape=rectangle];
n[label = "And"];
n0[label = "Equal"];
n00[label = "NearestFirstNode"];
n0 -> n00;
n01[label = "FarthestNeighbor"];
n0 -> n01;
n -> n0;
n1[label = "If_Then_Else"];
n10[label = "FarthestNeighbor"];
n1 -> n10;
n11[label = "If_Then"];
n110[label = "Equal"];
n1100[label = "NearestFirstNode"];
n110 -> n1100;
n1101[label = "FarthestNeighbor"];
n110 -> n1101;
n11 -> n110;
n111[label = "Equal"];
n1110[label = "NearestFirstNode"];
n111 -> n1110;
n1111[label = "FarthestNeighbor"];
n111 -> n1111;
n11 -> n111;
n1 -> n11;
n12[label = "FarthestFirstNode"];
n1 -> n12;
n -> n1;
}


Generation: 32
Best Individual:
Subpopulation 0:
Evaluated: true
Fitness: Standardized=0.27283055 Adjusted=0.78565055 Hits=0
Tree 0:
digraph g {
node [shape=rectangle];
n[label = "And"];
n0[label = "Equal"];
n00[label = "NearestFirstNode"];
n0 -> n00;
n01[label = "FarthestNeighbor"];
n0 -> n01;
n -> n0;
n1[label = "If_Then_Else"];
n10[label = "FarthestNeighbor"];
n1 -> n10;
n11[label = "If_Then"];
n110[label = "Equal"];
n1100[label = "NearestFirstNode"];
n110 -> n1100;
n1101[label = "FarthestNeighbor"];
n110 -> n1101;
n11 -> n110;
n111[label = "Equal"];
n1110[label = "NearestFirstNode"];
n111 -> n1110;
n1111[label = "FarthestNeighbor"];
n111 -> n1111;
n11 -> n111;
n1 -> n11;
n12[label = "FarthestFirstNode"];
n1 -> n12;
n -> n1;
}


Generation: 33
Best Individual:
Subpopulation 0:
Evaluated: true
Fitness: Standardized=0.27283055 Adjusted=0.78565055 Hits=0
Tree 0:
digraph g {
node [shape=rectangle];
n[label = "If_Then"];
n0[label = "Equal"];
n00[label = "NearestFirstNode"];
n0 -> n00;
n01[label = "FarthestNeighbor"];
n0 -> n01;
n -> n0;
n1[label = "If_Then_Else"];
n10[label = "FarthestNeighbor"];
n1 -> n10;
n11[label = "And"];
n110[label = "Equal"];
n1100[label = "NearestFirstNode"];
n110 -> n1100;
n1101[label = "FarthestNeighbor"];
n110 -> n1101;
n11 -> n110;
n111[label = "Equal"];
n1110[label = "NearestFirstNode"];
n111 -> n1110;
n1111[label = "FarthestNeighbor"];
n111 -> n1111;
n11 -> n111;
n1 -> n11;
n12[label = "FarthestFirstNode"];
n1 -> n12;
n -> n1;
}


Generation: 34
Best Individual:
Subpopulation 0:
Evaluated: true
Fitness: Standardized=0.27283055 Adjusted=0.78565055 Hits=0
Tree 0:
digraph g {
node [shape=rectangle];
n[label = "And"];
n0[label = "Equal"];
n00[label = "NearestFirstNode"];
n0 -> n00;
n01[label = "FarthestNeighbor"];
n0 -> n01;
n -> n0;
n1[label = "If_Then_Else"];
n10[label = "FarthestNeighbor"];
n1 -> n10;
n11[label = "If_Then"];
n110[label = "Equal"];
n1100[label = "NearestFirstNode"];
n110 -> n1100;
n1101[label = "FarthestNeighbor"];
n110 -> n1101;
n11 -> n110;
n111[label = "Equal"];
n1110[label = "NearestFirstNode"];
n111 -> n1110;
n1111[label = "FarthestNeighbor"];
n111 -> n1111;
n11 -> n111;
n1 -> n11;
n12[label = "FarthestFirstNode"];
n1 -> n12;
n -> n1;
}


Generation: 35
Best Individual:
Subpopulation 0:
Evaluated: true
Fitness: Standardized=0.27283055 Adjusted=0.78565055 Hits=0
Tree 0:
digraph g {
node [shape=rectangle];
n[label = "If_Then"];
n0[label = "Equal"];
n00[label = "NearestFirstNode"];
n0 -> n00;
n01[label = "FarthestNeighbor"];
n0 -> n01;
n -> n0;
n1[label = "If_Then_Else"];
n10[label = "FarthestNeighbor"];
n1 -> n10;
n11[label = "If_Then"];
n110[label = "Equal"];
n1100[label = "NearestFirstNode"];
n110 -> n1100;
n1101[label = "FarthestNeighbor"];
n110 -> n1101;
n11 -> n110;
n111[label = "Equal"];
n1110[label = "NearestFirstNode"];
n111 -> n1110;
n1111[label = "FarthestNeighbor"];
n111 -> n1111;
n11 -> n111;
n1 -> n11;
n12[label = "FarthestFirstNode"];
n1 -> n12;
n -> n1;
}


Generation: 36
Best Individual:
Subpopulation 0:
Evaluated: true
Fitness: Standardized=0.27283055 Adjusted=0.78565055 Hits=0
Tree 0:
digraph g {
node [shape=rectangle];
n[label = "If_Then"];
n0[label = "Equal"];
n00[label = "NearestFirstNode"];
n0 -> n00;
n01[label = "FarthestNeighbor"];
n0 -> n01;
n -> n0;
n1[label = "If_Then_Else"];
n10[label = "FarthestNeighbor"];
n1 -> n10;
n11[label = "If_Then"];
n110[label = "Equal"];
n1100[label = "NearestFirstNode"];
n110 -> n1100;
n1101[label = "FarthestNeighbor"];
n110 -> n1101;
n11 -> n110;
n111[label = "Equal"];
n1110[label = "NearestFirstNode"];
n111 -> n1110;
n1111[label = "FarthestNeighbor"];
n111 -> n1111;
n11 -> n111;
n1 -> n11;
n12[label = "Equal"];
n120[label = "NearestFirstNode"];
n12 -> n120;
n121[label = "FarthestNeighbor"];
n12 -> n121;
n1 -> n12;
n -> n1;
}


Generation: 37
Best Individual:
Subpopulation 0:
Evaluated: true
Fitness: Standardized=0.27283055 Adjusted=0.78565055 Hits=0
Tree 0:
digraph g {
node [shape=rectangle];
n[label = "If_Then"];
n0[label = "Equal"];
n00[label = "NearestFirstNode"];
n0 -> n00;
n01[label = "FarthestNeighbor"];
n0 -> n01;
n -> n0;
n1[label = "If_Then_Else"];
n10[label = "FarthestNeighbor"];
n1 -> n10;
n11[label = "If_Then"];
n110[label = "Equal"];
n1100[label = "NearestFirstNode"];
n110 -> n1100;
n1101[label = "FarthestNeighbor"];
n110 -> n1101;
n11 -> n110;
n111[label = "Equal"];
n1110[label = "NearestFirstNode"];
n111 -> n1110;
n1111[label = "FarthestNeighbor"];
n111 -> n1111;
n11 -> n111;
n1 -> n11;
n12[label = "FarthestFirstNode"];
n1 -> n12;
n -> n1;
}


Generation: 38
Best Individual:
Subpopulation 0:
Evaluated: true
Fitness: Standardized=0.27283055 Adjusted=0.78565055 Hits=0
Tree 0:
digraph g {
node [shape=rectangle];
n[label = "If_Then"];
n0[label = "Equal"];
n00[label = "NearestFirstNode"];
n0 -> n00;
n01[label = "FarthestNeighbor"];
n0 -> n01;
n -> n0;
n1[label = "If_Then_Else"];
n10[label = "FarthestNeighbor"];
n1 -> n10;
n11[label = "If_Then"];
n110[label = "Equal"];
n1100[label = "NearestFirstNode"];
n110 -> n1100;
n1101[label = "FarthestNeighbor"];
n110 -> n1101;
n11 -> n110;
n111[label = "Equal"];
n1110[label = "NearestFirstNode"];
n111 -> n1110;
n1111[label = "FarthestNeighbor"];
n111 -> n1111;
n11 -> n111;
n1 -> n11;
n12[label = "FarthestFirstNode"];
n1 -> n12;
n -> n1;
}


Generation: 39
Best Individual:
Subpopulation 0:
Evaluated: true
Fitness: Standardized=0.27283055 Adjusted=0.78565055 Hits=0
Tree 0:
digraph g {
node [shape=rectangle];
n[label = "If_Then"];
n0[label = "Equal"];
n00[label = "NearestFirstNode"];
n0 -> n00;
n01[label = "FarthestNeighbor"];
n0 -> n01;
n -> n0;
n1[label = "If_Then_Else"];
n10[label = "FarthestNeighbor"];
n1 -> n10;
n11[label = "If_Then"];
n110[label = "Equal"];
n1100[label = "NearestFirstNode"];
n110 -> n1100;
n1101[label = "FarthestNeighbor"];
n110 -> n1101;
n11 -> n110;
n111[label = "Equal"];
n1110[label = "NearestFirstNode"];
n111 -> n1110;
n1111[label = "FarthestNeighbor"];
n111 -> n1111;
n11 -> n111;
n1 -> n11;
n12[label = "Equal"];
n120[label = "NearestFirstNode"];
n12 -> n120;
n121[label = "FarthestNeighbor"];
n12 -> n121;
n1 -> n12;
n -> n1;
}


Generation: 40
Best Individual:
Subpopulation 0:
Evaluated: true
Fitness: Standardized=0.272673 Adjusted=0.78574777 Hits=0
Tree 0:
digraph g {
node [shape=rectangle];
n[label = "If_Then"];
n0[label = "Equal"];
n00[label = "NearestFirstNode"];
n0 -> n00;
n01[label = "FarthestNeighbor"];
n0 -> n01;
n -> n0;
n1[label = "If_Then_Else"];
n10[label = "FarthestNeighbor"];
n1 -> n10;
n11[label = "If_Then"];
n110[label = "Equal"];
n1100[label = "NearestFirstNode"];
n110 -> n1100;
n1101[label = "FarthestNeighbor"];
n110 -> n1101;
n11 -> n110;
n111[label = "Equal"];
n1110[label = "NearestInsertion"];
n111 -> n1110;
n1111[label = "FarthestNeighbor"];
n111 -> n1111;
n11 -> n111;
n1 -> n11;
n12[label = "FarthestFirstNode"];
n1 -> n12;
n -> n1;
}


Generation: 41
Best Individual:
Subpopulation 0:
Evaluated: true
Fitness: Standardized=0.272673 Adjusted=0.78574777 Hits=0
Tree 0:
digraph g {
node [shape=rectangle];
n[label = "If_Then"];
n0[label = "Equal"];
n00[label = "NearestFirstNode"];
n0 -> n00;
n01[label = "FarthestNeighbor"];
n0 -> n01;
n -> n0;
n1[label = "If_Then_Else"];
n10[label = "FarthestNeighbor"];
n1 -> n10;
n11[label = "If_Then"];
n110[label = "Equal"];
n1100[label = "NearestFirstNode"];
n110 -> n1100;
n1101[label = "FarthestNeighbor"];
n110 -> n1101;
n11 -> n110;
n111[label = "Equal"];
n1110[label = "NearestInsertion"];
n111 -> n1110;
n1111[label = "FarthestNeighbor"];
n111 -> n1111;
n11 -> n111;
n1 -> n11;
n12[label = "FarthestFirstNode"];
n1 -> n12;
n -> n1;
}


Generation: 42
Best Individual:
Subpopulation 0:
Evaluated: true
Fitness: Standardized=0.269134 Adjusted=0.78793883 Hits=0
Tree 0:
digraph g {
node [shape=rectangle];
n[label = "If_Then"];
n0[label = "Equal"];
n00[label = "NearestFirstNode"];
n0 -> n00;
n01[label = "FarthestNeighbor"];
n0 -> n01;
n -> n0;
n1[label = "If_Then_Else"];
n10[label = "Equal"];
n100[label = "NearestFirstNode"];
n10 -> n100;
n101[label = "FarthestNeighbor"];
n10 -> n101;
n1 -> n10;
n11[label = "If_Then"];
n110[label = "Equal"];
n1100[label = "NearestFirstNode"];
n110 -> n1100;
n1101[label = "FarthestNeighbor"];
n110 -> n1101;
n11 -> n110;
n111[label = "Equal"];
n1110[label = "NearestInsertion"];
n111 -> n1110;
n1111[label = "FarthestNeighbor"];
n111 -> n1111;
n11 -> n111;
n1 -> n11;
n12[label = "FarthestFirstNode"];
n1 -> n12;
n -> n1;
}


Generation: 43
Best Individual:
Subpopulation 0:
Evaluated: true
Fitness: Standardized=0.269134 Adjusted=0.78793883 Hits=0
Tree 0:
digraph g {
node [shape=rectangle];
n[label = "If_Then"];
n0[label = "Equal"];
n00[label = "NearestFirstNode"];
n0 -> n00;
n01[label = "FarthestNeighbor"];
n0 -> n01;
n -> n0;
n1[label = "If_Then_Else"];
n10[label = "Equal"];
n100[label = "NearestFirstNode"];
n10 -> n100;
n101[label = "FarthestNeighbor"];
n10 -> n101;
n1 -> n10;
n11[label = "If_Then"];
n110[label = "Equal"];
n1100[label = "NearestFirstNode"];
n110 -> n1100;
n1101[label = "FarthestNeighbor"];
n110 -> n1101;
n11 -> n110;
n111[label = "Equal"];
n1110[label = "NearestInsertion"];
n111 -> n1110;
n1111[label = "FarthestNeighbor"];
n111 -> n1111;
n11 -> n111;
n1 -> n11;
n12[label = "FarthestFirstNode"];
n1 -> n12;
n -> n1;
}


Generation: 44
Best Individual:
Subpopulation 0:
Evaluated: true
Fitness: Standardized=0.269134 Adjusted=0.78793883 Hits=0
Tree 0:
digraph g {
node [shape=rectangle];
n[label = "If_Then"];
n0[label = "Equal"];
n00[label = "NearestFirstNode"];
n0 -> n00;
n01[label = "FarthestNeighbor"];
n0 -> n01;
n -> n0;
n1[label = "If_Then_Else"];
n10[label = "Equal"];
n100[label = "NearestFirstNode"];
n10 -> n100;
n101[label = "FarthestNeighbor"];
n10 -> n101;
n1 -> n10;
n11[label = "If_Then"];
n110[label = "Equal"];
n1100[label = "NearestFirstNode"];
n110 -> n1100;
n1101[label = "FarthestNeighbor"];
n110 -> n1101;
n11 -> n110;
n111[label = "Equal"];
n1110[label = "NearestInsertion"];
n111 -> n1110;
n1111[label = "FarthestNeighbor"];
n111 -> n1111;
n11 -> n111;
n1 -> n11;
n12[label = "FarthestFirstNode"];
n1 -> n12;
n -> n1;
}


Generation: 45
Best Individual:
Subpopulation 0:
Evaluated: true
Fitness: Standardized=0.2689495 Adjusted=0.7880534 Hits=0
Tree 0:
digraph g {
node [shape=rectangle];
n[label = "If_Then"];
n0[label = "Equal"];
n00[label = "NearestFirstNode"];
n0 -> n00;
n01[label = "FarthestNeighbor"];
n0 -> n01;
n -> n0;
n1[label = "If_Then_Else"];
n10[label = "Equal"];
n100[label = "NearestFirstNode"];
n10 -> n100;
n101[label = "FarthestNeighbor"];
n10 -> n101;
n1 -> n10;
n11[label = "If_Then"];
n110[label = "Equal"];
n1100[label = "NearestInsertion"];
n110 -> n1100;
n1101[label = "FarthestNeighbor"];
n110 -> n1101;
n11 -> n110;
n111[label = "Equal"];
n1110[label = "NearestInsertion"];
n111 -> n1110;
n1111[label = "FarthestNeighbor"];
n111 -> n1111;
n11 -> n111;
n1 -> n11;
n12[label = "FarthestFirstNode"];
n1 -> n12;
n -> n1;
}


Generation: 46
Best Individual:
Subpopulation 0:
Evaluated: true
Fitness: Standardized=0.2689495 Adjusted=0.7880534 Hits=0
Tree 0:
digraph g {
node [shape=rectangle];
n[label = "If_Then"];
n0[label = "Equal"];
n00[label = "NearestFirstNode"];
n0 -> n00;
n01[label = "FarthestNeighbor"];
n0 -> n01;
n -> n0;
n1[label = "If_Then_Else"];
n10[label = "Equal"];
n100[label = "NearestFirstNode"];
n10 -> n100;
n101[label = "FarthestNeighbor"];
n10 -> n101;
n1 -> n10;
n11[label = "If_Then"];
n110[label = "Equal"];
n1100[label = "NearestInsertion"];
n110 -> n1100;
n1101[label = "FarthestNeighbor"];
n110 -> n1101;
n11 -> n110;
n111[label = "Equal"];
n1110[label = "NearestInsertion"];
n111 -> n1110;
n1111[label = "FarthestNeighbor"];
n111 -> n1111;
n11 -> n111;
n1 -> n11;
n12[label = "FarthestFirstNode"];
n1 -> n12;
n -> n1;
}


Generation: 47
Best Individual:
Subpopulation 0:
Evaluated: true
Fitness: Standardized=0.26227748 Adjusted=0.79221886 Hits=0
Tree 0:
digraph g {
node [shape=rectangle];
n[label = "If_Then"];
n0[label = "Equal"];
n00[label = "NearestFirstNode"];
n0 -> n00;
n01[label = "FarthestNeighbor"];
n0 -> n01;
n -> n0;
n1[label = "If_Then_Else"];
n10[label = "Equal"];
n100[label = "NearestFirstNode"];
n10 -> n100;
n101[label = "Equal"];
n1010[label = "NearestFirstNode"];
n101 -> n1010;
n1011[label = "FarthestNeighbor"];
n101 -> n1011;
n10 -> n101;
n1 -> n10;
n11[label = "If_Then"];
n110[label = "Equal"];
n1100[label = "NearestFirstNode"];
n110 -> n1100;
n1101[label = "FarthestNeighbor"];
n110 -> n1101;
n11 -> n110;
n111[label = "Equal"];
n1110[label = "NearestInsertion"];
n111 -> n1110;
n1111[label = "FarthestNeighbor"];
n111 -> n1111;
n11 -> n111;
n1 -> n11;
n12[label = "FarthestFirstNode"];
n1 -> n12;
n -> n1;
}


Generation: 48
Best Individual:
Subpopulation 0:
Evaluated: true
Fitness: Standardized=0.26227748 Adjusted=0.79221886 Hits=0
Tree 0:
digraph g {
node [shape=rectangle];
n[label = "If_Then"];
n0[label = "Equal"];
n00[label = "NearestFirstNode"];
n0 -> n00;
n01[label = "FarthestNeighbor"];
n0 -> n01;
n -> n0;
n1[label = "If_Then_Else"];
n10[label = "Equal"];
n100[label = "NearestFirstNode"];
n10 -> n100;
n101[label = "Equal"];
n1010[label = "NearestFirstNode"];
n101 -> n1010;
n1011[label = "FarthestNeighbor"];
n101 -> n1011;
n10 -> n101;
n1 -> n10;
n11[label = "If_Then"];
n110[label = "Equal"];
n1100[label = "NearestFirstNode"];
n110 -> n1100;
n1101[label = "FarthestNeighbor"];
n110 -> n1101;
n11 -> n110;
n111[label = "Equal"];
n1110[label = "NearestInsertion"];
n111 -> n1110;
n1111[label = "FarthestNeighbor"];
n111 -> n1111;
n11 -> n111;
n1 -> n11;
n12[label = "FarthestFirstNode"];
n1 -> n12;
n -> n1;
}


Generation: 49
Best Individual:
Subpopulation 0:
Evaluated: true
Fitness: Standardized=0.26227748 Adjusted=0.79221886 Hits=0
Tree 0:
digraph g {
node [shape=rectangle];
n[label = "If_Then"];
n0[label = "Equal"];
n00[label = "NearestFirstNode"];
n0 -> n00;
n01[label = "FarthestNeighbor"];
n0 -> n01;
n -> n0;
n1[label = "If_Then_Else"];
n10[label = "Equal"];
n100[label = "NearestFirstNode"];
n10 -> n100;
n101[label = "Equal"];
n1010[label = "NearestFirstNode"];
n101 -> n1010;
n1011[label = "FarthestNeighbor"];
n101 -> n1011;
n10 -> n101;
n1 -> n10;
n11[label = "If_Then"];
n110[label = "Equal"];
n1100[label = "NearestFirstNode"];
n110 -> n1100;
n1101[label = "FarthestNeighbor"];
n110 -> n1101;
n11 -> n110;
n111[label = "Equal"];
n1110[label = "NearestInsertion"];
n111 -> n1110;
n1111[label = "FarthestNeighbor"];
n111 -> n1111;
n11 -> n111;
n1 -> n11;
n12[label = "Equal"];
n120[label = "NearestFirstNode"];
n12 -> n120;
n121[label = "FarthestNeighbor"];
n12 -> n121;
n1 -> n12;
n -> n1;
}


Generation: 50
Best Individual:
Subpopulation 0:
Evaluated: true
Fitness: Standardized=0.26227748 Adjusted=0.79221886 Hits=0
Tree 0:
digraph g {
node [shape=rectangle];
n[label = "If_Then"];
n0[label = "Equal"];
n00[label = "NearestFirstNode"];
n0 -> n00;
n01[label = "FarthestNeighbor"];
n0 -> n01;
n -> n0;
n1[label = "If_Then_Else"];
n10[label = "Equal"];
n100[label = "NearestFirstNode"];
n10 -> n100;
n101[label = "Equal"];
n1010[label = "NearestFirstNode"];
n101 -> n1010;
n1011[label = "FarthestNeighbor"];
n101 -> n1011;
n10 -> n101;
n1 -> n10;
n11[label = "If_Then"];
n110[label = "Equal"];
n1100[label = "NearestFirstNode"];
n110 -> n1100;
n1101[label = "FarthestNeighbor"];
n110 -> n1101;
n11 -> n110;
n111[label = "Equal"];
n1110[label = "NearestInsertion"];
n111 -> n1110;
n1111[label = "FarthestNeighbor"];
n111 -> n1111;
n11 -> n111;
n1 -> n11;
n12[label = "Equal"];
n120[label = "NearestFirstNode"];
n12 -> n120;
n121[label = "FarthestNeighbor"];
n12 -> n121;
n1 -> n12;
n -> n1;
}


Generation: 51
Best Individual:
Subpopulation 0:
Evaluated: true
Fitness: Standardized=0.26227748 Adjusted=0.79221886 Hits=0
Tree 0:
digraph g {
node [shape=rectangle];
n[label = "If_Then"];
n0[label = "Equal"];
n00[label = "NearestFirstNode"];
n0 -> n00;
n01[label = "FarthestNeighbor"];
n0 -> n01;
n -> n0;
n1[label = "If_Then_Else"];
n10[label = "Equal"];
n100[label = "NearestFirstNode"];
n10 -> n100;
n101[label = "Equal"];
n1010[label = "NearestFirstNode"];
n101 -> n1010;
n1011[label = "FarthestNeighbor"];
n101 -> n1011;
n10 -> n101;
n1 -> n10;
n11[label = "If_Then"];
n110[label = "Equal"];
n1100[label = "NearestFirstNode"];
n110 -> n1100;
n1101[label = "FarthestNeighbor"];
n110 -> n1101;
n11 -> n110;
n111[label = "Equal"];
n1110[label = "NearestInsertion"];
n111 -> n1110;
n1111[label = "FarthestNeighbor"];
n111 -> n1111;
n11 -> n111;
n1 -> n11;
n12[label = "FarthestFirstNode"];
n1 -> n12;
n -> n1;
}


Generation: 52
Best Individual:
Subpopulation 0:
Evaluated: true
Fitness: Standardized=0.26227748 Adjusted=0.79221886 Hits=0
Tree 0:
digraph g {
node [shape=rectangle];
n[label = "If_Then"];
n0[label = "Equal"];
n00[label = "NearestFirstNode"];
n0 -> n00;
n01[label = "FarthestNeighbor"];
n0 -> n01;
n -> n0;
n1[label = "If_Then_Else"];
n10[label = "Equal"];
n100[label = "NearestFirstNode"];
n10 -> n100;
n101[label = "Equal"];
n1010[label = "NearestFirstNode"];
n101 -> n1010;
n1011[label = "FarthestNeighbor"];
n101 -> n1011;
n10 -> n101;
n1 -> n10;
n11[label = "If_Then"];
n110[label = "Equal"];
n1100[label = "NearestFirstNode"];
n110 -> n1100;
n1101[label = "FarthestNeighbor"];
n110 -> n1101;
n11 -> n110;
n111[label = "Equal"];
n1110[label = "NearestInsertion"];
n111 -> n1110;
n1111[label = "FarthestNeighbor"];
n111 -> n1111;
n11 -> n111;
n1 -> n11;
n12[label = "Equal"];
n120[label = "NearestFirstNode"];
n12 -> n120;
n121[label = "Equal"];
n1210[label = "NearestInsertion"];
n121 -> n1210;
n1211[label = "FarthestNeighbor"];
n121 -> n1211;
n12 -> n121;
n1 -> n12;
n -> n1;
}


Generation: 53
Best Individual:
Subpopulation 0:
Evaluated: true
Fitness: Standardized=0.26081136 Adjusted=0.79314005 Hits=0
Tree 0:
digraph g {
node [shape=rectangle];
n[label = "If_Then"];
n0[label = "Equal"];
n00[label = "NearestFirstNode"];
n0 -> n00;
n01[label = "Equal"];
n010[label = "NearestFirstNode"];
n01 -> n010;
n011[label = "FarthestNeighbor"];
n01 -> n011;
n0 -> n01;
n -> n0;
n1[label = "If_Then_Else"];
n10[label = "Equal"];
n100[label = "NearestFirstNode"];
n10 -> n100;
n101[label = "Equal"];
n1010[label = "NearestFirstNode"];
n101 -> n1010;
n1011[label = "FarthestNeighbor"];
n101 -> n1011;
n10 -> n101;
n1 -> n10;
n11[label = "If_Then"];
n110[label = "Equal"];
n1100[label = "NearestFirstNode"];
n110 -> n1100;
n1101[label = "FarthestNeighbor"];
n110 -> n1101;
n11 -> n110;
n111[label = "Equal"];
n1110[label = "NearestInsertion"];
n111 -> n1110;
n1111[label = "FarthestNeighbor"];
n111 -> n1111;
n11 -> n111;
n1 -> n11;
n12[label = "FarthestFirstNode"];
n1 -> n12;
n -> n1;
}


Generation: 54
Best Individual:
Subpopulation 0:
Evaluated: true
Fitness: Standardized=0.26081136 Adjusted=0.79314005 Hits=0
Tree 0:
digraph g {
node [shape=rectangle];
n[label = "If_Then"];
n0[label = "Equal"];
n00[label = "NearestFirstNode"];
n0 -> n00;
n01[label = "Equal"];
n010[label = "NearestFirstNode"];
n01 -> n010;
n011[label = "FarthestNeighbor"];
n01 -> n011;
n0 -> n01;
n -> n0;
n1[label = "If_Then_Else"];
n10[label = "Equal"];
n100[label = "NearestFirstNode"];
n10 -> n100;
n101[label = "Equal"];
n1010[label = "NearestFirstNode"];
n101 -> n1010;
n1011[label = "FarthestNeighbor"];
n101 -> n1011;
n10 -> n101;
n1 -> n10;
n11[label = "If_Then"];
n110[label = "Equal"];
n1100[label = "NearestFirstNode"];
n110 -> n1100;
n1101[label = "FarthestNeighbor"];
n110 -> n1101;
n11 -> n110;
n111[label = "Equal"];
n1110[label = "NearestInsertion"];
n111 -> n1110;
n1111[label = "FarthestNeighbor"];
n111 -> n1111;
n11 -> n111;
n1 -> n11;
n12[label = "FarthestFirstNode"];
n1 -> n12;
n -> n1;
}


Generation: 55
Best Individual:
Subpopulation 0:
Evaluated: true
Fitness: Standardized=0.26081136 Adjusted=0.79314005 Hits=0
Tree 0:
digraph g {
node [shape=rectangle];
n[label = "If_Then"];
n0[label = "Equal"];
n00[label = "NearestFirstNode"];
n0 -> n00;
n01[label = "Equal"];
n010[label = "NearestFirstNode"];
n01 -> n010;
n011[label = "FarthestNeighbor"];
n01 -> n011;
n0 -> n01;
n -> n0;
n1[label = "If_Then_Else"];
n10[label = "Equal"];
n100[label = "NearestFirstNode"];
n10 -> n100;
n101[label = "Equal"];
n1010[label = "NearestFirstNode"];
n101 -> n1010;
n1011[label = "FarthestNeighbor"];
n101 -> n1011;
n10 -> n101;
n1 -> n10;
n11[label = "If_Then"];
n110[label = "Equal"];
n1100[label = "NearestFirstNode"];
n110 -> n1100;
n1101[label = "FarthestNeighbor"];
n110 -> n1101;
n11 -> n110;
n111[label = "Equal"];
n1110[label = "NearestInsertion"];
n111 -> n1110;
n1111[label = "FarthestNeighbor"];
n111 -> n1111;
n11 -> n111;
n1 -> n11;
n12[label = "FarthestFirstNode"];
n1 -> n12;
n -> n1;
}


Generation: 56
Best Individual:
Subpopulation 0:
Evaluated: true
Fitness: Standardized=0.26081136 Adjusted=0.79314005 Hits=0
Tree 0:
digraph g {
node [shape=rectangle];
n[label = "If_Then"];
n0[label = "Equal"];
n00[label = "NearestFirstNode"];
n0 -> n00;
n01[label = "Equal"];
n010[label = "NearestFirstNode"];
n01 -> n010;
n011[label = "FarthestNeighbor"];
n01 -> n011;
n0 -> n01;
n -> n0;
n1[label = "If_Then_Else"];
n10[label = "Equal"];
n100[label = "NearestFirstNode"];
n10 -> n100;
n101[label = "Equal"];
n1010[label = "NearestFirstNode"];
n101 -> n1010;
n1011[label = "FarthestNeighbor"];
n101 -> n1011;
n10 -> n101;
n1 -> n10;
n11[label = "If_Then"];
n110[label = "Equal"];
n1100[label = "NearestFirstNode"];
n110 -> n1100;
n1101[label = "FarthestNeighbor"];
n110 -> n1101;
n11 -> n110;
n111[label = "Equal"];
n1110[label = "NearestInsertion"];
n111 -> n1110;
n1111[label = "FarthestNeighbor"];
n111 -> n1111;
n11 -> n111;
n1 -> n11;
n12[label = "FarthestFirstNode"];
n1 -> n12;
n -> n1;
}


Generation: 57
Best Individual:
Subpopulation 0:
Evaluated: true
Fitness: Standardized=0.26043978 Adjusted=0.7933739 Hits=0
Tree 0:
digraph g {
node [shape=rectangle];
n[label = "If_Then"];
n0[label = "Equal"];
n00[label = "NearestFirstNode"];
n0 -> n00;
n01[label = "Equal"];
n010[label = "NearestFirstNode"];
n01 -> n010;
n011[label = "FarthestNeighbor"];
n01 -> n011;
n0 -> n01;
n -> n0;
n1[label = "If_Then_Else"];
n10[label = "Equal"];
n100[label = "NearestFirstNode"];
n10 -> n100;
n101[label = "Equal"];
n1010[label = "NearestFirstNode"];
n101 -> n1010;
n1011[label = "FarthestNeighbor"];
n101 -> n1011;
n10 -> n101;
n1 -> n10;
n11[label = "If_Then"];
n110[label = "Equal"];
n1100[label = "NearestFirstNode"];
n110 -> n1100;
n1101[label = "FarthestNeighbor"];
n110 -> n1101;
n11 -> n110;
n111[label = "Equal"];
n1110[label = "NearestFirstNode"];
n111 -> n1110;
n1111[label = "FarthestNeighbor"];
n111 -> n1111;
n11 -> n111;
n1 -> n11;
n12[label = "FarthestFirstNode"];
n1 -> n12;
n -> n1;
}


Generation: 58
Best Individual:
Subpopulation 0:
Evaluated: true
Fitness: Standardized=0.25698057 Adjusted=0.79555726 Hits=0
Tree 0:
digraph g {
node [shape=rectangle];
n[label = "If_Then"];
n0[label = "Equal"];
n00[label = "NearestFirstNode"];
n0 -> n00;
n01[label = "Equal"];
n010[label = "NearestFirstNode"];
n01 -> n010;
n011[label = "Equal"];
n0110[label = "NearestFirstNode"];
n011 -> n0110;
n0111[label = "FarthestNeighbor"];
n011 -> n0111;
n01 -> n011;
n0 -> n01;
n -> n0;
n1[label = "If_Then_Else"];
n10[label = "Equal"];
n100[label = "NearestFirstNode"];
n10 -> n100;
n101[label = "Equal"];
n1010[label = "NearestFirstNode"];
n101 -> n1010;
n1011[label = "FarthestNeighbor"];
n101 -> n1011;
n10 -> n101;
n1 -> n10;
n11[label = "If_Then"];
n110[label = "Equal"];
n1100[label = "NearestFirstNode"];
n110 -> n1100;
n1101[label = "FarthestNeighbor"];
n110 -> n1101;
n11 -> n110;
n111[label = "Equal"];
n1110[label = "NearestFirstNode"];
n111 -> n1110;
n1111[label = "FarthestNeighbor"];
n111 -> n1111;
n11 -> n111;
n1 -> n11;
n12[label = "FarthestFirstNode"];
n1 -> n12;
n -> n1;
}


Generation: 59
Best Individual:
Subpopulation 0:
Evaluated: true
Fitness: Standardized=0.25698057 Adjusted=0.79555726 Hits=0
Tree 0:
digraph g {
node [shape=rectangle];
n[label = "If_Then"];
n0[label = "Equal"];
n00[label = "NearestFirstNode"];
n0 -> n00;
n01[label = "Equal"];
n010[label = "NearestFirstNode"];
n01 -> n010;
n011[label = "Equal"];
n0110[label = "NearestFirstNode"];
n011 -> n0110;
n0111[label = "FarthestNeighbor"];
n011 -> n0111;
n01 -> n011;
n0 -> n01;
n -> n0;
n1[label = "If_Then_Else"];
n10[label = "Equal"];
n100[label = "NearestFirstNode"];
n10 -> n100;
n101[label = "Equal"];
n1010[label = "NearestFirstNode"];
n101 -> n1010;
n1011[label = "FarthestNeighbor"];
n101 -> n1011;
n10 -> n101;
n1 -> n10;
n11[label = "If_Then"];
n110[label = "Equal"];
n1100[label = "NearestFirstNode"];
n110 -> n1100;
n1101[label = "FarthestNeighbor"];
n110 -> n1101;
n11 -> n110;
n111[label = "Equal"];
n1110[label = "NearestFirstNode"];
n111 -> n1110;
n1111[label = "FarthestNeighbor"];
n111 -> n1111;
n11 -> n111;
n1 -> n11;
n12[label = "FarthestFirstNode"];
n1 -> n12;
n -> n1;
}


Generation: 60
Best Individual:
Subpopulation 0:
Evaluated: true
Fitness: Standardized=0.25698057 Adjusted=0.79555726 Hits=0
Tree 0:
digraph g {
node [shape=rectangle];
n[label = "If_Then"];
n0[label = "Equal"];
n00[label = "NearestFirstNode"];
n0 -> n00;
n01[label = "Equal"];
n010[label = "NearestFirstNode"];
n01 -> n010;
n011[label = "Equal"];
n0110[label = "NearestFirstNode"];
n011 -> n0110;
n0111[label = "FarthestNeighbor"];
n011 -> n0111;
n01 -> n011;
n0 -> n01;
n -> n0;
n1[label = "If_Then_Else"];
n10[label = "Equal"];
n100[label = "NearestFirstNode"];
n10 -> n100;
n101[label = "Equal"];
n1010[label = "NearestFirstNode"];
n101 -> n1010;
n1011[label = "FarthestNeighbor"];
n101 -> n1011;
n10 -> n101;
n1 -> n10;
n11[label = "If_Then"];
n110[label = "Equal"];
n1100[label = "NearestFirstNode"];
n110 -> n1100;
n1101[label = "FarthestNeighbor"];
n110 -> n1101;
n11 -> n110;
n111[label = "Equal"];
n1110[label = "NearestFirstNode"];
n111 -> n1110;
n1111[label = "FarthestNeighbor"];
n111 -> n1111;
n11 -> n111;
n1 -> n11;
n12[label = "FarthestFirstNode"];
n1 -> n12;
n -> n1;
}


Generation: 61
Best Individual:
Subpopulation 0:
Evaluated: true
Fitness: Standardized=0.25698057 Adjusted=0.79555726 Hits=0
Tree 0:
digraph g {
node [shape=rectangle];
n[label = "If_Then"];
n0[label = "Equal"];
n00[label = "NearestFirstNode"];
n0 -> n00;
n01[label = "Equal"];
n010[label = "NearestFirstNode"];
n01 -> n010;
n011[label = "Equal"];
n0110[label = "NearestFirstNode"];
n011 -> n0110;
n0111[label = "FarthestNeighbor"];
n011 -> n0111;
n01 -> n011;
n0 -> n01;
n -> n0;
n1[label = "If_Then_Else"];
n10[label = "Equal"];
n100[label = "NearestFirstNode"];
n10 -> n100;
n101[label = "Equal"];
n1010[label = "NearestFirstNode"];
n101 -> n1010;
n1011[label = "FarthestNeighbor"];
n101 -> n1011;
n10 -> n101;
n1 -> n10;
n11[label = "If_Then"];
n110[label = "Equal"];
n1100[label = "NearestFirstNode"];
n110 -> n1100;
n1101[label = "FarthestNeighbor"];
n110 -> n1101;
n11 -> n110;
n111[label = "Equal"];
n1110[label = "NearestFirstNode"];
n111 -> n1110;
n1111[label = "FarthestNeighbor"];
n111 -> n1111;
n11 -> n111;
n1 -> n11;
n12[label = "FarthestFirstNode"];
n1 -> n12;
n -> n1;
}


Generation: 62
Best Individual:
Subpopulation 0:
Evaluated: true
Fitness: Standardized=0.25698057 Adjusted=0.79555726 Hits=0
Tree 0:
digraph g {
node [shape=rectangle];
n[label = "If_Then"];
n0[label = "Equal"];
n00[label = "NearestFirstNode"];
n0 -> n00;
n01[label = "Equal"];
n010[label = "NearestFirstNode"];
n01 -> n010;
n011[label = "Equal"];
n0110[label = "NearestFirstNode"];
n011 -> n0110;
n0111[label = "FarthestNeighbor"];
n011 -> n0111;
n01 -> n011;
n0 -> n01;
n -> n0;
n1[label = "If_Then_Else"];
n10[label = "Equal"];
n100[label = "NearestFirstNode"];
n10 -> n100;
n101[label = "Equal"];
n1010[label = "NearestFirstNode"];
n101 -> n1010;
n1011[label = "FarthestNeighbor"];
n101 -> n1011;
n10 -> n101;
n1 -> n10;
n11[label = "If_Then"];
n110[label = "Equal"];
n1100[label = "NearestFirstNode"];
n110 -> n1100;
n1101[label = "FarthestNeighbor"];
n110 -> n1101;
n11 -> n110;
n111[label = "If_Then"];
n1110[label = "NearestFirstNode"];
n111 -> n1110;
n1111[label = "FarthestNeighbor"];
n111 -> n1111;
n11 -> n111;
n1 -> n11;
n12[label = "FarthestFirstNode"];
n1 -> n12;
n -> n1;
}


Generation: 63
Best Individual:
Subpopulation 0:
Evaluated: true
Fitness: Standardized=0.25698057 Adjusted=0.79555726 Hits=0
Tree 0:
digraph g {
node [shape=rectangle];
n[label = "If_Then"];
n0[label = "Equal"];
n00[label = "NearestFirstNode"];
n0 -> n00;
n01[label = "Equal"];
n010[label = "NearestFirstNode"];
n01 -> n010;
n011[label = "Equal"];
n0110[label = "NearestFirstNode"];
n011 -> n0110;
n0111[label = "FarthestNeighbor"];
n011 -> n0111;
n01 -> n011;
n0 -> n01;
n -> n0;
n1[label = "If_Then_Else"];
n10[label = "Equal"];
n100[label = "NearestFirstNode"];
n10 -> n100;
n101[label = "Equal"];
n1010[label = "NearestFirstNode"];
n101 -> n1010;
n1011[label = "FarthestNeighbor"];
n101 -> n1011;
n10 -> n101;
n1 -> n10;
n11[label = "If_Then"];
n110[label = "Equal"];
n1100[label = "NearestFirstNode"];
n110 -> n1100;
n1101[label = "FarthestNeighbor"];
n110 -> n1101;
n11 -> n110;
n111[label = "If_Then"];
n1110[label = "NearestFirstNode"];
n111 -> n1110;
n1111[label = "FarthestNeighbor"];
n111 -> n1111;
n11 -> n111;
n1 -> n11;
n12[label = "FarthestFirstNode"];
n1 -> n12;
n -> n1;
}


Generation: 64
Best Individual:
Subpopulation 0:
Evaluated: true
Fitness: Standardized=0.25698057 Adjusted=0.79555726 Hits=0
Tree 0:
digraph g {
node [shape=rectangle];
n[label = "If_Then"];
n0[label = "Equal"];
n00[label = "NearestFirstNode"];
n0 -> n00;
n01[label = "Equal"];
n010[label = "NearestFirstNode"];
n01 -> n010;
n011[label = "Equal"];
n0110[label = "NearestFirstNode"];
n011 -> n0110;
n0111[label = "FarthestNeighbor"];
n011 -> n0111;
n01 -> n011;
n0 -> n01;
n -> n0;
n1[label = "If_Then_Else"];
n10[label = "Equal"];
n100[label = "NearestFirstNode"];
n10 -> n100;
n101[label = "Equal"];
n1010[label = "NearestFirstNode"];
n101 -> n1010;
n1011[label = "FarthestNeighbor"];
n101 -> n1011;
n10 -> n101;
n1 -> n10;
n11[label = "If_Then"];
n110[label = "Equal"];
n1100[label = "NearestFirstNode"];
n110 -> n1100;
n1101[label = "FarthestNeighbor"];
n110 -> n1101;
n11 -> n110;
n111[label = "Equal"];
n1110[label = "NearestFirstNode"];
n111 -> n1110;
n1111[label = "FarthestNeighbor"];
n111 -> n1111;
n11 -> n111;
n1 -> n11;
n12[label = "FarthestFirstNode"];
n1 -> n12;
n -> n1;
}


Generation: 65
Best Individual:
Subpopulation 0:
Evaluated: true
Fitness: Standardized=0.25698057 Adjusted=0.79555726 Hits=0
Tree 0:
digraph g {
node [shape=rectangle];
n[label = "If_Then"];
n0[label = "Equal"];
n00[label = "NearestFirstNode"];
n0 -> n00;
n01[label = "Equal"];
n010[label = "NearestFirstNode"];
n01 -> n010;
n011[label = "Equal"];
n0110[label = "NearestFirstNode"];
n011 -> n0110;
n0111[label = "FarthestNeighbor"];
n011 -> n0111;
n01 -> n011;
n0 -> n01;
n -> n0;
n1[label = "If_Then_Else"];
n10[label = "Equal"];
n100[label = "NearestFirstNode"];
n10 -> n100;
n101[label = "Equal"];
n1010[label = "NearestFirstNode"];
n101 -> n1010;
n1011[label = "FarthestNeighbor"];
n101 -> n1011;
n10 -> n101;
n1 -> n10;
n11[label = "If_Then"];
n110[label = "Equal"];
n1100[label = "NearestFirstNode"];
n110 -> n1100;
n1101[label = "FarthestNeighbor"];
n110 -> n1101;
n11 -> n110;
n111[label = "Equal"];
n1110[label = "NearestFirstNode"];
n111 -> n1110;
n1111[label = "FarthestNeighbor"];
n111 -> n1111;
n11 -> n111;
n1 -> n11;
n12[label = "FarthestFirstNode"];
n1 -> n12;
n -> n1;
}


Generation: 66
Best Individual:
Subpopulation 0:
Evaluated: true
Fitness: Standardized=0.25698057 Adjusted=0.79555726 Hits=0
Tree 0:
digraph g {
node [shape=rectangle];
n[label = "If_Then"];
n0[label = "Equal"];
n00[label = "NearestFirstNode"];
n0 -> n00;
n01[label = "Equal"];
n010[label = "NearestFirstNode"];
n01 -> n010;
n011[label = "Equal"];
n0110[label = "NearestFirstNode"];
n011 -> n0110;
n0111[label = "FarthestNeighbor"];
n011 -> n0111;
n01 -> n011;
n0 -> n01;
n -> n0;
n1[label = "If_Then_Else"];
n10[label = "Equal"];
n100[label = "NearestFirstNode"];
n10 -> n100;
n101[label = "Equal"];
n1010[label = "NearestFirstNode"];
n101 -> n1010;
n1011[label = "FarthestNeighbor"];
n101 -> n1011;
n10 -> n101;
n1 -> n10;
n11[label = "If_Then"];
n110[label = "Equal"];
n1100[label = "NearestFirstNode"];
n110 -> n1100;
n1101[label = "FarthestNeighbor"];
n110 -> n1101;
n11 -> n110;
n111[label = "If_Then"];
n1110[label = "NearestFirstNode"];
n111 -> n1110;
n1111[label = "FarthestNeighbor"];
n111 -> n1111;
n11 -> n111;
n1 -> n11;
n12[label = "FarthestFirstNode"];
n1 -> n12;
n -> n1;
}


Generation: 67
Best Individual:
Subpopulation 0:
Evaluated: true
Fitness: Standardized=0.25698057 Adjusted=0.79555726 Hits=0
Tree 0:
digraph g {
node [shape=rectangle];
n[label = "If_Then"];
n0[label = "Equal"];
n00[label = "NearestFirstNode"];
n0 -> n00;
n01[label = "Equal"];
n010[label = "NearestFirstNode"];
n01 -> n010;
n011[label = "Equal"];
n0110[label = "NearestFirstNode"];
n011 -> n0110;
n0111[label = "FarthestNeighbor"];
n011 -> n0111;
n01 -> n011;
n0 -> n01;
n -> n0;
n1[label = "If_Then_Else"];
n10[label = "Equal"];
n100[label = "NearestFirstNode"];
n10 -> n100;
n101[label = "Equal"];
n1010[label = "NearestFirstNode"];
n101 -> n1010;
n1011[label = "FarthestNeighbor"];
n101 -> n1011;
n10 -> n101;
n1 -> n10;
n11[label = "If_Then"];
n110[label = "Equal"];
n1100[label = "NearestFirstNode"];
n110 -> n1100;
n1101[label = "FarthestNeighbor"];
n110 -> n1101;
n11 -> n110;
n111[label = "Equal"];
n1110[label = "NearestFirstNode"];
n111 -> n1110;
n1111[label = "FarthestNeighbor"];
n111 -> n1111;
n11 -> n111;
n1 -> n11;
n12[label = "FarthestFirstNode"];
n1 -> n12;
n -> n1;
}


Generation: 68
Best Individual:
Subpopulation 0:
Evaluated: true
Fitness: Standardized=0.25698057 Adjusted=0.79555726 Hits=0
Tree 0:
digraph g {
node [shape=rectangle];
n[label = "If_Then"];
n0[label = "Equal"];
n00[label = "NearestFirstNode"];
n0 -> n00;
n01[label = "Equal"];
n010[label = "NearestFirstNode"];
n01 -> n010;
n011[label = "Equal"];
n0110[label = "NearestFirstNode"];
n011 -> n0110;
n0111[label = "FarthestNeighbor"];
n011 -> n0111;
n01 -> n011;
n0 -> n01;
n -> n0;
n1[label = "If_Then_Else"];
n10[label = "Equal"];
n100[label = "NearestFirstNode"];
n10 -> n100;
n101[label = "Equal"];
n1010[label = "NearestFirstNode"];
n101 -> n1010;
n1011[label = "FarthestNeighbor"];
n101 -> n1011;
n10 -> n101;
n1 -> n10;
n11[label = "If_Then"];
n110[label = "Equal"];
n1100[label = "NearestFirstNode"];
n110 -> n1100;
n1101[label = "FarthestNeighbor"];
n110 -> n1101;
n11 -> n110;
n111[label = "Equal"];
n1110[label = "NearestFirstNode"];
n111 -> n1110;
n1111[label = "FarthestNeighbor"];
n111 -> n1111;
n11 -> n111;
n1 -> n11;
n12[label = "FarthestFirstNode"];
n1 -> n12;
n -> n1;
}


Generation: 69
Best Individual:
Subpopulation 0:
Evaluated: true
Fitness: Standardized=0.25698057 Adjusted=0.79555726 Hits=0
Tree 0:
digraph g {
node [shape=rectangle];
n[label = "If_Then"];
n0[label = "Equal"];
n00[label = "NearestFirstNode"];
n0 -> n00;
n01[label = "Equal"];
n010[label = "NearestFirstNode"];
n01 -> n010;
n011[label = "Equal"];
n0110[label = "NearestFirstNode"];
n011 -> n0110;
n0111[label = "FarthestNeighbor"];
n011 -> n0111;
n01 -> n011;
n0 -> n01;
n -> n0;
n1[label = "If_Then_Else"];
n10[label = "Equal"];
n100[label = "NearestFirstNode"];
n10 -> n100;
n101[label = "Equal"];
n1010[label = "NearestFirstNode"];
n101 -> n1010;
n1011[label = "FarthestNeighbor"];
n101 -> n1011;
n10 -> n101;
n1 -> n10;
n11[label = "If_Then"];
n110[label = "Equal"];
n1100[label = "NearestFirstNode"];
n110 -> n1100;
n1101[label = "FarthestNeighbor"];
n110 -> n1101;
n11 -> n110;
n111[label = "Equal"];
n1110[label = "NearestFirstNode"];
n111 -> n1110;
n1111[label = "FarthestNeighbor"];
n111 -> n1111;
n11 -> n111;
n1 -> n11;
n12[label = "FarthestFirstNode"];
n1 -> n12;
n -> n1;
}


Generation: 70
Best Individual:
Subpopulation 0:
Evaluated: true
Fitness: Standardized=0.25698057 Adjusted=0.79555726 Hits=0
Tree 0:
digraph g {
node [shape=rectangle];
n[label = "If_Then"];
n0[label = "Equal"];
n00[label = "NearestFirstNode"];
n0 -> n00;
n01[label = "And"];
n010[label = "NearestFirstNode"];
n01 -> n010;
n011[label = "Equal"];
n0110[label = "NearestFirstNode"];
n011 -> n0110;
n0111[label = "FarthestNeighbor"];
n011 -> n0111;
n01 -> n011;
n0 -> n01;
n -> n0;
n1[label = "If_Then_Else"];
n10[label = "Equal"];
n100[label = "NearestFirstNode"];
n10 -> n100;
n101[label = "Equal"];
n1010[label = "NearestFirstNode"];
n101 -> n1010;
n1011[label = "FarthestNeighbor"];
n101 -> n1011;
n10 -> n101;
n1 -> n10;
n11[label = "If_Then"];
n110[label = "Equal"];
n1100[label = "NearestFirstNode"];
n110 -> n1100;
n1101[label = "FarthestNeighbor"];
n110 -> n1101;
n11 -> n110;
n111[label = "Equal"];
n1110[label = "NearestFirstNode"];
n111 -> n1110;
n1111[label = "FarthestNeighbor"];
n111 -> n1111;
n11 -> n111;
n1 -> n11;
n12[label = "FarthestFirstNode"];
n1 -> n12;
n -> n1;
}


Generation: 71
Best Individual:
Subpopulation 0:
Evaluated: true
Fitness: Standardized=0.2568749 Adjusted=0.79562414 Hits=0
Tree 0:
digraph g {
node [shape=rectangle];
n[label = "If_Then"];
n0[label = "Equal"];
n00[label = "NearestFirstNode"];
n0 -> n00;
n01[label = "Equal"];
n010[label = "NearestFirstNode"];
n01 -> n010;
n011[label = "Equal"];
n0110[label = "NearestFirstNode"];
n011 -> n0110;
n0111[label = "FarthestNeighbor"];
n011 -> n0111;
n01 -> n011;
n0 -> n01;
n -> n0;
n1[label = "If_Then_Else"];
n10[label = "Equal"];
n100[label = "NearestFirstNode"];
n10 -> n100;
n101[label = "Equal"];
n1010[label = "NearestFirstNode"];
n101 -> n1010;
n1011[label = "FarthestNeighbor"];
n101 -> n1011;
n10 -> n101;
n1 -> n10;
n11[label = "If_Then"];
n110[label = "Equal"];
n1100[label = "NearestInsertion"];
n110 -> n1100;
n1101[label = "FarthestNeighbor"];
n110 -> n1101;
n11 -> n110;
n111[label = "Equal"];
n1110[label = "NearestFirstNode"];
n111 -> n1110;
n1111[label = "FarthestNeighbor"];
n111 -> n1111;
n11 -> n111;
n1 -> n11;
n12[label = "FarthestFirstNode"];
n1 -> n12;
n -> n1;
}


Generation: 72
Best Individual:
Subpopulation 0:
Evaluated: true
Fitness: Standardized=0.24981922 Adjusted=0.8001157 Hits=0
Tree 0:
digraph g {
node [shape=rectangle];
n[label = "If_Then"];
n0[label = "Equal"];
n00[label = "NearestFirstNode"];
n0 -> n00;
n01[label = "Equal"];
n010[label = "NearestFirstNode"];
n01 -> n010;
n011[label = "Equal"];
n0110[label = "NearestFirstNode"];
n011 -> n0110;
n0111[label = "NearestFirstNode"];
n011 -> n0111;
n01 -> n011;
n0 -> n01;
n -> n0;
n1[label = "If_Then_Else"];
n10[label = "Equal"];
n100[label = "NearestFirstNode"];
n10 -> n100;
n101[label = "Equal"];
n1010[label = "NearestFirstNode"];
n101 -> n1010;
n1011[label = "FarthestNeighbor"];
n101 -> n1011;
n10 -> n101;
n1 -> n10;
n11[label = "If_Then"];
n110[label = "Equal"];
n1100[label = "NearestFirstNode"];
n110 -> n1100;
n1101[label = "FarthestNeighbor"];
n110 -> n1101;
n11 -> n110;
n111[label = "Equal"];
n1110[label = "NearestFirstNode"];
n111 -> n1110;
n1111[label = "FarthestNeighbor"];
n111 -> n1111;
n11 -> n111;
n1 -> n11;
n12[label = "FarthestFirstNode"];
n1 -> n12;
n -> n1;
}


Generation: 73
Best Individual:
Subpopulation 0:
Evaluated: true
Fitness: Standardized=0.24981922 Adjusted=0.8001157 Hits=0
Tree 0:
digraph g {
node [shape=rectangle];
n[label = "If_Then"];
n0[label = "Equal"];
n00[label = "NearestFirstNode"];
n0 -> n00;
n01[label = "Equal"];
n010[label = "NearestFirstNode"];
n01 -> n010;
n011[label = "Equal"];
n0110[label = "NearestFirstNode"];
n011 -> n0110;
n0111[label = "NearestFirstNode"];
n011 -> n0111;
n01 -> n011;
n0 -> n01;
n -> n0;
n1[label = "If_Then_Else"];
n10[label = "Equal"];
n100[label = "NearestFirstNode"];
n10 -> n100;
n101[label = "Equal"];
n1010[label = "NearestFirstNode"];
n101 -> n1010;
n1011[label = "FarthestNeighbor"];
n101 -> n1011;
n10 -> n101;
n1 -> n10;
n11[label = "If_Then"];
n110[label = "Equal"];
n1100[label = "NearestFirstNode"];
n110 -> n1100;
n1101[label = "FarthestNeighbor"];
n110 -> n1101;
n11 -> n110;
n111[label = "Equal"];
n1110[label = "NearestFirstNode"];
n111 -> n1110;
n1111[label = "FarthestNeighbor"];
n111 -> n1111;
n11 -> n111;
n1 -> n11;
n12[label = "FarthestFirstNode"];
n1 -> n12;
n -> n1;
}


Generation: 74
Best Individual:
Subpopulation 0:
Evaluated: true
Fitness: Standardized=0.24981922 Adjusted=0.8001157 Hits=0
Tree 0:
digraph g {
node [shape=rectangle];
n[label = "If_Then"];
n0[label = "Equal"];
n00[label = "NearestFirstNode"];
n0 -> n00;
n01[label = "Equal"];
n010[label = "NearestFirstNode"];
n01 -> n010;
n011[label = "Equal"];
n0110[label = "NearestFirstNode"];
n011 -> n0110;
n0111[label = "NearestFirstNode"];
n011 -> n0111;
n01 -> n011;
n0 -> n01;
n -> n0;
n1[label = "If_Then_Else"];
n10[label = "Equal"];
n100[label = "NearestFirstNode"];
n10 -> n100;
n101[label = "Equal"];
n1010[label = "NearestFirstNode"];
n101 -> n1010;
n1011[label = "FarthestNeighbor"];
n101 -> n1011;
n10 -> n101;
n1 -> n10;
n11[label = "If_Then"];
n110[label = "Equal"];
n1100[label = "NearestFirstNode"];
n110 -> n1100;
n1101[label = "FarthestNeighbor"];
n110 -> n1101;
n11 -> n110;
n111[label = "Equal"];
n1110[label = "NearestFirstNode"];
n111 -> n1110;
n1111[label = "FarthestNeighbor"];
n111 -> n1111;
n11 -> n111;
n1 -> n11;
n12[label = "FarthestFirstNode"];
n1 -> n12;
n -> n1;
}


Generation: 75
Best Individual:
Subpopulation 0:
Evaluated: true
Fitness: Standardized=0.24981922 Adjusted=0.8001157 Hits=0
Tree 0:
digraph g {
node [shape=rectangle];
n[label = "If_Then"];
n0[label = "Equal"];
n00[label = "NearestFirstNode"];
n0 -> n00;
n01[label = "Equal"];
n010[label = "NearestFirstNode"];
n01 -> n010;
n011[label = "Equal"];
n0110[label = "NearestFirstNode"];
n011 -> n0110;
n0111[label = "NearestFirstNode"];
n011 -> n0111;
n01 -> n011;
n0 -> n01;
n -> n0;
n1[label = "If_Then_Else"];
n10[label = "Equal"];
n100[label = "NearestFirstNode"];
n10 -> n100;
n101[label = "Equal"];
n1010[label = "NearestFirstNode"];
n101 -> n1010;
n1011[label = "FarthestNeighbor"];
n101 -> n1011;
n10 -> n101;
n1 -> n10;
n11[label = "If_Then"];
n110[label = "Equal"];
n1100[label = "NearestFirstNode"];
n110 -> n1100;
n1101[label = "FarthestNeighbor"];
n110 -> n1101;
n11 -> n110;
n111[label = "Equal"];
n1110[label = "NearestFirstNode"];
n111 -> n1110;
n1111[label = "FarthestNeighbor"];
n111 -> n1111;
n11 -> n111;
n1 -> n11;
n12[label = "FarthestFirstNode"];
n1 -> n12;
n -> n1;
}


Generation: 76
Best Individual:
Subpopulation 0:
Evaluated: true
Fitness: Standardized=0.24981922 Adjusted=0.8001157 Hits=0
Tree 0:
digraph g {
node [shape=rectangle];
n[label = "If_Then"];
n0[label = "Equal"];
n00[label = "NearestFirstNode"];
n0 -> n00;
n01[label = "Equal"];
n010[label = "NearestFirstNode"];
n01 -> n010;
n011[label = "Equal"];
n0110[label = "NearestFirstNode"];
n011 -> n0110;
n0111[label = "NearestFirstNode"];
n011 -> n0111;
n01 -> n011;
n0 -> n01;
n -> n0;
n1[label = "If_Then_Else"];
n10[label = "Equal"];
n100[label = "NearestFirstNode"];
n10 -> n100;
n101[label = "Equal"];
n1010[label = "NearestFirstNode"];
n101 -> n1010;
n1011[label = "FarthestNeighbor"];
n101 -> n1011;
n10 -> n101;
n1 -> n10;
n11[label = "If_Then"];
n110[label = "Equal"];
n1100[label = "NearestFirstNode"];
n110 -> n1100;
n1101[label = "FarthestNeighbor"];
n110 -> n1101;
n11 -> n110;
n111[label = "Equal"];
n1110[label = "NearestFirstNode"];
n111 -> n1110;
n1111[label = "FarthestNeighbor"];
n111 -> n1111;
n11 -> n111;
n1 -> n11;
n12[label = "FarthestFirstNode"];
n1 -> n12;
n -> n1;
}


Generation: 77
Best Individual:
Subpopulation 0:
Evaluated: true
Fitness: Standardized=0.24981922 Adjusted=0.8001157 Hits=0
Tree 0:
digraph g {
node [shape=rectangle];
n[label = "If_Then"];
n0[label = "Equal"];
n00[label = "NearestFirstNode"];
n0 -> n00;
n01[label = "Equal"];
n010[label = "NearestFirstNode"];
n01 -> n010;
n011[label = "Equal"];
n0110[label = "NearestFirstNode"];
n011 -> n0110;
n0111[label = "NearestFirstNode"];
n011 -> n0111;
n01 -> n011;
n0 -> n01;
n -> n0;
n1[label = "If_Then_Else"];
n10[label = "Equal"];
n100[label = "NearestFirstNode"];
n10 -> n100;
n101[label = "Equal"];
n1010[label = "NearestFirstNode"];
n101 -> n1010;
n1011[label = "FarthestNeighbor"];
n101 -> n1011;
n10 -> n101;
n1 -> n10;
n11[label = "If_Then"];
n110[label = "Equal"];
n1100[label = "NearestFirstNode"];
n110 -> n1100;
n1101[label = "FarthestNeighbor"];
n110 -> n1101;
n11 -> n110;
n111[label = "Equal"];
n1110[label = "NearestFirstNode"];
n111 -> n1110;
n1111[label = "FarthestNeighbor"];
n111 -> n1111;
n11 -> n111;
n1 -> n11;
n12[label = "FarthestFirstNode"];
n1 -> n12;
n -> n1;
}


Generation: 78
Best Individual:
Subpopulation 0:
Evaluated: true
Fitness: Standardized=0.24981922 Adjusted=0.8001157 Hits=0
Tree 0:
digraph g {
node [shape=rectangle];
n[label = "If_Then"];
n0[label = "Equal"];
n00[label = "NearestFirstNode"];
n0 -> n00;
n01[label = "Equal"];
n010[label = "NearestFirstNode"];
n01 -> n010;
n011[label = "Equal"];
n0110[label = "NearestFirstNode"];
n011 -> n0110;
n0111[label = "NearestFirstNode"];
n011 -> n0111;
n01 -> n011;
n0 -> n01;
n -> n0;
n1[label = "If_Then_Else"];
n10[label = "Equal"];
n100[label = "NearestFirstNode"];
n10 -> n100;
n101[label = "Equal"];
n1010[label = "NearestFirstNode"];
n101 -> n1010;
n1011[label = "FarthestNeighbor"];
n101 -> n1011;
n10 -> n101;
n1 -> n10;
n11[label = "If_Then"];
n110[label = "Equal"];
n1100[label = "NearestFirstNode"];
n110 -> n1100;
n1101[label = "FarthestNeighbor"];
n110 -> n1101;
n11 -> n110;
n111[label = "Equal"];
n1110[label = "NearestFirstNode"];
n111 -> n1110;
n1111[label = "FarthestNeighbor"];
n111 -> n1111;
n11 -> n111;
n1 -> n11;
n12[label = "FarthestFirstNode"];
n1 -> n12;
n -> n1;
}


Generation: 79
Best Individual:
Subpopulation 0:
Evaluated: true
Fitness: Standardized=0.24981922 Adjusted=0.8001157 Hits=0
Tree 0:
digraph g {
node [shape=rectangle];
n[label = "If_Then"];
n0[label = "Equal"];
n00[label = "NearestFirstNode"];
n0 -> n00;
n01[label = "Equal"];
n010[label = "NearestFirstNode"];
n01 -> n010;
n011[label = "Equal"];
n0110[label = "NearestFirstNode"];
n011 -> n0110;
n0111[label = "NearestFirstNode"];
n011 -> n0111;
n01 -> n011;
n0 -> n01;
n -> n0;
n1[label = "If_Then_Else"];
n10[label = "Equal"];
n100[label = "NearestFirstNode"];
n10 -> n100;
n101[label = "Equal"];
n1010[label = "NearestFirstNode"];
n101 -> n1010;
n1011[label = "FarthestNeighbor"];
n101 -> n1011;
n10 -> n101;
n1 -> n10;
n11[label = "If_Then"];
n110[label = "Equal"];
n1100[label = "NearestFirstNode"];
n110 -> n1100;
n1101[label = "FarthestNeighbor"];
n110 -> n1101;
n11 -> n110;
n111[label = "Equal"];
n1110[label = "NearestFirstNode"];
n111 -> n1110;
n1111[label = "FarthestNeighbor"];
n111 -> n1111;
n11 -> n111;
n1 -> n11;
n12[label = "FarthestFirstNode"];
n1 -> n12;
n -> n1;
}


Generation: 80
Best Individual:
Subpopulation 0:
Evaluated: true
Fitness: Standardized=0.24981922 Adjusted=0.8001157 Hits=0
Tree 0:
digraph g {
node [shape=rectangle];
n[label = "And"];
n0[label = "Equal"];
n00[label = "NearestFirstNode"];
n0 -> n00;
n01[label = "Equal"];
n010[label = "NearestFirstNode"];
n01 -> n010;
n011[label = "Equal"];
n0110[label = "NearestFirstNode"];
n011 -> n0110;
n0111[label = "NearestFirstNode"];
n011 -> n0111;
n01 -> n011;
n0 -> n01;
n -> n0;
n1[label = "If_Then_Else"];
n10[label = "Equal"];
n100[label = "NearestFirstNode"];
n10 -> n100;
n101[label = "Equal"];
n1010[label = "NearestFirstNode"];
n101 -> n1010;
n1011[label = "FarthestNeighbor"];
n101 -> n1011;
n10 -> n101;
n1 -> n10;
n11[label = "If_Then"];
n110[label = "Equal"];
n1100[label = "NearestFirstNode"];
n110 -> n1100;
n1101[label = "FarthestNeighbor"];
n110 -> n1101;
n11 -> n110;
n111[label = "Equal"];
n1110[label = "NearestFirstNode"];
n111 -> n1110;
n1111[label = "FarthestNeighbor"];
n111 -> n1111;
n11 -> n111;
n1 -> n11;
n12[label = "FarthestFirstNode"];
n1 -> n12;
n -> n1;
}


Generation: 81
Best Individual:
Subpopulation 0:
Evaluated: true
Fitness: Standardized=0.24981922 Adjusted=0.8001157 Hits=0
Tree 0:
digraph g {
node [shape=rectangle];
n[label = "If_Then"];
n0[label = "Equal"];
n00[label = "NearestFirstNode"];
n0 -> n00;
n01[label = "Equal"];
n010[label = "NearestFirstNode"];
n01 -> n010;
n011[label = "Equal"];
n0110[label = "NearestFirstNode"];
n011 -> n0110;
n0111[label = "NearestFirstNode"];
n011 -> n0111;
n01 -> n011;
n0 -> n01;
n -> n0;
n1[label = "If_Then_Else"];
n10[label = "Equal"];
n100[label = "NearestFirstNode"];
n10 -> n100;
n101[label = "Equal"];
n1010[label = "NearestFirstNode"];
n101 -> n1010;
n1011[label = "FarthestNeighbor"];
n101 -> n1011;
n10 -> n101;
n1 -> n10;
n11[label = "If_Then"];
n110[label = "Equal"];
n1100[label = "NearestFirstNode"];
n110 -> n1100;
n1101[label = "FarthestNeighbor"];
n110 -> n1101;
n11 -> n110;
n111[label = "Equal"];
n1110[label = "NearestFirstNode"];
n111 -> n1110;
n1111[label = "FarthestNeighbor"];
n111 -> n1111;
n11 -> n111;
n1 -> n11;
n12[label = "FarthestFirstNode"];
n1 -> n12;
n -> n1;
}


Generation: 82
Best Individual:
Subpopulation 0:
Evaluated: true
Fitness: Standardized=0.24981922 Adjusted=0.8001157 Hits=0
Tree 0:
digraph g {
node [shape=rectangle];
n[label = "If_Then"];
n0[label = "Equal"];
n00[label = "NearestFirstNode"];
n0 -> n00;
n01[label = "Equal"];
n010[label = "NearestFirstNode"];
n01 -> n010;
n011[label = "Equal"];
n0110[label = "NearestFirstNode"];
n011 -> n0110;
n0111[label = "NearestFirstNode"];
n011 -> n0111;
n01 -> n011;
n0 -> n01;
n -> n0;
n1[label = "If_Then_Else"];
n10[label = "Equal"];
n100[label = "NearestFirstNode"];
n10 -> n100;
n101[label = "Equal"];
n1010[label = "NearestFirstNode"];
n101 -> n1010;
n1011[label = "FarthestNeighbor"];
n101 -> n1011;
n10 -> n101;
n1 -> n10;
n11[label = "If_Then"];
n110[label = "Equal"];
n1100[label = "NearestFirstNode"];
n110 -> n1100;
n1101[label = "FarthestNeighbor"];
n110 -> n1101;
n11 -> n110;
n111[label = "Equal"];
n1110[label = "NearestFirstNode"];
n111 -> n1110;
n1111[label = "FarthestNeighbor"];
n111 -> n1111;
n11 -> n111;
n1 -> n11;
n12[label = "FarthestFirstNode"];
n1 -> n12;
n -> n1;
}


Generation: 83
Best Individual:
Subpopulation 0:
Evaluated: true
Fitness: Standardized=0.24981922 Adjusted=0.8001157 Hits=0
Tree 0:
digraph g {
node [shape=rectangle];
n[label = "If_Then"];
n0[label = "Equal"];
n00[label = "NearestFirstNode"];
n0 -> n00;
n01[label = "Equal"];
n010[label = "NearestFirstNode"];
n01 -> n010;
n011[label = "Equal"];
n0110[label = "NearestFirstNode"];
n011 -> n0110;
n0111[label = "NearestFirstNode"];
n011 -> n0111;
n01 -> n011;
n0 -> n01;
n -> n0;
n1[label = "If_Then_Else"];
n10[label = "Equal"];
n100[label = "NearestFirstNode"];
n10 -> n100;
n101[label = "Equal"];
n1010[label = "NearestFirstNode"];
n101 -> n1010;
n1011[label = "FarthestNeighbor"];
n101 -> n1011;
n10 -> n101;
n1 -> n10;
n11[label = "If_Then"];
n110[label = "Equal"];
n1100[label = "NearestFirstNode"];
n110 -> n1100;
n1101[label = "FarthestNeighbor"];
n110 -> n1101;
n11 -> n110;
n111[label = "Equal"];
n1110[label = "NearestFirstNode"];
n111 -> n1110;
n1111[label = "FarthestNeighbor"];
n111 -> n1111;
n11 -> n111;
n1 -> n11;
n12[label = "FarthestFirstNode"];
n1 -> n12;
n -> n1;
}


Generation: 84
Best Individual:
Subpopulation 0:
Evaluated: true
Fitness: Standardized=0.24981922 Adjusted=0.8001157 Hits=0
Tree 0:
digraph g {
node [shape=rectangle];
n[label = "If_Then"];
n0[label = "Equal"];
n00[label = "NearestFirstNode"];
n0 -> n00;
n01[label = "Equal"];
n010[label = "NearestFirstNode"];
n01 -> n010;
n011[label = "Equal"];
n0110[label = "NearestFirstNode"];
n011 -> n0110;
n0111[label = "NearestFirstNode"];
n011 -> n0111;
n01 -> n011;
n0 -> n01;
n -> n0;
n1[label = "If_Then_Else"];
n10[label = "Equal"];
n100[label = "NearestFirstNode"];
n10 -> n100;
n101[label = "Equal"];
n1010[label = "NearestFirstNode"];
n101 -> n1010;
n1011[label = "FarthestNeighbor"];
n101 -> n1011;
n10 -> n101;
n1 -> n10;
n11[label = "If_Then"];
n110[label = "Equal"];
n1100[label = "NearestFirstNode"];
n110 -> n1100;
n1101[label = "FarthestNeighbor"];
n110 -> n1101;
n11 -> n110;
n111[label = "Equal"];
n1110[label = "NearestFirstNode"];
n111 -> n1110;
n1111[label = "FarthestNeighbor"];
n111 -> n1111;
n11 -> n111;
n1 -> n11;
n12[label = "FarthestFirstNode"];
n1 -> n12;
n -> n1;
}


Generation: 85
Best Individual:
Subpopulation 0:
Evaluated: true
Fitness: Standardized=0.24981922 Adjusted=0.8001157 Hits=0
Tree 0:
digraph g {
node [shape=rectangle];
n[label = "If_Then"];
n0[label = "Equal"];
n00[label = "NearestFirstNode"];
n0 -> n00;
n01[label = "Equal"];
n010[label = "NearestFirstNode"];
n01 -> n010;
n011[label = "Equal"];
n0110[label = "NearestFirstNode"];
n011 -> n0110;
n0111[label = "NearestFirstNode"];
n011 -> n0111;
n01 -> n011;
n0 -> n01;
n -> n0;
n1[label = "If_Then_Else"];
n10[label = "Equal"];
n100[label = "NearestFirstNode"];
n10 -> n100;
n101[label = "Equal"];
n1010[label = "NearestFirstNode"];
n101 -> n1010;
n1011[label = "FarthestNeighbor"];
n101 -> n1011;
n10 -> n101;
n1 -> n10;
n11[label = "If_Then"];
n110[label = "Equal"];
n1100[label = "NearestFirstNode"];
n110 -> n1100;
n1101[label = "FarthestNeighbor"];
n110 -> n1101;
n11 -> n110;
n111[label = "Equal"];
n1110[label = "NearestFirstNode"];
n111 -> n1110;
n1111[label = "FarthestNeighbor"];
n111 -> n1111;
n11 -> n111;
n1 -> n11;
n12[label = "FarthestFirstNode"];
n1 -> n12;
n -> n1;
}


Generation: 86
Best Individual:
Subpopulation 0:
Evaluated: true
Fitness: Standardized=0.24981922 Adjusted=0.8001157 Hits=0
Tree 0:
digraph g {
node [shape=rectangle];
n[label = "If_Then"];
n0[label = "Equal"];
n00[label = "NearestFirstNode"];
n0 -> n00;
n01[label = "Equal"];
n010[label = "NearestFirstNode"];
n01 -> n010;
n011[label = "Equal"];
n0110[label = "NearestFirstNode"];
n011 -> n0110;
n0111[label = "NearestFirstNode"];
n011 -> n0111;
n01 -> n011;
n0 -> n01;
n -> n0;
n1[label = "If_Then_Else"];
n10[label = "Equal"];
n100[label = "NearestFirstNode"];
n10 -> n100;
n101[label = "Equal"];
n1010[label = "NearestFirstNode"];
n101 -> n1010;
n1011[label = "FarthestNeighbor"];
n101 -> n1011;
n10 -> n101;
n1 -> n10;
n11[label = "If_Then"];
n110[label = "Equal"];
n1100[label = "NearestFirstNode"];
n110 -> n1100;
n1101[label = "FarthestNeighbor"];
n110 -> n1101;
n11 -> n110;
n111[label = "Equal"];
n1110[label = "NearestFirstNode"];
n111 -> n1110;
n1111[label = "FarthestNeighbor"];
n111 -> n1111;
n11 -> n111;
n1 -> n11;
n12[label = "FarthestFirstNode"];
n1 -> n12;
n -> n1;
}


Generation: 87
Best Individual:
Subpopulation 0:
Evaluated: true
Fitness: Standardized=0.24981922 Adjusted=0.8001157 Hits=0
Tree 0:
digraph g {
node [shape=rectangle];
n[label = "If_Then"];
n0[label = "Equal"];
n00[label = "NearestFirstNode"];
n0 -> n00;
n01[label = "Equal"];
n010[label = "NearestFirstNode"];
n01 -> n010;
n011[label = "Equal"];
n0110[label = "NearestFirstNode"];
n011 -> n0110;
n0111[label = "NearestFirstNode"];
n011 -> n0111;
n01 -> n011;
n0 -> n01;
n -> n0;
n1[label = "If_Then_Else"];
n10[label = "Equal"];
n100[label = "NearestFirstNode"];
n10 -> n100;
n101[label = "Equal"];
n1010[label = "NearestFirstNode"];
n101 -> n1010;
n1011[label = "FarthestNeighbor"];
n101 -> n1011;
n10 -> n101;
n1 -> n10;
n11[label = "If_Then"];
n110[label = "Equal"];
n1100[label = "NearestFirstNode"];
n110 -> n1100;
n1101[label = "FarthestNeighbor"];
n110 -> n1101;
n11 -> n110;
n111[label = "Equal"];
n1110[label = "NearestFirstNode"];
n111 -> n1110;
n1111[label = "FarthestNeighbor"];
n111 -> n1111;
n11 -> n111;
n1 -> n11;
n12[label = "FarthestFirstNode"];
n1 -> n12;
n -> n1;
}


Generation: 88
Best Individual:
Subpopulation 0:
Evaluated: true
Fitness: Standardized=0.24981922 Adjusted=0.8001157 Hits=0
Tree 0:
digraph g {
node [shape=rectangle];
n[label = "If_Then"];
n0[label = "Equal"];
n00[label = "NearestFirstNode"];
n0 -> n00;
n01[label = "Equal"];
n010[label = "NearestFirstNode"];
n01 -> n010;
n011[label = "Equal"];
n0110[label = "NearestFirstNode"];
n011 -> n0110;
n0111[label = "NearestFirstNode"];
n011 -> n0111;
n01 -> n011;
n0 -> n01;
n -> n0;
n1[label = "If_Then_Else"];
n10[label = "Equal"];
n100[label = "NearestFirstNode"];
n10 -> n100;
n101[label = "Equal"];
n1010[label = "NearestFirstNode"];
n101 -> n1010;
n1011[label = "FarthestNeighbor"];
n101 -> n1011;
n10 -> n101;
n1 -> n10;
n11[label = "If_Then"];
n110[label = "Equal"];
n1100[label = "NearestFirstNode"];
n110 -> n1100;
n1101[label = "FarthestNeighbor"];
n110 -> n1101;
n11 -> n110;
n111[label = "Equal"];
n1110[label = "NearestFirstNode"];
n111 -> n1110;
n1111[label = "FarthestNeighbor"];
n111 -> n1111;
n11 -> n111;
n1 -> n11;
n12[label = "FarthestFirstNode"];
n1 -> n12;
n -> n1;
}


Generation: 89
Best Individual:
Subpopulation 0:
Evaluated: true
Fitness: Standardized=0.24981922 Adjusted=0.8001157 Hits=0
Tree 0:
digraph g {
node [shape=rectangle];
n[label = "If_Then"];
n0[label = "Equal"];
n00[label = "NearestFirstNode"];
n0 -> n00;
n01[label = "Equal"];
n010[label = "NearestFirstNode"];
n01 -> n010;
n011[label = "Equal"];
n0110[label = "NearestFirstNode"];
n011 -> n0110;
n0111[label = "NearestFirstNode"];
n011 -> n0111;
n01 -> n011;
n0 -> n01;
n -> n0;
n1[label = "If_Then_Else"];
n10[label = "Equal"];
n100[label = "NearestFirstNode"];
n10 -> n100;
n101[label = "Equal"];
n1010[label = "NearestFirstNode"];
n101 -> n1010;
n1011[label = "FarthestNeighbor"];
n101 -> n1011;
n10 -> n101;
n1 -> n10;
n11[label = "If_Then"];
n110[label = "Equal"];
n1100[label = "NearestFirstNode"];
n110 -> n1100;
n1101[label = "FarthestNeighbor"];
n110 -> n1101;
n11 -> n110;
n111[label = "Equal"];
n1110[label = "NearestFirstNode"];
n111 -> n1110;
n1111[label = "FarthestNeighbor"];
n111 -> n1111;
n11 -> n111;
n1 -> n11;
n12[label = "FarthestFirstNode"];
n1 -> n12;
n -> n1;
}


Generation: 90
Best Individual:
Subpopulation 0:
Evaluated: true
Fitness: Standardized=0.24981922 Adjusted=0.8001157 Hits=0
Tree 0:
digraph g {
node [shape=rectangle];
n[label = "If_Then"];
n0[label = "Equal"];
n00[label = "NearestFirstNode"];
n0 -> n00;
n01[label = "Equal"];
n010[label = "NearestFirstNode"];
n01 -> n010;
n011[label = "Equal"];
n0110[label = "NearestFirstNode"];
n011 -> n0110;
n0111[label = "NearestFirstNode"];
n011 -> n0111;
n01 -> n011;
n0 -> n01;
n -> n0;
n1[label = "If_Then_Else"];
n10[label = "Equal"];
n100[label = "NearestFirstNode"];
n10 -> n100;
n101[label = "Equal"];
n1010[label = "NearestFirstNode"];
n101 -> n1010;
n1011[label = "FarthestNeighbor"];
n101 -> n1011;
n10 -> n101;
n1 -> n10;
n11[label = "If_Then"];
n110[label = "Equal"];
n1100[label = "NearestFirstNode"];
n110 -> n1100;
n1101[label = "FarthestNeighbor"];
n110 -> n1101;
n11 -> n110;
n111[label = "Equal"];
n1110[label = "NearestFirstNode"];
n111 -> n1110;
n1111[label = "FarthestNeighbor"];
n111 -> n1111;
n11 -> n111;
n1 -> n11;
n12[label = "FarthestFirstNode"];
n1 -> n12;
n -> n1;
}


Generation: 91
Best Individual:
Subpopulation 0:
Evaluated: true
Fitness: Standardized=0.24981922 Adjusted=0.8001157 Hits=0
Tree 0:
digraph g {
node [shape=rectangle];
n[label = "If_Then"];
n0[label = "Equal"];
n00[label = "NearestFirstNode"];
n0 -> n00;
n01[label = "Equal"];
n010[label = "NearestFirstNode"];
n01 -> n010;
n011[label = "Equal"];
n0110[label = "NearestFirstNode"];
n011 -> n0110;
n0111[label = "NearestFirstNode"];
n011 -> n0111;
n01 -> n011;
n0 -> n01;
n -> n0;
n1[label = "If_Then_Else"];
n10[label = "Equal"];
n100[label = "NearestFirstNode"];
n10 -> n100;
n101[label = "Equal"];
n1010[label = "NearestFirstNode"];
n101 -> n1010;
n1011[label = "FarthestNeighbor"];
n101 -> n1011;
n10 -> n101;
n1 -> n10;
n11[label = "If_Then"];
n110[label = "Equal"];
n1100[label = "NearestFirstNode"];
n110 -> n1100;
n1101[label = "FarthestNeighbor"];
n110 -> n1101;
n11 -> n110;
n111[label = "Equal"];
n1110[label = "NearestFirstNode"];
n111 -> n1110;
n1111[label = "FarthestNeighbor"];
n111 -> n1111;
n11 -> n111;
n1 -> n11;
n12[label = "Equal"];
n120[label = "NearestFirstNode"];
n12 -> n120;
n121[label = "NearestFirstNode"];
n12 -> n121;
n1 -> n12;
n -> n1;
}


Generation: 92
Best Individual:
Subpopulation 0:
Evaluated: true
Fitness: Standardized=0.24981922 Adjusted=0.8001157 Hits=0
Tree 0:
digraph g {
node [shape=rectangle];
n[label = "If_Then"];
n0[label = "Equal"];
n00[label = "NearestFirstNode"];
n0 -> n00;
n01[label = "Equal"];
n010[label = "NearestFirstNode"];
n01 -> n010;
n011[label = "Equal"];
n0110[label = "NearestFirstNode"];
n011 -> n0110;
n0111[label = "NearestFirstNode"];
n011 -> n0111;
n01 -> n011;
n0 -> n01;
n -> n0;
n1[label = "If_Then_Else"];
n10[label = "Equal"];
n100[label = "NearestFirstNode"];
n10 -> n100;
n101[label = "Equal"];
n1010[label = "NearestFirstNode"];
n101 -> n1010;
n1011[label = "FarthestNeighbor"];
n101 -> n1011;
n10 -> n101;
n1 -> n10;
n11[label = "If_Then"];
n110[label = "Equal"];
n1100[label = "NearestFirstNode"];
n110 -> n1100;
n1101[label = "FarthestNeighbor"];
n110 -> n1101;
n11 -> n110;
n111[label = "Equal"];
n1110[label = "NearestFirstNode"];
n111 -> n1110;
n1111[label = "FarthestNeighbor"];
n111 -> n1111;
n11 -> n111;
n1 -> n11;
n12[label = "Equal"];
n120[label = "NearestFirstNode"];
n12 -> n120;
n121[label = "NearestFirstNode"];
n12 -> n121;
n1 -> n12;
n -> n1;
}


Generation: 93
Best Individual:
Subpopulation 0:
Evaluated: true
Fitness: Standardized=0.24981922 Adjusted=0.8001157 Hits=0
Tree 0:
digraph g {
node [shape=rectangle];
n[label = "If_Then"];
n0[label = "Equal"];
n00[label = "NearestFirstNode"];
n0 -> n00;
n01[label = "Equal"];
n010[label = "NearestFirstNode"];
n01 -> n010;
n011[label = "Equal"];
n0110[label = "NearestFirstNode"];
n011 -> n0110;
n0111[label = "NearestFirstNode"];
n011 -> n0111;
n01 -> n011;
n0 -> n01;
n -> n0;
n1[label = "If_Then_Else"];
n10[label = "Equal"];
n100[label = "NearestFirstNode"];
n10 -> n100;
n101[label = "Equal"];
n1010[label = "NearestFirstNode"];
n101 -> n1010;
n1011[label = "FarthestNeighbor"];
n101 -> n1011;
n10 -> n101;
n1 -> n10;
n11[label = "If_Then"];
n110[label = "Equal"];
n1100[label = "NearestFirstNode"];
n110 -> n1100;
n1101[label = "FarthestNeighbor"];
n110 -> n1101;
n11 -> n110;
n111[label = "Equal"];
n1110[label = "NearestFirstNode"];
n111 -> n1110;
n1111[label = "FarthestNeighbor"];
n111 -> n1111;
n11 -> n111;
n1 -> n11;
n12[label = "FarthestFirstNode"];
n1 -> n12;
n -> n1;
}


Generation: 94
Best Individual:
Subpopulation 0:
Evaluated: true
Fitness: Standardized=0.24981922 Adjusted=0.8001157 Hits=0
Tree 0:
digraph g {
node [shape=rectangle];
n[label = "If_Then"];
n0[label = "Equal"];
n00[label = "NearestFirstNode"];
n0 -> n00;
n01[label = "Equal"];
n010[label = "NearestFirstNode"];
n01 -> n010;
n011[label = "Equal"];
n0110[label = "NearestFirstNode"];
n011 -> n0110;
n0111[label = "NearestFirstNode"];
n011 -> n0111;
n01 -> n011;
n0 -> n01;
n -> n0;
n1[label = "If_Then_Else"];
n10[label = "Equal"];
n100[label = "NearestFirstNode"];
n10 -> n100;
n101[label = "Equal"];
n1010[label = "NearestFirstNode"];
n101 -> n1010;
n1011[label = "FarthestNeighbor"];
n101 -> n1011;
n10 -> n101;
n1 -> n10;
n11[label = "If_Then"];
n110[label = "Equal"];
n1100[label = "NearestFirstNode"];
n110 -> n1100;
n1101[label = "FarthestNeighbor"];
n110 -> n1101;
n11 -> n110;
n111[label = "Equal"];
n1110[label = "NearestFirstNode"];
n111 -> n1110;
n1111[label = "FarthestNeighbor"];
n111 -> n1111;
n11 -> n111;
n1 -> n11;
n12[label = "FarthestFirstNode"];
n1 -> n12;
n -> n1;
}


Generation: 95
Best Individual:
Subpopulation 0:
Evaluated: true
Fitness: Standardized=0.24981922 Adjusted=0.8001157 Hits=0
Tree 0:
digraph g {
node [shape=rectangle];
n[label = "If_Then"];
n0[label = "Equal"];
n00[label = "NearestFirstNode"];
n0 -> n00;
n01[label = "Equal"];
n010[label = "NearestFirstNode"];
n01 -> n010;
n011[label = "Equal"];
n0110[label = "NearestFirstNode"];
n011 -> n0110;
n0111[label = "NearestFirstNode"];
n011 -> n0111;
n01 -> n011;
n0 -> n01;
n -> n0;
n1[label = "If_Then_Else"];
n10[label = "Equal"];
n100[label = "NearestFirstNode"];
n10 -> n100;
n101[label = "Equal"];
n1010[label = "NearestFirstNode"];
n101 -> n1010;
n1011[label = "FarthestNeighbor"];
n101 -> n1011;
n10 -> n101;
n1 -> n10;
n11[label = "If_Then"];
n110[label = "Equal"];
n1100[label = "NearestFirstNode"];
n110 -> n1100;
n1101[label = "FarthestNeighbor"];
n110 -> n1101;
n11 -> n110;
n111[label = "Equal"];
n1110[label = "NearestFirstNode"];
n111 -> n1110;
n1111[label = "FarthestNeighbor"];
n111 -> n1111;
n11 -> n111;
n1 -> n11;
n12[label = "FarthestFirstNode"];
n1 -> n12;
n -> n1;
}


Generation: 96
Best Individual:
Subpopulation 0:
Evaluated: true
Fitness: Standardized=0.24981922 Adjusted=0.8001157 Hits=0
Tree 0:
digraph g {
node [shape=rectangle];
n[label = "If_Then"];
n0[label = "Equal"];
n00[label = "NearestFirstNode"];
n0 -> n00;
n01[label = "Equal"];
n010[label = "NearestFirstNode"];
n01 -> n010;
n011[label = "Equal"];
n0110[label = "NearestFirstNode"];
n011 -> n0110;
n0111[label = "NearestFirstNode"];
n011 -> n0111;
n01 -> n011;
n0 -> n01;
n -> n0;
n1[label = "If_Then_Else"];
n10[label = "Equal"];
n100[label = "NearestFirstNode"];
n10 -> n100;
n101[label = "Equal"];
n1010[label = "NearestFirstNode"];
n101 -> n1010;
n1011[label = "FarthestNeighbor"];
n101 -> n1011;
n10 -> n101;
n1 -> n10;
n11[label = "If_Then"];
n110[label = "Equal"];
n1100[label = "NearestFirstNode"];
n110 -> n1100;
n1101[label = "FarthestNeighbor"];
n110 -> n1101;
n11 -> n110;
n111[label = "Equal"];
n1110[label = "NearestFirstNode"];
n111 -> n1110;
n1111[label = "FarthestNeighbor"];
n111 -> n1111;
n11 -> n111;
n1 -> n11;
n12[label = "FarthestFirstNode"];
n1 -> n12;
n -> n1;
}


Generation: 97
Best Individual:
Subpopulation 0:
Evaluated: true
Fitness: Standardized=0.24981922 Adjusted=0.8001157 Hits=0
Tree 0:
digraph g {
node [shape=rectangle];
n[label = "If_Then"];
n0[label = "Equal"];
n00[label = "NearestFirstNode"];
n0 -> n00;
n01[label = "Equal"];
n010[label = "NearestFirstNode"];
n01 -> n010;
n011[label = "Equal"];
n0110[label = "NearestFirstNode"];
n011 -> n0110;
n0111[label = "NearestFirstNode"];
n011 -> n0111;
n01 -> n011;
n0 -> n01;
n -> n0;
n1[label = "If_Then_Else"];
n10[label = "Equal"];
n100[label = "NearestFirstNode"];
n10 -> n100;
n101[label = "Equal"];
n1010[label = "NearestFirstNode"];
n101 -> n1010;
n1011[label = "FarthestNeighbor"];
n101 -> n1011;
n10 -> n101;
n1 -> n10;
n11[label = "If_Then"];
n110[label = "Equal"];
n1100[label = "NearestFirstNode"];
n110 -> n1100;
n1101[label = "FarthestNeighbor"];
n110 -> n1101;
n11 -> n110;
n111[label = "Equal"];
n1110[label = "NearestFirstNode"];
n111 -> n1110;
n1111[label = "FarthestNeighbor"];
n111 -> n1111;
n11 -> n111;
n1 -> n11;
n12[label = "FarthestFirstNode"];
n1 -> n12;
n -> n1;
}


Generation: 98
Best Individual:
Subpopulation 0:
Evaluated: true
Fitness: Standardized=0.24981922 Adjusted=0.8001157 Hits=0
Tree 0:
digraph g {
node [shape=rectangle];
n[label = "If_Then"];
n0[label = "Equal"];
n00[label = "NearestFirstNode"];
n0 -> n00;
n01[label = "Equal"];
n010[label = "NearestFirstNode"];
n01 -> n010;
n011[label = "Equal"];
n0110[label = "NearestFirstNode"];
n011 -> n0110;
n0111[label = "NearestFirstNode"];
n011 -> n0111;
n01 -> n011;
n0 -> n01;
n -> n0;
n1[label = "If_Then_Else"];
n10[label = "Equal"];
n100[label = "NearestFirstNode"];
n10 -> n100;
n101[label = "Equal"];
n1010[label = "NearestFirstNode"];
n101 -> n1010;
n1011[label = "FarthestNeighbor"];
n101 -> n1011;
n10 -> n101;
n1 -> n10;
n11[label = "If_Then"];
n110[label = "Equal"];
n1100[label = "NearestFirstNode"];
n110 -> n1100;
n1101[label = "FarthestNeighbor"];
n110 -> n1101;
n11 -> n110;
n111[label = "Equal"];
n1110[label = "NearestFirstNode"];
n111 -> n1110;
n1111[label = "FarthestNeighbor"];
n111 -> n1111;
n11 -> n111;
n1 -> n11;
n12[label = "FarthestFirstNode"];
n1 -> n12;
n -> n1;
}


Generation: 99
Best Individual:
Subpopulation 0:
Evaluated: true
Fitness: Standardized=0.24981922 Adjusted=0.8001157 Hits=0
Tree 0:
digraph g {
node [shape=rectangle];
n[label = "If_Then"];
n0[label = "Equal"];
n00[label = "NearestFirstNode"];
n0 -> n00;
n01[label = "Equal"];
n010[label = "NearestFirstNode"];
n01 -> n010;
n011[label = "Equal"];
n0110[label = "NearestFirstNode"];
n011 -> n0110;
n0111[label = "NearestFirstNode"];
n011 -> n0111;
n01 -> n011;
n0 -> n01;
n -> n0;
n1[label = "If_Then_Else"];
n10[label = "Equal"];
n100[label = "NearestFirstNode"];
n10 -> n100;
n101[label = "Equal"];
n1010[label = "NearestFirstNode"];
n101 -> n1010;
n1011[label = "FarthestNeighbor"];
n101 -> n1011;
n10 -> n101;
n1 -> n10;
n11[label = "If_Then"];
n110[label = "Equal"];
n1100[label = "NearestFirstNode"];
n110 -> n1100;
n1101[label = "FarthestNeighbor"];
n110 -> n1101;
n11 -> n110;
n111[label = "Equal"];
n1110[label = "NearestFirstNode"];
n111 -> n1110;
n1111[label = "FarthestNeighbor"];
n111 -> n1111;
n11 -> n111;
n1 -> n11;
n12[label = "FarthestFirstNode"];
n1 -> n12;
n -> n1;
}


Best Individual of Run:
Subpopulation 0:
Evaluated: true
Fitness: Standardized=0.24981922 Adjusted=0.8001157 Hits=0
Tree 0:
digraph g {
node [shape=rectangle];
n[label = "If_Then"];
n0[label = "Equal"];
n00[label = "NearestFirstNode"];
n0 -> n00;
n01[label = "Equal"];
n010[label = "NearestFirstNode"];
n01 -> n010;
n011[label = "Equal"];
n0110[label = "NearestFirstNode"];
n011 -> n0110;
n0111[label = "NearestFirstNode"];
n011 -> n0111;
n01 -> n011;
n0 -> n01;
n -> n0;
n1[label = "If_Then_Else"];
n10[label = "Equal"];
n100[label = "NearestFirstNode"];
n10 -> n100;
n101[label = "Equal"];
n1010[label = "NearestFirstNode"];
n101 -> n1010;
n1011[label = "FarthestNeighbor"];
n101 -> n1011;
n10 -> n101;
n1 -> n10;
n11[label = "If_Then"];
n110[label = "Equal"];
n1100[label = "NearestFirstNode"];
n110 -> n1100;
n1101[label = "FarthestNeighbor"];
n110 -> n1101;
n11 -> n110;
n111[label = "Equal"];
n1110[label = "NearestFirstNode"];
n111 -> n1110;
n1111[label = "FarthestNeighbor"];
n111 -> n1111;
n11 -> n111;
n1 -> n11;
n12[label = "FarthestFirstNode"];
n1 -> n12;
n -> n1;
}

