
Generation: 0
Best Individual:
Subpopulation 0:
Evaluated: true
Fitness: Standardized=0.37047654 Adjusted=0.7296732 Hits=0
Tree 0:
digraph g {
node [shape=rectangle];
n[label = "And"];
n0[label = "If_Then_Else"];
n00[label = "NearestNeighbor"];
n0 -> n00;
n01[label = "FarthestFirstNode"];
n0 -> n01;
n02[label = "WorstMove"];
n0 -> n02;
n -> n0;
n1[label = "If_Then"];
n10[label = "If_Then"];
n100[label = "FarthestFirstNode"];
n10 -> n100;
n101[label = "NearestInsertion"];
n10 -> n101;
n1 -> n10;
n11[label = "FarthestFirstNode"];
n1 -> n11;
n -> n1;
}


Generation: 1
Best Individual:
Subpopulation 0:
Evaluated: true
Fitness: Standardized=0.335539 Adjusted=0.74876136 Hits=0
Tree 0:
digraph g {
node [shape=rectangle];
n[label = "And"];
n0[label = "If_Then_Else"];
n00[label = "NearestNeighbor"];
n0 -> n00;
n01[label = "FarthestFirstNode"];
n0 -> n01;
n02[label = "WorstMove"];
n0 -> n02;
n -> n0;
n1[label = "If_Then"];
n10[label = "If_Then"];
n100[label = "FarthestFirstNode"];
n10 -> n100;
n101[label = "NearestInsertion"];
n10 -> n101;
n1 -> n10;
n11[label = "FarthestInsertion"];
n1 -> n11;
n -> n1;
}


Generation: 2
Best Individual:
Subpopulation 0:
Evaluated: true
Fitness: Standardized=0.335539 Adjusted=0.74876136 Hits=0
Tree 0:
digraph g {
node [shape=rectangle];
n[label = "And"];
n0[label = "If_Then_Else"];
n00[label = "NearestNeighbor"];
n0 -> n00;
n01[label = "FarthestFirstNode"];
n0 -> n01;
n02[label = "WorstMove"];
n0 -> n02;
n -> n0;
n1[label = "If_Then"];
n10[label = "If_Then"];
n100[label = "FarthestFirstNode"];
n10 -> n100;
n101[label = "NearestInsertion"];
n10 -> n101;
n1 -> n10;
n11[label = "FarthestInsertion"];
n1 -> n11;
n -> n1;
}


Generation: 3
Best Individual:
Subpopulation 0:
Evaluated: true
Fitness: Standardized=0.335539 Adjusted=0.74876136 Hits=0
Tree 0:
digraph g {
node [shape=rectangle];
n[label = "And"];
n0[label = "If_Then_Else"];
n00[label = "NearestNeighbor"];
n0 -> n00;
n01[label = "FarthestFirstNode"];
n0 -> n01;
n02[label = "WorstMove"];
n0 -> n02;
n -> n0;
n1[label = "If_Then"];
n10[label = "If_Then"];
n100[label = "FarthestFirstNode"];
n10 -> n100;
n101[label = "NearestInsertion"];
n10 -> n101;
n1 -> n10;
n11[label = "FarthestInsertion"];
n1 -> n11;
n -> n1;
}


Generation: 4
Best Individual:
Subpopulation 0:
Evaluated: true
Fitness: Standardized=0.28440526 Adjusted=0.7785705 Hits=0
Tree 0:
digraph g {
node [shape=rectangle];
n[label = "And"];
n0[label = "If_Then_Else"];
n00[label = "NearestNeighbor"];
n0 -> n00;
n01[label = "FarthestFirstNode"];
n0 -> n01;
n02[label = "WorstMove"];
n0 -> n02;
n -> n0;
n1[label = "If_Then"];
n10[label = "If_Then"];
n100[label = "FarthestFirstNode"];
n10 -> n100;
n101[label = "FarthestFirstNode"];
n10 -> n101;
n1 -> n10;
n11[label = "FarthestInsertion"];
n1 -> n11;
n -> n1;
}


Generation: 5
Best Individual:
Subpopulation 0:
Evaluated: true
Fitness: Standardized=0.28440526 Adjusted=0.7785705 Hits=0
Tree 0:
digraph g {
node [shape=rectangle];
n[label = "And"];
n0[label = "If_Then_Else"];
n00[label = "NearestNeighbor"];
n0 -> n00;
n01[label = "FarthestFirstNode"];
n0 -> n01;
n02[label = "WorstMove"];
n0 -> n02;
n -> n0;
n1[label = "If_Then"];
n10[label = "If_Then"];
n100[label = "FarthestFirstNode"];
n10 -> n100;
n101[label = "FarthestFirstNode"];
n10 -> n101;
n1 -> n10;
n11[label = "FarthestInsertion"];
n1 -> n11;
n -> n1;
}


Generation: 6
Best Individual:
Subpopulation 0:
Evaluated: true
Fitness: Standardized=0.28440526 Adjusted=0.7785705 Hits=0
Tree 0:
digraph g {
node [shape=rectangle];
n[label = "And"];
n0[label = "If_Then_Else"];
n00[label = "NearestNeighbor"];
n0 -> n00;
n01[label = "FarthestFirstNode"];
n0 -> n01;
n02[label = "WorstMove"];
n0 -> n02;
n -> n0;
n1[label = "If_Then"];
n10[label = "If_Then"];
n100[label = "FarthestFirstNode"];
n10 -> n100;
n101[label = "FarthestFirstNode"];
n10 -> n101;
n1 -> n10;
n11[label = "FarthestInsertion"];
n1 -> n11;
n -> n1;
}


Generation: 7
Best Individual:
Subpopulation 0:
Evaluated: true
Fitness: Standardized=0.28440526 Adjusted=0.7785705 Hits=0
Tree 0:
digraph g {
node [shape=rectangle];
n[label = "And"];
n0[label = "If_Then_Else"];
n00[label = "NearestNeighbor"];
n0 -> n00;
n01[label = "FarthestFirstNode"];
n0 -> n01;
n02[label = "FarthestInsertion"];
n0 -> n02;
n -> n0;
n1[label = "If_Then"];
n10[label = "If_Then"];
n100[label = "FarthestFirstNode"];
n10 -> n100;
n101[label = "FarthestFirstNode"];
n10 -> n101;
n1 -> n10;
n11[label = "FarthestInsertion"];
n1 -> n11;
n -> n1;
}


Generation: 8
Best Individual:
Subpopulation 0:
Evaluated: true
Fitness: Standardized=0.28440526 Adjusted=0.7785705 Hits=0
Tree 0:
digraph g {
node [shape=rectangle];
n[label = "And"];
n0[label = "If_Then_Else"];
n00[label = "NearestNeighbor"];
n0 -> n00;
n01[label = "FarthestFirstNode"];
n0 -> n01;
n02[label = "WorstMove"];
n0 -> n02;
n -> n0;
n1[label = "Or"];
n10[label = "If_Then"];
n100[label = "If_Then"];
n1000[label = "FarthestFirstNode"];
n100 -> n1000;
n1001[label = "FarthestFirstNode"];
n100 -> n1001;
n10 -> n100;
n101[label = "FarthestInsertion"];
n10 -> n101;
n1 -> n10;
n11[label = "FarthestInsertion"];
n1 -> n11;
n -> n1;
}


Generation: 9
Best Individual:
Subpopulation 0:
Evaluated: true
Fitness: Standardized=0.28440526 Adjusted=0.7785705 Hits=0
Tree 0:
digraph g {
node [shape=rectangle];
n[label = "And"];
n0[label = "If_Then_Else"];
n00[label = "NearestNeighbor"];
n0 -> n00;
n01[label = "FarthestFirstNode"];
n0 -> n01;
n02[label = "WorstMove"];
n0 -> n02;
n -> n0;
n1[label = "Or"];
n10[label = "If_Then"];
n100[label = "If_Then"];
n1000[label = "FarthestFirstNode"];
n100 -> n1000;
n1001[label = "FarthestFirstNode"];
n100 -> n1001;
n10 -> n100;
n101[label = "FarthestInsertion"];
n10 -> n101;
n1 -> n10;
n11[label = "FarthestInsertion"];
n1 -> n11;
n -> n1;
}


Generation: 10
Best Individual:
Subpopulation 0:
Evaluated: true
Fitness: Standardized=0.2793801 Adjusted=0.78162855 Hits=0
Tree 0:
digraph g {
node [shape=rectangle];
n[label = "And"];
n0[label = "If_Then_Else"];
n00[label = "NearestNeighbor"];
n0 -> n00;
n01[label = "FarthestFirstNode"];
n0 -> n01;
n02[label = "FarthestInsertion"];
n0 -> n02;
n -> n0;
n1[label = "If_Then"];
n10[label = "If_Then"];
n100[label = "FarthestFirstNode"];
n10 -> n100;
n101[label = "FarthestFirstNode"];
n10 -> n101;
n1 -> n10;
n11[label = "If_Then_Else"];
n110[label = "NearestNeighbor"];
n11 -> n110;
n111[label = "FarthestFirstNode"];
n11 -> n111;
n112[label = "WorstMove"];
n11 -> n112;
n1 -> n11;
n -> n1;
}


Generation: 11
Best Individual:
Subpopulation 0:
Evaluated: true
Fitness: Standardized=0.2793801 Adjusted=0.78162855 Hits=0
Tree 0:
digraph g {
node [shape=rectangle];
n[label = "And"];
n0[label = "If_Then_Else"];
n00[label = "NearestNeighbor"];
n0 -> n00;
n01[label = "FarthestFirstNode"];
n0 -> n01;
n02[label = "FarthestInsertion"];
n0 -> n02;
n -> n0;
n1[label = "If_Then"];
n10[label = "If_Then"];
n100[label = "FarthestFirstNode"];
n10 -> n100;
n101[label = "FarthestFirstNode"];
n10 -> n101;
n1 -> n10;
n11[label = "If_Then_Else"];
n110[label = "NearestNeighbor"];
n11 -> n110;
n111[label = "FarthestFirstNode"];
n11 -> n111;
n112[label = "WorstMove"];
n11 -> n112;
n1 -> n11;
n -> n1;
}


Generation: 12
Best Individual:
Subpopulation 0:
Evaluated: true
Fitness: Standardized=0.2793801 Adjusted=0.78162855 Hits=0
Tree 0:
digraph g {
node [shape=rectangle];
n[label = "And"];
n0[label = "If_Then_Else"];
n00[label = "NearestNeighbor"];
n0 -> n00;
n01[label = "FarthestFirstNode"];
n0 -> n01;
n02[label = "FarthestInsertion"];
n0 -> n02;
n -> n0;
n1[label = "If_Then"];
n10[label = "If_Then"];
n100[label = "FarthestFirstNode"];
n10 -> n100;
n101[label = "FarthestFirstNode"];
n10 -> n101;
n1 -> n10;
n11[label = "If_Then_Else"];
n110[label = "NearestNeighbor"];
n11 -> n110;
n111[label = "FarthestFirstNode"];
n11 -> n111;
n112[label = "WorstMove"];
n11 -> n112;
n1 -> n11;
n -> n1;
}


Generation: 13
Best Individual:
Subpopulation 0:
Evaluated: true
Fitness: Standardized=0.2793801 Adjusted=0.78162855 Hits=0
Tree 0:
digraph g {
node [shape=rectangle];
n[label = "And"];
n0[label = "If_Then_Else"];
n00[label = "NearestNeighbor"];
n0 -> n00;
n01[label = "FarthestFirstNode"];
n0 -> n01;
n02[label = "FarthestInsertion"];
n0 -> n02;
n -> n0;
n1[label = "If_Then"];
n10[label = "If_Then"];
n100[label = "FarthestFirstNode"];
n10 -> n100;
n101[label = "FarthestFirstNode"];
n10 -> n101;
n1 -> n10;
n11[label = "If_Then_Else"];
n110[label = "NearestNeighbor"];
n11 -> n110;
n111[label = "FarthestFirstNode"];
n11 -> n111;
n112[label = "WorstMove"];
n11 -> n112;
n1 -> n11;
n -> n1;
}


Generation: 14
Best Individual:
Subpopulation 0:
Evaluated: true
Fitness: Standardized=0.2793801 Adjusted=0.78162855 Hits=0
Tree 0:
digraph g {
node [shape=rectangle];
n[label = "And"];
n0[label = "If_Then_Else"];
n00[label = "NearestNeighbor"];
n0 -> n00;
n01[label = "FarthestFirstNode"];
n0 -> n01;
n02[label = "FarthestInsertion"];
n0 -> n02;
n -> n0;
n1[label = "If_Then"];
n10[label = "If_Then"];
n100[label = "FarthestFirstNode"];
n10 -> n100;
n101[label = "FarthestFirstNode"];
n10 -> n101;
n1 -> n10;
n11[label = "If_Then_Else"];
n110[label = "NearestNeighbor"];
n11 -> n110;
n111[label = "FarthestFirstNode"];
n11 -> n111;
n112[label = "WorstMove"];
n11 -> n112;
n1 -> n11;
n -> n1;
}


Generation: 15
Best Individual:
Subpopulation 0:
Evaluated: true
Fitness: Standardized=0.2793801 Adjusted=0.78162855 Hits=0
Tree 0:
digraph g {
node [shape=rectangle];
n[label = "And"];
n0[label = "If_Then_Else"];
n00[label = "NearestNeighbor"];
n0 -> n00;
n01[label = "FarthestFirstNode"];
n0 -> n01;
n02[label = "FarthestInsertion"];
n0 -> n02;
n -> n0;
n1[label = "If_Then"];
n10[label = "If_Then"];
n100[label = "FarthestFirstNode"];
n10 -> n100;
n101[label = "FarthestFirstNode"];
n10 -> n101;
n1 -> n10;
n11[label = "If_Then_Else"];
n110[label = "NearestNeighbor"];
n11 -> n110;
n111[label = "FarthestFirstNode"];
n11 -> n111;
n112[label = "WorstMove"];
n11 -> n112;
n1 -> n11;
n -> n1;
}


Generation: 16
Best Individual:
Subpopulation 0:
Evaluated: true
Fitness: Standardized=0.2793801 Adjusted=0.78162855 Hits=0
Tree 0:
digraph g {
node [shape=rectangle];
n[label = "And"];
n0[label = "If_Then_Else"];
n00[label = "NearestNeighbor"];
n0 -> n00;
n01[label = "FarthestFirstNode"];
n0 -> n01;
n02[label = "WorstMove"];
n0 -> n02;
n -> n0;
n1[label = "If_Then"];
n10[label = "If_Then"];
n100[label = "FarthestFirstNode"];
n10 -> n100;
n101[label = "FarthestFirstNode"];
n10 -> n101;
n1 -> n10;
n11[label = "If_Then_Else"];
n110[label = "NearestNeighbor"];
n11 -> n110;
n111[label = "FarthestFirstNode"];
n11 -> n111;
n112[label = "WorstMove"];
n11 -> n112;
n1 -> n11;
n -> n1;
}


Generation: 17
Best Individual:
Subpopulation 0:
Evaluated: true
Fitness: Standardized=0.2793801 Adjusted=0.78162855 Hits=0
Tree 0:
digraph g {
node [shape=rectangle];
n[label = "And"];
n0[label = "If_Then_Else"];
n00[label = "NearestNeighbor"];
n0 -> n00;
n01[label = "FarthestFirstNode"];
n0 -> n01;
n02[label = "FarthestInsertion"];
n0 -> n02;
n -> n0;
n1[label = "If_Then"];
n10[label = "If_Then"];
n100[label = "FarthestFirstNode"];
n10 -> n100;
n101[label = "FarthestFirstNode"];
n10 -> n101;
n1 -> n10;
n11[label = "If_Then_Else"];
n110[label = "NearestNeighbor"];
n11 -> n110;
n111[label = "FarthestFirstNode"];
n11 -> n111;
n112[label = "WorstMove"];
n11 -> n112;
n1 -> n11;
n -> n1;
}


Generation: 18
Best Individual:
Subpopulation 0:
Evaluated: true
Fitness: Standardized=0.2793801 Adjusted=0.78162855 Hits=0
Tree 0:
digraph g {
node [shape=rectangle];
n[label = "And"];
n0[label = "If_Then_Else"];
n00[label = "NearestNeighbor"];
n0 -> n00;
n01[label = "FarthestFirstNode"];
n0 -> n01;
n02[label = "FarthestInsertion"];
n0 -> n02;
n -> n0;
n1[label = "If_Then"];
n10[label = "If_Then"];
n100[label = "FarthestFirstNode"];
n10 -> n100;
n101[label = "FarthestFirstNode"];
n10 -> n101;
n1 -> n10;
n11[label = "If_Then_Else"];
n110[label = "NearestNeighbor"];
n11 -> n110;
n111[label = "FarthestFirstNode"];
n11 -> n111;
n112[label = "WorstMove"];
n11 -> n112;
n1 -> n11;
n -> n1;
}


Generation: 19
Best Individual:
Subpopulation 0:
Evaluated: true
Fitness: Standardized=0.27425256 Adjusted=0.7847738 Hits=0
Tree 0:
digraph g {
node [shape=rectangle];
n[label = "And"];
n0[label = "If_Then_Else"];
n00[label = "NearestNeighbor"];
n0 -> n00;
n01[label = "FarthestFirstNode"];
n0 -> n01;
n02[label = "FarthestInsertion"];
n0 -> n02;
n -> n0;
n1[label = "If_Then"];
n10[label = "If_Then"];
n100[label = "FarthestFirstNode"];
n10 -> n100;
n101[label = "FarthestFirstNode"];
n10 -> n101;
n1 -> n10;
n11[label = "If_Then_Else"];
n110[label = "NearestNeighbor"];
n11 -> n110;
n111[label = "If_Then_Else"];
n1110[label = "NearestNeighbor"];
n111 -> n1110;
n1111[label = "FarthestFirstNode"];
n111 -> n1111;
n1112[label = "FarthestInsertion"];
n111 -> n1112;
n11 -> n111;
n112[label = "WorstMove"];
n11 -> n112;
n1 -> n11;
n -> n1;
}


Generation: 20
Best Individual:
Subpopulation 0:
Evaluated: true
Fitness: Standardized=0.27425256 Adjusted=0.7847738 Hits=0
Tree 0:
digraph g {
node [shape=rectangle];
n[label = "And"];
n0[label = "If_Then_Else"];
n00[label = "NearestNeighbor"];
n0 -> n00;
n01[label = "FarthestFirstNode"];
n0 -> n01;
n02[label = "FarthestInsertion"];
n0 -> n02;
n -> n0;
n1[label = "If_Then"];
n10[label = "If_Then"];
n100[label = "FarthestFirstNode"];
n10 -> n100;
n101[label = "FarthestFirstNode"];
n10 -> n101;
n1 -> n10;
n11[label = "If_Then_Else"];
n110[label = "NearestNeighbor"];
n11 -> n110;
n111[label = "If_Then_Else"];
n1110[label = "NearestNeighbor"];
n111 -> n1110;
n1111[label = "FarthestFirstNode"];
n111 -> n1111;
n1112[label = "FarthestInsertion"];
n111 -> n1112;
n11 -> n111;
n112[label = "WorstMove"];
n11 -> n112;
n1 -> n11;
n -> n1;
}


Generation: 21
Best Individual:
Subpopulation 0:
Evaluated: true
Fitness: Standardized=0.27425256 Adjusted=0.7847738 Hits=0
Tree 0:
digraph g {
node [shape=rectangle];
n[label = "And"];
n0[label = "If_Then_Else"];
n00[label = "NearestNeighbor"];
n0 -> n00;
n01[label = "FarthestFirstNode"];
n0 -> n01;
n02[label = "FarthestInsertion"];
n0 -> n02;
n -> n0;
n1[label = "If_Then"];
n10[label = "If_Then"];
n100[label = "FarthestFirstNode"];
n10 -> n100;
n101[label = "FarthestFirstNode"];
n10 -> n101;
n1 -> n10;
n11[label = "If_Then_Else"];
n110[label = "NearestNeighbor"];
n11 -> n110;
n111[label = "If_Then_Else"];
n1110[label = "NearestNeighbor"];
n111 -> n1110;
n1111[label = "FarthestFirstNode"];
n111 -> n1111;
n1112[label = "FarthestInsertion"];
n111 -> n1112;
n11 -> n111;
n112[label = "WorstMove"];
n11 -> n112;
n1 -> n11;
n -> n1;
}


Generation: 22
Best Individual:
Subpopulation 0:
Evaluated: true
Fitness: Standardized=0.27425256 Adjusted=0.7847738 Hits=0
Tree 0:
digraph g {
node [shape=rectangle];
n[label = "And"];
n0[label = "If_Then_Else"];
n00[label = "NearestNeighbor"];
n0 -> n00;
n01[label = "FarthestFirstNode"];
n0 -> n01;
n02[label = "FarthestInsertion"];
n0 -> n02;
n -> n0;
n1[label = "If_Then"];
n10[label = "If_Then"];
n100[label = "FarthestFirstNode"];
n10 -> n100;
n101[label = "FarthestFirstNode"];
n10 -> n101;
n1 -> n10;
n11[label = "If_Then_Else"];
n110[label = "NearestNeighbor"];
n11 -> n110;
n111[label = "If_Then_Else"];
n1110[label = "NearestNeighbor"];
n111 -> n1110;
n1111[label = "FarthestFirstNode"];
n111 -> n1111;
n1112[label = "FarthestInsertion"];
n111 -> n1112;
n11 -> n111;
n112[label = "WorstMove"];
n11 -> n112;
n1 -> n11;
n -> n1;
}


Generation: 23
Best Individual:
Subpopulation 0:
Evaluated: true
Fitness: Standardized=0.27425256 Adjusted=0.7847738 Hits=0
Tree 0:
digraph g {
node [shape=rectangle];
n[label = "And"];
n0[label = "If_Then_Else"];
n00[label = "NearestNeighbor"];
n0 -> n00;
n01[label = "FarthestFirstNode"];
n0 -> n01;
n02[label = "FarthestInsertion"];
n0 -> n02;
n -> n0;
n1[label = "If_Then"];
n10[label = "If_Then"];
n100[label = "FarthestFirstNode"];
n10 -> n100;
n101[label = "FarthestFirstNode"];
n10 -> n101;
n1 -> n10;
n11[label = "If_Then_Else"];
n110[label = "NearestNeighbor"];
n11 -> n110;
n111[label = "If_Then_Else"];
n1110[label = "NearestNeighbor"];
n111 -> n1110;
n1111[label = "FarthestFirstNode"];
n111 -> n1111;
n1112[label = "FarthestInsertion"];
n111 -> n1112;
n11 -> n111;
n112[label = "WorstMove"];
n11 -> n112;
n1 -> n11;
n -> n1;
}


Generation: 24
Best Individual:
Subpopulation 0:
Evaluated: true
Fitness: Standardized=0.27425256 Adjusted=0.7847738 Hits=0
Tree 0:
digraph g {
node [shape=rectangle];
n[label = "And"];
n0[label = "If_Then_Else"];
n00[label = "NearestNeighbor"];
n0 -> n00;
n01[label = "FarthestFirstNode"];
n0 -> n01;
n02[label = "FarthestInsertion"];
n0 -> n02;
n -> n0;
n1[label = "If_Then"];
n10[label = "If_Then"];
n100[label = "FarthestFirstNode"];
n10 -> n100;
n101[label = "FarthestFirstNode"];
n10 -> n101;
n1 -> n10;
n11[label = "If_Then_Else"];
n110[label = "NearestNeighbor"];
n11 -> n110;
n111[label = "If_Then_Else"];
n1110[label = "NearestNeighbor"];
n111 -> n1110;
n1111[label = "FarthestFirstNode"];
n111 -> n1111;
n1112[label = "FarthestInsertion"];
n111 -> n1112;
n11 -> n111;
n112[label = "WorstMove"];
n11 -> n112;
n1 -> n11;
n -> n1;
}


Generation: 25
Best Individual:
Subpopulation 0:
Evaluated: true
Fitness: Standardized=0.27425256 Adjusted=0.7847738 Hits=0
Tree 0:
digraph g {
node [shape=rectangle];
n[label = "And"];
n0[label = "If_Then_Else"];
n00[label = "NearestNeighbor"];
n0 -> n00;
n01[label = "FarthestFirstNode"];
n0 -> n01;
n02[label = "FarthestInsertion"];
n0 -> n02;
n -> n0;
n1[label = "If_Then"];
n10[label = "If_Then"];
n100[label = "FarthestFirstNode"];
n10 -> n100;
n101[label = "FarthestFirstNode"];
n10 -> n101;
n1 -> n10;
n11[label = "If_Then_Else"];
n110[label = "NearestNeighbor"];
n11 -> n110;
n111[label = "If_Then_Else"];
n1110[label = "NearestNeighbor"];
n111 -> n1110;
n1111[label = "FarthestFirstNode"];
n111 -> n1111;
n1112[label = "FarthestInsertion"];
n111 -> n1112;
n11 -> n111;
n112[label = "WorstMove"];
n11 -> n112;
n1 -> n11;
n -> n1;
}


Generation: 26
Best Individual:
Subpopulation 0:
Evaluated: true
Fitness: Standardized=0.27425256 Adjusted=0.7847738 Hits=0
Tree 0:
digraph g {
node [shape=rectangle];
n[label = "And"];
n0[label = "If_Then_Else"];
n00[label = "NearestNeighbor"];
n0 -> n00;
n01[label = "FarthestFirstNode"];
n0 -> n01;
n02[label = "FarthestInsertion"];
n0 -> n02;
n -> n0;
n1[label = "If_Then"];
n10[label = "If_Then"];
n100[label = "FarthestFirstNode"];
n10 -> n100;
n101[label = "FarthestFirstNode"];
n10 -> n101;
n1 -> n10;
n11[label = "If_Then_Else"];
n110[label = "NearestNeighbor"];
n11 -> n110;
n111[label = "If_Then_Else"];
n1110[label = "NearestNeighbor"];
n111 -> n1110;
n1111[label = "FarthestFirstNode"];
n111 -> n1111;
n1112[label = "FarthestInsertion"];
n111 -> n1112;
n11 -> n111;
n112[label = "WorstMove"];
n11 -> n112;
n1 -> n11;
n -> n1;
}


Generation: 27
Best Individual:
Subpopulation 0:
Evaluated: true
Fitness: Standardized=0.27425256 Adjusted=0.7847738 Hits=0
Tree 0:
digraph g {
node [shape=rectangle];
n[label = "And"];
n0[label = "If_Then_Else"];
n00[label = "NearestNeighbor"];
n0 -> n00;
n01[label = "FarthestFirstNode"];
n0 -> n01;
n02[label = "If_Then_Else"];
n020[label = "NearestNeighbor"];
n02 -> n020;
n021[label = "If_Then_Else"];
n0210[label = "NearestNeighbor"];
n021 -> n0210;
n0211[label = "FarthestFirstNode"];
n021 -> n0211;
n0212[label = "CplexTerminal"];
n021 -> n0212;
n02 -> n021;
n022[label = "WorstMove"];
n02 -> n022;
n0 -> n02;
n -> n0;
n1[label = "If_Then"];
n10[label = "If_Then"];
n100[label = "FarthestFirstNode"];
n10 -> n100;
n101[label = "FarthestFirstNode"];
n10 -> n101;
n1 -> n10;
n11[label = "If_Then_Else"];
n110[label = "NearestNeighbor"];
n11 -> n110;
n111[label = "If_Then_Else"];
n1110[label = "NearestNeighbor"];
n111 -> n1110;
n1111[label = "FarthestFirstNode"];
n111 -> n1111;
n1112[label = "FarthestInsertion"];
n111 -> n1112;
n11 -> n111;
n112[label = "WorstMove"];
n11 -> n112;
n1 -> n11;
n -> n1;
}


Generation: 28
Best Individual:
Subpopulation 0:
Evaluated: true
Fitness: Standardized=0.27425256 Adjusted=0.7847738 Hits=0
Tree 0:
digraph g {
node [shape=rectangle];
n[label = "And"];
n0[label = "If_Then_Else"];
n00[label = "NearestNeighbor"];
n0 -> n00;
n01[label = "FarthestFirstNode"];
n0 -> n01;
n02[label = "FarthestInsertion"];
n0 -> n02;
n -> n0;
n1[label = "If_Then"];
n10[label = "Equal"];
n100[label = "FarthestFirstNode"];
n10 -> n100;
n101[label = "FarthestFirstNode"];
n10 -> n101;
n1 -> n10;
n11[label = "If_Then_Else"];
n110[label = "NearestNeighbor"];
n11 -> n110;
n111[label = "If_Then_Else"];
n1110[label = "NearestNeighbor"];
n111 -> n1110;
n1111[label = "FarthestFirstNode"];
n111 -> n1111;
n1112[label = "FarthestInsertion"];
n111 -> n1112;
n11 -> n111;
n112[label = "WorstMove"];
n11 -> n112;
n1 -> n11;
n -> n1;
}


Generation: 29
Best Individual:
Subpopulation 0:
Evaluated: true
Fitness: Standardized=0.27425256 Adjusted=0.7847738 Hits=0
Tree 0:
digraph g {
node [shape=rectangle];
n[label = "And"];
n0[label = "If_Then_Else"];
n00[label = "NearestNeighbor"];
n0 -> n00;
n01[label = "FarthestFirstNode"];
n0 -> n01;
n02[label = "FarthestInsertion"];
n0 -> n02;
n -> n0;
n1[label = "If_Then"];
n10[label = "If_Then"];
n100[label = "FarthestFirstNode"];
n10 -> n100;
n101[label = "FarthestFirstNode"];
n10 -> n101;
n1 -> n10;
n11[label = "If_Then_Else"];
n110[label = "NearestNeighbor"];
n11 -> n110;
n111[label = "If_Then_Else"];
n1110[label = "NearestNeighbor"];
n111 -> n1110;
n1111[label = "FarthestFirstNode"];
n111 -> n1111;
n1112[label = "FarthestInsertion"];
n111 -> n1112;
n11 -> n111;
n112[label = "WorstMove"];
n11 -> n112;
n1 -> n11;
n -> n1;
}


Generation: 30
Best Individual:
Subpopulation 0:
Evaluated: true
Fitness: Standardized=0.27425256 Adjusted=0.7847738 Hits=0
Tree 0:
digraph g {
node [shape=rectangle];
n[label = "And"];
n0[label = "If_Then_Else"];
n00[label = "NearestNeighbor"];
n0 -> n00;
n01[label = "FarthestFirstNode"];
n0 -> n01;
n02[label = "If_Then_Else"];
n020[label = "NearestNeighbor"];
n02 -> n020;
n021[label = "If_Then_Else"];
n0210[label = "NearestNeighbor"];
n021 -> n0210;
n0211[label = "FarthestFirstNode"];
n021 -> n0211;
n0212[label = "CplexTerminal"];
n021 -> n0212;
n02 -> n021;
n022[label = "WorstMove"];
n02 -> n022;
n0 -> n02;
n -> n0;
n1[label = "If_Then"];
n10[label = "If_Then"];
n100[label = "FarthestFirstNode"];
n10 -> n100;
n101[label = "FarthestFirstNode"];
n10 -> n101;
n1 -> n10;
n11[label = "If_Then_Else"];
n110[label = "NearestNeighbor"];
n11 -> n110;
n111[label = "If_Then_Else"];
n1110[label = "NearestNeighbor"];
n111 -> n1110;
n1111[label = "FarthestFirstNode"];
n111 -> n1111;
n1112[label = "FarthestInsertion"];
n111 -> n1112;
n11 -> n111;
n112[label = "WorstMove"];
n11 -> n112;
n1 -> n11;
n -> n1;
}


Generation: 31
Best Individual:
Subpopulation 0:
Evaluated: true
Fitness: Standardized=0.27425256 Adjusted=0.7847738 Hits=0
Tree 0:
digraph g {
node [shape=rectangle];
n[label = "And"];
n0[label = "If_Then_Else"];
n00[label = "NearestNeighbor"];
n0 -> n00;
n01[label = "FarthestFirstNode"];
n0 -> n01;
n02[label = "If_Then_Else"];
n020[label = "NearestNeighbor"];
n02 -> n020;
n021[label = "If_Then_Else"];
n0210[label = "NearestNeighbor"];
n021 -> n0210;
n0211[label = "FarthestFirstNode"];
n021 -> n0211;
n0212[label = "CplexTerminal"];
n021 -> n0212;
n02 -> n021;
n022[label = "WorstMove"];
n02 -> n022;
n0 -> n02;
n -> n0;
n1[label = "If_Then"];
n10[label = "If_Then"];
n100[label = "FarthestFirstNode"];
n10 -> n100;
n101[label = "FarthestFirstNode"];
n10 -> n101;
n1 -> n10;
n11[label = "If_Then_Else"];
n110[label = "NearestNeighbor"];
n11 -> n110;
n111[label = "If_Then_Else"];
n1110[label = "NearestNeighbor"];
n111 -> n1110;
n1111[label = "FarthestFirstNode"];
n111 -> n1111;
n1112[label = "FarthestInsertion"];
n111 -> n1112;
n11 -> n111;
n112[label = "WorstMove"];
n11 -> n112;
n1 -> n11;
n -> n1;
}


Generation: 32
Best Individual:
Subpopulation 0:
Evaluated: true
Fitness: Standardized=0.27425256 Adjusted=0.7847738 Hits=0
Tree 0:
digraph g {
node [shape=rectangle];
n[label = "And"];
n0[label = "If_Then_Else"];
n00[label = "NearestNeighbor"];
n0 -> n00;
n01[label = "FarthestFirstNode"];
n0 -> n01;
n02[label = "FarthestInsertion"];
n0 -> n02;
n -> n0;
n1[label = "Equal"];
n10[label = "If_Then"];
n100[label = "FarthestFirstNode"];
n10 -> n100;
n101[label = "FarthestFirstNode"];
n10 -> n101;
n1 -> n10;
n11[label = "If_Then_Else"];
n110[label = "NearestNeighbor"];
n11 -> n110;
n111[label = "If_Then_Else"];
n1110[label = "NearestNeighbor"];
n111 -> n1110;
n1111[label = "FarthestFirstNode"];
n111 -> n1111;
n1112[label = "FarthestInsertion"];
n111 -> n1112;
n11 -> n111;
n112[label = "WorstMove"];
n11 -> n112;
n1 -> n11;
n -> n1;
}


Generation: 33
Best Individual:
Subpopulation 0:
Evaluated: true
Fitness: Standardized=0.27425256 Adjusted=0.7847738 Hits=0
Tree 0:
digraph g {
node [shape=rectangle];
n[label = "And"];
n0[label = "If_Then_Else"];
n00[label = "NearestNeighbor"];
n0 -> n00;
n01[label = "FarthestFirstNode"];
n0 -> n01;
n02[label = "If_Then_Else"];
n020[label = "NearestNeighbor"];
n02 -> n020;
n021[label = "If_Then_Else"];
n0210[label = "NearestNeighbor"];
n021 -> n0210;
n0211[label = "FarthestFirstNode"];
n021 -> n0211;
n0212[label = "CplexTerminal"];
n021 -> n0212;
n02 -> n021;
n022[label = "WorstMove"];
n02 -> n022;
n0 -> n02;
n -> n0;
n1[label = "If_Then"];
n10[label = "If_Then"];
n100[label = "FarthestFirstNode"];
n10 -> n100;
n101[label = "FarthestFirstNode"];
n10 -> n101;
n1 -> n10;
n11[label = "If_Then_Else"];
n110[label = "NearestNeighbor"];
n11 -> n110;
n111[label = "If_Then_Else"];
n1110[label = "NearestNeighbor"];
n111 -> n1110;
n1111[label = "FarthestFirstNode"];
n111 -> n1111;
n1112[label = "FarthestInsertion"];
n111 -> n1112;
n11 -> n111;
n112[label = "If_Then_Else"];
n1120[label = "NearestNeighbor"];
n112 -> n1120;
n1121[label = "FarthestFirstNode"];
n112 -> n1121;
n1122[label = "FarthestInsertion"];
n112 -> n1122;
n11 -> n112;
n1 -> n11;
n -> n1;
}


Generation: 34
Best Individual:
Subpopulation 0:
Evaluated: true
Fitness: Standardized=0.27425256 Adjusted=0.7847738 Hits=0
Tree 0:
digraph g {
node [shape=rectangle];
n[label = "And"];
n0[label = "If_Then_Else"];
n00[label = "NearestNeighbor"];
n0 -> n00;
n01[label = "FarthestFirstNode"];
n0 -> n01;
n02[label = "FarthestInsertion"];
n0 -> n02;
n -> n0;
n1[label = "If_Then"];
n10[label = "If_Then"];
n100[label = "FarthestFirstNode"];
n10 -> n100;
n101[label = "FarthestFirstNode"];
n10 -> n101;
n1 -> n10;
n11[label = "If_Then_Else"];
n110[label = "NearestNeighbor"];
n11 -> n110;
n111[label = "If_Then_Else"];
n1110[label = "NearestNeighbor"];
n111 -> n1110;
n1111[label = "FarthestFirstNode"];
n111 -> n1111;
n1112[label = "FarthestInsertion"];
n111 -> n1112;
n11 -> n111;
n112[label = "WorstMove"];
n11 -> n112;
n1 -> n11;
n -> n1;
}


Generation: 35
Best Individual:
Subpopulation 0:
Evaluated: true
Fitness: Standardized=0.27425256 Adjusted=0.7847738 Hits=0
Tree 0:
digraph g {
node [shape=rectangle];
n[label = "And"];
n0[label = "If_Then_Else"];
n00[label = "NearestNeighbor"];
n0 -> n00;
n01[label = "FarthestFirstNode"];
n0 -> n01;
n02[label = "If_Then_Else"];
n020[label = "NearestNeighbor"];
n02 -> n020;
n021[label = "NearestNeighbor"];
n02 -> n021;
n022[label = "WorstMove"];
n02 -> n022;
n0 -> n02;
n -> n0;
n1[label = "If_Then"];
n10[label = "If_Then"];
n100[label = "FarthestFirstNode"];
n10 -> n100;
n101[label = "FarthestFirstNode"];
n10 -> n101;
n1 -> n10;
n11[label = "If_Then_Else"];
n110[label = "NearestNeighbor"];
n11 -> n110;
n111[label = "If_Then_Else"];
n1110[label = "NearestNeighbor"];
n111 -> n1110;
n1111[label = "FarthestFirstNode"];
n111 -> n1111;
n1112[label = "FarthestInsertion"];
n111 -> n1112;
n11 -> n111;
n112[label = "WorstMove"];
n11 -> n112;
n1 -> n11;
n -> n1;
}


Generation: 36
Best Individual:
Subpopulation 0:
Evaluated: true
Fitness: Standardized=0.2702414 Adjusted=0.78725195 Hits=0
Tree 0:
digraph g {
node [shape=rectangle];
n[label = "And"];
n0[label = "If_Then_Else"];
n00[label = "NearestNeighbor"];
n0 -> n00;
n01[label = "FarthestFirstNode"];
n0 -> n01;
n02[label = "If_Then_Else"];
n020[label = "NearestNeighbor"];
n02 -> n020;
n021[label = "NearestNeighbor"];
n02 -> n021;
n022[label = "WorstMove"];
n02 -> n022;
n0 -> n02;
n -> n0;
n1[label = "If_Then"];
n10[label = "And"];
n100[label = "If_Then"];
n1000[label = "FarthestInsertion"];
n100 -> n1000;
n1001[label = "FarthestInsertion"];
n100 -> n1001;
n10 -> n100;
n101[label = "NearestNeighbor"];
n10 -> n101;
n1 -> n10;
n11[label = "If_Then_Else"];
n110[label = "NearestNeighbor"];
n11 -> n110;
n111[label = "If_Then_Else"];
n1110[label = "NearestNeighbor"];
n111 -> n1110;
n1111[label = "FarthestFirstNode"];
n111 -> n1111;
n1112[label = "FarthestInsertion"];
n111 -> n1112;
n11 -> n111;
n112[label = "WorstMove"];
n11 -> n112;
n1 -> n11;
n -> n1;
}


Generation: 37
Best Individual:
Subpopulation 0:
Evaluated: true
Fitness: Standardized=0.2702414 Adjusted=0.78725195 Hits=0
Tree 0:
digraph g {
node [shape=rectangle];
n[label = "And"];
n0[label = "If_Then_Else"];
n00[label = "NearestNeighbor"];
n0 -> n00;
n01[label = "FarthestFirstNode"];
n0 -> n01;
n02[label = "If_Then_Else"];
n020[label = "NearestNeighbor"];
n02 -> n020;
n021[label = "NearestNeighbor"];
n02 -> n021;
n022[label = "WorstMove"];
n02 -> n022;
n0 -> n02;
n -> n0;
n1[label = "If_Then"];
n10[label = "And"];
n100[label = "If_Then"];
n1000[label = "FarthestInsertion"];
n100 -> n1000;
n1001[label = "FarthestInsertion"];
n100 -> n1001;
n10 -> n100;
n101[label = "NearestNeighbor"];
n10 -> n101;
n1 -> n10;
n11[label = "If_Then_Else"];
n110[label = "NearestNeighbor"];
n11 -> n110;
n111[label = "If_Then_Else"];
n1110[label = "NearestNeighbor"];
n111 -> n1110;
n1111[label = "FarthestFirstNode"];
n111 -> n1111;
n1112[label = "FarthestInsertion"];
n111 -> n1112;
n11 -> n111;
n112[label = "WorstMove"];
n11 -> n112;
n1 -> n11;
n -> n1;
}


Generation: 38
Best Individual:
Subpopulation 0:
Evaluated: true
Fitness: Standardized=0.2702414 Adjusted=0.78725195 Hits=0
Tree 0:
digraph g {
node [shape=rectangle];
n[label = "And"];
n0[label = "If_Then_Else"];
n00[label = "NearestNeighbor"];
n0 -> n00;
n01[label = "FarthestFirstNode"];
n0 -> n01;
n02[label = "If_Then_Else"];
n020[label = "NearestNeighbor"];
n02 -> n020;
n021[label = "NearestNeighbor"];
n02 -> n021;
n022[label = "WorstMove"];
n02 -> n022;
n0 -> n02;
n -> n0;
n1[label = "If_Then"];
n10[label = "And"];
n100[label = "If_Then"];
n1000[label = "FarthestInsertion"];
n100 -> n1000;
n1001[label = "FarthestInsertion"];
n100 -> n1001;
n10 -> n100;
n101[label = "NearestNeighbor"];
n10 -> n101;
n1 -> n10;
n11[label = "If_Then_Else"];
n110[label = "NearestNeighbor"];
n11 -> n110;
n111[label = "If_Then_Else"];
n1110[label = "NearestNeighbor"];
n111 -> n1110;
n1111[label = "FarthestFirstNode"];
n111 -> n1111;
n1112[label = "FarthestInsertion"];
n111 -> n1112;
n11 -> n111;
n112[label = "WorstMove"];
n11 -> n112;
n1 -> n11;
n -> n1;
}


Generation: 39
Best Individual:
Subpopulation 0:
Evaluated: true
Fitness: Standardized=0.2702414 Adjusted=0.78725195 Hits=0
Tree 0:
digraph g {
node [shape=rectangle];
n[label = "And"];
n0[label = "If_Then_Else"];
n00[label = "NearestNeighbor"];
n0 -> n00;
n01[label = "FarthestFirstNode"];
n0 -> n01;
n02[label = "If_Then_Else"];
n020[label = "NearestNeighbor"];
n02 -> n020;
n021[label = "NearestNeighbor"];
n02 -> n021;
n022[label = "WorstMove"];
n02 -> n022;
n0 -> n02;
n -> n0;
n1[label = "If_Then"];
n10[label = "And"];
n100[label = "If_Then"];
n1000[label = "FarthestInsertion"];
n100 -> n1000;
n1001[label = "FarthestInsertion"];
n100 -> n1001;
n10 -> n100;
n101[label = "NearestNeighbor"];
n10 -> n101;
n1 -> n10;
n11[label = "If_Then_Else"];
n110[label = "NearestNeighbor"];
n11 -> n110;
n111[label = "If_Then_Else"];
n1110[label = "NearestNeighbor"];
n111 -> n1110;
n1111[label = "FarthestFirstNode"];
n111 -> n1111;
n1112[label = "FarthestInsertion"];
n111 -> n1112;
n11 -> n111;
n112[label = "WorstMove"];
n11 -> n112;
n1 -> n11;
n -> n1;
}


Generation: 40
Best Individual:
Subpopulation 0:
Evaluated: true
Fitness: Standardized=0.2702414 Adjusted=0.78725195 Hits=0
Tree 0:
digraph g {
node [shape=rectangle];
n[label = "And"];
n0[label = "If_Then_Else"];
n00[label = "NearestNeighbor"];
n0 -> n00;
n01[label = "FarthestFirstNode"];
n0 -> n01;
n02[label = "If_Then_Else"];
n020[label = "NearestNeighbor"];
n02 -> n020;
n021[label = "NearestNeighbor"];
n02 -> n021;
n022[label = "WorstMove"];
n02 -> n022;
n0 -> n02;
n -> n0;
n1[label = "If_Then"];
n10[label = "If_Then"];
n100[label = "If_Then"];
n1000[label = "FarthestInsertion"];
n100 -> n1000;
n1001[label = "FarthestInsertion"];
n100 -> n1001;
n10 -> n100;
n101[label = "NearestNeighbor"];
n10 -> n101;
n1 -> n10;
n11[label = "If_Then_Else"];
n110[label = "NearestNeighbor"];
n11 -> n110;
n111[label = "If_Then_Else"];
n1110[label = "NearestNeighbor"];
n111 -> n1110;
n1111[label = "FarthestFirstNode"];
n111 -> n1111;
n1112[label = "FarthestInsertion"];
n111 -> n1112;
n11 -> n111;
n112[label = "WorstMove"];
n11 -> n112;
n1 -> n11;
n -> n1;
}


Generation: 41
Best Individual:
Subpopulation 0:
Evaluated: true
Fitness: Standardized=0.2702414 Adjusted=0.78725195 Hits=0
Tree 0:
digraph g {
node [shape=rectangle];
n[label = "And"];
n0[label = "If_Then_Else"];
n00[label = "NearestNeighbor"];
n0 -> n00;
n01[label = "FarthestFirstNode"];
n0 -> n01;
n02[label = "If_Then_Else"];
n020[label = "NearestNeighbor"];
n02 -> n020;
n021[label = "NearestNeighbor"];
n02 -> n021;
n022[label = "NearestNeighbor"];
n02 -> n022;
n0 -> n02;
n -> n0;
n1[label = "If_Then"];
n10[label = "And"];
n100[label = "If_Then"];
n1000[label = "FarthestInsertion"];
n100 -> n1000;
n1001[label = "FarthestInsertion"];
n100 -> n1001;
n10 -> n100;
n101[label = "NearestNeighbor"];
n10 -> n101;
n1 -> n10;
n11[label = "If_Then_Else"];
n110[label = "NearestNeighbor"];
n11 -> n110;
n111[label = "If_Then_Else"];
n1110[label = "NearestNeighbor"];
n111 -> n1110;
n1111[label = "FarthestFirstNode"];
n111 -> n1111;
n1112[label = "FarthestInsertion"];
n111 -> n1112;
n11 -> n111;
n112[label = "WorstMove"];
n11 -> n112;
n1 -> n11;
n -> n1;
}


Generation: 42
Best Individual:
Subpopulation 0:
Evaluated: true
Fitness: Standardized=0.2702414 Adjusted=0.78725195 Hits=0
Tree 0:
digraph g {
node [shape=rectangle];
n[label = "And"];
n0[label = "If_Then_Else"];
n00[label = "NearestNeighbor"];
n0 -> n00;
n01[label = "FarthestFirstNode"];
n0 -> n01;
n02[label = "If_Then_Else"];
n020[label = "NearestNeighbor"];
n02 -> n020;
n021[label = "NearestNeighbor"];
n02 -> n021;
n022[label = "WorstMove"];
n02 -> n022;
n0 -> n02;
n -> n0;
n1[label = "If_Then"];
n10[label = "And"];
n100[label = "If_Then"];
n1000[label = "FarthestInsertion"];
n100 -> n1000;
n1001[label = "FarthestInsertion"];
n100 -> n1001;
n10 -> n100;
n101[label = "NearestNeighbor"];
n10 -> n101;
n1 -> n10;
n11[label = "If_Then_Else"];
n110[label = "NearestNeighbor"];
n11 -> n110;
n111[label = "If_Then_Else"];
n1110[label = "NearestNeighbor"];
n111 -> n1110;
n1111[label = "FarthestFirstNode"];
n111 -> n1111;
n1112[label = "FarthestInsertion"];
n111 -> n1112;
n11 -> n111;
n112[label = "If_Then_Else"];
n1120[label = "NearestNeighbor"];
n112 -> n1120;
n1121[label = "FarthestFirstNode"];
n112 -> n1121;
n1122[label = "FarthestInsertion"];
n112 -> n1122;
n11 -> n112;
n1 -> n11;
n -> n1;
}


Generation: 43
Best Individual:
Subpopulation 0:
Evaluated: true
Fitness: Standardized=0.2702414 Adjusted=0.78725195 Hits=0
Tree 0:
digraph g {
node [shape=rectangle];
n[label = "And"];
n0[label = "If_Then_Else"];
n00[label = "NearestNeighbor"];
n0 -> n00;
n01[label = "FarthestFirstNode"];
n0 -> n01;
n02[label = "If_Then_Else"];
n020[label = "NearestNeighbor"];
n02 -> n020;
n021[label = "NearestNeighbor"];
n02 -> n021;
n022[label = "WorstMove"];
n02 -> n022;
n0 -> n02;
n -> n0;
n1[label = "If_Then"];
n10[label = "And"];
n100[label = "If_Then"];
n1000[label = "FarthestInsertion"];
n100 -> n1000;
n1001[label = "FarthestInsertion"];
n100 -> n1001;
n10 -> n100;
n101[label = "NearestNeighbor"];
n10 -> n101;
n1 -> n10;
n11[label = "If_Then_Else"];
n110[label = "NearestNeighbor"];
n11 -> n110;
n111[label = "If_Then_Else"];
n1110[label = "NearestNeighbor"];
n111 -> n1110;
n1111[label = "FarthestFirstNode"];
n111 -> n1111;
n1112[label = "FarthestInsertion"];
n111 -> n1112;
n11 -> n111;
n112[label = "WorstMove"];
n11 -> n112;
n1 -> n11;
n -> n1;
}


Generation: 44
Best Individual:
Subpopulation 0:
Evaluated: true
Fitness: Standardized=0.2702414 Adjusted=0.78725195 Hits=0
Tree 0:
digraph g {
node [shape=rectangle];
n[label = "And"];
n0[label = "If_Then_Else"];
n00[label = "NearestNeighbor"];
n0 -> n00;
n01[label = "FarthestFirstNode"];
n0 -> n01;
n02[label = "If_Then_Else"];
n020[label = "NearestNeighbor"];
n02 -> n020;
n021[label = "NearestNeighbor"];
n02 -> n021;
n022[label = "NearestNeighbor"];
n02 -> n022;
n0 -> n02;
n -> n0;
n1[label = "Equal"];
n10[label = "And"];
n100[label = "If_Then"];
n1000[label = "FarthestInsertion"];
n100 -> n1000;
n1001[label = "FarthestInsertion"];
n100 -> n1001;
n10 -> n100;
n101[label = "NearestNeighbor"];
n10 -> n101;
n1 -> n10;
n11[label = "If_Then_Else"];
n110[label = "NearestNeighbor"];
n11 -> n110;
n111[label = "If_Then_Else"];
n1110[label = "NearestNeighbor"];
n111 -> n1110;
n1111[label = "FarthestFirstNode"];
n111 -> n1111;
n1112[label = "FarthestInsertion"];
n111 -> n1112;
n11 -> n111;
n112[label = "WorstMove"];
n11 -> n112;
n1 -> n11;
n -> n1;
}


Generation: 45
Best Individual:
Subpopulation 0:
Evaluated: true
Fitness: Standardized=0.2702414 Adjusted=0.78725195 Hits=0
Tree 0:
digraph g {
node [shape=rectangle];
n[label = "And"];
n0[label = "If_Then_Else"];
n00[label = "NearestNeighbor"];
n0 -> n00;
n01[label = "FarthestFirstNode"];
n0 -> n01;
n02[label = "If_Then_Else"];
n020[label = "NearestNeighbor"];
n02 -> n020;
n021[label = "NearestNeighbor"];
n02 -> n021;
n022[label = "NearestNeighbor"];
n02 -> n022;
n0 -> n02;
n -> n0;
n1[label = "If_Then"];
n10[label = "And"];
n100[label = "If_Then"];
n1000[label = "FarthestInsertion"];
n100 -> n1000;
n1001[label = "FarthestInsertion"];
n100 -> n1001;
n10 -> n100;
n101[label = "NearestNeighbor"];
n10 -> n101;
n1 -> n10;
n11[label = "If_Then_Else"];
n110[label = "NearestNeighbor"];
n11 -> n110;
n111[label = "If_Then_Else"];
n1110[label = "NearestNeighbor"];
n111 -> n1110;
n1111[label = "FarthestFirstNode"];
n111 -> n1111;
n1112[label = "FarthestInsertion"];
n111 -> n1112;
n11 -> n111;
n112[label = "WorstMove"];
n11 -> n112;
n1 -> n11;
n -> n1;
}


Generation: 46
Best Individual:
Subpopulation 0:
Evaluated: true
Fitness: Standardized=0.2702414 Adjusted=0.78725195 Hits=0
Tree 0:
digraph g {
node [shape=rectangle];
n[label = "And"];
n0[label = "If_Then_Else"];
n00[label = "NearestNeighbor"];
n0 -> n00;
n01[label = "FarthestFirstNode"];
n0 -> n01;
n02[label = "If_Then_Else"];
n020[label = "NearestNeighbor"];
n02 -> n020;
n021[label = "FarthestFirstNode"];
n02 -> n021;
n022[label = "FarthestInsertion"];
n02 -> n022;
n0 -> n02;
n -> n0;
n1[label = "If_Then"];
n10[label = "And"];
n100[label = "If_Then"];
n1000[label = "FarthestInsertion"];
n100 -> n1000;
n1001[label = "FarthestInsertion"];
n100 -> n1001;
n10 -> n100;
n101[label = "NearestNeighbor"];
n10 -> n101;
n1 -> n10;
n11[label = "If_Then_Else"];
n110[label = "NearestNeighbor"];
n11 -> n110;
n111[label = "If_Then_Else"];
n1110[label = "NearestNeighbor"];
n111 -> n1110;
n1111[label = "FarthestFirstNode"];
n111 -> n1111;
n1112[label = "FarthestInsertion"];
n111 -> n1112;
n11 -> n111;
n112[label = "WorstMove"];
n11 -> n112;
n1 -> n11;
n -> n1;
}


Generation: 47
Best Individual:
Subpopulation 0:
Evaluated: true
Fitness: Standardized=0.2702414 Adjusted=0.78725195 Hits=0
Tree 0:
digraph g {
node [shape=rectangle];
n[label = "And"];
n0[label = "If_Then_Else"];
n00[label = "NearestNeighbor"];
n0 -> n00;
n01[label = "FarthestFirstNode"];
n0 -> n01;
n02[label = "If_Then_Else"];
n020[label = "NearestNeighbor"];
n02 -> n020;
n021[label = "FarthestFirstNode"];
n02 -> n021;
n022[label = "FarthestInsertion"];
n02 -> n022;
n0 -> n02;
n -> n0;
n1[label = "If_Then"];
n10[label = "And"];
n100[label = "If_Then"];
n1000[label = "FarthestInsertion"];
n100 -> n1000;
n1001[label = "FarthestInsertion"];
n100 -> n1001;
n10 -> n100;
n101[label = "NearestNeighbor"];
n10 -> n101;
n1 -> n10;
n11[label = "If_Then_Else"];
n110[label = "NearestNeighbor"];
n11 -> n110;
n111[label = "If_Then_Else"];
n1110[label = "NearestNeighbor"];
n111 -> n1110;
n1111[label = "FarthestFirstNode"];
n111 -> n1111;
n1112[label = "FarthestInsertion"];
n111 -> n1112;
n11 -> n111;
n112[label = "WorstMove"];
n11 -> n112;
n1 -> n11;
n -> n1;
}


Generation: 48
Best Individual:
Subpopulation 0:
Evaluated: true
Fitness: Standardized=0.2702414 Adjusted=0.78725195 Hits=0
Tree 0:
digraph g {
node [shape=rectangle];
n[label = "And"];
n0[label = "If_Then_Else"];
n00[label = "NearestNeighbor"];
n0 -> n00;
n01[label = "FarthestFirstNode"];
n0 -> n01;
n02[label = "FarthestInsertion"];
n0 -> n02;
n -> n0;
n1[label = "If_Then"];
n10[label = "And"];
n100[label = "If_Then"];
n1000[label = "FarthestInsertion"];
n100 -> n1000;
n1001[label = "FarthestInsertion"];
n100 -> n1001;
n10 -> n100;
n101[label = "NearestNeighbor"];
n10 -> n101;
n1 -> n10;
n11[label = "If_Then_Else"];
n110[label = "NearestNeighbor"];
n11 -> n110;
n111[label = "If_Then_Else"];
n1110[label = "NearestNeighbor"];
n111 -> n1110;
n1111[label = "FarthestFirstNode"];
n111 -> n1111;
n1112[label = "FarthestInsertion"];
n111 -> n1112;
n11 -> n111;
n112[label = "WorstMove"];
n11 -> n112;
n1 -> n11;
n -> n1;
}


Generation: 49
Best Individual:
Subpopulation 0:
Evaluated: true
Fitness: Standardized=0.2702414 Adjusted=0.78725195 Hits=0
Tree 0:
digraph g {
node [shape=rectangle];
n[label = "And"];
n0[label = "If_Then_Else"];
n00[label = "NearestNeighbor"];
n0 -> n00;
n01[label = "FarthestFirstNode"];
n0 -> n01;
n02[label = "If_Then_Else"];
n020[label = "NearestNeighbor"];
n02 -> n020;
n021[label = "NearestNeighbor"];
n02 -> n021;
n022[label = "If_Then_Else"];
n0220[label = "NearestNeighbor"];
n022 -> n0220;
n0221[label = "FarthestFirstNode"];
n022 -> n0221;
n0222[label = "FarthestInsertion"];
n022 -> n0222;
n02 -> n022;
n0 -> n02;
n -> n0;
n1[label = "If_Then"];
n10[label = "And"];
n100[label = "If_Then"];
n1000[label = "FarthestInsertion"];
n100 -> n1000;
n1001[label = "FarthestInsertion"];
n100 -> n1001;
n10 -> n100;
n101[label = "NearestNeighbor"];
n10 -> n101;
n1 -> n10;
n11[label = "If_Then_Else"];
n110[label = "NearestNeighbor"];
n11 -> n110;
n111[label = "If_Then_Else"];
n1110[label = "NearestNeighbor"];
n111 -> n1110;
n1111[label = "FarthestFirstNode"];
n111 -> n1111;
n1112[label = "FarthestInsertion"];
n111 -> n1112;
n11 -> n111;
n112[label = "WorstMove"];
n11 -> n112;
n1 -> n11;
n -> n1;
}


Generation: 50
Best Individual:
Subpopulation 0:
Evaluated: true
Fitness: Standardized=0.2702414 Adjusted=0.78725195 Hits=0
Tree 0:
digraph g {
node [shape=rectangle];
n[label = "And"];
n0[label = "If_Then_Else"];
n00[label = "NearestNeighbor"];
n0 -> n00;
n01[label = "FarthestFirstNode"];
n0 -> n01;
n02[label = "If_Then_Else"];
n020[label = "NearestNeighbor"];
n02 -> n020;
n021[label = "FarthestFirstNode"];
n02 -> n021;
n022[label = "If_Then_Else"];
n0220[label = "NearestNeighbor"];
n022 -> n0220;
n0221[label = "FarthestFirstNode"];
n022 -> n0221;
n0222[label = "FarthestInsertion"];
n022 -> n0222;
n02 -> n022;
n0 -> n02;
n -> n0;
n1[label = "If_Then"];
n10[label = "And"];
n100[label = "If_Then"];
n1000[label = "FarthestInsertion"];
n100 -> n1000;
n1001[label = "FarthestInsertion"];
n100 -> n1001;
n10 -> n100;
n101[label = "NearestNeighbor"];
n10 -> n101;
n1 -> n10;
n11[label = "If_Then_Else"];
n110[label = "NearestNeighbor"];
n11 -> n110;
n111[label = "If_Then_Else"];
n1110[label = "NearestNeighbor"];
n111 -> n1110;
n1111[label = "FarthestFirstNode"];
n111 -> n1111;
n1112[label = "FarthestInsertion"];
n111 -> n1112;
n11 -> n111;
n112[label = "WorstMove"];
n11 -> n112;
n1 -> n11;
n -> n1;
}


Generation: 51
Best Individual:
Subpopulation 0:
Evaluated: true
Fitness: Standardized=0.2702414 Adjusted=0.78725195 Hits=0
Tree 0:
digraph g {
node [shape=rectangle];
n[label = "And"];
n0[label = "If_Then_Else"];
n00[label = "NearestFirstNode"];
n0 -> n00;
n01[label = "FarthestFirstNode"];
n0 -> n01;
n02[label = "If_Then_Else"];
n020[label = "NearestNeighbor"];
n02 -> n020;
n021[label = "FarthestFirstNode"];
n02 -> n021;
n022[label = "If_Then_Else"];
n0220[label = "NearestNeighbor"];
n022 -> n0220;
n0221[label = "FarthestFirstNode"];
n022 -> n0221;
n0222[label = "FarthestInsertion"];
n022 -> n0222;
n02 -> n022;
n0 -> n02;
n -> n0;
n1[label = "If_Then"];
n10[label = "And"];
n100[label = "If_Then"];
n1000[label = "FarthestInsertion"];
n100 -> n1000;
n1001[label = "FarthestInsertion"];
n100 -> n1001;
n10 -> n100;
n101[label = "NearestNeighbor"];
n10 -> n101;
n1 -> n10;
n11[label = "If_Then_Else"];
n110[label = "NearestNeighbor"];
n11 -> n110;
n111[label = "If_Then_Else"];
n1110[label = "NearestNeighbor"];
n111 -> n1110;
n1111[label = "FarthestFirstNode"];
n111 -> n1111;
n1112[label = "FarthestInsertion"];
n111 -> n1112;
n11 -> n111;
n112[label = "WorstMove"];
n11 -> n112;
n1 -> n11;
n -> n1;
}


Generation: 52
Best Individual:
Subpopulation 0:
Evaluated: true
Fitness: Standardized=0.2702414 Adjusted=0.78725195 Hits=0
Tree 0:
digraph g {
node [shape=rectangle];
n[label = "And"];
n0[label = "If_Then_Else"];
n00[label = "NearestNeighbor"];
n0 -> n00;
n01[label = "FarthestFirstNode"];
n0 -> n01;
n02[label = "If_Then_Else"];
n020[label = "NearestNeighbor"];
n02 -> n020;
n021[label = "FarthestFirstNode"];
n02 -> n021;
n022[label = "If_Then_Else"];
n0220[label = "NearestNeighbor"];
n022 -> n0220;
n0221[label = "FarthestFirstNode"];
n022 -> n0221;
n0222[label = "FarthestInsertion"];
n022 -> n0222;
n02 -> n022;
n0 -> n02;
n -> n0;
n1[label = "If_Then"];
n10[label = "And"];
n100[label = "If_Then"];
n1000[label = "FarthestInsertion"];
n100 -> n1000;
n1001[label = "FarthestInsertion"];
n100 -> n1001;
n10 -> n100;
n101[label = "NearestNeighbor"];
n10 -> n101;
n1 -> n10;
n11[label = "If_Then_Else"];
n110[label = "NearestNeighbor"];
n11 -> n110;
n111[label = "If_Then_Else"];
n1110[label = "NearestNeighbor"];
n111 -> n1110;
n1111[label = "FarthestFirstNode"];
n111 -> n1111;
n1112[label = "FarthestInsertion"];
n111 -> n1112;
n11 -> n111;
n112[label = "WorstMove"];
n11 -> n112;
n1 -> n11;
n -> n1;
}


Generation: 53
Best Individual:
Subpopulation 0:
Evaluated: true
Fitness: Standardized=0.2702414 Adjusted=0.78725195 Hits=0
Tree 0:
digraph g {
node [shape=rectangle];
n[label = "And"];
n0[label = "If_Then_Else"];
n00[label = "NearestNeighbor"];
n0 -> n00;
n01[label = "FarthestFirstNode"];
n0 -> n01;
n02[label = "If_Then_Else"];
n020[label = "NearestNeighbor"];
n02 -> n020;
n021[label = "FarthestFirstNode"];
n02 -> n021;
n022[label = "If_Then_Else"];
n0220[label = "NearestNeighbor"];
n022 -> n0220;
n0221[label = "FarthestFirstNode"];
n022 -> n0221;
n0222[label = "FarthestInsertion"];
n022 -> n0222;
n02 -> n022;
n0 -> n02;
n -> n0;
n1[label = "If_Then"];
n10[label = "And"];
n100[label = "If_Then"];
n1000[label = "FarthestInsertion"];
n100 -> n1000;
n1001[label = "FarthestInsertion"];
n100 -> n1001;
n10 -> n100;
n101[label = "NearestNeighbor"];
n10 -> n101;
n1 -> n10;
n11[label = "If_Then_Else"];
n110[label = "NearestNeighbor"];
n11 -> n110;
n111[label = "If_Then_Else"];
n1110[label = "NearestNeighbor"];
n111 -> n1110;
n1111[label = "FarthestFirstNode"];
n111 -> n1111;
n1112[label = "FarthestInsertion"];
n111 -> n1112;
n11 -> n111;
n112[label = "WorstMove"];
n11 -> n112;
n1 -> n11;
n -> n1;
}


Generation: 54
Best Individual:
Subpopulation 0:
Evaluated: true
Fitness: Standardized=0.2702414 Adjusted=0.78725195 Hits=0
Tree 0:
digraph g {
node [shape=rectangle];
n[label = "And"];
n0[label = "If_Then_Else"];
n00[label = "NearestNeighbor"];
n0 -> n00;
n01[label = "FarthestFirstNode"];
n0 -> n01;
n02[label = "If_Then_Else"];
n020[label = "NearestNeighbor"];
n02 -> n020;
n021[label = "FarthestFirstNode"];
n02 -> n021;
n022[label = "NearestFirstNode"];
n02 -> n022;
n0 -> n02;
n -> n0;
n1[label = "If_Then"];
n10[label = "And"];
n100[label = "If_Then"];
n1000[label = "FarthestInsertion"];
n100 -> n1000;
n1001[label = "FarthestInsertion"];
n100 -> n1001;
n10 -> n100;
n101[label = "NearestNeighbor"];
n10 -> n101;
n1 -> n10;
n11[label = "If_Then_Else"];
n110[label = "NearestNeighbor"];
n11 -> n110;
n111[label = "If_Then_Else"];
n1110[label = "NearestNeighbor"];
n111 -> n1110;
n1111[label = "FarthestFirstNode"];
n111 -> n1111;
n1112[label = "FarthestInsertion"];
n111 -> n1112;
n11 -> n111;
n112[label = "WorstMove"];
n11 -> n112;
n1 -> n11;
n -> n1;
}


Generation: 55
Best Individual:
Subpopulation 0:
Evaluated: true
Fitness: Standardized=0.2702414 Adjusted=0.78725195 Hits=0
Tree 0:
digraph g {
node [shape=rectangle];
n[label = "And"];
n0[label = "If_Then_Else"];
n00[label = "NearestNeighbor"];
n0 -> n00;
n01[label = "FarthestFirstNode"];
n0 -> n01;
n02[label = "If_Then_Else"];
n020[label = "NearestNeighbor"];
n02 -> n020;
n021[label = "FarthestFirstNode"];
n02 -> n021;
n022[label = "If_Then_Else"];
n0220[label = "NearestNeighbor"];
n022 -> n0220;
n0221[label = "FarthestFirstNode"];
n022 -> n0221;
n0222[label = "FarthestInsertion"];
n022 -> n0222;
n02 -> n022;
n0 -> n02;
n -> n0;
n1[label = "If_Then"];
n10[label = "And"];
n100[label = "If_Then"];
n1000[label = "FarthestInsertion"];
n100 -> n1000;
n1001[label = "FarthestInsertion"];
n100 -> n1001;
n10 -> n100;
n101[label = "NearestNeighbor"];
n10 -> n101;
n1 -> n10;
n11[label = "If_Then_Else"];
n110[label = "NearestNeighbor"];
n11 -> n110;
n111[label = "If_Then_Else"];
n1110[label = "NearestNeighbor"];
n111 -> n1110;
n1111[label = "FarthestFirstNode"];
n111 -> n1111;
n1112[label = "FarthestInsertion"];
n111 -> n1112;
n11 -> n111;
n112[label = "WorstMove"];
n11 -> n112;
n1 -> n11;
n -> n1;
}


Generation: 56
Best Individual:
Subpopulation 0:
Evaluated: true
Fitness: Standardized=0.2702414 Adjusted=0.78725195 Hits=0
Tree 0:
digraph g {
node [shape=rectangle];
n[label = "And"];
n0[label = "If_Then_Else"];
n00[label = "NearestNeighbor"];
n0 -> n00;
n01[label = "FarthestFirstNode"];
n0 -> n01;
n02[label = "If_Then_Else"];
n020[label = "NearestNeighbor"];
n02 -> n020;
n021[label = "FarthestFirstNode"];
n02 -> n021;
n022[label = "If_Then_Else"];
n0220[label = "NearestNeighbor"];
n022 -> n0220;
n0221[label = "FarthestFirstNode"];
n022 -> n0221;
n0222[label = "FarthestInsertion"];
n022 -> n0222;
n02 -> n022;
n0 -> n02;
n -> n0;
n1[label = "If_Then"];
n10[label = "And"];
n100[label = "If_Then"];
n1000[label = "FarthestInsertion"];
n100 -> n1000;
n1001[label = "FarthestInsertion"];
n100 -> n1001;
n10 -> n100;
n101[label = "NearestNeighbor"];
n10 -> n101;
n1 -> n10;
n11[label = "If_Then_Else"];
n110[label = "NearestNeighbor"];
n11 -> n110;
n111[label = "If_Then_Else"];
n1110[label = "NearestNeighbor"];
n111 -> n1110;
n1111[label = "FarthestFirstNode"];
n111 -> n1111;
n1112[label = "FarthestInsertion"];
n111 -> n1112;
n11 -> n111;
n112[label = "WorstMove"];
n11 -> n112;
n1 -> n11;
n -> n1;
}


Generation: 57
Best Individual:
Subpopulation 0:
Evaluated: true
Fitness: Standardized=0.2702414 Adjusted=0.78725195 Hits=0
Tree 0:
digraph g {
node [shape=rectangle];
n[label = "And"];
n0[label = "If_Then_Else"];
n00[label = "NearestNeighbor"];
n0 -> n00;
n01[label = "FarthestFirstNode"];
n0 -> n01;
n02[label = "If_Then_Else"];
n020[label = "NearestNeighbor"];
n02 -> n020;
n021[label = "FarthestFirstNode"];
n02 -> n021;
n022[label = "FarthestInsertion"];
n02 -> n022;
n0 -> n02;
n -> n0;
n1[label = "If_Then"];
n10[label = "And"];
n100[label = "If_Then"];
n1000[label = "FarthestInsertion"];
n100 -> n1000;
n1001[label = "FarthestInsertion"];
n100 -> n1001;
n10 -> n100;
n101[label = "NearestNeighbor"];
n10 -> n101;
n1 -> n10;
n11[label = "If_Then_Else"];
n110[label = "NearestNeighbor"];
n11 -> n110;
n111[label = "If_Then_Else"];
n1110[label = "NearestNeighbor"];
n111 -> n1110;
n1111[label = "FarthestFirstNode"];
n111 -> n1111;
n1112[label = "FarthestInsertion"];
n111 -> n1112;
n11 -> n111;
n112[label = "WorstMove"];
n11 -> n112;
n1 -> n11;
n -> n1;
}


Generation: 58
Best Individual:
Subpopulation 0:
Evaluated: true
Fitness: Standardized=0.2702414 Adjusted=0.78725195 Hits=0
Tree 0:
digraph g {
node [shape=rectangle];
n[label = "And"];
n0[label = "If_Then_Else"];
n00[label = "NearestNeighbor"];
n0 -> n00;
n01[label = "FarthestFirstNode"];
n0 -> n01;
n02[label = "If_Then_Else"];
n020[label = "NearestNeighbor"];
n02 -> n020;
n021[label = "FarthestFirstNode"];
n02 -> n021;
n022[label = "If_Then_Else"];
n0220[label = "NearestNeighbor"];
n022 -> n0220;
n0221[label = "FarthestFirstNode"];
n022 -> n0221;
n0222[label = "FarthestInsertion"];
n022 -> n0222;
n02 -> n022;
n0 -> n02;
n -> n0;
n1[label = "If_Then"];
n10[label = "And"];
n100[label = "If_Then"];
n1000[label = "FarthestInsertion"];
n100 -> n1000;
n1001[label = "FarthestInsertion"];
n100 -> n1001;
n10 -> n100;
n101[label = "NearestNeighbor"];
n10 -> n101;
n1 -> n10;
n11[label = "If_Then_Else"];
n110[label = "NearestNeighbor"];
n11 -> n110;
n111[label = "If_Then_Else"];
n1110[label = "NearestNeighbor"];
n111 -> n1110;
n1111[label = "FarthestFirstNode"];
n111 -> n1111;
n1112[label = "FarthestInsertion"];
n111 -> n1112;
n11 -> n111;
n112[label = "WorstMove"];
n11 -> n112;
n1 -> n11;
n -> n1;
}


Generation: 59
Best Individual:
Subpopulation 0:
Evaluated: true
Fitness: Standardized=0.2702414 Adjusted=0.78725195 Hits=0
Tree 0:
digraph g {
node [shape=rectangle];
n[label = "And"];
n0[label = "If_Then_Else"];
n00[label = "NearestNeighbor"];
n0 -> n00;
n01[label = "FarthestFirstNode"];
n0 -> n01;
n02[label = "If_Then_Else"];
n020[label = "NearestNeighbor"];
n02 -> n020;
n021[label = "FarthestFirstNode"];
n02 -> n021;
n022[label = "NearestFirstNode"];
n02 -> n022;
n0 -> n02;
n -> n0;
n1[label = "If_Then"];
n10[label = "And"];
n100[label = "If_Then"];
n1000[label = "FarthestInsertion"];
n100 -> n1000;
n1001[label = "FarthestInsertion"];
n100 -> n1001;
n10 -> n100;
n101[label = "NearestNeighbor"];
n10 -> n101;
n1 -> n10;
n11[label = "If_Then_Else"];
n110[label = "NearestNeighbor"];
n11 -> n110;
n111[label = "If_Then_Else"];
n1110[label = "NearestNeighbor"];
n111 -> n1110;
n1111[label = "FarthestFirstNode"];
n111 -> n1111;
n1112[label = "FarthestInsertion"];
n111 -> n1112;
n11 -> n111;
n112[label = "If_Then"];
n1120[label = "FarthestInsertion"];
n112 -> n1120;
n1121[label = "FarthestInsertion"];
n112 -> n1121;
n11 -> n112;
n1 -> n11;
n -> n1;
}


Generation: 60
Best Individual:
Subpopulation 0:
Evaluated: true
Fitness: Standardized=0.27000043 Adjusted=0.7874013 Hits=0
Tree 0:
digraph g {
node [shape=rectangle];
n[label = "And"];
n0[label = "If_Then_Else"];
n00[label = "NearestNeighbor"];
n0 -> n00;
n01[label = "FarthestFirstNode"];
n0 -> n01;
n02[label = "If_Then_Else"];
n020[label = "NearestNeighbor"];
n02 -> n020;
n021[label = "FarthestFirstNode"];
n02 -> n021;
n022[label = "NearestFirstNode"];
n02 -> n022;
n0 -> n02;
n -> n0;
n1[label = "If_Then"];
n10[label = "And"];
n100[label = "If_Then"];
n1000[label = "FarthestInsertion"];
n100 -> n1000;
n1001[label = "FarthestInsertion"];
n100 -> n1001;
n10 -> n100;
n101[label = "NearestNeighbor"];
n10 -> n101;
n1 -> n10;
n11[label = "If_Then_Else"];
n110[label = "NearestNeighbor"];
n11 -> n110;
n111[label = "If_Then_Else"];
n1110[label = "NearestInsertion"];
n111 -> n1110;
n1111[label = "FarthestFirstNode"];
n111 -> n1111;
n1112[label = "FarthestInsertion"];
n111 -> n1112;
n11 -> n111;
n112[label = "If_Then"];
n1120[label = "FarthestInsertion"];
n112 -> n1120;
n1121[label = "FarthestInsertion"];
n112 -> n1121;
n11 -> n112;
n1 -> n11;
n -> n1;
}


Generation: 61
Best Individual:
Subpopulation 0:
Evaluated: true
Fitness: Standardized=0.27000043 Adjusted=0.7874013 Hits=0
Tree 0:
digraph g {
node [shape=rectangle];
n[label = "And"];
n0[label = "If_Then_Else"];
n00[label = "NearestNeighbor"];
n0 -> n00;
n01[label = "FarthestFirstNode"];
n0 -> n01;
n02[label = "If_Then_Else"];
n020[label = "NearestNeighbor"];
n02 -> n020;
n021[label = "FarthestFirstNode"];
n02 -> n021;
n022[label = "NearestFirstNode"];
n02 -> n022;
n0 -> n02;
n -> n0;
n1[label = "If_Then"];
n10[label = "And"];
n100[label = "If_Then"];
n1000[label = "FarthestInsertion"];
n100 -> n1000;
n1001[label = "FarthestInsertion"];
n100 -> n1001;
n10 -> n100;
n101[label = "NearestNeighbor"];
n10 -> n101;
n1 -> n10;
n11[label = "If_Then_Else"];
n110[label = "NearestNeighbor"];
n11 -> n110;
n111[label = "If_Then_Else"];
n1110[label = "NearestInsertion"];
n111 -> n1110;
n1111[label = "FarthestFirstNode"];
n111 -> n1111;
n1112[label = "FarthestInsertion"];
n111 -> n1112;
n11 -> n111;
n112[label = "If_Then"];
n1120[label = "FarthestInsertion"];
n112 -> n1120;
n1121[label = "FarthestInsertion"];
n112 -> n1121;
n11 -> n112;
n1 -> n11;
n -> n1;
}


Generation: 62
Best Individual:
Subpopulation 0:
Evaluated: true
Fitness: Standardized=0.27000043 Adjusted=0.7874013 Hits=0
Tree 0:
digraph g {
node [shape=rectangle];
n[label = "And"];
n0[label = "If_Then_Else"];
n00[label = "NearestNeighbor"];
n0 -> n00;
n01[label = "FarthestFirstNode"];
n0 -> n01;
n02[label = "If_Then_Else"];
n020[label = "NearestNeighbor"];
n02 -> n020;
n021[label = "FarthestFirstNode"];
n02 -> n021;
n022[label = "NearestFirstNode"];
n02 -> n022;
n0 -> n02;
n -> n0;
n1[label = "If_Then"];
n10[label = "And"];
n100[label = "If_Then"];
n1000[label = "FarthestInsertion"];
n100 -> n1000;
n1001[label = "FarthestInsertion"];
n100 -> n1001;
n10 -> n100;
n101[label = "NearestNeighbor"];
n10 -> n101;
n1 -> n10;
n11[label = "If_Then_Else"];
n110[label = "NearestNeighbor"];
n11 -> n110;
n111[label = "If_Then_Else"];
n1110[label = "NearestInsertion"];
n111 -> n1110;
n1111[label = "FarthestFirstNode"];
n111 -> n1111;
n1112[label = "FarthestInsertion"];
n111 -> n1112;
n11 -> n111;
n112[label = "If_Then"];
n1120[label = "FarthestInsertion"];
n112 -> n1120;
n1121[label = "FarthestInsertion"];
n112 -> n1121;
n11 -> n112;
n1 -> n11;
n -> n1;
}


Generation: 63
Best Individual:
Subpopulation 0:
Evaluated: true
Fitness: Standardized=0.27000043 Adjusted=0.7874013 Hits=0
Tree 0:
digraph g {
node [shape=rectangle];
n[label = "And"];
n0[label = "If_Then_Else"];
n00[label = "NearestNeighbor"];
n0 -> n00;
n01[label = "FarthestFirstNode"];
n0 -> n01;
n02[label = "If_Then_Else"];
n020[label = "NearestNeighbor"];
n02 -> n020;
n021[label = "FarthestFirstNode"];
n02 -> n021;
n022[label = "NearestFirstNode"];
n02 -> n022;
n0 -> n02;
n -> n0;
n1[label = "If_Then"];
n10[label = "And"];
n100[label = "If_Then"];
n1000[label = "FarthestInsertion"];
n100 -> n1000;
n1001[label = "FarthestInsertion"];
n100 -> n1001;
n10 -> n100;
n101[label = "NearestNeighbor"];
n10 -> n101;
n1 -> n10;
n11[label = "If_Then_Else"];
n110[label = "NearestNeighbor"];
n11 -> n110;
n111[label = "If_Then_Else"];
n1110[label = "NearestInsertion"];
n111 -> n1110;
n1111[label = "FarthestFirstNode"];
n111 -> n1111;
n1112[label = "FarthestInsertion"];
n111 -> n1112;
n11 -> n111;
n112[label = "If_Then"];
n1120[label = "FarthestInsertion"];
n112 -> n1120;
n1121[label = "FarthestInsertion"];
n112 -> n1121;
n11 -> n112;
n1 -> n11;
n -> n1;
}


Generation: 64
Best Individual:
Subpopulation 0:
Evaluated: true
Fitness: Standardized=0.2689374 Adjusted=0.78806096 Hits=0
Tree 0:
digraph g {
node [shape=rectangle];
n[label = "And"];
n0[label = "If_Then_Else"];
n00[label = "NearestNeighbor"];
n0 -> n00;
n01[label = "FarthestFirstNode"];
n0 -> n01;
n02[label = "FarthestInsertion"];
n0 -> n02;
n -> n0;
n1[label = "And"];
n10[label = "If_Then"];
n100[label = "FarthestInsertion"];
n10 -> n100;
n101[label = "If_Then_Else"];
n1010[label = "NearestNeighbor"];
n101 -> n1010;
n1011[label = "FarthestFirstNode"];
n101 -> n1011;
n1012[label = "NearestFirstNode"];
n101 -> n1012;
n10 -> n101;
n1 -> n10;
n11[label = "If_Then_Else"];
n110[label = "NearestNeighbor"];
n11 -> n110;
n111[label = "If_Then_Else"];
n1110[label = "NearestNeighbor"];
n111 -> n1110;
n1111[label = "FarthestFirstNode"];
n111 -> n1111;
n1112[label = "FarthestInsertion"];
n111 -> n1112;
n11 -> n111;
n112[label = "WorstMove"];
n11 -> n112;
n1 -> n11;
n -> n1;
}


Generation: 65
Best Individual:
Subpopulation 0:
Evaluated: true
Fitness: Standardized=0.2689374 Adjusted=0.78806096 Hits=0
Tree 0:
digraph g {
node [shape=rectangle];
n[label = "And"];
n0[label = "If_Then_Else"];
n00[label = "NearestNeighbor"];
n0 -> n00;
n01[label = "FarthestFirstNode"];
n0 -> n01;
n02[label = "FarthestInsertion"];
n0 -> n02;
n -> n0;
n1[label = "And"];
n10[label = "If_Then"];
n100[label = "FarthestInsertion"];
n10 -> n100;
n101[label = "If_Then_Else"];
n1010[label = "NearestNeighbor"];
n101 -> n1010;
n1011[label = "FarthestFirstNode"];
n101 -> n1011;
n1012[label = "NearestFirstNode"];
n101 -> n1012;
n10 -> n101;
n1 -> n10;
n11[label = "If_Then_Else"];
n110[label = "NearestNeighbor"];
n11 -> n110;
n111[label = "If_Then_Else"];
n1110[label = "NearestNeighbor"];
n111 -> n1110;
n1111[label = "FarthestFirstNode"];
n111 -> n1111;
n1112[label = "FarthestInsertion"];
n111 -> n1112;
n11 -> n111;
n112[label = "WorstMove"];
n11 -> n112;
n1 -> n11;
n -> n1;
}


Generation: 66
Best Individual:
Subpopulation 0:
Evaluated: true
Fitness: Standardized=0.2689374 Adjusted=0.78806096 Hits=0
Tree 0:
digraph g {
node [shape=rectangle];
n[label = "And"];
n0[label = "If_Then_Else"];
n00[label = "NearestNeighbor"];
n0 -> n00;
n01[label = "FarthestFirstNode"];
n0 -> n01;
n02[label = "FarthestInsertion"];
n0 -> n02;
n -> n0;
n1[label = "And"];
n10[label = "If_Then"];
n100[label = "FarthestInsertion"];
n10 -> n100;
n101[label = "If_Then_Else"];
n1010[label = "NearestNeighbor"];
n101 -> n1010;
n1011[label = "FarthestFirstNode"];
n101 -> n1011;
n1012[label = "NearestFirstNode"];
n101 -> n1012;
n10 -> n101;
n1 -> n10;
n11[label = "If_Then_Else"];
n110[label = "NearestNeighbor"];
n11 -> n110;
n111[label = "If_Then_Else"];
n1110[label = "NearestNeighbor"];
n111 -> n1110;
n1111[label = "FarthestFirstNode"];
n111 -> n1111;
n1112[label = "FarthestInsertion"];
n111 -> n1112;
n11 -> n111;
n112[label = "WorstMove"];
n11 -> n112;
n1 -> n11;
n -> n1;
}


Generation: 67
Best Individual:
Subpopulation 0:
Evaluated: true
Fitness: Standardized=0.2689374 Adjusted=0.78806096 Hits=0
Tree 0:
digraph g {
node [shape=rectangle];
n[label = "And"];
n0[label = "If_Then_Else"];
n00[label = "NearestNeighbor"];
n0 -> n00;
n01[label = "FarthestFirstNode"];
n0 -> n01;
n02[label = "FarthestInsertion"];
n0 -> n02;
n -> n0;
n1[label = "And"];
n10[label = "If_Then"];
n100[label = "FarthestInsertion"];
n10 -> n100;
n101[label = "If_Then_Else"];
n1010[label = "NearestNeighbor"];
n101 -> n1010;
n1011[label = "FarthestFirstNode"];
n101 -> n1011;
n1012[label = "NearestFirstNode"];
n101 -> n1012;
n10 -> n101;
n1 -> n10;
n11[label = "If_Then_Else"];
n110[label = "NearestNeighbor"];
n11 -> n110;
n111[label = "If_Then_Else"];
n1110[label = "NearestNeighbor"];
n111 -> n1110;
n1111[label = "FarthestFirstNode"];
n111 -> n1111;
n1112[label = "FarthestInsertion"];
n111 -> n1112;
n11 -> n111;
n112[label = "WorstMove"];
n11 -> n112;
n1 -> n11;
n -> n1;
}


Generation: 68
Best Individual:
Subpopulation 0:
Evaluated: true
Fitness: Standardized=0.2689374 Adjusted=0.78806096 Hits=0
Tree 0:
digraph g {
node [shape=rectangle];
n[label = "And"];
n0[label = "If_Then_Else"];
n00[label = "NearestNeighbor"];
n0 -> n00;
n01[label = "FarthestFirstNode"];
n0 -> n01;
n02[label = "FarthestInsertion"];
n0 -> n02;
n -> n0;
n1[label = "And"];
n10[label = "If_Then"];
n100[label = "FarthestInsertion"];
n10 -> n100;
n101[label = "If_Then_Else"];
n1010[label = "NearestNeighbor"];
n101 -> n1010;
n1011[label = "FarthestFirstNode"];
n101 -> n1011;
n1012[label = "NearestFirstNode"];
n101 -> n1012;
n10 -> n101;
n1 -> n10;
n11[label = "If_Then_Else"];
n110[label = "NearestNeighbor"];
n11 -> n110;
n111[label = "If_Then_Else"];
n1110[label = "NearestNeighbor"];
n111 -> n1110;
n1111[label = "FarthestFirstNode"];
n111 -> n1111;
n1112[label = "FarthestInsertion"];
n111 -> n1112;
n11 -> n111;
n112[label = "WorstMove"];
n11 -> n112;
n1 -> n11;
n -> n1;
}


Generation: 69
Best Individual:
Subpopulation 0:
Evaluated: true
Fitness: Standardized=0.2689374 Adjusted=0.78806096 Hits=0
Tree 0:
digraph g {
node [shape=rectangle];
n[label = "And"];
n0[label = "If_Then_Else"];
n00[label = "NearestNeighbor"];
n0 -> n00;
n01[label = "FarthestFirstNode"];
n0 -> n01;
n02[label = "FarthestInsertion"];
n0 -> n02;
n -> n0;
n1[label = "And"];
n10[label = "If_Then"];
n100[label = "FarthestInsertion"];
n10 -> n100;
n101[label = "If_Then_Else"];
n1010[label = "NearestNeighbor"];
n101 -> n1010;
n1011[label = "FarthestFirstNode"];
n101 -> n1011;
n1012[label = "NearestFirstNode"];
n101 -> n1012;
n10 -> n101;
n1 -> n10;
n11[label = "If_Then_Else"];
n110[label = "NearestNeighbor"];
n11 -> n110;
n111[label = "If_Then_Else"];
n1110[label = "NearestNeighbor"];
n111 -> n1110;
n1111[label = "FarthestFirstNode"];
n111 -> n1111;
n1112[label = "FarthestInsertion"];
n111 -> n1112;
n11 -> n111;
n112[label = "WorstMove"];
n11 -> n112;
n1 -> n11;
n -> n1;
}


Generation: 70
Best Individual:
Subpopulation 0:
Evaluated: true
Fitness: Standardized=0.2689374 Adjusted=0.78806096 Hits=0
Tree 0:
digraph g {
node [shape=rectangle];
n[label = "And"];
n0[label = "If_Then_Else"];
n00[label = "NearestNeighbor"];
n0 -> n00;
n01[label = "FarthestFirstNode"];
n0 -> n01;
n02[label = "FarthestInsertion"];
n0 -> n02;
n -> n0;
n1[label = "And"];
n10[label = "If_Then"];
n100[label = "FarthestInsertion"];
n10 -> n100;
n101[label = "If_Then_Else"];
n1010[label = "NearestNeighbor"];
n101 -> n1010;
n1011[label = "FarthestFirstNode"];
n101 -> n1011;
n1012[label = "NearestFirstNode"];
n101 -> n1012;
n10 -> n101;
n1 -> n10;
n11[label = "If_Then_Else"];
n110[label = "NearestNeighbor"];
n11 -> n110;
n111[label = "If_Then_Else"];
n1110[label = "NearestNeighbor"];
n111 -> n1110;
n1111[label = "FarthestFirstNode"];
n111 -> n1111;
n1112[label = "FarthestInsertion"];
n111 -> n1112;
n11 -> n111;
n112[label = "WorstMove"];
n11 -> n112;
n1 -> n11;
n -> n1;
}


Generation: 71
Best Individual:
Subpopulation 0:
Evaluated: true
Fitness: Standardized=0.26829317 Adjusted=0.78846127 Hits=0
Tree 0:
digraph g {
node [shape=rectangle];
n[label = "And"];
n0[label = "If_Then_Else"];
n00[label = "NearestNeighbor"];
n0 -> n00;
n01[label = "FarthestFirstNode"];
n0 -> n01;
n02[label = "FarthestInsertion"];
n0 -> n02;
n -> n0;
n1[label = "And"];
n10[label = "If_Then"];
n100[label = "FarthestInsertion"];
n10 -> n100;
n101[label = "If_Then_Else"];
n1010[label = "NearestFirstNode"];
n101 -> n1010;
n1011[label = "FarthestFirstNode"];
n101 -> n1011;
n1012[label = "NearestFirstNode"];
n101 -> n1012;
n10 -> n101;
n1 -> n10;
n11[label = "If_Then_Else"];
n110[label = "NearestNeighbor"];
n11 -> n110;
n111[label = "If_Then_Else"];
n1110[label = "NearestNeighbor"];
n111 -> n1110;
n1111[label = "FarthestFirstNode"];
n111 -> n1111;
n1112[label = "FarthestInsertion"];
n111 -> n1112;
n11 -> n111;
n112[label = "WorstMove"];
n11 -> n112;
n1 -> n11;
n -> n1;
}


Generation: 72
Best Individual:
Subpopulation 0:
Evaluated: true
Fitness: Standardized=0.26829317 Adjusted=0.78846127 Hits=0
Tree 0:
digraph g {
node [shape=rectangle];
n[label = "And"];
n0[label = "If_Then_Else"];
n00[label = "NearestNeighbor"];
n0 -> n00;
n01[label = "FarthestFirstNode"];
n0 -> n01;
n02[label = "FarthestInsertion"];
n0 -> n02;
n -> n0;
n1[label = "And"];
n10[label = "If_Then"];
n100[label = "FarthestInsertion"];
n10 -> n100;
n101[label = "If_Then_Else"];
n1010[label = "NearestFirstNode"];
n101 -> n1010;
n1011[label = "FarthestFirstNode"];
n101 -> n1011;
n1012[label = "NearestFirstNode"];
n101 -> n1012;
n10 -> n101;
n1 -> n10;
n11[label = "If_Then_Else"];
n110[label = "NearestNeighbor"];
n11 -> n110;
n111[label = "If_Then_Else"];
n1110[label = "NearestNeighbor"];
n111 -> n1110;
n1111[label = "FarthestFirstNode"];
n111 -> n1111;
n1112[label = "FarthestInsertion"];
n111 -> n1112;
n11 -> n111;
n112[label = "WorstMove"];
n11 -> n112;
n1 -> n11;
n -> n1;
}


Generation: 73
Best Individual:
Subpopulation 0:
Evaluated: true
Fitness: Standardized=0.26829317 Adjusted=0.78846127 Hits=0
Tree 0:
digraph g {
node [shape=rectangle];
n[label = "And"];
n0[label = "If_Then_Else"];
n00[label = "NearestNeighbor"];
n0 -> n00;
n01[label = "FarthestFirstNode"];
n0 -> n01;
n02[label = "FarthestInsertion"];
n0 -> n02;
n -> n0;
n1[label = "And"];
n10[label = "If_Then"];
n100[label = "FarthestInsertion"];
n10 -> n100;
n101[label = "If_Then_Else"];
n1010[label = "NearestFirstNode"];
n101 -> n1010;
n1011[label = "FarthestFirstNode"];
n101 -> n1011;
n1012[label = "NearestFirstNode"];
n101 -> n1012;
n10 -> n101;
n1 -> n10;
n11[label = "If_Then_Else"];
n110[label = "NearestNeighbor"];
n11 -> n110;
n111[label = "If_Then_Else"];
n1110[label = "NearestNeighbor"];
n111 -> n1110;
n1111[label = "FarthestFirstNode"];
n111 -> n1111;
n1112[label = "FarthestInsertion"];
n111 -> n1112;
n11 -> n111;
n112[label = "WorstMove"];
n11 -> n112;
n1 -> n11;
n -> n1;
}


Generation: 74
Best Individual:
Subpopulation 0:
Evaluated: true
Fitness: Standardized=0.26829317 Adjusted=0.78846127 Hits=0
Tree 0:
digraph g {
node [shape=rectangle];
n[label = "And"];
n0[label = "If_Then_Else"];
n00[label = "NearestNeighbor"];
n0 -> n00;
n01[label = "FarthestFirstNode"];
n0 -> n01;
n02[label = "FarthestInsertion"];
n0 -> n02;
n -> n0;
n1[label = "And"];
n10[label = "If_Then"];
n100[label = "FarthestInsertion"];
n10 -> n100;
n101[label = "If_Then_Else"];
n1010[label = "NearestFirstNode"];
n101 -> n1010;
n1011[label = "FarthestFirstNode"];
n101 -> n1011;
n1012[label = "NearestFirstNode"];
n101 -> n1012;
n10 -> n101;
n1 -> n10;
n11[label = "If_Then_Else"];
n110[label = "NearestNeighbor"];
n11 -> n110;
n111[label = "If_Then_Else"];
n1110[label = "NearestNeighbor"];
n111 -> n1110;
n1111[label = "FarthestFirstNode"];
n111 -> n1111;
n1112[label = "FarthestInsertion"];
n111 -> n1112;
n11 -> n111;
n112[label = "WorstMove"];
n11 -> n112;
n1 -> n11;
n -> n1;
}


Generation: 75
Best Individual:
Subpopulation 0:
Evaluated: true
Fitness: Standardized=0.26829317 Adjusted=0.78846127 Hits=0
Tree 0:
digraph g {
node [shape=rectangle];
n[label = "And"];
n0[label = "If_Then_Else"];
n00[label = "NearestNeighbor"];
n0 -> n00;
n01[label = "FarthestFirstNode"];
n0 -> n01;
n02[label = "FarthestInsertion"];
n0 -> n02;
n -> n0;
n1[label = "And"];
n10[label = "If_Then"];
n100[label = "FarthestInsertion"];
n10 -> n100;
n101[label = "If_Then_Else"];
n1010[label = "NearestFirstNode"];
n101 -> n1010;
n1011[label = "FarthestFirstNode"];
n101 -> n1011;
n1012[label = "NearestFirstNode"];
n101 -> n1012;
n10 -> n101;
n1 -> n10;
n11[label = "If_Then_Else"];
n110[label = "NearestNeighbor"];
n11 -> n110;
n111[label = "If_Then_Else"];
n1110[label = "NearestNeighbor"];
n111 -> n1110;
n1111[label = "FarthestFirstNode"];
n111 -> n1111;
n1112[label = "FarthestInsertion"];
n111 -> n1112;
n11 -> n111;
n112[label = "WorstMove"];
n11 -> n112;
n1 -> n11;
n -> n1;
}


Generation: 76
Best Individual:
Subpopulation 0:
Evaluated: true
Fitness: Standardized=0.26829317 Adjusted=0.78846127 Hits=0
Tree 0:
digraph g {
node [shape=rectangle];
n[label = "And"];
n0[label = "If_Then_Else"];
n00[label = "NearestNeighbor"];
n0 -> n00;
n01[label = "FarthestFirstNode"];
n0 -> n01;
n02[label = "FarthestInsertion"];
n0 -> n02;
n -> n0;
n1[label = "And"];
n10[label = "If_Then"];
n100[label = "FarthestInsertion"];
n10 -> n100;
n101[label = "If_Then_Else"];
n1010[label = "NearestFirstNode"];
n101 -> n1010;
n1011[label = "FarthestFirstNode"];
n101 -> n1011;
n1012[label = "NearestFirstNode"];
n101 -> n1012;
n10 -> n101;
n1 -> n10;
n11[label = "If_Then_Else"];
n110[label = "NearestNeighbor"];
n11 -> n110;
n111[label = "If_Then_Else"];
n1110[label = "NearestNeighbor"];
n111 -> n1110;
n1111[label = "FarthestFirstNode"];
n111 -> n1111;
n1112[label = "FarthestInsertion"];
n111 -> n1112;
n11 -> n111;
n112[label = "WorstMove"];
n11 -> n112;
n1 -> n11;
n -> n1;
}


Generation: 77
Best Individual:
Subpopulation 0:
Evaluated: true
Fitness: Standardized=0.26829317 Adjusted=0.78846127 Hits=0
Tree 0:
digraph g {
node [shape=rectangle];
n[label = "And"];
n0[label = "If_Then_Else"];
n00[label = "NearestNeighbor"];
n0 -> n00;
n01[label = "FarthestFirstNode"];
n0 -> n01;
n02[label = "FarthestInsertion"];
n0 -> n02;
n -> n0;
n1[label = "And"];
n10[label = "If_Then"];
n100[label = "FarthestInsertion"];
n10 -> n100;
n101[label = "If_Then_Else"];
n1010[label = "NearestFirstNode"];
n101 -> n1010;
n1011[label = "FarthestFirstNode"];
n101 -> n1011;
n1012[label = "NearestFirstNode"];
n101 -> n1012;
n10 -> n101;
n1 -> n10;
n11[label = "If_Then_Else"];
n110[label = "NearestNeighbor"];
n11 -> n110;
n111[label = "If_Then_Else"];
n1110[label = "NearestNeighbor"];
n111 -> n1110;
n1111[label = "FarthestFirstNode"];
n111 -> n1111;
n1112[label = "NearestNeighbor"];
n111 -> n1112;
n11 -> n111;
n112[label = "WorstMove"];
n11 -> n112;
n1 -> n11;
n -> n1;
}


Generation: 78
Best Individual:
Subpopulation 0:
Evaluated: true
Fitness: Standardized=0.26829317 Adjusted=0.78846127 Hits=0
Tree 0:
digraph g {
node [shape=rectangle];
n[label = "And"];
n0[label = "If_Then_Else"];
n00[label = "NearestNeighbor"];
n0 -> n00;
n01[label = "FarthestFirstNode"];
n0 -> n01;
n02[label = "FarthestInsertion"];
n0 -> n02;
n -> n0;
n1[label = "And"];
n10[label = "If_Then"];
n100[label = "FarthestInsertion"];
n10 -> n100;
n101[label = "If_Then_Else"];
n1010[label = "NearestFirstNode"];
n101 -> n1010;
n1011[label = "FarthestFirstNode"];
n101 -> n1011;
n1012[label = "NearestFirstNode"];
n101 -> n1012;
n10 -> n101;
n1 -> n10;
n11[label = "If_Then_Else"];
n110[label = "NearestNeighbor"];
n11 -> n110;
n111[label = "If_Then_Else"];
n1110[label = "NearestNeighbor"];
n111 -> n1110;
n1111[label = "FarthestFirstNode"];
n111 -> n1111;
n1112[label = "FarthestInsertion"];
n111 -> n1112;
n11 -> n111;
n112[label = "WorstMove"];
n11 -> n112;
n1 -> n11;
n -> n1;
}


Generation: 79
Best Individual:
Subpopulation 0:
Evaluated: true
Fitness: Standardized=0.26829317 Adjusted=0.78846127 Hits=0
Tree 0:
digraph g {
node [shape=rectangle];
n[label = "And"];
n0[label = "If_Then_Else"];
n00[label = "NearestFirstNode"];
n0 -> n00;
n01[label = "FarthestFirstNode"];
n0 -> n01;
n02[label = "NearestFirstNode"];
n0 -> n02;
n -> n0;
n1[label = "And"];
n10[label = "If_Then"];
n100[label = "FarthestInsertion"];
n10 -> n100;
n101[label = "If_Then_Else"];
n1010[label = "NearestFirstNode"];
n101 -> n1010;
n1011[label = "FarthestFirstNode"];
n101 -> n1011;
n1012[label = "NearestFirstNode"];
n101 -> n1012;
n10 -> n101;
n1 -> n10;
n11[label = "If_Then_Else"];
n110[label = "NearestNeighbor"];
n11 -> n110;
n111[label = "If_Then_Else"];
n1110[label = "NearestNeighbor"];
n111 -> n1110;
n1111[label = "FarthestFirstNode"];
n111 -> n1111;
n1112[label = "FarthestInsertion"];
n111 -> n1112;
n11 -> n111;
n112[label = "WorstMove"];
n11 -> n112;
n1 -> n11;
n -> n1;
}


Generation: 80
Best Individual:
Subpopulation 0:
Evaluated: true
Fitness: Standardized=0.26829317 Adjusted=0.78846127 Hits=0
Tree 0:
digraph g {
node [shape=rectangle];
n[label = "And"];
n0[label = "If_Then_Else"];
n00[label = "NearestNeighbor"];
n0 -> n00;
n01[label = "FarthestFirstNode"];
n0 -> n01;
n02[label = "If_Then_Else"];
n020[label = "NearestNeighbor"];
n02 -> n020;
n021[label = "FarthestFirstNode"];
n02 -> n021;
n022[label = "FarthestInsertion"];
n02 -> n022;
n0 -> n02;
n -> n0;
n1[label = "And"];
n10[label = "If_Then"];
n100[label = "FarthestInsertion"];
n10 -> n100;
n101[label = "If_Then_Else"];
n1010[label = "NearestFirstNode"];
n101 -> n1010;
n1011[label = "FarthestFirstNode"];
n101 -> n1011;
n1012[label = "NearestFirstNode"];
n101 -> n1012;
n10 -> n101;
n1 -> n10;
n11[label = "If_Then_Else"];
n110[label = "NearestNeighbor"];
n11 -> n110;
n111[label = "If_Then_Else"];
n1110[label = "NearestNeighbor"];
n111 -> n1110;
n1111[label = "FarthestFirstNode"];
n111 -> n1111;
n1112[label = "NearestNeighbor"];
n111 -> n1112;
n11 -> n111;
n112[label = "WorstMove"];
n11 -> n112;
n1 -> n11;
n -> n1;
}


Generation: 81
Best Individual:
Subpopulation 0:
Evaluated: true
Fitness: Standardized=0.26829317 Adjusted=0.78846127 Hits=0
Tree 0:
digraph g {
node [shape=rectangle];
n[label = "And"];
n0[label = "If_Then_Else"];
n00[label = "NearestNeighbor"];
n0 -> n00;
n01[label = "FarthestFirstNode"];
n0 -> n01;
n02[label = "NearestNeighbor"];
n0 -> n02;
n -> n0;
n1[label = "And"];
n10[label = "If_Then"];
n100[label = "FarthestInsertion"];
n10 -> n100;
n101[label = "If_Then_Else"];
n1010[label = "NearestFirstNode"];
n101 -> n1010;
n1011[label = "FarthestFirstNode"];
n101 -> n1011;
n1012[label = "NearestFirstNode"];
n101 -> n1012;
n10 -> n101;
n1 -> n10;
n11[label = "If_Then_Else"];
n110[label = "NearestNeighbor"];
n11 -> n110;
n111[label = "If_Then_Else"];
n1110[label = "NearestNeighbor"];
n111 -> n1110;
n1111[label = "FarthestFirstNode"];
n111 -> n1111;
n1112[label = "FarthestInsertion"];
n111 -> n1112;
n11 -> n111;
n112[label = "WorstMove"];
n11 -> n112;
n1 -> n11;
n -> n1;
}


Generation: 82
Best Individual:
Subpopulation 0:
Evaluated: true
Fitness: Standardized=0.26356262 Adjusted=0.79141307 Hits=0
Tree 0:
digraph g {
node [shape=rectangle];
n[label = "And"];
n0[label = "If_Then_Else"];
n00[label = "NearestNeighbor"];
n0 -> n00;
n01[label = "FarthestFirstNode"];
n0 -> n01;
n02[label = "NearestNeighbor"];
n0 -> n02;
n -> n0;
n1[label = "And"];
n10[label = "If_Then"];
n100[label = "If_Then_Else"];
n1000[label = "NearestNeighbor"];
n100 -> n1000;
n1001[label = "FarthestFirstNode"];
n100 -> n1001;
n1002[label = "FarthestInsertion"];
n100 -> n1002;
n10 -> n100;
n101[label = "If_Then_Else"];
n1010[label = "NearestFirstNode"];
n101 -> n1010;
n1011[label = "FarthestFirstNode"];
n101 -> n1011;
n1012[label = "NearestFirstNode"];
n101 -> n1012;
n10 -> n101;
n1 -> n10;
n11[label = "If_Then_Else"];
n110[label = "NearestNeighbor"];
n11 -> n110;
n111[label = "If_Then_Else"];
n1110[label = "NearestNeighbor"];
n111 -> n1110;
n1111[label = "FarthestFirstNode"];
n111 -> n1111;
n1112[label = "NearestNeighbor"];
n111 -> n1112;
n11 -> n111;
n112[label = "WorstMove"];
n11 -> n112;
n1 -> n11;
n -> n1;
}


Generation: 83
Best Individual:
Subpopulation 0:
Evaluated: true
Fitness: Standardized=0.26356262 Adjusted=0.79141307 Hits=0
Tree 0:
digraph g {
node [shape=rectangle];
n[label = "And"];
n0[label = "If_Then_Else"];
n00[label = "NearestNeighbor"];
n0 -> n00;
n01[label = "FarthestFirstNode"];
n0 -> n01;
n02[label = "NearestNeighbor"];
n0 -> n02;
n -> n0;
n1[label = "And"];
n10[label = "If_Then"];
n100[label = "If_Then_Else"];
n1000[label = "NearestNeighbor"];
n100 -> n1000;
n1001[label = "FarthestFirstNode"];
n100 -> n1001;
n1002[label = "FarthestInsertion"];
n100 -> n1002;
n10 -> n100;
n101[label = "If_Then_Else"];
n1010[label = "NearestFirstNode"];
n101 -> n1010;
n1011[label = "FarthestFirstNode"];
n101 -> n1011;
n1012[label = "NearestFirstNode"];
n101 -> n1012;
n10 -> n101;
n1 -> n10;
n11[label = "If_Then_Else"];
n110[label = "NearestNeighbor"];
n11 -> n110;
n111[label = "If_Then_Else"];
n1110[label = "NearestNeighbor"];
n111 -> n1110;
n1111[label = "FarthestFirstNode"];
n111 -> n1111;
n1112[label = "NearestNeighbor"];
n111 -> n1112;
n11 -> n111;
n112[label = "WorstMove"];
n11 -> n112;
n1 -> n11;
n -> n1;
}


Generation: 84
Best Individual:
Subpopulation 0:
Evaluated: true
Fitness: Standardized=0.26333573 Adjusted=0.7915552 Hits=0
Tree 0:
digraph g {
node [shape=rectangle];
n[label = "And"];
n0[label = "If_Then_Else"];
n00[label = "NearestNeighbor"];
n0 -> n00;
n01[label = "FarthestFirstNode"];
n0 -> n01;
n02[label = "NearestNeighbor"];
n0 -> n02;
n -> n0;
n1[label = "And"];
n10[label = "If_Then"];
n100[label = "If_Then_Else"];
n1000[label = "NearestNeighbor"];
n100 -> n1000;
n1001[label = "FarthestFirstNode"];
n100 -> n1001;
n1002[label = "FarthestInsertion"];
n100 -> n1002;
n10 -> n100;
n101[label = "If_Then_Else"];
n1010[label = "NearestFirstNode"];
n101 -> n1010;
n1011[label = "FarthestFirstNode"];
n101 -> n1011;
n1012[label = "NearestFirstNode"];
n101 -> n1012;
n10 -> n101;
n1 -> n10;
n11[label = "If_Then_Else"];
n110[label = "NearestNeighbor"];
n11 -> n110;
n111[label = "If_Then_Else"];
n1110[label = "NearestFirstNode"];
n111 -> n1110;
n1111[label = "FarthestFirstNode"];
n111 -> n1111;
n1112[label = "NearestFirstNode"];
n111 -> n1112;
n11 -> n111;
n112[label = "WorstMove"];
n11 -> n112;
n1 -> n11;
n -> n1;
}


Generation: 85
Best Individual:
Subpopulation 0:
Evaluated: true
Fitness: Standardized=0.26333573 Adjusted=0.7915552 Hits=0
Tree 0:
digraph g {
node [shape=rectangle];
n[label = "And"];
n0[label = "If_Then_Else"];
n00[label = "NearestNeighbor"];
n0 -> n00;
n01[label = "FarthestFirstNode"];
n0 -> n01;
n02[label = "NearestNeighbor"];
n0 -> n02;
n -> n0;
n1[label = "And"];
n10[label = "If_Then"];
n100[label = "If_Then_Else"];
n1000[label = "NearestNeighbor"];
n100 -> n1000;
n1001[label = "FarthestFirstNode"];
n100 -> n1001;
n1002[label = "FarthestInsertion"];
n100 -> n1002;
n10 -> n100;
n101[label = "If_Then_Else"];
n1010[label = "NearestFirstNode"];
n101 -> n1010;
n1011[label = "FarthestFirstNode"];
n101 -> n1011;
n1012[label = "NearestFirstNode"];
n101 -> n1012;
n10 -> n101;
n1 -> n10;
n11[label = "If_Then_Else"];
n110[label = "NearestNeighbor"];
n11 -> n110;
n111[label = "If_Then_Else"];
n1110[label = "NearestFirstNode"];
n111 -> n1110;
n1111[label = "FarthestFirstNode"];
n111 -> n1111;
n1112[label = "NearestFirstNode"];
n111 -> n1112;
n11 -> n111;
n112[label = "WorstMove"];
n11 -> n112;
n1 -> n11;
n -> n1;
}


Generation: 86
Best Individual:
Subpopulation 0:
Evaluated: true
Fitness: Standardized=0.2612426 Adjusted=0.79286885 Hits=0
Tree 0:
digraph g {
node [shape=rectangle];
n[label = "And"];
n0[label = "If_Then_Else"];
n00[label = "NearestNeighbor"];
n0 -> n00;
n01[label = "FarthestFirstNode"];
n0 -> n01;
n02[label = "NearestNeighbor"];
n0 -> n02;
n -> n0;
n1[label = "And"];
n10[label = "If_Then"];
n100[label = "If_Then_Else"];
n1000[label = "NearestNeighbor"];
n100 -> n1000;
n1001[label = "FarthestFirstNode"];
n100 -> n1001;
n1002[label = "FarthestInsertion"];
n100 -> n1002;
n10 -> n100;
n101[label = "If_Then_Else"];
n1010[label = "NearestNeighbor"];
n101 -> n1010;
n1011[label = "FarthestFirstNode"];
n101 -> n1011;
n1012[label = "FarthestInsertion"];
n101 -> n1012;
n10 -> n101;
n1 -> n10;
n11[label = "If_Then_Else"];
n110[label = "NearestNeighbor"];
n11 -> n110;
n111[label = "If_Then_Else"];
n1110[label = "NearestNeighbor"];
n111 -> n1110;
n1111[label = "FarthestFirstNode"];
n111 -> n1111;
n1112[label = "NearestNeighbor"];
n111 -> n1112;
n11 -> n111;
n112[label = "WorstMove"];
n11 -> n112;
n1 -> n11;
n -> n1;
}


Generation: 87
Best Individual:
Subpopulation 0:
Evaluated: true
Fitness: Standardized=0.2612426 Adjusted=0.79286885 Hits=0
Tree 0:
digraph g {
node [shape=rectangle];
n[label = "And"];
n0[label = "If_Then_Else"];
n00[label = "NearestNeighbor"];
n0 -> n00;
n01[label = "FarthestFirstNode"];
n0 -> n01;
n02[label = "NearestNeighbor"];
n0 -> n02;
n -> n0;
n1[label = "And"];
n10[label = "If_Then"];
n100[label = "If_Then_Else"];
n1000[label = "NearestNeighbor"];
n100 -> n1000;
n1001[label = "FarthestFirstNode"];
n100 -> n1001;
n1002[label = "FarthestInsertion"];
n100 -> n1002;
n10 -> n100;
n101[label = "If_Then_Else"];
n1010[label = "NearestNeighbor"];
n101 -> n1010;
n1011[label = "FarthestFirstNode"];
n101 -> n1011;
n1012[label = "FarthestInsertion"];
n101 -> n1012;
n10 -> n101;
n1 -> n10;
n11[label = "If_Then_Else"];
n110[label = "NearestNeighbor"];
n11 -> n110;
n111[label = "If_Then_Else"];
n1110[label = "NearestNeighbor"];
n111 -> n1110;
n1111[label = "FarthestFirstNode"];
n111 -> n1111;
n1112[label = "NearestNeighbor"];
n111 -> n1112;
n11 -> n111;
n112[label = "WorstMove"];
n11 -> n112;
n1 -> n11;
n -> n1;
}


Generation: 88
Best Individual:
Subpopulation 0:
Evaluated: true
Fitness: Standardized=0.2612426 Adjusted=0.79286885 Hits=0
Tree 0:
digraph g {
node [shape=rectangle];
n[label = "And"];
n0[label = "If_Then_Else"];
n00[label = "NearestNeighbor"];
n0 -> n00;
n01[label = "FarthestFirstNode"];
n0 -> n01;
n02[label = "NearestNeighbor"];
n0 -> n02;
n -> n0;
n1[label = "And"];
n10[label = "If_Then"];
n100[label = "If_Then_Else"];
n1000[label = "NearestNeighbor"];
n100 -> n1000;
n1001[label = "FarthestFirstNode"];
n100 -> n1001;
n1002[label = "FarthestInsertion"];
n100 -> n1002;
n10 -> n100;
n101[label = "If_Then_Else"];
n1010[label = "NearestNeighbor"];
n101 -> n1010;
n1011[label = "FarthestFirstNode"];
n101 -> n1011;
n1012[label = "FarthestInsertion"];
n101 -> n1012;
n10 -> n101;
n1 -> n10;
n11[label = "If_Then_Else"];
n110[label = "NearestNeighbor"];
n11 -> n110;
n111[label = "If_Then_Else"];
n1110[label = "NearestNeighbor"];
n111 -> n1110;
n1111[label = "FarthestFirstNode"];
n111 -> n1111;
n1112[label = "NearestNeighbor"];
n111 -> n1112;
n11 -> n111;
n112[label = "WorstMove"];
n11 -> n112;
n1 -> n11;
n -> n1;
}


Generation: 89
Best Individual:
Subpopulation 0:
Evaluated: true
Fitness: Standardized=0.25025254 Adjusted=0.7998384 Hits=0
Tree 0:
digraph g {
node [shape=rectangle];
n[label = "And"];
n0[label = "If_Then_Else"];
n00[label = "NearestNeighbor"];
n0 -> n00;
n01[label = "If_Then"];
n010[label = "FarthestFirstNode"];
n01 -> n010;
n011[label = "NearestInsertion"];
n01 -> n011;
n0 -> n01;
n02[label = "NearestNeighbor"];
n0 -> n02;
n -> n0;
n1[label = "And"];
n10[label = "If_Then"];
n100[label = "If_Then_Else"];
n1000[label = "NearestNeighbor"];
n100 -> n1000;
n1001[label = "FarthestFirstNode"];
n100 -> n1001;
n1002[label = "FarthestInsertion"];
n100 -> n1002;
n10 -> n100;
n101[label = "If_Then_Else"];
n1010[label = "NearestNeighbor"];
n101 -> n1010;
n1011[label = "FarthestFirstNode"];
n101 -> n1011;
n1012[label = "FarthestInsertion"];
n101 -> n1012;
n10 -> n101;
n1 -> n10;
n11[label = "If_Then_Else"];
n110[label = "NearestNeighbor"];
n11 -> n110;
n111[label = "If_Then_Else"];
n1110[label = "NearestNeighbor"];
n111 -> n1110;
n1111[label = "FarthestFirstNode"];
n111 -> n1111;
n1112[label = "NearestNeighbor"];
n111 -> n1112;
n11 -> n111;
n112[label = "WorstMove"];
n11 -> n112;
n1 -> n11;
n -> n1;
}


Generation: 90
Best Individual:
Subpopulation 0:
Evaluated: true
Fitness: Standardized=0.25025254 Adjusted=0.7998384 Hits=0
Tree 0:
digraph g {
node [shape=rectangle];
n[label = "And"];
n0[label = "If_Then_Else"];
n00[label = "NearestNeighbor"];
n0 -> n00;
n01[label = "If_Then"];
n010[label = "FarthestFirstNode"];
n01 -> n010;
n011[label = "NearestInsertion"];
n01 -> n011;
n0 -> n01;
n02[label = "NearestNeighbor"];
n0 -> n02;
n -> n0;
n1[label = "And"];
n10[label = "If_Then"];
n100[label = "If_Then_Else"];
n1000[label = "NearestNeighbor"];
n100 -> n1000;
n1001[label = "FarthestFirstNode"];
n100 -> n1001;
n1002[label = "FarthestInsertion"];
n100 -> n1002;
n10 -> n100;
n101[label = "If_Then_Else"];
n1010[label = "NearestNeighbor"];
n101 -> n1010;
n1011[label = "FarthestFirstNode"];
n101 -> n1011;
n1012[label = "FarthestInsertion"];
n101 -> n1012;
n10 -> n101;
n1 -> n10;
n11[label = "If_Then_Else"];
n110[label = "NearestNeighbor"];
n11 -> n110;
n111[label = "If_Then_Else"];
n1110[label = "NearestNeighbor"];
n111 -> n1110;
n1111[label = "FarthestFirstNode"];
n111 -> n1111;
n1112[label = "NearestNeighbor"];
n111 -> n1112;
n11 -> n111;
n112[label = "WorstMove"];
n11 -> n112;
n1 -> n11;
n -> n1;
}


Generation: 91
Best Individual:
Subpopulation 0:
Evaluated: true
Fitness: Standardized=0.25025254 Adjusted=0.7998384 Hits=0
Tree 0:
digraph g {
node [shape=rectangle];
n[label = "And"];
n0[label = "If_Then_Else"];
n00[label = "NearestNeighbor"];
n0 -> n00;
n01[label = "If_Then"];
n010[label = "FarthestFirstNode"];
n01 -> n010;
n011[label = "NearestInsertion"];
n01 -> n011;
n0 -> n01;
n02[label = "NearestNeighbor"];
n0 -> n02;
n -> n0;
n1[label = "And"];
n10[label = "If_Then"];
n100[label = "If_Then_Else"];
n1000[label = "NearestNeighbor"];
n100 -> n1000;
n1001[label = "FarthestFirstNode"];
n100 -> n1001;
n1002[label = "FarthestInsertion"];
n100 -> n1002;
n10 -> n100;
n101[label = "If_Then_Else"];
n1010[label = "NearestNeighbor"];
n101 -> n1010;
n1011[label = "FarthestFirstNode"];
n101 -> n1011;
n1012[label = "FarthestInsertion"];
n101 -> n1012;
n10 -> n101;
n1 -> n10;
n11[label = "If_Then_Else"];
n110[label = "NearestNeighbor"];
n11 -> n110;
n111[label = "If_Then_Else"];
n1110[label = "NearestNeighbor"];
n111 -> n1110;
n1111[label = "FarthestFirstNode"];
n111 -> n1111;
n1112[label = "NearestNeighbor"];
n111 -> n1112;
n11 -> n111;
n112[label = "WorstMove"];
n11 -> n112;
n1 -> n11;
n -> n1;
}


Generation: 92
Best Individual:
Subpopulation 0:
Evaluated: true
Fitness: Standardized=0.25025254 Adjusted=0.7998384 Hits=0
Tree 0:
digraph g {
node [shape=rectangle];
n[label = "And"];
n0[label = "If_Then_Else"];
n00[label = "NearestNeighbor"];
n0 -> n00;
n01[label = "If_Then"];
n010[label = "FarthestFirstNode"];
n01 -> n010;
n011[label = "NearestInsertion"];
n01 -> n011;
n0 -> n01;
n02[label = "NearestNeighbor"];
n0 -> n02;
n -> n0;
n1[label = "And"];
n10[label = "If_Then"];
n100[label = "If_Then_Else"];
n1000[label = "NearestNeighbor"];
n100 -> n1000;
n1001[label = "FarthestFirstNode"];
n100 -> n1001;
n1002[label = "FarthestInsertion"];
n100 -> n1002;
n10 -> n100;
n101[label = "If_Then_Else"];
n1010[label = "NearestNeighbor"];
n101 -> n1010;
n1011[label = "FarthestFirstNode"];
n101 -> n1011;
n1012[label = "FarthestInsertion"];
n101 -> n1012;
n10 -> n101;
n1 -> n10;
n11[label = "If_Then_Else"];
n110[label = "NearestNeighbor"];
n11 -> n110;
n111[label = "If_Then_Else"];
n1110[label = "NearestNeighbor"];
n111 -> n1110;
n1111[label = "FarthestFirstNode"];
n111 -> n1111;
n1112[label = "NearestNeighbor"];
n111 -> n1112;
n11 -> n111;
n112[label = "WorstMove"];
n11 -> n112;
n1 -> n11;
n -> n1;
}


Generation: 93
Best Individual:
Subpopulation 0:
Evaluated: true
Fitness: Standardized=0.25025254 Adjusted=0.7998384 Hits=0
Tree 0:
digraph g {
node [shape=rectangle];
n[label = "And"];
n0[label = "If_Then_Else"];
n00[label = "NearestNeighbor"];
n0 -> n00;
n01[label = "If_Then"];
n010[label = "FarthestFirstNode"];
n01 -> n010;
n011[label = "NearestInsertion"];
n01 -> n011;
n0 -> n01;
n02[label = "NearestNeighbor"];
n0 -> n02;
n -> n0;
n1[label = "And"];
n10[label = "If_Then"];
n100[label = "If_Then_Else"];
n1000[label = "NearestNeighbor"];
n100 -> n1000;
n1001[label = "FarthestFirstNode"];
n100 -> n1001;
n1002[label = "FarthestInsertion"];
n100 -> n1002;
n10 -> n100;
n101[label = "If_Then_Else"];
n1010[label = "NearestNeighbor"];
n101 -> n1010;
n1011[label = "FarthestFirstNode"];
n101 -> n1011;
n1012[label = "FarthestInsertion"];
n101 -> n1012;
n10 -> n101;
n1 -> n10;
n11[label = "If_Then_Else"];
n110[label = "NearestNeighbor"];
n11 -> n110;
n111[label = "If_Then_Else"];
n1110[label = "NearestNeighbor"];
n111 -> n1110;
n1111[label = "FarthestFirstNode"];
n111 -> n1111;
n1112[label = "NearestNeighbor"];
n111 -> n1112;
n11 -> n111;
n112[label = "WorstMove"];
n11 -> n112;
n1 -> n11;
n -> n1;
}


Generation: 94
Best Individual:
Subpopulation 0:
Evaluated: true
Fitness: Standardized=0.25025254 Adjusted=0.7998384 Hits=0
Tree 0:
digraph g {
node [shape=rectangle];
n[label = "And"];
n0[label = "If_Then_Else"];
n00[label = "NearestNeighbor"];
n0 -> n00;
n01[label = "If_Then"];
n010[label = "FarthestFirstNode"];
n01 -> n010;
n011[label = "NearestInsertion"];
n01 -> n011;
n0 -> n01;
n02[label = "NearestNeighbor"];
n0 -> n02;
n -> n0;
n1[label = "And"];
n10[label = "If_Then"];
n100[label = "If_Then_Else"];
n1000[label = "NearestNeighbor"];
n100 -> n1000;
n1001[label = "FarthestFirstNode"];
n100 -> n1001;
n1002[label = "FarthestInsertion"];
n100 -> n1002;
n10 -> n100;
n101[label = "If_Then_Else"];
n1010[label = "NearestNeighbor"];
n101 -> n1010;
n1011[label = "FarthestFirstNode"];
n101 -> n1011;
n1012[label = "FarthestInsertion"];
n101 -> n1012;
n10 -> n101;
n1 -> n10;
n11[label = "If_Then_Else"];
n110[label = "NearestNeighbor"];
n11 -> n110;
n111[label = "If_Then_Else"];
n1110[label = "NearestNeighbor"];
n111 -> n1110;
n1111[label = "FarthestFirstNode"];
n111 -> n1111;
n1112[label = "FarthestInsertion"];
n111 -> n1112;
n11 -> n111;
n112[label = "WorstMove"];
n11 -> n112;
n1 -> n11;
n -> n1;
}


Generation: 95
Best Individual:
Subpopulation 0:
Evaluated: true
Fitness: Standardized=0.25025254 Adjusted=0.7998384 Hits=0
Tree 0:
digraph g {
node [shape=rectangle];
n[label = "And"];
n0[label = "If_Then_Else"];
n00[label = "NearestNeighbor"];
n0 -> n00;
n01[label = "If_Then"];
n010[label = "FarthestFirstNode"];
n01 -> n010;
n011[label = "NearestInsertion"];
n01 -> n011;
n0 -> n01;
n02[label = "NearestNeighbor"];
n0 -> n02;
n -> n0;
n1[label = "And"];
n10[label = "If_Then"];
n100[label = "If_Then_Else"];
n1000[label = "NearestNeighbor"];
n100 -> n1000;
n1001[label = "FarthestFirstNode"];
n100 -> n1001;
n1002[label = "FarthestInsertion"];
n100 -> n1002;
n10 -> n100;
n101[label = "If_Then_Else"];
n1010[label = "NearestNeighbor"];
n101 -> n1010;
n1011[label = "FarthestFirstNode"];
n101 -> n1011;
n1012[label = "FarthestInsertion"];
n101 -> n1012;
n10 -> n101;
n1 -> n10;
n11[label = "If_Then_Else"];
n110[label = "NearestNeighbor"];
n11 -> n110;
n111[label = "If_Then_Else"];
n1110[label = "NearestNeighbor"];
n111 -> n1110;
n1111[label = "FarthestFirstNode"];
n111 -> n1111;
n1112[label = "NearestNeighbor"];
n111 -> n1112;
n11 -> n111;
n112[label = "WorstMove"];
n11 -> n112;
n1 -> n11;
n -> n1;
}


Generation: 96
Best Individual:
Subpopulation 0:
Evaluated: true
Fitness: Standardized=0.25025254 Adjusted=0.7998384 Hits=0
Tree 0:
digraph g {
node [shape=rectangle];
n[label = "And"];
n0[label = "If_Then_Else"];
n00[label = "NearestNeighbor"];
n0 -> n00;
n01[label = "If_Then"];
n010[label = "FarthestFirstNode"];
n01 -> n010;
n011[label = "NearestInsertion"];
n01 -> n011;
n0 -> n01;
n02[label = "NearestNeighbor"];
n0 -> n02;
n -> n0;
n1[label = "And"];
n10[label = "If_Then"];
n100[label = "If_Then_Else"];
n1000[label = "NearestNeighbor"];
n100 -> n1000;
n1001[label = "FarthestFirstNode"];
n100 -> n1001;
n1002[label = "FarthestInsertion"];
n100 -> n1002;
n10 -> n100;
n101[label = "If_Then_Else"];
n1010[label = "NearestNeighbor"];
n101 -> n1010;
n1011[label = "FarthestFirstNode"];
n101 -> n1011;
n1012[label = "FarthestInsertion"];
n101 -> n1012;
n10 -> n101;
n1 -> n10;
n11[label = "If_Then_Else"];
n110[label = "NearestNeighbor"];
n11 -> n110;
n111[label = "If_Then_Else"];
n1110[label = "NearestNeighbor"];
n111 -> n1110;
n1111[label = "FarthestFirstNode"];
n111 -> n1111;
n1112[label = "NearestNeighbor"];
n111 -> n1112;
n11 -> n111;
n112[label = "NearestFirstNode"];
n11 -> n112;
n1 -> n11;
n -> n1;
}


Generation: 97
Best Individual:
Subpopulation 0:
Evaluated: true
Fitness: Standardized=0.25025254 Adjusted=0.7998384 Hits=0
Tree 0:
digraph g {
node [shape=rectangle];
n[label = "And"];
n0[label = "If_Then_Else"];
n00[label = "NearestNeighbor"];
n0 -> n00;
n01[label = "If_Then"];
n010[label = "FarthestFirstNode"];
n01 -> n010;
n011[label = "NearestInsertion"];
n01 -> n011;
n0 -> n01;
n02[label = "NearestNeighbor"];
n0 -> n02;
n -> n0;
n1[label = "And"];
n10[label = "If_Then"];
n100[label = "If_Then_Else"];
n1000[label = "NearestNeighbor"];
n100 -> n1000;
n1001[label = "FarthestFirstNode"];
n100 -> n1001;
n1002[label = "FarthestInsertion"];
n100 -> n1002;
n10 -> n100;
n101[label = "If_Then_Else"];
n1010[label = "NearestNeighbor"];
n101 -> n1010;
n1011[label = "FarthestFirstNode"];
n101 -> n1011;
n1012[label = "FarthestInsertion"];
n101 -> n1012;
n10 -> n101;
n1 -> n10;
n11[label = "If_Then_Else"];
n110[label = "NearestNeighbor"];
n11 -> n110;
n111[label = "If_Then_Else"];
n1110[label = "NearestNeighbor"];
n111 -> n1110;
n1111[label = "FarthestFirstNode"];
n111 -> n1111;
n1112[label = "NearestNeighbor"];
n111 -> n1112;
n11 -> n111;
n112[label = "WorstMove"];
n11 -> n112;
n1 -> n11;
n -> n1;
}


Generation: 98
Best Individual:
Subpopulation 0:
Evaluated: true
Fitness: Standardized=0.25025254 Adjusted=0.7998384 Hits=0
Tree 0:
digraph g {
node [shape=rectangle];
n[label = "And"];
n0[label = "If_Then_Else"];
n00[label = "NearestNeighbor"];
n0 -> n00;
n01[label = "If_Then"];
n010[label = "FarthestFirstNode"];
n01 -> n010;
n011[label = "NearestInsertion"];
n01 -> n011;
n0 -> n01;
n02[label = "NearestNeighbor"];
n0 -> n02;
n -> n0;
n1[label = "And"];
n10[label = "If_Then"];
n100[label = "If_Then_Else"];
n1000[label = "NearestNeighbor"];
n100 -> n1000;
n1001[label = "FarthestFirstNode"];
n100 -> n1001;
n1002[label = "FarthestInsertion"];
n100 -> n1002;
n10 -> n100;
n101[label = "If_Then_Else"];
n1010[label = "NearestNeighbor"];
n101 -> n1010;
n1011[label = "FarthestFirstNode"];
n101 -> n1011;
n1012[label = "FarthestInsertion"];
n101 -> n1012;
n10 -> n101;
n1 -> n10;
n11[label = "If_Then_Else"];
n110[label = "NearestNeighbor"];
n11 -> n110;
n111[label = "If_Then_Else"];
n1110[label = "NearestNeighbor"];
n111 -> n1110;
n1111[label = "FarthestFirstNode"];
n111 -> n1111;
n1112[label = "NearestNeighbor"];
n111 -> n1112;
n11 -> n111;
n112[label = "NearestFirstNode"];
n11 -> n112;
n1 -> n11;
n -> n1;
}


Generation: 99
Best Individual:
Subpopulation 0:
Evaluated: true
Fitness: Standardized=0.25025254 Adjusted=0.7998384 Hits=0
Tree 0:
digraph g {
node [shape=rectangle];
n[label = "And"];
n0[label = "If_Then_Else"];
n00[label = "NearestNeighbor"];
n0 -> n00;
n01[label = "If_Then"];
n010[label = "FarthestFirstNode"];
n01 -> n010;
n011[label = "NearestInsertion"];
n01 -> n011;
n0 -> n01;
n02[label = "NearestNeighbor"];
n0 -> n02;
n -> n0;
n1[label = "And"];
n10[label = "If_Then"];
n100[label = "If_Then_Else"];
n1000[label = "NearestNeighbor"];
n100 -> n1000;
n1001[label = "FarthestFirstNode"];
n100 -> n1001;
n1002[label = "FarthestInsertion"];
n100 -> n1002;
n10 -> n100;
n101[label = "If_Then_Else"];
n1010[label = "NearestNeighbor"];
n101 -> n1010;
n1011[label = "FarthestFirstNode"];
n101 -> n1011;
n1012[label = "FarthestInsertion"];
n101 -> n1012;
n10 -> n101;
n1 -> n10;
n11[label = "If_Then_Else"];
n110[label = "NearestNeighbor"];
n11 -> n110;
n111[label = "If_Then_Else"];
n1110[label = "NearestNeighbor"];
n111 -> n1110;
n1111[label = "FarthestFirstNode"];
n111 -> n1111;
n1112[label = "NearestNeighbor"];
n111 -> n1112;
n11 -> n111;
n112[label = "NearestFirstNode"];
n11 -> n112;
n1 -> n11;
n -> n1;
}


Best Individual of Run:
Subpopulation 0:
Evaluated: true
Fitness: Standardized=0.25025254 Adjusted=0.7998384 Hits=0
Tree 0:
digraph g {
node [shape=rectangle];
n[label = "And"];
n0[label = "If_Then_Else"];
n00[label = "NearestNeighbor"];
n0 -> n00;
n01[label = "If_Then"];
n010[label = "FarthestFirstNode"];
n01 -> n010;
n011[label = "NearestInsertion"];
n01 -> n011;
n0 -> n01;
n02[label = "NearestNeighbor"];
n0 -> n02;
n -> n0;
n1[label = "And"];
n10[label = "If_Then"];
n100[label = "If_Then_Else"];
n1000[label = "NearestNeighbor"];
n100 -> n1000;
n1001[label = "FarthestFirstNode"];
n100 -> n1001;
n1002[label = "FarthestInsertion"];
n100 -> n1002;
n10 -> n100;
n101[label = "If_Then_Else"];
n1010[label = "NearestNeighbor"];
n101 -> n1010;
n1011[label = "FarthestFirstNode"];
n101 -> n1011;
n1012[label = "FarthestInsertion"];
n101 -> n1012;
n10 -> n101;
n1 -> n10;
n11[label = "If_Then_Else"];
n110[label = "NearestNeighbor"];
n11 -> n110;
n111[label = "If_Then_Else"];
n1110[label = "NearestNeighbor"];
n111 -> n1110;
n1111[label = "FarthestFirstNode"];
n111 -> n1111;
n1112[label = "NearestNeighbor"];
n111 -> n1112;
n11 -> n111;
n112[label = "WorstMove"];
n11 -> n112;
n1 -> n11;
n -> n1;
}

