
Generation: 0
Best Individual:
Subpopulation 0:
Evaluated: true
Fitness: Standardized=0.59359705 Adjusted=0.6275112 Hits=0
Tree 0:
digraph g {
node [shape=rectangle];
n[label = "And"];
n0[label = "If_Then"];
n00[label = "And"];
n000[label = "NearestFirstNode"];
n00 -> n000;
n001[label = "NearestFirstNode"];
n00 -> n001;
n0 -> n00;
n01[label = "While"];
n010[label = "NearestInsertion"];
n01 -> n010;
n011[label = "WorstMove"];
n01 -> n011;
n0 -> n01;
n -> n0;
n1[label = "Or"];
n10[label = "If_Then_Else"];
n100[label = "BestMove"];
n10 -> n100;
n101[label = "NearestFirstNode"];
n10 -> n101;
n102[label = "FarthestFirstNode"];
n10 -> n102;
n1 -> n10;
n11[label = "Equal"];
n110[label = "WorstMove"];
n11 -> n110;
n111[label = "FarthestFirstNode"];
n11 -> n111;
n1 -> n11;
n -> n1;
}


Generation: 1
Best Individual:
Subpopulation 0:
Evaluated: true
Fitness: Standardized=0.59359705 Adjusted=0.6275112 Hits=0
Tree 0:
digraph g {
node [shape=rectangle];
n[label = "And"];
n0[label = "If_Then"];
n00[label = "And"];
n000[label = "NearestFirstNode"];
n00 -> n000;
n001[label = "NearestFirstNode"];
n00 -> n001;
n0 -> n00;
n01[label = "While"];
n010[label = "NearestInsertion"];
n01 -> n010;
n011[label = "WorstMove"];
n01 -> n011;
n0 -> n01;
n -> n0;
n1[label = "Or"];
n10[label = "If_Then_Else"];
n100[label = "BestMove"];
n10 -> n100;
n101[label = "NearestFirstNode"];
n10 -> n101;
n102[label = "FarthestFirstNode"];
n10 -> n102;
n1 -> n10;
n11[label = "Equal"];
n110[label = "WorstMove"];
n11 -> n110;
n111[label = "FarthestFirstNode"];
n11 -> n111;
n1 -> n11;
n -> n1;
}


Generation: 2
Best Individual:
Subpopulation 0:
Evaluated: true
Fitness: Standardized=0.42734218 Adjusted=0.7006028 Hits=0
Tree 0:
digraph g {
node [shape=rectangle];
n[label = "Equal"];
n0[label = "FarthestFirstNode"];
n -> n0;
n1[label = "If_Then_Else"];
n10[label = "FarthestNeighbor"];
n1 -> n10;
n11[label = "FarthestInsertion"];
n1 -> n11;
n12[label = "BestMove"];
n1 -> n12;
n -> n1;
}


Generation: 3
Best Individual:
Subpopulation 0:
Evaluated: true
Fitness: Standardized=0.42734218 Adjusted=0.7006028 Hits=0
Tree 0:
digraph g {
node [shape=rectangle];
n[label = "Equal"];
n0[label = "FarthestFirstNode"];
n -> n0;
n1[label = "If_Then_Else"];
n10[label = "FarthestNeighbor"];
n1 -> n10;
n11[label = "FarthestInsertion"];
n1 -> n11;
n12[label = "BestMove"];
n1 -> n12;
n -> n1;
}


Generation: 4
Best Individual:
Subpopulation 0:
Evaluated: true
Fitness: Standardized=0.26887625 Adjusted=0.7880989 Hits=0
Tree 0:
digraph g {
node [shape=rectangle];
n[label = "And"];
n0[label = "If_Then"];
n00[label = "And"];
n000[label = "NearestFirstNode"];
n00 -> n000;
n001[label = "NearestFirstNode"];
n00 -> n001;
n0 -> n00;
n01[label = "While"];
n010[label = "NearestInsertion"];
n01 -> n010;
n011[label = "WorstMove"];
n01 -> n011;
n0 -> n01;
n -> n0;
n1[label = "Equal"];
n10[label = "FarthestFirstNode"];
n1 -> n10;
n11[label = "If_Then_Else"];
n110[label = "FarthestNeighbor"];
n11 -> n110;
n111[label = "FarthestInsertion"];
n11 -> n111;
n112[label = "BestMove"];
n11 -> n112;
n1 -> n11;
n -> n1;
}


Generation: 5
Best Individual:
Subpopulation 0:
Evaluated: true
Fitness: Standardized=0.26887625 Adjusted=0.7880989 Hits=0
Tree 0:
digraph g {
node [shape=rectangle];
n[label = "And"];
n0[label = "If_Then"];
n00[label = "And"];
n000[label = "NearestFirstNode"];
n00 -> n000;
n001[label = "NearestFirstNode"];
n00 -> n001;
n0 -> n00;
n01[label = "While"];
n010[label = "NearestInsertion"];
n01 -> n010;
n011[label = "WorstMove"];
n01 -> n011;
n0 -> n01;
n -> n0;
n1[label = "Equal"];
n10[label = "FarthestFirstNode"];
n1 -> n10;
n11[label = "If_Then_Else"];
n110[label = "FarthestNeighbor"];
n11 -> n110;
n111[label = "FarthestInsertion"];
n11 -> n111;
n112[label = "BestMove"];
n11 -> n112;
n1 -> n11;
n -> n1;
}


Generation: 6
Best Individual:
Subpopulation 0:
Evaluated: true
Fitness: Standardized=0.26887625 Adjusted=0.7880989 Hits=0
Tree 0:
digraph g {
node [shape=rectangle];
n[label = "And"];
n0[label = "If_Then"];
n00[label = "And"];
n000[label = "NearestFirstNode"];
n00 -> n000;
n001[label = "NearestFirstNode"];
n00 -> n001;
n0 -> n00;
n01[label = "While"];
n010[label = "NearestInsertion"];
n01 -> n010;
n011[label = "WorstMove"];
n01 -> n011;
n0 -> n01;
n -> n0;
n1[label = "Equal"];
n10[label = "FarthestFirstNode"];
n1 -> n10;
n11[label = "If_Then_Else"];
n110[label = "FarthestNeighbor"];
n11 -> n110;
n111[label = "FarthestInsertion"];
n11 -> n111;
n112[label = "BestMove"];
n11 -> n112;
n1 -> n11;
n -> n1;
}


Generation: 7
Best Individual:
Subpopulation 0:
Evaluated: true
Fitness: Standardized=0.26887625 Adjusted=0.7880989 Hits=0
Tree 0:
digraph g {
node [shape=rectangle];
n[label = "And"];
n0[label = "If_Then"];
n00[label = "And"];
n000[label = "NearestFirstNode"];
n00 -> n000;
n001[label = "NearestFirstNode"];
n00 -> n001;
n0 -> n00;
n01[label = "While"];
n010[label = "NearestInsertion"];
n01 -> n010;
n011[label = "WorstMove"];
n01 -> n011;
n0 -> n01;
n -> n0;
n1[label = "Equal"];
n10[label = "FarthestFirstNode"];
n1 -> n10;
n11[label = "If_Then_Else"];
n110[label = "FarthestNeighbor"];
n11 -> n110;
n111[label = "FarthestInsertion"];
n11 -> n111;
n112[label = "BestMove"];
n11 -> n112;
n1 -> n11;
n -> n1;
}


Generation: 8
Best Individual:
Subpopulation 0:
Evaluated: true
Fitness: Standardized=0.26516882 Adjusted=0.7904084 Hits=0
Tree 0:
digraph g {
node [shape=rectangle];
n[label = "And"];
n0[label = "If_Then"];
n00[label = "And"];
n000[label = "NearestFirstNode"];
n00 -> n000;
n001[label = "NearestFirstNode"];
n00 -> n001;
n0 -> n00;
n01[label = "While"];
n010[label = "NearestInsertion"];
n01 -> n010;
n011[label = "WorstMove"];
n01 -> n011;
n0 -> n01;
n -> n0;
n1[label = "Equal"];
n10[label = "FarthestFirstNode"];
n1 -> n10;
n11[label = "If_Then_Else"];
n110[label = "FarthestNeighbor"];
n11 -> n110;
n111[label = "If_Then_Else"];
n1110[label = "FarthestNeighbor"];
n111 -> n1110;
n1111[label = "FarthestInsertion"];
n111 -> n1111;
n1112[label = "BestMove"];
n111 -> n1112;
n11 -> n111;
n112[label = "BestMove"];
n11 -> n112;
n1 -> n11;
n -> n1;
}


Generation: 9
Best Individual:
Subpopulation 0:
Evaluated: true
Fitness: Standardized=0.26516882 Adjusted=0.7904084 Hits=0
Tree 0:
digraph g {
node [shape=rectangle];
n[label = "And"];
n0[label = "If_Then"];
n00[label = "And"];
n000[label = "NearestFirstNode"];
n00 -> n000;
n001[label = "NearestFirstNode"];
n00 -> n001;
n0 -> n00;
n01[label = "While"];
n010[label = "NearestInsertion"];
n01 -> n010;
n011[label = "WorstMove"];
n01 -> n011;
n0 -> n01;
n -> n0;
n1[label = "Equal"];
n10[label = "FarthestFirstNode"];
n1 -> n10;
n11[label = "If_Then_Else"];
n110[label = "FarthestNeighbor"];
n11 -> n110;
n111[label = "If_Then_Else"];
n1110[label = "FarthestNeighbor"];
n111 -> n1110;
n1111[label = "FarthestInsertion"];
n111 -> n1111;
n1112[label = "BestMove"];
n111 -> n1112;
n11 -> n111;
n112[label = "BestMove"];
n11 -> n112;
n1 -> n11;
n -> n1;
}


Generation: 10
Best Individual:
Subpopulation 0:
Evaluated: true
Fitness: Standardized=0.26516882 Adjusted=0.7904084 Hits=0
Tree 0:
digraph g {
node [shape=rectangle];
n[label = "And"];
n0[label = "If_Then"];
n00[label = "And"];
n000[label = "NearestFirstNode"];
n00 -> n000;
n001[label = "NearestFirstNode"];
n00 -> n001;
n0 -> n00;
n01[label = "While"];
n010[label = "NearestInsertion"];
n01 -> n010;
n011[label = "WorstMove"];
n01 -> n011;
n0 -> n01;
n -> n0;
n1[label = "Equal"];
n10[label = "FarthestFirstNode"];
n1 -> n10;
n11[label = "If_Then_Else"];
n110[label = "FarthestNeighbor"];
n11 -> n110;
n111[label = "If_Then_Else"];
n1110[label = "FarthestNeighbor"];
n111 -> n1110;
n1111[label = "FarthestInsertion"];
n111 -> n1111;
n1112[label = "BestMove"];
n111 -> n1112;
n11 -> n111;
n112[label = "BestMove"];
n11 -> n112;
n1 -> n11;
n -> n1;
}


Generation: 11
Best Individual:
Subpopulation 0:
Evaluated: true
Fitness: Standardized=0.26516882 Adjusted=0.7904084 Hits=0
Tree 0:
digraph g {
node [shape=rectangle];
n[label = "And"];
n0[label = "If_Then"];
n00[label = "And"];
n000[label = "NearestFirstNode"];
n00 -> n000;
n001[label = "NearestFirstNode"];
n00 -> n001;
n0 -> n00;
n01[label = "While"];
n010[label = "NearestInsertion"];
n01 -> n010;
n011[label = "WorstMove"];
n01 -> n011;
n0 -> n01;
n -> n0;
n1[label = "Equal"];
n10[label = "FarthestFirstNode"];
n1 -> n10;
n11[label = "Equal"];
n110[label = "FarthestFirstNode"];
n11 -> n110;
n111[label = "If_Then_Else"];
n1110[label = "FarthestNeighbor"];
n111 -> n1110;
n1111[label = "FarthestInsertion"];
n111 -> n1111;
n1112[label = "BestMove"];
n111 -> n1112;
n11 -> n111;
n1 -> n11;
n -> n1;
}


Generation: 12
Best Individual:
Subpopulation 0:
Evaluated: true
Fitness: Standardized=0.2515603 Adjusted=0.79900265 Hits=0
Tree 0:
digraph g {
node [shape=rectangle];
n[label = "And"];
n0[label = "If_Then"];
n00[label = "And"];
n000[label = "NearestFirstNode"];
n00 -> n000;
n001[label = "NearestFirstNode"];
n00 -> n001;
n0 -> n00;
n01[label = "While"];
n010[label = "NearestInsertion"];
n01 -> n010;
n011[label = "WorstMove"];
n01 -> n011;
n0 -> n01;
n -> n0;
n1[label = "Equal"];
n10[label = "FarthestFirstNode"];
n1 -> n10;
n11[label = "If_Then_Else"];
n110[label = "And"];
n1100[label = "NearestFirstNode"];
n110 -> n1100;
n1101[label = "NearestFirstNode"];
n110 -> n1101;
n11 -> n110;
n111[label = "If_Then_Else"];
n1110[label = "FarthestNeighbor"];
n111 -> n1110;
n1111[label = "FarthestInsertion"];
n111 -> n1111;
n1112[label = "BestMove"];
n111 -> n1112;
n11 -> n111;
n112[label = "BestMove"];
n11 -> n112;
n1 -> n11;
n -> n1;
}


Generation: 13
Best Individual:
Subpopulation 0:
Evaluated: true
Fitness: Standardized=0.2515603 Adjusted=0.79900265 Hits=0
Tree 0:
digraph g {
node [shape=rectangle];
n[label = "And"];
n0[label = "If_Then"];
n00[label = "And"];
n000[label = "NearestFirstNode"];
n00 -> n000;
n001[label = "NearestFirstNode"];
n00 -> n001;
n0 -> n00;
n01[label = "While"];
n010[label = "NearestInsertion"];
n01 -> n010;
n011[label = "WorstMove"];
n01 -> n011;
n0 -> n01;
n -> n0;
n1[label = "Equal"];
n10[label = "FarthestFirstNode"];
n1 -> n10;
n11[label = "If_Then_Else"];
n110[label = "And"];
n1100[label = "NearestFirstNode"];
n110 -> n1100;
n1101[label = "NearestFirstNode"];
n110 -> n1101;
n11 -> n110;
n111[label = "If_Then_Else"];
n1110[label = "FarthestNeighbor"];
n111 -> n1110;
n1111[label = "FarthestInsertion"];
n111 -> n1111;
n1112[label = "BestMove"];
n111 -> n1112;
n11 -> n111;
n112[label = "BestMove"];
n11 -> n112;
n1 -> n11;
n -> n1;
}


Generation: 14
Best Individual:
Subpopulation 0:
Evaluated: true
Fitness: Standardized=0.2515603 Adjusted=0.79900265 Hits=0
Tree 0:
digraph g {
node [shape=rectangle];
n[label = "And"];
n0[label = "If_Then"];
n00[label = "And"];
n000[label = "NearestFirstNode"];
n00 -> n000;
n001[label = "NearestFirstNode"];
n00 -> n001;
n0 -> n00;
n01[label = "While"];
n010[label = "NearestInsertion"];
n01 -> n010;
n011[label = "WorstMove"];
n01 -> n011;
n0 -> n01;
n -> n0;
n1[label = "Equal"];
n10[label = "FarthestFirstNode"];
n1 -> n10;
n11[label = "If_Then_Else"];
n110[label = "And"];
n1100[label = "NearestFirstNode"];
n110 -> n1100;
n1101[label = "NearestFirstNode"];
n110 -> n1101;
n11 -> n110;
n111[label = "If_Then_Else"];
n1110[label = "FarthestNeighbor"];
n111 -> n1110;
n1111[label = "FarthestInsertion"];
n111 -> n1111;
n1112[label = "BestMove"];
n111 -> n1112;
n11 -> n111;
n112[label = "BestMove"];
n11 -> n112;
n1 -> n11;
n -> n1;
}


Generation: 15
Best Individual:
Subpopulation 0:
Evaluated: true
Fitness: Standardized=0.2515603 Adjusted=0.79900265 Hits=0
Tree 0:
digraph g {
node [shape=rectangle];
n[label = "And"];
n0[label = "If_Then"];
n00[label = "And"];
n000[label = "NearestFirstNode"];
n00 -> n000;
n001[label = "NearestFirstNode"];
n00 -> n001;
n0 -> n00;
n01[label = "While"];
n010[label = "NearestInsertion"];
n01 -> n010;
n011[label = "WorstMove"];
n01 -> n011;
n0 -> n01;
n -> n0;
n1[label = "Equal"];
n10[label = "FarthestFirstNode"];
n1 -> n10;
n11[label = "If_Then_Else"];
n110[label = "And"];
n1100[label = "NearestFirstNode"];
n110 -> n1100;
n1101[label = "NearestFirstNode"];
n110 -> n1101;
n11 -> n110;
n111[label = "If_Then_Else"];
n1110[label = "FarthestNeighbor"];
n111 -> n1110;
n1111[label = "FarthestInsertion"];
n111 -> n1111;
n1112[label = "BestMove"];
n111 -> n1112;
n11 -> n111;
n112[label = "BestMove"];
n11 -> n112;
n1 -> n11;
n -> n1;
}


Generation: 16
Best Individual:
Subpopulation 0:
Evaluated: true
Fitness: Standardized=0.2515603 Adjusted=0.79900265 Hits=0
Tree 0:
digraph g {
node [shape=rectangle];
n[label = "And"];
n0[label = "If_Then"];
n00[label = "And"];
n000[label = "NearestFirstNode"];
n00 -> n000;
n001[label = "NearestFirstNode"];
n00 -> n001;
n0 -> n00;
n01[label = "While"];
n010[label = "NearestInsertion"];
n01 -> n010;
n011[label = "WorstMove"];
n01 -> n011;
n0 -> n01;
n -> n0;
n1[label = "Equal"];
n10[label = "FarthestFirstNode"];
n1 -> n10;
n11[label = "If_Then_Else"];
n110[label = "And"];
n1100[label = "NearestFirstNode"];
n110 -> n1100;
n1101[label = "NearestFirstNode"];
n110 -> n1101;
n11 -> n110;
n111[label = "If_Then_Else"];
n1110[label = "FarthestNeighbor"];
n111 -> n1110;
n1111[label = "FarthestInsertion"];
n111 -> n1111;
n1112[label = "BestMove"];
n111 -> n1112;
n11 -> n111;
n112[label = "BestMove"];
n11 -> n112;
n1 -> n11;
n -> n1;
}


Generation: 17
Best Individual:
Subpopulation 0:
Evaluated: true
Fitness: Standardized=0.24566959 Adjusted=0.8027811 Hits=0
Tree 0:
digraph g {
node [shape=rectangle];
n[label = "And"];
n0[label = "If_Then"];
n00[label = "And"];
n000[label = "NearestFirstNode"];
n00 -> n000;
n001[label = "NearestFirstNode"];
n00 -> n001;
n0 -> n00;
n01[label = "While"];
n010[label = "NearestInsertion"];
n01 -> n010;
n011[label = "WorstMove"];
n01 -> n011;
n0 -> n01;
n -> n0;
n1[label = "Equal"];
n10[label = "FarthestFirstNode"];
n1 -> n10;
n11[label = "If_Then_Else"];
n110[label = "And"];
n1100[label = "NearestNeighbor"];
n110 -> n1100;
n1101[label = "NearestFirstNode"];
n110 -> n1101;
n11 -> n110;
n111[label = "If_Then_Else"];
n1110[label = "FarthestNeighbor"];
n111 -> n1110;
n1111[label = "FarthestInsertion"];
n111 -> n1111;
n1112[label = "BestMove"];
n111 -> n1112;
n11 -> n111;
n112[label = "BestMove"];
n11 -> n112;
n1 -> n11;
n -> n1;
}


Generation: 18
Best Individual:
Subpopulation 0:
Evaluated: true
Fitness: Standardized=0.24566959 Adjusted=0.8027811 Hits=0
Tree 0:
digraph g {
node [shape=rectangle];
n[label = "And"];
n0[label = "If_Then"];
n00[label = "And"];
n000[label = "NearestFirstNode"];
n00 -> n000;
n001[label = "NearestFirstNode"];
n00 -> n001;
n0 -> n00;
n01[label = "While"];
n010[label = "NearestInsertion"];
n01 -> n010;
n011[label = "WorstMove"];
n01 -> n011;
n0 -> n01;
n -> n0;
n1[label = "Equal"];
n10[label = "FarthestFirstNode"];
n1 -> n10;
n11[label = "If_Then_Else"];
n110[label = "And"];
n1100[label = "NearestNeighbor"];
n110 -> n1100;
n1101[label = "NearestFirstNode"];
n110 -> n1101;
n11 -> n110;
n111[label = "If_Then_Else"];
n1110[label = "FarthestNeighbor"];
n111 -> n1110;
n1111[label = "FarthestInsertion"];
n111 -> n1111;
n1112[label = "BestMove"];
n111 -> n1112;
n11 -> n111;
n112[label = "BestMove"];
n11 -> n112;
n1 -> n11;
n -> n1;
}


Generation: 19
Best Individual:
Subpopulation 0:
Evaluated: true
Fitness: Standardized=0.24566959 Adjusted=0.8027811 Hits=0
Tree 0:
digraph g {
node [shape=rectangle];
n[label = "And"];
n0[label = "If_Then"];
n00[label = "And"];
n000[label = "NearestFirstNode"];
n00 -> n000;
n001[label = "NearestFirstNode"];
n00 -> n001;
n0 -> n00;
n01[label = "While"];
n010[label = "NearestInsertion"];
n01 -> n010;
n011[label = "WorstMove"];
n01 -> n011;
n0 -> n01;
n -> n0;
n1[label = "Equal"];
n10[label = "FarthestFirstNode"];
n1 -> n10;
n11[label = "If_Then_Else"];
n110[label = "And"];
n1100[label = "NearestNeighbor"];
n110 -> n1100;
n1101[label = "NearestFirstNode"];
n110 -> n1101;
n11 -> n110;
n111[label = "If_Then_Else"];
n1110[label = "FarthestNeighbor"];
n111 -> n1110;
n1111[label = "FarthestInsertion"];
n111 -> n1111;
n1112[label = "BestMove"];
n111 -> n1112;
n11 -> n111;
n112[label = "BestMove"];
n11 -> n112;
n1 -> n11;
n -> n1;
}


Generation: 20
Best Individual:
Subpopulation 0:
Evaluated: true
Fitness: Standardized=0.24566959 Adjusted=0.8027811 Hits=0
Tree 0:
digraph g {
node [shape=rectangle];
n[label = "And"];
n0[label = "If_Then"];
n00[label = "And"];
n000[label = "NearestFirstNode"];
n00 -> n000;
n001[label = "NearestFirstNode"];
n00 -> n001;
n0 -> n00;
n01[label = "While"];
n010[label = "NearestInsertion"];
n01 -> n010;
n011[label = "WorstMove"];
n01 -> n011;
n0 -> n01;
n -> n0;
n1[label = "Equal"];
n10[label = "FarthestFirstNode"];
n1 -> n10;
n11[label = "If_Then_Else"];
n110[label = "And"];
n1100[label = "NearestNeighbor"];
n110 -> n1100;
n1101[label = "NearestFirstNode"];
n110 -> n1101;
n11 -> n110;
n111[label = "If_Then_Else"];
n1110[label = "FarthestNeighbor"];
n111 -> n1110;
n1111[label = "FarthestInsertion"];
n111 -> n1111;
n1112[label = "BestMove"];
n111 -> n1112;
n11 -> n111;
n112[label = "BestMove"];
n11 -> n112;
n1 -> n11;
n -> n1;
}


Generation: 21
Best Individual:
Subpopulation 0:
Evaluated: true
Fitness: Standardized=0.24566959 Adjusted=0.8027811 Hits=0
Tree 0:
digraph g {
node [shape=rectangle];
n[label = "And"];
n0[label = "If_Then"];
n00[label = "And"];
n000[label = "NearestFirstNode"];
n00 -> n000;
n001[label = "NearestFirstNode"];
n00 -> n001;
n0 -> n00;
n01[label = "While"];
n010[label = "NearestInsertion"];
n01 -> n010;
n011[label = "WorstMove"];
n01 -> n011;
n0 -> n01;
n -> n0;
n1[label = "Equal"];
n10[label = "FarthestFirstNode"];
n1 -> n10;
n11[label = "If_Then_Else"];
n110[label = "And"];
n1100[label = "NearestNeighbor"];
n110 -> n1100;
n1101[label = "NearestFirstNode"];
n110 -> n1101;
n11 -> n110;
n111[label = "If_Then_Else"];
n1110[label = "FarthestNeighbor"];
n111 -> n1110;
n1111[label = "FarthestInsertion"];
n111 -> n1111;
n1112[label = "BestMove"];
n111 -> n1112;
n11 -> n111;
n112[label = "BestMove"];
n11 -> n112;
n1 -> n11;
n -> n1;
}


Generation: 22
Best Individual:
Subpopulation 0:
Evaluated: true
Fitness: Standardized=0.24566959 Adjusted=0.8027811 Hits=0
Tree 0:
digraph g {
node [shape=rectangle];
n[label = "And"];
n0[label = "If_Then"];
n00[label = "And"];
n000[label = "NearestFirstNode"];
n00 -> n000;
n001[label = "NearestFirstNode"];
n00 -> n001;
n0 -> n00;
n01[label = "While"];
n010[label = "NearestInsertion"];
n01 -> n010;
n011[label = "WorstMove"];
n01 -> n011;
n0 -> n01;
n -> n0;
n1[label = "Equal"];
n10[label = "FarthestFirstNode"];
n1 -> n10;
n11[label = "If_Then_Else"];
n110[label = "And"];
n1100[label = "NearestNeighbor"];
n110 -> n1100;
n1101[label = "NearestFirstNode"];
n110 -> n1101;
n11 -> n110;
n111[label = "If_Then_Else"];
n1110[label = "FarthestNeighbor"];
n111 -> n1110;
n1111[label = "FarthestInsertion"];
n111 -> n1111;
n1112[label = "BestMove"];
n111 -> n1112;
n11 -> n111;
n112[label = "BestMove"];
n11 -> n112;
n1 -> n11;
n -> n1;
}


Generation: 23
Best Individual:
Subpopulation 0:
Evaluated: true
Fitness: Standardized=0.24566959 Adjusted=0.8027811 Hits=0
Tree 0:
digraph g {
node [shape=rectangle];
n[label = "And"];
n0[label = "If_Then"];
n00[label = "And"];
n000[label = "NearestFirstNode"];
n00 -> n000;
n001[label = "NearestFirstNode"];
n00 -> n001;
n0 -> n00;
n01[label = "While"];
n010[label = "NearestInsertion"];
n01 -> n010;
n011[label = "WorstMove"];
n01 -> n011;
n0 -> n01;
n -> n0;
n1[label = "Equal"];
n10[label = "FarthestFirstNode"];
n1 -> n10;
n11[label = "If_Then_Else"];
n110[label = "And"];
n1100[label = "NearestNeighbor"];
n110 -> n1100;
n1101[label = "NearestFirstNode"];
n110 -> n1101;
n11 -> n110;
n111[label = "If_Then_Else"];
n1110[label = "FarthestNeighbor"];
n111 -> n1110;
n1111[label = "FarthestInsertion"];
n111 -> n1111;
n1112[label = "BestMove"];
n111 -> n1112;
n11 -> n111;
n112[label = "BestMove"];
n11 -> n112;
n1 -> n11;
n -> n1;
}


Generation: 24
Best Individual:
Subpopulation 0:
Evaluated: true
Fitness: Standardized=0.24566959 Adjusted=0.8027811 Hits=0
Tree 0:
digraph g {
node [shape=rectangle];
n[label = "And"];
n0[label = "If_Then"];
n00[label = "And"];
n000[label = "NearestFirstNode"];
n00 -> n000;
n001[label = "NearestFirstNode"];
n00 -> n001;
n0 -> n00;
n01[label = "While"];
n010[label = "NearestInsertion"];
n01 -> n010;
n011[label = "WorstMove"];
n01 -> n011;
n0 -> n01;
n -> n0;
n1[label = "Equal"];
n10[label = "FarthestFirstNode"];
n1 -> n10;
n11[label = "If_Then_Else"];
n110[label = "And"];
n1100[label = "NearestNeighbor"];
n110 -> n1100;
n1101[label = "NearestFirstNode"];
n110 -> n1101;
n11 -> n110;
n111[label = "If_Then_Else"];
n1110[label = "FarthestNeighbor"];
n111 -> n1110;
n1111[label = "FarthestInsertion"];
n111 -> n1111;
n1112[label = "BestMove"];
n111 -> n1112;
n11 -> n111;
n112[label = "BestMove"];
n11 -> n112;
n1 -> n11;
n -> n1;
}


Generation: 25
Best Individual:
Subpopulation 0:
Evaluated: true
Fitness: Standardized=0.24566959 Adjusted=0.8027811 Hits=0
Tree 0:
digraph g {
node [shape=rectangle];
n[label = "And"];
n0[label = "If_Then"];
n00[label = "And"];
n000[label = "NearestFirstNode"];
n00 -> n000;
n001[label = "NearestFirstNode"];
n00 -> n001;
n0 -> n00;
n01[label = "While"];
n010[label = "NearestInsertion"];
n01 -> n010;
n011[label = "WorstMove"];
n01 -> n011;
n0 -> n01;
n -> n0;
n1[label = "Equal"];
n10[label = "FarthestFirstNode"];
n1 -> n10;
n11[label = "If_Then_Else"];
n110[label = "And"];
n1100[label = "NearestNeighbor"];
n110 -> n1100;
n1101[label = "NearestFirstNode"];
n110 -> n1101;
n11 -> n110;
n111[label = "If_Then_Else"];
n1110[label = "FarthestNeighbor"];
n111 -> n1110;
n1111[label = "FarthestInsertion"];
n111 -> n1111;
n1112[label = "BestMove"];
n111 -> n1112;
n11 -> n111;
n112[label = "BestMove"];
n11 -> n112;
n1 -> n11;
n -> n1;
}


Generation: 26
Best Individual:
Subpopulation 0:
Evaluated: true
Fitness: Standardized=0.24566959 Adjusted=0.8027811 Hits=0
Tree 0:
digraph g {
node [shape=rectangle];
n[label = "And"];
n0[label = "If_Then"];
n00[label = "And"];
n000[label = "NearestFirstNode"];
n00 -> n000;
n001[label = "NearestFirstNode"];
n00 -> n001;
n0 -> n00;
n01[label = "While"];
n010[label = "NearestInsertion"];
n01 -> n010;
n011[label = "WorstMove"];
n01 -> n011;
n0 -> n01;
n -> n0;
n1[label = "Equal"];
n10[label = "FarthestFirstNode"];
n1 -> n10;
n11[label = "If_Then_Else"];
n110[label = "And"];
n1100[label = "NearestNeighbor"];
n110 -> n1100;
n1101[label = "NearestFirstNode"];
n110 -> n1101;
n11 -> n110;
n111[label = "If_Then_Else"];
n1110[label = "FarthestNeighbor"];
n111 -> n1110;
n1111[label = "FarthestInsertion"];
n111 -> n1111;
n1112[label = "BestMove"];
n111 -> n1112;
n11 -> n111;
n112[label = "BestMove"];
n11 -> n112;
n1 -> n11;
n -> n1;
}


Generation: 27
Best Individual:
Subpopulation 0:
Evaluated: true
Fitness: Standardized=0.24566959 Adjusted=0.8027811 Hits=0
Tree 0:
digraph g {
node [shape=rectangle];
n[label = "And"];
n0[label = "If_Then"];
n00[label = "And"];
n000[label = "NearestFirstNode"];
n00 -> n000;
n001[label = "NearestFirstNode"];
n00 -> n001;
n0 -> n00;
n01[label = "While"];
n010[label = "NearestInsertion"];
n01 -> n010;
n011[label = "WorstMove"];
n01 -> n011;
n0 -> n01;
n -> n0;
n1[label = "Equal"];
n10[label = "FarthestFirstNode"];
n1 -> n10;
n11[label = "If_Then_Else"];
n110[label = "And"];
n1100[label = "NearestNeighbor"];
n110 -> n1100;
n1101[label = "NearestFirstNode"];
n110 -> n1101;
n11 -> n110;
n111[label = "If_Then_Else"];
n1110[label = "FarthestNeighbor"];
n111 -> n1110;
n1111[label = "FarthestInsertion"];
n111 -> n1111;
n1112[label = "BestMove"];
n111 -> n1112;
n11 -> n111;
n112[label = "BestMove"];
n11 -> n112;
n1 -> n11;
n -> n1;
}


Generation: 28
Best Individual:
Subpopulation 0:
Evaluated: true
Fitness: Standardized=0.24566959 Adjusted=0.8027811 Hits=0
Tree 0:
digraph g {
node [shape=rectangle];
n[label = "And"];
n0[label = "If_Then"];
n00[label = "And"];
n000[label = "NearestFirstNode"];
n00 -> n000;
n001[label = "NearestFirstNode"];
n00 -> n001;
n0 -> n00;
n01[label = "While"];
n010[label = "NearestInsertion"];
n01 -> n010;
n011[label = "WorstMove"];
n01 -> n011;
n0 -> n01;
n -> n0;
n1[label = "Equal"];
n10[label = "FarthestFirstNode"];
n1 -> n10;
n11[label = "If_Then_Else"];
n110[label = "And"];
n1100[label = "NearestNeighbor"];
n110 -> n1100;
n1101[label = "NearestFirstNode"];
n110 -> n1101;
n11 -> n110;
n111[label = "If_Then_Else"];
n1110[label = "FarthestNeighbor"];
n111 -> n1110;
n1111[label = "FarthestInsertion"];
n111 -> n1111;
n1112[label = "FarthestInsertion"];
n111 -> n1112;
n11 -> n111;
n112[label = "BestMove"];
n11 -> n112;
n1 -> n11;
n -> n1;
}


Generation: 29
Best Individual:
Subpopulation 0:
Evaluated: true
Fitness: Standardized=0.24566959 Adjusted=0.8027811 Hits=0
Tree 0:
digraph g {
node [shape=rectangle];
n[label = "And"];
n0[label = "If_Then"];
n00[label = "And"];
n000[label = "NearestFirstNode"];
n00 -> n000;
n001[label = "NearestFirstNode"];
n00 -> n001;
n0 -> n00;
n01[label = "While"];
n010[label = "NearestInsertion"];
n01 -> n010;
n011[label = "WorstMove"];
n01 -> n011;
n0 -> n01;
n -> n0;
n1[label = "Equal"];
n10[label = "FarthestFirstNode"];
n1 -> n10;
n11[label = "If_Then_Else"];
n110[label = "And"];
n1100[label = "NearestNeighbor"];
n110 -> n1100;
n1101[label = "NearestFirstNode"];
n110 -> n1101;
n11 -> n110;
n111[label = "If_Then_Else"];
n1110[label = "FarthestNeighbor"];
n111 -> n1110;
n1111[label = "FarthestInsertion"];
n111 -> n1111;
n1112[label = "BestMove"];
n111 -> n1112;
n11 -> n111;
n112[label = "BestMove"];
n11 -> n112;
n1 -> n11;
n -> n1;
}


Generation: 30
Best Individual:
Subpopulation 0:
Evaluated: true
Fitness: Standardized=0.24566959 Adjusted=0.8027811 Hits=0
Tree 0:
digraph g {
node [shape=rectangle];
n[label = "And"];
n0[label = "If_Then"];
n00[label = "And"];
n000[label = "NearestFirstNode"];
n00 -> n000;
n001[label = "NearestFirstNode"];
n00 -> n001;
n0 -> n00;
n01[label = "While"];
n010[label = "NearestInsertion"];
n01 -> n010;
n011[label = "WorstMove"];
n01 -> n011;
n0 -> n01;
n -> n0;
n1[label = "Equal"];
n10[label = "FarthestFirstNode"];
n1 -> n10;
n11[label = "If_Then_Else"];
n110[label = "And"];
n1100[label = "NearestNeighbor"];
n110 -> n1100;
n1101[label = "NearestFirstNode"];
n110 -> n1101;
n11 -> n110;
n111[label = "If_Then_Else"];
n1110[label = "FarthestNeighbor"];
n111 -> n1110;
n1111[label = "FarthestInsertion"];
n111 -> n1111;
n1112[label = "FarthestInsertion"];
n111 -> n1112;
n11 -> n111;
n112[label = "BestMove"];
n11 -> n112;
n1 -> n11;
n -> n1;
}


Generation: 31
Best Individual:
Subpopulation 0:
Evaluated: true
Fitness: Standardized=0.24477947 Adjusted=0.80335516 Hits=0
Tree 0:
digraph g {
node [shape=rectangle];
n[label = "And"];
n0[label = "If_Then"];
n00[label = "And"];
n000[label = "NearestFirstNode"];
n00 -> n000;
n001[label = "NearestFirstNode"];
n00 -> n001;
n0 -> n00;
n01[label = "While"];
n010[label = "NearestInsertion"];
n01 -> n010;
n011[label = "WorstMove"];
n01 -> n011;
n0 -> n01;
n -> n0;
n1[label = "Equal"];
n10[label = "FarthestFirstNode"];
n1 -> n10;
n11[label = "If_Then_Else"];
n110[label = "And"];
n1100[label = "NearestNeighbor"];
n110 -> n1100;
n1101[label = "NearestFirstNode"];
n110 -> n1101;
n11 -> n110;
n111[label = "If_Then"];
n1110[label = "FarthestInsertion"];
n111 -> n1110;
n1111[label = "FarthestNeighbor"];
n111 -> n1111;
n11 -> n111;
n112[label = "BestMove"];
n11 -> n112;
n1 -> n11;
n -> n1;
}


Generation: 32
Best Individual:
Subpopulation 0:
Evaluated: true
Fitness: Standardized=0.24477947 Adjusted=0.80335516 Hits=0
Tree 0:
digraph g {
node [shape=rectangle];
n[label = "And"];
n0[label = "If_Then"];
n00[label = "And"];
n000[label = "NearestFirstNode"];
n00 -> n000;
n001[label = "NearestFirstNode"];
n00 -> n001;
n0 -> n00;
n01[label = "While"];
n010[label = "NearestInsertion"];
n01 -> n010;
n011[label = "WorstMove"];
n01 -> n011;
n0 -> n01;
n -> n0;
n1[label = "Equal"];
n10[label = "FarthestFirstNode"];
n1 -> n10;
n11[label = "If_Then_Else"];
n110[label = "And"];
n1100[label = "NearestNeighbor"];
n110 -> n1100;
n1101[label = "NearestFirstNode"];
n110 -> n1101;
n11 -> n110;
n111[label = "If_Then"];
n1110[label = "FarthestInsertion"];
n111 -> n1110;
n1111[label = "FarthestNeighbor"];
n111 -> n1111;
n11 -> n111;
n112[label = "BestMove"];
n11 -> n112;
n1 -> n11;
n -> n1;
}


Generation: 33
Best Individual:
Subpopulation 0:
Evaluated: true
Fitness: Standardized=0.24477947 Adjusted=0.80335516 Hits=0
Tree 0:
digraph g {
node [shape=rectangle];
n[label = "And"];
n0[label = "If_Then"];
n00[label = "And"];
n000[label = "NearestFirstNode"];
n00 -> n000;
n001[label = "NearestFirstNode"];
n00 -> n001;
n0 -> n00;
n01[label = "While"];
n010[label = "NearestInsertion"];
n01 -> n010;
n011[label = "WorstMove"];
n01 -> n011;
n0 -> n01;
n -> n0;
n1[label = "Equal"];
n10[label = "FarthestFirstNode"];
n1 -> n10;
n11[label = "If_Then_Else"];
n110[label = "And"];
n1100[label = "NearestNeighbor"];
n110 -> n1100;
n1101[label = "NearestFirstNode"];
n110 -> n1101;
n11 -> n110;
n111[label = "If_Then"];
n1110[label = "FarthestInsertion"];
n111 -> n1110;
n1111[label = "FarthestNeighbor"];
n111 -> n1111;
n11 -> n111;
n112[label = "BestMove"];
n11 -> n112;
n1 -> n11;
n -> n1;
}


Generation: 34
Best Individual:
Subpopulation 0:
Evaluated: true
Fitness: Standardized=0.24477947 Adjusted=0.80335516 Hits=0
Tree 0:
digraph g {
node [shape=rectangle];
n[label = "And"];
n0[label = "If_Then"];
n00[label = "And"];
n000[label = "NearestFirstNode"];
n00 -> n000;
n001[label = "NearestFirstNode"];
n00 -> n001;
n0 -> n00;
n01[label = "While"];
n010[label = "NearestInsertion"];
n01 -> n010;
n011[label = "WorstMove"];
n01 -> n011;
n0 -> n01;
n -> n0;
n1[label = "Equal"];
n10[label = "FarthestFirstNode"];
n1 -> n10;
n11[label = "If_Then_Else"];
n110[label = "And"];
n1100[label = "NearestNeighbor"];
n110 -> n1100;
n1101[label = "NearestFirstNode"];
n110 -> n1101;
n11 -> n110;
n111[label = "If_Then"];
n1110[label = "FarthestInsertion"];
n111 -> n1110;
n1111[label = "FarthestNeighbor"];
n111 -> n1111;
n11 -> n111;
n112[label = "BestMove"];
n11 -> n112;
n1 -> n11;
n -> n1;
}


Generation: 35
Best Individual:
Subpopulation 0:
Evaluated: true
Fitness: Standardized=0.24477947 Adjusted=0.80335516 Hits=0
Tree 0:
digraph g {
node [shape=rectangle];
n[label = "And"];
n0[label = "If_Then"];
n00[label = "And"];
n000[label = "NearestFirstNode"];
n00 -> n000;
n001[label = "NearestFirstNode"];
n00 -> n001;
n0 -> n00;
n01[label = "While"];
n010[label = "NearestInsertion"];
n01 -> n010;
n011[label = "WorstMove"];
n01 -> n011;
n0 -> n01;
n -> n0;
n1[label = "Equal"];
n10[label = "FarthestFirstNode"];
n1 -> n10;
n11[label = "If_Then_Else"];
n110[label = "And"];
n1100[label = "NearestNeighbor"];
n110 -> n1100;
n1101[label = "NearestFirstNode"];
n110 -> n1101;
n11 -> n110;
n111[label = "If_Then"];
n1110[label = "FarthestInsertion"];
n111 -> n1110;
n1111[label = "FarthestNeighbor"];
n111 -> n1111;
n11 -> n111;
n112[label = "BestMove"];
n11 -> n112;
n1 -> n11;
n -> n1;
}


Generation: 36
Best Individual:
Subpopulation 0:
Evaluated: true
Fitness: Standardized=0.24477947 Adjusted=0.80335516 Hits=0
Tree 0:
digraph g {
node [shape=rectangle];
n[label = "And"];
n0[label = "If_Then"];
n00[label = "And"];
n000[label = "NearestFirstNode"];
n00 -> n000;
n001[label = "NearestFirstNode"];
n00 -> n001;
n0 -> n00;
n01[label = "While"];
n010[label = "NearestInsertion"];
n01 -> n010;
n011[label = "WorstMove"];
n01 -> n011;
n0 -> n01;
n -> n0;
n1[label = "Equal"];
n10[label = "FarthestFirstNode"];
n1 -> n10;
n11[label = "If_Then_Else"];
n110[label = "And"];
n1100[label = "NearestNeighbor"];
n110 -> n1100;
n1101[label = "NearestFirstNode"];
n110 -> n1101;
n11 -> n110;
n111[label = "If_Then"];
n1110[label = "FarthestInsertion"];
n111 -> n1110;
n1111[label = "FarthestNeighbor"];
n111 -> n1111;
n11 -> n111;
n112[label = "BestMove"];
n11 -> n112;
n1 -> n11;
n -> n1;
}


Generation: 37
Best Individual:
Subpopulation 0:
Evaluated: true
Fitness: Standardized=0.24477947 Adjusted=0.80335516 Hits=0
Tree 0:
digraph g {
node [shape=rectangle];
n[label = "And"];
n0[label = "If_Then"];
n00[label = "And"];
n000[label = "NearestFirstNode"];
n00 -> n000;
n001[label = "NearestFirstNode"];
n00 -> n001;
n0 -> n00;
n01[label = "While"];
n010[label = "NearestInsertion"];
n01 -> n010;
n011[label = "WorstMove"];
n01 -> n011;
n0 -> n01;
n -> n0;
n1[label = "Equal"];
n10[label = "FarthestFirstNode"];
n1 -> n10;
n11[label = "If_Then_Else"];
n110[label = "And"];
n1100[label = "NearestNeighbor"];
n110 -> n1100;
n1101[label = "NearestFirstNode"];
n110 -> n1101;
n11 -> n110;
n111[label = "If_Then"];
n1110[label = "FarthestInsertion"];
n111 -> n1110;
n1111[label = "FarthestNeighbor"];
n111 -> n1111;
n11 -> n111;
n112[label = "BestMove"];
n11 -> n112;
n1 -> n11;
n -> n1;
}


Generation: 38
Best Individual:
Subpopulation 0:
Evaluated: true
Fitness: Standardized=0.24477947 Adjusted=0.80335516 Hits=0
Tree 0:
digraph g {
node [shape=rectangle];
n[label = "And"];
n0[label = "If_Then"];
n00[label = "And"];
n000[label = "NearestFirstNode"];
n00 -> n000;
n001[label = "NearestFirstNode"];
n00 -> n001;
n0 -> n00;
n01[label = "While"];
n010[label = "NearestInsertion"];
n01 -> n010;
n011[label = "WorstMove"];
n01 -> n011;
n0 -> n01;
n -> n0;
n1[label = "Equal"];
n10[label = "FarthestFirstNode"];
n1 -> n10;
n11[label = "If_Then_Else"];
n110[label = "And"];
n1100[label = "NearestNeighbor"];
n110 -> n1100;
n1101[label = "NearestFirstNode"];
n110 -> n1101;
n11 -> n110;
n111[label = "If_Then"];
n1110[label = "FarthestInsertion"];
n111 -> n1110;
n1111[label = "FarthestNeighbor"];
n111 -> n1111;
n11 -> n111;
n112[label = "BestMove"];
n11 -> n112;
n1 -> n11;
n -> n1;
}


Generation: 39
Best Individual:
Subpopulation 0:
Evaluated: true
Fitness: Standardized=0.24477947 Adjusted=0.80335516 Hits=0
Tree 0:
digraph g {
node [shape=rectangle];
n[label = "And"];
n0[label = "If_Then"];
n00[label = "And"];
n000[label = "NearestFirstNode"];
n00 -> n000;
n001[label = "NearestFirstNode"];
n00 -> n001;
n0 -> n00;
n01[label = "While"];
n010[label = "NearestInsertion"];
n01 -> n010;
n011[label = "WorstMove"];
n01 -> n011;
n0 -> n01;
n -> n0;
n1[label = "Equal"];
n10[label = "FarthestFirstNode"];
n1 -> n10;
n11[label = "If_Then_Else"];
n110[label = "And"];
n1100[label = "NearestNeighbor"];
n110 -> n1100;
n1101[label = "NearestFirstNode"];
n110 -> n1101;
n11 -> n110;
n111[label = "If_Then"];
n1110[label = "FarthestInsertion"];
n111 -> n1110;
n1111[label = "FarthestNeighbor"];
n111 -> n1111;
n11 -> n111;
n112[label = "BestMove"];
n11 -> n112;
n1 -> n11;
n -> n1;
}


Generation: 40
Best Individual:
Subpopulation 0:
Evaluated: true
Fitness: Standardized=0.24477947 Adjusted=0.80335516 Hits=0
Tree 0:
digraph g {
node [shape=rectangle];
n[label = "And"];
n0[label = "If_Then"];
n00[label = "And"];
n000[label = "NearestFirstNode"];
n00 -> n000;
n001[label = "NearestFirstNode"];
n00 -> n001;
n0 -> n00;
n01[label = "While"];
n010[label = "NearestInsertion"];
n01 -> n010;
n011[label = "WorstMove"];
n01 -> n011;
n0 -> n01;
n -> n0;
n1[label = "Equal"];
n10[label = "FarthestFirstNode"];
n1 -> n10;
n11[label = "If_Then_Else"];
n110[label = "And"];
n1100[label = "NearestNeighbor"];
n110 -> n1100;
n1101[label = "NearestFirstNode"];
n110 -> n1101;
n11 -> n110;
n111[label = "If_Then"];
n1110[label = "FarthestInsertion"];
n111 -> n1110;
n1111[label = "FarthestNeighbor"];
n111 -> n1111;
n11 -> n111;
n112[label = "BestMove"];
n11 -> n112;
n1 -> n11;
n -> n1;
}


Generation: 41
Best Individual:
Subpopulation 0:
Evaluated: true
Fitness: Standardized=0.24477947 Adjusted=0.80335516 Hits=0
Tree 0:
digraph g {
node [shape=rectangle];
n[label = "And"];
n0[label = "If_Then"];
n00[label = "And"];
n000[label = "NearestNeighbor"];
n00 -> n000;
n001[label = "NearestFirstNode"];
n00 -> n001;
n0 -> n00;
n01[label = "While"];
n010[label = "NearestInsertion"];
n01 -> n010;
n011[label = "WorstMove"];
n01 -> n011;
n0 -> n01;
n -> n0;
n1[label = "Equal"];
n10[label = "FarthestFirstNode"];
n1 -> n10;
n11[label = "If_Then_Else"];
n110[label = "And"];
n1100[label = "NearestNeighbor"];
n110 -> n1100;
n1101[label = "NearestFirstNode"];
n110 -> n1101;
n11 -> n110;
n111[label = "If_Then"];
n1110[label = "FarthestInsertion"];
n111 -> n1110;
n1111[label = "FarthestNeighbor"];
n111 -> n1111;
n11 -> n111;
n112[label = "BestMove"];
n11 -> n112;
n1 -> n11;
n -> n1;
}


Generation: 42
Best Individual:
Subpopulation 0:
Evaluated: true
Fitness: Standardized=0.21671616 Adjusted=0.8218844 Hits=2
Tree 0:
digraph g {
node [shape=rectangle];
n[label = "And"];
n0[label = "If_Then"];
n00[label = "And"];
n000[label = "NearestFirstNode"];
n00 -> n000;
n001[label = "NearestFirstNode"];
n00 -> n001;
n0 -> n00;
n01[label = "While"];
n010[label = "And"];
n0100[label = "NearestFirstNode"];
n010 -> n0100;
n0101[label = "NearestFirstNode"];
n010 -> n0101;
n01 -> n010;
n011[label = "WorstMove"];
n01 -> n011;
n0 -> n01;
n -> n0;
n1[label = "Equal"];
n10[label = "FarthestFirstNode"];
n1 -> n10;
n11[label = "If_Then_Else"];
n110[label = "And"];
n1100[label = "NearestNeighbor"];
n110 -> n1100;
n1101[label = "NearestFirstNode"];
n110 -> n1101;
n11 -> n110;
n111[label = "If_Then"];
n1110[label = "FarthestInsertion"];
n111 -> n1110;
n1111[label = "FarthestNeighbor"];
n111 -> n1111;
n11 -> n111;
n112[label = "BestMove"];
n11 -> n112;
n1 -> n11;
n -> n1;
}


Generation: 43
Best Individual:
Subpopulation 0:
Evaluated: true
Fitness: Standardized=0.21671616 Adjusted=0.8218844 Hits=2
Tree 0:
digraph g {
node [shape=rectangle];
n[label = "And"];
n0[label = "If_Then"];
n00[label = "And"];
n000[label = "NearestFirstNode"];
n00 -> n000;
n001[label = "NearestFirstNode"];
n00 -> n001;
n0 -> n00;
n01[label = "While"];
n010[label = "And"];
n0100[label = "NearestFirstNode"];
n010 -> n0100;
n0101[label = "NearestFirstNode"];
n010 -> n0101;
n01 -> n010;
n011[label = "WorstMove"];
n01 -> n011;
n0 -> n01;
n -> n0;
n1[label = "Equal"];
n10[label = "FarthestFirstNode"];
n1 -> n10;
n11[label = "If_Then_Else"];
n110[label = "And"];
n1100[label = "NearestNeighbor"];
n110 -> n1100;
n1101[label = "NearestFirstNode"];
n110 -> n1101;
n11 -> n110;
n111[label = "If_Then"];
n1110[label = "FarthestInsertion"];
n111 -> n1110;
n1111[label = "FarthestNeighbor"];
n111 -> n1111;
n11 -> n111;
n112[label = "BestMove"];
n11 -> n112;
n1 -> n11;
n -> n1;
}


Generation: 44
Best Individual:
Subpopulation 0:
Evaluated: true
Fitness: Standardized=0.21671616 Adjusted=0.8218844 Hits=2
Tree 0:
digraph g {
node [shape=rectangle];
n[label = "And"];
n0[label = "If_Then"];
n00[label = "And"];
n000[label = "NearestFirstNode"];
n00 -> n000;
n001[label = "NearestFirstNode"];
n00 -> n001;
n0 -> n00;
n01[label = "While"];
n010[label = "And"];
n0100[label = "NearestFirstNode"];
n010 -> n0100;
n0101[label = "NearestFirstNode"];
n010 -> n0101;
n01 -> n010;
n011[label = "WorstMove"];
n01 -> n011;
n0 -> n01;
n -> n0;
n1[label = "Equal"];
n10[label = "FarthestFirstNode"];
n1 -> n10;
n11[label = "If_Then_Else"];
n110[label = "And"];
n1100[label = "NearestNeighbor"];
n110 -> n1100;
n1101[label = "NearestFirstNode"];
n110 -> n1101;
n11 -> n110;
n111[label = "If_Then"];
n1110[label = "FarthestInsertion"];
n111 -> n1110;
n1111[label = "FarthestNeighbor"];
n111 -> n1111;
n11 -> n111;
n112[label = "BestMove"];
n11 -> n112;
n1 -> n11;
n -> n1;
}


Generation: 45
Best Individual:
Subpopulation 0:
Evaluated: true
Fitness: Standardized=0.21671616 Adjusted=0.8218844 Hits=2
Tree 0:
digraph g {
node [shape=rectangle];
n[label = "And"];
n0[label = "If_Then"];
n00[label = "And"];
n000[label = "NearestFirstNode"];
n00 -> n000;
n001[label = "NearestFirstNode"];
n00 -> n001;
n0 -> n00;
n01[label = "While"];
n010[label = "And"];
n0100[label = "NearestFirstNode"];
n010 -> n0100;
n0101[label = "NearestFirstNode"];
n010 -> n0101;
n01 -> n010;
n011[label = "WorstMove"];
n01 -> n011;
n0 -> n01;
n -> n0;
n1[label = "Equal"];
n10[label = "FarthestFirstNode"];
n1 -> n10;
n11[label = "If_Then_Else"];
n110[label = "And"];
n1100[label = "NearestNeighbor"];
n110 -> n1100;
n1101[label = "NearestFirstNode"];
n110 -> n1101;
n11 -> n110;
n111[label = "If_Then"];
n1110[label = "FarthestInsertion"];
n111 -> n1110;
n1111[label = "FarthestNeighbor"];
n111 -> n1111;
n11 -> n111;
n112[label = "BestMove"];
n11 -> n112;
n1 -> n11;
n -> n1;
}


Generation: 46
Best Individual:
Subpopulation 0:
Evaluated: true
Fitness: Standardized=0.21671616 Adjusted=0.8218844 Hits=2
Tree 0:
digraph g {
node [shape=rectangle];
n[label = "And"];
n0[label = "If_Then"];
n00[label = "And"];
n000[label = "NearestFirstNode"];
n00 -> n000;
n001[label = "NearestFirstNode"];
n00 -> n001;
n0 -> n00;
n01[label = "While"];
n010[label = "And"];
n0100[label = "NearestFirstNode"];
n010 -> n0100;
n0101[label = "NearestFirstNode"];
n010 -> n0101;
n01 -> n010;
n011[label = "WorstMove"];
n01 -> n011;
n0 -> n01;
n -> n0;
n1[label = "Equal"];
n10[label = "FarthestFirstNode"];
n1 -> n10;
n11[label = "If_Then_Else"];
n110[label = "And"];
n1100[label = "NearestNeighbor"];
n110 -> n1100;
n1101[label = "NearestFirstNode"];
n110 -> n1101;
n11 -> n110;
n111[label = "If_Then"];
n1110[label = "FarthestInsertion"];
n111 -> n1110;
n1111[label = "FarthestNeighbor"];
n111 -> n1111;
n11 -> n111;
n112[label = "BestMove"];
n11 -> n112;
n1 -> n11;
n -> n1;
}


Generation: 47
Best Individual:
Subpopulation 0:
Evaluated: true
Fitness: Standardized=0.21671616 Adjusted=0.8218844 Hits=2
Tree 0:
digraph g {
node [shape=rectangle];
n[label = "And"];
n0[label = "If_Then"];
n00[label = "And"];
n000[label = "NearestFirstNode"];
n00 -> n000;
n001[label = "NearestFirstNode"];
n00 -> n001;
n0 -> n00;
n01[label = "While"];
n010[label = "And"];
n0100[label = "NearestFirstNode"];
n010 -> n0100;
n0101[label = "NearestFirstNode"];
n010 -> n0101;
n01 -> n010;
n011[label = "WorstMove"];
n01 -> n011;
n0 -> n01;
n -> n0;
n1[label = "Equal"];
n10[label = "FarthestFirstNode"];
n1 -> n10;
n11[label = "If_Then_Else"];
n110[label = "And"];
n1100[label = "NearestNeighbor"];
n110 -> n1100;
n1101[label = "NearestFirstNode"];
n110 -> n1101;
n11 -> n110;
n111[label = "If_Then"];
n1110[label = "FarthestInsertion"];
n111 -> n1110;
n1111[label = "FarthestNeighbor"];
n111 -> n1111;
n11 -> n111;
n112[label = "BestMove"];
n11 -> n112;
n1 -> n11;
n -> n1;
}


Generation: 48
Best Individual:
Subpopulation 0:
Evaluated: true
Fitness: Standardized=0.21671616 Adjusted=0.8218844 Hits=2
Tree 0:
digraph g {
node [shape=rectangle];
n[label = "And"];
n0[label = "If_Then"];
n00[label = "And"];
n000[label = "NearestFirstNode"];
n00 -> n000;
n001[label = "NearestFirstNode"];
n00 -> n001;
n0 -> n00;
n01[label = "While"];
n010[label = "And"];
n0100[label = "NearestFirstNode"];
n010 -> n0100;
n0101[label = "NearestFirstNode"];
n010 -> n0101;
n01 -> n010;
n011[label = "WorstMove"];
n01 -> n011;
n0 -> n01;
n -> n0;
n1[label = "Equal"];
n10[label = "FarthestFirstNode"];
n1 -> n10;
n11[label = "If_Then_Else"];
n110[label = "And"];
n1100[label = "NearestNeighbor"];
n110 -> n1100;
n1101[label = "NearestFirstNode"];
n110 -> n1101;
n11 -> n110;
n111[label = "If_Then"];
n1110[label = "FarthestInsertion"];
n111 -> n1110;
n1111[label = "FarthestNeighbor"];
n111 -> n1111;
n11 -> n111;
n112[label = "BestMove"];
n11 -> n112;
n1 -> n11;
n -> n1;
}


Generation: 49
Best Individual:
Subpopulation 0:
Evaluated: true
Fitness: Standardized=0.21671616 Adjusted=0.8218844 Hits=2
Tree 0:
digraph g {
node [shape=rectangle];
n[label = "And"];
n0[label = "If_Then"];
n00[label = "And"];
n000[label = "NearestFirstNode"];
n00 -> n000;
n001[label = "NearestFirstNode"];
n00 -> n001;
n0 -> n00;
n01[label = "While"];
n010[label = "And"];
n0100[label = "NearestFirstNode"];
n010 -> n0100;
n0101[label = "NearestFirstNode"];
n010 -> n0101;
n01 -> n010;
n011[label = "WorstMove"];
n01 -> n011;
n0 -> n01;
n -> n0;
n1[label = "Equal"];
n10[label = "FarthestFirstNode"];
n1 -> n10;
n11[label = "If_Then_Else"];
n110[label = "And"];
n1100[label = "NearestNeighbor"];
n110 -> n1100;
n1101[label = "NearestFirstNode"];
n110 -> n1101;
n11 -> n110;
n111[label = "If_Then"];
n1110[label = "FarthestInsertion"];
n111 -> n1110;
n1111[label = "FarthestNeighbor"];
n111 -> n1111;
n11 -> n111;
n112[label = "BestMove"];
n11 -> n112;
n1 -> n11;
n -> n1;
}


Generation: 50
Best Individual:
Subpopulation 0:
Evaluated: true
Fitness: Standardized=0.21671616 Adjusted=0.8218844 Hits=2
Tree 0:
digraph g {
node [shape=rectangle];
n[label = "And"];
n0[label = "If_Then"];
n00[label = "And"];
n000[label = "NearestFirstNode"];
n00 -> n000;
n001[label = "NearestFirstNode"];
n00 -> n001;
n0 -> n00;
n01[label = "While"];
n010[label = "And"];
n0100[label = "NearestFirstNode"];
n010 -> n0100;
n0101[label = "NearestFirstNode"];
n010 -> n0101;
n01 -> n010;
n011[label = "WorstMove"];
n01 -> n011;
n0 -> n01;
n -> n0;
n1[label = "Equal"];
n10[label = "FarthestFirstNode"];
n1 -> n10;
n11[label = "If_Then_Else"];
n110[label = "And"];
n1100[label = "NearestNeighbor"];
n110 -> n1100;
n1101[label = "NearestFirstNode"];
n110 -> n1101;
n11 -> n110;
n111[label = "If_Then"];
n1110[label = "FarthestInsertion"];
n111 -> n1110;
n1111[label = "FarthestNeighbor"];
n111 -> n1111;
n11 -> n111;
n112[label = "BestMove"];
n11 -> n112;
n1 -> n11;
n -> n1;
}


Generation: 51
Best Individual:
Subpopulation 0:
Evaluated: true
Fitness: Standardized=0.21671616 Adjusted=0.8218844 Hits=2
Tree 0:
digraph g {
node [shape=rectangle];
n[label = "And"];
n0[label = "If_Then"];
n00[label = "And"];
n000[label = "NearestFirstNode"];
n00 -> n000;
n001[label = "NearestFirstNode"];
n00 -> n001;
n0 -> n00;
n01[label = "While"];
n010[label = "And"];
n0100[label = "NearestFirstNode"];
n010 -> n0100;
n0101[label = "NearestFirstNode"];
n010 -> n0101;
n01 -> n010;
n011[label = "WorstMove"];
n01 -> n011;
n0 -> n01;
n -> n0;
n1[label = "Equal"];
n10[label = "FarthestFirstNode"];
n1 -> n10;
n11[label = "If_Then_Else"];
n110[label = "And"];
n1100[label = "NearestNeighbor"];
n110 -> n1100;
n1101[label = "NearestFirstNode"];
n110 -> n1101;
n11 -> n110;
n111[label = "If_Then"];
n1110[label = "FarthestInsertion"];
n111 -> n1110;
n1111[label = "FarthestNeighbor"];
n111 -> n1111;
n11 -> n111;
n112[label = "BestMove"];
n11 -> n112;
n1 -> n11;
n -> n1;
}


Generation: 52
Best Individual:
Subpopulation 0:
Evaluated: true
Fitness: Standardized=0.21671616 Adjusted=0.8218844 Hits=2
Tree 0:
digraph g {
node [shape=rectangle];
n[label = "And"];
n0[label = "If_Then"];
n00[label = "And"];
n000[label = "NearestFirstNode"];
n00 -> n000;
n001[label = "NearestFirstNode"];
n00 -> n001;
n0 -> n00;
n01[label = "While"];
n010[label = "And"];
n0100[label = "NearestFirstNode"];
n010 -> n0100;
n0101[label = "NearestFirstNode"];
n010 -> n0101;
n01 -> n010;
n011[label = "WorstMove"];
n01 -> n011;
n0 -> n01;
n -> n0;
n1[label = "Equal"];
n10[label = "FarthestFirstNode"];
n1 -> n10;
n11[label = "If_Then_Else"];
n110[label = "And"];
n1100[label = "NearestNeighbor"];
n110 -> n1100;
n1101[label = "NearestFirstNode"];
n110 -> n1101;
n11 -> n110;
n111[label = "If_Then"];
n1110[label = "FarthestInsertion"];
n111 -> n1110;
n1111[label = "FarthestNeighbor"];
n111 -> n1111;
n11 -> n111;
n112[label = "BestMove"];
n11 -> n112;
n1 -> n11;
n -> n1;
}


Generation: 53
Best Individual:
Subpopulation 0:
Evaluated: true
Fitness: Standardized=0.21671616 Adjusted=0.8218844 Hits=2
Tree 0:
digraph g {
node [shape=rectangle];
n[label = "And"];
n0[label = "If_Then"];
n00[label = "And"];
n000[label = "NearestFirstNode"];
n00 -> n000;
n001[label = "NearestFirstNode"];
n00 -> n001;
n0 -> n00;
n01[label = "While"];
n010[label = "And"];
n0100[label = "NearestFirstNode"];
n010 -> n0100;
n0101[label = "NearestFirstNode"];
n010 -> n0101;
n01 -> n010;
n011[label = "WorstMove"];
n01 -> n011;
n0 -> n01;
n -> n0;
n1[label = "Equal"];
n10[label = "FarthestFirstNode"];
n1 -> n10;
n11[label = "If_Then_Else"];
n110[label = "And"];
n1100[label = "NearestNeighbor"];
n110 -> n1100;
n1101[label = "NearestFirstNode"];
n110 -> n1101;
n11 -> n110;
n111[label = "If_Then"];
n1110[label = "FarthestInsertion"];
n111 -> n1110;
n1111[label = "FarthestNeighbor"];
n111 -> n1111;
n11 -> n111;
n112[label = "BestMove"];
n11 -> n112;
n1 -> n11;
n -> n1;
}


Generation: 54
Best Individual:
Subpopulation 0:
Evaluated: true
Fitness: Standardized=0.21671616 Adjusted=0.8218844 Hits=2
Tree 0:
digraph g {
node [shape=rectangle];
n[label = "And"];
n0[label = "If_Then"];
n00[label = "And"];
n000[label = "NearestFirstNode"];
n00 -> n000;
n001[label = "NearestFirstNode"];
n00 -> n001;
n0 -> n00;
n01[label = "While"];
n010[label = "And"];
n0100[label = "NearestFirstNode"];
n010 -> n0100;
n0101[label = "NearestFirstNode"];
n010 -> n0101;
n01 -> n010;
n011[label = "WorstMove"];
n01 -> n011;
n0 -> n01;
n -> n0;
n1[label = "Equal"];
n10[label = "FarthestFirstNode"];
n1 -> n10;
n11[label = "If_Then_Else"];
n110[label = "And"];
n1100[label = "NearestNeighbor"];
n110 -> n1100;
n1101[label = "NearestFirstNode"];
n110 -> n1101;
n11 -> n110;
n111[label = "If_Then"];
n1110[label = "FarthestInsertion"];
n111 -> n1110;
n1111[label = "FarthestNeighbor"];
n111 -> n1111;
n11 -> n111;
n112[label = "BestMove"];
n11 -> n112;
n1 -> n11;
n -> n1;
}


Generation: 55
Best Individual:
Subpopulation 0:
Evaluated: true
Fitness: Standardized=0.21671616 Adjusted=0.8218844 Hits=2
Tree 0:
digraph g {
node [shape=rectangle];
n[label = "And"];
n0[label = "If_Then"];
n00[label = "And"];
n000[label = "NearestNeighbor"];
n00 -> n000;
n001[label = "NearestFirstNode"];
n00 -> n001;
n0 -> n00;
n01[label = "While"];
n010[label = "And"];
n0100[label = "NearestFirstNode"];
n010 -> n0100;
n0101[label = "NearestFirstNode"];
n010 -> n0101;
n01 -> n010;
n011[label = "WorstMove"];
n01 -> n011;
n0 -> n01;
n -> n0;
n1[label = "Equal"];
n10[label = "FarthestFirstNode"];
n1 -> n10;
n11[label = "If_Then_Else"];
n110[label = "And"];
n1100[label = "NearestNeighbor"];
n110 -> n1100;
n1101[label = "NearestFirstNode"];
n110 -> n1101;
n11 -> n110;
n111[label = "If_Then"];
n1110[label = "FarthestInsertion"];
n111 -> n1110;
n1111[label = "FarthestNeighbor"];
n111 -> n1111;
n11 -> n111;
n112[label = "BestMove"];
n11 -> n112;
n1 -> n11;
n -> n1;
}


Generation: 56
Best Individual:
Subpopulation 0:
Evaluated: true
Fitness: Standardized=0.21671616 Adjusted=0.8218844 Hits=2
Tree 0:
digraph g {
node [shape=rectangle];
n[label = "And"];
n0[label = "If_Then"];
n00[label = "And"];
n000[label = "NearestFirstNode"];
n00 -> n000;
n001[label = "NearestFirstNode"];
n00 -> n001;
n0 -> n00;
n01[label = "While"];
n010[label = "And"];
n0100[label = "NearestFirstNode"];
n010 -> n0100;
n0101[label = "NearestFirstNode"];
n010 -> n0101;
n01 -> n010;
n011[label = "WorstMove"];
n01 -> n011;
n0 -> n01;
n -> n0;
n1[label = "Equal"];
n10[label = "FarthestFirstNode"];
n1 -> n10;
n11[label = "If_Then_Else"];
n110[label = "And"];
n1100[label = "NearestNeighbor"];
n110 -> n1100;
n1101[label = "NearestFirstNode"];
n110 -> n1101;
n11 -> n110;
n111[label = "If_Then"];
n1110[label = "FarthestInsertion"];
n111 -> n1110;
n1111[label = "FarthestNeighbor"];
n111 -> n1111;
n11 -> n111;
n112[label = "BestMove"];
n11 -> n112;
n1 -> n11;
n -> n1;
}


Generation: 57
Best Individual:
Subpopulation 0:
Evaluated: true
Fitness: Standardized=0.21671616 Adjusted=0.8218844 Hits=2
Tree 0:
digraph g {
node [shape=rectangle];
n[label = "And"];
n0[label = "If_Then"];
n00[label = "And"];
n000[label = "NearestFirstNode"];
n00 -> n000;
n001[label = "NearestFirstNode"];
n00 -> n001;
n0 -> n00;
n01[label = "While"];
n010[label = "And"];
n0100[label = "NearestFirstNode"];
n010 -> n0100;
n0101[label = "NearestFirstNode"];
n010 -> n0101;
n01 -> n010;
n011[label = "WorstMove"];
n01 -> n011;
n0 -> n01;
n -> n0;
n1[label = "Equal"];
n10[label = "FarthestFirstNode"];
n1 -> n10;
n11[label = "If_Then_Else"];
n110[label = "And"];
n1100[label = "NearestNeighbor"];
n110 -> n1100;
n1101[label = "NearestFirstNode"];
n110 -> n1101;
n11 -> n110;
n111[label = "If_Then"];
n1110[label = "FarthestInsertion"];
n111 -> n1110;
n1111[label = "FarthestNeighbor"];
n111 -> n1111;
n11 -> n111;
n112[label = "BestMove"];
n11 -> n112;
n1 -> n11;
n -> n1;
}


Generation: 58
Best Individual:
Subpopulation 0:
Evaluated: true
Fitness: Standardized=0.21658094 Adjusted=0.8219757 Hits=2
Tree 0:
digraph g {
node [shape=rectangle];
n[label = "And"];
n0[label = "If_Then"];
n00[label = "And"];
n000[label = "NearestFirstNode"];
n00 -> n000;
n001[label = "NearestInsertion"];
n00 -> n001;
n0 -> n00;
n01[label = "While"];
n010[label = "And"];
n0100[label = "NearestFirstNode"];
n010 -> n0100;
n0101[label = "NearestFirstNode"];
n010 -> n0101;
n01 -> n010;
n011[label = "WorstMove"];
n01 -> n011;
n0 -> n01;
n -> n0;
n1[label = "Equal"];
n10[label = "FarthestFirstNode"];
n1 -> n10;
n11[label = "If_Then_Else"];
n110[label = "And"];
n1100[label = "NearestNeighbor"];
n110 -> n1100;
n1101[label = "NearestFirstNode"];
n110 -> n1101;
n11 -> n110;
n111[label = "If_Then"];
n1110[label = "FarthestInsertion"];
n111 -> n1110;
n1111[label = "FarthestNeighbor"];
n111 -> n1111;
n11 -> n111;
n112[label = "BestMove"];
n11 -> n112;
n1 -> n11;
n -> n1;
}


Generation: 59
Best Individual:
Subpopulation 0:
Evaluated: true
Fitness: Standardized=0.21658094 Adjusted=0.8219757 Hits=2
Tree 0:
digraph g {
node [shape=rectangle];
n[label = "And"];
n0[label = "If_Then"];
n00[label = "And"];
n000[label = "NearestFirstNode"];
n00 -> n000;
n001[label = "NearestInsertion"];
n00 -> n001;
n0 -> n00;
n01[label = "While"];
n010[label = "And"];
n0100[label = "NearestFirstNode"];
n010 -> n0100;
n0101[label = "NearestFirstNode"];
n010 -> n0101;
n01 -> n010;
n011[label = "WorstMove"];
n01 -> n011;
n0 -> n01;
n -> n0;
n1[label = "Equal"];
n10[label = "FarthestFirstNode"];
n1 -> n10;
n11[label = "If_Then_Else"];
n110[label = "And"];
n1100[label = "NearestNeighbor"];
n110 -> n1100;
n1101[label = "NearestFirstNode"];
n110 -> n1101;
n11 -> n110;
n111[label = "If_Then"];
n1110[label = "FarthestInsertion"];
n111 -> n1110;
n1111[label = "FarthestNeighbor"];
n111 -> n1111;
n11 -> n111;
n112[label = "BestMove"];
n11 -> n112;
n1 -> n11;
n -> n1;
}


Generation: 60
Best Individual:
Subpopulation 0:
Evaluated: true
Fitness: Standardized=0.21658094 Adjusted=0.8219757 Hits=2
Tree 0:
digraph g {
node [shape=rectangle];
n[label = "And"];
n0[label = "If_Then"];
n00[label = "And"];
n000[label = "NearestFirstNode"];
n00 -> n000;
n001[label = "NearestInsertion"];
n00 -> n001;
n0 -> n00;
n01[label = "While"];
n010[label = "And"];
n0100[label = "NearestFirstNode"];
n010 -> n0100;
n0101[label = "NearestFirstNode"];
n010 -> n0101;
n01 -> n010;
n011[label = "WorstMove"];
n01 -> n011;
n0 -> n01;
n -> n0;
n1[label = "Equal"];
n10[label = "FarthestFirstNode"];
n1 -> n10;
n11[label = "If_Then_Else"];
n110[label = "And"];
n1100[label = "NearestNeighbor"];
n110 -> n1100;
n1101[label = "NearestFirstNode"];
n110 -> n1101;
n11 -> n110;
n111[label = "If_Then"];
n1110[label = "FarthestInsertion"];
n111 -> n1110;
n1111[label = "FarthestNeighbor"];
n111 -> n1111;
n11 -> n111;
n112[label = "BestMove"];
n11 -> n112;
n1 -> n11;
n -> n1;
}


Generation: 61
Best Individual:
Subpopulation 0:
Evaluated: true
Fitness: Standardized=0.21658094 Adjusted=0.8219757 Hits=2
Tree 0:
digraph g {
node [shape=rectangle];
n[label = "And"];
n0[label = "If_Then"];
n00[label = "And"];
n000[label = "NearestFirstNode"];
n00 -> n000;
n001[label = "NearestInsertion"];
n00 -> n001;
n0 -> n00;
n01[label = "While"];
n010[label = "And"];
n0100[label = "NearestFirstNode"];
n010 -> n0100;
n0101[label = "NearestFirstNode"];
n010 -> n0101;
n01 -> n010;
n011[label = "WorstMove"];
n01 -> n011;
n0 -> n01;
n -> n0;
n1[label = "Equal"];
n10[label = "FarthestFirstNode"];
n1 -> n10;
n11[label = "If_Then_Else"];
n110[label = "And"];
n1100[label = "NearestNeighbor"];
n110 -> n1100;
n1101[label = "NearestFirstNode"];
n110 -> n1101;
n11 -> n110;
n111[label = "If_Then"];
n1110[label = "FarthestInsertion"];
n111 -> n1110;
n1111[label = "FarthestNeighbor"];
n111 -> n1111;
n11 -> n111;
n112[label = "BestMove"];
n11 -> n112;
n1 -> n11;
n -> n1;
}


Generation: 62
Best Individual:
Subpopulation 0:
Evaluated: true
Fitness: Standardized=0.21658094 Adjusted=0.8219757 Hits=2
Tree 0:
digraph g {
node [shape=rectangle];
n[label = "And"];
n0[label = "If_Then"];
n00[label = "And"];
n000[label = "NearestFirstNode"];
n00 -> n000;
n001[label = "NearestInsertion"];
n00 -> n001;
n0 -> n00;
n01[label = "While"];
n010[label = "And"];
n0100[label = "NearestFirstNode"];
n010 -> n0100;
n0101[label = "NearestFirstNode"];
n010 -> n0101;
n01 -> n010;
n011[label = "WorstMove"];
n01 -> n011;
n0 -> n01;
n -> n0;
n1[label = "Equal"];
n10[label = "FarthestFirstNode"];
n1 -> n10;
n11[label = "If_Then_Else"];
n110[label = "And"];
n1100[label = "NearestNeighbor"];
n110 -> n1100;
n1101[label = "NearestFirstNode"];
n110 -> n1101;
n11 -> n110;
n111[label = "If_Then"];
n1110[label = "FarthestInsertion"];
n111 -> n1110;
n1111[label = "FarthestNeighbor"];
n111 -> n1111;
n11 -> n111;
n112[label = "BestMove"];
n11 -> n112;
n1 -> n11;
n -> n1;
}


Generation: 63
Best Individual:
Subpopulation 0:
Evaluated: true
Fitness: Standardized=0.21658094 Adjusted=0.8219757 Hits=2
Tree 0:
digraph g {
node [shape=rectangle];
n[label = "And"];
n0[label = "If_Then"];
n00[label = "And"];
n000[label = "NearestFirstNode"];
n00 -> n000;
n001[label = "NearestInsertion"];
n00 -> n001;
n0 -> n00;
n01[label = "While"];
n010[label = "And"];
n0100[label = "NearestFirstNode"];
n010 -> n0100;
n0101[label = "NearestFirstNode"];
n010 -> n0101;
n01 -> n010;
n011[label = "WorstMove"];
n01 -> n011;
n0 -> n01;
n -> n0;
n1[label = "Equal"];
n10[label = "FarthestFirstNode"];
n1 -> n10;
n11[label = "If_Then_Else"];
n110[label = "And"];
n1100[label = "NearestNeighbor"];
n110 -> n1100;
n1101[label = "NearestFirstNode"];
n110 -> n1101;
n11 -> n110;
n111[label = "If_Then"];
n1110[label = "FarthestInsertion"];
n111 -> n1110;
n1111[label = "FarthestNeighbor"];
n111 -> n1111;
n11 -> n111;
n112[label = "BestMove"];
n11 -> n112;
n1 -> n11;
n -> n1;
}


Generation: 64
Best Individual:
Subpopulation 0:
Evaluated: true
Fitness: Standardized=0.21658094 Adjusted=0.8219757 Hits=2
Tree 0:
digraph g {
node [shape=rectangle];
n[label = "And"];
n0[label = "If_Then"];
n00[label = "And"];
n000[label = "NearestFirstNode"];
n00 -> n000;
n001[label = "NearestInsertion"];
n00 -> n001;
n0 -> n00;
n01[label = "While"];
n010[label = "And"];
n0100[label = "NearestFirstNode"];
n010 -> n0100;
n0101[label = "NearestFirstNode"];
n010 -> n0101;
n01 -> n010;
n011[label = "WorstMove"];
n01 -> n011;
n0 -> n01;
n -> n0;
n1[label = "Equal"];
n10[label = "FarthestFirstNode"];
n1 -> n10;
n11[label = "If_Then_Else"];
n110[label = "And"];
n1100[label = "NearestNeighbor"];
n110 -> n1100;
n1101[label = "NearestFirstNode"];
n110 -> n1101;
n11 -> n110;
n111[label = "If_Then"];
n1110[label = "FarthestInsertion"];
n111 -> n1110;
n1111[label = "FarthestNeighbor"];
n111 -> n1111;
n11 -> n111;
n112[label = "BestMove"];
n11 -> n112;
n1 -> n11;
n -> n1;
}


Generation: 65
Best Individual:
Subpopulation 0:
Evaluated: true
Fitness: Standardized=0.21658094 Adjusted=0.8219757 Hits=2
Tree 0:
digraph g {
node [shape=rectangle];
n[label = "And"];
n0[label = "If_Then"];
n00[label = "And"];
n000[label = "NearestFirstNode"];
n00 -> n000;
n001[label = "NearestInsertion"];
n00 -> n001;
n0 -> n00;
n01[label = "While"];
n010[label = "And"];
n0100[label = "NearestFirstNode"];
n010 -> n0100;
n0101[label = "NearestFirstNode"];
n010 -> n0101;
n01 -> n010;
n011[label = "WorstMove"];
n01 -> n011;
n0 -> n01;
n -> n0;
n1[label = "Equal"];
n10[label = "FarthestFirstNode"];
n1 -> n10;
n11[label = "If_Then_Else"];
n110[label = "And"];
n1100[label = "NearestNeighbor"];
n110 -> n1100;
n1101[label = "NearestFirstNode"];
n110 -> n1101;
n11 -> n110;
n111[label = "If_Then"];
n1110[label = "FarthestInsertion"];
n111 -> n1110;
n1111[label = "FarthestNeighbor"];
n111 -> n1111;
n11 -> n111;
n112[label = "BestMove"];
n11 -> n112;
n1 -> n11;
n -> n1;
}


Generation: 66
Best Individual:
Subpopulation 0:
Evaluated: true
Fitness: Standardized=0.21658094 Adjusted=0.8219757 Hits=2
Tree 0:
digraph g {
node [shape=rectangle];
n[label = "And"];
n0[label = "If_Then"];
n00[label = "And"];
n000[label = "NearestFirstNode"];
n00 -> n000;
n001[label = "NearestInsertion"];
n00 -> n001;
n0 -> n00;
n01[label = "While"];
n010[label = "And"];
n0100[label = "NearestFirstNode"];
n010 -> n0100;
n0101[label = "NearestFirstNode"];
n010 -> n0101;
n01 -> n010;
n011[label = "WorstMove"];
n01 -> n011;
n0 -> n01;
n -> n0;
n1[label = "Equal"];
n10[label = "FarthestFirstNode"];
n1 -> n10;
n11[label = "If_Then_Else"];
n110[label = "And"];
n1100[label = "NearestNeighbor"];
n110 -> n1100;
n1101[label = "NearestFirstNode"];
n110 -> n1101;
n11 -> n110;
n111[label = "If_Then"];
n1110[label = "FarthestInsertion"];
n111 -> n1110;
n1111[label = "FarthestNeighbor"];
n111 -> n1111;
n11 -> n111;
n112[label = "BestMove"];
n11 -> n112;
n1 -> n11;
n -> n1;
}


Generation: 67
Best Individual:
Subpopulation 0:
Evaluated: true
Fitness: Standardized=0.21658094 Adjusted=0.8219757 Hits=2
Tree 0:
digraph g {
node [shape=rectangle];
n[label = "And"];
n0[label = "If_Then"];
n00[label = "And"];
n000[label = "NearestFirstNode"];
n00 -> n000;
n001[label = "NearestInsertion"];
n00 -> n001;
n0 -> n00;
n01[label = "While"];
n010[label = "And"];
n0100[label = "NearestFirstNode"];
n010 -> n0100;
n0101[label = "NearestFirstNode"];
n010 -> n0101;
n01 -> n010;
n011[label = "WorstMove"];
n01 -> n011;
n0 -> n01;
n -> n0;
n1[label = "Equal"];
n10[label = "FarthestFirstNode"];
n1 -> n10;
n11[label = "If_Then_Else"];
n110[label = "And"];
n1100[label = "NearestNeighbor"];
n110 -> n1100;
n1101[label = "NearestFirstNode"];
n110 -> n1101;
n11 -> n110;
n111[label = "If_Then"];
n1110[label = "FarthestInsertion"];
n111 -> n1110;
n1111[label = "FarthestNeighbor"];
n111 -> n1111;
n11 -> n111;
n112[label = "BestMove"];
n11 -> n112;
n1 -> n11;
n -> n1;
}


Generation: 68
Best Individual:
Subpopulation 0:
Evaluated: true
Fitness: Standardized=0.21658094 Adjusted=0.8219757 Hits=2
Tree 0:
digraph g {
node [shape=rectangle];
n[label = "And"];
n0[label = "If_Then"];
n00[label = "And"];
n000[label = "NearestFirstNode"];
n00 -> n000;
n001[label = "NearestInsertion"];
n00 -> n001;
n0 -> n00;
n01[label = "While"];
n010[label = "And"];
n0100[label = "NearestFirstNode"];
n010 -> n0100;
n0101[label = "NearestFirstNode"];
n010 -> n0101;
n01 -> n010;
n011[label = "WorstMove"];
n01 -> n011;
n0 -> n01;
n -> n0;
n1[label = "Equal"];
n10[label = "FarthestFirstNode"];
n1 -> n10;
n11[label = "If_Then_Else"];
n110[label = "And"];
n1100[label = "NearestNeighbor"];
n110 -> n1100;
n1101[label = "NearestFirstNode"];
n110 -> n1101;
n11 -> n110;
n111[label = "If_Then"];
n1110[label = "FarthestInsertion"];
n111 -> n1110;
n1111[label = "FarthestNeighbor"];
n111 -> n1111;
n11 -> n111;
n112[label = "BestMove"];
n11 -> n112;
n1 -> n11;
n -> n1;
}


Generation: 69
Best Individual:
Subpopulation 0:
Evaluated: true
Fitness: Standardized=0.21658094 Adjusted=0.8219757 Hits=2
Tree 0:
digraph g {
node [shape=rectangle];
n[label = "And"];
n0[label = "If_Then"];
n00[label = "And"];
n000[label = "NearestFirstNode"];
n00 -> n000;
n001[label = "NearestInsertion"];
n00 -> n001;
n0 -> n00;
n01[label = "While"];
n010[label = "And"];
n0100[label = "NearestFirstNode"];
n010 -> n0100;
n0101[label = "NearestFirstNode"];
n010 -> n0101;
n01 -> n010;
n011[label = "WorstMove"];
n01 -> n011;
n0 -> n01;
n -> n0;
n1[label = "Equal"];
n10[label = "FarthestFirstNode"];
n1 -> n10;
n11[label = "If_Then_Else"];
n110[label = "And"];
n1100[label = "NearestNeighbor"];
n110 -> n1100;
n1101[label = "NearestFirstNode"];
n110 -> n1101;
n11 -> n110;
n111[label = "If_Then"];
n1110[label = "FarthestInsertion"];
n111 -> n1110;
n1111[label = "FarthestNeighbor"];
n111 -> n1111;
n11 -> n111;
n112[label = "BestMove"];
n11 -> n112;
n1 -> n11;
n -> n1;
}


Generation: 70
Best Individual:
Subpopulation 0:
Evaluated: true
Fitness: Standardized=0.21658094 Adjusted=0.8219757 Hits=2
Tree 0:
digraph g {
node [shape=rectangle];
n[label = "And"];
n0[label = "If_Then"];
n00[label = "And"];
n000[label = "NearestFirstNode"];
n00 -> n000;
n001[label = "NearestInsertion"];
n00 -> n001;
n0 -> n00;
n01[label = "While"];
n010[label = "And"];
n0100[label = "NearestFirstNode"];
n010 -> n0100;
n0101[label = "NearestFirstNode"];
n010 -> n0101;
n01 -> n010;
n011[label = "WorstMove"];
n01 -> n011;
n0 -> n01;
n -> n0;
n1[label = "Equal"];
n10[label = "FarthestFirstNode"];
n1 -> n10;
n11[label = "If_Then_Else"];
n110[label = "And"];
n1100[label = "NearestNeighbor"];
n110 -> n1100;
n1101[label = "NearestFirstNode"];
n110 -> n1101;
n11 -> n110;
n111[label = "If_Then"];
n1110[label = "FarthestInsertion"];
n111 -> n1110;
n1111[label = "FarthestNeighbor"];
n111 -> n1111;
n11 -> n111;
n112[label = "BestMove"];
n11 -> n112;
n1 -> n11;
n -> n1;
}


Generation: 71
Best Individual:
Subpopulation 0:
Evaluated: true
Fitness: Standardized=0.20117503 Adjusted=0.83251816 Hits=2
Tree 0:
digraph g {
node [shape=rectangle];
n[label = "And"];
n0[label = "If_Then"];
n00[label = "NearestFirstNode"];
n0 -> n00;
n01[label = "While"];
n010[label = "And"];
n0100[label = "NearestFirstNode"];
n010 -> n0100;
n0101[label = "NearestFirstNode"];
n010 -> n0101;
n01 -> n010;
n011[label = "WorstMove"];
n01 -> n011;
n0 -> n01;
n -> n0;
n1[label = "Equal"];
n10[label = "FarthestFirstNode"];
n1 -> n10;
n11[label = "If_Then_Else"];
n110[label = "And"];
n1100[label = "NearestNeighbor"];
n110 -> n1100;
n1101[label = "NearestFirstNode"];
n110 -> n1101;
n11 -> n110;
n111[label = "If_Then"];
n1110[label = "FarthestInsertion"];
n111 -> n1110;
n1111[label = "FarthestNeighbor"];
n111 -> n1111;
n11 -> n111;
n112[label = "BestMove"];
n11 -> n112;
n1 -> n11;
n -> n1;
}


Generation: 72
Best Individual:
Subpopulation 0:
Evaluated: true
Fitness: Standardized=0.20117503 Adjusted=0.83251816 Hits=2
Tree 0:
digraph g {
node [shape=rectangle];
n[label = "And"];
n0[label = "If_Then"];
n00[label = "NearestFirstNode"];
n0 -> n00;
n01[label = "While"];
n010[label = "And"];
n0100[label = "NearestFirstNode"];
n010 -> n0100;
n0101[label = "NearestFirstNode"];
n010 -> n0101;
n01 -> n010;
n011[label = "WorstMove"];
n01 -> n011;
n0 -> n01;
n -> n0;
n1[label = "Equal"];
n10[label = "FarthestFirstNode"];
n1 -> n10;
n11[label = "If_Then_Else"];
n110[label = "And"];
n1100[label = "NearestNeighbor"];
n110 -> n1100;
n1101[label = "NearestFirstNode"];
n110 -> n1101;
n11 -> n110;
n111[label = "If_Then"];
n1110[label = "FarthestInsertion"];
n111 -> n1110;
n1111[label = "FarthestNeighbor"];
n111 -> n1111;
n11 -> n111;
n112[label = "BestMove"];
n11 -> n112;
n1 -> n11;
n -> n1;
}


Generation: 73
Best Individual:
Subpopulation 0:
Evaluated: true
Fitness: Standardized=0.20117503 Adjusted=0.83251816 Hits=2
Tree 0:
digraph g {
node [shape=rectangle];
n[label = "And"];
n0[label = "If_Then"];
n00[label = "NearestFirstNode"];
n0 -> n00;
n01[label = "While"];
n010[label = "And"];
n0100[label = "NearestFirstNode"];
n010 -> n0100;
n0101[label = "NearestFirstNode"];
n010 -> n0101;
n01 -> n010;
n011[label = "WorstMove"];
n01 -> n011;
n0 -> n01;
n -> n0;
n1[label = "Equal"];
n10[label = "FarthestFirstNode"];
n1 -> n10;
n11[label = "If_Then_Else"];
n110[label = "And"];
n1100[label = "NearestNeighbor"];
n110 -> n1100;
n1101[label = "NearestFirstNode"];
n110 -> n1101;
n11 -> n110;
n111[label = "If_Then"];
n1110[label = "FarthestInsertion"];
n111 -> n1110;
n1111[label = "FarthestNeighbor"];
n111 -> n1111;
n11 -> n111;
n112[label = "BestMove"];
n11 -> n112;
n1 -> n11;
n -> n1;
}


Generation: 74
Best Individual:
Subpopulation 0:
Evaluated: true
Fitness: Standardized=0.20117503 Adjusted=0.83251816 Hits=2
Tree 0:
digraph g {
node [shape=rectangle];
n[label = "And"];
n0[label = "If_Then"];
n00[label = "NearestFirstNode"];
n0 -> n00;
n01[label = "While"];
n010[label = "And"];
n0100[label = "NearestFirstNode"];
n010 -> n0100;
n0101[label = "NearestFirstNode"];
n010 -> n0101;
n01 -> n010;
n011[label = "WorstMove"];
n01 -> n011;
n0 -> n01;
n -> n0;
n1[label = "Equal"];
n10[label = "FarthestFirstNode"];
n1 -> n10;
n11[label = "If_Then_Else"];
n110[label = "And"];
n1100[label = "NearestNeighbor"];
n110 -> n1100;
n1101[label = "NearestFirstNode"];
n110 -> n1101;
n11 -> n110;
n111[label = "If_Then"];
n1110[label = "FarthestInsertion"];
n111 -> n1110;
n1111[label = "FarthestNeighbor"];
n111 -> n1111;
n11 -> n111;
n112[label = "BestMove"];
n11 -> n112;
n1 -> n11;
n -> n1;
}


Generation: 75
Best Individual:
Subpopulation 0:
Evaluated: true
Fitness: Standardized=0.20117503 Adjusted=0.83251816 Hits=2
Tree 0:
digraph g {
node [shape=rectangle];
n[label = "And"];
n0[label = "If_Then"];
n00[label = "NearestFirstNode"];
n0 -> n00;
n01[label = "While"];
n010[label = "And"];
n0100[label = "NearestFirstNode"];
n010 -> n0100;
n0101[label = "NearestFirstNode"];
n010 -> n0101;
n01 -> n010;
n011[label = "WorstMove"];
n01 -> n011;
n0 -> n01;
n -> n0;
n1[label = "Equal"];
n10[label = "FarthestFirstNode"];
n1 -> n10;
n11[label = "If_Then_Else"];
n110[label = "And"];
n1100[label = "NearestNeighbor"];
n110 -> n1100;
n1101[label = "NearestFirstNode"];
n110 -> n1101;
n11 -> n110;
n111[label = "And"];
n1110[label = "FarthestInsertion"];
n111 -> n1110;
n1111[label = "FarthestNeighbor"];
n111 -> n1111;
n11 -> n111;
n112[label = "BestMove"];
n11 -> n112;
n1 -> n11;
n -> n1;
}


Generation: 76
Best Individual:
Subpopulation 0:
Evaluated: true
Fitness: Standardized=0.20117503 Adjusted=0.83251816 Hits=2
Tree 0:
digraph g {
node [shape=rectangle];
n[label = "And"];
n0[label = "If_Then"];
n00[label = "NearestFirstNode"];
n0 -> n00;
n01[label = "While"];
n010[label = "And"];
n0100[label = "NearestFirstNode"];
n010 -> n0100;
n0101[label = "NearestFirstNode"];
n010 -> n0101;
n01 -> n010;
n011[label = "WorstMove"];
n01 -> n011;
n0 -> n01;
n -> n0;
n1[label = "Equal"];
n10[label = "FarthestFirstNode"];
n1 -> n10;
n11[label = "If_Then_Else"];
n110[label = "And"];
n1100[label = "NearestNeighbor"];
n110 -> n1100;
n1101[label = "NearestFirstNode"];
n110 -> n1101;
n11 -> n110;
n111[label = "If_Then"];
n1110[label = "FarthestInsertion"];
n111 -> n1110;
n1111[label = "FarthestNeighbor"];
n111 -> n1111;
n11 -> n111;
n112[label = "BestMove"];
n11 -> n112;
n1 -> n11;
n -> n1;
}


Generation: 77
Best Individual:
Subpopulation 0:
Evaluated: true
Fitness: Standardized=0.20117503 Adjusted=0.83251816 Hits=2
Tree 0:
digraph g {
node [shape=rectangle];
n[label = "And"];
n0[label = "If_Then"];
n00[label = "NearestFirstNode"];
n0 -> n00;
n01[label = "While"];
n010[label = "And"];
n0100[label = "NearestFirstNode"];
n010 -> n0100;
n0101[label = "NearestFirstNode"];
n010 -> n0101;
n01 -> n010;
n011[label = "WorstMove"];
n01 -> n011;
n0 -> n01;
n -> n0;
n1[label = "Equal"];
n10[label = "FarthestFirstNode"];
n1 -> n10;
n11[label = "If_Then_Else"];
n110[label = "And"];
n1100[label = "NearestNeighbor"];
n110 -> n1100;
n1101[label = "NearestFirstNode"];
n110 -> n1101;
n11 -> n110;
n111[label = "If_Then"];
n1110[label = "FarthestInsertion"];
n111 -> n1110;
n1111[label = "FarthestNeighbor"];
n111 -> n1111;
n11 -> n111;
n112[label = "BestMove"];
n11 -> n112;
n1 -> n11;
n -> n1;
}


Generation: 78
Best Individual:
Subpopulation 0:
Evaluated: true
Fitness: Standardized=0.20117503 Adjusted=0.83251816 Hits=2
Tree 0:
digraph g {
node [shape=rectangle];
n[label = "And"];
n0[label = "If_Then"];
n00[label = "NearestFirstNode"];
n0 -> n00;
n01[label = "While"];
n010[label = "And"];
n0100[label = "NearestFirstNode"];
n010 -> n0100;
n0101[label = "NearestFirstNode"];
n010 -> n0101;
n01 -> n010;
n011[label = "WorstMove"];
n01 -> n011;
n0 -> n01;
n -> n0;
n1[label = "Equal"];
n10[label = "FarthestFirstNode"];
n1 -> n10;
n11[label = "If_Then_Else"];
n110[label = "And"];
n1100[label = "NearestNeighbor"];
n110 -> n1100;
n1101[label = "NearestFirstNode"];
n110 -> n1101;
n11 -> n110;
n111[label = "If_Then"];
n1110[label = "FarthestInsertion"];
n111 -> n1110;
n1111[label = "FarthestNeighbor"];
n111 -> n1111;
n11 -> n111;
n112[label = "BestMove"];
n11 -> n112;
n1 -> n11;
n -> n1;
}


Generation: 79
Best Individual:
Subpopulation 0:
Evaluated: true
Fitness: Standardized=0.20117503 Adjusted=0.83251816 Hits=2
Tree 0:
digraph g {
node [shape=rectangle];
n[label = "And"];
n0[label = "If_Then"];
n00[label = "NearestFirstNode"];
n0 -> n00;
n01[label = "While"];
n010[label = "And"];
n0100[label = "NearestFirstNode"];
n010 -> n0100;
n0101[label = "NearestFirstNode"];
n010 -> n0101;
n01 -> n010;
n011[label = "WorstMove"];
n01 -> n011;
n0 -> n01;
n -> n0;
n1[label = "Equal"];
n10[label = "FarthestFirstNode"];
n1 -> n10;
n11[label = "If_Then_Else"];
n110[label = "And"];
n1100[label = "NearestNeighbor"];
n110 -> n1100;
n1101[label = "NearestFirstNode"];
n110 -> n1101;
n11 -> n110;
n111[label = "If_Then"];
n1110[label = "FarthestInsertion"];
n111 -> n1110;
n1111[label = "FarthestNeighbor"];
n111 -> n1111;
n11 -> n111;
n112[label = "BestMove"];
n11 -> n112;
n1 -> n11;
n -> n1;
}


Generation: 80
Best Individual:
Subpopulation 0:
Evaluated: true
Fitness: Standardized=0.20117503 Adjusted=0.83251816 Hits=2
Tree 0:
digraph g {
node [shape=rectangle];
n[label = "And"];
n0[label = "If_Then"];
n00[label = "NearestFirstNode"];
n0 -> n00;
n01[label = "While"];
n010[label = "And"];
n0100[label = "NearestFirstNode"];
n010 -> n0100;
n0101[label = "NearestFirstNode"];
n010 -> n0101;
n01 -> n010;
n011[label = "WorstMove"];
n01 -> n011;
n0 -> n01;
n -> n0;
n1[label = "Equal"];
n10[label = "FarthestFirstNode"];
n1 -> n10;
n11[label = "If_Then_Else"];
n110[label = "And"];
n1100[label = "NearestNeighbor"];
n110 -> n1100;
n1101[label = "NearestFirstNode"];
n110 -> n1101;
n11 -> n110;
n111[label = "If_Then"];
n1110[label = "FarthestInsertion"];
n111 -> n1110;
n1111[label = "FarthestNeighbor"];
n111 -> n1111;
n11 -> n111;
n112[label = "BestMove"];
n11 -> n112;
n1 -> n11;
n -> n1;
}


Generation: 81
Best Individual:
Subpopulation 0:
Evaluated: true
Fitness: Standardized=0.20117503 Adjusted=0.83251816 Hits=2
Tree 0:
digraph g {
node [shape=rectangle];
n[label = "And"];
n0[label = "If_Then"];
n00[label = "NearestFirstNode"];
n0 -> n00;
n01[label = "While"];
n010[label = "And"];
n0100[label = "NearestFirstNode"];
n010 -> n0100;
n0101[label = "NearestFirstNode"];
n010 -> n0101;
n01 -> n010;
n011[label = "WorstMove"];
n01 -> n011;
n0 -> n01;
n -> n0;
n1[label = "Equal"];
n10[label = "FarthestFirstNode"];
n1 -> n10;
n11[label = "If_Then_Else"];
n110[label = "And"];
n1100[label = "NearestNeighbor"];
n110 -> n1100;
n1101[label = "NearestFirstNode"];
n110 -> n1101;
n11 -> n110;
n111[label = "If_Then"];
n1110[label = "FarthestInsertion"];
n111 -> n1110;
n1111[label = "FarthestNeighbor"];
n111 -> n1111;
n11 -> n111;
n112[label = "BestMove"];
n11 -> n112;
n1 -> n11;
n -> n1;
}


Generation: 82
Best Individual:
Subpopulation 0:
Evaluated: true
Fitness: Standardized=0.20117503 Adjusted=0.83251816 Hits=2
Tree 0:
digraph g {
node [shape=rectangle];
n[label = "And"];
n0[label = "If_Then"];
n00[label = "NearestFirstNode"];
n0 -> n00;
n01[label = "While"];
n010[label = "And"];
n0100[label = "NearestFirstNode"];
n010 -> n0100;
n0101[label = "NearestFirstNode"];
n010 -> n0101;
n01 -> n010;
n011[label = "WorstMove"];
n01 -> n011;
n0 -> n01;
n -> n0;
n1[label = "Equal"];
n10[label = "FarthestFirstNode"];
n1 -> n10;
n11[label = "If_Then_Else"];
n110[label = "And"];
n1100[label = "NearestNeighbor"];
n110 -> n1100;
n1101[label = "NearestFirstNode"];
n110 -> n1101;
n11 -> n110;
n111[label = "If_Then"];
n1110[label = "FarthestInsertion"];
n111 -> n1110;
n1111[label = "FarthestNeighbor"];
n111 -> n1111;
n11 -> n111;
n112[label = "BestMove"];
n11 -> n112;
n1 -> n11;
n -> n1;
}


Generation: 83
Best Individual:
Subpopulation 0:
Evaluated: true
Fitness: Standardized=0.20117503 Adjusted=0.83251816 Hits=2
Tree 0:
digraph g {
node [shape=rectangle];
n[label = "And"];
n0[label = "If_Then"];
n00[label = "NearestFirstNode"];
n0 -> n00;
n01[label = "While"];
n010[label = "And"];
n0100[label = "NearestFirstNode"];
n010 -> n0100;
n0101[label = "NearestFirstNode"];
n010 -> n0101;
n01 -> n010;
n011[label = "WorstMove"];
n01 -> n011;
n0 -> n01;
n -> n0;
n1[label = "Equal"];
n10[label = "FarthestFirstNode"];
n1 -> n10;
n11[label = "If_Then_Else"];
n110[label = "And"];
n1100[label = "NearestNeighbor"];
n110 -> n1100;
n1101[label = "NearestFirstNode"];
n110 -> n1101;
n11 -> n110;
n111[label = "If_Then"];
n1110[label = "FarthestInsertion"];
n111 -> n1110;
n1111[label = "FarthestNeighbor"];
n111 -> n1111;
n11 -> n111;
n112[label = "BestMove"];
n11 -> n112;
n1 -> n11;
n -> n1;
}


Generation: 84
Best Individual:
Subpopulation 0:
Evaluated: true
Fitness: Standardized=0.20117503 Adjusted=0.83251816 Hits=2
Tree 0:
digraph g {
node [shape=rectangle];
n[label = "And"];
n0[label = "If_Then"];
n00[label = "NearestFirstNode"];
n0 -> n00;
n01[label = "While"];
n010[label = "And"];
n0100[label = "NearestFirstNode"];
n010 -> n0100;
n0101[label = "NearestFirstNode"];
n010 -> n0101;
n01 -> n010;
n011[label = "WorstMove"];
n01 -> n011;
n0 -> n01;
n -> n0;
n1[label = "Equal"];
n10[label = "FarthestFirstNode"];
n1 -> n10;
n11[label = "If_Then_Else"];
n110[label = "And"];
n1100[label = "NearestNeighbor"];
n110 -> n1100;
n1101[label = "NearestFirstNode"];
n110 -> n1101;
n11 -> n110;
n111[label = "If_Then"];
n1110[label = "FarthestInsertion"];
n111 -> n1110;
n1111[label = "FarthestNeighbor"];
n111 -> n1111;
n11 -> n111;
n112[label = "BestMove"];
n11 -> n112;
n1 -> n11;
n -> n1;
}


Generation: 85
Best Individual:
Subpopulation 0:
Evaluated: true
Fitness: Standardized=0.20117503 Adjusted=0.83251816 Hits=2
Tree 0:
digraph g {
node [shape=rectangle];
n[label = "And"];
n0[label = "If_Then"];
n00[label = "NearestFirstNode"];
n0 -> n00;
n01[label = "While"];
n010[label = "And"];
n0100[label = "NearestFirstNode"];
n010 -> n0100;
n0101[label = "NearestFirstNode"];
n010 -> n0101;
n01 -> n010;
n011[label = "WorstMove"];
n01 -> n011;
n0 -> n01;
n -> n0;
n1[label = "Equal"];
n10[label = "FarthestFirstNode"];
n1 -> n10;
n11[label = "If_Then_Else"];
n110[label = "And"];
n1100[label = "NearestNeighbor"];
n110 -> n1100;
n1101[label = "NearestFirstNode"];
n110 -> n1101;
n11 -> n110;
n111[label = "If_Then"];
n1110[label = "FarthestInsertion"];
n111 -> n1110;
n1111[label = "FarthestNeighbor"];
n111 -> n1111;
n11 -> n111;
n112[label = "BestMove"];
n11 -> n112;
n1 -> n11;
n -> n1;
}


Generation: 86
Best Individual:
Subpopulation 0:
Evaluated: true
Fitness: Standardized=0.20117503 Adjusted=0.83251816 Hits=2
Tree 0:
digraph g {
node [shape=rectangle];
n[label = "And"];
n0[label = "If_Then"];
n00[label = "NearestFirstNode"];
n0 -> n00;
n01[label = "While"];
n010[label = "And"];
n0100[label = "NearestFirstNode"];
n010 -> n0100;
n0101[label = "NearestFirstNode"];
n010 -> n0101;
n01 -> n010;
n011[label = "WorstMove"];
n01 -> n011;
n0 -> n01;
n -> n0;
n1[label = "Equal"];
n10[label = "FarthestFirstNode"];
n1 -> n10;
n11[label = "If_Then_Else"];
n110[label = "And"];
n1100[label = "NearestNeighbor"];
n110 -> n1100;
n1101[label = "NearestFirstNode"];
n110 -> n1101;
n11 -> n110;
n111[label = "If_Then"];
n1110[label = "FarthestInsertion"];
n111 -> n1110;
n1111[label = "FarthestNeighbor"];
n111 -> n1111;
n11 -> n111;
n112[label = "BestMove"];
n11 -> n112;
n1 -> n11;
n -> n1;
}


Generation: 87
Best Individual:
Subpopulation 0:
Evaluated: true
Fitness: Standardized=0.20117503 Adjusted=0.83251816 Hits=2
Tree 0:
digraph g {
node [shape=rectangle];
n[label = "And"];
n0[label = "If_Then"];
n00[label = "NearestFirstNode"];
n0 -> n00;
n01[label = "While"];
n010[label = "And"];
n0100[label = "NearestFirstNode"];
n010 -> n0100;
n0101[label = "NearestFirstNode"];
n010 -> n0101;
n01 -> n010;
n011[label = "WorstMove"];
n01 -> n011;
n0 -> n01;
n -> n0;
n1[label = "Equal"];
n10[label = "FarthestFirstNode"];
n1 -> n10;
n11[label = "If_Then_Else"];
n110[label = "And"];
n1100[label = "NearestNeighbor"];
n110 -> n1100;
n1101[label = "NearestFirstNode"];
n110 -> n1101;
n11 -> n110;
n111[label = "If_Then"];
n1110[label = "FarthestInsertion"];
n111 -> n1110;
n1111[label = "FarthestNeighbor"];
n111 -> n1111;
n11 -> n111;
n112[label = "BestMove"];
n11 -> n112;
n1 -> n11;
n -> n1;
}


Generation: 88
Best Individual:
Subpopulation 0:
Evaluated: true
Fitness: Standardized=0.20117503 Adjusted=0.83251816 Hits=2
Tree 0:
digraph g {
node [shape=rectangle];
n[label = "And"];
n0[label = "If_Then"];
n00[label = "NearestFirstNode"];
n0 -> n00;
n01[label = "While"];
n010[label = "And"];
n0100[label = "NearestFirstNode"];
n010 -> n0100;
n0101[label = "NearestFirstNode"];
n010 -> n0101;
n01 -> n010;
n011[label = "WorstMove"];
n01 -> n011;
n0 -> n01;
n -> n0;
n1[label = "Equal"];
n10[label = "FarthestFirstNode"];
n1 -> n10;
n11[label = "If_Then_Else"];
n110[label = "And"];
n1100[label = "NearestNeighbor"];
n110 -> n1100;
n1101[label = "NearestFirstNode"];
n110 -> n1101;
n11 -> n110;
n111[label = "If_Then"];
n1110[label = "FarthestInsertion"];
n111 -> n1110;
n1111[label = "FarthestNeighbor"];
n111 -> n1111;
n11 -> n111;
n112[label = "BestMove"];
n11 -> n112;
n1 -> n11;
n -> n1;
}


Generation: 89
Best Individual:
Subpopulation 0:
Evaluated: true
Fitness: Standardized=0.20117503 Adjusted=0.83251816 Hits=2
Tree 0:
digraph g {
node [shape=rectangle];
n[label = "And"];
n0[label = "If_Then"];
n00[label = "NearestFirstNode"];
n0 -> n00;
n01[label = "While"];
n010[label = "And"];
n0100[label = "NearestFirstNode"];
n010 -> n0100;
n0101[label = "NearestFirstNode"];
n010 -> n0101;
n01 -> n010;
n011[label = "WorstMove"];
n01 -> n011;
n0 -> n01;
n -> n0;
n1[label = "Equal"];
n10[label = "FarthestFirstNode"];
n1 -> n10;
n11[label = "If_Then_Else"];
n110[label = "And"];
n1100[label = "NearestNeighbor"];
n110 -> n1100;
n1101[label = "NearestFirstNode"];
n110 -> n1101;
n11 -> n110;
n111[label = "If_Then"];
n1110[label = "FarthestInsertion"];
n111 -> n1110;
n1111[label = "FarthestNeighbor"];
n111 -> n1111;
n11 -> n111;
n112[label = "BestMove"];
n11 -> n112;
n1 -> n11;
n -> n1;
}


Generation: 90
Best Individual:
Subpopulation 0:
Evaluated: true
Fitness: Standardized=0.20117503 Adjusted=0.83251816 Hits=2
Tree 0:
digraph g {
node [shape=rectangle];
n[label = "And"];
n0[label = "If_Then"];
n00[label = "NearestFirstNode"];
n0 -> n00;
n01[label = "While"];
n010[label = "And"];
n0100[label = "NearestFirstNode"];
n010 -> n0100;
n0101[label = "NearestFirstNode"];
n010 -> n0101;
n01 -> n010;
n011[label = "WorstMove"];
n01 -> n011;
n0 -> n01;
n -> n0;
n1[label = "Equal"];
n10[label = "FarthestFirstNode"];
n1 -> n10;
n11[label = "If_Then_Else"];
n110[label = "And"];
n1100[label = "NearestNeighbor"];
n110 -> n1100;
n1101[label = "NearestFirstNode"];
n110 -> n1101;
n11 -> n110;
n111[label = "If_Then"];
n1110[label = "FarthestInsertion"];
n111 -> n1110;
n1111[label = "FarthestNeighbor"];
n111 -> n1111;
n11 -> n111;
n112[label = "BestMove"];
n11 -> n112;
n1 -> n11;
n -> n1;
}


Generation: 91
Best Individual:
Subpopulation 0:
Evaluated: true
Fitness: Standardized=0.20117503 Adjusted=0.83251816 Hits=2
Tree 0:
digraph g {
node [shape=rectangle];
n[label = "And"];
n0[label = "If_Then"];
n00[label = "NearestFirstNode"];
n0 -> n00;
n01[label = "While"];
n010[label = "And"];
n0100[label = "NearestFirstNode"];
n010 -> n0100;
n0101[label = "NearestFirstNode"];
n010 -> n0101;
n01 -> n010;
n011[label = "WorstMove"];
n01 -> n011;
n0 -> n01;
n -> n0;
n1[label = "Equal"];
n10[label = "FarthestFirstNode"];
n1 -> n10;
n11[label = "If_Then_Else"];
n110[label = "And"];
n1100[label = "NearestNeighbor"];
n110 -> n1100;
n1101[label = "NearestFirstNode"];
n110 -> n1101;
n11 -> n110;
n111[label = "If_Then"];
n1110[label = "FarthestInsertion"];
n111 -> n1110;
n1111[label = "FarthestNeighbor"];
n111 -> n1111;
n11 -> n111;
n112[label = "BestMove"];
n11 -> n112;
n1 -> n11;
n -> n1;
}


Generation: 92
Best Individual:
Subpopulation 0:
Evaluated: true
Fitness: Standardized=0.20117503 Adjusted=0.83251816 Hits=2
Tree 0:
digraph g {
node [shape=rectangle];
n[label = "And"];
n0[label = "If_Then"];
n00[label = "NearestFirstNode"];
n0 -> n00;
n01[label = "While"];
n010[label = "And"];
n0100[label = "NearestFirstNode"];
n010 -> n0100;
n0101[label = "NearestFirstNode"];
n010 -> n0101;
n01 -> n010;
n011[label = "WorstMove"];
n01 -> n011;
n0 -> n01;
n -> n0;
n1[label = "Equal"];
n10[label = "FarthestFirstNode"];
n1 -> n10;
n11[label = "If_Then_Else"];
n110[label = "And"];
n1100[label = "NearestNeighbor"];
n110 -> n1100;
n1101[label = "NearestFirstNode"];
n110 -> n1101;
n11 -> n110;
n111[label = "If_Then"];
n1110[label = "FarthestInsertion"];
n111 -> n1110;
n1111[label = "FarthestNeighbor"];
n111 -> n1111;
n11 -> n111;
n112[label = "BestMove"];
n11 -> n112;
n1 -> n11;
n -> n1;
}


Generation: 93
Best Individual:
Subpopulation 0:
Evaluated: true
Fitness: Standardized=0.20117503 Adjusted=0.83251816 Hits=2
Tree 0:
digraph g {
node [shape=rectangle];
n[label = "And"];
n0[label = "If_Then"];
n00[label = "NearestFirstNode"];
n0 -> n00;
n01[label = "While"];
n010[label = "And"];
n0100[label = "NearestFirstNode"];
n010 -> n0100;
n0101[label = "NearestFirstNode"];
n010 -> n0101;
n01 -> n010;
n011[label = "WorstMove"];
n01 -> n011;
n0 -> n01;
n -> n0;
n1[label = "Equal"];
n10[label = "FarthestFirstNode"];
n1 -> n10;
n11[label = "If_Then_Else"];
n110[label = "And"];
n1100[label = "NearestNeighbor"];
n110 -> n1100;
n1101[label = "NearestFirstNode"];
n110 -> n1101;
n11 -> n110;
n111[label = "If_Then"];
n1110[label = "FarthestInsertion"];
n111 -> n1110;
n1111[label = "FarthestNeighbor"];
n111 -> n1111;
n11 -> n111;
n112[label = "BestMove"];
n11 -> n112;
n1 -> n11;
n -> n1;
}


Generation: 94
Best Individual:
Subpopulation 0:
Evaluated: true
Fitness: Standardized=0.20117503 Adjusted=0.83251816 Hits=2
Tree 0:
digraph g {
node [shape=rectangle];
n[label = "And"];
n0[label = "If_Then"];
n00[label = "NearestFirstNode"];
n0 -> n00;
n01[label = "While"];
n010[label = "And"];
n0100[label = "NearestFirstNode"];
n010 -> n0100;
n0101[label = "NearestFirstNode"];
n010 -> n0101;
n01 -> n010;
n011[label = "WorstMove"];
n01 -> n011;
n0 -> n01;
n -> n0;
n1[label = "Equal"];
n10[label = "FarthestFirstNode"];
n1 -> n10;
n11[label = "If_Then_Else"];
n110[label = "And"];
n1100[label = "NearestNeighbor"];
n110 -> n1100;
n1101[label = "NearestFirstNode"];
n110 -> n1101;
n11 -> n110;
n111[label = "If_Then"];
n1110[label = "FarthestInsertion"];
n111 -> n1110;
n1111[label = "FarthestNeighbor"];
n111 -> n1111;
n11 -> n111;
n112[label = "BestMove"];
n11 -> n112;
n1 -> n11;
n -> n1;
}


Generation: 95
Best Individual:
Subpopulation 0:
Evaluated: true
Fitness: Standardized=0.20117503 Adjusted=0.83251816 Hits=2
Tree 0:
digraph g {
node [shape=rectangle];
n[label = "And"];
n0[label = "If_Then"];
n00[label = "NearestFirstNode"];
n0 -> n00;
n01[label = "While"];
n010[label = "And"];
n0100[label = "NearestFirstNode"];
n010 -> n0100;
n0101[label = "NearestFirstNode"];
n010 -> n0101;
n01 -> n010;
n011[label = "WorstMove"];
n01 -> n011;
n0 -> n01;
n -> n0;
n1[label = "Equal"];
n10[label = "FarthestFirstNode"];
n1 -> n10;
n11[label = "If_Then_Else"];
n110[label = "And"];
n1100[label = "NearestNeighbor"];
n110 -> n1100;
n1101[label = "NearestFirstNode"];
n110 -> n1101;
n11 -> n110;
n111[label = "If_Then"];
n1110[label = "FarthestInsertion"];
n111 -> n1110;
n1111[label = "FarthestNeighbor"];
n111 -> n1111;
n11 -> n111;
n112[label = "BestMove"];
n11 -> n112;
n1 -> n11;
n -> n1;
}


Generation: 96
Best Individual:
Subpopulation 0:
Evaluated: true
Fitness: Standardized=0.20117503 Adjusted=0.83251816 Hits=2
Tree 0:
digraph g {
node [shape=rectangle];
n[label = "And"];
n0[label = "If_Then"];
n00[label = "NearestFirstNode"];
n0 -> n00;
n01[label = "While"];
n010[label = "And"];
n0100[label = "NearestFirstNode"];
n010 -> n0100;
n0101[label = "NearestFirstNode"];
n010 -> n0101;
n01 -> n010;
n011[label = "WorstMove"];
n01 -> n011;
n0 -> n01;
n -> n0;
n1[label = "Equal"];
n10[label = "FarthestFirstNode"];
n1 -> n10;
n11[label = "If_Then_Else"];
n110[label = "And"];
n1100[label = "NearestNeighbor"];
n110 -> n1100;
n1101[label = "NearestFirstNode"];
n110 -> n1101;
n11 -> n110;
n111[label = "If_Then"];
n1110[label = "FarthestInsertion"];
n111 -> n1110;
n1111[label = "FarthestNeighbor"];
n111 -> n1111;
n11 -> n111;
n112[label = "BestMove"];
n11 -> n112;
n1 -> n11;
n -> n1;
}


Generation: 97
Best Individual:
Subpopulation 0:
Evaluated: true
Fitness: Standardized=0.20117503 Adjusted=0.83251816 Hits=2
Tree 0:
digraph g {
node [shape=rectangle];
n[label = "And"];
n0[label = "If_Then"];
n00[label = "NearestFirstNode"];
n0 -> n00;
n01[label = "While"];
n010[label = "And"];
n0100[label = "NearestFirstNode"];
n010 -> n0100;
n0101[label = "NearestFirstNode"];
n010 -> n0101;
n01 -> n010;
n011[label = "WorstMove"];
n01 -> n011;
n0 -> n01;
n -> n0;
n1[label = "Equal"];
n10[label = "FarthestFirstNode"];
n1 -> n10;
n11[label = "If_Then_Else"];
n110[label = "And"];
n1100[label = "NearestNeighbor"];
n110 -> n1100;
n1101[label = "NearestFirstNode"];
n110 -> n1101;
n11 -> n110;
n111[label = "If_Then"];
n1110[label = "FarthestInsertion"];
n111 -> n1110;
n1111[label = "FarthestNeighbor"];
n111 -> n1111;
n11 -> n111;
n112[label = "BestMove"];
n11 -> n112;
n1 -> n11;
n -> n1;
}


Generation: 98
Best Individual:
Subpopulation 0:
Evaluated: true
Fitness: Standardized=0.20117503 Adjusted=0.83251816 Hits=2
Tree 0:
digraph g {
node [shape=rectangle];
n[label = "And"];
n0[label = "If_Then"];
n00[label = "NearestFirstNode"];
n0 -> n00;
n01[label = "While"];
n010[label = "And"];
n0100[label = "NearestFirstNode"];
n010 -> n0100;
n0101[label = "NearestFirstNode"];
n010 -> n0101;
n01 -> n010;
n011[label = "WorstMove"];
n01 -> n011;
n0 -> n01;
n -> n0;
n1[label = "Equal"];
n10[label = "FarthestFirstNode"];
n1 -> n10;
n11[label = "If_Then_Else"];
n110[label = "And"];
n1100[label = "NearestNeighbor"];
n110 -> n1100;
n1101[label = "NearestFirstNode"];
n110 -> n1101;
n11 -> n110;
n111[label = "If_Then"];
n1110[label = "FarthestInsertion"];
n111 -> n1110;
n1111[label = "FarthestNeighbor"];
n111 -> n1111;
n11 -> n111;
n112[label = "BestMove"];
n11 -> n112;
n1 -> n11;
n -> n1;
}


Generation: 99
Best Individual:
Subpopulation 0:
Evaluated: true
Fitness: Standardized=0.20117503 Adjusted=0.83251816 Hits=2
Tree 0:
digraph g {
node [shape=rectangle];
n[label = "And"];
n0[label = "If_Then"];
n00[label = "NearestFirstNode"];
n0 -> n00;
n01[label = "While"];
n010[label = "And"];
n0100[label = "NearestFirstNode"];
n010 -> n0100;
n0101[label = "NearestFirstNode"];
n010 -> n0101;
n01 -> n010;
n011[label = "WorstMove"];
n01 -> n011;
n0 -> n01;
n -> n0;
n1[label = "Equal"];
n10[label = "FarthestFirstNode"];
n1 -> n10;
n11[label = "If_Then_Else"];
n110[label = "And"];
n1100[label = "NearestNeighbor"];
n110 -> n1100;
n1101[label = "NearestFirstNode"];
n110 -> n1101;
n11 -> n110;
n111[label = "If_Then"];
n1110[label = "FarthestInsertion"];
n111 -> n1110;
n1111[label = "FarthestNeighbor"];
n111 -> n1111;
n11 -> n111;
n112[label = "BestMove"];
n11 -> n112;
n1 -> n11;
n -> n1;
}


Best Individual of Run:
Subpopulation 0:
Evaluated: true
Fitness: Standardized=0.20117503 Adjusted=0.83251816 Hits=2
Tree 0:
digraph g {
node [shape=rectangle];
n[label = "And"];
n0[label = "If_Then"];
n00[label = "NearestFirstNode"];
n0 -> n00;
n01[label = "While"];
n010[label = "And"];
n0100[label = "NearestFirstNode"];
n010 -> n0100;
n0101[label = "NearestFirstNode"];
n010 -> n0101;
n01 -> n010;
n011[label = "WorstMove"];
n01 -> n011;
n0 -> n01;
n -> n0;
n1[label = "Equal"];
n10[label = "FarthestFirstNode"];
n1 -> n10;
n11[label = "If_Then_Else"];
n110[label = "And"];
n1100[label = "NearestNeighbor"];
n110 -> n1100;
n1101[label = "NearestFirstNode"];
n110 -> n1101;
n11 -> n110;
n111[label = "If_Then"];
n1110[label = "FarthestInsertion"];
n111 -> n1110;
n1111[label = "FarthestNeighbor"];
n111 -> n1111;
n11 -> n111;
n112[label = "BestMove"];
n11 -> n112;
n1 -> n11;
n -> n1;
}

