
Generation: 0
Best Individual:
Subpopulation 0:
Evaluated: true
Fitness: Standardized=0.42190453 Adjusted=0.70328206 Hits=0
Tree 0:
digraph g {
node [shape=rectangle];
n[label = "If_Then"];
n0[label = "If_Then_Else"];
n00[label = "FarthestFirstNode"];
n0 -> n00;
n01[label = "FarthestInsertion"];
n0 -> n01;
n02[label = "BestMove"];
n0 -> n02;
n -> n0;
n1[label = "Equal"];
n10[label = "NearestNeighbor"];
n1 -> n10;
n11[label = "FarthestFirstNode"];
n1 -> n11;
n -> n1;
}


Generation: 1
Best Individual:
Subpopulation 0:
Evaluated: true
Fitness: Standardized=0.42190453 Adjusted=0.70328206 Hits=0
Tree 0:
digraph g {
node [shape=rectangle];
n[label = "If_Then"];
n0[label = "If_Then_Else"];
n00[label = "FarthestFirstNode"];
n0 -> n00;
n01[label = "FarthestInsertion"];
n0 -> n01;
n02[label = "FarthestFirstNode"];
n0 -> n02;
n -> n0;
n1[label = "Equal"];
n10[label = "NearestNeighbor"];
n1 -> n10;
n11[label = "FarthestFirstNode"];
n1 -> n11;
n -> n1;
}


Generation: 2
Best Individual:
Subpopulation 0:
Evaluated: true
Fitness: Standardized=0.30120912 Adjusted=0.768516 Hits=0
Tree 0:
digraph g {
node [shape=rectangle];
n[label = "If_Then"];
n0[label = "If_Then_Else"];
n00[label = "FarthestFirstNode"];
n0 -> n00;
n01[label = "If_Then_Else"];
n010[label = "FarthestFirstNode"];
n01 -> n010;
n011[label = "FarthestInsertion"];
n01 -> n011;
n012[label = "FarthestFirstNode"];
n01 -> n012;
n0 -> n01;
n02[label = "FarthestFirstNode"];
n0 -> n02;
n -> n0;
n1[label = "Equal"];
n10[label = "NearestNeighbor"];
n1 -> n10;
n11[label = "FarthestFirstNode"];
n1 -> n11;
n -> n1;
}


Generation: 3
Best Individual:
Subpopulation 0:
Evaluated: true
Fitness: Standardized=0.29198328 Adjusted=0.77400386 Hits=0
Tree 0:
digraph g {
node [shape=rectangle];
n[label = "If_Then"];
n0[label = "If_Then_Else"];
n00[label = "If_Then"];
n000[label = "If_Then_Else"];
n0000[label = "FarthestFirstNode"];
n000 -> n0000;
n0001[label = "FarthestInsertion"];
n000 -> n0001;
n0002[label = "BestMove"];
n000 -> n0002;
n00 -> n000;
n001[label = "FarthestFirstNode"];
n00 -> n001;
n0 -> n00;
n01[label = "FarthestInsertion"];
n0 -> n01;
n02[label = "BestMove"];
n0 -> n02;
n -> n0;
n1[label = "Equal"];
n10[label = "NearestNeighbor"];
n1 -> n10;
n11[label = "FarthestFirstNode"];
n1 -> n11;
n -> n1;
}


Generation: 4
Best Individual:
Subpopulation 0:
Evaluated: true
Fitness: Standardized=0.29198328 Adjusted=0.77400386 Hits=0
Tree 0:
digraph g {
node [shape=rectangle];
n[label = "If_Then"];
n0[label = "If_Then_Else"];
n00[label = "If_Then"];
n000[label = "If_Then_Else"];
n0000[label = "FarthestFirstNode"];
n000 -> n0000;
n0001[label = "FarthestInsertion"];
n000 -> n0001;
n0002[label = "BestMove"];
n000 -> n0002;
n00 -> n000;
n001[label = "FarthestFirstNode"];
n00 -> n001;
n0 -> n00;
n01[label = "FarthestInsertion"];
n0 -> n01;
n02[label = "BestMove"];
n0 -> n02;
n -> n0;
n1[label = "Equal"];
n10[label = "NearestNeighbor"];
n1 -> n10;
n11[label = "FarthestFirstNode"];
n1 -> n11;
n -> n1;
}


Generation: 5
Best Individual:
Subpopulation 0:
Evaluated: true
Fitness: Standardized=0.29198328 Adjusted=0.77400386 Hits=0
Tree 0:
digraph g {
node [shape=rectangle];
n[label = "Equal"];
n0[label = "If_Then_Else"];
n00[label = "FarthestFirstNode"];
n0 -> n00;
n01[label = "FarthestInsertion"];
n0 -> n01;
n02[label = "FarthestFirstNode"];
n0 -> n02;
n -> n0;
n1[label = "Equal"];
n10[label = "If_Then_Else"];
n100[label = "FarthestFirstNode"];
n10 -> n100;
n101[label = "FarthestInsertion"];
n10 -> n101;
n102[label = "FarthestFirstNode"];
n10 -> n102;
n1 -> n10;
n11[label = "Equal"];
n110[label = "NearestNeighbor"];
n11 -> n110;
n111[label = "FarthestFirstNode"];
n11 -> n111;
n1 -> n11;
n -> n1;
}


Generation: 6
Best Individual:
Subpopulation 0:
Evaluated: true
Fitness: Standardized=0.29198328 Adjusted=0.77400386 Hits=0
Tree 0:
digraph g {
node [shape=rectangle];
n[label = "Equal"];
n0[label = "If_Then_Else"];
n00[label = "If_Then"];
n000[label = "If_Then_Else"];
n0000[label = "FarthestFirstNode"];
n000 -> n0000;
n0001[label = "FarthestFirstNode"];
n000 -> n0001;
n0002[label = "BestMove"];
n000 -> n0002;
n00 -> n000;
n001[label = "FarthestFirstNode"];
n00 -> n001;
n0 -> n00;
n01[label = "FarthestInsertion"];
n0 -> n01;
n02[label = "BestMove"];
n0 -> n02;
n -> n0;
n1[label = "Equal"];
n10[label = "NearestNeighbor"];
n1 -> n10;
n11[label = "FarthestFirstNode"];
n1 -> n11;
n -> n1;
}


Generation: 7
Best Individual:
Subpopulation 0:
Evaluated: true
Fitness: Standardized=0.29198328 Adjusted=0.77400386 Hits=0
Tree 0:
digraph g {
node [shape=rectangle];
n[label = "Equal"];
n0[label = "If_Then_Else"];
n00[label = "Equal"];
n000[label = "If_Then_Else"];
n0000[label = "FarthestFirstNode"];
n000 -> n0000;
n0001[label = "FarthestInsertion"];
n000 -> n0001;
n0002[label = "FarthestFirstNode"];
n000 -> n0002;
n00 -> n000;
n001[label = "FarthestFirstNode"];
n00 -> n001;
n0 -> n00;
n01[label = "FarthestInsertion"];
n0 -> n01;
n02[label = "BestMove"];
n0 -> n02;
n -> n0;
n1[label = "Equal"];
n10[label = "NearestNeighbor"];
n1 -> n10;
n11[label = "FarthestFirstNode"];
n1 -> n11;
n -> n1;
}


Generation: 8
Best Individual:
Subpopulation 0:
Evaluated: true
Fitness: Standardized=0.2793801 Adjusted=0.78162855 Hits=0
Tree 0:
digraph g {
node [shape=rectangle];
n[label = "Equal"];
n0[label = "If_Then_Else"];
n00[label = "NearestNeighbor"];
n0 -> n00;
n01[label = "FarthestInsertion"];
n0 -> n01;
n02[label = "Equal"];
n020[label = "If_Then_Else"];
n0200[label = "FarthestFirstNode"];
n020 -> n0200;
n0201[label = "FarthestInsertion"];
n020 -> n0201;
n0202[label = "FarthestFirstNode"];
n020 -> n0202;
n02 -> n020;
n021[label = "Equal"];
n0210[label = "NearestNeighbor"];
n021 -> n0210;
n0211[label = "FarthestFirstNode"];
n021 -> n0211;
n02 -> n021;
n0 -> n02;
n -> n0;
n1[label = "Equal"];
n10[label = "If_Then_Else"];
n100[label = "FarthestFirstNode"];
n10 -> n100;
n101[label = "FarthestInsertion"];
n10 -> n101;
n102[label = "FarthestFirstNode"];
n10 -> n102;
n1 -> n10;
n11[label = "Equal"];
n110[label = "NearestNeighbor"];
n11 -> n110;
n111[label = "FarthestFirstNode"];
n11 -> n111;
n1 -> n11;
n -> n1;
}


Generation: 9
Best Individual:
Subpopulation 0:
Evaluated: true
Fitness: Standardized=0.2793801 Adjusted=0.78162855 Hits=0
Tree 0:
digraph g {
node [shape=rectangle];
n[label = "Equal"];
n0[label = "If_Then_Else"];
n00[label = "NearestNeighbor"];
n0 -> n00;
n01[label = "FarthestInsertion"];
n0 -> n01;
n02[label = "Equal"];
n020[label = "If_Then_Else"];
n0200[label = "FarthestFirstNode"];
n020 -> n0200;
n0201[label = "FarthestInsertion"];
n020 -> n0201;
n0202[label = "BestMove"];
n020 -> n0202;
n02 -> n020;
n021[label = "Equal"];
n0210[label = "NearestNeighbor"];
n021 -> n0210;
n0211[label = "FarthestFirstNode"];
n021 -> n0211;
n02 -> n021;
n0 -> n02;
n -> n0;
n1[label = "Equal"];
n10[label = "If_Then_Else"];
n100[label = "FarthestFirstNode"];
n10 -> n100;
n101[label = "FarthestInsertion"];
n10 -> n101;
n102[label = "FarthestFirstNode"];
n10 -> n102;
n1 -> n10;
n11[label = "Equal"];
n110[label = "NearestNeighbor"];
n11 -> n110;
n111[label = "FarthestFirstNode"];
n11 -> n111;
n1 -> n11;
n -> n1;
}


Generation: 10
Best Individual:
Subpopulation 0:
Evaluated: true
Fitness: Standardized=0.2793801 Adjusted=0.78162855 Hits=0
Tree 0:
digraph g {
node [shape=rectangle];
n[label = "Equal"];
n0[label = "If_Then_Else"];
n00[label = "NearestNeighbor"];
n0 -> n00;
n01[label = "FarthestInsertion"];
n0 -> n01;
n02[label = "Equal"];
n020[label = "If_Then_Else"];
n0200[label = "FarthestFirstNode"];
n020 -> n0200;
n0201[label = "FarthestInsertion"];
n020 -> n0201;
n0202[label = "FarthestFirstNode"];
n020 -> n0202;
n02 -> n020;
n021[label = "Equal"];
n0210[label = "NearestNeighbor"];
n021 -> n0210;
n0211[label = "FarthestFirstNode"];
n021 -> n0211;
n02 -> n021;
n0 -> n02;
n -> n0;
n1[label = "Equal"];
n10[label = "If_Then_Else"];
n100[label = "FarthestFirstNode"];
n10 -> n100;
n101[label = "FarthestInsertion"];
n10 -> n101;
n102[label = "FarthestFirstNode"];
n10 -> n102;
n1 -> n10;
n11[label = "Equal"];
n110[label = "NearestNeighbor"];
n11 -> n110;
n111[label = "FarthestFirstNode"];
n11 -> n111;
n1 -> n11;
n -> n1;
}


Generation: 11
Best Individual:
Subpopulation 0:
Evaluated: true
Fitness: Standardized=0.2793801 Adjusted=0.78162855 Hits=0
Tree 0:
digraph g {
node [shape=rectangle];
n[label = "Equal"];
n0[label = "If_Then_Else"];
n00[label = "NearestNeighbor"];
n0 -> n00;
n01[label = "FarthestInsertion"];
n0 -> n01;
n02[label = "Equal"];
n020[label = "If_Then_Else"];
n0200[label = "FarthestFirstNode"];
n020 -> n0200;
n0201[label = "FarthestInsertion"];
n020 -> n0201;
n0202[label = "FarthestFirstNode"];
n020 -> n0202;
n02 -> n020;
n021[label = "Equal"];
n0210[label = "NearestNeighbor"];
n021 -> n0210;
n0211[label = "FarthestFirstNode"];
n021 -> n0211;
n02 -> n021;
n0 -> n02;
n -> n0;
n1[label = "Equal"];
n10[label = "If_Then_Else"];
n100[label = "FarthestFirstNode"];
n10 -> n100;
n101[label = "FarthestInsertion"];
n10 -> n101;
n102[label = "FarthestFirstNode"];
n10 -> n102;
n1 -> n10;
n11[label = "Equal"];
n110[label = "NearestNeighbor"];
n11 -> n110;
n111[label = "FarthestFirstNode"];
n11 -> n111;
n1 -> n11;
n -> n1;
}


Generation: 12
Best Individual:
Subpopulation 0:
Evaluated: true
Fitness: Standardized=0.2793801 Adjusted=0.78162855 Hits=0
Tree 0:
digraph g {
node [shape=rectangle];
n[label = "Equal"];
n0[label = "If_Then_Else"];
n00[label = "NearestNeighbor"];
n0 -> n00;
n01[label = "FarthestInsertion"];
n0 -> n01;
n02[label = "Equal"];
n020[label = "If_Then_Else"];
n0200[label = "FarthestFirstNode"];
n020 -> n0200;
n0201[label = "FarthestInsertion"];
n020 -> n0201;
n0202[label = "FarthestFirstNode"];
n020 -> n0202;
n02 -> n020;
n021[label = "Equal"];
n0210[label = "NearestNeighbor"];
n021 -> n0210;
n0211[label = "FarthestFirstNode"];
n021 -> n0211;
n02 -> n021;
n0 -> n02;
n -> n0;
n1[label = "Equal"];
n10[label = "If_Then_Else"];
n100[label = "FarthestFirstNode"];
n10 -> n100;
n101[label = "FarthestInsertion"];
n10 -> n101;
n102[label = "FarthestFirstNode"];
n10 -> n102;
n1 -> n10;
n11[label = "Equal"];
n110[label = "NearestNeighbor"];
n11 -> n110;
n111[label = "FarthestFirstNode"];
n11 -> n111;
n1 -> n11;
n -> n1;
}


Generation: 13
Best Individual:
Subpopulation 0:
Evaluated: true
Fitness: Standardized=0.2793801 Adjusted=0.78162855 Hits=0
Tree 0:
digraph g {
node [shape=rectangle];
n[label = "Equal"];
n0[label = "If_Then_Else"];
n00[label = "NearestNeighbor"];
n0 -> n00;
n01[label = "FarthestInsertion"];
n0 -> n01;
n02[label = "Equal"];
n020[label = "If_Then_Else"];
n0200[label = "FarthestFirstNode"];
n020 -> n0200;
n0201[label = "FarthestInsertion"];
n020 -> n0201;
n0202[label = "FarthestFirstNode"];
n020 -> n0202;
n02 -> n020;
n021[label = "Equal"];
n0210[label = "NearestNeighbor"];
n021 -> n0210;
n0211[label = "FarthestFirstNode"];
n021 -> n0211;
n02 -> n021;
n0 -> n02;
n -> n0;
n1[label = "Equal"];
n10[label = "If_Then_Else"];
n100[label = "FarthestFirstNode"];
n10 -> n100;
n101[label = "FarthestInsertion"];
n10 -> n101;
n102[label = "FarthestFirstNode"];
n10 -> n102;
n1 -> n10;
n11[label = "Equal"];
n110[label = "NearestNeighbor"];
n11 -> n110;
n111[label = "FarthestFirstNode"];
n11 -> n111;
n1 -> n11;
n -> n1;
}


Generation: 14
Best Individual:
Subpopulation 0:
Evaluated: true
Fitness: Standardized=0.2793801 Adjusted=0.78162855 Hits=0
Tree 0:
digraph g {
node [shape=rectangle];
n[label = "Equal"];
n0[label = "If_Then_Else"];
n00[label = "NearestNeighbor"];
n0 -> n00;
n01[label = "FarthestInsertion"];
n0 -> n01;
n02[label = "Equal"];
n020[label = "If_Then_Else"];
n0200[label = "FarthestFirstNode"];
n020 -> n0200;
n0201[label = "FarthestInsertion"];
n020 -> n0201;
n0202[label = "FarthestFirstNode"];
n020 -> n0202;
n02 -> n020;
n021[label = "Equal"];
n0210[label = "NearestNeighbor"];
n021 -> n0210;
n0211[label = "FarthestFirstNode"];
n021 -> n0211;
n02 -> n021;
n0 -> n02;
n -> n0;
n1[label = "Equal"];
n10[label = "If_Then_Else"];
n100[label = "FarthestFirstNode"];
n10 -> n100;
n101[label = "FarthestInsertion"];
n10 -> n101;
n102[label = "FarthestFirstNode"];
n10 -> n102;
n1 -> n10;
n11[label = "Equal"];
n110[label = "NearestNeighbor"];
n11 -> n110;
n111[label = "FarthestFirstNode"];
n11 -> n111;
n1 -> n11;
n -> n1;
}


Generation: 15
Best Individual:
Subpopulation 0:
Evaluated: true
Fitness: Standardized=0.2793801 Adjusted=0.78162855 Hits=0
Tree 0:
digraph g {
node [shape=rectangle];
n[label = "Equal"];
n0[label = "If_Then_Else"];
n00[label = "NearestNeighbor"];
n0 -> n00;
n01[label = "FarthestInsertion"];
n0 -> n01;
n02[label = "Equal"];
n020[label = "If_Then_Else"];
n0200[label = "FarthestFirstNode"];
n020 -> n0200;
n0201[label = "FarthestInsertion"];
n020 -> n0201;
n0202[label = "FarthestFirstNode"];
n020 -> n0202;
n02 -> n020;
n021[label = "FarthestFirstNode"];
n02 -> n021;
n0 -> n02;
n -> n0;
n1[label = "Equal"];
n10[label = "If_Then_Else"];
n100[label = "FarthestFirstNode"];
n10 -> n100;
n101[label = "FarthestInsertion"];
n10 -> n101;
n102[label = "FarthestFirstNode"];
n10 -> n102;
n1 -> n10;
n11[label = "Equal"];
n110[label = "NearestNeighbor"];
n11 -> n110;
n111[label = "FarthestFirstNode"];
n11 -> n111;
n1 -> n11;
n -> n1;
}


Generation: 16
Best Individual:
Subpopulation 0:
Evaluated: true
Fitness: Standardized=0.2793801 Adjusted=0.78162855 Hits=0
Tree 0:
digraph g {
node [shape=rectangle];
n[label = "Equal"];
n0[label = "Equal"];
n00[label = "NearestNeighbor"];
n0 -> n00;
n01[label = "FarthestFirstNode"];
n0 -> n01;
n -> n0;
n1[label = "Equal"];
n10[label = "If_Then_Else"];
n100[label = "FarthestFirstNode"];
n10 -> n100;
n101[label = "FarthestInsertion"];
n10 -> n101;
n102[label = "FarthestFirstNode"];
n10 -> n102;
n1 -> n10;
n11[label = "Equal"];
n110[label = "NearestNeighbor"];
n11 -> n110;
n111[label = "FarthestFirstNode"];
n11 -> n111;
n1 -> n11;
n -> n1;
}


Generation: 17
Best Individual:
Subpopulation 0:
Evaluated: true
Fitness: Standardized=0.2793801 Adjusted=0.78162855 Hits=0
Tree 0:
digraph g {
node [shape=rectangle];
n[label = "Equal"];
n0[label = "If_Then_Else"];
n00[label = "NearestNeighbor"];
n0 -> n00;
n01[label = "FarthestInsertion"];
n0 -> n01;
n02[label = "Equal"];
n020[label = "If_Then_Else"];
n0200[label = "FarthestFirstNode"];
n020 -> n0200;
n0201[label = "FarthestInsertion"];
n020 -> n0201;
n0202[label = "FarthestFirstNode"];
n020 -> n0202;
n02 -> n020;
n021[label = "NearestNeighbor"];
n02 -> n021;
n0 -> n02;
n -> n0;
n1[label = "Equal"];
n10[label = "If_Then_Else"];
n100[label = "FarthestFirstNode"];
n10 -> n100;
n101[label = "FarthestInsertion"];
n10 -> n101;
n102[label = "FarthestFirstNode"];
n10 -> n102;
n1 -> n10;
n11[label = "Equal"];
n110[label = "NearestNeighbor"];
n11 -> n110;
n111[label = "FarthestFirstNode"];
n11 -> n111;
n1 -> n11;
n -> n1;
}


Generation: 18
Best Individual:
Subpopulation 0:
Evaluated: true
Fitness: Standardized=0.2793801 Adjusted=0.78162855 Hits=0
Tree 0:
digraph g {
node [shape=rectangle];
n[label = "Equal"];
n0[label = "If_Then_Else"];
n00[label = "NearestNeighbor"];
n0 -> n00;
n01[label = "FarthestInsertion"];
n0 -> n01;
n02[label = "NearestNeighbor"];
n0 -> n02;
n -> n0;
n1[label = "Equal"];
n10[label = "If_Then_Else"];
n100[label = "FarthestFirstNode"];
n10 -> n100;
n101[label = "FarthestInsertion"];
n10 -> n101;
n102[label = "FarthestFirstNode"];
n10 -> n102;
n1 -> n10;
n11[label = "Equal"];
n110[label = "NearestNeighbor"];
n11 -> n110;
n111[label = "FarthestFirstNode"];
n11 -> n111;
n1 -> n11;
n -> n1;
}


Generation: 19
Best Individual:
Subpopulation 0:
Evaluated: true
Fitness: Standardized=0.2793801 Adjusted=0.78162855 Hits=0
Tree 0:
digraph g {
node [shape=rectangle];
n[label = "Equal"];
n0[label = "If_Then_Else"];
n00[label = "NearestNeighbor"];
n0 -> n00;
n01[label = "FarthestInsertion"];
n0 -> n01;
n02[label = "FarthestInsertion"];
n0 -> n02;
n -> n0;
n1[label = "Equal"];
n10[label = "If_Then_Else"];
n100[label = "FarthestFirstNode"];
n10 -> n100;
n101[label = "FarthestInsertion"];
n10 -> n101;
n102[label = "FarthestFirstNode"];
n10 -> n102;
n1 -> n10;
n11[label = "Equal"];
n110[label = "NearestNeighbor"];
n11 -> n110;
n111[label = "FarthestFirstNode"];
n11 -> n111;
n1 -> n11;
n -> n1;
}


Generation: 20
Best Individual:
Subpopulation 0:
Evaluated: true
Fitness: Standardized=0.2793801 Adjusted=0.78162855 Hits=0
Tree 0:
digraph g {
node [shape=rectangle];
n[label = "Equal"];
n0[label = "If_Then_Else"];
n00[label = "NearestNeighbor"];
n0 -> n00;
n01[label = "FarthestInsertion"];
n0 -> n01;
n02[label = "Equal"];
n020[label = "If_Then_Else"];
n0200[label = "FarthestFirstNode"];
n020 -> n0200;
n0201[label = "FarthestInsertion"];
n020 -> n0201;
n0202[label = "FarthestFirstNode"];
n020 -> n0202;
n02 -> n020;
n021[label = "If_Then_Else"];
n0210[label = "FarthestFirstNode"];
n021 -> n0210;
n0211[label = "FarthestInsertion"];
n021 -> n0211;
n0212[label = "BestMove"];
n021 -> n0212;
n02 -> n021;
n0 -> n02;
n -> n0;
n1[label = "Equal"];
n10[label = "If_Then_Else"];
n100[label = "FarthestFirstNode"];
n10 -> n100;
n101[label = "FarthestInsertion"];
n10 -> n101;
n102[label = "FarthestFirstNode"];
n10 -> n102;
n1 -> n10;
n11[label = "Equal"];
n110[label = "NearestNeighbor"];
n11 -> n110;
n111[label = "FarthestFirstNode"];
n11 -> n111;
n1 -> n11;
n -> n1;
}


Generation: 21
Best Individual:
Subpopulation 0:
Evaluated: true
Fitness: Standardized=0.2793801 Adjusted=0.78162855 Hits=0
Tree 0:
digraph g {
node [shape=rectangle];
n[label = "Equal"];
n0[label = "If_Then_Else"];
n00[label = "NearestNeighbor"];
n0 -> n00;
n01[label = "FarthestInsertion"];
n0 -> n01;
n02[label = "FarthestInsertion"];
n0 -> n02;
n -> n0;
n1[label = "Equal"];
n10[label = "If_Then_Else"];
n100[label = "FarthestFirstNode"];
n10 -> n100;
n101[label = "FarthestInsertion"];
n10 -> n101;
n102[label = "FarthestFirstNode"];
n10 -> n102;
n1 -> n10;
n11[label = "Equal"];
n110[label = "NearestNeighbor"];
n11 -> n110;
n111[label = "FarthestFirstNode"];
n11 -> n111;
n1 -> n11;
n -> n1;
}


Generation: 22
Best Individual:
Subpopulation 0:
Evaluated: true
Fitness: Standardized=0.2793801 Adjusted=0.78162855 Hits=0
Tree 0:
digraph g {
node [shape=rectangle];
n[label = "Equal"];
n0[label = "If_Then_Else"];
n00[label = "NearestNeighbor"];
n0 -> n00;
n01[label = "FarthestInsertion"];
n0 -> n01;
n02[label = "Equal"];
n020[label = "If_Then_Else"];
n0200[label = "FarthestFirstNode"];
n020 -> n0200;
n0201[label = "FarthestInsertion"];
n020 -> n0201;
n0202[label = "FarthestFirstNode"];
n020 -> n0202;
n02 -> n020;
n021[label = "If_Then_Else"];
n0210[label = "FarthestFirstNode"];
n021 -> n0210;
n0211[label = "FarthestInsertion"];
n021 -> n0211;
n0212[label = "BestMove"];
n021 -> n0212;
n02 -> n021;
n0 -> n02;
n -> n0;
n1[label = "Equal"];
n10[label = "If_Then_Else"];
n100[label = "FarthestFirstNode"];
n10 -> n100;
n101[label = "FarthestInsertion"];
n10 -> n101;
n102[label = "If_Then_Else"];
n1020[label = "FarthestFirstNode"];
n102 -> n1020;
n1021[label = "FarthestInsertion"];
n102 -> n1021;
n1022[label = "FarthestFirstNode"];
n102 -> n1022;
n10 -> n102;
n1 -> n10;
n11[label = "Equal"];
n110[label = "NearestNeighbor"];
n11 -> n110;
n111[label = "FarthestFirstNode"];
n11 -> n111;
n1 -> n11;
n -> n1;
}


Generation: 23
Best Individual:
Subpopulation 0:
Evaluated: true
Fitness: Standardized=0.2793801 Adjusted=0.78162855 Hits=0
Tree 0:
digraph g {
node [shape=rectangle];
n[label = "Equal"];
n0[label = "Equal"];
n00[label = "NearestNeighbor"];
n0 -> n00;
n01[label = "FarthestFirstNode"];
n0 -> n01;
n -> n0;
n1[label = "If_Then"];
n10[label = "If_Then_Else"];
n100[label = "FarthestFirstNode"];
n10 -> n100;
n101[label = "FarthestInsertion"];
n10 -> n101;
n102[label = "FarthestFirstNode"];
n10 -> n102;
n1 -> n10;
n11[label = "Equal"];
n110[label = "NearestNeighbor"];
n11 -> n110;
n111[label = "FarthestFirstNode"];
n11 -> n111;
n1 -> n11;
n -> n1;
}


Generation: 24
Best Individual:
Subpopulation 0:
Evaluated: true
Fitness: Standardized=0.2793801 Adjusted=0.78162855 Hits=0
Tree 0:
digraph g {
node [shape=rectangle];
n[label = "Equal"];
n0[label = "If_Then_Else"];
n00[label = "NearestNeighbor"];
n0 -> n00;
n01[label = "FarthestInsertion"];
n0 -> n01;
n02[label = "Equal"];
n020[label = "NearestNeighbor"];
n02 -> n020;
n021[label = "FarthestFirstNode"];
n02 -> n021;
n0 -> n02;
n -> n0;
n1[label = "Equal"];
n10[label = "If_Then_Else"];
n100[label = "FarthestFirstNode"];
n10 -> n100;
n101[label = "FarthestInsertion"];
n10 -> n101;
n102[label = "If_Then_Else"];
n1020[label = "FarthestFirstNode"];
n102 -> n1020;
n1021[label = "FarthestInsertion"];
n102 -> n1021;
n1022[label = "FarthestFirstNode"];
n102 -> n1022;
n10 -> n102;
n1 -> n10;
n11[label = "Equal"];
n110[label = "NearestNeighbor"];
n11 -> n110;
n111[label = "FarthestFirstNode"];
n11 -> n111;
n1 -> n11;
n -> n1;
}


Generation: 25
Best Individual:
Subpopulation 0:
Evaluated: true
Fitness: Standardized=0.2793801 Adjusted=0.78162855 Hits=0
Tree 0:
digraph g {
node [shape=rectangle];
n[label = "Equal"];
n0[label = "If_Then_Else"];
n00[label = "NearestNeighbor"];
n0 -> n00;
n01[label = "FarthestInsertion"];
n0 -> n01;
n02[label = "FarthestFirstNode"];
n0 -> n02;
n -> n0;
n1[label = "Equal"];
n10[label = "If_Then_Else"];
n100[label = "FarthestFirstNode"];
n10 -> n100;
n101[label = "FarthestInsertion"];
n10 -> n101;
n102[label = "If_Then_Else"];
n1020[label = "FarthestFirstNode"];
n102 -> n1020;
n1021[label = "NearestNeighbor"];
n102 -> n1021;
n1022[label = "FarthestFirstNode"];
n102 -> n1022;
n10 -> n102;
n1 -> n10;
n11[label = "Equal"];
n110[label = "NearestNeighbor"];
n11 -> n110;
n111[label = "FarthestFirstNode"];
n11 -> n111;
n1 -> n11;
n -> n1;
}


Generation: 26
Best Individual:
Subpopulation 0:
Evaluated: true
Fitness: Standardized=0.2793801 Adjusted=0.78162855 Hits=0
Tree 0:
digraph g {
node [shape=rectangle];
n[label = "Equal"];
n0[label = "If_Then_Else"];
n00[label = "NearestNeighbor"];
n0 -> n00;
n01[label = "FarthestInsertion"];
n0 -> n01;
n02[label = "Equal"];
n020[label = "NearestNeighbor"];
n02 -> n020;
n021[label = "FarthestFirstNode"];
n02 -> n021;
n0 -> n02;
n -> n0;
n1[label = "Equal"];
n10[label = "If_Then_Else"];
n100[label = "FarthestFirstNode"];
n10 -> n100;
n101[label = "FarthestInsertion"];
n10 -> n101;
n102[label = "If_Then_Else"];
n1020[label = "FarthestFirstNode"];
n102 -> n1020;
n1021[label = "FarthestInsertion"];
n102 -> n1021;
n1022[label = "FarthestFirstNode"];
n102 -> n1022;
n10 -> n102;
n1 -> n10;
n11[label = "Equal"];
n110[label = "NearestNeighbor"];
n11 -> n110;
n111[label = "FarthestFirstNode"];
n11 -> n111;
n1 -> n11;
n -> n1;
}


Generation: 27
Best Individual:
Subpopulation 0:
Evaluated: true
Fitness: Standardized=0.27285138 Adjusted=0.7856377 Hits=0
Tree 0:
digraph g {
node [shape=rectangle];
n[label = "Equal"];
n0[label = "If_Then_Else"];
n00[label = "NearestNeighbor"];
n0 -> n00;
n01[label = "FarthestInsertion"];
n0 -> n01;
n02[label = "If_Then_Else"];
n020[label = "FarthestFirstNode"];
n02 -> n020;
n021[label = "FarthestInsertion"];
n02 -> n021;
n022[label = "If_Then_Else"];
n0220[label = "FarthestFirstNode"];
n022 -> n0220;
n0221[label = "FarthestInsertion"];
n022 -> n0221;
n0222[label = "FarthestFirstNode"];
n022 -> n0222;
n02 -> n022;
n0 -> n02;
n -> n0;
n1[label = "Equal"];
n10[label = "If_Then_Else"];
n100[label = "FarthestFirstNode"];
n10 -> n100;
n101[label = "Equal"];
n1010[label = "NearestNeighbor"];
n101 -> n1010;
n1011[label = "FarthestFirstNode"];
n101 -> n1011;
n10 -> n101;
n102[label = "FarthestFirstNode"];
n10 -> n102;
n1 -> n10;
n11[label = "Equal"];
n110[label = "NearestNeighbor"];
n11 -> n110;
n111[label = "FarthestFirstNode"];
n11 -> n111;
n1 -> n11;
n -> n1;
}


Generation: 28
Best Individual:
Subpopulation 0:
Evaluated: true
Fitness: Standardized=0.27285138 Adjusted=0.7856377 Hits=0
Tree 0:
digraph g {
node [shape=rectangle];
n[label = "Equal"];
n0[label = "If_Then_Else"];
n00[label = "NearestNeighbor"];
n0 -> n00;
n01[label = "FarthestInsertion"];
n0 -> n01;
n02[label = "If_Then_Else"];
n020[label = "FarthestFirstNode"];
n02 -> n020;
n021[label = "FarthestInsertion"];
n02 -> n021;
n022[label = "If_Then_Else"];
n0220[label = "FarthestFirstNode"];
n022 -> n0220;
n0221[label = "FarthestInsertion"];
n022 -> n0221;
n0222[label = "FarthestFirstNode"];
n022 -> n0222;
n02 -> n022;
n0 -> n02;
n -> n0;
n1[label = "Equal"];
n10[label = "If_Then_Else"];
n100[label = "FarthestFirstNode"];
n10 -> n100;
n101[label = "Equal"];
n1010[label = "NearestNeighbor"];
n101 -> n1010;
n1011[label = "FarthestFirstNode"];
n101 -> n1011;
n10 -> n101;
n102[label = "FarthestFirstNode"];
n10 -> n102;
n1 -> n10;
n11[label = "Equal"];
n110[label = "NearestNeighbor"];
n11 -> n110;
n111[label = "FarthestFirstNode"];
n11 -> n111;
n1 -> n11;
n -> n1;
}


Generation: 29
Best Individual:
Subpopulation 0:
Evaluated: true
Fitness: Standardized=0.27285138 Adjusted=0.7856377 Hits=0
Tree 0:
digraph g {
node [shape=rectangle];
n[label = "Equal"];
n0[label = "If_Then_Else"];
n00[label = "NearestNeighbor"];
n0 -> n00;
n01[label = "FarthestInsertion"];
n0 -> n01;
n02[label = "Equal"];
n020[label = "NearestNeighbor"];
n02 -> n020;
n021[label = "FarthestFirstNode"];
n02 -> n021;
n0 -> n02;
n -> n0;
n1[label = "Equal"];
n10[label = "If_Then_Else"];
n100[label = "FarthestFirstNode"];
n10 -> n100;
n101[label = "Equal"];
n1010[label = "NearestNeighbor"];
n101 -> n1010;
n1011[label = "FarthestFirstNode"];
n101 -> n1011;
n10 -> n101;
n102[label = "If_Then_Else"];
n1020[label = "FarthestFirstNode"];
n102 -> n1020;
n1021[label = "FarthestInsertion"];
n102 -> n1021;
n1022[label = "FarthestFirstNode"];
n102 -> n1022;
n10 -> n102;
n1 -> n10;
n11[label = "Equal"];
n110[label = "NearestNeighbor"];
n11 -> n110;
n111[label = "FarthestFirstNode"];
n11 -> n111;
n1 -> n11;
n -> n1;
}


Generation: 30
Best Individual:
Subpopulation 0:
Evaluated: true
Fitness: Standardized=0.27285138 Adjusted=0.7856377 Hits=0
Tree 0:
digraph g {
node [shape=rectangle];
n[label = "Equal"];
n0[label = "If_Then_Else"];
n00[label = "NearestNeighbor"];
n0 -> n00;
n01[label = "FarthestInsertion"];
n0 -> n01;
n02[label = "FarthestFirstNode"];
n0 -> n02;
n -> n0;
n1[label = "Equal"];
n10[label = "If_Then_Else"];
n100[label = "FarthestFirstNode"];
n10 -> n100;
n101[label = "Equal"];
n1010[label = "NearestNeighbor"];
n101 -> n1010;
n1011[label = "FarthestFirstNode"];
n101 -> n1011;
n10 -> n101;
n102[label = "If_Then_Else"];
n1020[label = "FarthestFirstNode"];
n102 -> n1020;
n1021[label = "FarthestInsertion"];
n102 -> n1021;
n1022[label = "FarthestFirstNode"];
n102 -> n1022;
n10 -> n102;
n1 -> n10;
n11[label = "Equal"];
n110[label = "NearestNeighbor"];
n11 -> n110;
n111[label = "FarthestFirstNode"];
n11 -> n111;
n1 -> n11;
n -> n1;
}


Generation: 31
Best Individual:
Subpopulation 0:
Evaluated: true
Fitness: Standardized=0.27285138 Adjusted=0.7856377 Hits=0
Tree 0:
digraph g {
node [shape=rectangle];
n[label = "Equal"];
n0[label = "If_Then_Else"];
n00[label = "NearestNeighbor"];
n0 -> n00;
n01[label = "FarthestInsertion"];
n0 -> n01;
n02[label = "If_Then_Else"];
n020[label = "FarthestFirstNode"];
n02 -> n020;
n021[label = "FarthestInsertion"];
n02 -> n021;
n022[label = "FarthestInsertion"];
n02 -> n022;
n0 -> n02;
n -> n0;
n1[label = "Equal"];
n10[label = "If_Then_Else"];
n100[label = "FarthestFirstNode"];
n10 -> n100;
n101[label = "Equal"];
n1010[label = "NearestNeighbor"];
n101 -> n1010;
n1011[label = "FarthestFirstNode"];
n101 -> n1011;
n10 -> n101;
n102[label = "FarthestFirstNode"];
n10 -> n102;
n1 -> n10;
n11[label = "Equal"];
n110[label = "NearestNeighbor"];
n11 -> n110;
n111[label = "FarthestFirstNode"];
n11 -> n111;
n1 -> n11;
n -> n1;
}


Generation: 32
Best Individual:
Subpopulation 0:
Evaluated: true
Fitness: Standardized=0.27285138 Adjusted=0.7856377 Hits=0
Tree 0:
digraph g {
node [shape=rectangle];
n[label = "Equal"];
n0[label = "If_Then_Else"];
n00[label = "NearestNeighbor"];
n0 -> n00;
n01[label = "FarthestInsertion"];
n0 -> n01;
n02[label = "If_Then_Else"];
n020[label = "FarthestFirstNode"];
n02 -> n020;
n021[label = "FarthestInsertion"];
n02 -> n021;
n022[label = "FarthestInsertion"];
n02 -> n022;
n0 -> n02;
n -> n0;
n1[label = "Equal"];
n10[label = "If_Then_Else"];
n100[label = "FarthestFirstNode"];
n10 -> n100;
n101[label = "Equal"];
n1010[label = "NearestNeighbor"];
n101 -> n1010;
n1011[label = "FarthestFirstNode"];
n101 -> n1011;
n10 -> n101;
n102[label = "FarthestFirstNode"];
n10 -> n102;
n1 -> n10;
n11[label = "Equal"];
n110[label = "NearestNeighbor"];
n11 -> n110;
n111[label = "FarthestFirstNode"];
n11 -> n111;
n1 -> n11;
n -> n1;
}


Generation: 33
Best Individual:
Subpopulation 0:
Evaluated: true
Fitness: Standardized=0.27285138 Adjusted=0.7856377 Hits=0
Tree 0:
digraph g {
node [shape=rectangle];
n[label = "Equal"];
n0[label = "If_Then_Else"];
n00[label = "NearestNeighbor"];
n0 -> n00;
n01[label = "FarthestInsertion"];
n0 -> n01;
n02[label = "If_Then_Else"];
n020[label = "NearestNeighbor"];
n02 -> n020;
n021[label = "FarthestInsertion"];
n02 -> n021;
n022[label = "Equal"];
n0220[label = "NearestNeighbor"];
n022 -> n0220;
n0221[label = "FarthestFirstNode"];
n022 -> n0221;
n02 -> n022;
n0 -> n02;
n -> n0;
n1[label = "Equal"];
n10[label = "If_Then_Else"];
n100[label = "FarthestFirstNode"];
n10 -> n100;
n101[label = "Equal"];
n1010[label = "NearestNeighbor"];
n101 -> n1010;
n1011[label = "FarthestFirstNode"];
n101 -> n1011;
n10 -> n101;
n102[label = "FarthestFirstNode"];
n10 -> n102;
n1 -> n10;
n11[label = "Equal"];
n110[label = "NearestNeighbor"];
n11 -> n110;
n111[label = "FarthestFirstNode"];
n11 -> n111;
n1 -> n11;
n -> n1;
}


Generation: 34
Best Individual:
Subpopulation 0:
Evaluated: true
Fitness: Standardized=0.27285138 Adjusted=0.7856377 Hits=0
Tree 0:
digraph g {
node [shape=rectangle];
n[label = "Equal"];
n0[label = "If_Then_Else"];
n00[label = "NearestNeighbor"];
n0 -> n00;
n01[label = "FarthestInsertion"];
n0 -> n01;
n02[label = "FarthestFirstNode"];
n0 -> n02;
n -> n0;
n1[label = "Equal"];
n10[label = "If_Then_Else"];
n100[label = "FarthestFirstNode"];
n10 -> n100;
n101[label = "Equal"];
n1010[label = "NearestNeighbor"];
n101 -> n1010;
n1011[label = "FarthestFirstNode"];
n101 -> n1011;
n10 -> n101;
n102[label = "If_Then_Else"];
n1020[label = "FarthestFirstNode"];
n102 -> n1020;
n1021[label = "BestMove"];
n102 -> n1021;
n1022[label = "FarthestFirstNode"];
n102 -> n1022;
n10 -> n102;
n1 -> n10;
n11[label = "Equal"];
n110[label = "NearestNeighbor"];
n11 -> n110;
n111[label = "FarthestFirstNode"];
n11 -> n111;
n1 -> n11;
n -> n1;
}


Generation: 35
Best Individual:
Subpopulation 0:
Evaluated: true
Fitness: Standardized=0.27285138 Adjusted=0.7856377 Hits=0
Tree 0:
digraph g {
node [shape=rectangle];
n[label = "Equal"];
n0[label = "If_Then_Else"];
n00[label = "NearestNeighbor"];
n0 -> n00;
n01[label = "FarthestInsertion"];
n0 -> n01;
n02[label = "Equal"];
n020[label = "NearestNeighbor"];
n02 -> n020;
n021[label = "FarthestFirstNode"];
n02 -> n021;
n0 -> n02;
n -> n0;
n1[label = "Equal"];
n10[label = "If_Then_Else"];
n100[label = "FarthestFirstNode"];
n10 -> n100;
n101[label = "Equal"];
n1010[label = "NearestNeighbor"];
n101 -> n1010;
n1011[label = "FarthestFirstNode"];
n101 -> n1011;
n10 -> n101;
n102[label = "NearestNeighbor"];
n10 -> n102;
n1 -> n10;
n11[label = "Equal"];
n110[label = "NearestNeighbor"];
n11 -> n110;
n111[label = "FarthestFirstNode"];
n11 -> n111;
n1 -> n11;
n -> n1;
}


Generation: 36
Best Individual:
Subpopulation 0:
Evaluated: true
Fitness: Standardized=0.27285138 Adjusted=0.7856377 Hits=0
Tree 0:
digraph g {
node [shape=rectangle];
n[label = "Equal"];
n0[label = "If_Then_Else"];
n00[label = "NearestNeighbor"];
n0 -> n00;
n01[label = "FarthestInsertion"];
n0 -> n01;
n02[label = "If_Then_Else"];
n020[label = "FarthestFirstNode"];
n02 -> n020;
n021[label = "FarthestInsertion"];
n02 -> n021;
n022[label = "FarthestInsertion"];
n02 -> n022;
n0 -> n02;
n -> n0;
n1[label = "Equal"];
n10[label = "If_Then_Else"];
n100[label = "FarthestFirstNode"];
n10 -> n100;
n101[label = "Equal"];
n1010[label = "NearestNeighbor"];
n101 -> n1010;
n1011[label = "FarthestFirstNode"];
n101 -> n1011;
n10 -> n101;
n102[label = "FarthestFirstNode"];
n10 -> n102;
n1 -> n10;
n11[label = "Equal"];
n110[label = "NearestNeighbor"];
n11 -> n110;
n111[label = "FarthestFirstNode"];
n11 -> n111;
n1 -> n11;
n -> n1;
}


Generation: 37
Best Individual:
Subpopulation 0:
Evaluated: true
Fitness: Standardized=0.27285138 Adjusted=0.7856377 Hits=0
Tree 0:
digraph g {
node [shape=rectangle];
n[label = "Equal"];
n0[label = "If_Then_Else"];
n00[label = "NearestNeighbor"];
n0 -> n00;
n01[label = "FarthestInsertion"];
n0 -> n01;
n02[label = "FarthestFirstNode"];
n0 -> n02;
n -> n0;
n1[label = "Equal"];
n10[label = "If_Then_Else"];
n100[label = "FarthestFirstNode"];
n10 -> n100;
n101[label = "Equal"];
n1010[label = "NearestNeighbor"];
n101 -> n1010;
n1011[label = "FarthestFirstNode"];
n101 -> n1011;
n10 -> n101;
n102[label = "If_Then_Else"];
n1020[label = "FarthestFirstNode"];
n102 -> n1020;
n1021[label = "BestMove"];
n102 -> n1021;
n1022[label = "FarthestFirstNode"];
n102 -> n1022;
n10 -> n102;
n1 -> n10;
n11[label = "Equal"];
n110[label = "NearestNeighbor"];
n11 -> n110;
n111[label = "FarthestFirstNode"];
n11 -> n111;
n1 -> n11;
n -> n1;
}


Generation: 38
Best Individual:
Subpopulation 0:
Evaluated: true
Fitness: Standardized=0.27285138 Adjusted=0.7856377 Hits=0
Tree 0:
digraph g {
node [shape=rectangle];
n[label = "Equal"];
n0[label = "If_Then_Else"];
n00[label = "NearestNeighbor"];
n0 -> n00;
n01[label = "FarthestInsertion"];
n0 -> n01;
n02[label = "FarthestFirstNode"];
n0 -> n02;
n -> n0;
n1[label = "Equal"];
n10[label = "If_Then_Else"];
n100[label = "FarthestFirstNode"];
n10 -> n100;
n101[label = "Equal"];
n1010[label = "NearestNeighbor"];
n101 -> n1010;
n1011[label = "FarthestFirstNode"];
n101 -> n1011;
n10 -> n101;
n102[label = "Equal"];
n1020[label = "NearestNeighbor"];
n102 -> n1020;
n1021[label = "FarthestFirstNode"];
n102 -> n1021;
n10 -> n102;
n1 -> n10;
n11[label = "Equal"];
n110[label = "NearestNeighbor"];
n11 -> n110;
n111[label = "FarthestFirstNode"];
n11 -> n111;
n1 -> n11;
n -> n1;
}


Generation: 39
Best Individual:
Subpopulation 0:
Evaluated: true
Fitness: Standardized=0.27285138 Adjusted=0.7856377 Hits=0
Tree 0:
digraph g {
node [shape=rectangle];
n[label = "Equal"];
n0[label = "If_Then_Else"];
n00[label = "NearestNeighbor"];
n0 -> n00;
n01[label = "FarthestInsertion"];
n0 -> n01;
n02[label = "Equal"];
n020[label = "NearestNeighbor"];
n02 -> n020;
n021[label = "FarthestFirstNode"];
n02 -> n021;
n0 -> n02;
n -> n0;
n1[label = "Equal"];
n10[label = "If_Then_Else"];
n100[label = "FarthestFirstNode"];
n10 -> n100;
n101[label = "Equal"];
n1010[label = "NearestNeighbor"];
n101 -> n1010;
n1011[label = "FarthestFirstNode"];
n101 -> n1011;
n10 -> n101;
n102[label = "NearestNeighbor"];
n10 -> n102;
n1 -> n10;
n11[label = "Equal"];
n110[label = "NearestNeighbor"];
n11 -> n110;
n111[label = "FarthestFirstNode"];
n11 -> n111;
n1 -> n11;
n -> n1;
}


Generation: 40
Best Individual:
Subpopulation 0:
Evaluated: true
Fitness: Standardized=0.27285138 Adjusted=0.7856377 Hits=0
Tree 0:
digraph g {
node [shape=rectangle];
n[label = "Equal"];
n0[label = "If_Then_Else"];
n00[label = "NearestNeighbor"];
n0 -> n00;
n01[label = "FarthestInsertion"];
n0 -> n01;
n02[label = "Equal"];
n020[label = "NearestNeighbor"];
n02 -> n020;
n021[label = "FarthestFirstNode"];
n02 -> n021;
n0 -> n02;
n -> n0;
n1[label = "Equal"];
n10[label = "If_Then_Else"];
n100[label = "FarthestFirstNode"];
n10 -> n100;
n101[label = "Equal"];
n1010[label = "NearestNeighbor"];
n101 -> n1010;
n1011[label = "FarthestFirstNode"];
n101 -> n1011;
n10 -> n101;
n102[label = "CplexTerminal"];
n10 -> n102;
n1 -> n10;
n11[label = "Equal"];
n110[label = "NearestNeighbor"];
n11 -> n110;
n111[label = "FarthestFirstNode"];
n11 -> n111;
n1 -> n11;
n -> n1;
}


Generation: 41
Best Individual:
Subpopulation 0:
Evaluated: true
Fitness: Standardized=0.27285138 Adjusted=0.7856377 Hits=0
Tree 0:
digraph g {
node [shape=rectangle];
n[label = "Equal"];
n0[label = "If_Then_Else"];
n00[label = "NearestNeighbor"];
n0 -> n00;
n01[label = "FarthestInsertion"];
n0 -> n01;
n02[label = "If_Then_Else"];
n020[label = "NearestNeighbor"];
n02 -> n020;
n021[label = "FarthestInsertion"];
n02 -> n021;
n022[label = "NearestNeighbor"];
n02 -> n022;
n0 -> n02;
n -> n0;
n1[label = "Equal"];
n10[label = "If_Then_Else"];
n100[label = "FarthestFirstNode"];
n10 -> n100;
n101[label = "Equal"];
n1010[label = "NearestNeighbor"];
n101 -> n1010;
n1011[label = "FarthestFirstNode"];
n101 -> n1011;
n10 -> n101;
n102[label = "CplexTerminal"];
n10 -> n102;
n1 -> n10;
n11[label = "Equal"];
n110[label = "NearestNeighbor"];
n11 -> n110;
n111[label = "FarthestFirstNode"];
n11 -> n111;
n1 -> n11;
n -> n1;
}


Generation: 42
Best Individual:
Subpopulation 0:
Evaluated: true
Fitness: Standardized=0.27285138 Adjusted=0.7856377 Hits=0
Tree 0:
digraph g {
node [shape=rectangle];
n[label = "Equal"];
n0[label = "Equal"];
n00[label = "NearestNeighbor"];
n0 -> n00;
n01[label = "FarthestFirstNode"];
n0 -> n01;
n -> n0;
n1[label = "Equal"];
n10[label = "If_Then_Else"];
n100[label = "FarthestFirstNode"];
n10 -> n100;
n101[label = "Equal"];
n1010[label = "NearestNeighbor"];
n101 -> n1010;
n1011[label = "FarthestFirstNode"];
n101 -> n1011;
n10 -> n101;
n102[label = "Equal"];
n1020[label = "NearestNeighbor"];
n102 -> n1020;
n1021[label = "FarthestFirstNode"];
n102 -> n1021;
n10 -> n102;
n1 -> n10;
n11[label = "Equal"];
n110[label = "NearestNeighbor"];
n11 -> n110;
n111[label = "FarthestFirstNode"];
n11 -> n111;
n1 -> n11;
n -> n1;
}


Generation: 43
Best Individual:
Subpopulation 0:
Evaluated: true
Fitness: Standardized=0.27285138 Adjusted=0.7856377 Hits=0
Tree 0:
digraph g {
node [shape=rectangle];
n[label = "Equal"];
n0[label = "If_Then_Else"];
n00[label = "NearestNeighbor"];
n0 -> n00;
n01[label = "FarthestInsertion"];
n0 -> n01;
n02[label = "WorstMove"];
n0 -> n02;
n -> n0;
n1[label = "Equal"];
n10[label = "If_Then_Else"];
n100[label = "FarthestFirstNode"];
n10 -> n100;
n101[label = "Equal"];
n1010[label = "NearestNeighbor"];
n101 -> n1010;
n1011[label = "FarthestFirstNode"];
n101 -> n1011;
n10 -> n101;
n102[label = "CplexTerminal"];
n10 -> n102;
n1 -> n10;
n11[label = "Equal"];
n110[label = "NearestNeighbor"];
n11 -> n110;
n111[label = "FarthestFirstNode"];
n11 -> n111;
n1 -> n11;
n -> n1;
}


Generation: 44
Best Individual:
Subpopulation 0:
Evaluated: true
Fitness: Standardized=0.27285138 Adjusted=0.7856377 Hits=0
Tree 0:
digraph g {
node [shape=rectangle];
n[label = "Equal"];
n0[label = "If_Then_Else"];
n00[label = "NearestNeighbor"];
n0 -> n00;
n01[label = "FarthestInsertion"];
n0 -> n01;
n02[label = "Equal"];
n020[label = "NearestNeighbor"];
n02 -> n020;
n021[label = "FarthestFirstNode"];
n02 -> n021;
n0 -> n02;
n -> n0;
n1[label = "Equal"];
n10[label = "If_Then_Else"];
n100[label = "FarthestFirstNode"];
n10 -> n100;
n101[label = "Equal"];
n1010[label = "NearestNeighbor"];
n101 -> n1010;
n1011[label = "FarthestFirstNode"];
n101 -> n1011;
n10 -> n101;
n102[label = "CplexTerminal"];
n10 -> n102;
n1 -> n10;
n11[label = "Equal"];
n110[label = "NearestNeighbor"];
n11 -> n110;
n111[label = "FarthestFirstNode"];
n11 -> n111;
n1 -> n11;
n -> n1;
}


Generation: 45
Best Individual:
Subpopulation 0:
Evaluated: true
Fitness: Standardized=0.27285138 Adjusted=0.7856377 Hits=0
Tree 0:
digraph g {
node [shape=rectangle];
n[label = "Equal"];
n0[label = "If_Then_Else"];
n00[label = "NearestNeighbor"];
n0 -> n00;
n01[label = "FarthestInsertion"];
n0 -> n01;
n02[label = "Equal"];
n020[label = "NearestNeighbor"];
n02 -> n020;
n021[label = "FarthestFirstNode"];
n02 -> n021;
n0 -> n02;
n -> n0;
n1[label = "Equal"];
n10[label = "If_Then_Else"];
n100[label = "FarthestFirstNode"];
n10 -> n100;
n101[label = "Equal"];
n1010[label = "NearestNeighbor"];
n101 -> n1010;
n1011[label = "FarthestFirstNode"];
n101 -> n1011;
n10 -> n101;
n102[label = "CplexTerminal"];
n10 -> n102;
n1 -> n10;
n11[label = "Equal"];
n110[label = "NearestNeighbor"];
n11 -> n110;
n111[label = "FarthestFirstNode"];
n11 -> n111;
n1 -> n11;
n -> n1;
}


Generation: 46
Best Individual:
Subpopulation 0:
Evaluated: true
Fitness: Standardized=0.27285138 Adjusted=0.7856377 Hits=0
Tree 0:
digraph g {
node [shape=rectangle];
n[label = "Equal"];
n0[label = "Equal"];
n00[label = "NearestNeighbor"];
n0 -> n00;
n01[label = "FarthestFirstNode"];
n0 -> n01;
n -> n0;
n1[label = "Equal"];
n10[label = "If_Then_Else"];
n100[label = "FarthestFirstNode"];
n10 -> n100;
n101[label = "Equal"];
n1010[label = "NearestNeighbor"];
n101 -> n1010;
n1011[label = "FarthestFirstNode"];
n101 -> n1011;
n10 -> n101;
n102[label = "CplexTerminal"];
n10 -> n102;
n1 -> n10;
n11[label = "Equal"];
n110[label = "NearestNeighbor"];
n11 -> n110;
n111[label = "FarthestFirstNode"];
n11 -> n111;
n1 -> n11;
n -> n1;
}


Generation: 47
Best Individual:
Subpopulation 0:
Evaluated: true
Fitness: Standardized=0.27285138 Adjusted=0.7856377 Hits=0
Tree 0:
digraph g {
node [shape=rectangle];
n[label = "Equal"];
n0[label = "If_Then_Else"];
n00[label = "NearestNeighbor"];
n0 -> n00;
n01[label = "FarthestInsertion"];
n0 -> n01;
n02[label = "WorstMove"];
n0 -> n02;
n -> n0;
n1[label = "And"];
n10[label = "If_Then_Else"];
n100[label = "FarthestFirstNode"];
n10 -> n100;
n101[label = "Equal"];
n1010[label = "NearestNeighbor"];
n101 -> n1010;
n1011[label = "FarthestFirstNode"];
n101 -> n1011;
n10 -> n101;
n102[label = "CplexTerminal"];
n10 -> n102;
n1 -> n10;
n11[label = "Equal"];
n110[label = "NearestNeighbor"];
n11 -> n110;
n111[label = "FarthestFirstNode"];
n11 -> n111;
n1 -> n11;
n -> n1;
}


Generation: 48
Best Individual:
Subpopulation 0:
Evaluated: true
Fitness: Standardized=0.27285138 Adjusted=0.7856377 Hits=0
Tree 0:
digraph g {
node [shape=rectangle];
n[label = "Equal"];
n0[label = "Equal"];
n00[label = "NearestNeighbor"];
n0 -> n00;
n01[label = "FarthestFirstNode"];
n0 -> n01;
n -> n0;
n1[label = "Equal"];
n10[label = "If_Then_Else"];
n100[label = "FarthestFirstNode"];
n10 -> n100;
n101[label = "Equal"];
n1010[label = "NearestNeighbor"];
n101 -> n1010;
n1011[label = "FarthestFirstNode"];
n101 -> n1011;
n10 -> n101;
n102[label = "CplexTerminal"];
n10 -> n102;
n1 -> n10;
n11[label = "Equal"];
n110[label = "NearestNeighbor"];
n11 -> n110;
n111[label = "FarthestFirstNode"];
n11 -> n111;
n1 -> n11;
n -> n1;
}


Generation: 49
Best Individual:
Subpopulation 0:
Evaluated: true
Fitness: Standardized=0.27285138 Adjusted=0.7856377 Hits=0
Tree 0:
digraph g {
node [shape=rectangle];
n[label = "Equal"];
n0[label = "If_Then_Else"];
n00[label = "NearestNeighbor"];
n0 -> n00;
n01[label = "FarthestInsertion"];
n0 -> n01;
n02[label = "Equal"];
n020[label = "Equal"];
n0200[label = "NearestNeighbor"];
n020 -> n0200;
n0201[label = "FarthestFirstNode"];
n020 -> n0201;
n02 -> n020;
n021[label = "FarthestFirstNode"];
n02 -> n021;
n0 -> n02;
n -> n0;
n1[label = "Equal"];
n10[label = "If_Then_Else"];
n100[label = "FarthestFirstNode"];
n10 -> n100;
n101[label = "Equal"];
n1010[label = "NearestNeighbor"];
n101 -> n1010;
n1011[label = "FarthestFirstNode"];
n101 -> n1011;
n10 -> n101;
n102[label = "CplexTerminal"];
n10 -> n102;
n1 -> n10;
n11[label = "Equal"];
n110[label = "NearestNeighbor"];
n11 -> n110;
n111[label = "FarthestFirstNode"];
n11 -> n111;
n1 -> n11;
n -> n1;
}


Generation: 50
Best Individual:
Subpopulation 0:
Evaluated: true
Fitness: Standardized=0.27285138 Adjusted=0.7856377 Hits=0
Tree 0:
digraph g {
node [shape=rectangle];
n[label = "Equal"];
n0[label = "If_Then_Else"];
n00[label = "NearestNeighbor"];
n0 -> n00;
n01[label = "FarthestInsertion"];
n0 -> n01;
n02[label = "WorstMove"];
n0 -> n02;
n -> n0;
n1[label = "And"];
n10[label = "If_Then_Else"];
n100[label = "FarthestFirstNode"];
n10 -> n100;
n101[label = "Equal"];
n1010[label = "NearestNeighbor"];
n101 -> n1010;
n1011[label = "FarthestFirstNode"];
n101 -> n1011;
n10 -> n101;
n102[label = "CplexTerminal"];
n10 -> n102;
n1 -> n10;
n11[label = "Equal"];
n110[label = "NearestNeighbor"];
n11 -> n110;
n111[label = "FarthestFirstNode"];
n11 -> n111;
n1 -> n11;
n -> n1;
}


Generation: 51
Best Individual:
Subpopulation 0:
Evaluated: true
Fitness: Standardized=0.27285138 Adjusted=0.7856377 Hits=0
Tree 0:
digraph g {
node [shape=rectangle];
n[label = "Equal"];
n0[label = "If_Then_Else"];
n00[label = "NearestNeighbor"];
n0 -> n00;
n01[label = "FarthestInsertion"];
n0 -> n01;
n02[label = "NearestNeighbor"];
n0 -> n02;
n -> n0;
n1[label = "Equal"];
n10[label = "If_Then_Else"];
n100[label = "FarthestFirstNode"];
n10 -> n100;
n101[label = "Equal"];
n1010[label = "NearestNeighbor"];
n101 -> n1010;
n1011[label = "FarthestFirstNode"];
n101 -> n1011;
n10 -> n101;
n102[label = "CplexTerminal"];
n10 -> n102;
n1 -> n10;
n11[label = "Equal"];
n110[label = "NearestNeighbor"];
n11 -> n110;
n111[label = "FarthestFirstNode"];
n11 -> n111;
n1 -> n11;
n -> n1;
}


Generation: 52
Best Individual:
Subpopulation 0:
Evaluated: true
Fitness: Standardized=0.27285138 Adjusted=0.7856377 Hits=0
Tree 0:
digraph g {
node [shape=rectangle];
n[label = "Equal"];
n0[label = "If_Then_Else"];
n00[label = "NearestNeighbor"];
n0 -> n00;
n01[label = "FarthestInsertion"];
n0 -> n01;
n02[label = "Equal"];
n020[label = "Equal"];
n0200[label = "NearestNeighbor"];
n020 -> n0200;
n0201[label = "FarthestFirstNode"];
n020 -> n0201;
n02 -> n020;
n021[label = "FarthestFirstNode"];
n02 -> n021;
n0 -> n02;
n -> n0;
n1[label = "Equal"];
n10[label = "If_Then_Else"];
n100[label = "FarthestFirstNode"];
n10 -> n100;
n101[label = "Equal"];
n1010[label = "NearestNeighbor"];
n101 -> n1010;
n1011[label = "FarthestFirstNode"];
n101 -> n1011;
n10 -> n101;
n102[label = "CplexTerminal"];
n10 -> n102;
n1 -> n10;
n11[label = "If_Then"];
n110[label = "NearestNeighbor"];
n11 -> n110;
n111[label = "FarthestFirstNode"];
n11 -> n111;
n1 -> n11;
n -> n1;
}


Generation: 53
Best Individual:
Subpopulation 0:
Evaluated: true
Fitness: Standardized=0.27285138 Adjusted=0.7856377 Hits=0
Tree 0:
digraph g {
node [shape=rectangle];
n[label = "Equal"];
n0[label = "If_Then_Else"];
n00[label = "NearestNeighbor"];
n0 -> n00;
n01[label = "FarthestInsertion"];
n0 -> n01;
n02[label = "WorstMove"];
n0 -> n02;
n -> n0;
n1[label = "And"];
n10[label = "If_Then_Else"];
n100[label = "FarthestFirstNode"];
n10 -> n100;
n101[label = "Equal"];
n1010[label = "NearestNeighbor"];
n101 -> n1010;
n1011[label = "FarthestFirstNode"];
n101 -> n1011;
n10 -> n101;
n102[label = "FarthestInsertion"];
n10 -> n102;
n1 -> n10;
n11[label = "Equal"];
n110[label = "NearestNeighbor"];
n11 -> n110;
n111[label = "FarthestFirstNode"];
n11 -> n111;
n1 -> n11;
n -> n1;
}


Generation: 54
Best Individual:
Subpopulation 0:
Evaluated: true
Fitness: Standardized=0.27285138 Adjusted=0.7856377 Hits=0
Tree 0:
digraph g {
node [shape=rectangle];
n[label = "Equal"];
n0[label = "If_Then_Else"];
n00[label = "NearestNeighbor"];
n0 -> n00;
n01[label = "FarthestInsertion"];
n0 -> n01;
n02[label = "If_Then"];
n020[label = "If_Then_Else"];
n0200[label = "NearestFirstNode"];
n020 -> n0200;
n0201[label = "FarthestFirstNode"];
n020 -> n0201;
n0202[label = "NearestInsertion"];
n020 -> n0202;
n02 -> n020;
n021[label = "BestMove"];
n02 -> n021;
n0 -> n02;
n -> n0;
n1[label = "Equal"];
n10[label = "If_Then_Else"];
n100[label = "FarthestFirstNode"];
n10 -> n100;
n101[label = "Equal"];
n1010[label = "NearestNeighbor"];
n101 -> n1010;
n1011[label = "FarthestFirstNode"];
n101 -> n1011;
n10 -> n101;
n102[label = "CplexTerminal"];
n10 -> n102;
n1 -> n10;
n11[label = "If_Then"];
n110[label = "NearestNeighbor"];
n11 -> n110;
n111[label = "FarthestFirstNode"];
n11 -> n111;
n1 -> n11;
n -> n1;
}


Generation: 55
Best Individual:
Subpopulation 0:
Evaluated: true
Fitness: Standardized=0.27285138 Adjusted=0.7856377 Hits=0
Tree 0:
digraph g {
node [shape=rectangle];
n[label = "And"];
n0[label = "If_Then_Else"];
n00[label = "NearestNeighbor"];
n0 -> n00;
n01[label = "FarthestInsertion"];
n0 -> n01;
n02[label = "Equal"];
n020[label = "Equal"];
n0200[label = "NearestNeighbor"];
n020 -> n0200;
n0201[label = "FarthestFirstNode"];
n020 -> n0201;
n02 -> n020;
n021[label = "FarthestFirstNode"];
n02 -> n021;
n0 -> n02;
n -> n0;
n1[label = "Equal"];
n10[label = "If_Then_Else"];
n100[label = "FarthestFirstNode"];
n10 -> n100;
n101[label = "Equal"];
n1010[label = "NearestNeighbor"];
n101 -> n1010;
n1011[label = "FarthestFirstNode"];
n101 -> n1011;
n10 -> n101;
n102[label = "CplexTerminal"];
n10 -> n102;
n1 -> n10;
n11[label = "If_Then"];
n110[label = "NearestNeighbor"];
n11 -> n110;
n111[label = "FarthestFirstNode"];
n11 -> n111;
n1 -> n11;
n -> n1;
}


Generation: 56
Best Individual:
Subpopulation 0:
Evaluated: true
Fitness: Standardized=0.27285138 Adjusted=0.7856377 Hits=0
Tree 0:
digraph g {
node [shape=rectangle];
n[label = "Equal"];
n0[label = "If_Then_Else"];
n00[label = "NearestNeighbor"];
n0 -> n00;
n01[label = "FarthestInsertion"];
n0 -> n01;
n02[label = "Equal"];
n020[label = "Equal"];
n0200[label = "NearestNeighbor"];
n020 -> n0200;
n0201[label = "FarthestFirstNode"];
n020 -> n0201;
n02 -> n020;
n021[label = "FarthestFirstNode"];
n02 -> n021;
n0 -> n02;
n -> n0;
n1[label = "Equal"];
n10[label = "If_Then_Else"];
n100[label = "FarthestFirstNode"];
n10 -> n100;
n101[label = "Equal"];
n1010[label = "NearestNeighbor"];
n101 -> n1010;
n1011[label = "FarthestFirstNode"];
n101 -> n1011;
n10 -> n101;
n102[label = "CplexTerminal"];
n10 -> n102;
n1 -> n10;
n11[label = "If_Then"];
n110[label = "NearestNeighbor"];
n11 -> n110;
n111[label = "FarthestFirstNode"];
n11 -> n111;
n1 -> n11;
n -> n1;
}


Generation: 57
Best Individual:
Subpopulation 0:
Evaluated: true
Fitness: Standardized=0.27285138 Adjusted=0.7856377 Hits=0
Tree 0:
digraph g {
node [shape=rectangle];
n[label = "Equal"];
n0[label = "If_Then_Else"];
n00[label = "NearestNeighbor"];
n0 -> n00;
n01[label = "FarthestInsertion"];
n0 -> n01;
n02[label = "Equal"];
n020[label = "Equal"];
n0200[label = "NearestNeighbor"];
n020 -> n0200;
n0201[label = "FarthestFirstNode"];
n020 -> n0201;
n02 -> n020;
n021[label = "FarthestFirstNode"];
n02 -> n021;
n0 -> n02;
n -> n0;
n1[label = "Equal"];
n10[label = "If_Then_Else"];
n100[label = "FarthestFirstNode"];
n10 -> n100;
n101[label = "Equal"];
n1010[label = "NearestNeighbor"];
n101 -> n1010;
n1011[label = "FarthestFirstNode"];
n101 -> n1011;
n10 -> n101;
n102[label = "CplexTerminal"];
n10 -> n102;
n1 -> n10;
n11[label = "Equal"];
n110[label = "NearestNeighbor"];
n11 -> n110;
n111[label = "FarthestFirstNode"];
n11 -> n111;
n1 -> n11;
n -> n1;
}


Generation: 58
Best Individual:
Subpopulation 0:
Evaluated: true
Fitness: Standardized=0.27285138 Adjusted=0.7856377 Hits=0
Tree 0:
digraph g {
node [shape=rectangle];
n[label = "Equal"];
n0[label = "If_Then_Else"];
n00[label = "NearestNeighbor"];
n0 -> n00;
n01[label = "FarthestInsertion"];
n0 -> n01;
n02[label = "Equal"];
n020[label = "Equal"];
n0200[label = "NearestNeighbor"];
n020 -> n0200;
n0201[label = "FarthestFirstNode"];
n020 -> n0201;
n02 -> n020;
n021[label = "FarthestFirstNode"];
n02 -> n021;
n0 -> n02;
n -> n0;
n1[label = "Equal"];
n10[label = "If_Then_Else"];
n100[label = "FarthestFirstNode"];
n10 -> n100;
n101[label = "Equal"];
n1010[label = "NearestNeighbor"];
n101 -> n1010;
n1011[label = "FarthestFirstNode"];
n101 -> n1011;
n10 -> n101;
n102[label = "CplexTerminal"];
n10 -> n102;
n1 -> n10;
n11[label = "If_Then"];
n110[label = "NearestNeighbor"];
n11 -> n110;
n111[label = "FarthestFirstNode"];
n11 -> n111;
n1 -> n11;
n -> n1;
}


Generation: 59
Best Individual:
Subpopulation 0:
Evaluated: true
Fitness: Standardized=0.27285138 Adjusted=0.7856377 Hits=0
Tree 0:
digraph g {
node [shape=rectangle];
n[label = "And"];
n0[label = "If_Then_Else"];
n00[label = "NearestNeighbor"];
n0 -> n00;
n01[label = "FarthestInsertion"];
n0 -> n01;
n02[label = "Equal"];
n020[label = "Equal"];
n0200[label = "NearestNeighbor"];
n020 -> n0200;
n0201[label = "NearestNeighbor"];
n020 -> n0201;
n02 -> n020;
n021[label = "FarthestFirstNode"];
n02 -> n021;
n0 -> n02;
n -> n0;
n1[label = "Equal"];
n10[label = "If_Then_Else"];
n100[label = "FarthestFirstNode"];
n10 -> n100;
n101[label = "Equal"];
n1010[label = "NearestNeighbor"];
n101 -> n1010;
n1011[label = "FarthestFirstNode"];
n101 -> n1011;
n10 -> n101;
n102[label = "CplexTerminal"];
n10 -> n102;
n1 -> n10;
n11[label = "If_Then"];
n110[label = "NearestNeighbor"];
n11 -> n110;
n111[label = "FarthestFirstNode"];
n11 -> n111;
n1 -> n11;
n -> n1;
}


Generation: 60
Best Individual:
Subpopulation 0:
Evaluated: true
Fitness: Standardized=0.27285138 Adjusted=0.7856377 Hits=0
Tree 0:
digraph g {
node [shape=rectangle];
n[label = "Equal"];
n0[label = "If_Then_Else"];
n00[label = "NearestNeighbor"];
n0 -> n00;
n01[label = "FarthestInsertion"];
n0 -> n01;
n02[label = "Equal"];
n020[label = "Equal"];
n0200[label = "NearestNeighbor"];
n020 -> n0200;
n0201[label = "FarthestNeighbor"];
n020 -> n0201;
n02 -> n020;
n021[label = "FarthestFirstNode"];
n02 -> n021;
n0 -> n02;
n -> n0;
n1[label = "Equal"];
n10[label = "If_Then_Else"];
n100[label = "FarthestFirstNode"];
n10 -> n100;
n101[label = "Equal"];
n1010[label = "NearestNeighbor"];
n101 -> n1010;
n1011[label = "FarthestFirstNode"];
n101 -> n1011;
n10 -> n101;
n102[label = "CplexTerminal"];
n10 -> n102;
n1 -> n10;
n11[label = "Equal"];
n110[label = "NearestNeighbor"];
n11 -> n110;
n111[label = "FarthestFirstNode"];
n11 -> n111;
n1 -> n11;
n -> n1;
}


Generation: 61
Best Individual:
Subpopulation 0:
Evaluated: true
Fitness: Standardized=0.27285138 Adjusted=0.7856377 Hits=0
Tree 0:
digraph g {
node [shape=rectangle];
n[label = "Equal"];
n0[label = "If_Then_Else"];
n00[label = "NearestNeighbor"];
n0 -> n00;
n01[label = "FarthestInsertion"];
n0 -> n01;
n02[label = "Equal"];
n020[label = "Equal"];
n0200[label = "NearestNeighbor"];
n020 -> n0200;
n0201[label = "FarthestFirstNode"];
n020 -> n0201;
n02 -> n020;
n021[label = "FarthestFirstNode"];
n02 -> n021;
n0 -> n02;
n -> n0;
n1[label = "Equal"];
n10[label = "If_Then_Else"];
n100[label = "FarthestFirstNode"];
n10 -> n100;
n101[label = "Equal"];
n1010[label = "NearestNeighbor"];
n101 -> n1010;
n1011[label = "FarthestFirstNode"];
n101 -> n1011;
n10 -> n101;
n102[label = "CplexTerminal"];
n10 -> n102;
n1 -> n10;
n11[label = "Equal"];
n110[label = "NearestNeighbor"];
n11 -> n110;
n111[label = "FarthestFirstNode"];
n11 -> n111;
n1 -> n11;
n -> n1;
}


Generation: 62
Best Individual:
Subpopulation 0:
Evaluated: true
Fitness: Standardized=0.2689374 Adjusted=0.78806096 Hits=0
Tree 0:
digraph g {
node [shape=rectangle];
n[label = "And"];
n0[label = "If_Then_Else"];
n00[label = "NearestNeighbor"];
n0 -> n00;
n01[label = "FarthestInsertion"];
n0 -> n01;
n02[label = "Equal"];
n020[label = "Equal"];
n0200[label = "NearestNeighbor"];
n020 -> n0200;
n0201[label = "NearestNeighbor"];
n020 -> n0201;
n02 -> n020;
n021[label = "FarthestFirstNode"];
n02 -> n021;
n0 -> n02;
n -> n0;
n1[label = "Equal"];
n10[label = "If_Then_Else"];
n100[label = "FarthestFirstNode"];
n10 -> n100;
n101[label = "Equal"];
n1010[label = "NearestNeighbor"];
n101 -> n1010;
n1011[label = "FarthestFirstNode"];
n101 -> n1011;
n10 -> n101;
n102[label = "Equal"];
n1020[label = "NearestNeighbor"];
n102 -> n1020;
n1021[label = "FarthestFirstNode"];
n102 -> n1021;
n10 -> n102;
n1 -> n10;
n11[label = "Equal"];
n110[label = "Equal"];
n1100[label = "NearestNeighbor"];
n110 -> n1100;
n1101[label = "NearestNeighbor"];
n110 -> n1101;
n11 -> n110;
n111[label = "FarthestFirstNode"];
n11 -> n111;
n1 -> n11;
n -> n1;
}


Generation: 63
Best Individual:
Subpopulation 0:
Evaluated: true
Fitness: Standardized=0.2689374 Adjusted=0.78806096 Hits=0
Tree 0:
digraph g {
node [shape=rectangle];
n[label = "And"];
n0[label = "If_Then_Else"];
n00[label = "NearestNeighbor"];
n0 -> n00;
n01[label = "FarthestInsertion"];
n0 -> n01;
n02[label = "NearestNeighbor"];
n0 -> n02;
n -> n0;
n1[label = "Equal"];
n10[label = "If_Then_Else"];
n100[label = "FarthestFirstNode"];
n10 -> n100;
n101[label = "Equal"];
n1010[label = "NearestNeighbor"];
n101 -> n1010;
n1011[label = "FarthestFirstNode"];
n101 -> n1011;
n10 -> n101;
n102[label = "Equal"];
n1020[label = "NearestNeighbor"];
n102 -> n1020;
n1021[label = "FarthestFirstNode"];
n102 -> n1021;
n10 -> n102;
n1 -> n10;
n11[label = "Equal"];
n110[label = "Equal"];
n1100[label = "NearestNeighbor"];
n110 -> n1100;
n1101[label = "NearestNeighbor"];
n110 -> n1101;
n11 -> n110;
n111[label = "FarthestFirstNode"];
n11 -> n111;
n1 -> n11;
n -> n1;
}


Generation: 64
Best Individual:
Subpopulation 0:
Evaluated: true
Fitness: Standardized=0.2689374 Adjusted=0.78806096 Hits=0
Tree 0:
digraph g {
node [shape=rectangle];
n[label = "And"];
n0[label = "If_Then_Else"];
n00[label = "NearestNeighbor"];
n0 -> n00;
n01[label = "FarthestInsertion"];
n0 -> n01;
n02[label = "Equal"];
n020[label = "Equal"];
n0200[label = "NearestNeighbor"];
n020 -> n0200;
n0201[label = "NearestNeighbor"];
n020 -> n0201;
n02 -> n020;
n021[label = "FarthestFirstNode"];
n02 -> n021;
n0 -> n02;
n -> n0;
n1[label = "Equal"];
n10[label = "If_Then_Else"];
n100[label = "FarthestFirstNode"];
n10 -> n100;
n101[label = "Equal"];
n1010[label = "NearestNeighbor"];
n101 -> n1010;
n1011[label = "FarthestFirstNode"];
n101 -> n1011;
n10 -> n101;
n102[label = "Equal"];
n1020[label = "NearestNeighbor"];
n102 -> n1020;
n1021[label = "FarthestFirstNode"];
n102 -> n1021;
n10 -> n102;
n1 -> n10;
n11[label = "Equal"];
n110[label = "Equal"];
n1100[label = "NearestNeighbor"];
n110 -> n1100;
n1101[label = "NearestNeighbor"];
n110 -> n1101;
n11 -> n110;
n111[label = "FarthestFirstNode"];
n11 -> n111;
n1 -> n11;
n -> n1;
}


Generation: 65
Best Individual:
Subpopulation 0:
Evaluated: true
Fitness: Standardized=0.2689374 Adjusted=0.78806096 Hits=0
Tree 0:
digraph g {
node [shape=rectangle];
n[label = "And"];
n0[label = "If_Then_Else"];
n00[label = "NearestNeighbor"];
n0 -> n00;
n01[label = "FarthestInsertion"];
n0 -> n01;
n02[label = "If_Then_Else"];
n020[label = "FarthestFirstNode"];
n02 -> n020;
n021[label = "Equal"];
n0210[label = "NearestNeighbor"];
n021 -> n0210;
n0211[label = "FarthestFirstNode"];
n021 -> n0211;
n02 -> n021;
n022[label = "CplexTerminal"];
n02 -> n022;
n0 -> n02;
n -> n0;
n1[label = "Equal"];
n10[label = "If_Then_Else"];
n100[label = "FarthestFirstNode"];
n10 -> n100;
n101[label = "Equal"];
n1010[label = "NearestNeighbor"];
n101 -> n1010;
n1011[label = "FarthestFirstNode"];
n101 -> n1011;
n10 -> n101;
n102[label = "Equal"];
n1020[label = "NearestNeighbor"];
n102 -> n1020;
n1021[label = "FarthestFirstNode"];
n102 -> n1021;
n10 -> n102;
n1 -> n10;
n11[label = "Equal"];
n110[label = "Equal"];
n1100[label = "NearestNeighbor"];
n110 -> n1100;
n1101[label = "NearestNeighbor"];
n110 -> n1101;
n11 -> n110;
n111[label = "FarthestFirstNode"];
n11 -> n111;
n1 -> n11;
n -> n1;
}


Generation: 66
Best Individual:
Subpopulation 0:
Evaluated: true
Fitness: Standardized=0.2689374 Adjusted=0.78806096 Hits=0
Tree 0:
digraph g {
node [shape=rectangle];
n[label = "And"];
n0[label = "If_Then_Else"];
n00[label = "NearestNeighbor"];
n0 -> n00;
n01[label = "FarthestInsertion"];
n0 -> n01;
n02[label = "Equal"];
n020[label = "Equal"];
n0200[label = "NearestNeighbor"];
n020 -> n0200;
n0201[label = "NearestNeighbor"];
n020 -> n0201;
n02 -> n020;
n021[label = "FarthestFirstNode"];
n02 -> n021;
n0 -> n02;
n -> n0;
n1[label = "Equal"];
n10[label = "If_Then_Else"];
n100[label = "FarthestFirstNode"];
n10 -> n100;
n101[label = "Equal"];
n1010[label = "NearestNeighbor"];
n101 -> n1010;
n1011[label = "FarthestFirstNode"];
n101 -> n1011;
n10 -> n101;
n102[label = "Equal"];
n1020[label = "NearestNeighbor"];
n102 -> n1020;
n1021[label = "FarthestFirstNode"];
n102 -> n1021;
n10 -> n102;
n1 -> n10;
n11[label = "Equal"];
n110[label = "Equal"];
n1100[label = "NearestNeighbor"];
n110 -> n1100;
n1101[label = "NearestNeighbor"];
n110 -> n1101;
n11 -> n110;
n111[label = "FarthestFirstNode"];
n11 -> n111;
n1 -> n11;
n -> n1;
}


Generation: 67
Best Individual:
Subpopulation 0:
Evaluated: true
Fitness: Standardized=0.2689374 Adjusted=0.78806096 Hits=0
Tree 0:
digraph g {
node [shape=rectangle];
n[label = "And"];
n0[label = "Equal"];
n00[label = "NearestNeighbor"];
n0 -> n00;
n01[label = "FarthestFirstNode"];
n0 -> n01;
n -> n0;
n1[label = "Equal"];
n10[label = "If_Then_Else"];
n100[label = "FarthestFirstNode"];
n10 -> n100;
n101[label = "Equal"];
n1010[label = "NearestNeighbor"];
n101 -> n1010;
n1011[label = "FarthestFirstNode"];
n101 -> n1011;
n10 -> n101;
n102[label = "Equal"];
n1020[label = "NearestNeighbor"];
n102 -> n1020;
n1021[label = "FarthestFirstNode"];
n102 -> n1021;
n10 -> n102;
n1 -> n10;
n11[label = "Equal"];
n110[label = "Equal"];
n1100[label = "NearestNeighbor"];
n110 -> n1100;
n1101[label = "NearestNeighbor"];
n110 -> n1101;
n11 -> n110;
n111[label = "FarthestFirstNode"];
n11 -> n111;
n1 -> n11;
n -> n1;
}


Generation: 68
Best Individual:
Subpopulation 0:
Evaluated: true
Fitness: Standardized=0.2689374 Adjusted=0.78806096 Hits=0
Tree 0:
digraph g {
node [shape=rectangle];
n[label = "And"];
n0[label = "If_Then_Else"];
n00[label = "NearestNeighbor"];
n0 -> n00;
n01[label = "FarthestInsertion"];
n0 -> n01;
n02[label = "Equal"];
n020[label = "Equal"];
n0200[label = "NearestNeighbor"];
n020 -> n0200;
n0201[label = "NearestNeighbor"];
n020 -> n0201;
n02 -> n020;
n021[label = "FarthestFirstNode"];
n02 -> n021;
n0 -> n02;
n -> n0;
n1[label = "Equal"];
n10[label = "If_Then_Else"];
n100[label = "FarthestFirstNode"];
n10 -> n100;
n101[label = "Equal"];
n1010[label = "NearestNeighbor"];
n101 -> n1010;
n1011[label = "FarthestFirstNode"];
n101 -> n1011;
n10 -> n101;
n102[label = "Equal"];
n1020[label = "NearestNeighbor"];
n102 -> n1020;
n1021[label = "BestMove"];
n102 -> n1021;
n10 -> n102;
n1 -> n10;
n11[label = "Equal"];
n110[label = "Equal"];
n1100[label = "NearestNeighbor"];
n110 -> n1100;
n1101[label = "NearestNeighbor"];
n110 -> n1101;
n11 -> n110;
n111[label = "FarthestFirstNode"];
n11 -> n111;
n1 -> n11;
n -> n1;
}


Generation: 69
Best Individual:
Subpopulation 0:
Evaluated: true
Fitness: Standardized=0.2689374 Adjusted=0.78806096 Hits=0
Tree 0:
digraph g {
node [shape=rectangle];
n[label = "And"];
n0[label = "If_Then_Else"];
n00[label = "NearestNeighbor"];
n0 -> n00;
n01[label = "FarthestInsertion"];
n0 -> n01;
n02[label = "Equal"];
n020[label = "Equal"];
n0200[label = "NearestNeighbor"];
n020 -> n0200;
n0201[label = "FarthestFirstNode"];
n020 -> n0201;
n02 -> n020;
n021[label = "FarthestFirstNode"];
n02 -> n021;
n0 -> n02;
n -> n0;
n1[label = "Equal"];
n10[label = "If_Then_Else"];
n100[label = "FarthestFirstNode"];
n10 -> n100;
n101[label = "Equal"];
n1010[label = "NearestNeighbor"];
n101 -> n1010;
n1011[label = "FarthestFirstNode"];
n101 -> n1011;
n10 -> n101;
n102[label = "Equal"];
n1020[label = "NearestNeighbor"];
n102 -> n1020;
n1021[label = "FarthestFirstNode"];
n102 -> n1021;
n10 -> n102;
n1 -> n10;
n11[label = "Equal"];
n110[label = "Equal"];
n1100[label = "NearestNeighbor"];
n110 -> n1100;
n1101[label = "NearestNeighbor"];
n110 -> n1101;
n11 -> n110;
n111[label = "FarthestFirstNode"];
n11 -> n111;
n1 -> n11;
n -> n1;
}


Generation: 70
Best Individual:
Subpopulation 0:
Evaluated: true
Fitness: Standardized=0.2689374 Adjusted=0.78806096 Hits=0
Tree 0:
digraph g {
node [shape=rectangle];
n[label = "And"];
n0[label = "If_Then_Else"];
n00[label = "NearestNeighbor"];
n0 -> n00;
n01[label = "FarthestInsertion"];
n0 -> n01;
n02[label = "Equal"];
n020[label = "Equal"];
n0200[label = "NearestNeighbor"];
n020 -> n0200;
n0201[label = "FarthestFirstNode"];
n020 -> n0201;
n02 -> n020;
n021[label = "FarthestFirstNode"];
n02 -> n021;
n0 -> n02;
n -> n0;
n1[label = "Equal"];
n10[label = "If_Then_Else"];
n100[label = "FarthestFirstNode"];
n10 -> n100;
n101[label = "Equal"];
n1010[label = "NearestNeighbor"];
n101 -> n1010;
n1011[label = "FarthestFirstNode"];
n101 -> n1011;
n10 -> n101;
n102[label = "Equal"];
n1020[label = "NearestNeighbor"];
n102 -> n1020;
n1021[label = "WorstMove"];
n102 -> n1021;
n10 -> n102;
n1 -> n10;
n11[label = "If_Then"];
n110[label = "Equal"];
n1100[label = "NearestNeighbor"];
n110 -> n1100;
n1101[label = "NearestNeighbor"];
n110 -> n1101;
n11 -> n110;
n111[label = "FarthestFirstNode"];
n11 -> n111;
n1 -> n11;
n -> n1;
}


Generation: 71
Best Individual:
Subpopulation 0:
Evaluated: true
Fitness: Standardized=0.2689374 Adjusted=0.78806096 Hits=0
Tree 0:
digraph g {
node [shape=rectangle];
n[label = "And"];
n0[label = "If_Then_Else"];
n00[label = "NearestNeighbor"];
n0 -> n00;
n01[label = "FarthestInsertion"];
n0 -> n01;
n02[label = "Equal"];
n020[label = "Equal"];
n0200[label = "NearestNeighbor"];
n020 -> n0200;
n0201[label = "FarthestFirstNode"];
n020 -> n0201;
n02 -> n020;
n021[label = "FarthestFirstNode"];
n02 -> n021;
n0 -> n02;
n -> n0;
n1[label = "Equal"];
n10[label = "If_Then_Else"];
n100[label = "FarthestFirstNode"];
n10 -> n100;
n101[label = "Equal"];
n1010[label = "NearestNeighbor"];
n101 -> n1010;
n1011[label = "FarthestFirstNode"];
n101 -> n1011;
n10 -> n101;
n102[label = "Equal"];
n1020[label = "NearestNeighbor"];
n102 -> n1020;
n1021[label = "WorstMove"];
n102 -> n1021;
n10 -> n102;
n1 -> n10;
n11[label = "If_Then"];
n110[label = "Equal"];
n1100[label = "NearestNeighbor"];
n110 -> n1100;
n1101[label = "NearestNeighbor"];
n110 -> n1101;
n11 -> n110;
n111[label = "FarthestFirstNode"];
n11 -> n111;
n1 -> n11;
n -> n1;
}


Generation: 72
Best Individual:
Subpopulation 0:
Evaluated: true
Fitness: Standardized=0.2689374 Adjusted=0.78806096 Hits=0
Tree 0:
digraph g {
node [shape=rectangle];
n[label = "And"];
n0[label = "If_Then_Else"];
n00[label = "NearestNeighbor"];
n0 -> n00;
n01[label = "FarthestInsertion"];
n0 -> n01;
n02[label = "Equal"];
n020[label = "Equal"];
n0200[label = "NearestNeighbor"];
n020 -> n0200;
n0201[label = "FarthestFirstNode"];
n020 -> n0201;
n02 -> n020;
n021[label = "FarthestFirstNode"];
n02 -> n021;
n0 -> n02;
n -> n0;
n1[label = "Equal"];
n10[label = "If_Then_Else"];
n100[label = "FarthestFirstNode"];
n10 -> n100;
n101[label = "Equal"];
n1010[label = "NearestNeighbor"];
n101 -> n1010;
n1011[label = "FarthestFirstNode"];
n101 -> n1011;
n10 -> n101;
n102[label = "Equal"];
n1020[label = "NearestNeighbor"];
n102 -> n1020;
n1021[label = "WorstMove"];
n102 -> n1021;
n10 -> n102;
n1 -> n10;
n11[label = "If_Then"];
n110[label = "Equal"];
n1100[label = "NearestNeighbor"];
n110 -> n1100;
n1101[label = "NearestNeighbor"];
n110 -> n1101;
n11 -> n110;
n111[label = "FarthestFirstNode"];
n11 -> n111;
n1 -> n11;
n -> n1;
}


Generation: 73
Best Individual:
Subpopulation 0:
Evaluated: true
Fitness: Standardized=0.26892275 Adjusted=0.78807 Hits=0
Tree 0:
digraph g {
node [shape=rectangle];
n[label = "And"];
n0[label = "If_Then_Else"];
n00[label = "NearestNeighbor"];
n0 -> n00;
n01[label = "FarthestInsertion"];
n0 -> n01;
n02[label = "Equal"];
n020[label = "Equal"];
n0200[label = "NearestNeighbor"];
n020 -> n0200;
n0201[label = "FarthestFirstNode"];
n020 -> n0201;
n02 -> n020;
n021[label = "FarthestFirstNode"];
n02 -> n021;
n0 -> n02;
n -> n0;
n1[label = "Equal"];
n10[label = "If_Then_Else"];
n100[label = "FarthestFirstNode"];
n10 -> n100;
n101[label = "Equal"];
n1010[label = "NearestNeighbor"];
n101 -> n1010;
n1011[label = "FarthestFirstNode"];
n101 -> n1011;
n10 -> n101;
n102[label = "Equal"];
n1020[label = "NearestNeighbor"];
n102 -> n1020;
n1021[label = "WorstMove"];
n102 -> n1021;
n10 -> n102;
n1 -> n10;
n11[label = "If_Then"];
n110[label = "Equal"];
n1100[label = "NearestFirstNode"];
n110 -> n1100;
n1101[label = "NearestNeighbor"];
n110 -> n1101;
n11 -> n110;
n111[label = "FarthestFirstNode"];
n11 -> n111;
n1 -> n11;
n -> n1;
}


Generation: 74
Best Individual:
Subpopulation 0:
Evaluated: true
Fitness: Standardized=0.26892275 Adjusted=0.78807 Hits=0
Tree 0:
digraph g {
node [shape=rectangle];
n[label = "And"];
n0[label = "If_Then_Else"];
n00[label = "NearestNeighbor"];
n0 -> n00;
n01[label = "FarthestInsertion"];
n0 -> n01;
n02[label = "Equal"];
n020[label = "Equal"];
n0200[label = "NearestNeighbor"];
n020 -> n0200;
n0201[label = "FarthestFirstNode"];
n020 -> n0201;
n02 -> n020;
n021[label = "FarthestFirstNode"];
n02 -> n021;
n0 -> n02;
n -> n0;
n1[label = "Equal"];
n10[label = "If_Then_Else"];
n100[label = "FarthestFirstNode"];
n10 -> n100;
n101[label = "Equal"];
n1010[label = "NearestNeighbor"];
n101 -> n1010;
n1011[label = "FarthestFirstNode"];
n101 -> n1011;
n10 -> n101;
n102[label = "Equal"];
n1020[label = "NearestNeighbor"];
n102 -> n1020;
n1021[label = "WorstMove"];
n102 -> n1021;
n10 -> n102;
n1 -> n10;
n11[label = "If_Then"];
n110[label = "Equal"];
n1100[label = "NearestFirstNode"];
n110 -> n1100;
n1101[label = "NearestNeighbor"];
n110 -> n1101;
n11 -> n110;
n111[label = "FarthestFirstNode"];
n11 -> n111;
n1 -> n11;
n -> n1;
}


Generation: 75
Best Individual:
Subpopulation 0:
Evaluated: true
Fitness: Standardized=0.26892275 Adjusted=0.78807 Hits=0
Tree 0:
digraph g {
node [shape=rectangle];
n[label = "And"];
n0[label = "If_Then_Else"];
n00[label = "NearestNeighbor"];
n0 -> n00;
n01[label = "FarthestInsertion"];
n0 -> n01;
n02[label = "Equal"];
n020[label = "Equal"];
n0200[label = "NearestNeighbor"];
n020 -> n0200;
n0201[label = "FarthestFirstNode"];
n020 -> n0201;
n02 -> n020;
n021[label = "FarthestFirstNode"];
n02 -> n021;
n0 -> n02;
n -> n0;
n1[label = "Equal"];
n10[label = "If_Then_Else"];
n100[label = "FarthestFirstNode"];
n10 -> n100;
n101[label = "Equal"];
n1010[label = "NearestNeighbor"];
n101 -> n1010;
n1011[label = "FarthestFirstNode"];
n101 -> n1011;
n10 -> n101;
n102[label = "Equal"];
n1020[label = "NearestNeighbor"];
n102 -> n1020;
n1021[label = "WorstMove"];
n102 -> n1021;
n10 -> n102;
n1 -> n10;
n11[label = "If_Then"];
n110[label = "Equal"];
n1100[label = "NearestFirstNode"];
n110 -> n1100;
n1101[label = "NearestNeighbor"];
n110 -> n1101;
n11 -> n110;
n111[label = "FarthestFirstNode"];
n11 -> n111;
n1 -> n11;
n -> n1;
}


Generation: 76
Best Individual:
Subpopulation 0:
Evaluated: true
Fitness: Standardized=0.26892275 Adjusted=0.78807 Hits=0
Tree 0:
digraph g {
node [shape=rectangle];
n[label = "And"];
n0[label = "If_Then_Else"];
n00[label = "NearestNeighbor"];
n0 -> n00;
n01[label = "FarthestInsertion"];
n0 -> n01;
n02[label = "Equal"];
n020[label = "Equal"];
n0200[label = "NearestNeighbor"];
n020 -> n0200;
n0201[label = "FarthestFirstNode"];
n020 -> n0201;
n02 -> n020;
n021[label = "FarthestFirstNode"];
n02 -> n021;
n0 -> n02;
n -> n0;
n1[label = "Equal"];
n10[label = "If_Then_Else"];
n100[label = "FarthestFirstNode"];
n10 -> n100;
n101[label = "Equal"];
n1010[label = "NearestNeighbor"];
n101 -> n1010;
n1011[label = "FarthestFirstNode"];
n101 -> n1011;
n10 -> n101;
n102[label = "Equal"];
n1020[label = "NearestNeighbor"];
n102 -> n1020;
n1021[label = "WorstMove"];
n102 -> n1021;
n10 -> n102;
n1 -> n10;
n11[label = "If_Then"];
n110[label = "If_Then"];
n1100[label = "NearestFirstNode"];
n110 -> n1100;
n1101[label = "NearestNeighbor"];
n110 -> n1101;
n11 -> n110;
n111[label = "FarthestFirstNode"];
n11 -> n111;
n1 -> n11;
n -> n1;
}


Generation: 77
Best Individual:
Subpopulation 0:
Evaluated: true
Fitness: Standardized=0.26892275 Adjusted=0.78807 Hits=0
Tree 0:
digraph g {
node [shape=rectangle];
n[label = "And"];
n0[label = "If_Then_Else"];
n00[label = "NearestNeighbor"];
n0 -> n00;
n01[label = "FarthestInsertion"];
n0 -> n01;
n02[label = "FarthestFirstNode"];
n0 -> n02;
n -> n0;
n1[label = "Equal"];
n10[label = "If_Then_Else"];
n100[label = "FarthestFirstNode"];
n10 -> n100;
n101[label = "Equal"];
n1010[label = "NearestNeighbor"];
n101 -> n1010;
n1011[label = "FarthestFirstNode"];
n101 -> n1011;
n10 -> n101;
n102[label = "Equal"];
n1020[label = "NearestFirstNode"];
n102 -> n1020;
n1021[label = "FarthestFirstNode"];
n102 -> n1021;
n10 -> n102;
n1 -> n10;
n11[label = "If_Then"];
n110[label = "Equal"];
n1100[label = "NearestFirstNode"];
n110 -> n1100;
n1101[label = "NearestNeighbor"];
n110 -> n1101;
n11 -> n110;
n111[label = "FarthestFirstNode"];
n11 -> n111;
n1 -> n11;
n -> n1;
}


Generation: 78
Best Individual:
Subpopulation 0:
Evaluated: true
Fitness: Standardized=0.26892275 Adjusted=0.78807 Hits=0
Tree 0:
digraph g {
node [shape=rectangle];
n[label = "And"];
n0[label = "If_Then_Else"];
n00[label = "NearestNeighbor"];
n0 -> n00;
n01[label = "FarthestInsertion"];
n0 -> n01;
n02[label = "FarthestFirstNode"];
n0 -> n02;
n -> n0;
n1[label = "Equal"];
n10[label = "If_Then_Else"];
n100[label = "FarthestFirstNode"];
n10 -> n100;
n101[label = "Equal"];
n1010[label = "NearestNeighbor"];
n101 -> n1010;
n1011[label = "FarthestFirstNode"];
n101 -> n1011;
n10 -> n101;
n102[label = "Equal"];
n1020[label = "NearestFirstNode"];
n102 -> n1020;
n1021[label = "FarthestFirstNode"];
n102 -> n1021;
n10 -> n102;
n1 -> n10;
n11[label = "If_Then"];
n110[label = "Equal"];
n1100[label = "NearestFirstNode"];
n110 -> n1100;
n1101[label = "NearestNeighbor"];
n110 -> n1101;
n11 -> n110;
n111[label = "FarthestFirstNode"];
n11 -> n111;
n1 -> n11;
n -> n1;
}


Generation: 79
Best Individual:
Subpopulation 0:
Evaluated: true
Fitness: Standardized=0.26360834 Adjusted=0.79138446 Hits=0
Tree 0:
digraph g {
node [shape=rectangle];
n[label = "And"];
n0[label = "If_Then_Else"];
n00[label = "NearestNeighbor"];
n0 -> n00;
n01[label = "FarthestInsertion"];
n0 -> n01;
n02[label = "FarthestFirstNode"];
n0 -> n02;
n -> n0;
n1[label = "Equal"];
n10[label = "If_Then_Else"];
n100[label = "Equal"];
n1000[label = "NearestNeighbor"];
n100 -> n1000;
n1001[label = "FarthestFirstNode"];
n100 -> n1001;
n10 -> n100;
n101[label = "Equal"];
n1010[label = "NearestNeighbor"];
n101 -> n1010;
n1011[label = "FarthestFirstNode"];
n101 -> n1011;
n10 -> n101;
n102[label = "Equal"];
n1020[label = "NearestFirstNode"];
n102 -> n1020;
n1021[label = "FarthestFirstNode"];
n102 -> n1021;
n10 -> n102;
n1 -> n10;
n11[label = "If_Then"];
n110[label = "Equal"];
n1100[label = "NearestFirstNode"];
n110 -> n1100;
n1101[label = "NearestNeighbor"];
n110 -> n1101;
n11 -> n110;
n111[label = "FarthestFirstNode"];
n11 -> n111;
n1 -> n11;
n -> n1;
}


Generation: 80
Best Individual:
Subpopulation 0:
Evaluated: true
Fitness: Standardized=0.26360834 Adjusted=0.79138446 Hits=0
Tree 0:
digraph g {
node [shape=rectangle];
n[label = "And"];
n0[label = "If_Then_Else"];
n00[label = "NearestNeighbor"];
n0 -> n00;
n01[label = "FarthestInsertion"];
n0 -> n01;
n02[label = "FarthestFirstNode"];
n0 -> n02;
n -> n0;
n1[label = "Equal"];
n10[label = "If_Then_Else"];
n100[label = "Equal"];
n1000[label = "NearestNeighbor"];
n100 -> n1000;
n1001[label = "FarthestFirstNode"];
n100 -> n1001;
n10 -> n100;
n101[label = "Equal"];
n1010[label = "NearestNeighbor"];
n101 -> n1010;
n1011[label = "FarthestFirstNode"];
n101 -> n1011;
n10 -> n101;
n102[label = "Equal"];
n1020[label = "NearestFirstNode"];
n102 -> n1020;
n1021[label = "FarthestFirstNode"];
n102 -> n1021;
n10 -> n102;
n1 -> n10;
n11[label = "If_Then"];
n110[label = "Equal"];
n1100[label = "NearestFirstNode"];
n110 -> n1100;
n1101[label = "NearestNeighbor"];
n110 -> n1101;
n11 -> n110;
n111[label = "FarthestFirstNode"];
n11 -> n111;
n1 -> n11;
n -> n1;
}


Generation: 81
Best Individual:
Subpopulation 0:
Evaluated: true
Fitness: Standardized=0.26360834 Adjusted=0.79138446 Hits=0
Tree 0:
digraph g {
node [shape=rectangle];
n[label = "And"];
n0[label = "Equal"];
n00[label = "NearestNeighbor"];
n0 -> n00;
n01[label = "FarthestFirstNode"];
n0 -> n01;
n -> n0;
n1[label = "Equal"];
n10[label = "If_Then_Else"];
n100[label = "Equal"];
n1000[label = "NearestNeighbor"];
n100 -> n1000;
n1001[label = "FarthestFirstNode"];
n100 -> n1001;
n10 -> n100;
n101[label = "Equal"];
n1010[label = "NearestNeighbor"];
n101 -> n1010;
n1011[label = "FarthestFirstNode"];
n101 -> n1011;
n10 -> n101;
n102[label = "Equal"];
n1020[label = "NearestFirstNode"];
n102 -> n1020;
n1021[label = "FarthestFirstNode"];
n102 -> n1021;
n10 -> n102;
n1 -> n10;
n11[label = "If_Then"];
n110[label = "Equal"];
n1100[label = "NearestFirstNode"];
n110 -> n1100;
n1101[label = "NearestNeighbor"];
n110 -> n1101;
n11 -> n110;
n111[label = "FarthestFirstNode"];
n11 -> n111;
n1 -> n11;
n -> n1;
}


Generation: 82
Best Individual:
Subpopulation 0:
Evaluated: true
Fitness: Standardized=0.26360834 Adjusted=0.79138446 Hits=0
Tree 0:
digraph g {
node [shape=rectangle];
n[label = "And"];
n0[label = "If_Then_Else"];
n00[label = "NearestNeighbor"];
n0 -> n00;
n01[label = "FarthestInsertion"];
n0 -> n01;
n02[label = "FarthestFirstNode"];
n0 -> n02;
n -> n0;
n1[label = "Equal"];
n10[label = "If_Then_Else"];
n100[label = "Equal"];
n1000[label = "NearestNeighbor"];
n100 -> n1000;
n1001[label = "FarthestFirstNode"];
n100 -> n1001;
n10 -> n100;
n101[label = "Equal"];
n1010[label = "NearestNeighbor"];
n101 -> n1010;
n1011[label = "FarthestFirstNode"];
n101 -> n1011;
n10 -> n101;
n102[label = "Equal"];
n1020[label = "NearestFirstNode"];
n102 -> n1020;
n1021[label = "FarthestFirstNode"];
n102 -> n1021;
n10 -> n102;
n1 -> n10;
n11[label = "If_Then"];
n110[label = "Equal"];
n1100[label = "NearestFirstNode"];
n110 -> n1100;
n1101[label = "NearestNeighbor"];
n110 -> n1101;
n11 -> n110;
n111[label = "FarthestFirstNode"];
n11 -> n111;
n1 -> n11;
n -> n1;
}


Generation: 83
Best Individual:
Subpopulation 0:
Evaluated: true
Fitness: Standardized=0.26360834 Adjusted=0.79138446 Hits=0
Tree 0:
digraph g {
node [shape=rectangle];
n[label = "And"];
n0[label = "If_Then_Else"];
n00[label = "NearestNeighbor"];
n0 -> n00;
n01[label = "FarthestInsertion"];
n0 -> n01;
n02[label = "Equal"];
n020[label = "NearestNeighbor"];
n02 -> n020;
n021[label = "FarthestFirstNode"];
n02 -> n021;
n0 -> n02;
n -> n0;
n1[label = "Equal"];
n10[label = "If_Then_Else"];
n100[label = "Equal"];
n1000[label = "NearestNeighbor"];
n100 -> n1000;
n1001[label = "FarthestFirstNode"];
n100 -> n1001;
n10 -> n100;
n101[label = "Equal"];
n1010[label = "NearestNeighbor"];
n101 -> n1010;
n1011[label = "FarthestFirstNode"];
n101 -> n1011;
n10 -> n101;
n102[label = "Equal"];
n1020[label = "NearestFirstNode"];
n102 -> n1020;
n1021[label = "FarthestFirstNode"];
n102 -> n1021;
n10 -> n102;
n1 -> n10;
n11[label = "If_Then"];
n110[label = "Equal"];
n1100[label = "NearestFirstNode"];
n110 -> n1100;
n1101[label = "NearestNeighbor"];
n110 -> n1101;
n11 -> n110;
n111[label = "FarthestFirstNode"];
n11 -> n111;
n1 -> n11;
n -> n1;
}


Generation: 84
Best Individual:
Subpopulation 0:
Evaluated: true
Fitness: Standardized=0.2634683 Adjusted=0.7914722 Hits=0
Tree 0:
digraph g {
node [shape=rectangle];
n[label = "And"];
n0[label = "If_Then_Else"];
n00[label = "NearestNeighbor"];
n0 -> n00;
n01[label = "FarthestInsertion"];
n0 -> n01;
n02[label = "FarthestFirstNode"];
n0 -> n02;
n -> n0;
n1[label = "Equal"];
n10[label = "If_Then_Else"];
n100[label = "Equal"];
n1000[label = "NearestNeighbor"];
n100 -> n1000;
n1001[label = "FarthestFirstNode"];
n100 -> n1001;
n10 -> n100;
n101[label = "Equal"];
n1010[label = "NearestNeighbor"];
n101 -> n1010;
n1011[label = "FarthestFirstNode"];
n101 -> n1011;
n10 -> n101;
n102[label = "Equal"];
n1020[label = "NearestFirstNode"];
n102 -> n1020;
n1021[label = "FarthestFirstNode"];
n102 -> n1021;
n10 -> n102;
n1 -> n10;
n11[label = "If_Then"];
n110[label = "Equal"];
n1100[label = "NearestFirstNode"];
n110 -> n1100;
n1101[label = "NearestInsertion"];
n110 -> n1101;
n11 -> n110;
n111[label = "FarthestFirstNode"];
n11 -> n111;
n1 -> n11;
n -> n1;
}


Generation: 85
Best Individual:
Subpopulation 0:
Evaluated: true
Fitness: Standardized=0.25224245 Adjusted=0.7985674 Hits=0
Tree 0:
digraph g {
node [shape=rectangle];
n[label = "And"];
n0[label = "If_Then_Else"];
n00[label = "NearestNeighbor"];
n0 -> n00;
n01[label = "FarthestInsertion"];
n0 -> n01;
n02[label = "FarthestFirstNode"];
n0 -> n02;
n -> n0;
n1[label = "Equal"];
n10[label = "If_Then_Else"];
n100[label = "Equal"];
n1000[label = "NearestNeighbor"];
n100 -> n1000;
n1001[label = "FarthestFirstNode"];
n100 -> n1001;
n10 -> n100;
n101[label = "Equal"];
n1010[label = "NearestNeighbor"];
n101 -> n1010;
n1011[label = "FarthestFirstNode"];
n101 -> n1011;
n10 -> n101;
n102[label = "Equal"];
n1020[label = "NearestFirstNode"];
n102 -> n1020;
n1021[label = "FarthestFirstNode"];
n102 -> n1021;
n10 -> n102;
n1 -> n10;
n11[label = "If_Then"];
n110[label = "Equal"];
n1100[label = "NearestFirstNode"];
n110 -> n1100;
n1101[label = "NearestInsertion"];
n110 -> n1101;
n11 -> n110;
n111[label = "Equal"];
n1110[label = "NearestFirstNode"];
n111 -> n1110;
n1111[label = "FarthestFirstNode"];
n111 -> n1111;
n11 -> n111;
n1 -> n11;
n -> n1;
}


Generation: 86
Best Individual:
Subpopulation 0:
Evaluated: true
Fitness: Standardized=0.25187033 Adjusted=0.79880476 Hits=0
Tree 0:
digraph g {
node [shape=rectangle];
n[label = "And"];
n0[label = "If_Then_Else"];
n00[label = "NearestNeighbor"];
n0 -> n00;
n01[label = "FarthestInsertion"];
n0 -> n01;
n02[label = "FarthestFirstNode"];
n0 -> n02;
n -> n0;
n1[label = "Equal"];
n10[label = "If_Then_Else"];
n100[label = "Equal"];
n1000[label = "NearestNeighbor"];
n100 -> n1000;
n1001[label = "FarthestFirstNode"];
n100 -> n1001;
n10 -> n100;
n101[label = "Equal"];
n1010[label = "NearestNeighbor"];
n101 -> n1010;
n1011[label = "FarthestFirstNode"];
n101 -> n1011;
n10 -> n101;
n102[label = "Equal"];
n1020[label = "NearestFirstNode"];
n102 -> n1020;
n1021[label = "NearestNeighbor"];
n102 -> n1021;
n10 -> n102;
n1 -> n10;
n11[label = "If_Then"];
n110[label = "Equal"];
n1100[label = "NearestFirstNode"];
n110 -> n1100;
n1101[label = "NearestNeighbor"];
n110 -> n1101;
n11 -> n110;
n111[label = "Equal"];
n1110[label = "NearestNeighbor"];
n111 -> n1110;
n1111[label = "FarthestFirstNode"];
n111 -> n1111;
n11 -> n111;
n1 -> n11;
n -> n1;
}


Generation: 87
Best Individual:
Subpopulation 0:
Evaluated: true
Fitness: Standardized=0.25187033 Adjusted=0.79880476 Hits=0
Tree 0:
digraph g {
node [shape=rectangle];
n[label = "And"];
n0[label = "If_Then_Else"];
n00[label = "NearestNeighbor"];
n0 -> n00;
n01[label = "FarthestInsertion"];
n0 -> n01;
n02[label = "FarthestFirstNode"];
n0 -> n02;
n -> n0;
n1[label = "Equal"];
n10[label = "If_Then_Else"];
n100[label = "Equal"];
n1000[label = "NearestNeighbor"];
n100 -> n1000;
n1001[label = "FarthestFirstNode"];
n100 -> n1001;
n10 -> n100;
n101[label = "Equal"];
n1010[label = "NearestNeighbor"];
n101 -> n1010;
n1011[label = "FarthestFirstNode"];
n101 -> n1011;
n10 -> n101;
n102[label = "Equal"];
n1020[label = "NearestFirstNode"];
n102 -> n1020;
n1021[label = "NearestNeighbor"];
n102 -> n1021;
n10 -> n102;
n1 -> n10;
n11[label = "If_Then"];
n110[label = "Equal"];
n1100[label = "NearestFirstNode"];
n110 -> n1100;
n1101[label = "NearestNeighbor"];
n110 -> n1101;
n11 -> n110;
n111[label = "Equal"];
n1110[label = "NearestNeighbor"];
n111 -> n1110;
n1111[label = "FarthestFirstNode"];
n111 -> n1111;
n11 -> n111;
n1 -> n11;
n -> n1;
}


Generation: 88
Best Individual:
Subpopulation 0:
Evaluated: true
Fitness: Standardized=0.25187033 Adjusted=0.79880476 Hits=0
Tree 0:
digraph g {
node [shape=rectangle];
n[label = "And"];
n0[label = "If_Then_Else"];
n00[label = "NearestNeighbor"];
n0 -> n00;
n01[label = "FarthestInsertion"];
n0 -> n01;
n02[label = "FarthestFirstNode"];
n0 -> n02;
n -> n0;
n1[label = "Equal"];
n10[label = "If_Then_Else"];
n100[label = "Equal"];
n1000[label = "NearestNeighbor"];
n100 -> n1000;
n1001[label = "FarthestFirstNode"];
n100 -> n1001;
n10 -> n100;
n101[label = "Equal"];
n1010[label = "NearestNeighbor"];
n101 -> n1010;
n1011[label = "FarthestFirstNode"];
n101 -> n1011;
n10 -> n101;
n102[label = "Equal"];
n1020[label = "NearestFirstNode"];
n102 -> n1020;
n1021[label = "NearestNeighbor"];
n102 -> n1021;
n10 -> n102;
n1 -> n10;
n11[label = "If_Then"];
n110[label = "Equal"];
n1100[label = "NearestFirstNode"];
n110 -> n1100;
n1101[label = "NearestNeighbor"];
n110 -> n1101;
n11 -> n110;
n111[label = "Equal"];
n1110[label = "NearestNeighbor"];
n111 -> n1110;
n1111[label = "FarthestFirstNode"];
n111 -> n1111;
n11 -> n111;
n1 -> n11;
n -> n1;
}


Generation: 89
Best Individual:
Subpopulation 0:
Evaluated: true
Fitness: Standardized=0.25187033 Adjusted=0.79880476 Hits=0
Tree 0:
digraph g {
node [shape=rectangle];
n[label = "And"];
n0[label = "If_Then_Else"];
n00[label = "NearestNeighbor"];
n0 -> n00;
n01[label = "FarthestInsertion"];
n0 -> n01;
n02[label = "FarthestFirstNode"];
n0 -> n02;
n -> n0;
n1[label = "Equal"];
n10[label = "If_Then_Else"];
n100[label = "Equal"];
n1000[label = "NearestNeighbor"];
n100 -> n1000;
n1001[label = "FarthestFirstNode"];
n100 -> n1001;
n10 -> n100;
n101[label = "Equal"];
n1010[label = "NearestNeighbor"];
n101 -> n1010;
n1011[label = "FarthestFirstNode"];
n101 -> n1011;
n10 -> n101;
n102[label = "Equal"];
n1020[label = "NearestFirstNode"];
n102 -> n1020;
n1021[label = "NearestNeighbor"];
n102 -> n1021;
n10 -> n102;
n1 -> n10;
n11[label = "If_Then"];
n110[label = "Equal"];
n1100[label = "NearestFirstNode"];
n110 -> n1100;
n1101[label = "NearestNeighbor"];
n110 -> n1101;
n11 -> n110;
n111[label = "Equal"];
n1110[label = "NearestNeighbor"];
n111 -> n1110;
n1111[label = "FarthestFirstNode"];
n111 -> n1111;
n11 -> n111;
n1 -> n11;
n -> n1;
}


Generation: 90
Best Individual:
Subpopulation 0:
Evaluated: true
Fitness: Standardized=0.24868564 Adjusted=0.8008421 Hits=0
Tree 0:
digraph g {
node [shape=rectangle];
n[label = "And"];
n0[label = "If_Then"];
n00[label = "Equal"];
n000[label = "NearestFirstNode"];
n00 -> n000;
n001[label = "NearestNeighbor"];
n00 -> n001;
n0 -> n00;
n01[label = "Equal"];
n010[label = "NearestNeighbor"];
n01 -> n010;
n011[label = "FarthestFirstNode"];
n01 -> n011;
n0 -> n01;
n -> n0;
n1[label = "Equal"];
n10[label = "If_Then_Else"];
n100[label = "Equal"];
n1000[label = "NearestNeighbor"];
n100 -> n1000;
n1001[label = "FarthestFirstNode"];
n100 -> n1001;
n10 -> n100;
n101[label = "Equal"];
n1010[label = "NearestNeighbor"];
n101 -> n1010;
n1011[label = "FarthestFirstNode"];
n101 -> n1011;
n10 -> n101;
n102[label = "Equal"];
n1020[label = "NearestFirstNode"];
n102 -> n1020;
n1021[label = "NearestNeighbor"];
n102 -> n1021;
n10 -> n102;
n1 -> n10;
n11[label = "If_Then"];
n110[label = "Equal"];
n1100[label = "NearestFirstNode"];
n110 -> n1100;
n1101[label = "NearestNeighbor"];
n110 -> n1101;
n11 -> n110;
n111[label = "Equal"];
n1110[label = "NearestNeighbor"];
n111 -> n1110;
n1111[label = "FarthestFirstNode"];
n111 -> n1111;
n11 -> n111;
n1 -> n11;
n -> n1;
}


Generation: 91
Best Individual:
Subpopulation 0:
Evaluated: true
Fitness: Standardized=0.24868564 Adjusted=0.8008421 Hits=0
Tree 0:
digraph g {
node [shape=rectangle];
n[label = "And"];
n0[label = "If_Then"];
n00[label = "Equal"];
n000[label = "NearestFirstNode"];
n00 -> n000;
n001[label = "NearestNeighbor"];
n00 -> n001;
n0 -> n00;
n01[label = "Equal"];
n010[label = "NearestNeighbor"];
n01 -> n010;
n011[label = "FarthestFirstNode"];
n01 -> n011;
n0 -> n01;
n -> n0;
n1[label = "Equal"];
n10[label = "If_Then_Else"];
n100[label = "Equal"];
n1000[label = "NearestNeighbor"];
n100 -> n1000;
n1001[label = "FarthestFirstNode"];
n100 -> n1001;
n10 -> n100;
n101[label = "Equal"];
n1010[label = "NearestNeighbor"];
n101 -> n1010;
n1011[label = "FarthestFirstNode"];
n101 -> n1011;
n10 -> n101;
n102[label = "Equal"];
n1020[label = "NearestFirstNode"];
n102 -> n1020;
n1021[label = "NearestNeighbor"];
n102 -> n1021;
n10 -> n102;
n1 -> n10;
n11[label = "If_Then"];
n110[label = "Equal"];
n1100[label = "NearestFirstNode"];
n110 -> n1100;
n1101[label = "NearestNeighbor"];
n110 -> n1101;
n11 -> n110;
n111[label = "Equal"];
n1110[label = "NearestNeighbor"];
n111 -> n1110;
n1111[label = "FarthestFirstNode"];
n111 -> n1111;
n11 -> n111;
n1 -> n11;
n -> n1;
}


Generation: 92
Best Individual:
Subpopulation 0:
Evaluated: true
Fitness: Standardized=0.24868564 Adjusted=0.8008421 Hits=0
Tree 0:
digraph g {
node [shape=rectangle];
n[label = "And"];
n0[label = "If_Then"];
n00[label = "Equal"];
n000[label = "NearestFirstNode"];
n00 -> n000;
n001[label = "NearestNeighbor"];
n00 -> n001;
n0 -> n00;
n01[label = "Equal"];
n010[label = "NearestNeighbor"];
n01 -> n010;
n011[label = "FarthestFirstNode"];
n01 -> n011;
n0 -> n01;
n -> n0;
n1[label = "Equal"];
n10[label = "If_Then_Else"];
n100[label = "Equal"];
n1000[label = "NearestNeighbor"];
n100 -> n1000;
n1001[label = "FarthestFirstNode"];
n100 -> n1001;
n10 -> n100;
n101[label = "Equal"];
n1010[label = "NearestNeighbor"];
n101 -> n1010;
n1011[label = "FarthestFirstNode"];
n101 -> n1011;
n10 -> n101;
n102[label = "Equal"];
n1020[label = "BestMove"];
n102 -> n1020;
n1021[label = "CplexTerminal"];
n102 -> n1021;
n10 -> n102;
n1 -> n10;
n11[label = "If_Then"];
n110[label = "Equal"];
n1100[label = "NearestFirstNode"];
n110 -> n1100;
n1101[label = "NearestNeighbor"];
n110 -> n1101;
n11 -> n110;
n111[label = "Equal"];
n1110[label = "NearestNeighbor"];
n111 -> n1110;
n1111[label = "FarthestFirstNode"];
n111 -> n1111;
n11 -> n111;
n1 -> n11;
n -> n1;
}


Generation: 93
Best Individual:
Subpopulation 0:
Evaluated: true
Fitness: Standardized=0.24530284 Adjusted=0.80301756 Hits=0
Tree 0:
digraph g {
node [shape=rectangle];
n[label = "And"];
n0[label = "If_Then"];
n00[label = "Equal"];
n000[label = "NearestNeighbor"];
n00 -> n000;
n001[label = "FarthestFirstNode"];
n00 -> n001;
n0 -> n00;
n01[label = "NearestFirstNode"];
n0 -> n01;
n -> n0;
n1[label = "Equal"];
n10[label = "If_Then_Else"];
n100[label = "Equal"];
n1000[label = "NearestNeighbor"];
n100 -> n1000;
n1001[label = "FarthestFirstNode"];
n100 -> n1001;
n10 -> n100;
n101[label = "Equal"];
n1010[label = "NearestNeighbor"];
n101 -> n1010;
n1011[label = "FarthestFirstNode"];
n101 -> n1011;
n10 -> n101;
n102[label = "Equal"];
n1020[label = "NearestFirstNode"];
n102 -> n1020;
n1021[label = "NearestNeighbor"];
n102 -> n1021;
n10 -> n102;
n1 -> n10;
n11[label = "If_Then"];
n110[label = "Equal"];
n1100[label = "NearestFirstNode"];
n110 -> n1100;
n1101[label = "NearestNeighbor"];
n110 -> n1101;
n11 -> n110;
n111[label = "Equal"];
n1110[label = "NearestNeighbor"];
n111 -> n1110;
n1111[label = "FarthestFirstNode"];
n111 -> n1111;
n11 -> n111;
n1 -> n11;
n -> n1;
}


Generation: 94
Best Individual:
Subpopulation 0:
Evaluated: true
Fitness: Standardized=0.24530284 Adjusted=0.80301756 Hits=0
Tree 0:
digraph g {
node [shape=rectangle];
n[label = "And"];
n0[label = "If_Then"];
n00[label = "Equal"];
n000[label = "NearestNeighbor"];
n00 -> n000;
n001[label = "FarthestFirstNode"];
n00 -> n001;
n0 -> n00;
n01[label = "NearestFirstNode"];
n0 -> n01;
n -> n0;
n1[label = "Equal"];
n10[label = "If_Then_Else"];
n100[label = "Equal"];
n1000[label = "NearestNeighbor"];
n100 -> n1000;
n1001[label = "FarthestFirstNode"];
n100 -> n1001;
n10 -> n100;
n101[label = "Equal"];
n1010[label = "NearestNeighbor"];
n101 -> n1010;
n1011[label = "FarthestFirstNode"];
n101 -> n1011;
n10 -> n101;
n102[label = "Equal"];
n1020[label = "NearestFirstNode"];
n102 -> n1020;
n1021[label = "NearestNeighbor"];
n102 -> n1021;
n10 -> n102;
n1 -> n10;
n11[label = "If_Then"];
n110[label = "Equal"];
n1100[label = "NearestFirstNode"];
n110 -> n1100;
n1101[label = "NearestNeighbor"];
n110 -> n1101;
n11 -> n110;
n111[label = "Equal"];
n1110[label = "NearestNeighbor"];
n111 -> n1110;
n1111[label = "FarthestFirstNode"];
n111 -> n1111;
n11 -> n111;
n1 -> n11;
n -> n1;
}


Generation: 95
Best Individual:
Subpopulation 0:
Evaluated: true
Fitness: Standardized=0.24530284 Adjusted=0.80301756 Hits=0
Tree 0:
digraph g {
node [shape=rectangle];
n[label = "And"];
n0[label = "If_Then"];
n00[label = "Equal"];
n000[label = "NearestNeighbor"];
n00 -> n000;
n001[label = "FarthestFirstNode"];
n00 -> n001;
n0 -> n00;
n01[label = "NearestFirstNode"];
n0 -> n01;
n -> n0;
n1[label = "Equal"];
n10[label = "If_Then_Else"];
n100[label = "Equal"];
n1000[label = "NearestNeighbor"];
n100 -> n1000;
n1001[label = "FarthestFirstNode"];
n100 -> n1001;
n10 -> n100;
n101[label = "Equal"];
n1010[label = "NearestNeighbor"];
n101 -> n1010;
n1011[label = "FarthestFirstNode"];
n101 -> n1011;
n10 -> n101;
n102[label = "Equal"];
n1020[label = "NearestFirstNode"];
n102 -> n1020;
n1021[label = "NearestNeighbor"];
n102 -> n1021;
n10 -> n102;
n1 -> n10;
n11[label = "If_Then"];
n110[label = "Equal"];
n1100[label = "NearestFirstNode"];
n110 -> n1100;
n1101[label = "NearestNeighbor"];
n110 -> n1101;
n11 -> n110;
n111[label = "Equal"];
n1110[label = "NearestNeighbor"];
n111 -> n1110;
n1111[label = "FarthestFirstNode"];
n111 -> n1111;
n11 -> n111;
n1 -> n11;
n -> n1;
}


Generation: 96
Best Individual:
Subpopulation 0:
Evaluated: true
Fitness: Standardized=0.24530284 Adjusted=0.80301756 Hits=0
Tree 0:
digraph g {
node [shape=rectangle];
n[label = "And"];
n0[label = "If_Then"];
n00[label = "Equal"];
n000[label = "NearestNeighbor"];
n00 -> n000;
n001[label = "FarthestFirstNode"];
n00 -> n001;
n0 -> n00;
n01[label = "NearestFirstNode"];
n0 -> n01;
n -> n0;
n1[label = "If_Then"];
n10[label = "If_Then_Else"];
n100[label = "Equal"];
n1000[label = "NearestNeighbor"];
n100 -> n1000;
n1001[label = "FarthestFirstNode"];
n100 -> n1001;
n10 -> n100;
n101[label = "Equal"];
n1010[label = "NearestNeighbor"];
n101 -> n1010;
n1011[label = "FarthestFirstNode"];
n101 -> n1011;
n10 -> n101;
n102[label = "Equal"];
n1020[label = "NearestFirstNode"];
n102 -> n1020;
n1021[label = "NearestNeighbor"];
n102 -> n1021;
n10 -> n102;
n1 -> n10;
n11[label = "If_Then"];
n110[label = "Equal"];
n1100[label = "NearestFirstNode"];
n110 -> n1100;
n1101[label = "NearestNeighbor"];
n110 -> n1101;
n11 -> n110;
n111[label = "Equal"];
n1110[label = "NearestNeighbor"];
n111 -> n1110;
n1111[label = "FarthestFirstNode"];
n111 -> n1111;
n11 -> n111;
n1 -> n11;
n -> n1;
}


Generation: 97
Best Individual:
Subpopulation 0:
Evaluated: true
Fitness: Standardized=0.23639782 Adjusted=0.8088011 Hits=0
Tree 0:
digraph g {
node [shape=rectangle];
n[label = "And"];
n0[label = "If_Then"];
n00[label = "If_Then"];
n000[label = "Equal"];
n0000[label = "NearestNeighbor"];
n000 -> n0000;
n0001[label = "FarthestFirstNode"];
n000 -> n0001;
n00 -> n000;
n001[label = "NearestFirstNode"];
n00 -> n001;
n0 -> n00;
n01[label = "NearestFirstNode"];
n0 -> n01;
n -> n0;
n1[label = "If_Then"];
n10[label = "If_Then_Else"];
n100[label = "Equal"];
n1000[label = "NearestNeighbor"];
n100 -> n1000;
n1001[label = "FarthestFirstNode"];
n100 -> n1001;
n10 -> n100;
n101[label = "Equal"];
n1010[label = "NearestNeighbor"];
n101 -> n1010;
n1011[label = "FarthestFirstNode"];
n101 -> n1011;
n10 -> n101;
n102[label = "Equal"];
n1020[label = "NearestFirstNode"];
n102 -> n1020;
n1021[label = "NearestNeighbor"];
n102 -> n1021;
n10 -> n102;
n1 -> n10;
n11[label = "If_Then"];
n110[label = "Equal"];
n1100[label = "NearestFirstNode"];
n110 -> n1100;
n1101[label = "NearestNeighbor"];
n110 -> n1101;
n11 -> n110;
n111[label = "Equal"];
n1110[label = "NearestNeighbor"];
n111 -> n1110;
n1111[label = "FarthestFirstNode"];
n111 -> n1111;
n11 -> n111;
n1 -> n11;
n -> n1;
}


Generation: 98
Best Individual:
Subpopulation 0:
Evaluated: true
Fitness: Standardized=0.23639782 Adjusted=0.8088011 Hits=0
Tree 0:
digraph g {
node [shape=rectangle];
n[label = "And"];
n0[label = "If_Then"];
n00[label = "If_Then"];
n000[label = "Equal"];
n0000[label = "NearestNeighbor"];
n000 -> n0000;
n0001[label = "FarthestFirstNode"];
n000 -> n0001;
n00 -> n000;
n001[label = "NearestFirstNode"];
n00 -> n001;
n0 -> n00;
n01[label = "NearestFirstNode"];
n0 -> n01;
n -> n0;
n1[label = "If_Then"];
n10[label = "If_Then_Else"];
n100[label = "Equal"];
n1000[label = "NearestNeighbor"];
n100 -> n1000;
n1001[label = "FarthestFirstNode"];
n100 -> n1001;
n10 -> n100;
n101[label = "Equal"];
n1010[label = "NearestNeighbor"];
n101 -> n1010;
n1011[label = "FarthestFirstNode"];
n101 -> n1011;
n10 -> n101;
n102[label = "Equal"];
n1020[label = "NearestFirstNode"];
n102 -> n1020;
n1021[label = "NearestNeighbor"];
n102 -> n1021;
n10 -> n102;
n1 -> n10;
n11[label = "If_Then"];
n110[label = "Equal"];
n1100[label = "NearestFirstNode"];
n110 -> n1100;
n1101[label = "NearestNeighbor"];
n110 -> n1101;
n11 -> n110;
n111[label = "Equal"];
n1110[label = "NearestNeighbor"];
n111 -> n1110;
n1111[label = "FarthestFirstNode"];
n111 -> n1111;
n11 -> n111;
n1 -> n11;
n -> n1;
}


Generation: 99
Best Individual:
Subpopulation 0:
Evaluated: true
Fitness: Standardized=0.23639782 Adjusted=0.8088011 Hits=0
Tree 0:
digraph g {
node [shape=rectangle];
n[label = "And"];
n0[label = "If_Then"];
n00[label = "If_Then"];
n000[label = "Equal"];
n0000[label = "NearestNeighbor"];
n000 -> n0000;
n0001[label = "FarthestFirstNode"];
n000 -> n0001;
n00 -> n000;
n001[label = "NearestFirstNode"];
n00 -> n001;
n0 -> n00;
n01[label = "NearestFirstNode"];
n0 -> n01;
n -> n0;
n1[label = "If_Then"];
n10[label = "If_Then_Else"];
n100[label = "Equal"];
n1000[label = "NearestNeighbor"];
n100 -> n1000;
n1001[label = "FarthestFirstNode"];
n100 -> n1001;
n10 -> n100;
n101[label = "Equal"];
n1010[label = "NearestNeighbor"];
n101 -> n1010;
n1011[label = "FarthestFirstNode"];
n101 -> n1011;
n10 -> n101;
n102[label = "Equal"];
n1020[label = "NearestFirstNode"];
n102 -> n1020;
n1021[label = "NearestNeighbor"];
n102 -> n1021;
n10 -> n102;
n1 -> n10;
n11[label = "If_Then"];
n110[label = "Equal"];
n1100[label = "NearestFirstNode"];
n110 -> n1100;
n1101[label = "NearestNeighbor"];
n110 -> n1101;
n11 -> n110;
n111[label = "Equal"];
n1110[label = "NearestNeighbor"];
n111 -> n1110;
n1111[label = "FarthestFirstNode"];
n111 -> n1111;
n11 -> n111;
n1 -> n11;
n -> n1;
}


Best Individual of Run:
Subpopulation 0:
Evaluated: true
Fitness: Standardized=0.23639782 Adjusted=0.8088011 Hits=0
Tree 0:
digraph g {
node [shape=rectangle];
n[label = "And"];
n0[label = "If_Then"];
n00[label = "If_Then"];
n000[label = "Equal"];
n0000[label = "NearestNeighbor"];
n000 -> n0000;
n0001[label = "FarthestFirstNode"];
n000 -> n0001;
n00 -> n000;
n001[label = "NearestFirstNode"];
n00 -> n001;
n0 -> n00;
n01[label = "NearestFirstNode"];
n0 -> n01;
n -> n0;
n1[label = "If_Then"];
n10[label = "If_Then_Else"];
n100[label = "Equal"];
n1000[label = "NearestNeighbor"];
n100 -> n1000;
n1001[label = "FarthestFirstNode"];
n100 -> n1001;
n10 -> n100;
n101[label = "Equal"];
n1010[label = "NearestNeighbor"];
n101 -> n1010;
n1011[label = "FarthestFirstNode"];
n101 -> n1011;
n10 -> n101;
n102[label = "Equal"];
n1020[label = "NearestFirstNode"];
n102 -> n1020;
n1021[label = "NearestNeighbor"];
n102 -> n1021;
n10 -> n102;
n1 -> n10;
n11[label = "If_Then"];
n110[label = "Equal"];
n1100[label = "NearestFirstNode"];
n110 -> n1100;
n1101[label = "NearestNeighbor"];
n110 -> n1101;
n11 -> n110;
n111[label = "Equal"];
n1110[label = "NearestNeighbor"];
n111 -> n1110;
n1111[label = "FarthestFirstNode"];
n111 -> n1111;
n11 -> n111;
n1 -> n11;
n -> n1;
}

