
Generation: 0
Best Individual:
Subpopulation 0:
Evaluated: true
Fitness: Standardized=0.60754216 Adjusted=0.6220677 Hits=0
Tree 0:
digraph g {
node [shape=rectangle];
n[label = "Or"];
n0[label = "If_Then_Else"];
n00[label = "FarthestFirstNode"];
n0 -> n00;
n01[label = "FarthestInsertion"];
n0 -> n01;
n02[label = "NearestFirstNode"];
n0 -> n02;
n -> n0;
n1[label = "Or"];
n10[label = "CplexTerminal"];
n1 -> n10;
n11[label = "FarthestInsertion"];
n1 -> n11;
n -> n1;
}


Generation: 1
Best Individual:
Subpopulation 0:
Evaluated: true
Fitness: Standardized=0.60754216 Adjusted=0.6220677 Hits=0
Tree 0:
digraph g {
node [shape=rectangle];
n[label = "Or"];
n0[label = "If_Then_Else"];
n00[label = "FarthestFirstNode"];
n0 -> n00;
n01[label = "FarthestInsertion"];
n0 -> n01;
n02[label = "NearestFirstNode"];
n0 -> n02;
n -> n0;
n1[label = "Or"];
n10[label = "CplexTerminal"];
n1 -> n10;
n11[label = "FarthestInsertion"];
n1 -> n11;
n -> n1;
}


Generation: 2
Best Individual:
Subpopulation 0:
Evaluated: true
Fitness: Standardized=0.60754216 Adjusted=0.6220677 Hits=0
Tree 0:
digraph g {
node [shape=rectangle];
n[label = "If_Then_Else"];
n0[label = "FarthestFirstNode"];
n -> n0;
n1[label = "FarthestInsertion"];
n -> n1;
n2[label = "NearestFirstNode"];
n -> n2;
}


Generation: 3
Best Individual:
Subpopulation 0:
Evaluated: true
Fitness: Standardized=0.60754216 Adjusted=0.6220677 Hits=0
Tree 0:
digraph g {
node [shape=rectangle];
n[label = "Or"];
n0[label = "If_Then_Else"];
n00[label = "FarthestFirstNode"];
n0 -> n00;
n01[label = "FarthestInsertion"];
n0 -> n01;
n02[label = "NearestFirstNode"];
n0 -> n02;
n -> n0;
n1[label = "Or"];
n10[label = "CplexTerminal"];
n1 -> n10;
n11[label = "FarthestInsertion"];
n1 -> n11;
n -> n1;
}


Generation: 4
Best Individual:
Subpopulation 0:
Evaluated: true
Fitness: Standardized=0.60754216 Adjusted=0.6220677 Hits=0
Tree 0:
digraph g {
node [shape=rectangle];
n[label = "Or"];
n0[label = "If_Then_Else"];
n00[label = "FarthestFirstNode"];
n0 -> n00;
n01[label = "FarthestInsertion"];
n0 -> n01;
n02[label = "Equal"];
n020[label = "If_Then_Else"];
n0200[label = "FarthestFirstNode"];
n020 -> n0200;
n0201[label = "FarthestInsertion"];
n020 -> n0201;
n0202[label = "NearestFirstNode"];
n020 -> n0202;
n02 -> n020;
n021[label = "FarthestNeighbor"];
n02 -> n021;
n0 -> n02;
n -> n0;
n1[label = "Equal"];
n10[label = "NearestFirstNode"];
n1 -> n10;
n11[label = "FarthestNeighbor"];
n1 -> n11;
n -> n1;
}


Generation: 5
Best Individual:
Subpopulation 0:
Evaluated: true
Fitness: Standardized=0.6000073 Adjusted=0.62499714 Hits=0
Tree 0:
digraph g {
node [shape=rectangle];
n[label = "Or"];
n0[label = "If_Then_Else"];
n00[label = "FarthestFirstNode"];
n0 -> n00;
n01[label = "Equal"];
n010[label = "NearestFirstNode"];
n01 -> n010;
n011[label = "FarthestNeighbor"];
n01 -> n011;
n0 -> n01;
n02[label = "BestMove"];
n0 -> n02;
n -> n0;
n1[label = "NearestFirstNode"];
n -> n1;
}


Generation: 6
Best Individual:
Subpopulation 0:
Evaluated: true
Fitness: Standardized=0.5561142 Adjusted=0.64262635 Hits=0
Tree 0:
digraph g {
node [shape=rectangle];
n[label = "Or"];
n0[label = "If_Then_Else"];
n00[label = "Equal"];
n000[label = "NearestFirstNode"];
n00 -> n000;
n001[label = "FarthestNeighbor"];
n00 -> n001;
n0 -> n00;
n01[label = "FarthestInsertion"];
n0 -> n01;
n02[label = "Equal"];
n020[label = "NearestFirstNode"];
n02 -> n020;
n021[label = "FarthestNeighbor"];
n02 -> n021;
n0 -> n02;
n -> n0;
n1[label = "FarthestInsertion"];
n -> n1;
}


Generation: 7
Best Individual:
Subpopulation 0:
Evaluated: true
Fitness: Standardized=0.5561142 Adjusted=0.64262635 Hits=0
Tree 0:
digraph g {
node [shape=rectangle];
n[label = "Or"];
n0[label = "If_Then_Else"];
n00[label = "Equal"];
n000[label = "NearestFirstNode"];
n00 -> n000;
n001[label = "FarthestNeighbor"];
n00 -> n001;
n0 -> n00;
n01[label = "FarthestInsertion"];
n0 -> n01;
n02[label = "Equal"];
n020[label = "NearestFirstNode"];
n02 -> n020;
n021[label = "FarthestNeighbor"];
n02 -> n021;
n0 -> n02;
n -> n0;
n1[label = "FarthestInsertion"];
n -> n1;
}


Generation: 8
Best Individual:
Subpopulation 0:
Evaluated: true
Fitness: Standardized=0.5002367 Adjusted=0.6665615 Hits=0
Tree 0:
digraph g {
node [shape=rectangle];
n[label = "Or"];
n0[label = "If_Then_Else"];
n00[label = "Equal"];
n000[label = "NearestFirstNode"];
n00 -> n000;
n001[label = "Equal"];
n0010[label = "NearestFirstNode"];
n001 -> n0010;
n0011[label = "FarthestNeighbor"];
n001 -> n0011;
n00 -> n001;
n0 -> n00;
n01[label = "FarthestInsertion"];
n0 -> n01;
n02[label = "Equal"];
n020[label = "NearestFirstNode"];
n02 -> n020;
n021[label = "FarthestNeighbor"];
n02 -> n021;
n0 -> n02;
n -> n0;
n1[label = "FarthestInsertion"];
n -> n1;
}


Generation: 9
Best Individual:
Subpopulation 0:
Evaluated: true
Fitness: Standardized=0.42734218 Adjusted=0.7006028 Hits=0
Tree 0:
digraph g {
node [shape=rectangle];
n[label = "Or"];
n0[label = "If_Then_Else"];
n00[label = "Or"];
n000[label = "If_Then_Else"];
n0000[label = "FarthestFirstNode"];
n000 -> n0000;
n0001[label = "FarthestNeighbor"];
n000 -> n0001;
n0002[label = "BestMove"];
n000 -> n0002;
n00 -> n000;
n001[label = "NearestFirstNode"];
n00 -> n001;
n0 -> n00;
n01[label = "FarthestInsertion"];
n0 -> n01;
n02[label = "FarthestFirstNode"];
n0 -> n02;
n -> n0;
n1[label = "FarthestInsertion"];
n -> n1;
}


Generation: 10
Best Individual:
Subpopulation 0:
Evaluated: true
Fitness: Standardized=0.42734218 Adjusted=0.7006028 Hits=0
Tree 0:
digraph g {
node [shape=rectangle];
n[label = "Or"];
n0[label = "If_Then_Else"];
n00[label = "Or"];
n000[label = "If_Then_Else"];
n0000[label = "FarthestFirstNode"];
n000 -> n0000;
n0001[label = "FarthestNeighbor"];
n000 -> n0001;
n0002[label = "BestMove"];
n000 -> n0002;
n00 -> n000;
n001[label = "NearestFirstNode"];
n00 -> n001;
n0 -> n00;
n01[label = "FarthestInsertion"];
n0 -> n01;
n02[label = "FarthestFirstNode"];
n0 -> n02;
n -> n0;
n1[label = "FarthestInsertion"];
n -> n1;
}


Generation: 11
Best Individual:
Subpopulation 0:
Evaluated: true
Fitness: Standardized=0.32942548 Adjusted=0.75220466 Hits=0
Tree 0:
digraph g {
node [shape=rectangle];
n[label = "Equal"];
n0[label = "If_Then_Else"];
n00[label = "Equal"];
n000[label = "NearestFirstNode"];
n00 -> n000;
n001[label = "Equal"];
n0010[label = "NearestFirstNode"];
n001 -> n0010;
n0011[label = "FarthestNeighbor"];
n001 -> n0011;
n00 -> n001;
n0 -> n00;
n01[label = "FarthestInsertion"];
n0 -> n01;
n02[label = "Equal"];
n020[label = "NearestFirstNode"];
n02 -> n020;
n021[label = "FarthestNeighbor"];
n02 -> n021;
n0 -> n02;
n -> n0;
n1[label = "FarthestInsertion"];
n -> n1;
}


Generation: 12
Best Individual:
Subpopulation 0:
Evaluated: true
Fitness: Standardized=0.32942548 Adjusted=0.75220466 Hits=0
Tree 0:
digraph g {
node [shape=rectangle];
n[label = "Equal"];
n0[label = "If_Then_Else"];
n00[label = "Equal"];
n000[label = "NearestFirstNode"];
n00 -> n000;
n001[label = "Equal"];
n0010[label = "NearestFirstNode"];
n001 -> n0010;
n0011[label = "FarthestNeighbor"];
n001 -> n0011;
n00 -> n001;
n0 -> n00;
n01[label = "FarthestInsertion"];
n0 -> n01;
n02[label = "Equal"];
n020[label = "NearestFirstNode"];
n02 -> n020;
n021[label = "FarthestNeighbor"];
n02 -> n021;
n0 -> n02;
n -> n0;
n1[label = "FarthestInsertion"];
n -> n1;
}


Generation: 13
Best Individual:
Subpopulation 0:
Evaluated: true
Fitness: Standardized=0.32942548 Adjusted=0.75220466 Hits=0
Tree 0:
digraph g {
node [shape=rectangle];
n[label = "Equal"];
n0[label = "If_Then_Else"];
n00[label = "Equal"];
n000[label = "NearestFirstNode"];
n00 -> n000;
n001[label = "Equal"];
n0010[label = "NearestFirstNode"];
n001 -> n0010;
n0011[label = "FarthestNeighbor"];
n001 -> n0011;
n00 -> n001;
n0 -> n00;
n01[label = "FarthestInsertion"];
n0 -> n01;
n02[label = "Equal"];
n020[label = "NearestFirstNode"];
n02 -> n020;
n021[label = "FarthestNeighbor"];
n02 -> n021;
n0 -> n02;
n -> n0;
n1[label = "FarthestInsertion"];
n -> n1;
}


Generation: 14
Best Individual:
Subpopulation 0:
Evaluated: true
Fitness: Standardized=0.32942548 Adjusted=0.75220466 Hits=0
Tree 0:
digraph g {
node [shape=rectangle];
n[label = "Equal"];
n0[label = "If_Then_Else"];
n00[label = "Equal"];
n000[label = "NearestFirstNode"];
n00 -> n000;
n001[label = "Equal"];
n0010[label = "NearestFirstNode"];
n001 -> n0010;
n0011[label = "FarthestNeighbor"];
n001 -> n0011;
n00 -> n001;
n0 -> n00;
n01[label = "FarthestInsertion"];
n0 -> n01;
n02[label = "Equal"];
n020[label = "NearestFirstNode"];
n02 -> n020;
n021[label = "FarthestNeighbor"];
n02 -> n021;
n0 -> n02;
n -> n0;
n1[label = "FarthestInsertion"];
n -> n1;
}


Generation: 15
Best Individual:
Subpopulation 0:
Evaluated: true
Fitness: Standardized=0.32942548 Adjusted=0.75220466 Hits=0
Tree 0:
digraph g {
node [shape=rectangle];
n[label = "If_Then_Else"];
n0[label = "If_Then_Else"];
n00[label = "Equal"];
n000[label = "NearestFirstNode"];
n00 -> n000;
n001[label = "Equal"];
n0010[label = "NearestFirstNode"];
n001 -> n0010;
n0011[label = "FarthestNeighbor"];
n001 -> n0011;
n00 -> n001;
n0 -> n00;
n01[label = "FarthestInsertion"];
n0 -> n01;
n02[label = "Equal"];
n020[label = "NearestFirstNode"];
n02 -> n020;
n021[label = "FarthestNeighbor"];
n02 -> n021;
n0 -> n02;
n -> n0;
n1[label = "FarthestInsertion"];
n -> n1;
n2[label = "FarthestFirstNode"];
n -> n2;
}


Generation: 16
Best Individual:
Subpopulation 0:
Evaluated: true
Fitness: Standardized=0.32942548 Adjusted=0.75220466 Hits=0
Tree 0:
digraph g {
node [shape=rectangle];
n[label = "Equal"];
n0[label = "If_Then_Else"];
n00[label = "Equal"];
n000[label = "NearestFirstNode"];
n00 -> n000;
n001[label = "And"];
n0010[label = "NearestFirstNode"];
n001 -> n0010;
n0011[label = "FarthestNeighbor"];
n001 -> n0011;
n00 -> n001;
n0 -> n00;
n01[label = "FarthestInsertion"];
n0 -> n01;
n02[label = "If_Then_Else"];
n020[label = "FarthestFirstNode"];
n02 -> n020;
n021[label = "FarthestNeighbor"];
n02 -> n021;
n022[label = "BestMove"];
n02 -> n022;
n0 -> n02;
n -> n0;
n1[label = "FarthestInsertion"];
n -> n1;
}


Generation: 17
Best Individual:
Subpopulation 0:
Evaluated: true
Fitness: Standardized=0.29246396 Adjusted=0.7737159 Hits=0
Tree 0:
digraph g {
node [shape=rectangle];
n[label = "Equal"];
n0[label = "If_Then_Else"];
n00[label = "Equal"];
n000[label = "Equal"];
n0000[label = "NearestFirstNode"];
n000 -> n0000;
n0001[label = "FarthestInsertion"];
n000 -> n0001;
n00 -> n000;
n001[label = "Equal"];
n0010[label = "NearestFirstNode"];
n001 -> n0010;
n0011[label = "FarthestNeighbor"];
n001 -> n0011;
n00 -> n001;
n0 -> n00;
n01[label = "FarthestInsertion"];
n0 -> n01;
n02[label = "Equal"];
n020[label = "NearestFirstNode"];
n02 -> n020;
n021[label = "FarthestNeighbor"];
n02 -> n021;
n0 -> n02;
n -> n0;
n1[label = "FarthestInsertion"];
n -> n1;
}


Generation: 18
Best Individual:
Subpopulation 0:
Evaluated: true
Fitness: Standardized=0.29246396 Adjusted=0.7737159 Hits=0
Tree 0:
digraph g {
node [shape=rectangle];
n[label = "Equal"];
n0[label = "If_Then_Else"];
n00[label = "Equal"];
n000[label = "Equal"];
n0000[label = "NearestFirstNode"];
n000 -> n0000;
n0001[label = "FarthestInsertion"];
n000 -> n0001;
n00 -> n000;
n001[label = "Equal"];
n0010[label = "NearestFirstNode"];
n001 -> n0010;
n0011[label = "FarthestNeighbor"];
n001 -> n0011;
n00 -> n001;
n0 -> n00;
n01[label = "FarthestInsertion"];
n0 -> n01;
n02[label = "Equal"];
n020[label = "NearestFirstNode"];
n02 -> n020;
n021[label = "FarthestNeighbor"];
n02 -> n021;
n0 -> n02;
n -> n0;
n1[label = "FarthestInsertion"];
n -> n1;
}


Generation: 19
Best Individual:
Subpopulation 0:
Evaluated: true
Fitness: Standardized=0.29246396 Adjusted=0.7737159 Hits=0
Tree 0:
digraph g {
node [shape=rectangle];
n[label = "Equal"];
n0[label = "If_Then_Else"];
n00[label = "Equal"];
n000[label = "Equal"];
n0000[label = "NearestFirstNode"];
n000 -> n0000;
n0001[label = "FarthestInsertion"];
n000 -> n0001;
n00 -> n000;
n001[label = "Equal"];
n0010[label = "NearestFirstNode"];
n001 -> n0010;
n0011[label = "FarthestNeighbor"];
n001 -> n0011;
n00 -> n001;
n0 -> n00;
n01[label = "FarthestInsertion"];
n0 -> n01;
n02[label = "Equal"];
n020[label = "NearestFirstNode"];
n02 -> n020;
n021[label = "FarthestNeighbor"];
n02 -> n021;
n0 -> n02;
n -> n0;
n1[label = "FarthestInsertion"];
n -> n1;
}


Generation: 20
Best Individual:
Subpopulation 0:
Evaluated: true
Fitness: Standardized=0.29246396 Adjusted=0.7737159 Hits=0
Tree 0:
digraph g {
node [shape=rectangle];
n[label = "And"];
n0[label = "If_Then_Else"];
n00[label = "Equal"];
n000[label = "Equal"];
n0000[label = "NearestFirstNode"];
n000 -> n0000;
n0001[label = "FarthestInsertion"];
n000 -> n0001;
n00 -> n000;
n001[label = "Equal"];
n0010[label = "NearestFirstNode"];
n001 -> n0010;
n0011[label = "FarthestNeighbor"];
n001 -> n0011;
n00 -> n001;
n0 -> n00;
n01[label = "FarthestInsertion"];
n0 -> n01;
n02[label = "FarthestFirstNode"];
n0 -> n02;
n -> n0;
n1[label = "FarthestInsertion"];
n -> n1;
}


Generation: 21
Best Individual:
Subpopulation 0:
Evaluated: true
Fitness: Standardized=0.29246396 Adjusted=0.7737159 Hits=0
Tree 0:
digraph g {
node [shape=rectangle];
n[label = "Equal"];
n0[label = "If_Then_Else"];
n00[label = "Equal"];
n000[label = "Equal"];
n0000[label = "NearestFirstNode"];
n000 -> n0000;
n0001[label = "FarthestInsertion"];
n000 -> n0001;
n00 -> n000;
n001[label = "Equal"];
n0010[label = "NearestFirstNode"];
n001 -> n0010;
n0011[label = "FarthestNeighbor"];
n001 -> n0011;
n00 -> n001;
n0 -> n00;
n01[label = "FarthestInsertion"];
n0 -> n01;
n02[label = "Equal"];
n020[label = "NearestFirstNode"];
n02 -> n020;
n021[label = "FarthestNeighbor"];
n02 -> n021;
n0 -> n02;
n -> n0;
n1[label = "FarthestInsertion"];
n -> n1;
}


Generation: 22
Best Individual:
Subpopulation 0:
Evaluated: true
Fitness: Standardized=0.28440526 Adjusted=0.7785705 Hits=0
Tree 0:
digraph g {
node [shape=rectangle];
n[label = "Equal"];
n0[label = "If_Then_Else"];
n00[label = "Equal"];
n000[label = "Equal"];
n0000[label = "NearestFirstNode"];
n000 -> n0000;
n0001[label = "FarthestInsertion"];
n000 -> n0001;
n00 -> n000;
n001[label = "FarthestFirstNode"];
n00 -> n001;
n0 -> n00;
n01[label = "FarthestInsertion"];
n0 -> n01;
n02[label = "FarthestFirstNode"];
n0 -> n02;
n -> n0;
n1[label = "FarthestInsertion"];
n -> n1;
}


Generation: 23
Best Individual:
Subpopulation 0:
Evaluated: true
Fitness: Standardized=0.28440526 Adjusted=0.7785705 Hits=0
Tree 0:
digraph g {
node [shape=rectangle];
n[label = "Equal"];
n0[label = "If_Then_Else"];
n00[label = "Equal"];
n000[label = "Equal"];
n0000[label = "NearestFirstNode"];
n000 -> n0000;
n0001[label = "FarthestInsertion"];
n000 -> n0001;
n00 -> n000;
n001[label = "FarthestFirstNode"];
n00 -> n001;
n0 -> n00;
n01[label = "FarthestInsertion"];
n0 -> n01;
n02[label = "FarthestFirstNode"];
n0 -> n02;
n -> n0;
n1[label = "FarthestInsertion"];
n -> n1;
}


Generation: 24
Best Individual:
Subpopulation 0:
Evaluated: true
Fitness: Standardized=0.28440526 Adjusted=0.7785705 Hits=0
Tree 0:
digraph g {
node [shape=rectangle];
n[label = "Equal"];
n0[label = "If_Then_Else"];
n00[label = "Equal"];
n000[label = "Equal"];
n0000[label = "NearestFirstNode"];
n000 -> n0000;
n0001[label = "FarthestInsertion"];
n000 -> n0001;
n00 -> n000;
n001[label = "FarthestFirstNode"];
n00 -> n001;
n0 -> n00;
n01[label = "FarthestInsertion"];
n0 -> n01;
n02[label = "FarthestFirstNode"];
n0 -> n02;
n -> n0;
n1[label = "FarthestInsertion"];
n -> n1;
}


Generation: 25
Best Individual:
Subpopulation 0:
Evaluated: true
Fitness: Standardized=0.28440526 Adjusted=0.7785705 Hits=0
Tree 0:
digraph g {
node [shape=rectangle];
n[label = "Equal"];
n0[label = "If_Then_Else"];
n00[label = "Equal"];
n000[label = "Equal"];
n0000[label = "NearestFirstNode"];
n000 -> n0000;
n0001[label = "FarthestInsertion"];
n000 -> n0001;
n00 -> n000;
n001[label = "FarthestFirstNode"];
n00 -> n001;
n0 -> n00;
n01[label = "FarthestInsertion"];
n0 -> n01;
n02[label = "FarthestFirstNode"];
n0 -> n02;
n -> n0;
n1[label = "FarthestInsertion"];
n -> n1;
}


Generation: 26
Best Individual:
Subpopulation 0:
Evaluated: true
Fitness: Standardized=0.28440526 Adjusted=0.7785705 Hits=0
Tree 0:
digraph g {
node [shape=rectangle];
n[label = "Equal"];
n0[label = "If_Then_Else"];
n00[label = "Equal"];
n000[label = "Equal"];
n0000[label = "NearestFirstNode"];
n000 -> n0000;
n0001[label = "FarthestInsertion"];
n000 -> n0001;
n00 -> n000;
n001[label = "FarthestFirstNode"];
n00 -> n001;
n0 -> n00;
n01[label = "FarthestInsertion"];
n0 -> n01;
n02[label = "FarthestFirstNode"];
n0 -> n02;
n -> n0;
n1[label = "FarthestInsertion"];
n -> n1;
}


Generation: 27
Best Individual:
Subpopulation 0:
Evaluated: true
Fitness: Standardized=0.28440526 Adjusted=0.7785705 Hits=0
Tree 0:
digraph g {
node [shape=rectangle];
n[label = "Equal"];
n0[label = "If_Then_Else"];
n00[label = "Equal"];
n000[label = "Equal"];
n0000[label = "NearestFirstNode"];
n000 -> n0000;
n0001[label = "FarthestInsertion"];
n000 -> n0001;
n00 -> n000;
n001[label = "FarthestFirstNode"];
n00 -> n001;
n0 -> n00;
n01[label = "FarthestInsertion"];
n0 -> n01;
n02[label = "FarthestFirstNode"];
n0 -> n02;
n -> n0;
n1[label = "FarthestInsertion"];
n -> n1;
}


Generation: 28
Best Individual:
Subpopulation 0:
Evaluated: true
Fitness: Standardized=0.28440526 Adjusted=0.7785705 Hits=0
Tree 0:
digraph g {
node [shape=rectangle];
n[label = "Equal"];
n0[label = "If_Then_Else"];
n00[label = "Equal"];
n000[label = "Equal"];
n0000[label = "NearestFirstNode"];
n000 -> n0000;
n0001[label = "FarthestInsertion"];
n000 -> n0001;
n00 -> n000;
n001[label = "FarthestFirstNode"];
n00 -> n001;
n0 -> n00;
n01[label = "FarthestInsertion"];
n0 -> n01;
n02[label = "FarthestFirstNode"];
n0 -> n02;
n -> n0;
n1[label = "FarthestInsertion"];
n -> n1;
}


Generation: 29
Best Individual:
Subpopulation 0:
Evaluated: true
Fitness: Standardized=0.28440526 Adjusted=0.7785705 Hits=0
Tree 0:
digraph g {
node [shape=rectangle];
n[label = "Equal"];
n0[label = "If_Then_Else"];
n00[label = "Equal"];
n000[label = "Equal"];
n0000[label = "NearestFirstNode"];
n000 -> n0000;
n0001[label = "FarthestInsertion"];
n000 -> n0001;
n00 -> n000;
n001[label = "FarthestFirstNode"];
n00 -> n001;
n0 -> n00;
n01[label = "FarthestInsertion"];
n0 -> n01;
n02[label = "FarthestFirstNode"];
n0 -> n02;
n -> n0;
n1[label = "FarthestInsertion"];
n -> n1;
}


Generation: 30
Best Individual:
Subpopulation 0:
Evaluated: true
Fitness: Standardized=0.28440526 Adjusted=0.7785705 Hits=0
Tree 0:
digraph g {
node [shape=rectangle];
n[label = "Equal"];
n0[label = "If_Then_Else"];
n00[label = "If_Then_Else"];
n000[label = "Equal"];
n0000[label = "NearestFirstNode"];
n000 -> n0000;
n0001[label = "FarthestInsertion"];
n000 -> n0001;
n00 -> n000;
n001[label = "FarthestInsertion"];
n00 -> n001;
n002[label = "FarthestFirstNode"];
n00 -> n002;
n0 -> n00;
n01[label = "FarthestInsertion"];
n0 -> n01;
n02[label = "FarthestFirstNode"];
n0 -> n02;
n -> n0;
n1[label = "FarthestInsertion"];
n -> n1;
}


Generation: 31
Best Individual:
Subpopulation 0:
Evaluated: true
Fitness: Standardized=0.28440526 Adjusted=0.7785705 Hits=0
Tree 0:
digraph g {
node [shape=rectangle];
n[label = "Equal"];
n0[label = "If_Then_Else"];
n00[label = "If_Then_Else"];
n000[label = "Equal"];
n0000[label = "NearestFirstNode"];
n000 -> n0000;
n0001[label = "FarthestInsertion"];
n000 -> n0001;
n00 -> n000;
n001[label = "FarthestInsertion"];
n00 -> n001;
n002[label = "FarthestFirstNode"];
n00 -> n002;
n0 -> n00;
n01[label = "FarthestInsertion"];
n0 -> n01;
n02[label = "FarthestFirstNode"];
n0 -> n02;
n -> n0;
n1[label = "FarthestInsertion"];
n -> n1;
}


Generation: 32
Best Individual:
Subpopulation 0:
Evaluated: true
Fitness: Standardized=0.28440526 Adjusted=0.7785705 Hits=0
Tree 0:
digraph g {
node [shape=rectangle];
n[label = "Equal"];
n0[label = "If_Then_Else"];
n00[label = "If_Then_Else"];
n000[label = "Equal"];
n0000[label = "NearestFirstNode"];
n000 -> n0000;
n0001[label = "FarthestInsertion"];
n000 -> n0001;
n00 -> n000;
n001[label = "FarthestInsertion"];
n00 -> n001;
n002[label = "FarthestFirstNode"];
n00 -> n002;
n0 -> n00;
n01[label = "FarthestInsertion"];
n0 -> n01;
n02[label = "Equal"];
n020[label = "FarthestInsertion"];
n02 -> n020;
n021[label = "FarthestNeighbor"];
n02 -> n021;
n0 -> n02;
n -> n0;
n1[label = "FarthestInsertion"];
n -> n1;
}


Generation: 33
Best Individual:
Subpopulation 0:
Evaluated: true
Fitness: Standardized=0.28440526 Adjusted=0.7785705 Hits=0
Tree 0:
digraph g {
node [shape=rectangle];
n[label = "Equal"];
n0[label = "If_Then_Else"];
n00[label = "If_Then_Else"];
n000[label = "Equal"];
n0000[label = "NearestFirstNode"];
n000 -> n0000;
n0001[label = "FarthestInsertion"];
n000 -> n0001;
n00 -> n000;
n001[label = "FarthestInsertion"];
n00 -> n001;
n002[label = "FarthestFirstNode"];
n00 -> n002;
n0 -> n00;
n01[label = "FarthestInsertion"];
n0 -> n01;
n02[label = "FarthestFirstNode"];
n0 -> n02;
n -> n0;
n1[label = "FarthestInsertion"];
n -> n1;
}


Generation: 34
Best Individual:
Subpopulation 0:
Evaluated: true
Fitness: Standardized=0.28440526 Adjusted=0.7785705 Hits=0
Tree 0:
digraph g {
node [shape=rectangle];
n[label = "Equal"];
n0[label = "If_Then_Else"];
n00[label = "If_Then_Else"];
n000[label = "Equal"];
n0000[label = "NearestFirstNode"];
n000 -> n0000;
n0001[label = "FarthestInsertion"];
n000 -> n0001;
n00 -> n000;
n001[label = "FarthestInsertion"];
n00 -> n001;
n002[label = "FarthestFirstNode"];
n00 -> n002;
n0 -> n00;
n01[label = "FarthestInsertion"];
n0 -> n01;
n02[label = "NearestFirstNode"];
n0 -> n02;
n -> n0;
n1[label = "FarthestInsertion"];
n -> n1;
}


Generation: 35
Best Individual:
Subpopulation 0:
Evaluated: true
Fitness: Standardized=0.28440526 Adjusted=0.7785705 Hits=0
Tree 0:
digraph g {
node [shape=rectangle];
n[label = "Equal"];
n0[label = "If_Then_Else"];
n00[label = "If_Then_Else"];
n000[label = "Equal"];
n0000[label = "NearestFirstNode"];
n000 -> n0000;
n0001[label = "FarthestInsertion"];
n000 -> n0001;
n00 -> n000;
n001[label = "FarthestInsertion"];
n00 -> n001;
n002[label = "FarthestFirstNode"];
n00 -> n002;
n0 -> n00;
n01[label = "FarthestInsertion"];
n0 -> n01;
n02[label = "Equal"];
n020[label = "FarthestInsertion"];
n02 -> n020;
n021[label = "FarthestNeighbor"];
n02 -> n021;
n0 -> n02;
n -> n0;
n1[label = "FarthestInsertion"];
n -> n1;
}


Generation: 36
Best Individual:
Subpopulation 0:
Evaluated: true
Fitness: Standardized=0.28440526 Adjusted=0.7785705 Hits=0
Tree 0:
digraph g {
node [shape=rectangle];
n[label = "Equal"];
n0[label = "If_Then_Else"];
n00[label = "If_Then_Else"];
n000[label = "Equal"];
n0000[label = "NearestFirstNode"];
n000 -> n0000;
n0001[label = "FarthestInsertion"];
n000 -> n0001;
n00 -> n000;
n001[label = "FarthestInsertion"];
n00 -> n001;
n002[label = "FarthestFirstNode"];
n00 -> n002;
n0 -> n00;
n01[label = "FarthestInsertion"];
n0 -> n01;
n02[label = "Equal"];
n020[label = "FarthestInsertion"];
n02 -> n020;
n021[label = "FarthestNeighbor"];
n02 -> n021;
n0 -> n02;
n -> n0;
n1[label = "FarthestInsertion"];
n -> n1;
}


Generation: 37
Best Individual:
Subpopulation 0:
Evaluated: true
Fitness: Standardized=0.28440526 Adjusted=0.7785705 Hits=0
Tree 0:
digraph g {
node [shape=rectangle];
n[label = "Equal"];
n0[label = "If_Then_Else"];
n00[label = "If_Then_Else"];
n000[label = "Equal"];
n0000[label = "NearestFirstNode"];
n000 -> n0000;
n0001[label = "FarthestInsertion"];
n000 -> n0001;
n00 -> n000;
n001[label = "FarthestInsertion"];
n00 -> n001;
n002[label = "FarthestFirstNode"];
n00 -> n002;
n0 -> n00;
n01[label = "FarthestInsertion"];
n0 -> n01;
n02[label = "Equal"];
n020[label = "FarthestInsertion"];
n02 -> n020;
n021[label = "FarthestNeighbor"];
n02 -> n021;
n0 -> n02;
n -> n0;
n1[label = "FarthestInsertion"];
n -> n1;
}


Generation: 38
Best Individual:
Subpopulation 0:
Evaluated: true
Fitness: Standardized=0.28440526 Adjusted=0.7785705 Hits=0
Tree 0:
digraph g {
node [shape=rectangle];
n[label = "Equal"];
n0[label = "If_Then_Else"];
n00[label = "If_Then_Else"];
n000[label = "Equal"];
n0000[label = "NearestFirstNode"];
n000 -> n0000;
n0001[label = "FarthestInsertion"];
n000 -> n0001;
n00 -> n000;
n001[label = "FarthestInsertion"];
n00 -> n001;
n002[label = "FarthestFirstNode"];
n00 -> n002;
n0 -> n00;
n01[label = "FarthestInsertion"];
n0 -> n01;
n02[label = "If_Then_Else"];
n020[label = "Equal"];
n0200[label = "NearestFirstNode"];
n020 -> n0200;
n0201[label = "FarthestInsertion"];
n020 -> n0201;
n02 -> n020;
n021[label = "FarthestInsertion"];
n02 -> n021;
n022[label = "FarthestFirstNode"];
n02 -> n022;
n0 -> n02;
n -> n0;
n1[label = "FarthestInsertion"];
n -> n1;
}


Generation: 39
Best Individual:
Subpopulation 0:
Evaluated: true
Fitness: Standardized=0.28440526 Adjusted=0.7785705 Hits=0
Tree 0:
digraph g {
node [shape=rectangle];
n[label = "Equal"];
n0[label = "If_Then_Else"];
n00[label = "If_Then_Else"];
n000[label = "Equal"];
n0000[label = "NearestFirstNode"];
n000 -> n0000;
n0001[label = "FarthestInsertion"];
n000 -> n0001;
n00 -> n000;
n001[label = "FarthestInsertion"];
n00 -> n001;
n002[label = "FarthestFirstNode"];
n00 -> n002;
n0 -> n00;
n01[label = "FarthestInsertion"];
n0 -> n01;
n02[label = "Equal"];
n020[label = "If_Then_Else"];
n0200[label = "FarthestFirstNode"];
n020 -> n0200;
n0201[label = "FarthestInsertion"];
n020 -> n0201;
n0202[label = "FarthestFirstNode"];
n020 -> n0202;
n02 -> n020;
n021[label = "FarthestInsertion"];
n02 -> n021;
n0 -> n02;
n -> n0;
n1[label = "FarthestInsertion"];
n -> n1;
}


Generation: 40
Best Individual:
Subpopulation 0:
Evaluated: true
Fitness: Standardized=0.28440526 Adjusted=0.7785705 Hits=0
Tree 0:
digraph g {
node [shape=rectangle];
n[label = "Equal"];
n0[label = "If_Then_Else"];
n00[label = "If_Then_Else"];
n000[label = "Equal"];
n0000[label = "NearestFirstNode"];
n000 -> n0000;
n0001[label = "FarthestInsertion"];
n000 -> n0001;
n00 -> n000;
n001[label = "FarthestInsertion"];
n00 -> n001;
n002[label = "FarthestFirstNode"];
n00 -> n002;
n0 -> n00;
n01[label = "FarthestInsertion"];
n0 -> n01;
n02[label = "FarthestInsertion"];
n0 -> n02;
n -> n0;
n1[label = "FarthestInsertion"];
n -> n1;
}


Generation: 41
Best Individual:
Subpopulation 0:
Evaluated: true
Fitness: Standardized=0.28440526 Adjusted=0.7785705 Hits=0
Tree 0:
digraph g {
node [shape=rectangle];
n[label = "Equal"];
n0[label = "If_Then_Else"];
n00[label = "If_Then_Else"];
n000[label = "Equal"];
n0000[label = "NearestFirstNode"];
n000 -> n0000;
n0001[label = "FarthestInsertion"];
n000 -> n0001;
n00 -> n000;
n001[label = "FarthestInsertion"];
n00 -> n001;
n002[label = "FarthestFirstNode"];
n00 -> n002;
n0 -> n00;
n01[label = "FarthestInsertion"];
n0 -> n01;
n02[label = "FarthestInsertion"];
n0 -> n02;
n -> n0;
n1[label = "FarthestInsertion"];
n -> n1;
}


Generation: 42
Best Individual:
Subpopulation 0:
Evaluated: true
Fitness: Standardized=0.28440526 Adjusted=0.7785705 Hits=0
Tree 0:
digraph g {
node [shape=rectangle];
n[label = "Equal"];
n0[label = "If_Then_Else"];
n00[label = "If_Then_Else"];
n000[label = "Equal"];
n0000[label = "NearestFirstNode"];
n000 -> n0000;
n0001[label = "FarthestInsertion"];
n000 -> n0001;
n00 -> n000;
n001[label = "FarthestInsertion"];
n00 -> n001;
n002[label = "FarthestFirstNode"];
n00 -> n002;
n0 -> n00;
n01[label = "FarthestInsertion"];
n0 -> n01;
n02[label = "While"];
n020[label = "Equal"];
n0200[label = "NearestFirstNode"];
n020 -> n0200;
n0201[label = "FarthestInsertion"];
n020 -> n0201;
n02 -> n020;
n021[label = "FarthestInsertion"];
n02 -> n021;
n0 -> n02;
n -> n0;
n1[label = "FarthestInsertion"];
n -> n1;
}


Generation: 43
Best Individual:
Subpopulation 0:
Evaluated: true
Fitness: Standardized=0.28440526 Adjusted=0.7785705 Hits=0
Tree 0:
digraph g {
node [shape=rectangle];
n[label = "Equal"];
n0[label = "If_Then_Else"];
n00[label = "If_Then_Else"];
n000[label = "Equal"];
n0000[label = "NearestFirstNode"];
n000 -> n0000;
n0001[label = "FarthestInsertion"];
n000 -> n0001;
n00 -> n000;
n001[label = "FarthestInsertion"];
n00 -> n001;
n002[label = "FarthestFirstNode"];
n00 -> n002;
n0 -> n00;
n01[label = "FarthestInsertion"];
n0 -> n01;
n02[label = "Equal"];
n020[label = "Equal"];
n0200[label = "FarthestInsertion"];
n020 -> n0200;
n0201[label = "FarthestInsertion"];
n020 -> n0201;
n02 -> n020;
n021[label = "FarthestInsertion"];
n02 -> n021;
n0 -> n02;
n -> n0;
n1[label = "FarthestInsertion"];
n -> n1;
}


Generation: 44
Best Individual:
Subpopulation 0:
Evaluated: true
Fitness: Standardized=0.28440526 Adjusted=0.7785705 Hits=0
Tree 0:
digraph g {
node [shape=rectangle];
n[label = "Equal"];
n0[label = "If_Then_Else"];
n00[label = "If_Then_Else"];
n000[label = "Equal"];
n0000[label = "NearestFirstNode"];
n000 -> n0000;
n0001[label = "FarthestInsertion"];
n000 -> n0001;
n00 -> n000;
n001[label = "FarthestInsertion"];
n00 -> n001;
n002[label = "FarthestFirstNode"];
n00 -> n002;
n0 -> n00;
n01[label = "FarthestInsertion"];
n0 -> n01;
n02[label = "Equal"];
n020[label = "NearestFirstNode"];
n02 -> n020;
n021[label = "FarthestInsertion"];
n02 -> n021;
n0 -> n02;
n -> n0;
n1[label = "FarthestInsertion"];
n -> n1;
}


Generation: 45
Best Individual:
Subpopulation 0:
Evaluated: true
Fitness: Standardized=0.28440526 Adjusted=0.7785705 Hits=0
Tree 0:
digraph g {
node [shape=rectangle];
n[label = "Equal"];
n0[label = "If_Then_Else"];
n00[label = "If_Then_Else"];
n000[label = "Equal"];
n0000[label = "NearestFirstNode"];
n000 -> n0000;
n0001[label = "FarthestInsertion"];
n000 -> n0001;
n00 -> n000;
n001[label = "FarthestInsertion"];
n00 -> n001;
n002[label = "FarthestFirstNode"];
n00 -> n002;
n0 -> n00;
n01[label = "FarthestInsertion"];
n0 -> n01;
n02[label = "FarthestInsertion"];
n0 -> n02;
n -> n0;
n1[label = "FarthestInsertion"];
n -> n1;
}


Generation: 46
Best Individual:
Subpopulation 0:
Evaluated: true
Fitness: Standardized=0.28440526 Adjusted=0.7785705 Hits=0
Tree 0:
digraph g {
node [shape=rectangle];
n[label = "Equal"];
n0[label = "If_Then_Else"];
n00[label = "If_Then_Else"];
n000[label = "Equal"];
n0000[label = "NearestFirstNode"];
n000 -> n0000;
n0001[label = "FarthestInsertion"];
n000 -> n0001;
n00 -> n000;
n001[label = "FarthestInsertion"];
n00 -> n001;
n002[label = "NearestFirstNode"];
n00 -> n002;
n0 -> n00;
n01[label = "FarthestInsertion"];
n0 -> n01;
n02[label = "If_Then_Else"];
n020[label = "FarthestInsertion"];
n02 -> n020;
n021[label = "FarthestInsertion"];
n02 -> n021;
n022[label = "FarthestInsertion"];
n02 -> n022;
n0 -> n02;
n -> n0;
n1[label = "FarthestInsertion"];
n -> n1;
}


Generation: 47
Best Individual:
Subpopulation 0:
Evaluated: true
Fitness: Standardized=0.28440526 Adjusted=0.7785705 Hits=0
Tree 0:
digraph g {
node [shape=rectangle];
n[label = "Equal"];
n0[label = "If_Then_Else"];
n00[label = "If_Then_Else"];
n000[label = "Equal"];
n0000[label = "NearestFirstNode"];
n000 -> n0000;
n0001[label = "FarthestInsertion"];
n000 -> n0001;
n00 -> n000;
n001[label = "FarthestInsertion"];
n00 -> n001;
n002[label = "FarthestFirstNode"];
n00 -> n002;
n0 -> n00;
n01[label = "FarthestInsertion"];
n0 -> n01;
n02[label = "FarthestInsertion"];
n0 -> n02;
n -> n0;
n1[label = "FarthestInsertion"];
n -> n1;
}


Generation: 48
Best Individual:
Subpopulation 0:
Evaluated: true
Fitness: Standardized=0.28440526 Adjusted=0.7785705 Hits=0
Tree 0:
digraph g {
node [shape=rectangle];
n[label = "Equal"];
n0[label = "If_Then_Else"];
n00[label = "If_Then_Else"];
n000[label = "Equal"];
n0000[label = "NearestFirstNode"];
n000 -> n0000;
n0001[label = "FarthestInsertion"];
n000 -> n0001;
n00 -> n000;
n001[label = "FarthestInsertion"];
n00 -> n001;
n002[label = "NearestFirstNode"];
n00 -> n002;
n0 -> n00;
n01[label = "FarthestInsertion"];
n0 -> n01;
n02[label = "FarthestNeighbor"];
n0 -> n02;
n -> n0;
n1[label = "FarthestInsertion"];
n -> n1;
}


Generation: 49
Best Individual:
Subpopulation 0:
Evaluated: true
Fitness: Standardized=0.28440526 Adjusted=0.7785705 Hits=0
Tree 0:
digraph g {
node [shape=rectangle];
n[label = "Equal"];
n0[label = "If_Then_Else"];
n00[label = "If_Then_Else"];
n000[label = "Equal"];
n0000[label = "NearestFirstNode"];
n000 -> n0000;
n0001[label = "FarthestInsertion"];
n000 -> n0001;
n00 -> n000;
n001[label = "FarthestInsertion"];
n00 -> n001;
n002[label = "NearestFirstNode"];
n00 -> n002;
n0 -> n00;
n01[label = "FarthestInsertion"];
n0 -> n01;
n02[label = "If_Then_Else"];
n020[label = "Equal"];
n0200[label = "NearestFirstNode"];
n020 -> n0200;
n0201[label = "FarthestInsertion"];
n020 -> n0201;
n02 -> n020;
n021[label = "FarthestInsertion"];
n02 -> n021;
n022[label = "NearestFirstNode"];
n02 -> n022;
n0 -> n02;
n -> n0;
n1[label = "FarthestInsertion"];
n -> n1;
}


Generation: 50
Best Individual:
Subpopulation 0:
Evaluated: true
Fitness: Standardized=0.28440526 Adjusted=0.7785705 Hits=0
Tree 0:
digraph g {
node [shape=rectangle];
n[label = "Equal"];
n0[label = "If_Then_Else"];
n00[label = "If_Then_Else"];
n000[label = "Equal"];
n0000[label = "NearestFirstNode"];
n000 -> n0000;
n0001[label = "FarthestInsertion"];
n000 -> n0001;
n00 -> n000;
n001[label = "FarthestInsertion"];
n00 -> n001;
n002[label = "NearestFirstNode"];
n00 -> n002;
n0 -> n00;
n01[label = "FarthestInsertion"];
n0 -> n01;
n02[label = "If_Then_Else"];
n020[label = "Equal"];
n0200[label = "NearestFirstNode"];
n020 -> n0200;
n0201[label = "FarthestInsertion"];
n020 -> n0201;
n02 -> n020;
n021[label = "FarthestInsertion"];
n02 -> n021;
n022[label = "NearestFirstNode"];
n02 -> n022;
n0 -> n02;
n -> n0;
n1[label = "FarthestInsertion"];
n -> n1;
}


Generation: 51
Best Individual:
Subpopulation 0:
Evaluated: true
Fitness: Standardized=0.28440526 Adjusted=0.7785705 Hits=0
Tree 0:
digraph g {
node [shape=rectangle];
n[label = "Equal"];
n0[label = "If_Then_Else"];
n00[label = "If_Then_Else"];
n000[label = "Equal"];
n0000[label = "NearestFirstNode"];
n000 -> n0000;
n0001[label = "FarthestInsertion"];
n000 -> n0001;
n00 -> n000;
n001[label = "FarthestInsertion"];
n00 -> n001;
n002[label = "NearestFirstNode"];
n00 -> n002;
n0 -> n00;
n01[label = "FarthestInsertion"];
n0 -> n01;
n02[label = "FarthestNeighbor"];
n0 -> n02;
n -> n0;
n1[label = "FarthestInsertion"];
n -> n1;
}


Generation: 52
Best Individual:
Subpopulation 0:
Evaluated: true
Fitness: Standardized=0.28440526 Adjusted=0.7785705 Hits=0
Tree 0:
digraph g {
node [shape=rectangle];
n[label = "Equal"];
n0[label = "If_Then_Else"];
n00[label = "If_Then_Else"];
n000[label = "Equal"];
n0000[label = "NearestFirstNode"];
n000 -> n0000;
n0001[label = "FarthestInsertion"];
n000 -> n0001;
n00 -> n000;
n001[label = "FarthestInsertion"];
n00 -> n001;
n002[label = "NearestFirstNode"];
n00 -> n002;
n0 -> n00;
n01[label = "FarthestInsertion"];
n0 -> n01;
n02[label = "If_Then_Else"];
n020[label = "FarthestInsertion"];
n02 -> n020;
n021[label = "FarthestInsertion"];
n02 -> n021;
n022[label = "FarthestInsertion"];
n02 -> n022;
n0 -> n02;
n -> n0;
n1[label = "FarthestInsertion"];
n -> n1;
}


Generation: 53
Best Individual:
Subpopulation 0:
Evaluated: true
Fitness: Standardized=0.28440526 Adjusted=0.7785705 Hits=0
Tree 0:
digraph g {
node [shape=rectangle];
n[label = "Equal"];
n0[label = "If_Then_Else"];
n00[label = "If_Then_Else"];
n000[label = "Equal"];
n0000[label = "NearestFirstNode"];
n000 -> n0000;
n0001[label = "FarthestInsertion"];
n000 -> n0001;
n00 -> n000;
n001[label = "FarthestInsertion"];
n00 -> n001;
n002[label = "NearestFirstNode"];
n00 -> n002;
n0 -> n00;
n01[label = "FarthestInsertion"];
n0 -> n01;
n02[label = "If_Then_Else"];
n020[label = "Equal"];
n0200[label = "NearestFirstNode"];
n020 -> n0200;
n0201[label = "FarthestInsertion"];
n020 -> n0201;
n02 -> n020;
n021[label = "FarthestInsertion"];
n02 -> n021;
n022[label = "NearestFirstNode"];
n02 -> n022;
n0 -> n02;
n -> n0;
n1[label = "FarthestInsertion"];
n -> n1;
}


Generation: 54
Best Individual:
Subpopulation 0:
Evaluated: true
Fitness: Standardized=0.28440526 Adjusted=0.7785705 Hits=0
Tree 0:
digraph g {
node [shape=rectangle];
n[label = "Equal"];
n0[label = "If_Then_Else"];
n00[label = "If_Then_Else"];
n000[label = "Equal"];
n0000[label = "NearestFirstNode"];
n000 -> n0000;
n0001[label = "FarthestInsertion"];
n000 -> n0001;
n00 -> n000;
n001[label = "FarthestInsertion"];
n00 -> n001;
n002[label = "NearestFirstNode"];
n00 -> n002;
n0 -> n00;
n01[label = "FarthestInsertion"];
n0 -> n01;
n02[label = "If_Then_Else"];
n020[label = "Equal"];
n0200[label = "NearestFirstNode"];
n020 -> n0200;
n0201[label = "FarthestInsertion"];
n020 -> n0201;
n02 -> n020;
n021[label = "FarthestInsertion"];
n02 -> n021;
n022[label = "NearestFirstNode"];
n02 -> n022;
n0 -> n02;
n -> n0;
n1[label = "FarthestInsertion"];
n -> n1;
}


Generation: 55
Best Individual:
Subpopulation 0:
Evaluated: true
Fitness: Standardized=0.28440526 Adjusted=0.7785705 Hits=0
Tree 0:
digraph g {
node [shape=rectangle];
n[label = "Equal"];
n0[label = "If_Then_Else"];
n00[label = "If_Then_Else"];
n000[label = "Equal"];
n0000[label = "NearestFirstNode"];
n000 -> n0000;
n0001[label = "FarthestInsertion"];
n000 -> n0001;
n00 -> n000;
n001[label = "FarthestInsertion"];
n00 -> n001;
n002[label = "NearestFirstNode"];
n00 -> n002;
n0 -> n00;
n01[label = "FarthestInsertion"];
n0 -> n01;
n02[label = "NearestFirstNode"];
n0 -> n02;
n -> n0;
n1[label = "FarthestInsertion"];
n -> n1;
}


Generation: 56
Best Individual:
Subpopulation 0:
Evaluated: true
Fitness: Standardized=0.28440526 Adjusted=0.7785705 Hits=0
Tree 0:
digraph g {
node [shape=rectangle];
n[label = "Equal"];
n0[label = "If_Then_Else"];
n00[label = "If_Then_Else"];
n000[label = "Equal"];
n0000[label = "NearestFirstNode"];
n000 -> n0000;
n0001[label = "FarthestInsertion"];
n000 -> n0001;
n00 -> n000;
n001[label = "FarthestInsertion"];
n00 -> n001;
n002[label = "NearestFirstNode"];
n00 -> n002;
n0 -> n00;
n01[label = "FarthestInsertion"];
n0 -> n01;
n02[label = "If_Then_Else"];
n020[label = "Equal"];
n0200[label = "NearestFirstNode"];
n020 -> n0200;
n0201[label = "FarthestInsertion"];
n020 -> n0201;
n02 -> n020;
n021[label = "FarthestInsertion"];
n02 -> n021;
n022[label = "NearestFirstNode"];
n02 -> n022;
n0 -> n02;
n -> n0;
n1[label = "FarthestInsertion"];
n -> n1;
}


Generation: 57
Best Individual:
Subpopulation 0:
Evaluated: true
Fitness: Standardized=0.28440526 Adjusted=0.7785705 Hits=0
Tree 0:
digraph g {
node [shape=rectangle];
n[label = "Equal"];
n0[label = "If_Then_Else"];
n00[label = "If_Then_Else"];
n000[label = "Equal"];
n0000[label = "NearestFirstNode"];
n000 -> n0000;
n0001[label = "FarthestInsertion"];
n000 -> n0001;
n00 -> n000;
n001[label = "FarthestInsertion"];
n00 -> n001;
n002[label = "NearestFirstNode"];
n00 -> n002;
n0 -> n00;
n01[label = "FarthestInsertion"];
n0 -> n01;
n02[label = "If_Then_Else"];
n020[label = "FarthestNeighbor"];
n02 -> n020;
n021[label = "FarthestInsertion"];
n02 -> n021;
n022[label = "NearestFirstNode"];
n02 -> n022;
n0 -> n02;
n -> n0;
n1[label = "FarthestInsertion"];
n -> n1;
}


Generation: 58
Best Individual:
Subpopulation 0:
Evaluated: true
Fitness: Standardized=0.28440526 Adjusted=0.7785705 Hits=0
Tree 0:
digraph g {
node [shape=rectangle];
n[label = "Equal"];
n0[label = "If_Then_Else"];
n00[label = "If_Then_Else"];
n000[label = "Equal"];
n0000[label = "NearestFirstNode"];
n000 -> n0000;
n0001[label = "FarthestInsertion"];
n000 -> n0001;
n00 -> n000;
n001[label = "FarthestInsertion"];
n00 -> n001;
n002[label = "NearestFirstNode"];
n00 -> n002;
n0 -> n00;
n01[label = "FarthestInsertion"];
n0 -> n01;
n02[label = "If_Then_Else"];
n020[label = "FarthestNeighbor"];
n02 -> n020;
n021[label = "FarthestInsertion"];
n02 -> n021;
n022[label = "NearestFirstNode"];
n02 -> n022;
n0 -> n02;
n -> n0;
n1[label = "FarthestInsertion"];
n -> n1;
}


Generation: 59
Best Individual:
Subpopulation 0:
Evaluated: true
Fitness: Standardized=0.28440526 Adjusted=0.7785705 Hits=0
Tree 0:
digraph g {
node [shape=rectangle];
n[label = "Equal"];
n0[label = "If_Then_Else"];
n00[label = "If_Then_Else"];
n000[label = "Equal"];
n0000[label = "NearestFirstNode"];
n000 -> n0000;
n0001[label = "FarthestInsertion"];
n000 -> n0001;
n00 -> n000;
n001[label = "FarthestInsertion"];
n00 -> n001;
n002[label = "NearestFirstNode"];
n00 -> n002;
n0 -> n00;
n01[label = "FarthestInsertion"];
n0 -> n01;
n02[label = "If_Then_Else"];
n020[label = "Equal"];
n0200[label = "NearestFirstNode"];
n020 -> n0200;
n0201[label = "FarthestInsertion"];
n020 -> n0201;
n02 -> n020;
n021[label = "FarthestInsertion"];
n02 -> n021;
n022[label = "FarthestFirstNode"];
n02 -> n022;
n0 -> n02;
n -> n0;
n1[label = "FarthestInsertion"];
n -> n1;
}


Generation: 60
Best Individual:
Subpopulation 0:
Evaluated: true
Fitness: Standardized=0.28440526 Adjusted=0.7785705 Hits=0
Tree 0:
digraph g {
node [shape=rectangle];
n[label = "Equal"];
n0[label = "If_Then_Else"];
n00[label = "If_Then_Else"];
n000[label = "Equal"];
n0000[label = "NearestFirstNode"];
n000 -> n0000;
n0001[label = "FarthestInsertion"];
n000 -> n0001;
n00 -> n000;
n001[label = "FarthestInsertion"];
n00 -> n001;
n002[label = "FarthestFirstNode"];
n00 -> n002;
n0 -> n00;
n01[label = "FarthestInsertion"];
n0 -> n01;
n02[label = "NearestNeighbor"];
n0 -> n02;
n -> n0;
n1[label = "FarthestInsertion"];
n -> n1;
}


Generation: 61
Best Individual:
Subpopulation 0:
Evaluated: true
Fitness: Standardized=0.28440526 Adjusted=0.7785705 Hits=0
Tree 0:
digraph g {
node [shape=rectangle];
n[label = "Equal"];
n0[label = "If_Then_Else"];
n00[label = "If_Then_Else"];
n000[label = "Equal"];
n0000[label = "NearestFirstNode"];
n000 -> n0000;
n0001[label = "FarthestInsertion"];
n000 -> n0001;
n00 -> n000;
n001[label = "FarthestInsertion"];
n00 -> n001;
n002[label = "FarthestFirstNode"];
n00 -> n002;
n0 -> n00;
n01[label = "FarthestInsertion"];
n0 -> n01;
n02[label = "NearestNeighbor"];
n0 -> n02;
n -> n0;
n1[label = "FarthestInsertion"];
n -> n1;
}


Generation: 62
Best Individual:
Subpopulation 0:
Evaluated: true
Fitness: Standardized=0.28440526 Adjusted=0.7785705 Hits=0
Tree 0:
digraph g {
node [shape=rectangle];
n[label = "Equal"];
n0[label = "If_Then_Else"];
n00[label = "If_Then_Else"];
n000[label = "Equal"];
n0000[label = "NearestFirstNode"];
n000 -> n0000;
n0001[label = "FarthestInsertion"];
n000 -> n0001;
n00 -> n000;
n001[label = "FarthestInsertion"];
n00 -> n001;
n002[label = "FarthestFirstNode"];
n00 -> n002;
n0 -> n00;
n01[label = "FarthestInsertion"];
n0 -> n01;
n02[label = "NearestNeighbor"];
n0 -> n02;
n -> n0;
n1[label = "FarthestInsertion"];
n -> n1;
}


Generation: 63
Best Individual:
Subpopulation 0:
Evaluated: true
Fitness: Standardized=0.28440526 Adjusted=0.7785705 Hits=0
Tree 0:
digraph g {
node [shape=rectangle];
n[label = "Equal"];
n0[label = "If_Then_Else"];
n00[label = "If_Then_Else"];
n000[label = "Equal"];
n0000[label = "NearestFirstNode"];
n000 -> n0000;
n0001[label = "FarthestInsertion"];
n000 -> n0001;
n00 -> n000;
n001[label = "FarthestInsertion"];
n00 -> n001;
n002[label = "NearestFirstNode"];
n00 -> n002;
n0 -> n00;
n01[label = "FarthestInsertion"];
n0 -> n01;
n02[label = "If_Then_Else"];
n020[label = "Equal"];
n0200[label = "NearestFirstNode"];
n020 -> n0200;
n0201[label = "FarthestInsertion"];
n020 -> n0201;
n02 -> n020;
n021[label = "FarthestInsertion"];
n02 -> n021;
n022[label = "FarthestNeighbor"];
n02 -> n022;
n0 -> n02;
n -> n0;
n1[label = "FarthestInsertion"];
n -> n1;
}


Generation: 64
Best Individual:
Subpopulation 0:
Evaluated: true
Fitness: Standardized=0.28440526 Adjusted=0.7785705 Hits=0
Tree 0:
digraph g {
node [shape=rectangle];
n[label = "Equal"];
n0[label = "If_Then_Else"];
n00[label = "If_Then_Else"];
n000[label = "Equal"];
n0000[label = "NearestFirstNode"];
n000 -> n0000;
n0001[label = "FarthestInsertion"];
n000 -> n0001;
n00 -> n000;
n001[label = "FarthestInsertion"];
n00 -> n001;
n002[label = "FarthestFirstNode"];
n00 -> n002;
n0 -> n00;
n01[label = "FarthestInsertion"];
n0 -> n01;
n02[label = "NearestNeighbor"];
n0 -> n02;
n -> n0;
n1[label = "FarthestInsertion"];
n -> n1;
}


Generation: 65
Best Individual:
Subpopulation 0:
Evaluated: true
Fitness: Standardized=0.28440526 Adjusted=0.7785705 Hits=0
Tree 0:
digraph g {
node [shape=rectangle];
n[label = "Equal"];
n0[label = "If_Then_Else"];
n00[label = "If_Then_Else"];
n000[label = "Equal"];
n0000[label = "NearestFirstNode"];
n000 -> n0000;
n0001[label = "FarthestInsertion"];
n000 -> n0001;
n00 -> n000;
n001[label = "FarthestInsertion"];
n00 -> n001;
n002[label = "NearestFirstNode"];
n00 -> n002;
n0 -> n00;
n01[label = "FarthestInsertion"];
n0 -> n01;
n02[label = "If_Then_Else"];
n020[label = "Equal"];
n0200[label = "NearestFirstNode"];
n020 -> n0200;
n0201[label = "FarthestInsertion"];
n020 -> n0201;
n02 -> n020;
n021[label = "FarthestInsertion"];
n02 -> n021;
n022[label = "FarthestNeighbor"];
n02 -> n022;
n0 -> n02;
n -> n0;
n1[label = "FarthestInsertion"];
n -> n1;
}


Generation: 66
Best Individual:
Subpopulation 0:
Evaluated: true
Fitness: Standardized=0.28440526 Adjusted=0.7785705 Hits=0
Tree 0:
digraph g {
node [shape=rectangle];
n[label = "Equal"];
n0[label = "If_Then_Else"];
n00[label = "If_Then_Else"];
n000[label = "Equal"];
n0000[label = "NearestFirstNode"];
n000 -> n0000;
n0001[label = "FarthestInsertion"];
n000 -> n0001;
n00 -> n000;
n001[label = "FarthestInsertion"];
n00 -> n001;
n002[label = "NearestFirstNode"];
n00 -> n002;
n0 -> n00;
n01[label = "FarthestInsertion"];
n0 -> n01;
n02[label = "If_Then_Else"];
n020[label = "Equal"];
n0200[label = "NearestFirstNode"];
n020 -> n0200;
n0201[label = "FarthestInsertion"];
n020 -> n0201;
n02 -> n020;
n021[label = "FarthestInsertion"];
n02 -> n021;
n022[label = "FarthestNeighbor"];
n02 -> n022;
n0 -> n02;
n -> n0;
n1[label = "FarthestInsertion"];
n -> n1;
}


Generation: 67
Best Individual:
Subpopulation 0:
Evaluated: true
Fitness: Standardized=0.28440526 Adjusted=0.7785705 Hits=0
Tree 0:
digraph g {
node [shape=rectangle];
n[label = "Equal"];
n0[label = "If_Then_Else"];
n00[label = "If_Then_Else"];
n000[label = "Equal"];
n0000[label = "NearestFirstNode"];
n000 -> n0000;
n0001[label = "FarthestInsertion"];
n000 -> n0001;
n00 -> n000;
n001[label = "FarthestInsertion"];
n00 -> n001;
n002[label = "FarthestFirstNode"];
n00 -> n002;
n0 -> n00;
n01[label = "FarthestInsertion"];
n0 -> n01;
n02[label = "NearestNeighbor"];
n0 -> n02;
n -> n0;
n1[label = "FarthestInsertion"];
n -> n1;
}


Generation: 68
Best Individual:
Subpopulation 0:
Evaluated: true
Fitness: Standardized=0.28440526 Adjusted=0.7785705 Hits=0
Tree 0:
digraph g {
node [shape=rectangle];
n[label = "Equal"];
n0[label = "If_Then_Else"];
n00[label = "If_Then_Else"];
n000[label = "Equal"];
n0000[label = "NearestFirstNode"];
n000 -> n0000;
n0001[label = "FarthestInsertion"];
n000 -> n0001;
n00 -> n000;
n001[label = "FarthestInsertion"];
n00 -> n001;
n002[label = "FarthestFirstNode"];
n00 -> n002;
n0 -> n00;
n01[label = "FarthestInsertion"];
n0 -> n01;
n02[label = "If_Then_Else"];
n020[label = "NearestInsertion"];
n02 -> n020;
n021[label = "FarthestInsertion"];
n02 -> n021;
n022[label = "FarthestNeighbor"];
n02 -> n022;
n0 -> n02;
n -> n0;
n1[label = "FarthestInsertion"];
n -> n1;
}


Generation: 69
Best Individual:
Subpopulation 0:
Evaluated: true
Fitness: Standardized=0.28440526 Adjusted=0.7785705 Hits=0
Tree 0:
digraph g {
node [shape=rectangle];
n[label = "Equal"];
n0[label = "If_Then_Else"];
n00[label = "If_Then_Else"];
n000[label = "Equal"];
n0000[label = "NearestFirstNode"];
n000 -> n0000;
n0001[label = "FarthestInsertion"];
n000 -> n0001;
n00 -> n000;
n001[label = "FarthestInsertion"];
n00 -> n001;
n002[label = "FarthestFirstNode"];
n00 -> n002;
n0 -> n00;
n01[label = "FarthestInsertion"];
n0 -> n01;
n02[label = "If_Then_Else"];
n020[label = "NearestInsertion"];
n02 -> n020;
n021[label = "FarthestInsertion"];
n02 -> n021;
n022[label = "FarthestNeighbor"];
n02 -> n022;
n0 -> n02;
n -> n0;
n1[label = "FarthestInsertion"];
n -> n1;
}


Generation: 70
Best Individual:
Subpopulation 0:
Evaluated: true
Fitness: Standardized=0.283807 Adjusted=0.7789333 Hits=0
Tree 0:
digraph g {
node [shape=rectangle];
n[label = "Equal"];
n0[label = "If_Then_Else"];
n00[label = "If_Then_Else"];
n000[label = "Equal"];
n0000[label = "NearestFirstNode"];
n000 -> n0000;
n0001[label = "FarthestInsertion"];
n000 -> n0001;
n00 -> n000;
n001[label = "FarthestInsertion"];
n00 -> n001;
n002[label = "NearestFirstNode"];
n00 -> n002;
n0 -> n00;
n01[label = "FarthestInsertion"];
n0 -> n01;
n02[label = "NearestNeighbor"];
n0 -> n02;
n -> n0;
n1[label = "If_Then_Else"];
n10[label = "If_Then_Else"];
n100[label = "Equal"];
n1000[label = "NearestFirstNode"];
n100 -> n1000;
n1001[label = "FarthestInsertion"];
n100 -> n1001;
n10 -> n100;
n101[label = "FarthestInsertion"];
n10 -> n101;
n102[label = "FarthestFirstNode"];
n10 -> n102;
n1 -> n10;
n11[label = "BestMove"];
n1 -> n11;
n12[label = "NearestNeighbor"];
n1 -> n12;
n -> n1;
}


Generation: 71
Best Individual:
Subpopulation 0:
Evaluated: true
Fitness: Standardized=0.283807 Adjusted=0.7789333 Hits=0
Tree 0:
digraph g {
node [shape=rectangle];
n[label = "Equal"];
n0[label = "If_Then_Else"];
n00[label = "If_Then_Else"];
n000[label = "Equal"];
n0000[label = "NearestFirstNode"];
n000 -> n0000;
n0001[label = "FarthestInsertion"];
n000 -> n0001;
n00 -> n000;
n001[label = "FarthestInsertion"];
n00 -> n001;
n002[label = "NearestFirstNode"];
n00 -> n002;
n0 -> n00;
n01[label = "FarthestInsertion"];
n0 -> n01;
n02[label = "NearestNeighbor"];
n0 -> n02;
n -> n0;
n1[label = "If_Then_Else"];
n10[label = "If_Then_Else"];
n100[label = "Equal"];
n1000[label = "NearestFirstNode"];
n100 -> n1000;
n1001[label = "FarthestInsertion"];
n100 -> n1001;
n10 -> n100;
n101[label = "FarthestInsertion"];
n10 -> n101;
n102[label = "FarthestFirstNode"];
n10 -> n102;
n1 -> n10;
n11[label = "BestMove"];
n1 -> n11;
n12[label = "NearestNeighbor"];
n1 -> n12;
n -> n1;
}


Generation: 72
Best Individual:
Subpopulation 0:
Evaluated: true
Fitness: Standardized=0.283807 Adjusted=0.7789333 Hits=0
Tree 0:
digraph g {
node [shape=rectangle];
n[label = "Equal"];
n0[label = "If_Then_Else"];
n00[label = "If_Then_Else"];
n000[label = "Equal"];
n0000[label = "NearestFirstNode"];
n000 -> n0000;
n0001[label = "FarthestInsertion"];
n000 -> n0001;
n00 -> n000;
n001[label = "FarthestInsertion"];
n00 -> n001;
n002[label = "NearestFirstNode"];
n00 -> n002;
n0 -> n00;
n01[label = "FarthestInsertion"];
n0 -> n01;
n02[label = "NearestNeighbor"];
n0 -> n02;
n -> n0;
n1[label = "If_Then_Else"];
n10[label = "If_Then_Else"];
n100[label = "Equal"];
n1000[label = "NearestFirstNode"];
n100 -> n1000;
n1001[label = "FarthestInsertion"];
n100 -> n1001;
n10 -> n100;
n101[label = "FarthestInsertion"];
n10 -> n101;
n102[label = "FarthestFirstNode"];
n10 -> n102;
n1 -> n10;
n11[label = "BestMove"];
n1 -> n11;
n12[label = "NearestNeighbor"];
n1 -> n12;
n -> n1;
}


Generation: 73
Best Individual:
Subpopulation 0:
Evaluated: true
Fitness: Standardized=0.2768663 Adjusted=0.78316736 Hits=0
Tree 0:
digraph g {
node [shape=rectangle];
n[label = "Equal"];
n0[label = "If_Then_Else"];
n00[label = "If_Then_Else"];
n000[label = "Equal"];
n0000[label = "NearestFirstNode"];
n000 -> n0000;
n0001[label = "FarthestInsertion"];
n000 -> n0001;
n00 -> n000;
n001[label = "FarthestInsertion"];
n00 -> n001;
n002[label = "NearestFirstNode"];
n00 -> n002;
n0 -> n00;
n01[label = "FarthestInsertion"];
n0 -> n01;
n02[label = "NearestNeighbor"];
n0 -> n02;
n -> n0;
n1[label = "If_Then_Else"];
n10[label = "If_Then_Else"];
n100[label = "FarthestInsertion"];
n10 -> n100;
n101[label = "FarthestInsertion"];
n10 -> n101;
n102[label = "FarthestFirstNode"];
n10 -> n102;
n1 -> n10;
n11[label = "BestMove"];
n1 -> n11;
n12[label = "NearestNeighbor"];
n1 -> n12;
n -> n1;
}


Generation: 74
Best Individual:
Subpopulation 0:
Evaluated: true
Fitness: Standardized=0.2768663 Adjusted=0.78316736 Hits=0
Tree 0:
digraph g {
node [shape=rectangle];
n[label = "Equal"];
n0[label = "If_Then_Else"];
n00[label = "If_Then_Else"];
n000[label = "Equal"];
n0000[label = "NearestFirstNode"];
n000 -> n0000;
n0001[label = "FarthestInsertion"];
n000 -> n0001;
n00 -> n000;
n001[label = "FarthestInsertion"];
n00 -> n001;
n002[label = "NearestFirstNode"];
n00 -> n002;
n0 -> n00;
n01[label = "FarthestInsertion"];
n0 -> n01;
n02[label = "NearestNeighbor"];
n0 -> n02;
n -> n0;
n1[label = "If_Then_Else"];
n10[label = "If_Then_Else"];
n100[label = "FarthestInsertion"];
n10 -> n100;
n101[label = "FarthestInsertion"];
n10 -> n101;
n102[label = "FarthestFirstNode"];
n10 -> n102;
n1 -> n10;
n11[label = "BestMove"];
n1 -> n11;
n12[label = "NearestNeighbor"];
n1 -> n12;
n -> n1;
}


Generation: 75
Best Individual:
Subpopulation 0:
Evaluated: true
Fitness: Standardized=0.2768663 Adjusted=0.78316736 Hits=0
Tree 0:
digraph g {
node [shape=rectangle];
n[label = "Equal"];
n0[label = "If_Then_Else"];
n00[label = "If_Then_Else"];
n000[label = "Equal"];
n0000[label = "NearestFirstNode"];
n000 -> n0000;
n0001[label = "FarthestInsertion"];
n000 -> n0001;
n00 -> n000;
n001[label = "FarthestInsertion"];
n00 -> n001;
n002[label = "NearestFirstNode"];
n00 -> n002;
n0 -> n00;
n01[label = "FarthestInsertion"];
n0 -> n01;
n02[label = "NearestNeighbor"];
n0 -> n02;
n -> n0;
n1[label = "If_Then_Else"];
n10[label = "If_Then_Else"];
n100[label = "FarthestInsertion"];
n10 -> n100;
n101[label = "FarthestInsertion"];
n10 -> n101;
n102[label = "FarthestFirstNode"];
n10 -> n102;
n1 -> n10;
n11[label = "BestMove"];
n1 -> n11;
n12[label = "NearestNeighbor"];
n1 -> n12;
n -> n1;
}


Generation: 76
Best Individual:
Subpopulation 0:
Evaluated: true
Fitness: Standardized=0.2768663 Adjusted=0.78316736 Hits=0
Tree 0:
digraph g {
node [shape=rectangle];
n[label = "Equal"];
n0[label = "If_Then_Else"];
n00[label = "If_Then_Else"];
n000[label = "Equal"];
n0000[label = "NearestFirstNode"];
n000 -> n0000;
n0001[label = "FarthestInsertion"];
n000 -> n0001;
n00 -> n000;
n001[label = "FarthestInsertion"];
n00 -> n001;
n002[label = "NearestFirstNode"];
n00 -> n002;
n0 -> n00;
n01[label = "FarthestInsertion"];
n0 -> n01;
n02[label = "NearestNeighbor"];
n0 -> n02;
n -> n0;
n1[label = "If_Then_Else"];
n10[label = "If_Then_Else"];
n100[label = "FarthestInsertion"];
n10 -> n100;
n101[label = "FarthestInsertion"];
n10 -> n101;
n102[label = "FarthestFirstNode"];
n10 -> n102;
n1 -> n10;
n11[label = "BestMove"];
n1 -> n11;
n12[label = "NearestNeighbor"];
n1 -> n12;
n -> n1;
}


Generation: 77
Best Individual:
Subpopulation 0:
Evaluated: true
Fitness: Standardized=0.2768663 Adjusted=0.78316736 Hits=0
Tree 0:
digraph g {
node [shape=rectangle];
n[label = "Equal"];
n0[label = "If_Then_Else"];
n00[label = "If_Then_Else"];
n000[label = "Equal"];
n0000[label = "NearestFirstNode"];
n000 -> n0000;
n0001[label = "FarthestInsertion"];
n000 -> n0001;
n00 -> n000;
n001[label = "FarthestInsertion"];
n00 -> n001;
n002[label = "NearestFirstNode"];
n00 -> n002;
n0 -> n00;
n01[label = "FarthestInsertion"];
n0 -> n01;
n02[label = "NearestNeighbor"];
n0 -> n02;
n -> n0;
n1[label = "If_Then_Else"];
n10[label = "If_Then_Else"];
n100[label = "FarthestInsertion"];
n10 -> n100;
n101[label = "FarthestInsertion"];
n10 -> n101;
n102[label = "FarthestFirstNode"];
n10 -> n102;
n1 -> n10;
n11[label = "BestMove"];
n1 -> n11;
n12[label = "NearestNeighbor"];
n1 -> n12;
n -> n1;
}


Generation: 78
Best Individual:
Subpopulation 0:
Evaluated: true
Fitness: Standardized=0.2768663 Adjusted=0.78316736 Hits=0
Tree 0:
digraph g {
node [shape=rectangle];
n[label = "Equal"];
n0[label = "If_Then_Else"];
n00[label = "If_Then_Else"];
n000[label = "Equal"];
n0000[label = "NearestFirstNode"];
n000 -> n0000;
n0001[label = "FarthestInsertion"];
n000 -> n0001;
n00 -> n000;
n001[label = "FarthestInsertion"];
n00 -> n001;
n002[label = "NearestFirstNode"];
n00 -> n002;
n0 -> n00;
n01[label = "FarthestInsertion"];
n0 -> n01;
n02[label = "NearestNeighbor"];
n0 -> n02;
n -> n0;
n1[label = "If_Then_Else"];
n10[label = "If_Then_Else"];
n100[label = "FarthestInsertion"];
n10 -> n100;
n101[label = "FarthestInsertion"];
n10 -> n101;
n102[label = "FarthestFirstNode"];
n10 -> n102;
n1 -> n10;
n11[label = "BestMove"];
n1 -> n11;
n12[label = "NearestNeighbor"];
n1 -> n12;
n -> n1;
}


Generation: 79
Best Individual:
Subpopulation 0:
Evaluated: true
Fitness: Standardized=0.2768663 Adjusted=0.78316736 Hits=0
Tree 0:
digraph g {
node [shape=rectangle];
n[label = "Equal"];
n0[label = "If_Then_Else"];
n00[label = "If_Then_Else"];
n000[label = "Equal"];
n0000[label = "NearestFirstNode"];
n000 -> n0000;
n0001[label = "FarthestInsertion"];
n000 -> n0001;
n00 -> n000;
n001[label = "FarthestInsertion"];
n00 -> n001;
n002[label = "NearestFirstNode"];
n00 -> n002;
n0 -> n00;
n01[label = "FarthestInsertion"];
n0 -> n01;
n02[label = "NearestNeighbor"];
n0 -> n02;
n -> n0;
n1[label = "If_Then_Else"];
n10[label = "If_Then_Else"];
n100[label = "FarthestInsertion"];
n10 -> n100;
n101[label = "FarthestInsertion"];
n10 -> n101;
n102[label = "FarthestFirstNode"];
n10 -> n102;
n1 -> n10;
n11[label = "BestMove"];
n1 -> n11;
n12[label = "NearestNeighbor"];
n1 -> n12;
n -> n1;
}


Generation: 80
Best Individual:
Subpopulation 0:
Evaluated: true
Fitness: Standardized=0.2768663 Adjusted=0.78316736 Hits=0
Tree 0:
digraph g {
node [shape=rectangle];
n[label = "Equal"];
n0[label = "If_Then_Else"];
n00[label = "If_Then_Else"];
n000[label = "Equal"];
n0000[label = "NearestFirstNode"];
n000 -> n0000;
n0001[label = "FarthestInsertion"];
n000 -> n0001;
n00 -> n000;
n001[label = "FarthestInsertion"];
n00 -> n001;
n002[label = "NearestFirstNode"];
n00 -> n002;
n0 -> n00;
n01[label = "FarthestInsertion"];
n0 -> n01;
n02[label = "NearestNeighbor"];
n0 -> n02;
n -> n0;
n1[label = "If_Then_Else"];
n10[label = "If_Then_Else"];
n100[label = "FarthestInsertion"];
n10 -> n100;
n101[label = "FarthestInsertion"];
n10 -> n101;
n102[label = "FarthestFirstNode"];
n10 -> n102;
n1 -> n10;
n11[label = "BestMove"];
n1 -> n11;
n12[label = "NearestNeighbor"];
n1 -> n12;
n -> n1;
}


Generation: 81
Best Individual:
Subpopulation 0:
Evaluated: true
Fitness: Standardized=0.2768663 Adjusted=0.78316736 Hits=0
Tree 0:
digraph g {
node [shape=rectangle];
n[label = "Equal"];
n0[label = "If_Then_Else"];
n00[label = "If_Then_Else"];
n000[label = "Equal"];
n0000[label = "NearestFirstNode"];
n000 -> n0000;
n0001[label = "FarthestInsertion"];
n000 -> n0001;
n00 -> n000;
n001[label = "FarthestInsertion"];
n00 -> n001;
n002[label = "NearestFirstNode"];
n00 -> n002;
n0 -> n00;
n01[label = "FarthestInsertion"];
n0 -> n01;
n02[label = "NearestNeighbor"];
n0 -> n02;
n -> n0;
n1[label = "If_Then_Else"];
n10[label = "If_Then_Else"];
n100[label = "FarthestInsertion"];
n10 -> n100;
n101[label = "FarthestInsertion"];
n10 -> n101;
n102[label = "FarthestFirstNode"];
n10 -> n102;
n1 -> n10;
n11[label = "BestMove"];
n1 -> n11;
n12[label = "NearestNeighbor"];
n1 -> n12;
n -> n1;
}


Generation: 82
Best Individual:
Subpopulation 0:
Evaluated: true
Fitness: Standardized=0.2768663 Adjusted=0.78316736 Hits=0
Tree 0:
digraph g {
node [shape=rectangle];
n[label = "Equal"];
n0[label = "If_Then_Else"];
n00[label = "If_Then_Else"];
n000[label = "Equal"];
n0000[label = "NearestFirstNode"];
n000 -> n0000;
n0001[label = "FarthestInsertion"];
n000 -> n0001;
n00 -> n000;
n001[label = "FarthestInsertion"];
n00 -> n001;
n002[label = "NearestFirstNode"];
n00 -> n002;
n0 -> n00;
n01[label = "FarthestInsertion"];
n0 -> n01;
n02[label = "If_Then_Else"];
n020[label = "If_Then_Else"];
n0200[label = "FarthestInsertion"];
n020 -> n0200;
n0201[label = "FarthestInsertion"];
n020 -> n0201;
n0202[label = "FarthestFirstNode"];
n020 -> n0202;
n02 -> n020;
n021[label = "BestMove"];
n02 -> n021;
n022[label = "NearestNeighbor"];
n02 -> n022;
n0 -> n02;
n -> n0;
n1[label = "If_Then_Else"];
n10[label = "If_Then_Else"];
n100[label = "FarthestInsertion"];
n10 -> n100;
n101[label = "FarthestInsertion"];
n10 -> n101;
n102[label = "FarthestFirstNode"];
n10 -> n102;
n1 -> n10;
n11[label = "BestMove"];
n1 -> n11;
n12[label = "NearestNeighbor"];
n1 -> n12;
n -> n1;
}


Generation: 83
Best Individual:
Subpopulation 0:
Evaluated: true
Fitness: Standardized=0.2768663 Adjusted=0.78316736 Hits=0
Tree 0:
digraph g {
node [shape=rectangle];
n[label = "Equal"];
n0[label = "If_Then_Else"];
n00[label = "If_Then_Else"];
n000[label = "Equal"];
n0000[label = "NearestFirstNode"];
n000 -> n0000;
n0001[label = "FarthestInsertion"];
n000 -> n0001;
n00 -> n000;
n001[label = "FarthestInsertion"];
n00 -> n001;
n002[label = "NearestFirstNode"];
n00 -> n002;
n0 -> n00;
n01[label = "FarthestInsertion"];
n0 -> n01;
n02[label = "NearestNeighbor"];
n0 -> n02;
n -> n0;
n1[label = "If_Then_Else"];
n10[label = "If_Then_Else"];
n100[label = "FarthestInsertion"];
n10 -> n100;
n101[label = "FarthestInsertion"];
n10 -> n101;
n102[label = "FarthestFirstNode"];
n10 -> n102;
n1 -> n10;
n11[label = "BestMove"];
n1 -> n11;
n12[label = "NearestNeighbor"];
n1 -> n12;
n -> n1;
}


Generation: 84
Best Individual:
Subpopulation 0:
Evaluated: true
Fitness: Standardized=0.2768663 Adjusted=0.78316736 Hits=0
Tree 0:
digraph g {
node [shape=rectangle];
n[label = "Equal"];
n0[label = "If_Then_Else"];
n00[label = "If_Then_Else"];
n000[label = "Equal"];
n0000[label = "NearestFirstNode"];
n000 -> n0000;
n0001[label = "FarthestInsertion"];
n000 -> n0001;
n00 -> n000;
n001[label = "FarthestInsertion"];
n00 -> n001;
n002[label = "NearestFirstNode"];
n00 -> n002;
n0 -> n00;
n01[label = "FarthestInsertion"];
n0 -> n01;
n02[label = "If_Then_Else"];
n020[label = "If_Then_Else"];
n0200[label = "FarthestInsertion"];
n020 -> n0200;
n0201[label = "FarthestInsertion"];
n020 -> n0201;
n0202[label = "FarthestFirstNode"];
n020 -> n0202;
n02 -> n020;
n021[label = "BestMove"];
n02 -> n021;
n022[label = "NearestNeighbor"];
n02 -> n022;
n0 -> n02;
n -> n0;
n1[label = "If_Then_Else"];
n10[label = "If_Then_Else"];
n100[label = "FarthestInsertion"];
n10 -> n100;
n101[label = "FarthestInsertion"];
n10 -> n101;
n102[label = "FarthestFirstNode"];
n10 -> n102;
n1 -> n10;
n11[label = "BestMove"];
n1 -> n11;
n12[label = "NearestNeighbor"];
n1 -> n12;
n -> n1;
}


Generation: 85
Best Individual:
Subpopulation 0:
Evaluated: true
Fitness: Standardized=0.2768663 Adjusted=0.78316736 Hits=0
Tree 0:
digraph g {
node [shape=rectangle];
n[label = "Equal"];
n0[label = "If_Then_Else"];
n00[label = "If_Then_Else"];
n000[label = "Equal"];
n0000[label = "NearestFirstNode"];
n000 -> n0000;
n0001[label = "FarthestInsertion"];
n000 -> n0001;
n00 -> n000;
n001[label = "FarthestInsertion"];
n00 -> n001;
n002[label = "NearestFirstNode"];
n00 -> n002;
n0 -> n00;
n01[label = "FarthestInsertion"];
n0 -> n01;
n02[label = "If_Then_Else"];
n020[label = "If_Then_Else"];
n0200[label = "FarthestInsertion"];
n020 -> n0200;
n0201[label = "FarthestInsertion"];
n020 -> n0201;
n0202[label = "FarthestFirstNode"];
n020 -> n0202;
n02 -> n020;
n021[label = "BestMove"];
n02 -> n021;
n022[label = "NearestNeighbor"];
n02 -> n022;
n0 -> n02;
n -> n0;
n1[label = "If_Then_Else"];
n10[label = "If_Then_Else"];
n100[label = "FarthestInsertion"];
n10 -> n100;
n101[label = "FarthestInsertion"];
n10 -> n101;
n102[label = "FarthestFirstNode"];
n10 -> n102;
n1 -> n10;
n11[label = "BestMove"];
n1 -> n11;
n12[label = "NearestNeighbor"];
n1 -> n12;
n -> n1;
}


Generation: 86
Best Individual:
Subpopulation 0:
Evaluated: true
Fitness: Standardized=0.2768663 Adjusted=0.78316736 Hits=0
Tree 0:
digraph g {
node [shape=rectangle];
n[label = "Equal"];
n0[label = "If_Then_Else"];
n00[label = "If_Then_Else"];
n000[label = "Equal"];
n0000[label = "NearestFirstNode"];
n000 -> n0000;
n0001[label = "FarthestInsertion"];
n000 -> n0001;
n00 -> n000;
n001[label = "FarthestInsertion"];
n00 -> n001;
n002[label = "NearestFirstNode"];
n00 -> n002;
n0 -> n00;
n01[label = "FarthestInsertion"];
n0 -> n01;
n02[label = "If_Then_Else"];
n020[label = "BestMove"];
n02 -> n020;
n021[label = "BestMove"];
n02 -> n021;
n022[label = "NearestNeighbor"];
n02 -> n022;
n0 -> n02;
n -> n0;
n1[label = "If_Then_Else"];
n10[label = "If_Then_Else"];
n100[label = "FarthestInsertion"];
n10 -> n100;
n101[label = "FarthestInsertion"];
n10 -> n101;
n102[label = "FarthestFirstNode"];
n10 -> n102;
n1 -> n10;
n11[label = "BestMove"];
n1 -> n11;
n12[label = "NearestNeighbor"];
n1 -> n12;
n -> n1;
}


Generation: 87
Best Individual:
Subpopulation 0:
Evaluated: true
Fitness: Standardized=0.2768663 Adjusted=0.78316736 Hits=0
Tree 0:
digraph g {
node [shape=rectangle];
n[label = "Equal"];
n0[label = "If_Then_Else"];
n00[label = "If_Then_Else"];
n000[label = "Equal"];
n0000[label = "NearestFirstNode"];
n000 -> n0000;
n0001[label = "FarthestInsertion"];
n000 -> n0001;
n00 -> n000;
n001[label = "FarthestInsertion"];
n00 -> n001;
n002[label = "NearestFirstNode"];
n00 -> n002;
n0 -> n00;
n01[label = "FarthestInsertion"];
n0 -> n01;
n02[label = "If_Then_Else"];
n020[label = "If_Then_Else"];
n0200[label = "FarthestInsertion"];
n020 -> n0200;
n0201[label = "FarthestInsertion"];
n020 -> n0201;
n0202[label = "FarthestFirstNode"];
n020 -> n0202;
n02 -> n020;
n021[label = "BestMove"];
n02 -> n021;
n022[label = "NearestNeighbor"];
n02 -> n022;
n0 -> n02;
n -> n0;
n1[label = "If_Then_Else"];
n10[label = "If_Then_Else"];
n100[label = "FarthestInsertion"];
n10 -> n100;
n101[label = "FarthestInsertion"];
n10 -> n101;
n102[label = "FarthestFirstNode"];
n10 -> n102;
n1 -> n10;
n11[label = "BestMove"];
n1 -> n11;
n12[label = "NearestNeighbor"];
n1 -> n12;
n -> n1;
}


Generation: 88
Best Individual:
Subpopulation 0:
Evaluated: true
Fitness: Standardized=0.2768663 Adjusted=0.78316736 Hits=0
Tree 0:
digraph g {
node [shape=rectangle];
n[label = "Equal"];
n0[label = "If_Then_Else"];
n00[label = "If_Then_Else"];
n000[label = "Equal"];
n0000[label = "NearestFirstNode"];
n000 -> n0000;
n0001[label = "FarthestInsertion"];
n000 -> n0001;
n00 -> n000;
n001[label = "FarthestInsertion"];
n00 -> n001;
n002[label = "NearestFirstNode"];
n00 -> n002;
n0 -> n00;
n01[label = "FarthestInsertion"];
n0 -> n01;
n02[label = "If_Then_Else"];
n020[label = "If_Then_Else"];
n0200[label = "FarthestInsertion"];
n020 -> n0200;
n0201[label = "FarthestInsertion"];
n020 -> n0201;
n0202[label = "FarthestFirstNode"];
n020 -> n0202;
n02 -> n020;
n021[label = "BestMove"];
n02 -> n021;
n022[label = "NearestNeighbor"];
n02 -> n022;
n0 -> n02;
n -> n0;
n1[label = "If_Then_Else"];
n10[label = "If_Then_Else"];
n100[label = "FarthestInsertion"];
n10 -> n100;
n101[label = "FarthestInsertion"];
n10 -> n101;
n102[label = "FarthestFirstNode"];
n10 -> n102;
n1 -> n10;
n11[label = "BestMove"];
n1 -> n11;
n12[label = "NearestNeighbor"];
n1 -> n12;
n -> n1;
}


Generation: 89
Best Individual:
Subpopulation 0:
Evaluated: true
Fitness: Standardized=0.2768663 Adjusted=0.78316736 Hits=0
Tree 0:
digraph g {
node [shape=rectangle];
n[label = "Equal"];
n0[label = "If_Then_Else"];
n00[label = "If_Then_Else"];
n000[label = "Equal"];
n0000[label = "NearestFirstNode"];
n000 -> n0000;
n0001[label = "FarthestInsertion"];
n000 -> n0001;
n00 -> n000;
n001[label = "FarthestInsertion"];
n00 -> n001;
n002[label = "NearestFirstNode"];
n00 -> n002;
n0 -> n00;
n01[label = "FarthestInsertion"];
n0 -> n01;
n02[label = "Equal"];
n020[label = "NearestFirstNode"];
n02 -> n020;
n021[label = "FarthestInsertion"];
n02 -> n021;
n0 -> n02;
n -> n0;
n1[label = "If_Then_Else"];
n10[label = "If_Then_Else"];
n100[label = "FarthestInsertion"];
n10 -> n100;
n101[label = "FarthestInsertion"];
n10 -> n101;
n102[label = "FarthestFirstNode"];
n10 -> n102;
n1 -> n10;
n11[label = "BestMove"];
n1 -> n11;
n12[label = "NearestNeighbor"];
n1 -> n12;
n -> n1;
}


Generation: 90
Best Individual:
Subpopulation 0:
Evaluated: true
Fitness: Standardized=0.27375048 Adjusted=0.78508306 Hits=0
Tree 0:
digraph g {
node [shape=rectangle];
n[label = "Equal"];
n0[label = "If_Then_Else"];
n00[label = "If_Then_Else"];
n000[label = "Equal"];
n0000[label = "NearestFirstNode"];
n000 -> n0000;
n0001[label = "FarthestInsertion"];
n000 -> n0001;
n00 -> n000;
n001[label = "FarthestInsertion"];
n00 -> n001;
n002[label = "NearestFirstNode"];
n00 -> n002;
n0 -> n00;
n01[label = "If_Then_Else"];
n010[label = "If_Then_Else"];
n0100[label = "FarthestInsertion"];
n010 -> n0100;
n0101[label = "FarthestInsertion"];
n010 -> n0101;
n0102[label = "FarthestFirstNode"];
n010 -> n0102;
n01 -> n010;
n011[label = "BestMove"];
n01 -> n011;
n012[label = "NearestNeighbor"];
n01 -> n012;
n0 -> n01;
n02[label = "If_Then_Else"];
n020[label = "If_Then_Else"];
n0200[label = "FarthestInsertion"];
n020 -> n0200;
n0201[label = "FarthestInsertion"];
n020 -> n0201;
n0202[label = "FarthestFirstNode"];
n020 -> n0202;
n02 -> n020;
n021[label = "BestMove"];
n02 -> n021;
n022[label = "NearestNeighbor"];
n02 -> n022;
n0 -> n02;
n -> n0;
n1[label = "If_Then_Else"];
n10[label = "If_Then_Else"];
n100[label = "FarthestInsertion"];
n10 -> n100;
n101[label = "FarthestInsertion"];
n10 -> n101;
n102[label = "FarthestFirstNode"];
n10 -> n102;
n1 -> n10;
n11[label = "BestMove"];
n1 -> n11;
n12[label = "NearestNeighbor"];
n1 -> n12;
n -> n1;
}


Generation: 91
Best Individual:
Subpopulation 0:
Evaluated: true
Fitness: Standardized=0.27375048 Adjusted=0.78508306 Hits=0
Tree 0:
digraph g {
node [shape=rectangle];
n[label = "Equal"];
n0[label = "If_Then_Else"];
n00[label = "If_Then_Else"];
n000[label = "Equal"];
n0000[label = "NearestFirstNode"];
n000 -> n0000;
n0001[label = "FarthestInsertion"];
n000 -> n0001;
n00 -> n000;
n001[label = "FarthestInsertion"];
n00 -> n001;
n002[label = "NearestFirstNode"];
n00 -> n002;
n0 -> n00;
n01[label = "If_Then_Else"];
n010[label = "If_Then_Else"];
n0100[label = "FarthestInsertion"];
n010 -> n0100;
n0101[label = "FarthestInsertion"];
n010 -> n0101;
n0102[label = "FarthestFirstNode"];
n010 -> n0102;
n01 -> n010;
n011[label = "BestMove"];
n01 -> n011;
n012[label = "NearestNeighbor"];
n01 -> n012;
n0 -> n01;
n02[label = "If_Then_Else"];
n020[label = "If_Then_Else"];
n0200[label = "FarthestInsertion"];
n020 -> n0200;
n0201[label = "FarthestInsertion"];
n020 -> n0201;
n0202[label = "FarthestFirstNode"];
n020 -> n0202;
n02 -> n020;
n021[label = "BestMove"];
n02 -> n021;
n022[label = "NearestNeighbor"];
n02 -> n022;
n0 -> n02;
n -> n0;
n1[label = "If_Then_Else"];
n10[label = "If_Then_Else"];
n100[label = "FarthestInsertion"];
n10 -> n100;
n101[label = "FarthestInsertion"];
n10 -> n101;
n102[label = "FarthestFirstNode"];
n10 -> n102;
n1 -> n10;
n11[label = "BestMove"];
n1 -> n11;
n12[label = "NearestNeighbor"];
n1 -> n12;
n -> n1;
}


Generation: 92
Best Individual:
Subpopulation 0:
Evaluated: true
Fitness: Standardized=0.27375048 Adjusted=0.78508306 Hits=0
Tree 0:
digraph g {
node [shape=rectangle];
n[label = "Equal"];
n0[label = "If_Then_Else"];
n00[label = "If_Then_Else"];
n000[label = "Equal"];
n0000[label = "NearestFirstNode"];
n000 -> n0000;
n0001[label = "FarthestInsertion"];
n000 -> n0001;
n00 -> n000;
n001[label = "FarthestInsertion"];
n00 -> n001;
n002[label = "NearestFirstNode"];
n00 -> n002;
n0 -> n00;
n01[label = "If_Then_Else"];
n010[label = "If_Then_Else"];
n0100[label = "FarthestInsertion"];
n010 -> n0100;
n0101[label = "FarthestInsertion"];
n010 -> n0101;
n0102[label = "FarthestFirstNode"];
n010 -> n0102;
n01 -> n010;
n011[label = "BestMove"];
n01 -> n011;
n012[label = "NearestNeighbor"];
n01 -> n012;
n0 -> n01;
n02[label = "If_Then_Else"];
n020[label = "If_Then_Else"];
n0200[label = "FarthestInsertion"];
n020 -> n0200;
n0201[label = "FarthestInsertion"];
n020 -> n0201;
n0202[label = "FarthestFirstNode"];
n020 -> n0202;
n02 -> n020;
n021[label = "BestMove"];
n02 -> n021;
n022[label = "NearestNeighbor"];
n02 -> n022;
n0 -> n02;
n -> n0;
n1[label = "If_Then_Else"];
n10[label = "If_Then_Else"];
n100[label = "FarthestInsertion"];
n10 -> n100;
n101[label = "FarthestInsertion"];
n10 -> n101;
n102[label = "FarthestFirstNode"];
n10 -> n102;
n1 -> n10;
n11[label = "BestMove"];
n1 -> n11;
n12[label = "NearestNeighbor"];
n1 -> n12;
n -> n1;
}


Generation: 93
Best Individual:
Subpopulation 0:
Evaluated: true
Fitness: Standardized=0.27375048 Adjusted=0.78508306 Hits=0
Tree 0:
digraph g {
node [shape=rectangle];
n[label = "Equal"];
n0[label = "If_Then_Else"];
n00[label = "If_Then_Else"];
n000[label = "Equal"];
n0000[label = "NearestFirstNode"];
n000 -> n0000;
n0001[label = "FarthestInsertion"];
n000 -> n0001;
n00 -> n000;
n001[label = "FarthestInsertion"];
n00 -> n001;
n002[label = "NearestFirstNode"];
n00 -> n002;
n0 -> n00;
n01[label = "If_Then_Else"];
n010[label = "If_Then_Else"];
n0100[label = "FarthestInsertion"];
n010 -> n0100;
n0101[label = "FarthestInsertion"];
n010 -> n0101;
n0102[label = "FarthestFirstNode"];
n010 -> n0102;
n01 -> n010;
n011[label = "BestMove"];
n01 -> n011;
n012[label = "NearestNeighbor"];
n01 -> n012;
n0 -> n01;
n02[label = "If_Then_Else"];
n020[label = "If_Then_Else"];
n0200[label = "FarthestInsertion"];
n020 -> n0200;
n0201[label = "FarthestInsertion"];
n020 -> n0201;
n0202[label = "FarthestFirstNode"];
n020 -> n0202;
n02 -> n020;
n021[label = "BestMove"];
n02 -> n021;
n022[label = "NearestNeighbor"];
n02 -> n022;
n0 -> n02;
n -> n0;
n1[label = "If_Then_Else"];
n10[label = "If_Then_Else"];
n100[label = "FarthestInsertion"];
n10 -> n100;
n101[label = "FarthestInsertion"];
n10 -> n101;
n102[label = "FarthestFirstNode"];
n10 -> n102;
n1 -> n10;
n11[label = "BestMove"];
n1 -> n11;
n12[label = "NearestNeighbor"];
n1 -> n12;
n -> n1;
}


Generation: 94
Best Individual:
Subpopulation 0:
Evaluated: true
Fitness: Standardized=0.27375048 Adjusted=0.78508306 Hits=0
Tree 0:
digraph g {
node [shape=rectangle];
n[label = "Equal"];
n0[label = "If_Then_Else"];
n00[label = "If_Then_Else"];
n000[label = "Equal"];
n0000[label = "NearestFirstNode"];
n000 -> n0000;
n0001[label = "FarthestInsertion"];
n000 -> n0001;
n00 -> n000;
n001[label = "FarthestInsertion"];
n00 -> n001;
n002[label = "NearestFirstNode"];
n00 -> n002;
n0 -> n00;
n01[label = "If_Then_Else"];
n010[label = "If_Then_Else"];
n0100[label = "FarthestInsertion"];
n010 -> n0100;
n0101[label = "FarthestInsertion"];
n010 -> n0101;
n0102[label = "FarthestFirstNode"];
n010 -> n0102;
n01 -> n010;
n011[label = "BestMove"];
n01 -> n011;
n012[label = "NearestNeighbor"];
n01 -> n012;
n0 -> n01;
n02[label = "If_Then_Else"];
n020[label = "If_Then_Else"];
n0200[label = "FarthestInsertion"];
n020 -> n0200;
n0201[label = "FarthestInsertion"];
n020 -> n0201;
n0202[label = "FarthestFirstNode"];
n020 -> n0202;
n02 -> n020;
n021[label = "BestMove"];
n02 -> n021;
n022[label = "NearestNeighbor"];
n02 -> n022;
n0 -> n02;
n -> n0;
n1[label = "If_Then_Else"];
n10[label = "If_Then_Else"];
n100[label = "FarthestInsertion"];
n10 -> n100;
n101[label = "FarthestInsertion"];
n10 -> n101;
n102[label = "FarthestFirstNode"];
n10 -> n102;
n1 -> n10;
n11[label = "BestMove"];
n1 -> n11;
n12[label = "NearestNeighbor"];
n1 -> n12;
n -> n1;
}


Generation: 95
Best Individual:
Subpopulation 0:
Evaluated: true
Fitness: Standardized=0.2721963 Adjusted=0.7860422 Hits=0
Tree 0:
digraph g {
node [shape=rectangle];
n[label = "Equal"];
n0[label = "If_Then_Else"];
n00[label = "If_Then_Else"];
n000[label = "NearestFirstNode"];
n00 -> n000;
n001[label = "FarthestInsertion"];
n00 -> n001;
n002[label = "NearestFirstNode"];
n00 -> n002;
n0 -> n00;
n01[label = "If_Then_Else"];
n010[label = "If_Then_Else"];
n0100[label = "FarthestInsertion"];
n010 -> n0100;
n0101[label = "FarthestInsertion"];
n010 -> n0101;
n0102[label = "FarthestFirstNode"];
n010 -> n0102;
n01 -> n010;
n011[label = "BestMove"];
n01 -> n011;
n012[label = "NearestNeighbor"];
n01 -> n012;
n0 -> n01;
n02[label = "If_Then_Else"];
n020[label = "If_Then_Else"];
n0200[label = "FarthestInsertion"];
n020 -> n0200;
n0201[label = "FarthestInsertion"];
n020 -> n0201;
n0202[label = "FarthestFirstNode"];
n020 -> n0202;
n02 -> n020;
n021[label = "BestMove"];
n02 -> n021;
n022[label = "NearestNeighbor"];
n02 -> n022;
n0 -> n02;
n -> n0;
n1[label = "If_Then_Else"];
n10[label = "If_Then_Else"];
n100[label = "FarthestInsertion"];
n10 -> n100;
n101[label = "FarthestInsertion"];
n10 -> n101;
n102[label = "FarthestFirstNode"];
n10 -> n102;
n1 -> n10;
n11[label = "BestMove"];
n1 -> n11;
n12[label = "NearestNeighbor"];
n1 -> n12;
n -> n1;
}


Generation: 96
Best Individual:
Subpopulation 0:
Evaluated: true
Fitness: Standardized=0.2721963 Adjusted=0.7860422 Hits=0
Tree 0:
digraph g {
node [shape=rectangle];
n[label = "Equal"];
n0[label = "If_Then_Else"];
n00[label = "If_Then_Else"];
n000[label = "Equal"];
n0000[label = "NearestFirstNode"];
n000 -> n0000;
n0001[label = "FarthestInsertion"];
n000 -> n0001;
n00 -> n000;
n001[label = "FarthestInsertion"];
n00 -> n001;
n002[label = "NearestFirstNode"];
n00 -> n002;
n0 -> n00;
n01[label = "If_Then_Else"];
n010[label = "FarthestFirstNode"];
n01 -> n010;
n011[label = "BestMove"];
n01 -> n011;
n012[label = "NearestNeighbor"];
n01 -> n012;
n0 -> n01;
n02[label = "If_Then_Else"];
n020[label = "If_Then_Else"];
n0200[label = "FarthestInsertion"];
n020 -> n0200;
n0201[label = "FarthestInsertion"];
n020 -> n0201;
n0202[label = "FarthestFirstNode"];
n020 -> n0202;
n02 -> n020;
n021[label = "BestMove"];
n02 -> n021;
n022[label = "NearestNeighbor"];
n02 -> n022;
n0 -> n02;
n -> n0;
n1[label = "If_Then_Else"];
n10[label = "If_Then_Else"];
n100[label = "FarthestInsertion"];
n10 -> n100;
n101[label = "FarthestInsertion"];
n10 -> n101;
n102[label = "FarthestFirstNode"];
n10 -> n102;
n1 -> n10;
n11[label = "BestMove"];
n1 -> n11;
n12[label = "NearestNeighbor"];
n1 -> n12;
n -> n1;
}


Generation: 97
Best Individual:
Subpopulation 0:
Evaluated: true
Fitness: Standardized=0.272161 Adjusted=0.786064 Hits=0
Tree 0:
digraph g {
node [shape=rectangle];
n[label = "Equal"];
n0[label = "If_Then_Else"];
n00[label = "If_Then_Else"];
n000[label = "Equal"];
n0000[label = "NearestFirstNode"];
n000 -> n0000;
n0001[label = "FarthestInsertion"];
n000 -> n0001;
n00 -> n000;
n001[label = "FarthestInsertion"];
n00 -> n001;
n002[label = "NearestFirstNode"];
n00 -> n002;
n0 -> n00;
n01[label = "If_Then_Else"];
n010[label = "FarthestNeighbor"];
n01 -> n010;
n011[label = "BestMove"];
n01 -> n011;
n012[label = "NearestNeighbor"];
n01 -> n012;
n0 -> n01;
n02[label = "FarthestFirstNode"];
n0 -> n02;
n -> n0;
n1[label = "If_Then_Else"];
n10[label = "If_Then_Else"];
n100[label = "FarthestInsertion"];
n10 -> n100;
n101[label = "FarthestInsertion"];
n10 -> n101;
n102[label = "FarthestFirstNode"];
n10 -> n102;
n1 -> n10;
n11[label = "BestMove"];
n1 -> n11;
n12[label = "NearestNeighbor"];
n1 -> n12;
n -> n1;
}


Generation: 98
Best Individual:
Subpopulation 0:
Evaluated: true
Fitness: Standardized=0.272161 Adjusted=0.786064 Hits=0
Tree 0:
digraph g {
node [shape=rectangle];
n[label = "Equal"];
n0[label = "If_Then_Else"];
n00[label = "If_Then_Else"];
n000[label = "Equal"];
n0000[label = "NearestFirstNode"];
n000 -> n0000;
n0001[label = "FarthestInsertion"];
n000 -> n0001;
n00 -> n000;
n001[label = "FarthestInsertion"];
n00 -> n001;
n002[label = "NearestFirstNode"];
n00 -> n002;
n0 -> n00;
n01[label = "If_Then_Else"];
n010[label = "FarthestNeighbor"];
n01 -> n010;
n011[label = "BestMove"];
n01 -> n011;
n012[label = "NearestNeighbor"];
n01 -> n012;
n0 -> n01;
n02[label = "FarthestFirstNode"];
n0 -> n02;
n -> n0;
n1[label = "If_Then_Else"];
n10[label = "If_Then_Else"];
n100[label = "FarthestInsertion"];
n10 -> n100;
n101[label = "FarthestInsertion"];
n10 -> n101;
n102[label = "FarthestFirstNode"];
n10 -> n102;
n1 -> n10;
n11[label = "BestMove"];
n1 -> n11;
n12[label = "NearestNeighbor"];
n1 -> n12;
n -> n1;
}


Generation: 99
Best Individual:
Subpopulation 0:
Evaluated: true
Fitness: Standardized=0.26146263 Adjusted=0.79273057 Hits=0
Tree 0:
digraph g {
node [shape=rectangle];
n[label = "Equal"];
n0[label = "If_Then_Else"];
n00[label = "If_Then_Else"];
n000[label = "Equal"];
n0000[label = "NearestFirstNode"];
n000 -> n0000;
n0001[label = "FarthestInsertion"];
n000 -> n0001;
n00 -> n000;
n001[label = "FarthestInsertion"];
n00 -> n001;
n002[label = "NearestFirstNode"];
n00 -> n002;
n0 -> n00;
n01[label = "If_Then_Else"];
n010[label = "FarthestNeighbor"];
n01 -> n010;
n011[label = "BestMove"];
n01 -> n011;
n012[label = "NearestNeighbor"];
n01 -> n012;
n0 -> n01;
n02[label = "FarthestFirstNode"];
n0 -> n02;
n -> n0;
n1[label = "If_Then_Else"];
n10[label = "If_Then_Else"];
n100[label = "Equal"];
n1000[label = "NearestFirstNode"];
n100 -> n1000;
n1001[label = "FarthestInsertion"];
n100 -> n1001;
n10 -> n100;
n101[label = "FarthestInsertion"];
n10 -> n101;
n102[label = "NearestFirstNode"];
n10 -> n102;
n1 -> n10;
n11[label = "BestMove"];
n1 -> n11;
n12[label = "NearestNeighbor"];
n1 -> n12;
n -> n1;
}


Best Individual of Run:
Subpopulation 0:
Evaluated: true
Fitness: Standardized=0.26146263 Adjusted=0.79273057 Hits=0
Tree 0:
digraph g {
node [shape=rectangle];
n[label = "Equal"];
n0[label = "If_Then_Else"];
n00[label = "If_Then_Else"];
n000[label = "Equal"];
n0000[label = "NearestFirstNode"];
n000 -> n0000;
n0001[label = "FarthestInsertion"];
n000 -> n0001;
n00 -> n000;
n001[label = "FarthestInsertion"];
n00 -> n001;
n002[label = "NearestFirstNode"];
n00 -> n002;
n0 -> n00;
n01[label = "If_Then_Else"];
n010[label = "FarthestNeighbor"];
n01 -> n010;
n011[label = "BestMove"];
n01 -> n011;
n012[label = "NearestNeighbor"];
n01 -> n012;
n0 -> n01;
n02[label = "FarthestFirstNode"];
n0 -> n02;
n -> n0;
n1[label = "If_Then_Else"];
n10[label = "If_Then_Else"];
n100[label = "Equal"];
n1000[label = "NearestFirstNode"];
n100 -> n1000;
n1001[label = "FarthestInsertion"];
n100 -> n1001;
n10 -> n100;
n101[label = "FarthestInsertion"];
n10 -> n101;
n102[label = "NearestFirstNode"];
n10 -> n102;
n1 -> n10;
n11[label = "BestMove"];
n1 -> n11;
n12[label = "NearestNeighbor"];
n1 -> n12;
n -> n1;
}

