
Generation: 0
Best Individual:
Subpopulation 0:
Evaluated: true
Fitness: Standardized=0.60754216 Adjusted=0.6220677 Hits=0
Tree 0:
digraph g {
node [shape=rectangle];
n[label = "Or"];
n0[label = "If_Then_Else"];
n00[label = "And"];
n000[label = "FarthestFirstNode"];
n00 -> n000;
n001[label = "BestMove"];
n00 -> n001;
n0 -> n00;
n01[label = "While"];
n010[label = "BestMove"];
n01 -> n010;
n011[label = "NearestFirstNode"];
n01 -> n011;
n0 -> n01;
n02[label = "Or"];
n020[label = "FarthestNeighbor"];
n02 -> n020;
n021[label = "NearestFirstNode"];
n02 -> n021;
n0 -> n02;
n -> n0;
n1[label = "Equal"];
n10[label = "Equal"];
n100[label = "CplexTerminal"];
n10 -> n100;
n101[label = "NearestNeighbor"];
n10 -> n101;
n1 -> n10;
n11[label = "While"];
n110[label = "NearestNeighbor"];
n11 -> n110;
n111[label = "FarthestFirstNode"];
n11 -> n111;
n1 -> n11;
n -> n1;
}


Generation: 1
Best Individual:
Subpopulation 0:
Evaluated: true
Fitness: Standardized=0.60754216 Adjusted=0.6220677 Hits=0
Tree 0:
digraph g {
node [shape=rectangle];
n[label = "Or"];
n0[label = "If_Then_Else"];
n00[label = "And"];
n000[label = "FarthestFirstNode"];
n00 -> n000;
n001[label = "BestMove"];
n00 -> n001;
n0 -> n00;
n01[label = "And"];
n010[label = "FarthestInsertion"];
n01 -> n010;
n011[label = "BestMove"];
n01 -> n011;
n0 -> n01;
n02[label = "Or"];
n020[label = "FarthestNeighbor"];
n02 -> n020;
n021[label = "NearestFirstNode"];
n02 -> n021;
n0 -> n02;
n -> n0;
n1[label = "Equal"];
n10[label = "Equal"];
n100[label = "CplexTerminal"];
n10 -> n100;
n101[label = "NearestNeighbor"];
n10 -> n101;
n1 -> n10;
n11[label = "While"];
n110[label = "NearestNeighbor"];
n11 -> n110;
n111[label = "FarthestFirstNode"];
n11 -> n111;
n1 -> n11;
n -> n1;
}


Generation: 2
Best Individual:
Subpopulation 0:
Evaluated: true
Fitness: Standardized=0.42734218 Adjusted=0.7006028 Hits=0
Tree 0:
digraph g {
node [shape=rectangle];
n[label = "And"];
n0[label = "FarthestInsertion"];
n -> n0;
n1[label = "If_Then"];
n10[label = "FarthestInsertion"];
n1 -> n10;
n11[label = "FarthestFirstNode"];
n1 -> n11;
n -> n1;
}


Generation: 3
Best Individual:
Subpopulation 0:
Evaluated: true
Fitness: Standardized=0.42734218 Adjusted=0.7006028 Hits=0
Tree 0:
digraph g {
node [shape=rectangle];
n[label = "Or"];
n0[label = "If_Then_Else"];
n00[label = "And"];
n000[label = "FarthestFirstNode"];
n00 -> n000;
n001[label = "BestMove"];
n00 -> n001;
n0 -> n00;
n01[label = "And"];
n010[label = "FarthestInsertion"];
n01 -> n010;
n011[label = "BestMove"];
n01 -> n011;
n0 -> n01;
n02[label = "Or"];
n020[label = "If_Then"];
n0200[label = "FarthestInsertion"];
n020 -> n0200;
n0201[label = "FarthestFirstNode"];
n020 -> n0201;
n02 -> n020;
n021[label = "NearestFirstNode"];
n02 -> n021;
n0 -> n02;
n -> n0;
n1[label = "BestMove"];
n -> n1;
}


Generation: 4
Best Individual:
Subpopulation 0:
Evaluated: true
Fitness: Standardized=0.30623427 Adjusted=0.7655595 Hits=0
Tree 0:
digraph g {
node [shape=rectangle];
n[label = "And"];
n0[label = "FarthestInsertion"];
n -> n0;
n1[label = "And"];
n10[label = "FarthestInsertion"];
n1 -> n10;
n11[label = "If_Then"];
n110[label = "FarthestInsertion"];
n11 -> n110;
n111[label = "FarthestFirstNode"];
n11 -> n111;
n1 -> n11;
n -> n1;
}


Generation: 5
Best Individual:
Subpopulation 0:
Evaluated: true
Fitness: Standardized=0.29531434 Adjusted=0.77201337 Hits=0
Tree 0:
digraph g {
node [shape=rectangle];
n[label = "And"];
n0[label = "FarthestInsertion"];
n -> n0;
n1[label = "And"];
n10[label = "If_Then"];
n100[label = "FarthestInsertion"];
n10 -> n100;
n101[label = "FarthestFirstNode"];
n10 -> n101;
n1 -> n10;
n11[label = "If_Then"];
n110[label = "FarthestInsertion"];
n11 -> n110;
n111[label = "FarthestFirstNode"];
n11 -> n111;
n1 -> n11;
n -> n1;
}


Generation: 6
Best Individual:
Subpopulation 0:
Evaluated: true
Fitness: Standardized=0.29531434 Adjusted=0.77201337 Hits=0
Tree 0:
digraph g {
node [shape=rectangle];
n[label = "If_Then_Else"];
n0[label = "And"];
n00[label = "FarthestInsertion"];
n0 -> n00;
n01[label = "If_Then"];
n010[label = "FarthestInsertion"];
n01 -> n010;
n011[label = "FarthestFirstNode"];
n01 -> n011;
n0 -> n01;
n -> n0;
n1[label = "Equal"];
n10[label = "FarthestNeighbor"];
n1 -> n10;
n11[label = "FarthestInsertion"];
n1 -> n11;
n -> n1;
n2[label = "FarthestInsertion"];
n -> n2;
}


Generation: 7
Best Individual:
Subpopulation 0:
Evaluated: true
Fitness: Standardized=0.29531434 Adjusted=0.77201337 Hits=0
Tree 0:
digraph g {
node [shape=rectangle];
n[label = "If_Then_Else"];
n0[label = "And"];
n00[label = "FarthestInsertion"];
n0 -> n00;
n01[label = "Equal"];
n010[label = "FarthestNeighbor"];
n01 -> n010;
n011[label = "FarthestInsertion"];
n01 -> n011;
n0 -> n01;
n -> n0;
n1[label = "Equal"];
n10[label = "FarthestNeighbor"];
n1 -> n10;
n11[label = "FarthestInsertion"];
n1 -> n11;
n -> n1;
n2[label = "Equal"];
n20[label = "FarthestNeighbor"];
n2 -> n20;
n21[label = "FarthestInsertion"];
n2 -> n21;
n -> n2;
}


Generation: 8
Best Individual:
Subpopulation 0:
Evaluated: true
Fitness: Standardized=0.29531434 Adjusted=0.77201337 Hits=0
Tree 0:
digraph g {
node [shape=rectangle];
n[label = "If_Then_Else"];
n0[label = "And"];
n00[label = "FarthestInsertion"];
n0 -> n00;
n01[label = "Equal"];
n010[label = "FarthestNeighbor"];
n01 -> n010;
n011[label = "FarthestInsertion"];
n01 -> n011;
n0 -> n01;
n -> n0;
n1[label = "Equal"];
n10[label = "FarthestNeighbor"];
n1 -> n10;
n11[label = "FarthestInsertion"];
n1 -> n11;
n -> n1;
n2[label = "FarthestInsertion"];
n -> n2;
}


Generation: 9
Best Individual:
Subpopulation 0:
Evaluated: true
Fitness: Standardized=0.29531434 Adjusted=0.77201337 Hits=0
Tree 0:
digraph g {
node [shape=rectangle];
n[label = "If_Then_Else"];
n0[label = "And"];
n00[label = "FarthestInsertion"];
n0 -> n00;
n01[label = "Equal"];
n010[label = "FarthestNeighbor"];
n01 -> n010;
n011[label = "FarthestInsertion"];
n01 -> n011;
n0 -> n01;
n -> n0;
n1[label = "Equal"];
n10[label = "FarthestNeighbor"];
n1 -> n10;
n11[label = "FarthestInsertion"];
n1 -> n11;
n -> n1;
n2[label = "Equal"];
n20[label = "FarthestNeighbor"];
n2 -> n20;
n21[label = "FarthestInsertion"];
n2 -> n21;
n -> n2;
}


Generation: 10
Best Individual:
Subpopulation 0:
Evaluated: true
Fitness: Standardized=0.29531434 Adjusted=0.77201337 Hits=0
Tree 0:
digraph g {
node [shape=rectangle];
n[label = "And"];
n0[label = "FarthestInsertion"];
n -> n0;
n1[label = "And"];
n10[label = "If_Then"];
n100[label = "FarthestInsertion"];
n10 -> n100;
n101[label = "FarthestFirstNode"];
n10 -> n101;
n1 -> n10;
n11[label = "Equal"];
n110[label = "FarthestNeighbor"];
n11 -> n110;
n111[label = "FarthestInsertion"];
n11 -> n111;
n1 -> n11;
n -> n1;
}


Generation: 11
Best Individual:
Subpopulation 0:
Evaluated: true
Fitness: Standardized=0.29531434 Adjusted=0.77201337 Hits=0
Tree 0:
digraph g {
node [shape=rectangle];
n[label = "If_Then_Else"];
n0[label = "And"];
n00[label = "FarthestInsertion"];
n0 -> n00;
n01[label = "Equal"];
n010[label = "FarthestNeighbor"];
n01 -> n010;
n011[label = "FarthestInsertion"];
n01 -> n011;
n0 -> n01;
n -> n0;
n1[label = "Equal"];
n10[label = "FarthestNeighbor"];
n1 -> n10;
n11[label = "FarthestInsertion"];
n1 -> n11;
n -> n1;
n2[label = "If_Then"];
n20[label = "FarthestInsertion"];
n2 -> n20;
n21[label = "FarthestFirstNode"];
n2 -> n21;
n -> n2;
}


Generation: 12
Best Individual:
Subpopulation 0:
Evaluated: true
Fitness: Standardized=0.29531434 Adjusted=0.77201337 Hits=0
Tree 0:
digraph g {
node [shape=rectangle];
n[label = "If_Then_Else"];
n0[label = "And"];
n00[label = "FarthestInsertion"];
n0 -> n00;
n01[label = "Equal"];
n010[label = "FarthestNeighbor"];
n01 -> n010;
n011[label = "FarthestInsertion"];
n01 -> n011;
n0 -> n01;
n -> n0;
n1[label = "Equal"];
n10[label = "FarthestNeighbor"];
n1 -> n10;
n11[label = "FarthestInsertion"];
n1 -> n11;
n -> n1;
n2[label = "FarthestInsertion"];
n -> n2;
}


Generation: 13
Best Individual:
Subpopulation 0:
Evaluated: true
Fitness: Standardized=0.29531434 Adjusted=0.77201337 Hits=0
Tree 0:
digraph g {
node [shape=rectangle];
n[label = "If_Then_Else"];
n0[label = "And"];
n00[label = "FarthestInsertion"];
n0 -> n00;
n01[label = "Equal"];
n010[label = "FarthestNeighbor"];
n01 -> n010;
n011[label = "FarthestInsertion"];
n01 -> n011;
n0 -> n01;
n -> n0;
n1[label = "Equal"];
n10[label = "FarthestNeighbor"];
n1 -> n10;
n11[label = "FarthestInsertion"];
n1 -> n11;
n -> n1;
n2[label = "If_Then_Else"];
n20[label = "And"];
n200[label = "FarthestInsertion"];
n20 -> n200;
n201[label = "Equal"];
n2010[label = "FarthestNeighbor"];
n201 -> n2010;
n2011[label = "FarthestInsertion"];
n201 -> n2011;
n20 -> n201;
n2 -> n20;
n21[label = "If_Then"];
n210[label = "FarthestInsertion"];
n21 -> n210;
n211[label = "FarthestFirstNode"];
n21 -> n211;
n2 -> n21;
n22[label = "FarthestInsertion"];
n2 -> n22;
n -> n2;
}


Generation: 14
Best Individual:
Subpopulation 0:
Evaluated: true
Fitness: Standardized=0.29531434 Adjusted=0.77201337 Hits=0
Tree 0:
digraph g {
node [shape=rectangle];
n[label = "If_Then_Else"];
n0[label = "And"];
n00[label = "FarthestInsertion"];
n0 -> n00;
n01[label = "Equal"];
n010[label = "FarthestNeighbor"];
n01 -> n010;
n011[label = "FarthestInsertion"];
n01 -> n011;
n0 -> n01;
n -> n0;
n1[label = "Equal"];
n10[label = "FarthestNeighbor"];
n1 -> n10;
n11[label = "FarthestInsertion"];
n1 -> n11;
n -> n1;
n2[label = "If_Then"];
n20[label = "FarthestInsertion"];
n2 -> n20;
n21[label = "FarthestFirstNode"];
n2 -> n21;
n -> n2;
}


Generation: 15
Best Individual:
Subpopulation 0:
Evaluated: true
Fitness: Standardized=0.29531434 Adjusted=0.77201337 Hits=0
Tree 0:
digraph g {
node [shape=rectangle];
n[label = "If_Then_Else"];
n0[label = "And"];
n00[label = "FarthestInsertion"];
n0 -> n00;
n01[label = "Equal"];
n010[label = "FarthestNeighbor"];
n01 -> n010;
n011[label = "FarthestInsertion"];
n01 -> n011;
n0 -> n01;
n -> n0;
n1[label = "Equal"];
n10[label = "FarthestNeighbor"];
n1 -> n10;
n11[label = "FarthestInsertion"];
n1 -> n11;
n -> n1;
n2[label = "If_Then_Else"];
n20[label = "Equal"];
n200[label = "FarthestNeighbor"];
n20 -> n200;
n201[label = "FarthestInsertion"];
n20 -> n201;
n2 -> n20;
n21[label = "If_Then"];
n210[label = "FarthestInsertion"];
n21 -> n210;
n211[label = "FarthestFirstNode"];
n21 -> n211;
n2 -> n21;
n22[label = "FarthestInsertion"];
n2 -> n22;
n -> n2;
}


Generation: 16
Best Individual:
Subpopulation 0:
Evaluated: true
Fitness: Standardized=0.29531434 Adjusted=0.77201337 Hits=0
Tree 0:
digraph g {
node [shape=rectangle];
n[label = "If_Then_Else"];
n0[label = "And"];
n00[label = "FarthestInsertion"];
n0 -> n00;
n01[label = "Equal"];
n010[label = "FarthestNeighbor"];
n01 -> n010;
n011[label = "FarthestInsertion"];
n01 -> n011;
n0 -> n01;
n -> n0;
n1[label = "If_Then"];
n10[label = "FarthestInsertion"];
n1 -> n10;
n11[label = "FarthestFirstNode"];
n1 -> n11;
n -> n1;
n2[label = "FarthestInsertion"];
n -> n2;
}


Generation: 17
Best Individual:
Subpopulation 0:
Evaluated: true
Fitness: Standardized=0.29531434 Adjusted=0.77201337 Hits=0
Tree 0:
digraph g {
node [shape=rectangle];
n[label = "If_Then_Else"];
n0[label = "And"];
n00[label = "FarthestInsertion"];
n0 -> n00;
n01[label = "Equal"];
n010[label = "FarthestNeighbor"];
n01 -> n010;
n011[label = "FarthestInsertion"];
n01 -> n011;
n0 -> n01;
n -> n0;
n1[label = "If_Then"];
n10[label = "FarthestInsertion"];
n1 -> n10;
n11[label = "FarthestFirstNode"];
n1 -> n11;
n -> n1;
n2[label = "FarthestInsertion"];
n -> n2;
}


Generation: 18
Best Individual:
Subpopulation 0:
Evaluated: true
Fitness: Standardized=0.29531434 Adjusted=0.77201337 Hits=0
Tree 0:
digraph g {
node [shape=rectangle];
n[label = "If_Then_Else"];
n0[label = "And"];
n00[label = "FarthestNeighbor"];
n0 -> n00;
n01[label = "Equal"];
n010[label = "FarthestNeighbor"];
n01 -> n010;
n011[label = "FarthestInsertion"];
n01 -> n011;
n0 -> n01;
n -> n0;
n1[label = "Equal"];
n10[label = "FarthestNeighbor"];
n1 -> n10;
n11[label = "FarthestInsertion"];
n1 -> n11;
n -> n1;
n2[label = "And"];
n20[label = "FarthestInsertion"];
n2 -> n20;
n21[label = "Equal"];
n210[label = "FarthestNeighbor"];
n21 -> n210;
n211[label = "FarthestInsertion"];
n21 -> n211;
n2 -> n21;
n -> n2;
}


Generation: 19
Best Individual:
Subpopulation 0:
Evaluated: true
Fitness: Standardized=0.29531434 Adjusted=0.77201337 Hits=0
Tree 0:
digraph g {
node [shape=rectangle];
n[label = "If_Then_Else"];
n0[label = "And"];
n00[label = "FarthestNeighbor"];
n0 -> n00;
n01[label = "Equal"];
n010[label = "FarthestNeighbor"];
n01 -> n010;
n011[label = "FarthestInsertion"];
n01 -> n011;
n0 -> n01;
n -> n0;
n1[label = "Equal"];
n10[label = "FarthestNeighbor"];
n1 -> n10;
n11[label = "FarthestInsertion"];
n1 -> n11;
n -> n1;
n2[label = "FarthestFirstNode"];
n -> n2;
}


Generation: 20
Best Individual:
Subpopulation 0:
Evaluated: true
Fitness: Standardized=0.29531434 Adjusted=0.77201337 Hits=0
Tree 0:
digraph g {
node [shape=rectangle];
n[label = "If_Then_Else"];
n0[label = "And"];
n00[label = "FarthestNeighbor"];
n0 -> n00;
n01[label = "Equal"];
n010[label = "FarthestNeighbor"];
n01 -> n010;
n011[label = "FarthestInsertion"];
n01 -> n011;
n0 -> n01;
n -> n0;
n1[label = "Equal"];
n10[label = "FarthestNeighbor"];
n1 -> n10;
n11[label = "FarthestInsertion"];
n1 -> n11;
n -> n1;
n2[label = "And"];
n20[label = "FarthestInsertion"];
n2 -> n20;
n21[label = "Equal"];
n210[label = "FarthestInsertion"];
n21 -> n210;
n211[label = "FarthestInsertion"];
n21 -> n211;
n2 -> n21;
n -> n2;
}


Generation: 21
Best Individual:
Subpopulation 0:
Evaluated: true
Fitness: Standardized=0.29531434 Adjusted=0.77201337 Hits=0
Tree 0:
digraph g {
node [shape=rectangle];
n[label = "If_Then_Else"];
n0[label = "And"];
n00[label = "FarthestNeighbor"];
n0 -> n00;
n01[label = "Equal"];
n010[label = "FarthestNeighbor"];
n01 -> n010;
n011[label = "FarthestInsertion"];
n01 -> n011;
n0 -> n01;
n -> n0;
n1[label = "Equal"];
n10[label = "FarthestNeighbor"];
n1 -> n10;
n11[label = "FarthestInsertion"];
n1 -> n11;
n -> n1;
n2[label = "If_Then_Else"];
n20[label = "And"];
n200[label = "FarthestInsertion"];
n20 -> n200;
n201[label = "And"];
n2010[label = "FarthestInsertion"];
n201 -> n2010;
n2011[label = "FarthestInsertion"];
n201 -> n2011;
n20 -> n201;
n2 -> n20;
n21[label = "Equal"];
n210[label = "FarthestNeighbor"];
n21 -> n210;
n211[label = "FarthestInsertion"];
n21 -> n211;
n2 -> n21;
n22[label = "If_Then"];
n220[label = "FarthestInsertion"];
n22 -> n220;
n221[label = "FarthestFirstNode"];
n22 -> n221;
n2 -> n22;
n -> n2;
}


Generation: 22
Best Individual:
Subpopulation 0:
Evaluated: true
Fitness: Standardized=0.29531434 Adjusted=0.77201337 Hits=0
Tree 0:
digraph g {
node [shape=rectangle];
n[label = "If_Then_Else"];
n0[label = "And"];
n00[label = "FarthestInsertion"];
n0 -> n00;
n01[label = "Equal"];
n010[label = "FarthestInsertion"];
n01 -> n010;
n011[label = "FarthestInsertion"];
n01 -> n011;
n0 -> n01;
n -> n0;
n1[label = "Equal"];
n10[label = "FarthestNeighbor"];
n1 -> n10;
n11[label = "FarthestInsertion"];
n1 -> n11;
n -> n1;
n2[label = "If_Then"];
n20[label = "FarthestInsertion"];
n2 -> n20;
n21[label = "FarthestFirstNode"];
n2 -> n21;
n -> n2;
}


Generation: 23
Best Individual:
Subpopulation 0:
Evaluated: true
Fitness: Standardized=0.29531434 Adjusted=0.77201337 Hits=0
Tree 0:
digraph g {
node [shape=rectangle];
n[label = "If_Then_Else"];
n0[label = "And"];
n00[label = "FarthestInsertion"];
n0 -> n00;
n01[label = "Equal"];
n010[label = "FarthestNeighbor"];
n01 -> n010;
n011[label = "FarthestInsertion"];
n01 -> n011;
n0 -> n01;
n -> n0;
n1[label = "Equal"];
n10[label = "FarthestNeighbor"];
n1 -> n10;
n11[label = "FarthestInsertion"];
n1 -> n11;
n -> n1;
n2[label = "If_Then"];
n20[label = "FarthestInsertion"];
n2 -> n20;
n21[label = "FarthestFirstNode"];
n2 -> n21;
n -> n2;
}


Generation: 24
Best Individual:
Subpopulation 0:
Evaluated: true
Fitness: Standardized=0.29531434 Adjusted=0.77201337 Hits=0
Tree 0:
digraph g {
node [shape=rectangle];
n[label = "If_Then_Else"];
n0[label = "And"];
n00[label = "FarthestNeighbor"];
n0 -> n00;
n01[label = "And"];
n010[label = "FarthestInsertion"];
n01 -> n010;
n011[label = "FarthestInsertion"];
n01 -> n011;
n0 -> n01;
n -> n0;
n1[label = "Equal"];
n10[label = "FarthestNeighbor"];
n1 -> n10;
n11[label = "FarthestInsertion"];
n1 -> n11;
n -> n1;
n2[label = "If_Then_Else"];
n20[label = "And"];
n200[label = "FarthestInsertion"];
n20 -> n200;
n201[label = "If_Then"];
n2010[label = "FarthestInsertion"];
n201 -> n2010;
n2011[label = "FarthestFirstNode"];
n201 -> n2011;
n20 -> n201;
n2 -> n20;
n21[label = "Equal"];
n210[label = "FarthestNeighbor"];
n21 -> n210;
n211[label = "FarthestInsertion"];
n21 -> n211;
n2 -> n21;
n22[label = "If_Then"];
n220[label = "FarthestInsertion"];
n22 -> n220;
n221[label = "FarthestFirstNode"];
n22 -> n221;
n2 -> n22;
n -> n2;
}


Generation: 25
Best Individual:
Subpopulation 0:
Evaluated: true
Fitness: Standardized=0.29531434 Adjusted=0.77201337 Hits=0
Tree 0:
digraph g {
node [shape=rectangle];
n[label = "If_Then_Else"];
n0[label = "And"];
n00[label = "FarthestNeighbor"];
n0 -> n00;
n01[label = "Equal"];
n010[label = "FarthestNeighbor"];
n01 -> n010;
n011[label = "FarthestInsertion"];
n01 -> n011;
n0 -> n01;
n -> n0;
n1[label = "Equal"];
n10[label = "FarthestNeighbor"];
n1 -> n10;
n11[label = "FarthestInsertion"];
n1 -> n11;
n -> n1;
n2[label = "And"];
n20[label = "FarthestInsertion"];
n2 -> n20;
n21[label = "And"];
n210[label = "If_Then"];
n2100[label = "FarthestInsertion"];
n210 -> n2100;
n2101[label = "FarthestFirstNode"];
n210 -> n2101;
n21 -> n210;
n211[label = "Equal"];
n2110[label = "FarthestNeighbor"];
n211 -> n2110;
n2111[label = "FarthestInsertion"];
n211 -> n2111;
n21 -> n211;
n2 -> n21;
n -> n2;
}


Generation: 26
Best Individual:
Subpopulation 0:
Evaluated: true
Fitness: Standardized=0.29531434 Adjusted=0.77201337 Hits=0
Tree 0:
digraph g {
node [shape=rectangle];
n[label = "If_Then_Else"];
n0[label = "And"];
n00[label = "FarthestNeighbor"];
n0 -> n00;
n01[label = "Equal"];
n010[label = "FarthestNeighbor"];
n01 -> n010;
n011[label = "FarthestInsertion"];
n01 -> n011;
n0 -> n01;
n -> n0;
n1[label = "Equal"];
n10[label = "FarthestNeighbor"];
n1 -> n10;
n11[label = "FarthestInsertion"];
n1 -> n11;
n -> n1;
n2[label = "If_Then_Else"];
n20[label = "And"];
n200[label = "FarthestInsertion"];
n20 -> n200;
n201[label = "And"];
n2010[label = "FarthestInsertion"];
n201 -> n2010;
n2011[label = "FarthestInsertion"];
n201 -> n2011;
n20 -> n201;
n2 -> n20;
n21[label = "Equal"];
n210[label = "If_Then"];
n2100[label = "FarthestInsertion"];
n210 -> n2100;
n2101[label = "FarthestInsertion"];
n210 -> n2101;
n21 -> n210;
n211[label = "FarthestInsertion"];
n21 -> n211;
n2 -> n21;
n22[label = "And"];
n220[label = "FarthestInsertion"];
n22 -> n220;
n221[label = "FarthestInsertion"];
n22 -> n221;
n2 -> n22;
n -> n2;
}


Generation: 27
Best Individual:
Subpopulation 0:
Evaluated: true
Fitness: Standardized=0.29531434 Adjusted=0.77201337 Hits=0
Tree 0:
digraph g {
node [shape=rectangle];
n[label = "If_Then_Else"];
n0[label = "If_Then"];
n00[label = "FarthestInsertion"];
n0 -> n00;
n01[label = "Equal"];
n010[label = "FarthestNeighbor"];
n01 -> n010;
n011[label = "FarthestInsertion"];
n01 -> n011;
n0 -> n01;
n -> n0;
n1[label = "Equal"];
n10[label = "FarthestNeighbor"];
n1 -> n10;
n11[label = "FarthestInsertion"];
n1 -> n11;
n -> n1;
n2[label = "If_Then"];
n20[label = "FarthestInsertion"];
n2 -> n20;
n21[label = "FarthestFirstNode"];
n2 -> n21;
n -> n2;
}


Generation: 28
Best Individual:
Subpopulation 0:
Evaluated: true
Fitness: Standardized=0.29531434 Adjusted=0.77201337 Hits=0
Tree 0:
digraph g {
node [shape=rectangle];
n[label = "If_Then_Else"];
n0[label = "And"];
n00[label = "FarthestInsertion"];
n0 -> n00;
n01[label = "And"];
n010[label = "FarthestInsertion"];
n01 -> n010;
n011[label = "FarthestInsertion"];
n01 -> n011;
n0 -> n01;
n -> n0;
n1[label = "Equal"];
n10[label = "FarthestNeighbor"];
n1 -> n10;
n11[label = "FarthestInsertion"];
n1 -> n11;
n -> n1;
n2[label = "If_Then_Else"];
n20[label = "And"];
n200[label = "FarthestInsertion"];
n20 -> n200;
n201[label = "Equal"];
n2010[label = "FarthestNeighbor"];
n201 -> n2010;
n2011[label = "FarthestInsertion"];
n201 -> n2011;
n20 -> n201;
n2 -> n20;
n21[label = "Equal"];
n210[label = "FarthestNeighbor"];
n21 -> n210;
n211[label = "WorstMove"];
n21 -> n211;
n2 -> n21;
n22[label = "FarthestNeighbor"];
n2 -> n22;
n -> n2;
}


Generation: 29
Best Individual:
Subpopulation 0:
Evaluated: true
Fitness: Standardized=0.29531434 Adjusted=0.77201337 Hits=0
Tree 0:
digraph g {
node [shape=rectangle];
n[label = "If_Then_Else"];
n0[label = "And"];
n00[label = "FarthestNeighbor"];
n0 -> n00;
n01[label = "Equal"];
n010[label = "FarthestNeighbor"];
n01 -> n010;
n011[label = "FarthestInsertion"];
n01 -> n011;
n0 -> n01;
n -> n0;
n1[label = "Equal"];
n10[label = "FarthestNeighbor"];
n1 -> n10;
n11[label = "FarthestInsertion"];
n1 -> n11;
n -> n1;
n2[label = "And"];
n20[label = "FarthestInsertion"];
n2 -> n20;
n21[label = "And"];
n210[label = "FarthestNeighbor"];
n21 -> n210;
n211[label = "Equal"];
n2110[label = "FarthestNeighbor"];
n211 -> n2110;
n2111[label = "FarthestInsertion"];
n211 -> n2111;
n21 -> n211;
n2 -> n21;
n -> n2;
}


Generation: 30
Best Individual:
Subpopulation 0:
Evaluated: true
Fitness: Standardized=0.29531434 Adjusted=0.77201337 Hits=0
Tree 0:
digraph g {
node [shape=rectangle];
n[label = "If_Then_Else"];
n0[label = "And"];
n00[label = "FarthestNeighbor"];
n0 -> n00;
n01[label = "Equal"];
n010[label = "FarthestNeighbor"];
n01 -> n010;
n011[label = "FarthestInsertion"];
n01 -> n011;
n0 -> n01;
n -> n0;
n1[label = "Equal"];
n10[label = "FarthestNeighbor"];
n1 -> n10;
n11[label = "FarthestInsertion"];
n1 -> n11;
n -> n1;
n2[label = "Equal"];
n20[label = "FarthestNeighbor"];
n2 -> n20;
n21[label = "FarthestInsertion"];
n2 -> n21;
n -> n2;
}


Generation: 31
Best Individual:
Subpopulation 0:
Evaluated: true
Fitness: Standardized=0.29531434 Adjusted=0.77201337 Hits=0
Tree 0:
digraph g {
node [shape=rectangle];
n[label = "If_Then_Else"];
n0[label = "And"];
n00[label = "FarthestNeighbor"];
n0 -> n00;
n01[label = "Equal"];
n010[label = "FarthestNeighbor"];
n01 -> n010;
n011[label = "FarthestInsertion"];
n01 -> n011;
n0 -> n01;
n -> n0;
n1[label = "Equal"];
n10[label = "FarthestNeighbor"];
n1 -> n10;
n11[label = "FarthestInsertion"];
n1 -> n11;
n -> n1;
n2[label = "And"];
n20[label = "FarthestInsertion"];
n2 -> n20;
n21[label = "FarthestNeighbor"];
n2 -> n21;
n -> n2;
}


Generation: 32
Best Individual:
Subpopulation 0:
Evaluated: true
Fitness: Standardized=0.29531434 Adjusted=0.77201337 Hits=0
Tree 0:
digraph g {
node [shape=rectangle];
n[label = "If_Then_Else"];
n0[label = "And"];
n00[label = "FarthestNeighbor"];
n0 -> n00;
n01[label = "Equal"];
n010[label = "FarthestNeighbor"];
n01 -> n010;
n011[label = "FarthestInsertion"];
n01 -> n011;
n0 -> n01;
n -> n0;
n1[label = "Equal"];
n10[label = "FarthestNeighbor"];
n1 -> n10;
n11[label = "FarthestInsertion"];
n1 -> n11;
n -> n1;
n2[label = "And"];
n20[label = "Equal"];
n200[label = "FarthestNeighbor"];
n20 -> n200;
n201[label = "FarthestInsertion"];
n20 -> n201;
n2 -> n20;
n21[label = "And"];
n210[label = "FarthestNeighbor"];
n21 -> n210;
n211[label = "Equal"];
n2110[label = "FarthestInsertion"];
n211 -> n2110;
n2111[label = "FarthestInsertion"];
n211 -> n2111;
n21 -> n211;
n2 -> n21;
n -> n2;
}


Generation: 33
Best Individual:
Subpopulation 0:
Evaluated: true
Fitness: Standardized=0.29531434 Adjusted=0.77201337 Hits=0
Tree 0:
digraph g {
node [shape=rectangle];
n[label = "If_Then_Else"];
n0[label = "And"];
n00[label = "FarthestNeighbor"];
n0 -> n00;
n01[label = "Equal"];
n010[label = "FarthestNeighbor"];
n01 -> n010;
n011[label = "FarthestInsertion"];
n01 -> n011;
n0 -> n01;
n -> n0;
n1[label = "Equal"];
n10[label = "FarthestNeighbor"];
n1 -> n10;
n11[label = "FarthestInsertion"];
n1 -> n11;
n -> n1;
n2[label = "And"];
n20[label = "Equal"];
n200[label = "FarthestNeighbor"];
n20 -> n200;
n201[label = "FarthestInsertion"];
n20 -> n201;
n2 -> n20;
n21[label = "And"];
n210[label = "FarthestNeighbor"];
n21 -> n210;
n211[label = "Equal"];
n2110[label = "FarthestInsertion"];
n211 -> n2110;
n2111[label = "FarthestInsertion"];
n211 -> n2111;
n21 -> n211;
n2 -> n21;
n -> n2;
}


Generation: 34
Best Individual:
Subpopulation 0:
Evaluated: true
Fitness: Standardized=0.29531434 Adjusted=0.77201337 Hits=0
Tree 0:
digraph g {
node [shape=rectangle];
n[label = "If_Then_Else"];
n0[label = "And"];
n00[label = "FarthestNeighbor"];
n0 -> n00;
n01[label = "Equal"];
n010[label = "FarthestNeighbor"];
n01 -> n010;
n011[label = "FarthestInsertion"];
n01 -> n011;
n0 -> n01;
n -> n0;
n1[label = "Equal"];
n10[label = "FarthestNeighbor"];
n1 -> n10;
n11[label = "FarthestInsertion"];
n1 -> n11;
n -> n1;
n2[label = "And"];
n20[label = "Equal"];
n200[label = "FarthestNeighbor"];
n20 -> n200;
n201[label = "FarthestInsertion"];
n20 -> n201;
n2 -> n20;
n21[label = "And"];
n210[label = "FarthestNeighbor"];
n21 -> n210;
n211[label = "Equal"];
n2110[label = "FarthestInsertion"];
n211 -> n2110;
n2111[label = "FarthestInsertion"];
n211 -> n2111;
n21 -> n211;
n2 -> n21;
n -> n2;
}


Generation: 35
Best Individual:
Subpopulation 0:
Evaluated: true
Fitness: Standardized=0.29531434 Adjusted=0.77201337 Hits=0
Tree 0:
digraph g {
node [shape=rectangle];
n[label = "If_Then_Else"];
n0[label = "And"];
n00[label = "FarthestNeighbor"];
n0 -> n00;
n01[label = "Equal"];
n010[label = "FarthestNeighbor"];
n01 -> n010;
n011[label = "FarthestInsertion"];
n01 -> n011;
n0 -> n01;
n -> n0;
n1[label = "Equal"];
n10[label = "FarthestNeighbor"];
n1 -> n10;
n11[label = "FarthestInsertion"];
n1 -> n11;
n -> n1;
n2[label = "If_Then_Else"];
n20[label = "And"];
n200[label = "FarthestNeighbor"];
n20 -> n200;
n201[label = "FarthestNeighbor"];
n20 -> n201;
n2 -> n20;
n21[label = "Equal"];
n210[label = "FarthestNeighbor"];
n21 -> n210;
n211[label = "FarthestInsertion"];
n21 -> n211;
n2 -> n21;
n22[label = "NearestInsertion"];
n2 -> n22;
n -> n2;
}


Generation: 36
Best Individual:
Subpopulation 0:
Evaluated: true
Fitness: Standardized=0.29531434 Adjusted=0.77201337 Hits=0
Tree 0:
digraph g {
node [shape=rectangle];
n[label = "If_Then_Else"];
n0[label = "And"];
n00[label = "FarthestNeighbor"];
n0 -> n00;
n01[label = "Equal"];
n010[label = "FarthestNeighbor"];
n01 -> n010;
n011[label = "FarthestInsertion"];
n01 -> n011;
n0 -> n01;
n -> n0;
n1[label = "Equal"];
n10[label = "FarthestNeighbor"];
n1 -> n10;
n11[label = "FarthestInsertion"];
n1 -> n11;
n -> n1;
n2[label = "If_Then"];
n20[label = "FarthestInsertion"];
n2 -> n20;
n21[label = "And"];
n210[label = "FarthestNeighbor"];
n21 -> n210;
n211[label = "If_Then"];
n2110[label = "FarthestInsertion"];
n211 -> n2110;
n2111[label = "FarthestInsertion"];
n211 -> n2111;
n21 -> n211;
n2 -> n21;
n -> n2;
}


Generation: 37
Best Individual:
Subpopulation 0:
Evaluated: true
Fitness: Standardized=0.29531434 Adjusted=0.77201337 Hits=0
Tree 0:
digraph g {
node [shape=rectangle];
n[label = "If_Then_Else"];
n0[label = "And"];
n00[label = "FarthestNeighbor"];
n0 -> n00;
n01[label = "Equal"];
n010[label = "FarthestNeighbor"];
n01 -> n010;
n011[label = "FarthestInsertion"];
n01 -> n011;
n0 -> n01;
n -> n0;
n1[label = "Equal"];
n10[label = "FarthestNeighbor"];
n1 -> n10;
n11[label = "FarthestInsertion"];
n1 -> n11;
n -> n1;
n2[label = "If_Then_Else"];
n20[label = "FarthestInsertion"];
n2 -> n20;
n21[label = "Equal"];
n210[label = "FarthestNeighbor"];
n21 -> n210;
n211[label = "FarthestInsertion"];
n21 -> n211;
n2 -> n21;
n22[label = "NearestInsertion"];
n2 -> n22;
n -> n2;
}


Generation: 38
Best Individual:
Subpopulation 0:
Evaluated: true
Fitness: Standardized=0.29531434 Adjusted=0.77201337 Hits=0
Tree 0:
digraph g {
node [shape=rectangle];
n[label = "If_Then_Else"];
n0[label = "And"];
n00[label = "FarthestNeighbor"];
n0 -> n00;
n01[label = "Equal"];
n010[label = "FarthestNeighbor"];
n01 -> n010;
n011[label = "FarthestInsertion"];
n01 -> n011;
n0 -> n01;
n -> n0;
n1[label = "And"];
n10[label = "FarthestNeighbor"];
n1 -> n10;
n11[label = "FarthestNeighbor"];
n1 -> n11;
n -> n1;
n2[label = "And"];
n20[label = "Equal"];
n200[label = "FarthestNeighbor"];
n20 -> n200;
n201[label = "FarthestNeighbor"];
n20 -> n201;
n2 -> n20;
n21[label = "And"];
n210[label = "Equal"];
n2100[label = "FarthestNeighbor"];
n210 -> n2100;
n2101[label = "FarthestInsertion"];
n210 -> n2101;
n21 -> n210;
n211[label = "FarthestInsertion"];
n21 -> n211;
n2 -> n21;
n -> n2;
}


Generation: 39
Best Individual:
Subpopulation 0:
Evaluated: true
Fitness: Standardized=0.29531434 Adjusted=0.77201337 Hits=0
Tree 0:
digraph g {
node [shape=rectangle];
n[label = "If_Then_Else"];
n0[label = "And"];
n00[label = "FarthestNeighbor"];
n0 -> n00;
n01[label = "Equal"];
n010[label = "FarthestNeighbor"];
n01 -> n010;
n011[label = "FarthestInsertion"];
n01 -> n011;
n0 -> n01;
n -> n0;
n1[label = "And"];
n10[label = "FarthestNeighbor"];
n1 -> n10;
n11[label = "FarthestNeighbor"];
n1 -> n11;
n -> n1;
n2[label = "And"];
n20[label = "Equal"];
n200[label = "FarthestNeighbor"];
n20 -> n200;
n201[label = "FarthestNeighbor"];
n20 -> n201;
n2 -> n20;
n21[label = "And"];
n210[label = "NearestNeighbor"];
n21 -> n210;
n211[label = "Equal"];
n2110[label = "FarthestInsertion"];
n211 -> n2110;
n2111[label = "FarthestInsertion"];
n211 -> n2111;
n21 -> n211;
n2 -> n21;
n -> n2;
}


Generation: 40
Best Individual:
Subpopulation 0:
Evaluated: true
Fitness: Standardized=0.29531434 Adjusted=0.77201337 Hits=0
Tree 0:
digraph g {
node [shape=rectangle];
n[label = "If_Then_Else"];
n0[label = "And"];
n00[label = "FarthestNeighbor"];
n0 -> n00;
n01[label = "Equal"];
n010[label = "FarthestNeighbor"];
n01 -> n010;
n011[label = "FarthestInsertion"];
n01 -> n011;
n0 -> n01;
n -> n0;
n1[label = "And"];
n10[label = "FarthestNeighbor"];
n1 -> n10;
n11[label = "FarthestNeighbor"];
n1 -> n11;
n -> n1;
n2[label = "And"];
n20[label = "And"];
n200[label = "FarthestNeighbor"];
n20 -> n200;
n201[label = "Equal"];
n2010[label = "FarthestNeighbor"];
n201 -> n2010;
n2011[label = "FarthestInsertion"];
n201 -> n2011;
n20 -> n201;
n2 -> n20;
n21[label = "And"];
n210[label = "Equal"];
n2100[label = "FarthestNeighbor"];
n210 -> n2100;
n2101[label = "FarthestInsertion"];
n210 -> n2101;
n21 -> n210;
n211[label = "Equal"];
n2110[label = "FarthestInsertion"];
n211 -> n2110;
n2111[label = "FarthestInsertion"];
n211 -> n2111;
n21 -> n211;
n2 -> n21;
n -> n2;
}


Generation: 41
Best Individual:
Subpopulation 0:
Evaluated: true
Fitness: Standardized=0.2917488 Adjusted=0.77414435 Hits=0
Tree 0:
digraph g {
node [shape=rectangle];
n[label = "If_Then_Else"];
n0[label = "And"];
n00[label = "And"];
n000[label = "FarthestNeighbor"];
n00 -> n000;
n001[label = "Equal"];
n0010[label = "FarthestNeighbor"];
n001 -> n0010;
n0011[label = "FarthestInsertion"];
n001 -> n0011;
n00 -> n001;
n0 -> n00;
n01[label = "NearestFirstNode"];
n0 -> n01;
n -> n0;
n1[label = "And"];
n10[label = "FarthestNeighbor"];
n1 -> n10;
n11[label = "FarthestNeighbor"];
n1 -> n11;
n -> n1;
n2[label = "And"];
n20[label = "Equal"];
n200[label = "FarthestNeighbor"];
n20 -> n200;
n201[label = "FarthestNeighbor"];
n20 -> n201;
n2 -> n20;
n21[label = "And"];
n210[label = "NearestNeighbor"];
n21 -> n210;
n211[label = "Equal"];
n2110[label = "FarthestInsertion"];
n211 -> n2110;
n2111[label = "FarthestInsertion"];
n211 -> n2111;
n21 -> n211;
n2 -> n21;
n -> n2;
}


Generation: 42
Best Individual:
Subpopulation 0:
Evaluated: true
Fitness: Standardized=0.14454152 Adjusted=0.8737123 Hits=4
Tree 0:
digraph g {
node [shape=rectangle];
n[label = "If_Then_Else"];
n0[label = "And"];
n00[label = "FarthestNeighbor"];
n0 -> n00;
n01[label = "Equal"];
n010[label = "FarthestNeighbor"];
n01 -> n010;
n011[label = "FarthestInsertion"];
n01 -> n011;
n0 -> n01;
n -> n0;
n1[label = "While"];
n10[label = "FarthestNeighbor"];
n1 -> n10;
n11[label = "BestMove"];
n1 -> n11;
n -> n1;
n2[label = "And"];
n20[label = "Equal"];
n200[label = "FarthestNeighbor"];
n20 -> n200;
n201[label = "FarthestNeighbor"];
n20 -> n201;
n2 -> n20;
n21[label = "And"];
n210[label = "NearestNeighbor"];
n21 -> n210;
n211[label = "NearestInsertion"];
n21 -> n211;
n2 -> n21;
n -> n2;
}


Generation: 43
Best Individual:
Subpopulation 0:
Evaluated: true
Fitness: Standardized=0.14454152 Adjusted=0.8737123 Hits=4
Tree 0:
digraph g {
node [shape=rectangle];
n[label = "If_Then_Else"];
n0[label = "And"];
n00[label = "FarthestNeighbor"];
n0 -> n00;
n01[label = "Equal"];
n010[label = "FarthestNeighbor"];
n01 -> n010;
n011[label = "FarthestInsertion"];
n01 -> n011;
n0 -> n01;
n -> n0;
n1[label = "While"];
n10[label = "FarthestNeighbor"];
n1 -> n10;
n11[label = "BestMove"];
n1 -> n11;
n -> n1;
n2[label = "And"];
n20[label = "Equal"];
n200[label = "FarthestNeighbor"];
n20 -> n200;
n201[label = "FarthestNeighbor"];
n20 -> n201;
n2 -> n20;
n21[label = "FarthestInsertion"];
n2 -> n21;
n -> n2;
}


Generation: 44
Best Individual:
Subpopulation 0:
Evaluated: true
Fitness: Standardized=0.14454152 Adjusted=0.8737123 Hits=4
Tree 0:
digraph g {
node [shape=rectangle];
n[label = "If_Then_Else"];
n0[label = "And"];
n00[label = "FarthestNeighbor"];
n0 -> n00;
n01[label = "Equal"];
n010[label = "FarthestNeighbor"];
n01 -> n010;
n011[label = "FarthestInsertion"];
n01 -> n011;
n0 -> n01;
n -> n0;
n1[label = "While"];
n10[label = "FarthestNeighbor"];
n1 -> n10;
n11[label = "BestMove"];
n1 -> n11;
n -> n1;
n2[label = "And"];
n20[label = "FarthestNeighbor"];
n2 -> n20;
n21[label = "Equal"];
n210[label = "FarthestNeighbor"];
n21 -> n210;
n211[label = "FarthestInsertion"];
n21 -> n211;
n2 -> n21;
n -> n2;
}


Generation: 45
Best Individual:
Subpopulation 0:
Evaluated: true
Fitness: Standardized=0.14454152 Adjusted=0.8737123 Hits=4
Tree 0:
digraph g {
node [shape=rectangle];
n[label = "If_Then_Else"];
n0[label = "And"];
n00[label = "FarthestNeighbor"];
n0 -> n00;
n01[label = "Equal"];
n010[label = "FarthestNeighbor"];
n01 -> n010;
n011[label = "FarthestInsertion"];
n01 -> n011;
n0 -> n01;
n -> n0;
n1[label = "While"];
n10[label = "FarthestNeighbor"];
n1 -> n10;
n11[label = "BestMove"];
n1 -> n11;
n -> n1;
n2[label = "FarthestNeighbor"];
n -> n2;
}


Generation: 46
Best Individual:
Subpopulation 0:
Evaluated: true
Fitness: Standardized=0.14454152 Adjusted=0.8737123 Hits=4
Tree 0:
digraph g {
node [shape=rectangle];
n[label = "If_Then_Else"];
n0[label = "If_Then_Else"];
n00[label = "And"];
n000[label = "FarthestInsertion"];
n00 -> n000;
n001[label = "Equal"];
n0010[label = "FarthestNeighbor"];
n001 -> n0010;
n0011[label = "FarthestInsertion"];
n001 -> n0011;
n00 -> n001;
n0 -> n00;
n01[label = "While"];
n010[label = "FarthestNeighbor"];
n01 -> n010;
n011[label = "BestMove"];
n01 -> n011;
n0 -> n01;
n02[label = "And"];
n020[label = "FarthestNeighbor"];
n02 -> n020;
n021[label = "Equal"];
n0210[label = "FarthestNeighbor"];
n021 -> n0210;
n0211[label = "FarthestInsertion"];
n021 -> n0211;
n02 -> n021;
n0 -> n02;
n -> n0;
n1[label = "While"];
n10[label = "FarthestNeighbor"];
n1 -> n10;
n11[label = "BestMove"];
n1 -> n11;
n -> n1;
n2[label = "And"];
n20[label = "Equal"];
n200[label = "FarthestNeighbor"];
n20 -> n200;
n201[label = "FarthestNeighbor"];
n20 -> n201;
n2 -> n20;
n21[label = "FarthestInsertion"];
n2 -> n21;
n -> n2;
}


Generation: 47
Best Individual:
Subpopulation 0:
Evaluated: true
Fitness: Standardized=0.14454152 Adjusted=0.8737123 Hits=4
Tree 0:
digraph g {
node [shape=rectangle];
n[label = "If_Then_Else"];
n0[label = "And"];
n00[label = "FarthestNeighbor"];
n0 -> n00;
n01[label = "Equal"];
n010[label = "FarthestNeighbor"];
n01 -> n010;
n011[label = "FarthestInsertion"];
n01 -> n011;
n0 -> n01;
n -> n0;
n1[label = "While"];
n10[label = "FarthestNeighbor"];
n1 -> n10;
n11[label = "BestMove"];
n1 -> n11;
n -> n1;
n2[label = "Equal"];
n20[label = "FarthestNeighbor"];
n2 -> n20;
n21[label = "FarthestInsertion"];
n2 -> n21;
n -> n2;
}


Generation: 48
Best Individual:
Subpopulation 0:
Evaluated: true
Fitness: Standardized=0.14454152 Adjusted=0.8737123 Hits=4
Tree 0:
digraph g {
node [shape=rectangle];
n[label = "If_Then_Else"];
n0[label = "And"];
n00[label = "FarthestNeighbor"];
n0 -> n00;
n01[label = "Equal"];
n010[label = "FarthestNeighbor"];
n01 -> n010;
n011[label = "FarthestInsertion"];
n01 -> n011;
n0 -> n01;
n -> n0;
n1[label = "While"];
n10[label = "FarthestNeighbor"];
n1 -> n10;
n11[label = "BestMove"];
n1 -> n11;
n -> n1;
n2[label = "And"];
n20[label = "FarthestNeighbor"];
n2 -> n20;
n21[label = "Equal"];
n210[label = "FarthestNeighbor"];
n21 -> n210;
n211[label = "FarthestInsertion"];
n21 -> n211;
n2 -> n21;
n -> n2;
}


Generation: 49
Best Individual:
Subpopulation 0:
Evaluated: true
Fitness: Standardized=0.14454152 Adjusted=0.8737123 Hits=4
Tree 0:
digraph g {
node [shape=rectangle];
n[label = "If_Then_Else"];
n0[label = "And"];
n00[label = "FarthestNeighbor"];
n0 -> n00;
n01[label = "Equal"];
n010[label = "FarthestNeighbor"];
n01 -> n010;
n011[label = "FarthestInsertion"];
n01 -> n011;
n0 -> n01;
n -> n0;
n1[label = "While"];
n10[label = "FarthestNeighbor"];
n1 -> n10;
n11[label = "BestMove"];
n1 -> n11;
n -> n1;
n2[label = "And"];
n20[label = "And"];
n200[label = "FarthestNeighbor"];
n20 -> n200;
n201[label = "Equal"];
n2010[label = "FarthestNeighbor"];
n201 -> n2010;
n2011[label = "FarthestInsertion"];
n201 -> n2011;
n20 -> n201;
n2 -> n20;
n21[label = "FarthestInsertion"];
n2 -> n21;
n -> n2;
}


Generation: 50
Best Individual:
Subpopulation 0:
Evaluated: true
Fitness: Standardized=0.14454152 Adjusted=0.8737123 Hits=4
Tree 0:
digraph g {
node [shape=rectangle];
n[label = "If_Then_Else"];
n0[label = "And"];
n00[label = "FarthestNeighbor"];
n0 -> n00;
n01[label = "Equal"];
n010[label = "FarthestNeighbor"];
n01 -> n010;
n011[label = "FarthestInsertion"];
n01 -> n011;
n0 -> n01;
n -> n0;
n1[label = "While"];
n10[label = "FarthestNeighbor"];
n1 -> n10;
n11[label = "BestMove"];
n1 -> n11;
n -> n1;
n2[label = "While"];
n20[label = "FarthestNeighbor"];
n2 -> n20;
n21[label = "BestMove"];
n2 -> n21;
n -> n2;
}


Generation: 51
Best Individual:
Subpopulation 0:
Evaluated: true
Fitness: Standardized=0.14454152 Adjusted=0.8737123 Hits=4
Tree 0:
digraph g {
node [shape=rectangle];
n[label = "If_Then_Else"];
n0[label = "And"];
n00[label = "FarthestNeighbor"];
n0 -> n00;
n01[label = "Equal"];
n010[label = "FarthestNeighbor"];
n01 -> n010;
n011[label = "FarthestInsertion"];
n01 -> n011;
n0 -> n01;
n -> n0;
n1[label = "While"];
n10[label = "FarthestNeighbor"];
n1 -> n10;
n11[label = "BestMove"];
n1 -> n11;
n -> n1;
n2[label = "And"];
n20[label = "Equal"];
n200[label = "FarthestNeighbor"];
n20 -> n200;
n201[label = "FarthestInsertion"];
n20 -> n201;
n2 -> n20;
n21[label = "Equal"];
n210[label = "FarthestNeighbor"];
n21 -> n210;
n211[label = "FarthestInsertion"];
n21 -> n211;
n2 -> n21;
n -> n2;
}


Generation: 52
Best Individual:
Subpopulation 0:
Evaluated: true
Fitness: Standardized=0.14454152 Adjusted=0.8737123 Hits=4
Tree 0:
digraph g {
node [shape=rectangle];
n[label = "If_Then_Else"];
n0[label = "And"];
n00[label = "FarthestNeighbor"];
n0 -> n00;
n01[label = "Equal"];
n010[label = "FarthestNeighbor"];
n01 -> n010;
n011[label = "FarthestInsertion"];
n01 -> n011;
n0 -> n01;
n -> n0;
n1[label = "While"];
n10[label = "FarthestNeighbor"];
n1 -> n10;
n11[label = "BestMove"];
n1 -> n11;
n -> n1;
n2[label = "And"];
n20[label = "Equal"];
n200[label = "FarthestNeighbor"];
n20 -> n200;
n201[label = "FarthestInsertion"];
n20 -> n201;
n2 -> n20;
n21[label = "Equal"];
n210[label = "FarthestNeighbor"];
n21 -> n210;
n211[label = "FarthestInsertion"];
n21 -> n211;
n2 -> n21;
n -> n2;
}


Generation: 53
Best Individual:
Subpopulation 0:
Evaluated: true
Fitness: Standardized=0.14454152 Adjusted=0.8737123 Hits=4
Tree 0:
digraph g {
node [shape=rectangle];
n[label = "If_Then_Else"];
n0[label = "And"];
n00[label = "FarthestNeighbor"];
n0 -> n00;
n01[label = "Equal"];
n010[label = "FarthestNeighbor"];
n01 -> n010;
n011[label = "FarthestInsertion"];
n01 -> n011;
n0 -> n01;
n -> n0;
n1[label = "While"];
n10[label = "FarthestNeighbor"];
n1 -> n10;
n11[label = "BestMove"];
n1 -> n11;
n -> n1;
n2[label = "And"];
n20[label = "While"];
n200[label = "FarthestNeighbor"];
n20 -> n200;
n201[label = "BestMove"];
n20 -> n201;
n2 -> n20;
n21[label = "And"];
n210[label = "Equal"];
n2100[label = "FarthestNeighbor"];
n210 -> n2100;
n2101[label = "FarthestNeighbor"];
n210 -> n2101;
n21 -> n210;
n211[label = "FarthestInsertion"];
n21 -> n211;
n2 -> n21;
n -> n2;
}


Generation: 54
Best Individual:
Subpopulation 0:
Evaluated: true
Fitness: Standardized=0.14454152 Adjusted=0.8737123 Hits=4
Tree 0:
digraph g {
node [shape=rectangle];
n[label = "If_Then_Else"];
n0[label = "And"];
n00[label = "FarthestNeighbor"];
n0 -> n00;
n01[label = "Equal"];
n010[label = "FarthestNeighbor"];
n01 -> n010;
n011[label = "FarthestInsertion"];
n01 -> n011;
n0 -> n01;
n -> n0;
n1[label = "While"];
n10[label = "FarthestNeighbor"];
n1 -> n10;
n11[label = "BestMove"];
n1 -> n11;
n -> n1;
n2[label = "If_Then"];
n20[label = "Equal"];
n200[label = "FarthestNeighbor"];
n20 -> n200;
n201[label = "FarthestInsertion"];
n20 -> n201;
n2 -> n20;
n21[label = "FarthestNeighbor"];
n2 -> n21;
n -> n2;
}


Generation: 55
Best Individual:
Subpopulation 0:
Evaluated: true
Fitness: Standardized=0.14454152 Adjusted=0.8737123 Hits=4
Tree 0:
digraph g {
node [shape=rectangle];
n[label = "If_Then_Else"];
n0[label = "And"];
n00[label = "FarthestNeighbor"];
n0 -> n00;
n01[label = "Equal"];
n010[label = "FarthestNeighbor"];
n01 -> n010;
n011[label = "FarthestInsertion"];
n01 -> n011;
n0 -> n01;
n -> n0;
n1[label = "While"];
n10[label = "FarthestNeighbor"];
n1 -> n10;
n11[label = "BestMove"];
n1 -> n11;
n -> n1;
n2[label = "And"];
n20[label = "While"];
n200[label = "FarthestNeighbor"];
n20 -> n200;
n201[label = "BestMove"];
n20 -> n201;
n2 -> n20;
n21[label = "And"];
n210[label = "Equal"];
n2100[label = "FarthestNeighbor"];
n210 -> n2100;
n2101[label = "FarthestNeighbor"];
n210 -> n2101;
n21 -> n210;
n211[label = "FarthestInsertion"];
n21 -> n211;
n2 -> n21;
n -> n2;
}


Generation: 56
Best Individual:
Subpopulation 0:
Evaluated: true
Fitness: Standardized=0.14454152 Adjusted=0.8737123 Hits=4
Tree 0:
digraph g {
node [shape=rectangle];
n[label = "If_Then_Else"];
n0[label = "And"];
n00[label = "FarthestNeighbor"];
n0 -> n00;
n01[label = "Equal"];
n010[label = "FarthestNeighbor"];
n01 -> n010;
n011[label = "FarthestInsertion"];
n01 -> n011;
n0 -> n01;
n -> n0;
n1[label = "While"];
n10[label = "FarthestNeighbor"];
n1 -> n10;
n11[label = "BestMove"];
n1 -> n11;
n -> n1;
n2[label = "And"];
n20[label = "While"];
n200[label = "FarthestNeighbor"];
n20 -> n200;
n201[label = "BestMove"];
n20 -> n201;
n2 -> n20;
n21[label = "And"];
n210[label = "Equal"];
n2100[label = "FarthestNeighbor"];
n210 -> n2100;
n2101[label = "FarthestNeighbor"];
n210 -> n2101;
n21 -> n210;
n211[label = "FarthestInsertion"];
n21 -> n211;
n2 -> n21;
n -> n2;
}


Generation: 57
Best Individual:
Subpopulation 0:
Evaluated: true
Fitness: Standardized=0.14454152 Adjusted=0.8737123 Hits=4
Tree 0:
digraph g {
node [shape=rectangle];
n[label = "If_Then_Else"];
n0[label = "And"];
n00[label = "FarthestNeighbor"];
n0 -> n00;
n01[label = "Equal"];
n010[label = "FarthestNeighbor"];
n01 -> n010;
n011[label = "FarthestInsertion"];
n01 -> n011;
n0 -> n01;
n -> n0;
n1[label = "While"];
n10[label = "FarthestNeighbor"];
n1 -> n10;
n11[label = "BestMove"];
n1 -> n11;
n -> n1;
n2[label = "And"];
n20[label = "FarthestNeighbor"];
n2 -> n20;
n21[label = "Equal"];
n210[label = "FarthestInsertion"];
n21 -> n210;
n211[label = "FarthestInsertion"];
n21 -> n211;
n2 -> n21;
n -> n2;
}


Generation: 58
Best Individual:
Subpopulation 0:
Evaluated: true
Fitness: Standardized=0.14454152 Adjusted=0.8737123 Hits=4
Tree 0:
digraph g {
node [shape=rectangle];
n[label = "If_Then_Else"];
n0[label = "And"];
n00[label = "FarthestNeighbor"];
n0 -> n00;
n01[label = "Equal"];
n010[label = "FarthestNeighbor"];
n01 -> n010;
n011[label = "FarthestInsertion"];
n01 -> n011;
n0 -> n01;
n -> n0;
n1[label = "While"];
n10[label = "FarthestNeighbor"];
n1 -> n10;
n11[label = "BestMove"];
n1 -> n11;
n -> n1;
n2[label = "And"];
n20[label = "While"];
n200[label = "FarthestNeighbor"];
n20 -> n200;
n201[label = "BestMove"];
n20 -> n201;
n2 -> n20;
n21[label = "And"];
n210[label = "FarthestNeighbor"];
n21 -> n210;
n211[label = "FarthestInsertion"];
n21 -> n211;
n2 -> n21;
n -> n2;
}


Generation: 59
Best Individual:
Subpopulation 0:
Evaluated: true
Fitness: Standardized=0.14454152 Adjusted=0.8737123 Hits=4
Tree 0:
digraph g {
node [shape=rectangle];
n[label = "If_Then_Else"];
n0[label = "And"];
n00[label = "FarthestNeighbor"];
n0 -> n00;
n01[label = "Equal"];
n010[label = "FarthestNeighbor"];
n01 -> n010;
n011[label = "FarthestInsertion"];
n01 -> n011;
n0 -> n01;
n -> n0;
n1[label = "While"];
n10[label = "FarthestNeighbor"];
n1 -> n10;
n11[label = "BestMove"];
n1 -> n11;
n -> n1;
n2[label = "If_Then_Else"];
n20[label = "And"];
n200[label = "FarthestNeighbor"];
n20 -> n200;
n201[label = "While"];
n2010[label = "FarthestNeighbor"];
n201 -> n2010;
n2011[label = "BestMove"];
n201 -> n2011;
n20 -> n201;
n2 -> n20;
n21[label = "NearestFirstNode"];
n2 -> n21;
n22[label = "And"];
n220[label = "FarthestNeighbor"];
n22 -> n220;
n221[label = "Equal"];
n2210[label = "FarthestNeighbor"];
n221 -> n2210;
n2211[label = "FarthestFirstNode"];
n221 -> n2211;
n22 -> n221;
n2 -> n22;
n -> n2;
}


Generation: 60
Best Individual:
Subpopulation 0:
Evaluated: true
Fitness: Standardized=0.14454152 Adjusted=0.8737123 Hits=4
Tree 0:
digraph g {
node [shape=rectangle];
n[label = "If_Then_Else"];
n0[label = "And"];
n00[label = "FarthestNeighbor"];
n0 -> n00;
n01[label = "Equal"];
n010[label = "FarthestNeighbor"];
n01 -> n010;
n011[label = "FarthestInsertion"];
n01 -> n011;
n0 -> n01;
n -> n0;
n1[label = "While"];
n10[label = "FarthestNeighbor"];
n1 -> n10;
n11[label = "BestMove"];
n1 -> n11;
n -> n1;
n2[label = "Equal"];
n20[label = "FarthestNeighbor"];
n2 -> n20;
n21[label = "Equal"];
n210[label = "FarthestInsertion"];
n21 -> n210;
n211[label = "FarthestNeighbor"];
n21 -> n211;
n2 -> n21;
n -> n2;
}


Generation: 61
Best Individual:
Subpopulation 0:
Evaluated: true
Fitness: Standardized=0.14454152 Adjusted=0.8737123 Hits=4
Tree 0:
digraph g {
node [shape=rectangle];
n[label = "If_Then_Else"];
n0[label = "And"];
n00[label = "FarthestNeighbor"];
n0 -> n00;
n01[label = "Equal"];
n010[label = "FarthestInsertion"];
n01 -> n010;
n011[label = "FarthestInsertion"];
n01 -> n011;
n0 -> n01;
n -> n0;
n1[label = "While"];
n10[label = "FarthestNeighbor"];
n1 -> n10;
n11[label = "BestMove"];
n1 -> n11;
n -> n1;
n2[label = "And"];
n20[label = "Equal"];
n200[label = "FarthestNeighbor"];
n20 -> n200;
n201[label = "FarthestInsertion"];
n20 -> n201;
n2 -> n20;
n21[label = "FarthestNeighbor"];
n2 -> n21;
n -> n2;
}


Generation: 62
Best Individual:
Subpopulation 0:
Evaluated: true
Fitness: Standardized=0.14454152 Adjusted=0.8737123 Hits=4
Tree 0:
digraph g {
node [shape=rectangle];
n[label = "If_Then_Else"];
n0[label = "And"];
n00[label = "FarthestNeighbor"];
n0 -> n00;
n01[label = "Equal"];
n010[label = "FarthestInsertion"];
n01 -> n010;
n011[label = "FarthestInsertion"];
n01 -> n011;
n0 -> n01;
n -> n0;
n1[label = "While"];
n10[label = "FarthestNeighbor"];
n1 -> n10;
n11[label = "BestMove"];
n1 -> n11;
n -> n1;
n2[label = "If_Then_Else"];
n20[label = "And"];
n200[label = "FarthestNeighbor"];
n20 -> n200;
n201[label = "Equal"];
n2010[label = "FarthestInsertion"];
n201 -> n2010;
n2011[label = "FarthestInsertion"];
n201 -> n2011;
n20 -> n201;
n2 -> n20;
n21[label = "While"];
n210[label = "FarthestNeighbor"];
n21 -> n210;
n211[label = "BestMove"];
n21 -> n211;
n2 -> n21;
n22[label = "And"];
n220[label = "Equal"];
n2200[label = "FarthestNeighbor"];
n220 -> n2200;
n2201[label = "FarthestInsertion"];
n220 -> n2201;
n22 -> n220;
n221[label = "Equal"];
n2210[label = "FarthestNeighbor"];
n221 -> n2210;
n2211[label = "FarthestInsertion"];
n221 -> n2211;
n22 -> n221;
n2 -> n22;
n -> n2;
}


Generation: 63
Best Individual:
Subpopulation 0:
Evaluated: true
Fitness: Standardized=0.14454152 Adjusted=0.8737123 Hits=4
Tree 0:
digraph g {
node [shape=rectangle];
n[label = "If_Then_Else"];
n0[label = "And"];
n00[label = "FarthestNeighbor"];
n0 -> n00;
n01[label = "Equal"];
n010[label = "FarthestInsertion"];
n01 -> n010;
n011[label = "FarthestInsertion"];
n01 -> n011;
n0 -> n01;
n -> n0;
n1[label = "While"];
n10[label = "FarthestNeighbor"];
n1 -> n10;
n11[label = "BestMove"];
n1 -> n11;
n -> n1;
n2[label = "If_Then_Else"];
n20[label = "And"];
n200[label = "FarthestNeighbor"];
n20 -> n200;
n201[label = "Equal"];
n2010[label = "FarthestInsertion"];
n201 -> n2010;
n2011[label = "FarthestInsertion"];
n201 -> n2011;
n20 -> n201;
n2 -> n20;
n21[label = "FarthestNeighbor"];
n2 -> n21;
n22[label = "And"];
n220[label = "Equal"];
n2200[label = "FarthestNeighbor"];
n220 -> n2200;
n2201[label = "FarthestInsertion"];
n220 -> n2201;
n22 -> n220;
n221[label = "Equal"];
n2210[label = "FarthestNeighbor"];
n221 -> n2210;
n2211[label = "FarthestInsertion"];
n221 -> n2211;
n22 -> n221;
n2 -> n22;
n -> n2;
}


Generation: 64
Best Individual:
Subpopulation 0:
Evaluated: true
Fitness: Standardized=0.14454152 Adjusted=0.8737123 Hits=4
Tree 0:
digraph g {
node [shape=rectangle];
n[label = "If_Then_Else"];
n0[label = "If_Then"];
n00[label = "FarthestNeighbor"];
n0 -> n00;
n01[label = "Equal"];
n010[label = "FarthestInsertion"];
n01 -> n010;
n011[label = "FarthestInsertion"];
n01 -> n011;
n0 -> n01;
n -> n0;
n1[label = "While"];
n10[label = "FarthestNeighbor"];
n1 -> n10;
n11[label = "BestMove"];
n1 -> n11;
n -> n1;
n2[label = "BestMove"];
n -> n2;
}


Generation: 65
Best Individual:
Subpopulation 0:
Evaluated: true
Fitness: Standardized=0.14454152 Adjusted=0.8737123 Hits=4
Tree 0:
digraph g {
node [shape=rectangle];
n[label = "If_Then_Else"];
n0[label = "And"];
n00[label = "FarthestNeighbor"];
n0 -> n00;
n01[label = "Equal"];
n010[label = "FarthestInsertion"];
n01 -> n010;
n011[label = "FarthestInsertion"];
n01 -> n011;
n0 -> n01;
n -> n0;
n1[label = "While"];
n10[label = "FarthestNeighbor"];
n1 -> n10;
n11[label = "BestMove"];
n1 -> n11;
n -> n1;
n2[label = "If_Then_Else"];
n20[label = "And"];
n200[label = "FarthestNeighbor"];
n20 -> n200;
n201[label = "Equal"];
n2010[label = "FarthestInsertion"];
n201 -> n2010;
n2011[label = "FarthestInsertion"];
n201 -> n2011;
n20 -> n201;
n2 -> n20;
n21[label = "FarthestNeighbor"];
n2 -> n21;
n22[label = "And"];
n220[label = "Equal"];
n2200[label = "FarthestNeighbor"];
n220 -> n2200;
n2201[label = "FarthestInsertion"];
n220 -> n2201;
n22 -> n220;
n221[label = "Equal"];
n2210[label = "FarthestNeighbor"];
n221 -> n2210;
n2211[label = "FarthestInsertion"];
n221 -> n2211;
n22 -> n221;
n2 -> n22;
n -> n2;
}


Generation: 66
Best Individual:
Subpopulation 0:
Evaluated: true
Fitness: Standardized=0.14454152 Adjusted=0.8737123 Hits=4
Tree 0:
digraph g {
node [shape=rectangle];
n[label = "If_Then_Else"];
n0[label = "If_Then"];
n00[label = "FarthestNeighbor"];
n0 -> n00;
n01[label = "Equal"];
n010[label = "FarthestInsertion"];
n01 -> n010;
n011[label = "FarthestInsertion"];
n01 -> n011;
n0 -> n01;
n -> n0;
n1[label = "While"];
n10[label = "FarthestNeighbor"];
n1 -> n10;
n11[label = "BestMove"];
n1 -> n11;
n -> n1;
n2[label = "While"];
n20[label = "FarthestNeighbor"];
n2 -> n20;
n21[label = "BestMove"];
n2 -> n21;
n -> n2;
}


Generation: 67
Best Individual:
Subpopulation 0:
Evaluated: true
Fitness: Standardized=0.14454152 Adjusted=0.8737123 Hits=4
Tree 0:
digraph g {
node [shape=rectangle];
n[label = "If_Then_Else"];
n0[label = "If_Then"];
n00[label = "FarthestNeighbor"];
n0 -> n00;
n01[label = "Equal"];
n010[label = "FarthestInsertion"];
n01 -> n010;
n011[label = "FarthestInsertion"];
n01 -> n011;
n0 -> n01;
n -> n0;
n1[label = "While"];
n10[label = "FarthestNeighbor"];
n1 -> n10;
n11[label = "BestMove"];
n1 -> n11;
n -> n1;
n2[label = "While"];
n20[label = "FarthestNeighbor"];
n2 -> n20;
n21[label = "BestMove"];
n2 -> n21;
n -> n2;
}


Generation: 68
Best Individual:
Subpopulation 0:
Evaluated: true
Fitness: Standardized=0.14454152 Adjusted=0.8737123 Hits=4
Tree 0:
digraph g {
node [shape=rectangle];
n[label = "If_Then_Else"];
n0[label = "If_Then"];
n00[label = "FarthestNeighbor"];
n0 -> n00;
n01[label = "Equal"];
n010[label = "FarthestInsertion"];
n01 -> n010;
n011[label = "FarthestInsertion"];
n01 -> n011;
n0 -> n01;
n -> n0;
n1[label = "While"];
n10[label = "FarthestNeighbor"];
n1 -> n10;
n11[label = "BestMove"];
n1 -> n11;
n -> n1;
n2[label = "While"];
n20[label = "FarthestNeighbor"];
n2 -> n20;
n21[label = "BestMove"];
n2 -> n21;
n -> n2;
}


Generation: 69
Best Individual:
Subpopulation 0:
Evaluated: true
Fitness: Standardized=0.14454152 Adjusted=0.8737123 Hits=4
Tree 0:
digraph g {
node [shape=rectangle];
n[label = "If_Then_Else"];
n0[label = "If_Then"];
n00[label = "FarthestNeighbor"];
n0 -> n00;
n01[label = "Equal"];
n010[label = "FarthestInsertion"];
n01 -> n010;
n011[label = "FarthestInsertion"];
n01 -> n011;
n0 -> n01;
n -> n0;
n1[label = "While"];
n10[label = "FarthestNeighbor"];
n1 -> n10;
n11[label = "BestMove"];
n1 -> n11;
n -> n1;
n2[label = "Equal"];
n20[label = "FarthestNeighbor"];
n2 -> n20;
n21[label = "FarthestInsertion"];
n2 -> n21;
n -> n2;
}


Generation: 70
Best Individual:
Subpopulation 0:
Evaluated: true
Fitness: Standardized=0.14454152 Adjusted=0.8737123 Hits=4
Tree 0:
digraph g {
node [shape=rectangle];
n[label = "If_Then_Else"];
n0[label = "If_Then"];
n00[label = "FarthestNeighbor"];
n0 -> n00;
n01[label = "Equal"];
n010[label = "FarthestInsertion"];
n01 -> n010;
n011[label = "FarthestInsertion"];
n01 -> n011;
n0 -> n01;
n -> n0;
n1[label = "While"];
n10[label = "FarthestNeighbor"];
n1 -> n10;
n11[label = "BestMove"];
n1 -> n11;
n -> n1;
n2[label = "Equal"];
n20[label = "If_Then"];
n200[label = "FarthestNeighbor"];
n20 -> n200;
n201[label = "Equal"];
n2010[label = "FarthestInsertion"];
n201 -> n2010;
n2011[label = "FarthestInsertion"];
n201 -> n2011;
n20 -> n201;
n2 -> n20;
n21[label = "FarthestInsertion"];
n2 -> n21;
n -> n2;
}


Generation: 71
Best Individual:
Subpopulation 0:
Evaluated: true
Fitness: Standardized=0.14454152 Adjusted=0.8737123 Hits=4
Tree 0:
digraph g {
node [shape=rectangle];
n[label = "If_Then_Else"];
n0[label = "And"];
n00[label = "FarthestNeighbor"];
n0 -> n00;
n01[label = "And"];
n010[label = "FarthestNeighbor"];
n01 -> n010;
n011[label = "FarthestInsertion"];
n01 -> n011;
n0 -> n01;
n -> n0;
n1[label = "While"];
n10[label = "FarthestNeighbor"];
n1 -> n10;
n11[label = "BestMove"];
n1 -> n11;
n -> n1;
n2[label = "And"];
n20[label = "While"];
n200[label = "FarthestNeighbor"];
n20 -> n200;
n201[label = "BestMove"];
n20 -> n201;
n2 -> n20;
n21[label = "Equal"];
n210[label = "FarthestNeighbor"];
n21 -> n210;
n211[label = "FarthestInsertion"];
n21 -> n211;
n2 -> n21;
n -> n2;
}


Generation: 72
Best Individual:
Subpopulation 0:
Evaluated: true
Fitness: Standardized=0.14454152 Adjusted=0.8737123 Hits=4
Tree 0:
digraph g {
node [shape=rectangle];
n[label = "If_Then_Else"];
n0[label = "And"];
n00[label = "FarthestNeighbor"];
n0 -> n00;
n01[label = "And"];
n010[label = "FarthestNeighbor"];
n01 -> n010;
n011[label = "FarthestInsertion"];
n01 -> n011;
n0 -> n01;
n -> n0;
n1[label = "While"];
n10[label = "FarthestNeighbor"];
n1 -> n10;
n11[label = "BestMove"];
n1 -> n11;
n -> n1;
n2[label = "And"];
n20[label = "FarthestInsertion"];
n2 -> n20;
n21[label = "Equal"];
n210[label = "FarthestNeighbor"];
n21 -> n210;
n211[label = "FarthestInsertion"];
n21 -> n211;
n2 -> n21;
n -> n2;
}


Generation: 73
Best Individual:
Subpopulation 0:
Evaluated: true
Fitness: Standardized=0.14454152 Adjusted=0.8737123 Hits=4
Tree 0:
digraph g {
node [shape=rectangle];
n[label = "If_Then_Else"];
n0[label = "And"];
n00[label = "FarthestNeighbor"];
n0 -> n00;
n01[label = "And"];
n010[label = "FarthestNeighbor"];
n01 -> n010;
n011[label = "FarthestInsertion"];
n01 -> n011;
n0 -> n01;
n -> n0;
n1[label = "While"];
n10[label = "FarthestNeighbor"];
n1 -> n10;
n11[label = "BestMove"];
n1 -> n11;
n -> n1;
n2[label = "And"];
n20[label = "While"];
n200[label = "FarthestNeighbor"];
n20 -> n200;
n201[label = "BestMove"];
n20 -> n201;
n2 -> n20;
n21[label = "While"];
n210[label = "FarthestNeighbor"];
n21 -> n210;
n211[label = "BestMove"];
n21 -> n211;
n2 -> n21;
n -> n2;
}


Generation: 74
Best Individual:
Subpopulation 0:
Evaluated: true
Fitness: Standardized=0.13954966 Adjusted=0.8775397 Hits=2
Tree 0:
digraph g {
node [shape=rectangle];
n[label = "If_Then_Else"];
n0[label = "If_Then"];
n00[label = "NearestInsertion"];
n0 -> n00;
n01[label = "Equal"];
n010[label = "FarthestInsertion"];
n01 -> n010;
n011[label = "Equal"];
n0110[label = "FarthestNeighbor"];
n011 -> n0110;
n0111[label = "FarthestInsertion"];
n011 -> n0111;
n01 -> n011;
n0 -> n01;
n -> n0;
n1[label = "While"];
n10[label = "FarthestNeighbor"];
n1 -> n10;
n11[label = "BestMove"];
n1 -> n11;
n -> n1;
n2[label = "Equal"];
n20[label = "FarthestNeighbor"];
n2 -> n20;
n21[label = "While"];
n210[label = "FarthestNeighbor"];
n21 -> n210;
n211[label = "BestMove"];
n21 -> n211;
n2 -> n21;
n -> n2;
}


Generation: 75
Best Individual:
Subpopulation 0:
Evaluated: true
Fitness: Standardized=0.13954966 Adjusted=0.8775397 Hits=2
Tree 0:
digraph g {
node [shape=rectangle];
n[label = "If_Then_Else"];
n0[label = "If_Then"];
n00[label = "NearestInsertion"];
n0 -> n00;
n01[label = "Equal"];
n010[label = "FarthestInsertion"];
n01 -> n010;
n011[label = "Equal"];
n0110[label = "FarthestNeighbor"];
n011 -> n0110;
n0111[label = "FarthestInsertion"];
n011 -> n0111;
n01 -> n011;
n0 -> n01;
n -> n0;
n1[label = "While"];
n10[label = "FarthestNeighbor"];
n1 -> n10;
n11[label = "BestMove"];
n1 -> n11;
n -> n1;
n2[label = "Equal"];
n20[label = "FarthestNeighbor"];
n2 -> n20;
n21[label = "While"];
n210[label = "FarthestNeighbor"];
n21 -> n210;
n211[label = "BestMove"];
n21 -> n211;
n2 -> n21;
n -> n2;
}


Generation: 76
Best Individual:
Subpopulation 0:
Evaluated: true
Fitness: Standardized=0.13954966 Adjusted=0.8775397 Hits=2
Tree 0:
digraph g {
node [shape=rectangle];
n[label = "If_Then_Else"];
n0[label = "If_Then"];
n00[label = "NearestInsertion"];
n0 -> n00;
n01[label = "Equal"];
n010[label = "FarthestInsertion"];
n01 -> n010;
n011[label = "Equal"];
n0110[label = "FarthestNeighbor"];
n011 -> n0110;
n0111[label = "FarthestInsertion"];
n011 -> n0111;
n01 -> n011;
n0 -> n01;
n -> n0;
n1[label = "While"];
n10[label = "FarthestNeighbor"];
n1 -> n10;
n11[label = "BestMove"];
n1 -> n11;
n -> n1;
n2[label = "Equal"];
n20[label = "FarthestNeighbor"];
n2 -> n20;
n21[label = "While"];
n210[label = "FarthestNeighbor"];
n21 -> n210;
n211[label = "BestMove"];
n21 -> n211;
n2 -> n21;
n -> n2;
}


Generation: 77
Best Individual:
Subpopulation 0:
Evaluated: true
Fitness: Standardized=0.13954966 Adjusted=0.8775397 Hits=2
Tree 0:
digraph g {
node [shape=rectangle];
n[label = "If_Then_Else"];
n0[label = "If_Then"];
n00[label = "NearestInsertion"];
n0 -> n00;
n01[label = "Equal"];
n010[label = "FarthestInsertion"];
n01 -> n010;
n011[label = "Equal"];
n0110[label = "FarthestNeighbor"];
n011 -> n0110;
n0111[label = "FarthestInsertion"];
n011 -> n0111;
n01 -> n011;
n0 -> n01;
n -> n0;
n1[label = "While"];
n10[label = "FarthestNeighbor"];
n1 -> n10;
n11[label = "BestMove"];
n1 -> n11;
n -> n1;
n2[label = "Equal"];
n20[label = "NearestInsertion"];
n2 -> n20;
n21[label = "While"];
n210[label = "FarthestNeighbor"];
n21 -> n210;
n211[label = "BestMove"];
n21 -> n211;
n2 -> n21;
n -> n2;
}


Generation: 78
Best Individual:
Subpopulation 0:
Evaluated: true
Fitness: Standardized=0.13954966 Adjusted=0.8775397 Hits=2
Tree 0:
digraph g {
node [shape=rectangle];
n[label = "If_Then_Else"];
n0[label = "If_Then"];
n00[label = "NearestInsertion"];
n0 -> n00;
n01[label = "Equal"];
n010[label = "FarthestInsertion"];
n01 -> n010;
n011[label = "Equal"];
n0110[label = "FarthestNeighbor"];
n011 -> n0110;
n0111[label = "FarthestInsertion"];
n011 -> n0111;
n01 -> n011;
n0 -> n01;
n -> n0;
n1[label = "While"];
n10[label = "FarthestNeighbor"];
n1 -> n10;
n11[label = "BestMove"];
n1 -> n11;
n -> n1;
n2[label = "Equal"];
n20[label = "FarthestNeighbor"];
n2 -> n20;
n21[label = "And"];
n210[label = "FarthestNeighbor"];
n21 -> n210;
n211[label = "And"];
n2110[label = "FarthestNeighbor"];
n211 -> n2110;
n2111[label = "FarthestInsertion"];
n211 -> n2111;
n21 -> n211;
n2 -> n21;
n -> n2;
}


Generation: 79
Best Individual:
Subpopulation 0:
Evaluated: true
Fitness: Standardized=0.13954966 Adjusted=0.8775397 Hits=2
Tree 0:
digraph g {
node [shape=rectangle];
n[label = "If_Then_Else"];
n0[label = "If_Then"];
n00[label = "NearestInsertion"];
n0 -> n00;
n01[label = "Equal"];
n010[label = "FarthestInsertion"];
n01 -> n010;
n011[label = "Equal"];
n0110[label = "FarthestNeighbor"];
n011 -> n0110;
n0111[label = "FarthestInsertion"];
n011 -> n0111;
n01 -> n011;
n0 -> n01;
n -> n0;
n1[label = "While"];
n10[label = "FarthestNeighbor"];
n1 -> n10;
n11[label = "BestMove"];
n1 -> n11;
n -> n1;
n2[label = "Equal"];
n20[label = "FarthestNeighbor"];
n2 -> n20;
n21[label = "Equal"];
n210[label = "FarthestInsertion"];
n21 -> n210;
n211[label = "Equal"];
n2110[label = "FarthestNeighbor"];
n211 -> n2110;
n2111[label = "FarthestInsertion"];
n211 -> n2111;
n21 -> n211;
n2 -> n21;
n -> n2;
}


Generation: 80
Best Individual:
Subpopulation 0:
Evaluated: true
Fitness: Standardized=0.13954966 Adjusted=0.8775397 Hits=2
Tree 0:
digraph g {
node [shape=rectangle];
n[label = "If_Then_Else"];
n0[label = "If_Then"];
n00[label = "NearestInsertion"];
n0 -> n00;
n01[label = "Equal"];
n010[label = "FarthestInsertion"];
n01 -> n010;
n011[label = "Equal"];
n0110[label = "FarthestNeighbor"];
n011 -> n0110;
n0111[label = "FarthestInsertion"];
n011 -> n0111;
n01 -> n011;
n0 -> n01;
n -> n0;
n1[label = "While"];
n10[label = "FarthestNeighbor"];
n1 -> n10;
n11[label = "BestMove"];
n1 -> n11;
n -> n1;
n2[label = "BestMove"];
n -> n2;
}


Generation: 81
Best Individual:
Subpopulation 0:
Evaluated: true
Fitness: Standardized=0.13954966 Adjusted=0.8775397 Hits=2
Tree 0:
digraph g {
node [shape=rectangle];
n[label = "If_Then_Else"];
n0[label = "If_Then"];
n00[label = "NearestInsertion"];
n0 -> n00;
n01[label = "Equal"];
n010[label = "FarthestInsertion"];
n01 -> n010;
n011[label = "Equal"];
n0110[label = "FarthestNeighbor"];
n011 -> n0110;
n0111[label = "FarthestInsertion"];
n011 -> n0111;
n01 -> n011;
n0 -> n01;
n -> n0;
n1[label = "While"];
n10[label = "FarthestNeighbor"];
n1 -> n10;
n11[label = "BestMove"];
n1 -> n11;
n -> n1;
n2[label = "Equal"];
n20[label = "FarthestInsertion"];
n2 -> n20;
n21[label = "Equal"];
n210[label = "FarthestNeighbor"];
n21 -> n210;
n211[label = "FarthestInsertion"];
n21 -> n211;
n2 -> n21;
n -> n2;
}


Generation: 82
Best Individual:
Subpopulation 0:
Evaluated: true
Fitness: Standardized=0.13954966 Adjusted=0.8775397 Hits=2
Tree 0:
digraph g {
node [shape=rectangle];
n[label = "If_Then_Else"];
n0[label = "If_Then"];
n00[label = "NearestInsertion"];
n0 -> n00;
n01[label = "Equal"];
n010[label = "FarthestInsertion"];
n01 -> n010;
n011[label = "Equal"];
n0110[label = "FarthestNeighbor"];
n011 -> n0110;
n0111[label = "FarthestInsertion"];
n011 -> n0111;
n01 -> n011;
n0 -> n01;
n -> n0;
n1[label = "While"];
n10[label = "FarthestNeighbor"];
n1 -> n10;
n11[label = "BestMove"];
n1 -> n11;
n -> n1;
n2[label = "Equal"];
n20[label = "FarthestNeighbor"];
n2 -> n20;
n21[label = "While"];
n210[label = "FarthestNeighbor"];
n21 -> n210;
n211[label = "BestMove"];
n21 -> n211;
n2 -> n21;
n -> n2;
}


Generation: 83
Best Individual:
Subpopulation 0:
Evaluated: true
Fitness: Standardized=0.13954966 Adjusted=0.8775397 Hits=2
Tree 0:
digraph g {
node [shape=rectangle];
n[label = "If_Then_Else"];
n0[label = "If_Then"];
n00[label = "NearestInsertion"];
n0 -> n00;
n01[label = "Equal"];
n010[label = "FarthestInsertion"];
n01 -> n010;
n011[label = "Equal"];
n0110[label = "FarthestNeighbor"];
n011 -> n0110;
n0111[label = "FarthestInsertion"];
n011 -> n0111;
n01 -> n011;
n0 -> n01;
n -> n0;
n1[label = "While"];
n10[label = "FarthestNeighbor"];
n1 -> n10;
n11[label = "BestMove"];
n1 -> n11;
n -> n1;
n2[label = "While"];
n20[label = "FarthestNeighbor"];
n2 -> n20;
n21[label = "BestMove"];
n2 -> n21;
n -> n2;
}


Generation: 84
Best Individual:
Subpopulation 0:
Evaluated: true
Fitness: Standardized=0.13954966 Adjusted=0.8775397 Hits=2
Tree 0:
digraph g {
node [shape=rectangle];
n[label = "If_Then_Else"];
n0[label = "If_Then"];
n00[label = "NearestInsertion"];
n0 -> n00;
n01[label = "Equal"];
n010[label = "FarthestInsertion"];
n01 -> n010;
n011[label = "Equal"];
n0110[label = "FarthestNeighbor"];
n011 -> n0110;
n0111[label = "FarthestInsertion"];
n011 -> n0111;
n01 -> n011;
n0 -> n01;
n -> n0;
n1[label = "While"];
n10[label = "FarthestNeighbor"];
n1 -> n10;
n11[label = "BestMove"];
n1 -> n11;
n -> n1;
n2[label = "While"];
n20[label = "FarthestNeighbor"];
n2 -> n20;
n21[label = "BestMove"];
n2 -> n21;
n -> n2;
}


Generation: 85
Best Individual:
Subpopulation 0:
Evaluated: true
Fitness: Standardized=0.13954966 Adjusted=0.8775397 Hits=2
Tree 0:
digraph g {
node [shape=rectangle];
n[label = "If_Then_Else"];
n0[label = "If_Then"];
n00[label = "NearestInsertion"];
n0 -> n00;
n01[label = "Equal"];
n010[label = "FarthestInsertion"];
n01 -> n010;
n011[label = "Equal"];
n0110[label = "FarthestNeighbor"];
n011 -> n0110;
n0111[label = "FarthestInsertion"];
n011 -> n0111;
n01 -> n011;
n0 -> n01;
n -> n0;
n1[label = "While"];
n10[label = "FarthestNeighbor"];
n1 -> n10;
n11[label = "BestMove"];
n1 -> n11;
n -> n1;
n2[label = "Equal"];
n20[label = "FarthestInsertion"];
n2 -> n20;
n21[label = "Equal"];
n210[label = "FarthestNeighbor"];
n21 -> n210;
n211[label = "FarthestInsertion"];
n21 -> n211;
n2 -> n21;
n -> n2;
}


Generation: 86
Best Individual:
Subpopulation 0:
Evaluated: true
Fitness: Standardized=0.13954966 Adjusted=0.8775397 Hits=2
Tree 0:
digraph g {
node [shape=rectangle];
n[label = "If_Then_Else"];
n0[label = "If_Then"];
n00[label = "NearestInsertion"];
n0 -> n00;
n01[label = "Equal"];
n010[label = "FarthestInsertion"];
n01 -> n010;
n011[label = "Equal"];
n0110[label = "FarthestNeighbor"];
n011 -> n0110;
n0111[label = "FarthestInsertion"];
n011 -> n0111;
n01 -> n011;
n0 -> n01;
n -> n0;
n1[label = "While"];
n10[label = "FarthestNeighbor"];
n1 -> n10;
n11[label = "BestMove"];
n1 -> n11;
n -> n1;
n2[label = "Equal"];
n20[label = "FarthestNeighbor"];
n2 -> n20;
n21[label = "FarthestInsertion"];
n2 -> n21;
n -> n2;
}


Generation: 87
Best Individual:
Subpopulation 0:
Evaluated: true
Fitness: Standardized=0.13954966 Adjusted=0.8775397 Hits=2
Tree 0:
digraph g {
node [shape=rectangle];
n[label = "If_Then_Else"];
n0[label = "If_Then"];
n00[label = "NearestInsertion"];
n0 -> n00;
n01[label = "Equal"];
n010[label = "FarthestInsertion"];
n01 -> n010;
n011[label = "Equal"];
n0110[label = "FarthestNeighbor"];
n011 -> n0110;
n0111[label = "FarthestInsertion"];
n011 -> n0111;
n01 -> n011;
n0 -> n01;
n -> n0;
n1[label = "While"];
n10[label = "FarthestNeighbor"];
n1 -> n10;
n11[label = "BestMove"];
n1 -> n11;
n -> n1;
n2[label = "Equal"];
n20[label = "FarthestNeighbor"];
n2 -> n20;
n21[label = "While"];
n210[label = "FarthestNeighbor"];
n21 -> n210;
n211[label = "BestMove"];
n21 -> n211;
n2 -> n21;
n -> n2;
}


Generation: 88
Best Individual:
Subpopulation 0:
Evaluated: true
Fitness: Standardized=0.13954966 Adjusted=0.8775397 Hits=2
Tree 0:
digraph g {
node [shape=rectangle];
n[label = "If_Then_Else"];
n0[label = "If_Then"];
n00[label = "NearestInsertion"];
n0 -> n00;
n01[label = "Equal"];
n010[label = "FarthestInsertion"];
n01 -> n010;
n011[label = "Equal"];
n0110[label = "FarthestNeighbor"];
n011 -> n0110;
n0111[label = "FarthestInsertion"];
n011 -> n0111;
n01 -> n011;
n0 -> n01;
n -> n0;
n1[label = "While"];
n10[label = "FarthestNeighbor"];
n1 -> n10;
n11[label = "BestMove"];
n1 -> n11;
n -> n1;
n2[label = "FarthestInsertion"];
n -> n2;
}


Generation: 89
Best Individual:
Subpopulation 0:
Evaluated: true
Fitness: Standardized=0.13954966 Adjusted=0.8775397 Hits=2
Tree 0:
digraph g {
node [shape=rectangle];
n[label = "If_Then_Else"];
n0[label = "If_Then"];
n00[label = "NearestInsertion"];
n0 -> n00;
n01[label = "Equal"];
n010[label = "FarthestInsertion"];
n01 -> n010;
n011[label = "Equal"];
n0110[label = "FarthestNeighbor"];
n011 -> n0110;
n0111[label = "FarthestInsertion"];
n011 -> n0111;
n01 -> n011;
n0 -> n01;
n -> n0;
n1[label = "While"];
n10[label = "FarthestNeighbor"];
n1 -> n10;
n11[label = "BestMove"];
n1 -> n11;
n -> n1;
n2[label = "FarthestNeighbor"];
n -> n2;
}


Generation: 90
Best Individual:
Subpopulation 0:
Evaluated: true
Fitness: Standardized=0.13954966 Adjusted=0.8775397 Hits=2
Tree 0:
digraph g {
node [shape=rectangle];
n[label = "If_Then_Else"];
n0[label = "If_Then"];
n00[label = "NearestInsertion"];
n0 -> n00;
n01[label = "Equal"];
n010[label = "FarthestInsertion"];
n01 -> n010;
n011[label = "Equal"];
n0110[label = "FarthestNeighbor"];
n011 -> n0110;
n0111[label = "FarthestInsertion"];
n011 -> n0111;
n01 -> n011;
n0 -> n01;
n -> n0;
n1[label = "While"];
n10[label = "FarthestNeighbor"];
n1 -> n10;
n11[label = "BestMove"];
n1 -> n11;
n -> n1;
n2[label = "While"];
n20[label = "FarthestNeighbor"];
n2 -> n20;
n21[label = "BestMove"];
n2 -> n21;
n -> n2;
}


Generation: 91
Best Individual:
Subpopulation 0:
Evaluated: true
Fitness: Standardized=0.13954966 Adjusted=0.8775397 Hits=2
Tree 0:
digraph g {
node [shape=rectangle];
n[label = "If_Then_Else"];
n0[label = "If_Then"];
n00[label = "NearestInsertion"];
n0 -> n00;
n01[label = "Equal"];
n010[label = "FarthestInsertion"];
n01 -> n010;
n011[label = "Equal"];
n0110[label = "FarthestNeighbor"];
n011 -> n0110;
n0111[label = "FarthestInsertion"];
n011 -> n0111;
n01 -> n011;
n0 -> n01;
n -> n0;
n1[label = "While"];
n10[label = "FarthestNeighbor"];
n1 -> n10;
n11[label = "BestMove"];
n1 -> n11;
n -> n1;
n2[label = "Equal"];
n20[label = "FarthestNeighbor"];
n2 -> n20;
n21[label = "While"];
n210[label = "FarthestNeighbor"];
n21 -> n210;
n211[label = "FarthestNeighbor"];
n21 -> n211;
n2 -> n21;
n -> n2;
}


Generation: 92
Best Individual:
Subpopulation 0:
Evaluated: true
Fitness: Standardized=0.13954966 Adjusted=0.8775397 Hits=2
Tree 0:
digraph g {
node [shape=rectangle];
n[label = "If_Then_Else"];
n0[label = "If_Then"];
n00[label = "NearestInsertion"];
n0 -> n00;
n01[label = "Equal"];
n010[label = "FarthestInsertion"];
n01 -> n010;
n011[label = "Equal"];
n0110[label = "FarthestNeighbor"];
n011 -> n0110;
n0111[label = "FarthestInsertion"];
n011 -> n0111;
n01 -> n011;
n0 -> n01;
n -> n0;
n1[label = "While"];
n10[label = "FarthestNeighbor"];
n1 -> n10;
n11[label = "BestMove"];
n1 -> n11;
n -> n1;
n2[label = "While"];
n20[label = "FarthestNeighbor"];
n2 -> n20;
n21[label = "BestMove"];
n2 -> n21;
n -> n2;
}


Generation: 93
Best Individual:
Subpopulation 0:
Evaluated: true
Fitness: Standardized=0.13954966 Adjusted=0.8775397 Hits=2
Tree 0:
digraph g {
node [shape=rectangle];
n[label = "If_Then_Else"];
n0[label = "If_Then"];
n00[label = "NearestInsertion"];
n0 -> n00;
n01[label = "Equal"];
n010[label = "FarthestInsertion"];
n01 -> n010;
n011[label = "Equal"];
n0110[label = "FarthestNeighbor"];
n011 -> n0110;
n0111[label = "FarthestInsertion"];
n011 -> n0111;
n01 -> n011;
n0 -> n01;
n -> n0;
n1[label = "While"];
n10[label = "FarthestNeighbor"];
n1 -> n10;
n11[label = "BestMove"];
n1 -> n11;
n -> n1;
n2[label = "Equal"];
n20[label = "FarthestNeighbor"];
n2 -> n20;
n21[label = "FarthestInsertion"];
n2 -> n21;
n -> n2;
}


Generation: 94
Best Individual:
Subpopulation 0:
Evaluated: true
Fitness: Standardized=0.13954966 Adjusted=0.8775397 Hits=2
Tree 0:
digraph g {
node [shape=rectangle];
n[label = "If_Then_Else"];
n0[label = "If_Then"];
n00[label = "NearestInsertion"];
n0 -> n00;
n01[label = "Equal"];
n010[label = "FarthestInsertion"];
n01 -> n010;
n011[label = "Equal"];
n0110[label = "FarthestNeighbor"];
n011 -> n0110;
n0111[label = "FarthestInsertion"];
n011 -> n0111;
n01 -> n011;
n0 -> n01;
n -> n0;
n1[label = "While"];
n10[label = "FarthestNeighbor"];
n1 -> n10;
n11[label = "BestMove"];
n1 -> n11;
n -> n1;
n2[label = "While"];
n20[label = "Equal"];
n200[label = "FarthestInsertion"];
n20 -> n200;
n201[label = "WorstMove"];
n20 -> n201;
n2 -> n20;
n21[label = "BestMove"];
n2 -> n21;
n -> n2;
}


Generation: 95
Best Individual:
Subpopulation 0:
Evaluated: true
Fitness: Standardized=0.13954966 Adjusted=0.8775397 Hits=2
Tree 0:
digraph g {
node [shape=rectangle];
n[label = "If_Then_Else"];
n0[label = "If_Then"];
n00[label = "NearestInsertion"];
n0 -> n00;
n01[label = "Equal"];
n010[label = "FarthestInsertion"];
n01 -> n010;
n011[label = "Equal"];
n0110[label = "FarthestNeighbor"];
n011 -> n0110;
n0111[label = "FarthestInsertion"];
n011 -> n0111;
n01 -> n011;
n0 -> n01;
n -> n0;
n1[label = "While"];
n10[label = "FarthestNeighbor"];
n1 -> n10;
n11[label = "BestMove"];
n1 -> n11;
n -> n1;
n2[label = "While"];
n20[label = "FarthestNeighbor"];
n2 -> n20;
n21[label = "BestMove"];
n2 -> n21;
n -> n2;
}


Generation: 96
Best Individual:
Subpopulation 0:
Evaluated: true
Fitness: Standardized=0.13954966 Adjusted=0.8775397 Hits=2
Tree 0:
digraph g {
node [shape=rectangle];
n[label = "If_Then_Else"];
n0[label = "If_Then"];
n00[label = "NearestInsertion"];
n0 -> n00;
n01[label = "Equal"];
n010[label = "FarthestInsertion"];
n01 -> n010;
n011[label = "If_Then"];
n0110[label = "FarthestNeighbor"];
n011 -> n0110;
n0111[label = "FarthestInsertion"];
n011 -> n0111;
n01 -> n011;
n0 -> n01;
n -> n0;
n1[label = "While"];
n10[label = "FarthestNeighbor"];
n1 -> n10;
n11[label = "BestMove"];
n1 -> n11;
n -> n1;
n2[label = "If_Then"];
n20[label = "NearestInsertion"];
n2 -> n20;
n21[label = "Equal"];
n210[label = "FarthestInsertion"];
n21 -> n210;
n211[label = "If_Then"];
n2110[label = "FarthestNeighbor"];
n211 -> n2110;
n2111[label = "FarthestInsertion"];
n211 -> n2111;
n21 -> n211;
n2 -> n21;
n -> n2;
}


Generation: 97
Best Individual:
Subpopulation 0:
Evaluated: true
Fitness: Standardized=0.13954966 Adjusted=0.8775397 Hits=2
Tree 0:
digraph g {
node [shape=rectangle];
n[label = "If_Then_Else"];
n0[label = "If_Then"];
n00[label = "NearestInsertion"];
n0 -> n00;
n01[label = "Equal"];
n010[label = "FarthestInsertion"];
n01 -> n010;
n011[label = "If_Then"];
n0110[label = "FarthestNeighbor"];
n011 -> n0110;
n0111[label = "FarthestInsertion"];
n011 -> n0111;
n01 -> n011;
n0 -> n01;
n -> n0;
n1[label = "While"];
n10[label = "FarthestNeighbor"];
n1 -> n10;
n11[label = "BestMove"];
n1 -> n11;
n -> n1;
n2[label = "Equal"];
n20[label = "FarthestNeighbor"];
n2 -> n20;
n21[label = "FarthestInsertion"];
n2 -> n21;
n -> n2;
}


Generation: 98
Best Individual:
Subpopulation 0:
Evaluated: true
Fitness: Standardized=0.13954966 Adjusted=0.8775397 Hits=2
Tree 0:
digraph g {
node [shape=rectangle];
n[label = "If_Then_Else"];
n0[label = "If_Then"];
n00[label = "NearestInsertion"];
n0 -> n00;
n01[label = "Equal"];
n010[label = "FarthestInsertion"];
n01 -> n010;
n011[label = "If_Then"];
n0110[label = "FarthestNeighbor"];
n011 -> n0110;
n0111[label = "FarthestInsertion"];
n011 -> n0111;
n01 -> n011;
n0 -> n01;
n -> n0;
n1[label = "While"];
n10[label = "FarthestNeighbor"];
n1 -> n10;
n11[label = "BestMove"];
n1 -> n11;
n -> n1;
n2[label = "Equal"];
n20[label = "FarthestNeighbor"];
n2 -> n20;
n21[label = "FarthestInsertion"];
n2 -> n21;
n -> n2;
}


Generation: 99
Best Individual:
Subpopulation 0:
Evaluated: true
Fitness: Standardized=0.13954966 Adjusted=0.8775397 Hits=2
Tree 0:
digraph g {
node [shape=rectangle];
n[label = "If_Then_Else"];
n0[label = "If_Then"];
n00[label = "NearestInsertion"];
n0 -> n00;
n01[label = "Equal"];
n010[label = "FarthestInsertion"];
n01 -> n010;
n011[label = "If_Then"];
n0110[label = "FarthestNeighbor"];
n011 -> n0110;
n0111[label = "FarthestInsertion"];
n011 -> n0111;
n01 -> n011;
n0 -> n01;
n -> n0;
n1[label = "While"];
n10[label = "FarthestNeighbor"];
n1 -> n10;
n11[label = "BestMove"];
n1 -> n11;
n -> n1;
n2[label = "Equal"];
n20[label = "While"];
n200[label = "FarthestNeighbor"];
n20 -> n200;
n201[label = "BestMove"];
n20 -> n201;
n2 -> n20;
n21[label = "FarthestInsertion"];
n2 -> n21;
n -> n2;
}


Best Individual of Run:
Subpopulation 0:
Evaluated: true
Fitness: Standardized=0.13954966 Adjusted=0.8775397 Hits=2
Tree 0:
digraph g {
node [shape=rectangle];
n[label = "If_Then_Else"];
n0[label = "If_Then"];
n00[label = "NearestInsertion"];
n0 -> n00;
n01[label = "Equal"];
n010[label = "FarthestInsertion"];
n01 -> n010;
n011[label = "Equal"];
n0110[label = "FarthestNeighbor"];
n011 -> n0110;
n0111[label = "FarthestInsertion"];
n011 -> n0111;
n01 -> n011;
n0 -> n01;
n -> n0;
n1[label = "While"];
n10[label = "FarthestNeighbor"];
n1 -> n10;
n11[label = "BestMove"];
n1 -> n11;
n -> n1;
n2[label = "Equal"];
n20[label = "FarthestNeighbor"];
n2 -> n20;
n21[label = "While"];
n210[label = "FarthestNeighbor"];
n21 -> n210;
n211[label = "BestMove"];
n21 -> n211;
n2 -> n21;
n -> n2;
}

