
Generation: 0
Best Individual:
Subpopulation 0:
Evaluated: true
Fitness: Standardized=0.31066737 Adjusted=0.7629701 Hits=3
Tree 0:
digraph g {
node [shape=rectangle];
n[label = "If_Then_Else"];
n0[label = "Or"];
n00[label = "Equal"];
n000[label = "NearestInsertion"];
n00 -> n000;
n001[label = "WorstMove"];
n00 -> n001;
n0 -> n00;
n01[label = "If_Then_Else"];
n010[label = "FarthestInsertion"];
n01 -> n010;
n011[label = "BestMove"];
n01 -> n011;
n012[label = "FarthestNeighbor"];
n01 -> n012;
n0 -> n01;
n -> n0;
n1[label = "And"];
n10[label = "While"];
n100[label = "NearestInsertion"];
n10 -> n100;
n101[label = "NearestNeighbor"];
n10 -> n101;
n1 -> n10;
n11[label = "And"];
n110[label = "FarthestInsertion"];
n11 -> n110;
n111[label = "NearestNeighbor"];
n11 -> n111;
n1 -> n11;
n -> n1;
n2[label = "While"];
n20[label = "If_Then"];
n200[label = "NearestNeighbor"];
n20 -> n200;
n201[label = "NearestFirstNode"];
n20 -> n201;
n2 -> n20;
n21[label = "Equal"];
n210[label = "NearestNeighbor"];
n21 -> n210;
n211[label = "FarthestFirstNode"];
n21 -> n211;
n2 -> n21;
n -> n2;
}


Generation: 1
Best Individual:
Subpopulation 0:
Evaluated: true
Fitness: Standardized=0.29688746 Adjusted=0.771077 Hits=3
Tree 0:
digraph g {
node [shape=rectangle];
n[label = "If_Then_Else"];
n0[label = "Or"];
n00[label = "Equal"];
n000[label = "NearestInsertion"];
n00 -> n000;
n001[label = "WorstMove"];
n00 -> n001;
n0 -> n00;
n01[label = "And"];
n010[label = "NearestInsertion"];
n01 -> n010;
n011[label = "NearestNeighbor"];
n01 -> n011;
n0 -> n01;
n -> n0;
n1[label = "And"];
n10[label = "While"];
n100[label = "NearestInsertion"];
n10 -> n100;
n101[label = "NearestNeighbor"];
n10 -> n101;
n1 -> n10;
n11[label = "And"];
n110[label = "FarthestInsertion"];
n11 -> n110;
n111[label = "NearestNeighbor"];
n11 -> n111;
n1 -> n11;
n -> n1;
n2[label = "While"];
n20[label = "If_Then"];
n200[label = "NearestNeighbor"];
n20 -> n200;
n201[label = "NearestFirstNode"];
n20 -> n201;
n2 -> n20;
n21[label = "Equal"];
n210[label = "NearestNeighbor"];
n21 -> n210;
n211[label = "FarthestFirstNode"];
n21 -> n211;
n2 -> n21;
n -> n2;
}


Generation: 2
Best Individual:
Subpopulation 0:
Evaluated: true
Fitness: Standardized=0.29688746 Adjusted=0.771077 Hits=3
Tree 0:
digraph g {
node [shape=rectangle];
n[label = "If_Then_Else"];
n0[label = "Or"];
n00[label = "Equal"];
n000[label = "NearestInsertion"];
n00 -> n000;
n001[label = "WorstMove"];
n00 -> n001;
n0 -> n00;
n01[label = "And"];
n010[label = "NearestInsertion"];
n01 -> n010;
n011[label = "NearestNeighbor"];
n01 -> n011;
n0 -> n01;
n -> n0;
n1[label = "And"];
n10[label = "While"];
n100[label = "NearestInsertion"];
n10 -> n100;
n101[label = "NearestNeighbor"];
n10 -> n101;
n1 -> n10;
n11[label = "And"];
n110[label = "FarthestInsertion"];
n11 -> n110;
n111[label = "NearestNeighbor"];
n11 -> n111;
n1 -> n11;
n -> n1;
n2[label = "While"];
n20[label = "If_Then"];
n200[label = "NearestNeighbor"];
n20 -> n200;
n201[label = "NearestFirstNode"];
n20 -> n201;
n2 -> n20;
n21[label = "Equal"];
n210[label = "NearestNeighbor"];
n21 -> n210;
n211[label = "FarthestFirstNode"];
n21 -> n211;
n2 -> n21;
n -> n2;
}


Generation: 3
Best Individual:
Subpopulation 0:
Evaluated: true
Fitness: Standardized=0.29688746 Adjusted=0.771077 Hits=3
Tree 0:
digraph g {
node [shape=rectangle];
n[label = "If_Then_Else"];
n0[label = "Or"];
n00[label = "Equal"];
n000[label = "NearestInsertion"];
n00 -> n000;
n001[label = "WorstMove"];
n00 -> n001;
n0 -> n00;
n01[label = "And"];
n010[label = "NearestInsertion"];
n01 -> n010;
n011[label = "NearestNeighbor"];
n01 -> n011;
n0 -> n01;
n -> n0;
n1[label = "And"];
n10[label = "While"];
n100[label = "NearestInsertion"];
n10 -> n100;
n101[label = "NearestNeighbor"];
n10 -> n101;
n1 -> n10;
n11[label = "NearestInsertion"];
n1 -> n11;
n -> n1;
n2[label = "While"];
n20[label = "If_Then"];
n200[label = "NearestNeighbor"];
n20 -> n200;
n201[label = "NearestFirstNode"];
n20 -> n201;
n2 -> n20;
n21[label = "Equal"];
n210[label = "NearestNeighbor"];
n21 -> n210;
n211[label = "FarthestFirstNode"];
n21 -> n211;
n2 -> n21;
n -> n2;
}


Generation: 4
Best Individual:
Subpopulation 0:
Evaluated: true
Fitness: Standardized=0.29688746 Adjusted=0.771077 Hits=3
Tree 0:
digraph g {
node [shape=rectangle];
n[label = "If_Then_Else"];
n0[label = "Or"];
n00[label = "Equal"];
n000[label = "NearestInsertion"];
n00 -> n000;
n001[label = "WorstMove"];
n00 -> n001;
n0 -> n00;
n01[label = "And"];
n010[label = "NearestInsertion"];
n01 -> n010;
n011[label = "NearestNeighbor"];
n01 -> n011;
n0 -> n01;
n -> n0;
n1[label = "And"];
n10[label = "While"];
n100[label = "NearestInsertion"];
n10 -> n100;
n101[label = "NearestNeighbor"];
n10 -> n101;
n1 -> n10;
n11[label = "And"];
n110[label = "NearestNeighbor"];
n11 -> n110;
n111[label = "NearestNeighbor"];
n11 -> n111;
n1 -> n11;
n -> n1;
n2[label = "While"];
n20[label = "If_Then"];
n200[label = "NearestNeighbor"];
n20 -> n200;
n201[label = "NearestFirstNode"];
n20 -> n201;
n2 -> n20;
n21[label = "Equal"];
n210[label = "NearestNeighbor"];
n21 -> n210;
n211[label = "FarthestFirstNode"];
n21 -> n211;
n2 -> n21;
n -> n2;
}


Generation: 5
Best Individual:
Subpopulation 0:
Evaluated: true
Fitness: Standardized=0.29688746 Adjusted=0.771077 Hits=3
Tree 0:
digraph g {
node [shape=rectangle];
n[label = "If_Then_Else"];
n0[label = "Or"];
n00[label = "Equal"];
n000[label = "NearestInsertion"];
n00 -> n000;
n001[label = "WorstMove"];
n00 -> n001;
n0 -> n00;
n01[label = "And"];
n010[label = "NearestInsertion"];
n01 -> n010;
n011[label = "NearestNeighbor"];
n01 -> n011;
n0 -> n01;
n -> n0;
n1[label = "And"];
n10[label = "While"];
n100[label = "NearestInsertion"];
n10 -> n100;
n101[label = "NearestNeighbor"];
n10 -> n101;
n1 -> n10;
n11[label = "And"];
n110[label = "FarthestInsertion"];
n11 -> n110;
n111[label = "NearestNeighbor"];
n11 -> n111;
n1 -> n11;
n -> n1;
n2[label = "While"];
n20[label = "NearestNeighbor"];
n2 -> n20;
n21[label = "Equal"];
n210[label = "NearestNeighbor"];
n21 -> n210;
n211[label = "FarthestFirstNode"];
n21 -> n211;
n2 -> n21;
n -> n2;
}


Generation: 6
Best Individual:
Subpopulation 0:
Evaluated: true
Fitness: Standardized=0.29688746 Adjusted=0.771077 Hits=3
Tree 0:
digraph g {
node [shape=rectangle];
n[label = "If_Then_Else"];
n0[label = "Or"];
n00[label = "Equal"];
n000[label = "NearestInsertion"];
n00 -> n000;
n001[label = "WorstMove"];
n00 -> n001;
n0 -> n00;
n01[label = "And"];
n010[label = "NearestInsertion"];
n01 -> n010;
n011[label = "NearestNeighbor"];
n01 -> n011;
n0 -> n01;
n -> n0;
n1[label = "And"];
n10[label = "While"];
n100[label = "NearestInsertion"];
n10 -> n100;
n101[label = "NearestNeighbor"];
n10 -> n101;
n1 -> n10;
n11[label = "And"];
n110[label = "FarthestInsertion"];
n11 -> n110;
n111[label = "NearestInsertion"];
n11 -> n111;
n1 -> n11;
n -> n1;
n2[label = "While"];
n20[label = "If_Then"];
n200[label = "NearestNeighbor"];
n20 -> n200;
n201[label = "NearestFirstNode"];
n20 -> n201;
n2 -> n20;
n21[label = "Equal"];
n210[label = "NearestNeighbor"];
n21 -> n210;
n211[label = "FarthestFirstNode"];
n21 -> n211;
n2 -> n21;
n -> n2;
}


Generation: 7
Best Individual:
Subpopulation 0:
Evaluated: true
Fitness: Standardized=0.29688746 Adjusted=0.771077 Hits=3
Tree 0:
digraph g {
node [shape=rectangle];
n[label = "If_Then_Else"];
n0[label = "Or"];
n00[label = "Equal"];
n000[label = "NearestInsertion"];
n00 -> n000;
n001[label = "WorstMove"];
n00 -> n001;
n0 -> n00;
n01[label = "And"];
n010[label = "NearestInsertion"];
n01 -> n010;
n011[label = "NearestNeighbor"];
n01 -> n011;
n0 -> n01;
n -> n0;
n1[label = "And"];
n10[label = "While"];
n100[label = "NearestInsertion"];
n10 -> n100;
n101[label = "NearestNeighbor"];
n10 -> n101;
n1 -> n10;
n11[label = "And"];
n110[label = "FarthestInsertion"];
n11 -> n110;
n111[label = "NearestNeighbor"];
n11 -> n111;
n1 -> n11;
n -> n1;
n2[label = "WorstMove"];
n -> n2;
}


Generation: 8
Best Individual:
Subpopulation 0:
Evaluated: true
Fitness: Standardized=0.29688746 Adjusted=0.771077 Hits=3
Tree 0:
digraph g {
node [shape=rectangle];
n[label = "If_Then_Else"];
n0[label = "Or"];
n00[label = "Equal"];
n000[label = "NearestInsertion"];
n00 -> n000;
n001[label = "WorstMove"];
n00 -> n001;
n0 -> n00;
n01[label = "Equal"];
n010[label = "NearestInsertion"];
n01 -> n010;
n011[label = "NearestNeighbor"];
n01 -> n011;
n0 -> n01;
n -> n0;
n1[label = "And"];
n10[label = "Equal"];
n100[label = "While"];
n1000[label = "NearestInsertion"];
n100 -> n1000;
n1001[label = "NearestNeighbor"];
n100 -> n1001;
n10 -> n100;
n101[label = "FarthestFirstNode"];
n10 -> n101;
n1 -> n10;
n11[label = "And"];
n110[label = "FarthestInsertion"];
n11 -> n110;
n111[label = "NearestNeighbor"];
n11 -> n111;
n1 -> n11;
n -> n1;
n2[label = "While"];
n20[label = "If_Then"];
n200[label = "NearestNeighbor"];
n20 -> n200;
n201[label = "NearestFirstNode"];
n20 -> n201;
n2 -> n20;
n21[label = "NearestNeighbor"];
n2 -> n21;
n -> n2;
}


Generation: 9
Best Individual:
Subpopulation 0:
Evaluated: true
Fitness: Standardized=0.29688746 Adjusted=0.771077 Hits=3
Tree 0:
digraph g {
node [shape=rectangle];
n[label = "If_Then_Else"];
n0[label = "Or"];
n00[label = "Equal"];
n000[label = "NearestInsertion"];
n00 -> n000;
n001[label = "WorstMove"];
n00 -> n001;
n0 -> n00;
n01[label = "And"];
n010[label = "NearestInsertion"];
n01 -> n010;
n011[label = "NearestNeighbor"];
n01 -> n011;
n0 -> n01;
n -> n0;
n1[label = "And"];
n10[label = "While"];
n100[label = "NearestInsertion"];
n10 -> n100;
n101[label = "NearestNeighbor"];
n10 -> n101;
n1 -> n10;
n11[label = "And"];
n110[label = "FarthestInsertion"];
n11 -> n110;
n111[label = "NearestNeighbor"];
n11 -> n111;
n1 -> n11;
n -> n1;
n2[label = "While"];
n20[label = "If_Then"];
n200[label = "NearestNeighbor"];
n20 -> n200;
n201[label = "While"];
n2010[label = "NearestInsertion"];
n201 -> n2010;
n2011[label = "NearestNeighbor"];
n201 -> n2011;
n20 -> n201;
n2 -> n20;
n21[label = "Equal"];
n210[label = "NearestInsertion"];
n21 -> n210;
n211[label = "WorstMove"];
n21 -> n211;
n2 -> n21;
n -> n2;
}


Generation: 10
Best Individual:
Subpopulation 0:
Evaluated: true
Fitness: Standardized=0.29688746 Adjusted=0.771077 Hits=3
Tree 0:
digraph g {
node [shape=rectangle];
n[label = "If_Then_Else"];
n0[label = "Or"];
n00[label = "Equal"];
n000[label = "NearestInsertion"];
n00 -> n000;
n001[label = "WorstMove"];
n00 -> n001;
n0 -> n00;
n01[label = "Equal"];
n010[label = "NearestInsertion"];
n01 -> n010;
n011[label = "NearestNeighbor"];
n01 -> n011;
n0 -> n01;
n -> n0;
n1[label = "And"];
n10[label = "Equal"];
n100[label = "While"];
n1000[label = "NearestInsertion"];
n100 -> n1000;
n1001[label = "NearestNeighbor"];
n100 -> n1001;
n10 -> n100;
n101[label = "FarthestFirstNode"];
n10 -> n101;
n1 -> n10;
n11[label = "And"];
n110[label = "FarthestInsertion"];
n11 -> n110;
n111[label = "NearestNeighbor"];
n11 -> n111;
n1 -> n11;
n -> n1;
n2[label = "While"];
n20[label = "If_Then"];
n200[label = "NearestNeighbor"];
n20 -> n200;
n201[label = "NearestFirstNode"];
n20 -> n201;
n2 -> n20;
n21[label = "NearestNeighbor"];
n2 -> n21;
n -> n2;
}


Generation: 11
Best Individual:
Subpopulation 0:
Evaluated: true
Fitness: Standardized=0.29688746 Adjusted=0.771077 Hits=3
Tree 0:
digraph g {
node [shape=rectangle];
n[label = "If_Then_Else"];
n0[label = "Or"];
n00[label = "Equal"];
n000[label = "NearestInsertion"];
n00 -> n000;
n001[label = "WorstMove"];
n00 -> n001;
n0 -> n00;
n01[label = "Equal"];
n010[label = "NearestInsertion"];
n01 -> n010;
n011[label = "NearestNeighbor"];
n01 -> n011;
n0 -> n01;
n -> n0;
n1[label = "And"];
n10[label = "Equal"];
n100[label = "While"];
n1000[label = "NearestInsertion"];
n100 -> n1000;
n1001[label = "NearestNeighbor"];
n100 -> n1001;
n10 -> n100;
n101[label = "FarthestFirstNode"];
n10 -> n101;
n1 -> n10;
n11[label = "If_Then"];
n110[label = "NearestNeighbor"];
n11 -> n110;
n111[label = "NearestInsertion"];
n11 -> n111;
n1 -> n11;
n -> n1;
n2[label = "While"];
n20[label = "If_Then"];
n200[label = "NearestNeighbor"];
n20 -> n200;
n201[label = "NearestFirstNode"];
n20 -> n201;
n2 -> n20;
n21[label = "NearestNeighbor"];
n2 -> n21;
n -> n2;
}


Generation: 12
Best Individual:
Subpopulation 0:
Evaluated: true
Fitness: Standardized=0.29688746 Adjusted=0.771077 Hits=3
Tree 0:
digraph g {
node [shape=rectangle];
n[label = "If_Then_Else"];
n0[label = "Or"];
n00[label = "Equal"];
n000[label = "NearestInsertion"];
n00 -> n000;
n001[label = "WorstMove"];
n00 -> n001;
n0 -> n00;
n01[label = "Equal"];
n010[label = "NearestInsertion"];
n01 -> n010;
n011[label = "NearestNeighbor"];
n01 -> n011;
n0 -> n01;
n -> n0;
n1[label = "And"];
n10[label = "Equal"];
n100[label = "While"];
n1000[label = "NearestInsertion"];
n100 -> n1000;
n1001[label = "NearestNeighbor"];
n100 -> n1001;
n10 -> n100;
n101[label = "FarthestFirstNode"];
n10 -> n101;
n1 -> n10;
n11[label = "And"];
n110[label = "FarthestInsertion"];
n11 -> n110;
n111[label = "NearestNeighbor"];
n11 -> n111;
n1 -> n11;
n -> n1;
n2[label = "While"];
n20[label = "And"];
n200[label = "FarthestInsertion"];
n20 -> n200;
n201[label = "NearestNeighbor"];
n20 -> n201;
n2 -> n20;
n21[label = "NearestNeighbor"];
n2 -> n21;
n -> n2;
}


Generation: 13
Best Individual:
Subpopulation 0:
Evaluated: true
Fitness: Standardized=0.29688746 Adjusted=0.771077 Hits=3
Tree 0:
digraph g {
node [shape=rectangle];
n[label = "If_Then_Else"];
n0[label = "Or"];
n00[label = "Equal"];
n000[label = "NearestInsertion"];
n00 -> n000;
n001[label = "WorstMove"];
n00 -> n001;
n0 -> n00;
n01[label = "And"];
n010[label = "NearestInsertion"];
n01 -> n010;
n011[label = "NearestNeighbor"];
n01 -> n011;
n0 -> n01;
n -> n0;
n1[label = "And"];
n10[label = "While"];
n100[label = "NearestInsertion"];
n10 -> n100;
n101[label = "NearestNeighbor"];
n10 -> n101;
n1 -> n10;
n11[label = "And"];
n110[label = "FarthestInsertion"];
n11 -> n110;
n111[label = "NearestNeighbor"];
n11 -> n111;
n1 -> n11;
n -> n1;
n2[label = "And"];
n20[label = "Equal"];
n200[label = "While"];
n2000[label = "NearestInsertion"];
n200 -> n2000;
n2001[label = "NearestNeighbor"];
n200 -> n2001;
n20 -> n200;
n201[label = "FarthestFirstNode"];
n20 -> n201;
n2 -> n20;
n21[label = "BestMove"];
n2 -> n21;
n -> n2;
}


Generation: 14
Best Individual:
Subpopulation 0:
Evaluated: true
Fitness: Standardized=0.29688746 Adjusted=0.771077 Hits=3
Tree 0:
digraph g {
node [shape=rectangle];
n[label = "If_Then_Else"];
n0[label = "Or"];
n00[label = "NearestInsertion"];
n0 -> n00;
n01[label = "And"];
n010[label = "NearestInsertion"];
n01 -> n010;
n011[label = "NearestNeighbor"];
n01 -> n011;
n0 -> n01;
n -> n0;
n1[label = "And"];
n10[label = "While"];
n100[label = "NearestInsertion"];
n10 -> n100;
n101[label = "NearestNeighbor"];
n10 -> n101;
n1 -> n10;
n11[label = "And"];
n110[label = "While"];
n1100[label = "NearestInsertion"];
n110 -> n1100;
n1101[label = "NearestNeighbor"];
n110 -> n1101;
n11 -> n110;
n111[label = "And"];
n1110[label = "FarthestInsertion"];
n111 -> n1110;
n1111[label = "FarthestInsertion"];
n111 -> n1111;
n11 -> n111;
n1 -> n11;
n -> n1;
n2[label = "While"];
n20[label = "If_Then"];
n200[label = "NearestNeighbor"];
n20 -> n200;
n201[label = "While"];
n2010[label = "NearestInsertion"];
n201 -> n2010;
n2011[label = "NearestNeighbor"];
n201 -> n2011;
n20 -> n201;
n2 -> n20;
n21[label = "Equal"];
n210[label = "NearestInsertion"];
n21 -> n210;
n211[label = "WorstMove"];
n21 -> n211;
n2 -> n21;
n -> n2;
}


Generation: 15
Best Individual:
Subpopulation 0:
Evaluated: true
Fitness: Standardized=0.29688746 Adjusted=0.771077 Hits=3
Tree 0:
digraph g {
node [shape=rectangle];
n[label = "If_Then_Else"];
n0[label = "Or"];
n00[label = "Equal"];
n000[label = "NearestInsertion"];
n00 -> n000;
n001[label = "WorstMove"];
n00 -> n001;
n0 -> n00;
n01[label = "And"];
n010[label = "NearestInsertion"];
n01 -> n010;
n011[label = "NearestNeighbor"];
n01 -> n011;
n0 -> n01;
n -> n0;
n1[label = "And"];
n10[label = "While"];
n100[label = "NearestInsertion"];
n10 -> n100;
n101[label = "NearestNeighbor"];
n10 -> n101;
n1 -> n10;
n11[label = "If_Then"];
n110[label = "NearestInsertion"];
n11 -> n110;
n111[label = "NearestNeighbor"];
n11 -> n111;
n1 -> n11;
n -> n1;
n2[label = "And"];
n20[label = "Equal"];
n200[label = "While"];
n2000[label = "NearestInsertion"];
n200 -> n2000;
n2001[label = "NearestNeighbor"];
n200 -> n2001;
n20 -> n200;
n201[label = "FarthestFirstNode"];
n20 -> n201;
n2 -> n20;
n21[label = "BestMove"];
n2 -> n21;
n -> n2;
}


Generation: 16
Best Individual:
Subpopulation 0:
Evaluated: true
Fitness: Standardized=0.29688746 Adjusted=0.771077 Hits=3
Tree 0:
digraph g {
node [shape=rectangle];
n[label = "If_Then_Else"];
n0[label = "Or"];
n00[label = "NearestInsertion"];
n0 -> n00;
n01[label = "And"];
n010[label = "NearestInsertion"];
n01 -> n010;
n011[label = "NearestNeighbor"];
n01 -> n011;
n0 -> n01;
n -> n0;
n1[label = "And"];
n10[label = "While"];
n100[label = "NearestInsertion"];
n10 -> n100;
n101[label = "NearestNeighbor"];
n10 -> n101;
n1 -> n10;
n11[label = "And"];
n110[label = "While"];
n1100[label = "NearestInsertion"];
n110 -> n1100;
n1101[label = "NearestNeighbor"];
n110 -> n1101;
n11 -> n110;
n111[label = "And"];
n1110[label = "FarthestInsertion"];
n111 -> n1110;
n1111[label = "FarthestInsertion"];
n111 -> n1111;
n11 -> n111;
n1 -> n11;
n -> n1;
n2[label = "While"];
n20[label = "If_Then"];
n200[label = "NearestNeighbor"];
n20 -> n200;
n201[label = "While"];
n2010[label = "NearestInsertion"];
n201 -> n2010;
n2011[label = "NearestNeighbor"];
n201 -> n2011;
n20 -> n201;
n2 -> n20;
n21[label = "Equal"];
n210[label = "NearestInsertion"];
n21 -> n210;
n211[label = "WorstMove"];
n21 -> n211;
n2 -> n21;
n -> n2;
}


Generation: 17
Best Individual:
Subpopulation 0:
Evaluated: true
Fitness: Standardized=0.29688746 Adjusted=0.771077 Hits=3
Tree 0:
digraph g {
node [shape=rectangle];
n[label = "If_Then_Else"];
n0[label = "Or"];
n00[label = "NearestInsertion"];
n0 -> n00;
n01[label = "And"];
n010[label = "NearestInsertion"];
n01 -> n010;
n011[label = "NearestNeighbor"];
n01 -> n011;
n0 -> n01;
n -> n0;
n1[label = "And"];
n10[label = "While"];
n100[label = "NearestInsertion"];
n10 -> n100;
n101[label = "NearestNeighbor"];
n10 -> n101;
n1 -> n10;
n11[label = "And"];
n110[label = "If_Then"];
n1100[label = "NearestInsertion"];
n110 -> n1100;
n1101[label = "NearestNeighbor"];
n110 -> n1101;
n11 -> n110;
n111[label = "And"];
n1110[label = "FarthestInsertion"];
n111 -> n1110;
n1111[label = "FarthestInsertion"];
n111 -> n1111;
n11 -> n111;
n1 -> n11;
n -> n1;
n2[label = "And"];
n20[label = "Equal"];
n200[label = "While"];
n2000[label = "NearestInsertion"];
n200 -> n2000;
n2001[label = "NearestNeighbor"];
n200 -> n2001;
n20 -> n200;
n201[label = "FarthestFirstNode"];
n20 -> n201;
n2 -> n20;
n21[label = "BestMove"];
n2 -> n21;
n -> n2;
}


Generation: 18
Best Individual:
Subpopulation 0:
Evaluated: true
Fitness: Standardized=0.2414403 Adjusted=0.805516 Hits=3
Tree 0:
digraph g {
node [shape=rectangle];
n[label = "If_Then_Else"];
n0[label = "Or"];
n00[label = "NearestInsertion"];
n0 -> n00;
n01[label = "And"];
n010[label = "NearestInsertion"];
n01 -> n010;
n011[label = "NearestNeighbor"];
n01 -> n011;
n0 -> n01;
n -> n0;
n1[label = "And"];
n10[label = "While"];
n100[label = "NearestInsertion"];
n10 -> n100;
n101[label = "NearestInsertion"];
n10 -> n101;
n1 -> n10;
n11[label = "And"];
n110[label = "While"];
n1100[label = "NearestInsertion"];
n110 -> n1100;
n1101[label = "NearestNeighbor"];
n110 -> n1101;
n11 -> n110;
n111[label = "And"];
n1110[label = "FarthestInsertion"];
n111 -> n1110;
n1111[label = "FarthestInsertion"];
n111 -> n1111;
n11 -> n111;
n1 -> n11;
n -> n1;
n2[label = "While"];
n20[label = "If_Then"];
n200[label = "NearestNeighbor"];
n20 -> n200;
n201[label = "While"];
n2010[label = "NearestInsertion"];
n201 -> n2010;
n2011[label = "NearestNeighbor"];
n201 -> n2011;
n20 -> n201;
n2 -> n20;
n21[label = "Equal"];
n210[label = "NearestInsertion"];
n21 -> n210;
n211[label = "WorstMove"];
n21 -> n211;
n2 -> n21;
n -> n2;
}


Generation: 19
Best Individual:
Subpopulation 0:
Evaluated: true
Fitness: Standardized=0.2414403 Adjusted=0.805516 Hits=3
Tree 0:
digraph g {
node [shape=rectangle];
n[label = "If_Then_Else"];
n0[label = "Or"];
n00[label = "NearestInsertion"];
n0 -> n00;
n01[label = "And"];
n010[label = "NearestInsertion"];
n01 -> n010;
n011[label = "NearestNeighbor"];
n01 -> n011;
n0 -> n01;
n -> n0;
n1[label = "And"];
n10[label = "While"];
n100[label = "NearestInsertion"];
n10 -> n100;
n101[label = "NearestInsertion"];
n10 -> n101;
n1 -> n10;
n11[label = "And"];
n110[label = "While"];
n1100[label = "NearestInsertion"];
n110 -> n1100;
n1101[label = "NearestNeighbor"];
n110 -> n1101;
n11 -> n110;
n111[label = "And"];
n1110[label = "FarthestInsertion"];
n111 -> n1110;
n1111[label = "FarthestInsertion"];
n111 -> n1111;
n11 -> n111;
n1 -> n11;
n -> n1;
n2[label = "While"];
n20[label = "If_Then"];
n200[label = "NearestNeighbor"];
n20 -> n200;
n201[label = "While"];
n2010[label = "NearestInsertion"];
n201 -> n2010;
n2011[label = "NearestNeighbor"];
n201 -> n2011;
n20 -> n201;
n2 -> n20;
n21[label = "Equal"];
n210[label = "NearestInsertion"];
n21 -> n210;
n211[label = "WorstMove"];
n21 -> n211;
n2 -> n21;
n -> n2;
}


Generation: 20
Best Individual:
Subpopulation 0:
Evaluated: true
Fitness: Standardized=0.2414403 Adjusted=0.805516 Hits=3
Tree 0:
digraph g {
node [shape=rectangle];
n[label = "If_Then_Else"];
n0[label = "Or"];
n00[label = "NearestInsertion"];
n0 -> n00;
n01[label = "And"];
n010[label = "NearestInsertion"];
n01 -> n010;
n011[label = "NearestNeighbor"];
n01 -> n011;
n0 -> n01;
n -> n0;
n1[label = "And"];
n10[label = "While"];
n100[label = "NearestInsertion"];
n10 -> n100;
n101[label = "NearestInsertion"];
n10 -> n101;
n1 -> n10;
n11[label = "And"];
n110[label = "NearestInsertion"];
n11 -> n110;
n111[label = "NearestNeighbor"];
n11 -> n111;
n1 -> n11;
n -> n1;
n2[label = "While"];
n20[label = "If_Then"];
n200[label = "NearestNeighbor"];
n20 -> n200;
n201[label = "While"];
n2010[label = "NearestInsertion"];
n201 -> n2010;
n2011[label = "NearestNeighbor"];
n201 -> n2011;
n20 -> n201;
n2 -> n20;
n21[label = "Equal"];
n210[label = "NearestInsertion"];
n21 -> n210;
n211[label = "WorstMove"];
n21 -> n211;
n2 -> n21;
n -> n2;
}


Generation: 21
Best Individual:
Subpopulation 0:
Evaluated: true
Fitness: Standardized=0.2414403 Adjusted=0.805516 Hits=3
Tree 0:
digraph g {
node [shape=rectangle];
n[label = "If_Then_Else"];
n0[label = "While"];
n00[label = "NearestInsertion"];
n0 -> n00;
n01[label = "NearestInsertion"];
n0 -> n01;
n -> n0;
n1[label = "And"];
n10[label = "While"];
n100[label = "NearestInsertion"];
n10 -> n100;
n101[label = "NearestInsertion"];
n10 -> n101;
n1 -> n10;
n11[label = "And"];
n110[label = "While"];
n1100[label = "NearestInsertion"];
n110 -> n1100;
n1101[label = "NearestNeighbor"];
n110 -> n1101;
n11 -> n110;
n111[label = "And"];
n1110[label = "FarthestInsertion"];
n111 -> n1110;
n1111[label = "FarthestInsertion"];
n111 -> n1111;
n11 -> n111;
n1 -> n11;
n -> n1;
n2[label = "While"];
n20[label = "If_Then"];
n200[label = "NearestNeighbor"];
n20 -> n200;
n201[label = "While"];
n2010[label = "NearestInsertion"];
n201 -> n2010;
n2011[label = "NearestNeighbor"];
n201 -> n2011;
n20 -> n201;
n2 -> n20;
n21[label = "Equal"];
n210[label = "NearestInsertion"];
n21 -> n210;
n211[label = "WorstMove"];
n21 -> n211;
n2 -> n21;
n -> n2;
}


Generation: 22
Best Individual:
Subpopulation 0:
Evaluated: true
Fitness: Standardized=0.2414403 Adjusted=0.805516 Hits=3
Tree 0:
digraph g {
node [shape=rectangle];
n[label = "If_Then_Else"];
n0[label = "While"];
n00[label = "NearestInsertion"];
n0 -> n00;
n01[label = "NearestInsertion"];
n0 -> n01;
n -> n0;
n1[label = "And"];
n10[label = "While"];
n100[label = "NearestInsertion"];
n10 -> n100;
n101[label = "NearestInsertion"];
n10 -> n101;
n1 -> n10;
n11[label = "And"];
n110[label = "While"];
n1100[label = "NearestInsertion"];
n110 -> n1100;
n1101[label = "NearestNeighbor"];
n110 -> n1101;
n11 -> n110;
n111[label = "And"];
n1110[label = "FarthestInsertion"];
n111 -> n1110;
n1111[label = "FarthestInsertion"];
n111 -> n1111;
n11 -> n111;
n1 -> n11;
n -> n1;
n2[label = "While"];
n20[label = "If_Then"];
n200[label = "NearestNeighbor"];
n20 -> n200;
n201[label = "While"];
n2010[label = "NearestInsertion"];
n201 -> n2010;
n2011[label = "NearestNeighbor"];
n201 -> n2011;
n20 -> n201;
n2 -> n20;
n21[label = "Equal"];
n210[label = "NearestInsertion"];
n21 -> n210;
n211[label = "WorstMove"];
n21 -> n211;
n2 -> n21;
n -> n2;
}


Generation: 23
Best Individual:
Subpopulation 0:
Evaluated: true
Fitness: Standardized=0.2414403 Adjusted=0.805516 Hits=3
Tree 0:
digraph g {
node [shape=rectangle];
n[label = "If_Then_Else"];
n0[label = "Or"];
n00[label = "NearestInsertion"];
n0 -> n00;
n01[label = "And"];
n010[label = "NearestInsertion"];
n01 -> n010;
n011[label = "NearestNeighbor"];
n01 -> n011;
n0 -> n01;
n -> n0;
n1[label = "And"];
n10[label = "While"];
n100[label = "NearestInsertion"];
n10 -> n100;
n101[label = "NearestInsertion"];
n10 -> n101;
n1 -> n10;
n11[label = "And"];
n110[label = "While"];
n1100[label = "NearestInsertion"];
n110 -> n1100;
n1101[label = "NearestNeighbor"];
n110 -> n1101;
n11 -> n110;
n111[label = "And"];
n1110[label = "FarthestInsertion"];
n111 -> n1110;
n1111[label = "FarthestInsertion"];
n111 -> n1111;
n11 -> n111;
n1 -> n11;
n -> n1;
n2[label = "While"];
n20[label = "And"];
n200[label = "While"];
n2000[label = "NearestInsertion"];
n200 -> n2000;
n2001[label = "NearestNeighbor"];
n200 -> n2001;
n20 -> n200;
n201[label = "And"];
n2010[label = "FarthestInsertion"];
n201 -> n2010;
n2011[label = "FarthestInsertion"];
n201 -> n2011;
n20 -> n201;
n2 -> n20;
n21[label = "Equal"];
n210[label = "NearestInsertion"];
n21 -> n210;
n211[label = "WorstMove"];
n21 -> n211;
n2 -> n21;
n -> n2;
}


Generation: 24
Best Individual:
Subpopulation 0:
Evaluated: true
Fitness: Standardized=0.2414403 Adjusted=0.805516 Hits=3
Tree 0:
digraph g {
node [shape=rectangle];
n[label = "If_Then_Else"];
n0[label = "Or"];
n00[label = "NearestInsertion"];
n0 -> n00;
n01[label = "And"];
n010[label = "NearestInsertion"];
n01 -> n010;
n011[label = "NearestNeighbor"];
n01 -> n011;
n0 -> n01;
n -> n0;
n1[label = "And"];
n10[label = "While"];
n100[label = "NearestInsertion"];
n10 -> n100;
n101[label = "NearestInsertion"];
n10 -> n101;
n1 -> n10;
n11[label = "And"];
n110[label = "Equal"];
n1100[label = "NearestInsertion"];
n110 -> n1100;
n1101[label = "NearestNeighbor"];
n110 -> n1101;
n11 -> n110;
n111[label = "And"];
n1110[label = "FarthestInsertion"];
n111 -> n1110;
n1111[label = "FarthestInsertion"];
n111 -> n1111;
n11 -> n111;
n1 -> n11;
n -> n1;
n2[label = "While"];
n20[label = "If_Then"];
n200[label = "NearestNeighbor"];
n20 -> n200;
n201[label = "While"];
n2010[label = "NearestInsertion"];
n201 -> n2010;
n2011[label = "NearestNeighbor"];
n201 -> n2011;
n20 -> n201;
n2 -> n20;
n21[label = "Equal"];
n210[label = "NearestInsertion"];
n21 -> n210;
n211[label = "WorstMove"];
n21 -> n211;
n2 -> n21;
n -> n2;
}


Generation: 25
Best Individual:
Subpopulation 0:
Evaluated: true
Fitness: Standardized=0.24143918 Adjusted=0.80551666 Hits=3
Tree 0:
digraph g {
node [shape=rectangle];
n[label = "If_Then_Else"];
n0[label = "Or"];
n00[label = "NearestInsertion"];
n0 -> n00;
n01[label = "And"];
n010[label = "NearestFirstNode"];
n01 -> n010;
n011[label = "Equal"];
n0110[label = "NearestInsertion"];
n011 -> n0110;
n0111[label = "WorstMove"];
n011 -> n0111;
n01 -> n011;
n0 -> n01;
n -> n0;
n1[label = "And"];
n10[label = "While"];
n100[label = "NearestInsertion"];
n10 -> n100;
n101[label = "NearestInsertion"];
n10 -> n101;
n1 -> n10;
n11[label = "CplexTerminal"];
n1 -> n11;
n -> n1;
n2[label = "While"];
n20[label = "FarthestInsertion"];
n2 -> n20;
n21[label = "Equal"];
n210[label = "NearestInsertion"];
n21 -> n210;
n211[label = "WorstMove"];
n21 -> n211;
n2 -> n21;
n -> n2;
}


Generation: 26
Best Individual:
Subpopulation 0:
Evaluated: true
Fitness: Standardized=0.22269708 Adjusted=0.8178641 Hits=3
Tree 0:
digraph g {
node [shape=rectangle];
n[label = "If_Then_Else"];
n0[label = "And"];
n00[label = "FarthestInsertion"];
n0 -> n00;
n01[label = "FarthestInsertion"];
n0 -> n01;
n -> n0;
n1[label = "And"];
n10[label = "While"];
n100[label = "NearestInsertion"];
n10 -> n100;
n101[label = "NearestInsertion"];
n10 -> n101;
n1 -> n10;
n11[label = "And"];
n110[label = "While"];
n1100[label = "NearestInsertion"];
n110 -> n1100;
n1101[label = "NearestNeighbor"];
n110 -> n1101;
n11 -> n110;
n111[label = "NearestInsertion"];
n11 -> n111;
n1 -> n11;
n -> n1;
n2[label = "And"];
n20[label = "FarthestInsertion"];
n2 -> n20;
n21[label = "FarthestInsertion"];
n2 -> n21;
n -> n2;
}


Generation: 27
Best Individual:
Subpopulation 0:
Evaluated: true
Fitness: Standardized=0.22269708 Adjusted=0.8178641 Hits=3
Tree 0:
digraph g {
node [shape=rectangle];
n[label = "If_Then_Else"];
n0[label = "And"];
n00[label = "FarthestInsertion"];
n0 -> n00;
n01[label = "FarthestInsertion"];
n0 -> n01;
n -> n0;
n1[label = "And"];
n10[label = "While"];
n100[label = "NearestInsertion"];
n10 -> n100;
n101[label = "NearestInsertion"];
n10 -> n101;
n1 -> n10;
n11[label = "And"];
n110[label = "While"];
n1100[label = "NearestInsertion"];
n110 -> n1100;
n1101[label = "NearestNeighbor"];
n110 -> n1101;
n11 -> n110;
n111[label = "And"];
n1110[label = "FarthestInsertion"];
n111 -> n1110;
n1111[label = "FarthestInsertion"];
n111 -> n1111;
n11 -> n111;
n1 -> n11;
n -> n1;
n2[label = "While"];
n20[label = "And"];
n200[label = "FarthestInsertion"];
n20 -> n200;
n201[label = "FarthestInsertion"];
n20 -> n201;
n2 -> n20;
n21[label = "Equal"];
n210[label = "NearestInsertion"];
n21 -> n210;
n211[label = "WorstMove"];
n21 -> n211;
n2 -> n21;
n -> n2;
}


Generation: 28
Best Individual:
Subpopulation 0:
Evaluated: true
Fitness: Standardized=0.22269708 Adjusted=0.8178641 Hits=3
Tree 0:
digraph g {
node [shape=rectangle];
n[label = "If_Then_Else"];
n0[label = "And"];
n00[label = "FarthestInsertion"];
n0 -> n00;
n01[label = "FarthestInsertion"];
n0 -> n01;
n -> n0;
n1[label = "And"];
n10[label = "While"];
n100[label = "NearestInsertion"];
n10 -> n100;
n101[label = "NearestInsertion"];
n10 -> n101;
n1 -> n10;
n11[label = "And"];
n110[label = "While"];
n1100[label = "NearestInsertion"];
n110 -> n1100;
n1101[label = "NearestNeighbor"];
n110 -> n1101;
n11 -> n110;
n111[label = "And"];
n1110[label = "FarthestInsertion"];
n111 -> n1110;
n1111[label = "FarthestInsertion"];
n111 -> n1111;
n11 -> n111;
n1 -> n11;
n -> n1;
n2[label = "While"];
n20[label = "And"];
n200[label = "FarthestInsertion"];
n20 -> n200;
n201[label = "FarthestInsertion"];
n20 -> n201;
n2 -> n20;
n21[label = "Equal"];
n210[label = "NearestInsertion"];
n21 -> n210;
n211[label = "WorstMove"];
n21 -> n211;
n2 -> n21;
n -> n2;
}


Generation: 29
Best Individual:
Subpopulation 0:
Evaluated: true
Fitness: Standardized=0.22269708 Adjusted=0.8178641 Hits=3
Tree 0:
digraph g {
node [shape=rectangle];
n[label = "If_Then_Else"];
n0[label = "And"];
n00[label = "FarthestInsertion"];
n0 -> n00;
n01[label = "FarthestInsertion"];
n0 -> n01;
n -> n0;
n1[label = "And"];
n10[label = "While"];
n100[label = "NearestInsertion"];
n10 -> n100;
n101[label = "NearestInsertion"];
n10 -> n101;
n1 -> n10;
n11[label = "And"];
n110[label = "While"];
n1100[label = "NearestInsertion"];
n110 -> n1100;
n1101[label = "NearestNeighbor"];
n110 -> n1101;
n11 -> n110;
n111[label = "And"];
n1110[label = "FarthestInsertion"];
n111 -> n1110;
n1111[label = "FarthestInsertion"];
n111 -> n1111;
n11 -> n111;
n1 -> n11;
n -> n1;
n2[label = "While"];
n20[label = "And"];
n200[label = "FarthestInsertion"];
n20 -> n200;
n201[label = "FarthestInsertion"];
n20 -> n201;
n2 -> n20;
n21[label = "Equal"];
n210[label = "NearestInsertion"];
n21 -> n210;
n211[label = "WorstMove"];
n21 -> n211;
n2 -> n21;
n -> n2;
}


Generation: 30
Best Individual:
Subpopulation 0:
Evaluated: true
Fitness: Standardized=0.22269708 Adjusted=0.8178641 Hits=3
Tree 0:
digraph g {
node [shape=rectangle];
n[label = "If_Then_Else"];
n0[label = "And"];
n00[label = "FarthestInsertion"];
n0 -> n00;
n01[label = "FarthestInsertion"];
n0 -> n01;
n -> n0;
n1[label = "And"];
n10[label = "While"];
n100[label = "NearestInsertion"];
n10 -> n100;
n101[label = "NearestInsertion"];
n10 -> n101;
n1 -> n10;
n11[label = "And"];
n110[label = "While"];
n1100[label = "NearestInsertion"];
n110 -> n1100;
n1101[label = "NearestNeighbor"];
n110 -> n1101;
n11 -> n110;
n111[label = "And"];
n1110[label = "FarthestInsertion"];
n111 -> n1110;
n1111[label = "FarthestInsertion"];
n111 -> n1111;
n11 -> n111;
n1 -> n11;
n -> n1;
n2[label = "While"];
n20[label = "And"];
n200[label = "FarthestInsertion"];
n20 -> n200;
n201[label = "FarthestInsertion"];
n20 -> n201;
n2 -> n20;
n21[label = "Equal"];
n210[label = "NearestInsertion"];
n21 -> n210;
n211[label = "WorstMove"];
n21 -> n211;
n2 -> n21;
n -> n2;
}


Generation: 31
Best Individual:
Subpopulation 0:
Evaluated: true
Fitness: Standardized=0.22269708 Adjusted=0.8178641 Hits=3
Tree 0:
digraph g {
node [shape=rectangle];
n[label = "If_Then_Else"];
n0[label = "And"];
n00[label = "FarthestInsertion"];
n0 -> n00;
n01[label = "FarthestInsertion"];
n0 -> n01;
n -> n0;
n1[label = "And"];
n10[label = "While"];
n100[label = "NearestInsertion"];
n10 -> n100;
n101[label = "NearestInsertion"];
n10 -> n101;
n1 -> n10;
n11[label = "And"];
n110[label = "While"];
n1100[label = "NearestInsertion"];
n110 -> n1100;
n1101[label = "NearestNeighbor"];
n110 -> n1101;
n11 -> n110;
n111[label = "And"];
n1110[label = "FarthestInsertion"];
n111 -> n1110;
n1111[label = "FarthestInsertion"];
n111 -> n1111;
n11 -> n111;
n1 -> n11;
n -> n1;
n2[label = "While"];
n20[label = "And"];
n200[label = "FarthestInsertion"];
n20 -> n200;
n201[label = "FarthestInsertion"];
n20 -> n201;
n2 -> n20;
n21[label = "Equal"];
n210[label = "NearestInsertion"];
n21 -> n210;
n211[label = "WorstMove"];
n21 -> n211;
n2 -> n21;
n -> n2;
}


Generation: 32
Best Individual:
Subpopulation 0:
Evaluated: true
Fitness: Standardized=0.22269708 Adjusted=0.8178641 Hits=3
Tree 0:
digraph g {
node [shape=rectangle];
n[label = "If_Then_Else"];
n0[label = "And"];
n00[label = "FarthestInsertion"];
n0 -> n00;
n01[label = "FarthestInsertion"];
n0 -> n01;
n -> n0;
n1[label = "And"];
n10[label = "While"];
n100[label = "NearestInsertion"];
n10 -> n100;
n101[label = "NearestInsertion"];
n10 -> n101;
n1 -> n10;
n11[label = "And"];
n110[label = "While"];
n1100[label = "NearestInsertion"];
n110 -> n1100;
n1101[label = "NearestNeighbor"];
n110 -> n1101;
n11 -> n110;
n111[label = "And"];
n1110[label = "FarthestInsertion"];
n111 -> n1110;
n1111[label = "FarthestInsertion"];
n111 -> n1111;
n11 -> n111;
n1 -> n11;
n -> n1;
n2[label = "While"];
n20[label = "And"];
n200[label = "FarthestInsertion"];
n20 -> n200;
n201[label = "FarthestInsertion"];
n20 -> n201;
n2 -> n20;
n21[label = "Equal"];
n210[label = "NearestInsertion"];
n21 -> n210;
n211[label = "WorstMove"];
n21 -> n211;
n2 -> n21;
n -> n2;
}


Generation: 33
Best Individual:
Subpopulation 0:
Evaluated: true
Fitness: Standardized=0.22269708 Adjusted=0.8178641 Hits=3
Tree 0:
digraph g {
node [shape=rectangle];
n[label = "If_Then_Else"];
n0[label = "And"];
n00[label = "FarthestInsertion"];
n0 -> n00;
n01[label = "FarthestInsertion"];
n0 -> n01;
n -> n0;
n1[label = "And"];
n10[label = "While"];
n100[label = "NearestInsertion"];
n10 -> n100;
n101[label = "NearestInsertion"];
n10 -> n101;
n1 -> n10;
n11[label = "If_Then"];
n110[label = "FarthestInsertion"];
n11 -> n110;
n111[label = "While"];
n1110[label = "NearestInsertion"];
n111 -> n1110;
n1111[label = "NearestNeighbor"];
n111 -> n1111;
n11 -> n111;
n1 -> n11;
n -> n1;
n2[label = "And"];
n20[label = "FarthestInsertion"];
n2 -> n20;
n21[label = "FarthestInsertion"];
n2 -> n21;
n -> n2;
}


Generation: 34
Best Individual:
Subpopulation 0:
Evaluated: true
Fitness: Standardized=0.22269708 Adjusted=0.8178641 Hits=3
Tree 0:
digraph g {
node [shape=rectangle];
n[label = "If_Then_Else"];
n0[label = "And"];
n00[label = "FarthestInsertion"];
n0 -> n00;
n01[label = "FarthestInsertion"];
n0 -> n01;
n -> n0;
n1[label = "And"];
n10[label = "While"];
n100[label = "NearestInsertion"];
n10 -> n100;
n101[label = "NearestInsertion"];
n10 -> n101;
n1 -> n10;
n11[label = "And"];
n110[label = "While"];
n1100[label = "NearestInsertion"];
n110 -> n1100;
n1101[label = "NearestNeighbor"];
n110 -> n1101;
n11 -> n110;
n111[label = "And"];
n1110[label = "FarthestInsertion"];
n111 -> n1110;
n1111[label = "FarthestInsertion"];
n111 -> n1111;
n11 -> n111;
n1 -> n11;
n -> n1;
n2[label = "Equal"];
n20[label = "NearestInsertion"];
n2 -> n20;
n21[label = "WorstMove"];
n2 -> n21;
n -> n2;
}


Generation: 35
Best Individual:
Subpopulation 0:
Evaluated: true
Fitness: Standardized=0.22269708 Adjusted=0.8178641 Hits=3
Tree 0:
digraph g {
node [shape=rectangle];
n[label = "If_Then_Else"];
n0[label = "And"];
n00[label = "FarthestInsertion"];
n0 -> n00;
n01[label = "FarthestInsertion"];
n0 -> n01;
n -> n0;
n1[label = "And"];
n10[label = "While"];
n100[label = "NearestInsertion"];
n10 -> n100;
n101[label = "NearestInsertion"];
n10 -> n101;
n1 -> n10;
n11[label = "NearestInsertion"];
n1 -> n11;
n -> n1;
n2[label = "Equal"];
n20[label = "NearestInsertion"];
n2 -> n20;
n21[label = "WorstMove"];
n2 -> n21;
n -> n2;
}


Generation: 36
Best Individual:
Subpopulation 0:
Evaluated: true
Fitness: Standardized=0.22269708 Adjusted=0.8178641 Hits=3
Tree 0:
digraph g {
node [shape=rectangle];
n[label = "If_Then_Else"];
n0[label = "And"];
n00[label = "FarthestInsertion"];
n0 -> n00;
n01[label = "FarthestInsertion"];
n0 -> n01;
n -> n0;
n1[label = "And"];
n10[label = "While"];
n100[label = "NearestInsertion"];
n10 -> n100;
n101[label = "NearestInsertion"];
n10 -> n101;
n1 -> n10;
n11[label = "NearestInsertion"];
n1 -> n11;
n -> n1;
n2[label = "FarthestInsertion"];
n -> n2;
}


Generation: 37
Best Individual:
Subpopulation 0:
Evaluated: true
Fitness: Standardized=0.22269708 Adjusted=0.8178641 Hits=3
Tree 0:
digraph g {
node [shape=rectangle];
n[label = "If_Then_Else"];
n0[label = "And"];
n00[label = "FarthestInsertion"];
n0 -> n00;
n01[label = "FarthestInsertion"];
n0 -> n01;
n -> n0;
n1[label = "And"];
n10[label = "While"];
n100[label = "NearestInsertion"];
n10 -> n100;
n101[label = "NearestInsertion"];
n10 -> n101;
n1 -> n10;
n11[label = "If_Then"];
n110[label = "FarthestInsertion"];
n11 -> n110;
n111[label = "While"];
n1110[label = "WorstMove"];
n111 -> n1110;
n1111[label = "NearestNeighbor"];
n111 -> n1111;
n11 -> n111;
n1 -> n11;
n -> n1;
n2[label = "And"];
n20[label = "While"];
n200[label = "NearestInsertion"];
n20 -> n200;
n201[label = "NearestInsertion"];
n20 -> n201;
n2 -> n20;
n21[label = "And"];
n210[label = "While"];
n2100[label = "FarthestInsertion"];
n210 -> n2100;
n2101[label = "NearestNeighbor"];
n210 -> n2101;
n21 -> n210;
n211[label = "And"];
n2110[label = "FarthestInsertion"];
n211 -> n2110;
n2111[label = "FarthestInsertion"];
n211 -> n2111;
n21 -> n211;
n2 -> n21;
n -> n2;
}


Generation: 38
Best Individual:
Subpopulation 0:
Evaluated: true
Fitness: Standardized=0.19874981 Adjusted=0.83420247 Hits=2
Tree 0:
digraph g {
node [shape=rectangle];
n[label = "If_Then_Else"];
n0[label = "And"];
n00[label = "FarthestInsertion"];
n0 -> n00;
n01[label = "And"];
n010[label = "FarthestInsertion"];
n01 -> n010;
n011[label = "FarthestInsertion"];
n01 -> n011;
n0 -> n01;
n -> n0;
n1[label = "And"];
n10[label = "While"];
n100[label = "NearestInsertion"];
n10 -> n100;
n101[label = "NearestInsertion"];
n10 -> n101;
n1 -> n10;
n11[label = "If_Then"];
n110[label = "FarthestInsertion"];
n11 -> n110;
n111[label = "While"];
n1110[label = "WorstMove"];
n111 -> n1110;
n1111[label = "NearestNeighbor"];
n111 -> n1111;
n11 -> n111;
n1 -> n11;
n -> n1;
n2[label = "And"];
n20[label = "While"];
n200[label = "NearestInsertion"];
n20 -> n200;
n201[label = "NearestInsertion"];
n20 -> n201;
n2 -> n20;
n21[label = "And"];
n210[label = "While"];
n2100[label = "FarthestInsertion"];
n210 -> n2100;
n2101[label = "NearestNeighbor"];
n210 -> n2101;
n21 -> n210;
n211[label = "And"];
n2110[label = "FarthestInsertion"];
n211 -> n2110;
n2111[label = "FarthestInsertion"];
n211 -> n2111;
n21 -> n211;
n2 -> n21;
n -> n2;
}


Generation: 39
Best Individual:
Subpopulation 0:
Evaluated: true
Fitness: Standardized=0.19874981 Adjusted=0.83420247 Hits=2
Tree 0:
digraph g {
node [shape=rectangle];
n[label = "If_Then_Else"];
n0[label = "And"];
n00[label = "FarthestInsertion"];
n0 -> n00;
n01[label = "And"];
n010[label = "FarthestInsertion"];
n01 -> n010;
n011[label = "FarthestInsertion"];
n01 -> n011;
n0 -> n01;
n -> n0;
n1[label = "And"];
n10[label = "While"];
n100[label = "NearestInsertion"];
n10 -> n100;
n101[label = "NearestInsertion"];
n10 -> n101;
n1 -> n10;
n11[label = "If_Then"];
n110[label = "FarthestInsertion"];
n11 -> n110;
n111[label = "While"];
n1110[label = "WorstMove"];
n111 -> n1110;
n1111[label = "NearestNeighbor"];
n111 -> n1111;
n11 -> n111;
n1 -> n11;
n -> n1;
n2[label = "And"];
n20[label = "While"];
n200[label = "NearestInsertion"];
n20 -> n200;
n201[label = "NearestInsertion"];
n20 -> n201;
n2 -> n20;
n21[label = "And"];
n210[label = "While"];
n2100[label = "FarthestInsertion"];
n210 -> n2100;
n2101[label = "NearestNeighbor"];
n210 -> n2101;
n21 -> n210;
n211[label = "And"];
n2110[label = "FarthestInsertion"];
n211 -> n2110;
n2111[label = "FarthestInsertion"];
n211 -> n2111;
n21 -> n211;
n2 -> n21;
n -> n2;
}


Generation: 40
Best Individual:
Subpopulation 0:
Evaluated: true
Fitness: Standardized=0.19874981 Adjusted=0.83420247 Hits=2
Tree 0:
digraph g {
node [shape=rectangle];
n[label = "If_Then_Else"];
n0[label = "And"];
n00[label = "FarthestInsertion"];
n0 -> n00;
n01[label = "And"];
n010[label = "FarthestInsertion"];
n01 -> n010;
n011[label = "FarthestInsertion"];
n01 -> n011;
n0 -> n01;
n -> n0;
n1[label = "And"];
n10[label = "While"];
n100[label = "NearestInsertion"];
n10 -> n100;
n101[label = "NearestInsertion"];
n10 -> n101;
n1 -> n10;
n11[label = "If_Then"];
n110[label = "FarthestInsertion"];
n11 -> n110;
n111[label = "While"];
n1110[label = "WorstMove"];
n111 -> n1110;
n1111[label = "NearestNeighbor"];
n111 -> n1111;
n11 -> n111;
n1 -> n11;
n -> n1;
n2[label = "And"];
n20[label = "While"];
n200[label = "NearestInsertion"];
n20 -> n200;
n201[label = "NearestInsertion"];
n20 -> n201;
n2 -> n20;
n21[label = "And"];
n210[label = "While"];
n2100[label = "FarthestInsertion"];
n210 -> n2100;
n2101[label = "NearestNeighbor"];
n210 -> n2101;
n21 -> n210;
n211[label = "And"];
n2110[label = "FarthestInsertion"];
n211 -> n2110;
n2111[label = "FarthestInsertion"];
n211 -> n2111;
n21 -> n211;
n2 -> n21;
n -> n2;
}


Generation: 41
Best Individual:
Subpopulation 0:
Evaluated: true
Fitness: Standardized=0.19874981 Adjusted=0.83420247 Hits=2
Tree 0:
digraph g {
node [shape=rectangle];
n[label = "If_Then_Else"];
n0[label = "And"];
n00[label = "FarthestInsertion"];
n0 -> n00;
n01[label = "And"];
n010[label = "FarthestInsertion"];
n01 -> n010;
n011[label = "FarthestInsertion"];
n01 -> n011;
n0 -> n01;
n -> n0;
n1[label = "And"];
n10[label = "While"];
n100[label = "NearestInsertion"];
n10 -> n100;
n101[label = "NearestInsertion"];
n10 -> n101;
n1 -> n10;
n11[label = "If_Then"];
n110[label = "FarthestInsertion"];
n11 -> n110;
n111[label = "While"];
n1110[label = "WorstMove"];
n111 -> n1110;
n1111[label = "NearestNeighbor"];
n111 -> n1111;
n11 -> n111;
n1 -> n11;
n -> n1;
n2[label = "And"];
n20[label = "While"];
n200[label = "NearestInsertion"];
n20 -> n200;
n201[label = "NearestInsertion"];
n20 -> n201;
n2 -> n20;
n21[label = "And"];
n210[label = "While"];
n2100[label = "FarthestInsertion"];
n210 -> n2100;
n2101[label = "NearestNeighbor"];
n210 -> n2101;
n21 -> n210;
n211[label = "And"];
n2110[label = "FarthestInsertion"];
n211 -> n2110;
n2111[label = "FarthestInsertion"];
n211 -> n2111;
n21 -> n211;
n2 -> n21;
n -> n2;
}


Generation: 42
Best Individual:
Subpopulation 0:
Evaluated: true
Fitness: Standardized=0.19874981 Adjusted=0.83420247 Hits=2
Tree 0:
digraph g {
node [shape=rectangle];
n[label = "If_Then_Else"];
n0[label = "And"];
n00[label = "FarthestInsertion"];
n0 -> n00;
n01[label = "And"];
n010[label = "FarthestInsertion"];
n01 -> n010;
n011[label = "FarthestInsertion"];
n01 -> n011;
n0 -> n01;
n -> n0;
n1[label = "And"];
n10[label = "While"];
n100[label = "NearestInsertion"];
n10 -> n100;
n101[label = "NearestInsertion"];
n10 -> n101;
n1 -> n10;
n11[label = "If_Then"];
n110[label = "FarthestInsertion"];
n11 -> n110;
n111[label = "While"];
n1110[label = "WorstMove"];
n111 -> n1110;
n1111[label = "NearestNeighbor"];
n111 -> n1111;
n11 -> n111;
n1 -> n11;
n -> n1;
n2[label = "And"];
n20[label = "While"];
n200[label = "NearestInsertion"];
n20 -> n200;
n201[label = "NearestInsertion"];
n20 -> n201;
n2 -> n20;
n21[label = "And"];
n210[label = "While"];
n2100[label = "FarthestInsertion"];
n210 -> n2100;
n2101[label = "NearestNeighbor"];
n210 -> n2101;
n21 -> n210;
n211[label = "And"];
n2110[label = "FarthestInsertion"];
n211 -> n2110;
n2111[label = "FarthestInsertion"];
n211 -> n2111;
n21 -> n211;
n2 -> n21;
n -> n2;
}


Generation: 43
Best Individual:
Subpopulation 0:
Evaluated: true
Fitness: Standardized=0.19874981 Adjusted=0.83420247 Hits=2
Tree 0:
digraph g {
node [shape=rectangle];
n[label = "If_Then_Else"];
n0[label = "And"];
n00[label = "FarthestInsertion"];
n0 -> n00;
n01[label = "And"];
n010[label = "FarthestInsertion"];
n01 -> n010;
n011[label = "FarthestInsertion"];
n01 -> n011;
n0 -> n01;
n -> n0;
n1[label = "And"];
n10[label = "While"];
n100[label = "NearestInsertion"];
n10 -> n100;
n101[label = "NearestInsertion"];
n10 -> n101;
n1 -> n10;
n11[label = "If_Then"];
n110[label = "FarthestInsertion"];
n11 -> n110;
n111[label = "While"];
n1110[label = "WorstMove"];
n111 -> n1110;
n1111[label = "NearestNeighbor"];
n111 -> n1111;
n11 -> n111;
n1 -> n11;
n -> n1;
n2[label = "And"];
n20[label = "While"];
n200[label = "NearestInsertion"];
n20 -> n200;
n201[label = "NearestInsertion"];
n20 -> n201;
n2 -> n20;
n21[label = "NearestInsertion"];
n2 -> n21;
n -> n2;
}


Generation: 44
Best Individual:
Subpopulation 0:
Evaluated: true
Fitness: Standardized=0.19874981 Adjusted=0.83420247 Hits=2
Tree 0:
digraph g {
node [shape=rectangle];
n[label = "If_Then_Else"];
n0[label = "And"];
n00[label = "FarthestInsertion"];
n0 -> n00;
n01[label = "And"];
n010[label = "FarthestInsertion"];
n01 -> n010;
n011[label = "FarthestInsertion"];
n01 -> n011;
n0 -> n01;
n -> n0;
n1[label = "And"];
n10[label = "While"];
n100[label = "NearestInsertion"];
n10 -> n100;
n101[label = "NearestInsertion"];
n10 -> n101;
n1 -> n10;
n11[label = "If_Then"];
n110[label = "FarthestInsertion"];
n11 -> n110;
n111[label = "While"];
n1110[label = "WorstMove"];
n111 -> n1110;
n1111[label = "NearestNeighbor"];
n111 -> n1111;
n11 -> n111;
n1 -> n11;
n -> n1;
n2[label = "And"];
n20[label = "While"];
n200[label = "NearestInsertion"];
n20 -> n200;
n201[label = "NearestInsertion"];
n20 -> n201;
n2 -> n20;
n21[label = "And"];
n210[label = "While"];
n2100[label = "FarthestInsertion"];
n210 -> n2100;
n2101[label = "NearestNeighbor"];
n210 -> n2101;
n21 -> n210;
n211[label = "And"];
n2110[label = "FarthestInsertion"];
n211 -> n2110;
n2111[label = "FarthestInsertion"];
n211 -> n2111;
n21 -> n211;
n2 -> n21;
n -> n2;
}


Generation: 45
Best Individual:
Subpopulation 0:
Evaluated: true
Fitness: Standardized=0.19874981 Adjusted=0.83420247 Hits=2
Tree 0:
digraph g {
node [shape=rectangle];
n[label = "If_Then_Else"];
n0[label = "And"];
n00[label = "FarthestInsertion"];
n0 -> n00;
n01[label = "And"];
n010[label = "FarthestInsertion"];
n01 -> n010;
n011[label = "FarthestInsertion"];
n01 -> n011;
n0 -> n01;
n -> n0;
n1[label = "And"];
n10[label = "While"];
n100[label = "NearestInsertion"];
n10 -> n100;
n101[label = "NearestInsertion"];
n10 -> n101;
n1 -> n10;
n11[label = "If_Then"];
n110[label = "While"];
n1100[label = "NearestInsertion"];
n110 -> n1100;
n1101[label = "NearestInsertion"];
n110 -> n1101;
n11 -> n110;
n111[label = "While"];
n1110[label = "WorstMove"];
n111 -> n1110;
n1111[label = "NearestNeighbor"];
n111 -> n1111;
n11 -> n111;
n1 -> n11;
n -> n1;
n2[label = "And"];
n20[label = "While"];
n200[label = "NearestInsertion"];
n20 -> n200;
n201[label = "NearestInsertion"];
n20 -> n201;
n2 -> n20;
n21[label = "And"];
n210[label = "While"];
n2100[label = "FarthestInsertion"];
n210 -> n2100;
n2101[label = "NearestNeighbor"];
n210 -> n2101;
n21 -> n210;
n211[label = "And"];
n2110[label = "FarthestInsertion"];
n211 -> n2110;
n2111[label = "FarthestInsertion"];
n211 -> n2111;
n21 -> n211;
n2 -> n21;
n -> n2;
}


Generation: 46
Best Individual:
Subpopulation 0:
Evaluated: true
Fitness: Standardized=0.19874981 Adjusted=0.83420247 Hits=2
Tree 0:
digraph g {
node [shape=rectangle];
n[label = "If_Then_Else"];
n0[label = "And"];
n00[label = "FarthestInsertion"];
n0 -> n00;
n01[label = "And"];
n010[label = "FarthestInsertion"];
n01 -> n010;
n011[label = "FarthestInsertion"];
n01 -> n011;
n0 -> n01;
n -> n0;
n1[label = "And"];
n10[label = "While"];
n100[label = "NearestInsertion"];
n10 -> n100;
n101[label = "NearestInsertion"];
n10 -> n101;
n1 -> n10;
n11[label = "If_Then"];
n110[label = "FarthestInsertion"];
n11 -> n110;
n111[label = "While"];
n1110[label = "WorstMove"];
n111 -> n1110;
n1111[label = "NearestNeighbor"];
n111 -> n1111;
n11 -> n111;
n1 -> n11;
n -> n1;
n2[label = "And"];
n20[label = "WorstMove"];
n2 -> n20;
n21[label = "And"];
n210[label = "FarthestInsertion"];
n21 -> n210;
n211[label = "While"];
n2110[label = "NearestInsertion"];
n211 -> n2110;
n2111[label = "NearestInsertion"];
n211 -> n2111;
n21 -> n211;
n2 -> n21;
n -> n2;
}


Generation: 47
Best Individual:
Subpopulation 0:
Evaluated: true
Fitness: Standardized=0.19874981 Adjusted=0.83420247 Hits=2
Tree 0:
digraph g {
node [shape=rectangle];
n[label = "If_Then_Else"];
n0[label = "And"];
n00[label = "FarthestInsertion"];
n0 -> n00;
n01[label = "And"];
n010[label = "FarthestInsertion"];
n01 -> n010;
n011[label = "FarthestInsertion"];
n01 -> n011;
n0 -> n01;
n -> n0;
n1[label = "And"];
n10[label = "While"];
n100[label = "NearestInsertion"];
n10 -> n100;
n101[label = "NearestInsertion"];
n10 -> n101;
n1 -> n10;
n11[label = "And"];
n110[label = "FarthestInsertion"];
n11 -> n110;
n111[label = "And"];
n1110[label = "FarthestInsertion"];
n111 -> n1110;
n1111[label = "FarthestInsertion"];
n111 -> n1111;
n11 -> n111;
n1 -> n11;
n -> n1;
n2[label = "And"];
n20[label = "While"];
n200[label = "NearestInsertion"];
n20 -> n200;
n201[label = "NearestInsertion"];
n20 -> n201;
n2 -> n20;
n21[label = "And"];
n210[label = "While"];
n2100[label = "FarthestInsertion"];
n210 -> n2100;
n2101[label = "NearestNeighbor"];
n210 -> n2101;
n21 -> n210;
n211[label = "And"];
n2110[label = "FarthestInsertion"];
n211 -> n2110;
n2111[label = "FarthestInsertion"];
n211 -> n2111;
n21 -> n211;
n2 -> n21;
n -> n2;
}


Generation: 48
Best Individual:
Subpopulation 0:
Evaluated: true
Fitness: Standardized=0.19874981 Adjusted=0.83420247 Hits=2
Tree 0:
digraph g {
node [shape=rectangle];
n[label = "If_Then_Else"];
n0[label = "And"];
n00[label = "FarthestInsertion"];
n0 -> n00;
n01[label = "And"];
n010[label = "FarthestInsertion"];
n01 -> n010;
n011[label = "FarthestInsertion"];
n01 -> n011;
n0 -> n01;
n -> n0;
n1[label = "And"];
n10[label = "While"];
n100[label = "NearestInsertion"];
n10 -> n100;
n101[label = "NearestInsertion"];
n10 -> n101;
n1 -> n10;
n11[label = "If_Then"];
n110[label = "FarthestInsertion"];
n11 -> n110;
n111[label = "While"];
n1110[label = "WorstMove"];
n111 -> n1110;
n1111[label = "NearestNeighbor"];
n111 -> n1111;
n11 -> n111;
n1 -> n11;
n -> n1;
n2[label = "And"];
n20[label = "WorstMove"];
n2 -> n20;
n21[label = "And"];
n210[label = "While"];
n2100[label = "FarthestInsertion"];
n210 -> n2100;
n2101[label = "NearestNeighbor"];
n210 -> n2101;
n21 -> n210;
n211[label = "And"];
n2110[label = "FarthestInsertion"];
n211 -> n2110;
n2111[label = "FarthestInsertion"];
n211 -> n2111;
n21 -> n211;
n2 -> n21;
n -> n2;
}


Generation: 49
Best Individual:
Subpopulation 0:
Evaluated: true
Fitness: Standardized=0.19874981 Adjusted=0.83420247 Hits=2
Tree 0:
digraph g {
node [shape=rectangle];
n[label = "If_Then_Else"];
n0[label = "If_Then"];
n00[label = "FarthestInsertion"];
n0 -> n00;
n01[label = "And"];
n010[label = "FarthestInsertion"];
n01 -> n010;
n011[label = "FarthestInsertion"];
n01 -> n011;
n0 -> n01;
n -> n0;
n1[label = "And"];
n10[label = "While"];
n100[label = "NearestInsertion"];
n10 -> n100;
n101[label = "NearestInsertion"];
n10 -> n101;
n1 -> n10;
n11[label = "If_Then"];
n110[label = "FarthestInsertion"];
n11 -> n110;
n111[label = "And"];
n1110[label = "FarthestInsertion"];
n111 -> n1110;
n1111[label = "FarthestInsertion"];
n111 -> n1111;
n11 -> n111;
n1 -> n11;
n -> n1;
n2[label = "And"];
n20[label = "While"];
n200[label = "NearestInsertion"];
n20 -> n200;
n201[label = "NearestInsertion"];
n20 -> n201;
n2 -> n20;
n21[label = "And"];
n210[label = "While"];
n2100[label = "FarthestInsertion"];
n210 -> n2100;
n2101[label = "NearestNeighbor"];
n210 -> n2101;
n21 -> n210;
n211[label = "And"];
n2110[label = "FarthestInsertion"];
n211 -> n2110;
n2111[label = "FarthestInsertion"];
n211 -> n2111;
n21 -> n211;
n2 -> n21;
n -> n2;
}


Generation: 50
Best Individual:
Subpopulation 0:
Evaluated: true
Fitness: Standardized=0.19874981 Adjusted=0.83420247 Hits=2
Tree 0:
digraph g {
node [shape=rectangle];
n[label = "If_Then_Else"];
n0[label = "And"];
n00[label = "FarthestInsertion"];
n0 -> n00;
n01[label = "And"];
n010[label = "FarthestInsertion"];
n01 -> n010;
n011[label = "FarthestInsertion"];
n01 -> n011;
n0 -> n01;
n -> n0;
n1[label = "And"];
n10[label = "While"];
n100[label = "NearestInsertion"];
n10 -> n100;
n101[label = "NearestInsertion"];
n10 -> n101;
n1 -> n10;
n11[label = "If_Then"];
n110[label = "FarthestInsertion"];
n11 -> n110;
n111[label = "And"];
n1110[label = "FarthestInsertion"];
n111 -> n1110;
n1111[label = "FarthestInsertion"];
n111 -> n1111;
n11 -> n111;
n1 -> n11;
n -> n1;
n2[label = "And"];
n20[label = "While"];
n200[label = "NearestInsertion"];
n20 -> n200;
n201[label = "NearestInsertion"];
n20 -> n201;
n2 -> n20;
n21[label = "And"];
n210[label = "While"];
n2100[label = "FarthestInsertion"];
n210 -> n2100;
n2101[label = "NearestNeighbor"];
n210 -> n2101;
n21 -> n210;
n211[label = "And"];
n2110[label = "FarthestInsertion"];
n211 -> n2110;
n2111[label = "FarthestInsertion"];
n211 -> n2111;
n21 -> n211;
n2 -> n21;
n -> n2;
}


Generation: 51
Best Individual:
Subpopulation 0:
Evaluated: true
Fitness: Standardized=0.19874981 Adjusted=0.83420247 Hits=2
Tree 0:
digraph g {
node [shape=rectangle];
n[label = "If_Then_Else"];
n0[label = "And"];
n00[label = "FarthestInsertion"];
n0 -> n00;
n01[label = "And"];
n010[label = "FarthestInsertion"];
n01 -> n010;
n011[label = "FarthestInsertion"];
n01 -> n011;
n0 -> n01;
n -> n0;
n1[label = "And"];
n10[label = "While"];
n100[label = "NearestInsertion"];
n10 -> n100;
n101[label = "NearestInsertion"];
n10 -> n101;
n1 -> n10;
n11[label = "If_Then"];
n110[label = "FarthestInsertion"];
n11 -> n110;
n111[label = "And"];
n1110[label = "FarthestInsertion"];
n111 -> n1110;
n1111[label = "FarthestInsertion"];
n111 -> n1111;
n11 -> n111;
n1 -> n11;
n -> n1;
n2[label = "And"];
n20[label = "And"];
n200[label = "FarthestInsertion"];
n20 -> n200;
n201[label = "And"];
n2010[label = "FarthestInsertion"];
n201 -> n2010;
n2011[label = "FarthestInsertion"];
n201 -> n2011;
n20 -> n201;
n2 -> n20;
n21[label = "And"];
n210[label = "While"];
n2100[label = "FarthestInsertion"];
n210 -> n2100;
n2101[label = "FarthestInsertion"];
n210 -> n2101;
n21 -> n210;
n211[label = "And"];
n2110[label = "FarthestInsertion"];
n211 -> n2110;
n2111[label = "FarthestInsertion"];
n211 -> n2111;
n21 -> n211;
n2 -> n21;
n -> n2;
}


Generation: 52
Best Individual:
Subpopulation 0:
Evaluated: true
Fitness: Standardized=0.19874981 Adjusted=0.83420247 Hits=2
Tree 0:
digraph g {
node [shape=rectangle];
n[label = "If_Then_Else"];
n0[label = "If_Then"];
n00[label = "FarthestInsertion"];
n0 -> n00;
n01[label = "And"];
n010[label = "FarthestInsertion"];
n01 -> n010;
n011[label = "FarthestInsertion"];
n01 -> n011;
n0 -> n01;
n -> n0;
n1[label = "And"];
n10[label = "While"];
n100[label = "NearestInsertion"];
n10 -> n100;
n101[label = "NearestInsertion"];
n10 -> n101;
n1 -> n10;
n11[label = "While"];
n110[label = "NearestInsertion"];
n11 -> n110;
n111[label = "NearestInsertion"];
n11 -> n111;
n1 -> n11;
n -> n1;
n2[label = "And"];
n20[label = "FarthestInsertion"];
n2 -> n20;
n21[label = "FarthestInsertion"];
n2 -> n21;
n -> n2;
}


Generation: 53
Best Individual:
Subpopulation 0:
Evaluated: true
Fitness: Standardized=0.19874981 Adjusted=0.83420247 Hits=2
Tree 0:
digraph g {
node [shape=rectangle];
n[label = "If_Then_Else"];
n0[label = "If_Then"];
n00[label = "FarthestInsertion"];
n0 -> n00;
n01[label = "And"];
n010[label = "FarthestInsertion"];
n01 -> n010;
n011[label = "FarthestInsertion"];
n01 -> n011;
n0 -> n01;
n -> n0;
n1[label = "And"];
n10[label = "While"];
n100[label = "NearestInsertion"];
n10 -> n100;
n101[label = "NearestInsertion"];
n10 -> n101;
n1 -> n10;
n11[label = "If_Then"];
n110[label = "While"];
n1100[label = "NearestInsertion"];
n110 -> n1100;
n1101[label = "NearestInsertion"];
n110 -> n1101;
n11 -> n110;
n111[label = "And"];
n1110[label = "FarthestInsertion"];
n111 -> n1110;
n1111[label = "FarthestInsertion"];
n111 -> n1111;
n11 -> n111;
n1 -> n11;
n -> n1;
n2[label = "If_Then"];
n20[label = "FarthestInsertion"];
n2 -> n20;
n21[label = "And"];
n210[label = "FarthestInsertion"];
n21 -> n210;
n211[label = "FarthestInsertion"];
n21 -> n211;
n2 -> n21;
n -> n2;
}


Generation: 54
Best Individual:
Subpopulation 0:
Evaluated: true
Fitness: Standardized=0.19874981 Adjusted=0.83420247 Hits=2
Tree 0:
digraph g {
node [shape=rectangle];
n[label = "If_Then_Else"];
n0[label = "And"];
n00[label = "FarthestInsertion"];
n0 -> n00;
n01[label = "And"];
n010[label = "FarthestInsertion"];
n01 -> n010;
n011[label = "FarthestInsertion"];
n01 -> n011;
n0 -> n01;
n -> n0;
n1[label = "While"];
n10[label = "NearestInsertion"];
n1 -> n10;
n11[label = "NearestInsertion"];
n1 -> n11;
n -> n1;
n2[label = "And"];
n20[label = "WorstMove"];
n2 -> n20;
n21[label = "And"];
n210[label = "While"];
n2100[label = "NearestInsertion"];
n210 -> n2100;
n2101[label = "NearestInsertion"];
n210 -> n2101;
n21 -> n210;
n211[label = "And"];
n2110[label = "FarthestInsertion"];
n211 -> n2110;
n2111[label = "FarthestInsertion"];
n211 -> n2111;
n21 -> n211;
n2 -> n21;
n -> n2;
}


Generation: 55
Best Individual:
Subpopulation 0:
Evaluated: true
Fitness: Standardized=0.19874981 Adjusted=0.83420247 Hits=2
Tree 0:
digraph g {
node [shape=rectangle];
n[label = "If_Then_Else"];
n0[label = "And"];
n00[label = "FarthestInsertion"];
n0 -> n00;
n01[label = "And"];
n010[label = "FarthestInsertion"];
n01 -> n010;
n011[label = "FarthestInsertion"];
n01 -> n011;
n0 -> n01;
n -> n0;
n1[label = "And"];
n10[label = "While"];
n100[label = "NearestInsertion"];
n10 -> n100;
n101[label = "NearestInsertion"];
n10 -> n101;
n1 -> n10;
n11[label = "Equal"];
n110[label = "FarthestInsertion"];
n11 -> n110;
n111[label = "While"];
n1110[label = "NearestInsertion"];
n111 -> n1110;
n1111[label = "NearestInsertion"];
n111 -> n1111;
n11 -> n111;
n1 -> n11;
n -> n1;
n2[label = "And"];
n20[label = "WorstMove"];
n2 -> n20;
n21[label = "And"];
n210[label = "While"];
n2100[label = "NearestInsertion"];
n210 -> n2100;
n2101[label = "NearestInsertion"];
n210 -> n2101;
n21 -> n210;
n211[label = "While"];
n2110[label = "NearestInsertion"];
n211 -> n2110;
n2111[label = "NearestInsertion"];
n211 -> n2111;
n21 -> n211;
n2 -> n21;
n -> n2;
}


Generation: 56
Best Individual:
Subpopulation 0:
Evaluated: true
Fitness: Standardized=0.19874981 Adjusted=0.83420247 Hits=2
Tree 0:
digraph g {
node [shape=rectangle];
n[label = "If_Then_Else"];
n0[label = "And"];
n00[label = "FarthestInsertion"];
n0 -> n00;
n01[label = "And"];
n010[label = "FarthestInsertion"];
n01 -> n010;
n011[label = "FarthestInsertion"];
n01 -> n011;
n0 -> n01;
n -> n0;
n1[label = "And"];
n10[label = "While"];
n100[label = "NearestInsertion"];
n10 -> n100;
n101[label = "NearestInsertion"];
n10 -> n101;
n1 -> n10;
n11[label = "If_Then"];
n110[label = "FarthestInsertion"];
n11 -> n110;
n111[label = "And"];
n1110[label = "FarthestInsertion"];
n111 -> n1110;
n1111[label = "FarthestInsertion"];
n111 -> n1111;
n11 -> n111;
n1 -> n11;
n -> n1;
n2[label = "And"];
n20[label = "While"];
n200[label = "NearestInsertion"];
n20 -> n200;
n201[label = "NearestInsertion"];
n20 -> n201;
n2 -> n20;
n21[label = "And"];
n210[label = "While"];
n2100[label = "FarthestInsertion"];
n210 -> n2100;
n2101[label = "NearestNeighbor"];
n210 -> n2101;
n21 -> n210;
n211[label = "FarthestInsertion"];
n21 -> n211;
n2 -> n21;
n -> n2;
}


Generation: 57
Best Individual:
Subpopulation 0:
Evaluated: true
Fitness: Standardized=0.19874981 Adjusted=0.83420247 Hits=2
Tree 0:
digraph g {
node [shape=rectangle];
n[label = "If_Then_Else"];
n0[label = "And"];
n00[label = "FarthestInsertion"];
n0 -> n00;
n01[label = "And"];
n010[label = "FarthestInsertion"];
n01 -> n010;
n011[label = "FarthestInsertion"];
n01 -> n011;
n0 -> n01;
n -> n0;
n1[label = "And"];
n10[label = "While"];
n100[label = "NearestInsertion"];
n10 -> n100;
n101[label = "NearestInsertion"];
n10 -> n101;
n1 -> n10;
n11[label = "NearestInsertion"];
n1 -> n11;
n -> n1;
n2[label = "If_Then_Else"];
n20[label = "And"];
n200[label = "While"];
n2000[label = "NearestInsertion"];
n200 -> n2000;
n2001[label = "NearestInsertion"];
n200 -> n2001;
n20 -> n200;
n201[label = "If_Then"];
n2010[label = "FarthestInsertion"];
n201 -> n2010;
n2011[label = "FarthestInsertion"];
n201 -> n2011;
n20 -> n201;
n2 -> n20;
n21[label = "And"];
n210[label = "While"];
n2100[label = "NearestInsertion"];
n210 -> n2100;
n2101[label = "NearestInsertion"];
n210 -> n2101;
n21 -> n210;
n211[label = "If_Then"];
n2110[label = "FarthestInsertion"];
n211 -> n2110;
n2111[label = "FarthestInsertion"];
n211 -> n2111;
n21 -> n211;
n2 -> n21;
n22[label = "And"];
n220[label = "FarthestInsertion"];
n22 -> n220;
n221[label = "FarthestInsertion"];
n22 -> n221;
n2 -> n22;
n -> n2;
}


Generation: 58
Best Individual:
Subpopulation 0:
Evaluated: true
Fitness: Standardized=0.19874981 Adjusted=0.83420247 Hits=2
Tree 0:
digraph g {
node [shape=rectangle];
n[label = "If_Then_Else"];
n0[label = "And"];
n00[label = "FarthestInsertion"];
n0 -> n00;
n01[label = "And"];
n010[label = "FarthestInsertion"];
n01 -> n010;
n011[label = "FarthestInsertion"];
n01 -> n011;
n0 -> n01;
n -> n0;
n1[label = "And"];
n10[label = "While"];
n100[label = "NearestInsertion"];
n10 -> n100;
n101[label = "NearestInsertion"];
n10 -> n101;
n1 -> n10;
n11[label = "NearestInsertion"];
n1 -> n11;
n -> n1;
n2[label = "And"];
n20[label = "While"];
n200[label = "NearestInsertion"];
n20 -> n200;
n201[label = "NearestInsertion"];
n20 -> n201;
n2 -> n20;
n21[label = "NearestInsertion"];
n2 -> n21;
n -> n2;
}


Generation: 59
Best Individual:
Subpopulation 0:
Evaluated: true
Fitness: Standardized=0.19874981 Adjusted=0.83420247 Hits=2
Tree 0:
digraph g {
node [shape=rectangle];
n[label = "If_Then_Else"];
n0[label = "And"];
n00[label = "FarthestInsertion"];
n0 -> n00;
n01[label = "And"];
n010[label = "FarthestInsertion"];
n01 -> n010;
n011[label = "FarthestInsertion"];
n01 -> n011;
n0 -> n01;
n -> n0;
n1[label = "And"];
n10[label = "While"];
n100[label = "NearestInsertion"];
n10 -> n100;
n101[label = "NearestInsertion"];
n10 -> n101;
n1 -> n10;
n11[label = "And"];
n110[label = "While"];
n1100[label = "NearestInsertion"];
n110 -> n1100;
n1101[label = "NearestInsertion"];
n110 -> n1101;
n11 -> n110;
n111[label = "NearestInsertion"];
n11 -> n111;
n1 -> n11;
n -> n1;
n2[label = "While"];
n20[label = "NearestInsertion"];
n2 -> n20;
n21[label = "NearestInsertion"];
n2 -> n21;
n -> n2;
}


Generation: 60
Best Individual:
Subpopulation 0:
Evaluated: true
Fitness: Standardized=0.19874981 Adjusted=0.83420247 Hits=2
Tree 0:
digraph g {
node [shape=rectangle];
n[label = "If_Then_Else"];
n0[label = "And"];
n00[label = "FarthestInsertion"];
n0 -> n00;
n01[label = "And"];
n010[label = "FarthestInsertion"];
n01 -> n010;
n011[label = "FarthestInsertion"];
n01 -> n011;
n0 -> n01;
n -> n0;
n1[label = "And"];
n10[label = "While"];
n100[label = "NearestInsertion"];
n10 -> n100;
n101[label = "NearestInsertion"];
n10 -> n101;
n1 -> n10;
n11[label = "Equal"];
n110[label = "FarthestInsertion"];
n11 -> n110;
n111[label = "While"];
n1110[label = "NearestInsertion"];
n111 -> n1110;
n1111[label = "NearestInsertion"];
n111 -> n1111;
n11 -> n111;
n1 -> n11;
n -> n1;
n2[label = "And"];
n20[label = "While"];
n200[label = "FarthestInsertion"];
n20 -> n200;
n201[label = "NearestNeighbor"];
n20 -> n201;
n2 -> n20;
n21[label = "FarthestInsertion"];
n2 -> n21;
n -> n2;
}


Generation: 61
Best Individual:
Subpopulation 0:
Evaluated: true
Fitness: Standardized=0.19874981 Adjusted=0.83420247 Hits=2
Tree 0:
digraph g {
node [shape=rectangle];
n[label = "If_Then_Else"];
n0[label = "And"];
n00[label = "FarthestInsertion"];
n0 -> n00;
n01[label = "And"];
n010[label = "FarthestInsertion"];
n01 -> n010;
n011[label = "FarthestInsertion"];
n01 -> n011;
n0 -> n01;
n -> n0;
n1[label = "And"];
n10[label = "While"];
n100[label = "NearestInsertion"];
n10 -> n100;
n101[label = "NearestInsertion"];
n10 -> n101;
n1 -> n10;
n11[label = "Equal"];
n110[label = "FarthestInsertion"];
n11 -> n110;
n111[label = "While"];
n1110[label = "NearestInsertion"];
n111 -> n1110;
n1111[label = "NearestInsertion"];
n111 -> n1111;
n11 -> n111;
n1 -> n11;
n -> n1;
n2[label = "And"];
n20[label = "FarthestInsertion"];
n2 -> n20;
n21[label = "FarthestInsertion"];
n2 -> n21;
n -> n2;
}


Generation: 62
Best Individual:
Subpopulation 0:
Evaluated: true
Fitness: Standardized=0.19874981 Adjusted=0.83420247 Hits=2
Tree 0:
digraph g {
node [shape=rectangle];
n[label = "If_Then_Else"];
n0[label = "And"];
n00[label = "FarthestInsertion"];
n0 -> n00;
n01[label = "And"];
n010[label = "FarthestInsertion"];
n01 -> n010;
n011[label = "FarthestInsertion"];
n01 -> n011;
n0 -> n01;
n -> n0;
n1[label = "And"];
n10[label = "While"];
n100[label = "NearestInsertion"];
n10 -> n100;
n101[label = "NearestInsertion"];
n10 -> n101;
n1 -> n10;
n11[label = "And"];
n110[label = "NearestInsertion"];
n11 -> n110;
n111[label = "If_Then"];
n1110[label = "FarthestInsertion"];
n111 -> n1110;
n1111[label = "FarthestInsertion"];
n111 -> n1111;
n11 -> n111;
n1 -> n11;
n -> n1;
n2[label = "If_Then_Else"];
n20[label = "FarthestInsertion"];
n2 -> n20;
n21[label = "And"];
n210[label = "While"];
n2100[label = "NearestInsertion"];
n210 -> n2100;
n2101[label = "NearestInsertion"];
n210 -> n2101;
n21 -> n210;
n211[label = "NearestInsertion"];
n21 -> n211;
n2 -> n21;
n22[label = "And"];
n220[label = "FarthestInsertion"];
n22 -> n220;
n221[label = "FarthestInsertion"];
n22 -> n221;
n2 -> n22;
n -> n2;
}


Generation: 63
Best Individual:
Subpopulation 0:
Evaluated: true
Fitness: Standardized=0.19874981 Adjusted=0.83420247 Hits=2
Tree 0:
digraph g {
node [shape=rectangle];
n[label = "If_Then_Else"];
n0[label = "And"];
n00[label = "FarthestInsertion"];
n0 -> n00;
n01[label = "And"];
n010[label = "FarthestInsertion"];
n01 -> n010;
n011[label = "FarthestInsertion"];
n01 -> n011;
n0 -> n01;
n -> n0;
n1[label = "And"];
n10[label = "While"];
n100[label = "NearestInsertion"];
n10 -> n100;
n101[label = "NearestInsertion"];
n10 -> n101;
n1 -> n10;
n11[label = "NearestInsertion"];
n1 -> n11;
n -> n1;
n2[label = "And"];
n20[label = "While"];
n200[label = "If_Then"];
n2000[label = "FarthestInsertion"];
n200 -> n2000;
n2001[label = "BestMove"];
n200 -> n2001;
n20 -> n200;
n201[label = "NearestInsertion"];
n20 -> n201;
n2 -> n20;
n21[label = "And"];
n210[label = "While"];
n2100[label = "FarthestInsertion"];
n210 -> n2100;
n2101[label = "NearestNeighbor"];
n210 -> n2101;
n21 -> n210;
n211[label = "FarthestInsertion"];
n21 -> n211;
n2 -> n21;
n -> n2;
}


Generation: 64
Best Individual:
Subpopulation 0:
Evaluated: true
Fitness: Standardized=0.19874981 Adjusted=0.83420247 Hits=2
Tree 0:
digraph g {
node [shape=rectangle];
n[label = "If_Then_Else"];
n0[label = "And"];
n00[label = "FarthestInsertion"];
n0 -> n00;
n01[label = "And"];
n010[label = "FarthestInsertion"];
n01 -> n010;
n011[label = "FarthestInsertion"];
n01 -> n011;
n0 -> n01;
n -> n0;
n1[label = "And"];
n10[label = "While"];
n100[label = "NearestInsertion"];
n10 -> n100;
n101[label = "NearestInsertion"];
n10 -> n101;
n1 -> n10;
n11[label = "NearestInsertion"];
n1 -> n11;
n -> n1;
n2[label = "And"];
n20[label = "FarthestInsertion"];
n2 -> n20;
n21[label = "And"];
n210[label = "While"];
n2100[label = "FarthestInsertion"];
n210 -> n2100;
n2101[label = "NearestNeighbor"];
n210 -> n2101;
n21 -> n210;
n211[label = "FarthestInsertion"];
n21 -> n211;
n2 -> n21;
n -> n2;
}


Generation: 65
Best Individual:
Subpopulation 0:
Evaluated: true
Fitness: Standardized=0.19874981 Adjusted=0.83420247 Hits=2
Tree 0:
digraph g {
node [shape=rectangle];
n[label = "If_Then_Else"];
n0[label = "And"];
n00[label = "FarthestInsertion"];
n0 -> n00;
n01[label = "If_Then"];
n010[label = "FarthestInsertion"];
n01 -> n010;
n011[label = "FarthestInsertion"];
n01 -> n011;
n0 -> n01;
n -> n0;
n1[label = "And"];
n10[label = "And"];
n100[label = "While"];
n1000[label = "NearestInsertion"];
n100 -> n1000;
n1001[label = "NearestInsertion"];
n100 -> n1001;
n10 -> n100;
n101[label = "NearestInsertion"];
n10 -> n101;
n1 -> n10;
n11[label = "NearestInsertion"];
n1 -> n11;
n -> n1;
n2[label = "And"];
n20[label = "If_Then"];
n200[label = "WorstMove"];
n20 -> n200;
n201[label = "FarthestFirstNode"];
n20 -> n201;
n2 -> n20;
n21[label = "And"];
n210[label = "While"];
n2100[label = "FarthestInsertion"];
n210 -> n2100;
n2101[label = "NearestNeighbor"];
n210 -> n2101;
n21 -> n210;
n211[label = "FarthestInsertion"];
n21 -> n211;
n2 -> n21;
n -> n2;
}


Generation: 66
Best Individual:
Subpopulation 0:
Evaluated: true
Fitness: Standardized=0.19874981 Adjusted=0.83420247 Hits=2
Tree 0:
digraph g {
node [shape=rectangle];
n[label = "If_Then_Else"];
n0[label = "And"];
n00[label = "FarthestInsertion"];
n0 -> n00;
n01[label = "And"];
n010[label = "FarthestInsertion"];
n01 -> n010;
n011[label = "FarthestInsertion"];
n01 -> n011;
n0 -> n01;
n -> n0;
n1[label = "While"];
n10[label = "NearestInsertion"];
n1 -> n10;
n11[label = "NearestInsertion"];
n1 -> n11;
n -> n1;
n2[label = "If_Then_Else"];
n20[label = "FarthestInsertion"];
n2 -> n20;
n21[label = "NearestInsertion"];
n2 -> n21;
n22[label = "And"];
n220[label = "FarthestInsertion"];
n22 -> n220;
n221[label = "FarthestInsertion"];
n22 -> n221;
n2 -> n22;
n -> n2;
}


Generation: 67
Best Individual:
Subpopulation 0:
Evaluated: true
Fitness: Standardized=0.19874981 Adjusted=0.83420247 Hits=2
Tree 0:
digraph g {
node [shape=rectangle];
n[label = "If_Then_Else"];
n0[label = "And"];
n00[label = "FarthestInsertion"];
n0 -> n00;
n01[label = "And"];
n010[label = "FarthestInsertion"];
n01 -> n010;
n011[label = "FarthestInsertion"];
n01 -> n011;
n0 -> n01;
n -> n0;
n1[label = "While"];
n10[label = "NearestInsertion"];
n1 -> n10;
n11[label = "NearestInsertion"];
n1 -> n11;
n -> n1;
n2[label = "If_Then_Else"];
n20[label = "FarthestInsertion"];
n2 -> n20;
n21[label = "And"];
n210[label = "NearestInsertion"];
n21 -> n210;
n211[label = "If_Then"];
n2110[label = "FarthestInsertion"];
n211 -> n2110;
n2111[label = "FarthestInsertion"];
n211 -> n2111;
n21 -> n211;
n2 -> n21;
n22[label = "And"];
n220[label = "FarthestInsertion"];
n22 -> n220;
n221[label = "FarthestInsertion"];
n22 -> n221;
n2 -> n22;
n -> n2;
}


Generation: 68
Best Individual:
Subpopulation 0:
Evaluated: true
Fitness: Standardized=0.19874981 Adjusted=0.83420247 Hits=2
Tree 0:
digraph g {
node [shape=rectangle];
n[label = "If_Then_Else"];
n0[label = "And"];
n00[label = "FarthestInsertion"];
n0 -> n00;
n01[label = "If_Then"];
n010[label = "FarthestInsertion"];
n01 -> n010;
n011[label = "FarthestInsertion"];
n01 -> n011;
n0 -> n01;
n -> n0;
n1[label = "And"];
n10[label = "And"];
n100[label = "While"];
n1000[label = "NearestInsertion"];
n100 -> n1000;
n1001[label = "NearestInsertion"];
n100 -> n1001;
n10 -> n100;
n101[label = "NearestInsertion"];
n10 -> n101;
n1 -> n10;
n11[label = "NearestInsertion"];
n1 -> n11;
n -> n1;
n2[label = "And"];
n20[label = "If_Then"];
n200[label = "WorstMove"];
n20 -> n200;
n201[label = "FarthestFirstNode"];
n20 -> n201;
n2 -> n20;
n21[label = "And"];
n210[label = "While"];
n2100[label = "FarthestInsertion"];
n210 -> n2100;
n2101[label = "NearestNeighbor"];
n210 -> n2101;
n21 -> n210;
n211[label = "FarthestInsertion"];
n21 -> n211;
n2 -> n21;
n -> n2;
}


Generation: 69
Best Individual:
Subpopulation 0:
Evaluated: true
Fitness: Standardized=0.19874981 Adjusted=0.83420247 Hits=2
Tree 0:
digraph g {
node [shape=rectangle];
n[label = "If_Then_Else"];
n0[label = "And"];
n00[label = "FarthestInsertion"];
n0 -> n00;
n01[label = "If_Then"];
n010[label = "FarthestInsertion"];
n01 -> n010;
n011[label = "FarthestInsertion"];
n01 -> n011;
n0 -> n01;
n -> n0;
n1[label = "And"];
n10[label = "And"];
n100[label = "While"];
n1000[label = "NearestInsertion"];
n100 -> n1000;
n1001[label = "NearestInsertion"];
n100 -> n1001;
n10 -> n100;
n101[label = "FarthestInsertion"];
n10 -> n101;
n1 -> n10;
n11[label = "NearestInsertion"];
n1 -> n11;
n -> n1;
n2[label = "And"];
n20[label = "If_Then"];
n200[label = "WorstMove"];
n20 -> n200;
n201[label = "FarthestFirstNode"];
n20 -> n201;
n2 -> n20;
n21[label = "And"];
n210[label = "While"];
n2100[label = "FarthestInsertion"];
n210 -> n2100;
n2101[label = "NearestNeighbor"];
n210 -> n2101;
n21 -> n210;
n211[label = "FarthestInsertion"];
n21 -> n211;
n2 -> n21;
n -> n2;
}


Generation: 70
Best Individual:
Subpopulation 0:
Evaluated: true
Fitness: Standardized=0.19874981 Adjusted=0.83420247 Hits=2
Tree 0:
digraph g {
node [shape=rectangle];
n[label = "If_Then_Else"];
n0[label = "And"];
n00[label = "FarthestInsertion"];
n0 -> n00;
n01[label = "And"];
n010[label = "FarthestInsertion"];
n01 -> n010;
n011[label = "FarthestInsertion"];
n01 -> n011;
n0 -> n01;
n -> n0;
n1[label = "And"];
n10[label = "While"];
n100[label = "NearestInsertion"];
n10 -> n100;
n101[label = "NearestInsertion"];
n10 -> n101;
n1 -> n10;
n11[label = "And"];
n110[label = "FarthestInsertion"];
n11 -> n110;
n111[label = "FarthestInsertion"];
n11 -> n111;
n1 -> n11;
n -> n1;
n2[label = "While"];
n20[label = "NearestInsertion"];
n2 -> n20;
n21[label = "NearestInsertion"];
n2 -> n21;
n -> n2;
}


Generation: 71
Best Individual:
Subpopulation 0:
Evaluated: true
Fitness: Standardized=0.19874981 Adjusted=0.83420247 Hits=2
Tree 0:
digraph g {
node [shape=rectangle];
n[label = "If_Then_Else"];
n0[label = "And"];
n00[label = "FarthestInsertion"];
n0 -> n00;
n01[label = "And"];
n010[label = "FarthestInsertion"];
n01 -> n010;
n011[label = "FarthestInsertion"];
n01 -> n011;
n0 -> n01;
n -> n0;
n1[label = "While"];
n10[label = "NearestInsertion"];
n1 -> n10;
n11[label = "NearestInsertion"];
n1 -> n11;
n -> n1;
n2[label = "While"];
n20[label = "NearestInsertion"];
n2 -> n20;
n21[label = "NearestInsertion"];
n2 -> n21;
n -> n2;
}


Generation: 72
Best Individual:
Subpopulation 0:
Evaluated: true
Fitness: Standardized=0.19874981 Adjusted=0.83420247 Hits=2
Tree 0:
digraph g {
node [shape=rectangle];
n[label = "If_Then_Else"];
n0[label = "And"];
n00[label = "FarthestInsertion"];
n0 -> n00;
n01[label = "If_Then"];
n010[label = "FarthestInsertion"];
n01 -> n010;
n011[label = "FarthestInsertion"];
n01 -> n011;
n0 -> n01;
n -> n0;
n1[label = "And"];
n10[label = "And"];
n100[label = "While"];
n1000[label = "NearestInsertion"];
n100 -> n1000;
n1001[label = "NearestInsertion"];
n100 -> n1001;
n10 -> n100;
n101[label = "NearestInsertion"];
n10 -> n101;
n1 -> n10;
n11[label = "NearestInsertion"];
n1 -> n11;
n -> n1;
n2[label = "And"];
n20[label = "FarthestInsertion"];
n2 -> n20;
n21[label = "And"];
n210[label = "While"];
n2100[label = "FarthestInsertion"];
n210 -> n2100;
n2101[label = "NearestNeighbor"];
n210 -> n2101;
n21 -> n210;
n211[label = "FarthestInsertion"];
n21 -> n211;
n2 -> n21;
n -> n2;
}


Generation: 73
Best Individual:
Subpopulation 0:
Evaluated: true
Fitness: Standardized=0.19874981 Adjusted=0.83420247 Hits=2
Tree 0:
digraph g {
node [shape=rectangle];
n[label = "If_Then_Else"];
n0[label = "And"];
n00[label = "FarthestInsertion"];
n0 -> n00;
n01[label = "If_Then"];
n010[label = "FarthestInsertion"];
n01 -> n010;
n011[label = "FarthestInsertion"];
n01 -> n011;
n0 -> n01;
n -> n0;
n1[label = "While"];
n10[label = "NearestInsertion"];
n1 -> n10;
n11[label = "NearestInsertion"];
n1 -> n11;
n -> n1;
n2[label = "And"];
n20[label = "FarthestInsertion"];
n2 -> n20;
n21[label = "FarthestInsertion"];
n2 -> n21;
n -> n2;
}


Generation: 74
Best Individual:
Subpopulation 0:
Evaluated: true
Fitness: Standardized=0.19874981 Adjusted=0.83420247 Hits=2
Tree 0:
digraph g {
node [shape=rectangle];
n[label = "If_Then_Else"];
n0[label = "And"];
n00[label = "FarthestInsertion"];
n0 -> n00;
n01[label = "If_Then"];
n010[label = "FarthestInsertion"];
n01 -> n010;
n011[label = "FarthestInsertion"];
n01 -> n011;
n0 -> n01;
n -> n0;
n1[label = "While"];
n10[label = "NearestInsertion"];
n1 -> n10;
n11[label = "NearestInsertion"];
n1 -> n11;
n -> n1;
n2[label = "And"];
n20[label = "FarthestInsertion"];
n2 -> n20;
n21[label = "FarthestInsertion"];
n2 -> n21;
n -> n2;
}


Generation: 75
Best Individual:
Subpopulation 0:
Evaluated: true
Fitness: Standardized=0.19874981 Adjusted=0.83420247 Hits=2
Tree 0:
digraph g {
node [shape=rectangle];
n[label = "If_Then_Else"];
n0[label = "And"];
n00[label = "FarthestInsertion"];
n0 -> n00;
n01[label = "And"];
n010[label = "FarthestInsertion"];
n01 -> n010;
n011[label = "FarthestInsertion"];
n01 -> n011;
n0 -> n01;
n -> n0;
n1[label = "And"];
n10[label = "And"];
n100[label = "While"];
n1000[label = "NearestInsertion"];
n100 -> n1000;
n1001[label = "NearestInsertion"];
n100 -> n1001;
n10 -> n100;
n101[label = "NearestInsertion"];
n10 -> n101;
n1 -> n10;
n11[label = "NearestInsertion"];
n1 -> n11;
n -> n1;
n2[label = "NearestInsertion"];
n -> n2;
}


Generation: 76
Best Individual:
Subpopulation 0:
Evaluated: true
Fitness: Standardized=0.19874981 Adjusted=0.83420247 Hits=2
Tree 0:
digraph g {
node [shape=rectangle];
n[label = "If_Then_Else"];
n0[label = "And"];
n00[label = "FarthestInsertion"];
n0 -> n00;
n01[label = "If_Then"];
n010[label = "FarthestInsertion"];
n01 -> n010;
n011[label = "FarthestInsertion"];
n01 -> n011;
n0 -> n01;
n -> n0;
n1[label = "While"];
n10[label = "NearestInsertion"];
n1 -> n10;
n11[label = "NearestInsertion"];
n1 -> n11;
n -> n1;
n2[label = "And"];
n20[label = "FarthestInsertion"];
n2 -> n20;
n21[label = "If_Then"];
n210[label = "FarthestInsertion"];
n21 -> n210;
n211[label = "FarthestInsertion"];
n21 -> n211;
n2 -> n21;
n -> n2;
}


Generation: 77
Best Individual:
Subpopulation 0:
Evaluated: true
Fitness: Standardized=0.19874981 Adjusted=0.83420247 Hits=2
Tree 0:
digraph g {
node [shape=rectangle];
n[label = "If_Then_Else"];
n0[label = "And"];
n00[label = "FarthestInsertion"];
n0 -> n00;
n01[label = "If_Then"];
n010[label = "FarthestInsertion"];
n01 -> n010;
n011[label = "FarthestInsertion"];
n01 -> n011;
n0 -> n01;
n -> n0;
n1[label = "And"];
n10[label = "While"];
n100[label = "NearestInsertion"];
n10 -> n100;
n101[label = "NearestInsertion"];
n10 -> n101;
n1 -> n10;
n11[label = "NearestInsertion"];
n1 -> n11;
n -> n1;
n2[label = "While"];
n20[label = "NearestInsertion"];
n2 -> n20;
n21[label = "NearestInsertion"];
n2 -> n21;
n -> n2;
}


Generation: 78
Best Individual:
Subpopulation 0:
Evaluated: true
Fitness: Standardized=0.19874981 Adjusted=0.83420247 Hits=2
Tree 0:
digraph g {
node [shape=rectangle];
n[label = "If_Then_Else"];
n0[label = "And"];
n00[label = "FarthestInsertion"];
n0 -> n00;
n01[label = "If_Then"];
n010[label = "FarthestInsertion"];
n01 -> n010;
n011[label = "FarthestInsertion"];
n01 -> n011;
n0 -> n01;
n -> n0;
n1[label = "While"];
n10[label = "NearestInsertion"];
n1 -> n10;
n11[label = "NearestInsertion"];
n1 -> n11;
n -> n1;
n2[label = "And"];
n20[label = "FarthestInsertion"];
n2 -> n20;
n21[label = "If_Then"];
n210[label = "FarthestInsertion"];
n21 -> n210;
n211[label = "FarthestInsertion"];
n21 -> n211;
n2 -> n21;
n -> n2;
}


Generation: 79
Best Individual:
Subpopulation 0:
Evaluated: true
Fitness: Standardized=0.19874981 Adjusted=0.83420247 Hits=2
Tree 0:
digraph g {
node [shape=rectangle];
n[label = "If_Then_Else"];
n0[label = "And"];
n00[label = "FarthestInsertion"];
n0 -> n00;
n01[label = "If_Then"];
n010[label = "FarthestInsertion"];
n01 -> n010;
n011[label = "FarthestInsertion"];
n01 -> n011;
n0 -> n01;
n -> n0;
n1[label = "While"];
n10[label = "NearestInsertion"];
n1 -> n10;
n11[label = "NearestInsertion"];
n1 -> n11;
n -> n1;
n2[label = "If_Then_Else"];
n20[label = "And"];
n200[label = "FarthestInsertion"];
n20 -> n200;
n201[label = "If_Then"];
n2010[label = "FarthestInsertion"];
n201 -> n2010;
n2011[label = "FarthestInsertion"];
n201 -> n2011;
n20 -> n201;
n2 -> n20;
n21[label = "And"];
n210[label = "While"];
n2100[label = "NearestInsertion"];
n210 -> n2100;
n2101[label = "NearestInsertion"];
n210 -> n2101;
n21 -> n210;
n211[label = "NearestInsertion"];
n21 -> n211;
n2 -> n21;
n22[label = "FarthestInsertion"];
n2 -> n22;
n -> n2;
}


Generation: 80
Best Individual:
Subpopulation 0:
Evaluated: true
Fitness: Standardized=0.19874981 Adjusted=0.83420247 Hits=2
Tree 0:
digraph g {
node [shape=rectangle];
n[label = "If_Then_Else"];
n0[label = "And"];
n00[label = "FarthestInsertion"];
n0 -> n00;
n01[label = "If_Then"];
n010[label = "FarthestInsertion"];
n01 -> n010;
n011[label = "FarthestInsertion"];
n01 -> n011;
n0 -> n01;
n -> n0;
n1[label = "While"];
n10[label = "NearestInsertion"];
n1 -> n10;
n11[label = "NearestInsertion"];
n1 -> n11;
n -> n1;
n2[label = "If_Then_Else"];
n20[label = "And"];
n200[label = "FarthestInsertion"];
n20 -> n200;
n201[label = "And"];
n2010[label = "FarthestInsertion"];
n201 -> n2010;
n2011[label = "NearestNeighbor"];
n201 -> n2011;
n20 -> n201;
n2 -> n20;
n21[label = "And"];
n210[label = "While"];
n2100[label = "NearestInsertion"];
n210 -> n2100;
n2101[label = "NearestInsertion"];
n210 -> n2101;
n21 -> n210;
n211[label = "NearestInsertion"];
n21 -> n211;
n2 -> n21;
n22[label = "FarthestInsertion"];
n2 -> n22;
n -> n2;
}


Generation: 81
Best Individual:
Subpopulation 0:
Evaluated: true
Fitness: Standardized=0.19874981 Adjusted=0.83420247 Hits=2
Tree 0:
digraph g {
node [shape=rectangle];
n[label = "If_Then_Else"];
n0[label = "And"];
n00[label = "FarthestInsertion"];
n0 -> n00;
n01[label = "If_Then"];
n010[label = "FarthestInsertion"];
n01 -> n010;
n011[label = "FarthestInsertion"];
n01 -> n011;
n0 -> n01;
n -> n0;
n1[label = "While"];
n10[label = "NearestInsertion"];
n1 -> n10;
n11[label = "NearestInsertion"];
n1 -> n11;
n -> n1;
n2[label = "If_Then_Else"];
n20[label = "And"];
n200[label = "FarthestInsertion"];
n20 -> n200;
n201[label = "If_Then"];
n2010[label = "FarthestInsertion"];
n201 -> n2010;
n2011[label = "FarthestInsertion"];
n201 -> n2011;
n20 -> n201;
n2 -> n20;
n21[label = "And"];
n210[label = "FarthestNeighbor"];
n21 -> n210;
n211[label = "NearestInsertion"];
n21 -> n211;
n2 -> n21;
n22[label = "While"];
n220[label = "NearestInsertion"];
n22 -> n220;
n221[label = "NearestInsertion"];
n22 -> n221;
n2 -> n22;
n -> n2;
}


Generation: 82
Best Individual:
Subpopulation 0:
Evaluated: true
Fitness: Standardized=0.19874981 Adjusted=0.83420247 Hits=2
Tree 0:
digraph g {
node [shape=rectangle];
n[label = "If_Then_Else"];
n0[label = "And"];
n00[label = "FarthestInsertion"];
n0 -> n00;
n01[label = "If_Then"];
n010[label = "FarthestInsertion"];
n01 -> n010;
n011[label = "FarthestInsertion"];
n01 -> n011;
n0 -> n01;
n -> n0;
n1[label = "While"];
n10[label = "NearestInsertion"];
n1 -> n10;
n11[label = "NearestInsertion"];
n1 -> n11;
n -> n1;
n2[label = "If_Then_Else"];
n20[label = "And"];
n200[label = "FarthestInsertion"];
n20 -> n200;
n201[label = "If_Then"];
n2010[label = "FarthestInsertion"];
n201 -> n2010;
n2011[label = "FarthestInsertion"];
n201 -> n2011;
n20 -> n201;
n2 -> n20;
n21[label = "NearestInsertion"];
n2 -> n21;
n22[label = "FarthestInsertion"];
n2 -> n22;
n -> n2;
}


Generation: 83
Best Individual:
Subpopulation 0:
Evaluated: true
Fitness: Standardized=0.19874981 Adjusted=0.83420247 Hits=2
Tree 0:
digraph g {
node [shape=rectangle];
n[label = "If_Then_Else"];
n0[label = "And"];
n00[label = "FarthestInsertion"];
n0 -> n00;
n01[label = "If_Then"];
n010[label = "FarthestInsertion"];
n01 -> n010;
n011[label = "FarthestInsertion"];
n01 -> n011;
n0 -> n01;
n -> n0;
n1[label = "While"];
n10[label = "NearestInsertion"];
n1 -> n10;
n11[label = "NearestInsertion"];
n1 -> n11;
n -> n1;
n2[label = "NearestInsertion"];
n -> n2;
}


Generation: 84
Best Individual:
Subpopulation 0:
Evaluated: true
Fitness: Standardized=0.19874981 Adjusted=0.83420247 Hits=2
Tree 0:
digraph g {
node [shape=rectangle];
n[label = "If_Then_Else"];
n0[label = "And"];
n00[label = "FarthestInsertion"];
n0 -> n00;
n01[label = "If_Then"];
n010[label = "FarthestInsertion"];
n01 -> n010;
n011[label = "FarthestInsertion"];
n01 -> n011;
n0 -> n01;
n -> n0;
n1[label = "While"];
n10[label = "NearestInsertion"];
n1 -> n10;
n11[label = "NearestInsertion"];
n1 -> n11;
n -> n1;
n2[label = "CplexTerminal"];
n -> n2;
}


Generation: 85
Best Individual:
Subpopulation 0:
Evaluated: true
Fitness: Standardized=0.19874981 Adjusted=0.83420247 Hits=2
Tree 0:
digraph g {
node [shape=rectangle];
n[label = "If_Then_Else"];
n0[label = "And"];
n00[label = "FarthestInsertion"];
n0 -> n00;
n01[label = "If_Then"];
n010[label = "FarthestInsertion"];
n01 -> n010;
n011[label = "FarthestInsertion"];
n01 -> n011;
n0 -> n01;
n -> n0;
n1[label = "While"];
n10[label = "NearestInsertion"];
n1 -> n10;
n11[label = "NearestInsertion"];
n1 -> n11;
n -> n1;
n2[label = "If_Then_Else"];
n20[label = "FarthestInsertion"];
n2 -> n20;
n21[label = "NearestInsertion"];
n2 -> n21;
n22[label = "FarthestInsertion"];
n2 -> n22;
n -> n2;
}


Generation: 86
Best Individual:
Subpopulation 0:
Evaluated: true
Fitness: Standardized=0.19874981 Adjusted=0.83420247 Hits=2
Tree 0:
digraph g {
node [shape=rectangle];
n[label = "If_Then_Else"];
n0[label = "And"];
n00[label = "FarthestInsertion"];
n0 -> n00;
n01[label = "If_Then"];
n010[label = "FarthestInsertion"];
n01 -> n010;
n011[label = "FarthestInsertion"];
n01 -> n011;
n0 -> n01;
n -> n0;
n1[label = "While"];
n10[label = "NearestInsertion"];
n1 -> n10;
n11[label = "NearestInsertion"];
n1 -> n11;
n -> n1;
n2[label = "If_Then_Else"];
n20[label = "FarthestInsertion"];
n2 -> n20;
n21[label = "And"];
n210[label = "FarthestInsertion"];
n21 -> n210;
n211[label = "If_Then"];
n2110[label = "FarthestInsertion"];
n211 -> n2110;
n2111[label = "FarthestInsertion"];
n211 -> n2111;
n21 -> n211;
n2 -> n21;
n22[label = "FarthestInsertion"];
n2 -> n22;
n -> n2;
}


Generation: 87
Best Individual:
Subpopulation 0:
Evaluated: true
Fitness: Standardized=0.19874981 Adjusted=0.83420247 Hits=2
Tree 0:
digraph g {
node [shape=rectangle];
n[label = "If_Then_Else"];
n0[label = "And"];
n00[label = "FarthestInsertion"];
n0 -> n00;
n01[label = "If_Then"];
n010[label = "FarthestInsertion"];
n01 -> n010;
n011[label = "FarthestInsertion"];
n01 -> n011;
n0 -> n01;
n -> n0;
n1[label = "While"];
n10[label = "NearestInsertion"];
n1 -> n10;
n11[label = "NearestInsertion"];
n1 -> n11;
n -> n1;
n2[label = "If_Then_Else"];
n20[label = "FarthestInsertion"];
n2 -> n20;
n21[label = "If_Then_Else"];
n210[label = "FarthestInsertion"];
n21 -> n210;
n211[label = "NearestInsertion"];
n21 -> n211;
n212[label = "FarthestInsertion"];
n21 -> n212;
n2 -> n21;
n22[label = "FarthestInsertion"];
n2 -> n22;
n -> n2;
}


Generation: 88
Best Individual:
Subpopulation 0:
Evaluated: true
Fitness: Standardized=0.19874981 Adjusted=0.83420247 Hits=2
Tree 0:
digraph g {
node [shape=rectangle];
n[label = "If_Then_Else"];
n0[label = "And"];
n00[label = "FarthestInsertion"];
n0 -> n00;
n01[label = "If_Then"];
n010[label = "FarthestInsertion"];
n01 -> n010;
n011[label = "FarthestInsertion"];
n01 -> n011;
n0 -> n01;
n -> n0;
n1[label = "While"];
n10[label = "NearestInsertion"];
n1 -> n10;
n11[label = "NearestInsertion"];
n1 -> n11;
n -> n1;
n2[label = "If_Then"];
n20[label = "FarthestInsertion"];
n2 -> n20;
n21[label = "FarthestInsertion"];
n2 -> n21;
n -> n2;
}


Generation: 89
Best Individual:
Subpopulation 0:
Evaluated: true
Fitness: Standardized=0.19874981 Adjusted=0.83420247 Hits=2
Tree 0:
digraph g {
node [shape=rectangle];
n[label = "If_Then_Else"];
n0[label = "And"];
n00[label = "FarthestInsertion"];
n0 -> n00;
n01[label = "If_Then"];
n010[label = "FarthestInsertion"];
n01 -> n010;
n011[label = "FarthestInsertion"];
n01 -> n011;
n0 -> n01;
n -> n0;
n1[label = "While"];
n10[label = "NearestInsertion"];
n1 -> n10;
n11[label = "NearestInsertion"];
n1 -> n11;
n -> n1;
n2[label = "If_Then_Else"];
n20[label = "And"];
n200[label = "FarthestInsertion"];
n20 -> n200;
n201[label = "NearestFirstNode"];
n20 -> n201;
n2 -> n20;
n21[label = "And"];
n210[label = "While"];
n2100[label = "NearestInsertion"];
n210 -> n2100;
n2101[label = "NearestInsertion"];
n210 -> n2101;
n21 -> n210;
n211[label = "FarthestInsertion"];
n21 -> n211;
n2 -> n21;
n22[label = "NearestInsertion"];
n2 -> n22;
n -> n2;
}


Generation: 90
Best Individual:
Subpopulation 0:
Evaluated: true
Fitness: Standardized=0.19874981 Adjusted=0.83420247 Hits=2
Tree 0:
digraph g {
node [shape=rectangle];
n[label = "If_Then_Else"];
n0[label = "And"];
n00[label = "FarthestInsertion"];
n0 -> n00;
n01[label = "If_Then"];
n010[label = "FarthestInsertion"];
n01 -> n010;
n011[label = "FarthestInsertion"];
n01 -> n011;
n0 -> n01;
n -> n0;
n1[label = "While"];
n10[label = "NearestInsertion"];
n1 -> n10;
n11[label = "NearestInsertion"];
n1 -> n11;
n -> n1;
n2[label = "If_Then_Else"];
n20[label = "FarthestInsertion"];
n2 -> n20;
n21[label = "And"];
n210[label = "While"];
n2100[label = "NearestInsertion"];
n210 -> n2100;
n2101[label = "NearestInsertion"];
n210 -> n2101;
n21 -> n210;
n211[label = "FarthestInsertion"];
n21 -> n211;
n2 -> n21;
n22[label = "NearestInsertion"];
n2 -> n22;
n -> n2;
}


Generation: 91
Best Individual:
Subpopulation 0:
Evaluated: true
Fitness: Standardized=0.19874981 Adjusted=0.83420247 Hits=2
Tree 0:
digraph g {
node [shape=rectangle];
n[label = "If_Then_Else"];
n0[label = "And"];
n00[label = "FarthestInsertion"];
n0 -> n00;
n01[label = "If_Then"];
n010[label = "FarthestInsertion"];
n01 -> n010;
n011[label = "FarthestInsertion"];
n01 -> n011;
n0 -> n01;
n -> n0;
n1[label = "While"];
n10[label = "NearestInsertion"];
n1 -> n10;
n11[label = "NearestInsertion"];
n1 -> n11;
n -> n1;
n2[label = "And"];
n20[label = "FarthestInsertion"];
n2 -> n20;
n21[label = "NearestInsertion"];
n2 -> n21;
n -> n2;
}


Generation: 92
Best Individual:
Subpopulation 0:
Evaluated: true
Fitness: Standardized=0.19874981 Adjusted=0.83420247 Hits=2
Tree 0:
digraph g {
node [shape=rectangle];
n[label = "If_Then_Else"];
n0[label = "And"];
n00[label = "FarthestInsertion"];
n0 -> n00;
n01[label = "If_Then"];
n010[label = "FarthestInsertion"];
n01 -> n010;
n011[label = "FarthestInsertion"];
n01 -> n011;
n0 -> n01;
n -> n0;
n1[label = "While"];
n10[label = "NearestInsertion"];
n1 -> n10;
n11[label = "NearestInsertion"];
n1 -> n11;
n -> n1;
n2[label = "If_Then_Else"];
n20[label = "And"];
n200[label = "FarthestInsertion"];
n20 -> n200;
n201[label = "If_Then"];
n2010[label = "FarthestInsertion"];
n201 -> n2010;
n2011[label = "FarthestInsertion"];
n201 -> n2011;
n20 -> n201;
n2 -> n20;
n21[label = "While"];
n210[label = "NearestInsertion"];
n21 -> n210;
n211[label = "NearestInsertion"];
n21 -> n211;
n2 -> n21;
n22[label = "BestMove"];
n2 -> n22;
n -> n2;
}


Generation: 93
Best Individual:
Subpopulation 0:
Evaluated: true
Fitness: Standardized=0.19874981 Adjusted=0.83420247 Hits=2
Tree 0:
digraph g {
node [shape=rectangle];
n[label = "If_Then_Else"];
n0[label = "And"];
n00[label = "FarthestInsertion"];
n0 -> n00;
n01[label = "If_Then"];
n010[label = "FarthestInsertion"];
n01 -> n010;
n011[label = "FarthestInsertion"];
n01 -> n011;
n0 -> n01;
n -> n0;
n1[label = "While"];
n10[label = "NearestInsertion"];
n1 -> n10;
n11[label = "NearestInsertion"];
n1 -> n11;
n -> n1;
n2[label = "If_Then_Else"];
n20[label = "FarthestInsertion"];
n2 -> n20;
n21[label = "If_Then_Else"];
n210[label = "FarthestInsertion"];
n21 -> n210;
n211[label = "NearestInsertion"];
n21 -> n211;
n212[label = "FarthestInsertion"];
n21 -> n212;
n2 -> n21;
n22[label = "FarthestInsertion"];
n2 -> n22;
n -> n2;
}


Generation: 94
Best Individual:
Subpopulation 0:
Evaluated: true
Fitness: Standardized=0.19874981 Adjusted=0.83420247 Hits=2
Tree 0:
digraph g {
node [shape=rectangle];
n[label = "If_Then_Else"];
n0[label = "And"];
n00[label = "FarthestInsertion"];
n0 -> n00;
n01[label = "If_Then"];
n010[label = "FarthestInsertion"];
n01 -> n010;
n011[label = "FarthestInsertion"];
n01 -> n011;
n0 -> n01;
n -> n0;
n1[label = "While"];
n10[label = "NearestInsertion"];
n1 -> n10;
n11[label = "NearestInsertion"];
n1 -> n11;
n -> n1;
n2[label = "If_Then_Else"];
n20[label = "And"];
n200[label = "FarthestInsertion"];
n20 -> n200;
n201[label = "If_Then"];
n2010[label = "FarthestInsertion"];
n201 -> n2010;
n2011[label = "FarthestInsertion"];
n201 -> n2011;
n20 -> n201;
n2 -> n20;
n21[label = "Or"];
n210[label = "FarthestFirstNode"];
n21 -> n210;
n211[label = "NearestNeighbor"];
n21 -> n211;
n2 -> n21;
n22[label = "If_Then"];
n220[label = "FarthestInsertion"];
n22 -> n220;
n221[label = "FarthestInsertion"];
n22 -> n221;
n2 -> n22;
n -> n2;
}


Generation: 95
Best Individual:
Subpopulation 0:
Evaluated: true
Fitness: Standardized=0.19874981 Adjusted=0.83420247 Hits=2
Tree 0:
digraph g {
node [shape=rectangle];
n[label = "If_Then_Else"];
n0[label = "And"];
n00[label = "FarthestInsertion"];
n0 -> n00;
n01[label = "And"];
n010[label = "FarthestInsertion"];
n01 -> n010;
n011[label = "If_Then_Else"];
n0110[label = "FarthestInsertion"];
n011 -> n0110;
n0111[label = "NearestInsertion"];
n011 -> n0111;
n0112[label = "FarthestInsertion"];
n011 -> n0112;
n01 -> n011;
n0 -> n01;
n -> n0;
n1[label = "While"];
n10[label = "NearestInsertion"];
n1 -> n10;
n11[label = "NearestInsertion"];
n1 -> n11;
n -> n1;
n2[label = "If_Then"];
n20[label = "FarthestInsertion"];
n2 -> n20;
n21[label = "FarthestInsertion"];
n2 -> n21;
n -> n2;
}


Generation: 96
Best Individual:
Subpopulation 0:
Evaluated: true
Fitness: Standardized=0.19874981 Adjusted=0.83420247 Hits=2
Tree 0:
digraph g {
node [shape=rectangle];
n[label = "If_Then_Else"];
n0[label = "And"];
n00[label = "FarthestInsertion"];
n0 -> n00;
n01[label = "If_Then"];
n010[label = "FarthestInsertion"];
n01 -> n010;
n011[label = "FarthestInsertion"];
n01 -> n011;
n0 -> n01;
n -> n0;
n1[label = "While"];
n10[label = "NearestInsertion"];
n1 -> n10;
n11[label = "NearestInsertion"];
n1 -> n11;
n -> n1;
n2[label = "If_Then_Else"];
n20[label = "FarthestInsertion"];
n2 -> n20;
n21[label = "While"];
n210[label = "NearestInsertion"];
n21 -> n210;
n211[label = "NearestInsertion"];
n21 -> n211;
n2 -> n21;
n22[label = "And"];
n220[label = "FarthestInsertion"];
n22 -> n220;
n221[label = "If_Then"];
n2210[label = "FarthestInsertion"];
n221 -> n2210;
n2211[label = "FarthestInsertion"];
n221 -> n2211;
n22 -> n221;
n2 -> n22;
n -> n2;
}


Generation: 97
Best Individual:
Subpopulation 0:
Evaluated: true
Fitness: Standardized=0.19874981 Adjusted=0.83420247 Hits=2
Tree 0:
digraph g {
node [shape=rectangle];
n[label = "If_Then_Else"];
n0[label = "And"];
n00[label = "FarthestInsertion"];
n0 -> n00;
n01[label = "If_Then"];
n010[label = "FarthestInsertion"];
n01 -> n010;
n011[label = "FarthestInsertion"];
n01 -> n011;
n0 -> n01;
n -> n0;
n1[label = "While"];
n10[label = "NearestInsertion"];
n1 -> n10;
n11[label = "NearestInsertion"];
n1 -> n11;
n -> n1;
n2[label = "NearestInsertion"];
n -> n2;
}


Generation: 98
Best Individual:
Subpopulation 0:
Evaluated: true
Fitness: Standardized=0.19874981 Adjusted=0.83420247 Hits=2
Tree 0:
digraph g {
node [shape=rectangle];
n[label = "If_Then_Else"];
n0[label = "And"];
n00[label = "FarthestInsertion"];
n0 -> n00;
n01[label = "If_Then"];
n010[label = "FarthestInsertion"];
n01 -> n010;
n011[label = "FarthestInsertion"];
n01 -> n011;
n0 -> n01;
n -> n0;
n1[label = "While"];
n10[label = "NearestInsertion"];
n1 -> n10;
n11[label = "NearestInsertion"];
n1 -> n11;
n -> n1;
n2[label = "NearestInsertion"];
n -> n2;
}


Generation: 99
Best Individual:
Subpopulation 0:
Evaluated: true
Fitness: Standardized=0.19874981 Adjusted=0.83420247 Hits=2
Tree 0:
digraph g {
node [shape=rectangle];
n[label = "If_Then_Else"];
n0[label = "And"];
n00[label = "FarthestInsertion"];
n0 -> n00;
n01[label = "If_Then"];
n010[label = "FarthestInsertion"];
n01 -> n010;
n011[label = "FarthestInsertion"];
n01 -> n011;
n0 -> n01;
n -> n0;
n1[label = "While"];
n10[label = "NearestInsertion"];
n1 -> n10;
n11[label = "NearestInsertion"];
n1 -> n11;
n -> n1;
n2[label = "If_Then_Else"];
n20[label = "FarthestInsertion"];
n2 -> n20;
n21[label = "FarthestInsertion"];
n2 -> n21;
n22[label = "And"];
n220[label = "FarthestInsertion"];
n22 -> n220;
n221[label = "If_Then"];
n2210[label = "FarthestInsertion"];
n221 -> n2210;
n2211[label = "FarthestInsertion"];
n221 -> n2211;
n22 -> n221;
n2 -> n22;
n -> n2;
}


Best Individual of Run:
Subpopulation 0:
Evaluated: true
Fitness: Standardized=0.19874981 Adjusted=0.83420247 Hits=2
Tree 0:
digraph g {
node [shape=rectangle];
n[label = "If_Then_Else"];
n0[label = "And"];
n00[label = "FarthestInsertion"];
n0 -> n00;
n01[label = "And"];
n010[label = "FarthestInsertion"];
n01 -> n010;
n011[label = "FarthestInsertion"];
n01 -> n011;
n0 -> n01;
n -> n0;
n1[label = "And"];
n10[label = "While"];
n100[label = "NearestInsertion"];
n10 -> n100;
n101[label = "NearestInsertion"];
n10 -> n101;
n1 -> n10;
n11[label = "If_Then"];
n110[label = "FarthestInsertion"];
n11 -> n110;
n111[label = "While"];
n1110[label = "WorstMove"];
n111 -> n1110;
n1111[label = "NearestNeighbor"];
n111 -> n1111;
n11 -> n111;
n1 -> n11;
n -> n1;
n2[label = "And"];
n20[label = "While"];
n200[label = "NearestInsertion"];
n20 -> n200;
n201[label = "NearestInsertion"];
n20 -> n201;
n2 -> n20;
n21[label = "And"];
n210[label = "While"];
n2100[label = "FarthestInsertion"];
n210 -> n2100;
n2101[label = "NearestNeighbor"];
n210 -> n2101;
n21 -> n210;
n211[label = "And"];
n2110[label = "FarthestInsertion"];
n211 -> n2110;
n2111[label = "FarthestInsertion"];
n211 -> n2111;
n21 -> n211;
n2 -> n21;
n -> n2;
}

