
Generation: 0
Best Individual:
Subpopulation 0:
Evaluated: true
Fitness: Standardized=0.74625736 Adjusted=0.5726533 Hits=0
Tree 0:
digraph g {
node [shape=rectangle];
n[label = "If_Then_Else"];
n0[label = "NearestFirstNode"];
n -> n0;
n1[label = "FarthestInsertion"];
n -> n1;
n2[label = "NearestFirstNode"];
n -> n2;
}


Generation: 1
Best Individual:
Subpopulation 0:
Evaluated: true
Fitness: Standardized=0.60754216 Adjusted=0.6220677 Hits=0
Tree 0:
digraph g {
node [shape=rectangle];
n[label = "If_Then_Else"];
n0[label = "FarthestNeighbor"];
n -> n0;
n1[label = "FarthestInsertion"];
n -> n1;
n2[label = "NearestFirstNode"];
n -> n2;
}


Generation: 2
Best Individual:
Subpopulation 0:
Evaluated: true
Fitness: Standardized=0.60754216 Adjusted=0.6220677 Hits=0
Tree 0:
digraph g {
node [shape=rectangle];
n[label = "If_Then_Else"];
n0[label = "FarthestNeighbor"];
n -> n0;
n1[label = "FarthestInsertion"];
n -> n1;
n2[label = "NearestFirstNode"];
n -> n2;
}


Generation: 3
Best Individual:
Subpopulation 0:
Evaluated: true
Fitness: Standardized=0.42734218 Adjusted=0.7006028 Hits=0
Tree 0:
digraph g {
node [shape=rectangle];
n[label = "If_Then_Else"];
n0[label = "If_Then_Else"];
n00[label = "FarthestNeighbor"];
n0 -> n00;
n01[label = "FarthestInsertion"];
n0 -> n01;
n02[label = "NearestFirstNode"];
n0 -> n02;
n -> n0;
n1[label = "FarthestInsertion"];
n -> n1;
n2[label = "NearestFirstNode"];
n -> n2;
}


Generation: 4
Best Individual:
Subpopulation 0:
Evaluated: true
Fitness: Standardized=0.30623427 Adjusted=0.7655595 Hits=0
Tree 0:
digraph g {
node [shape=rectangle];
n[label = "If_Then_Else"];
n0[label = "If_Then_Else"];
n00[label = "If_Then_Else"];
n000[label = "FarthestNeighbor"];
n00 -> n000;
n001[label = "FarthestInsertion"];
n00 -> n001;
n002[label = "NearestFirstNode"];
n00 -> n002;
n0 -> n00;
n01[label = "FarthestInsertion"];
n0 -> n01;
n02[label = "NearestFirstNode"];
n0 -> n02;
n -> n0;
n1[label = "FarthestInsertion"];
n -> n1;
n2[label = "NearestFirstNode"];
n -> n2;
}


Generation: 5
Best Individual:
Subpopulation 0:
Evaluated: true
Fitness: Standardized=0.29531434 Adjusted=0.77201337 Hits=0
Tree 0:
digraph g {
node [shape=rectangle];
n[label = "If_Then_Else"];
n0[label = "If_Then_Else"];
n00[label = "If_Then_Else"];
n000[label = "If_Then_Else"];
n0000[label = "FarthestNeighbor"];
n000 -> n0000;
n0001[label = "FarthestInsertion"];
n000 -> n0001;
n0002[label = "NearestFirstNode"];
n000 -> n0002;
n00 -> n000;
n001[label = "FarthestInsertion"];
n00 -> n001;
n002[label = "NearestFirstNode"];
n00 -> n002;
n0 -> n00;
n01[label = "FarthestInsertion"];
n0 -> n01;
n02[label = "NearestFirstNode"];
n0 -> n02;
n -> n0;
n1[label = "FarthestInsertion"];
n -> n1;
n2[label = "NearestFirstNode"];
n -> n2;
}


Generation: 6
Best Individual:
Subpopulation 0:
Evaluated: true
Fitness: Standardized=0.29531434 Adjusted=0.77201337 Hits=0
Tree 0:
digraph g {
node [shape=rectangle];
n[label = "If_Then_Else"];
n0[label = "If_Then_Else"];
n00[label = "If_Then_Else"];
n000[label = "If_Then_Else"];
n0000[label = "FarthestNeighbor"];
n000 -> n0000;
n0001[label = "FarthestInsertion"];
n000 -> n0001;
n0002[label = "NearestFirstNode"];
n000 -> n0002;
n00 -> n000;
n001[label = "FarthestInsertion"];
n00 -> n001;
n002[label = "NearestFirstNode"];
n00 -> n002;
n0 -> n00;
n01[label = "FarthestInsertion"];
n0 -> n01;
n02[label = "NearestFirstNode"];
n0 -> n02;
n -> n0;
n1[label = "FarthestInsertion"];
n -> n1;
n2[label = "NearestFirstNode"];
n -> n2;
}


Generation: 7
Best Individual:
Subpopulation 0:
Evaluated: true
Fitness: Standardized=0.29531434 Adjusted=0.77201337 Hits=0
Tree 0:
digraph g {
node [shape=rectangle];
n[label = "If_Then_Else"];
n0[label = "If_Then_Else"];
n00[label = "If_Then_Else"];
n000[label = "If_Then_Else"];
n0000[label = "FarthestNeighbor"];
n000 -> n0000;
n0001[label = "FarthestInsertion"];
n000 -> n0001;
n0002[label = "NearestFirstNode"];
n000 -> n0002;
n00 -> n000;
n001[label = "FarthestInsertion"];
n00 -> n001;
n002[label = "NearestFirstNode"];
n00 -> n002;
n0 -> n00;
n01[label = "FarthestInsertion"];
n0 -> n01;
n02[label = "NearestFirstNode"];
n0 -> n02;
n -> n0;
n1[label = "FarthestInsertion"];
n -> n1;
n2[label = "If_Then_Else"];
n20[label = "If_Then_Else"];
n200[label = "If_Then_Else"];
n2000[label = "FarthestNeighbor"];
n200 -> n2000;
n2001[label = "FarthestInsertion"];
n200 -> n2001;
n2002[label = "NearestFirstNode"];
n200 -> n2002;
n20 -> n200;
n201[label = "FarthestInsertion"];
n20 -> n201;
n202[label = "NearestFirstNode"];
n20 -> n202;
n2 -> n20;
n21[label = "FarthestNeighbor"];
n2 -> n21;
n22[label = "NearestFirstNode"];
n2 -> n22;
n -> n2;
}


Generation: 8
Best Individual:
Subpopulation 0:
Evaluated: true
Fitness: Standardized=0.29531434 Adjusted=0.77201337 Hits=0
Tree 0:
digraph g {
node [shape=rectangle];
n[label = "If_Then_Else"];
n0[label = "If_Then_Else"];
n00[label = "If_Then_Else"];
n000[label = "If_Then_Else"];
n0000[label = "FarthestNeighbor"];
n000 -> n0000;
n0001[label = "FarthestInsertion"];
n000 -> n0001;
n0002[label = "NearestFirstNode"];
n000 -> n0002;
n00 -> n000;
n001[label = "FarthestInsertion"];
n00 -> n001;
n002[label = "NearestFirstNode"];
n00 -> n002;
n0 -> n00;
n01[label = "FarthestInsertion"];
n0 -> n01;
n02[label = "If_Then_Else"];
n020[label = "FarthestNeighbor"];
n02 -> n020;
n021[label = "FarthestInsertion"];
n02 -> n021;
n022[label = "NearestFirstNode"];
n02 -> n022;
n0 -> n02;
n -> n0;
n1[label = "FarthestInsertion"];
n -> n1;
n2[label = "NearestFirstNode"];
n -> n2;
}


Generation: 9
Best Individual:
Subpopulation 0:
Evaluated: true
Fitness: Standardized=0.29531434 Adjusted=0.77201337 Hits=0
Tree 0:
digraph g {
node [shape=rectangle];
n[label = "If_Then_Else"];
n0[label = "If_Then_Else"];
n00[label = "If_Then_Else"];
n000[label = "If_Then_Else"];
n0000[label = "FarthestNeighbor"];
n000 -> n0000;
n0001[label = "FarthestInsertion"];
n000 -> n0001;
n0002[label = "NearestFirstNode"];
n000 -> n0002;
n00 -> n000;
n001[label = "FarthestNeighbor"];
n00 -> n001;
n002[label = "NearestFirstNode"];
n00 -> n002;
n0 -> n00;
n01[label = "FarthestInsertion"];
n0 -> n01;
n02[label = "NearestFirstNode"];
n0 -> n02;
n -> n0;
n1[label = "FarthestInsertion"];
n -> n1;
n2[label = "NearestFirstNode"];
n -> n2;
}


Generation: 10
Best Individual:
Subpopulation 0:
Evaluated: true
Fitness: Standardized=0.29531434 Adjusted=0.77201337 Hits=0
Tree 0:
digraph g {
node [shape=rectangle];
n[label = "If_Then_Else"];
n0[label = "If_Then_Else"];
n00[label = "If_Then_Else"];
n000[label = "If_Then_Else"];
n0000[label = "FarthestNeighbor"];
n000 -> n0000;
n0001[label = "FarthestInsertion"];
n000 -> n0001;
n0002[label = "NearestFirstNode"];
n000 -> n0002;
n00 -> n000;
n001[label = "FarthestNeighbor"];
n00 -> n001;
n002[label = "NearestFirstNode"];
n00 -> n002;
n0 -> n00;
n01[label = "FarthestInsertion"];
n0 -> n01;
n02[label = "NearestFirstNode"];
n0 -> n02;
n -> n0;
n1[label = "FarthestInsertion"];
n -> n1;
n2[label = "NearestFirstNode"];
n -> n2;
}


Generation: 11
Best Individual:
Subpopulation 0:
Evaluated: true
Fitness: Standardized=0.29531434 Adjusted=0.77201337 Hits=0
Tree 0:
digraph g {
node [shape=rectangle];
n[label = "If_Then_Else"];
n0[label = "If_Then_Else"];
n00[label = "If_Then_Else"];
n000[label = "FarthestNeighbor"];
n00 -> n000;
n001[label = "If_Then_Else"];
n0010[label = "FarthestNeighbor"];
n001 -> n0010;
n0011[label = "FarthestInsertion"];
n001 -> n0011;
n0012[label = "NearestFirstNode"];
n001 -> n0012;
n00 -> n001;
n002[label = "NearestFirstNode"];
n00 -> n002;
n0 -> n00;
n01[label = "FarthestInsertion"];
n0 -> n01;
n02[label = "NearestFirstNode"];
n0 -> n02;
n -> n0;
n1[label = "FarthestInsertion"];
n -> n1;
n2[label = "If_Then_Else"];
n20[label = "If_Then_Else"];
n200[label = "If_Then_Else"];
n2000[label = "FarthestNeighbor"];
n200 -> n2000;
n2001[label = "FarthestInsertion"];
n200 -> n2001;
n2002[label = "NearestFirstNode"];
n200 -> n2002;
n20 -> n200;
n201[label = "FarthestInsertion"];
n20 -> n201;
n202[label = "NearestFirstNode"];
n20 -> n202;
n2 -> n20;
n21[label = "FarthestNeighbor"];
n2 -> n21;
n22[label = "NearestFirstNode"];
n2 -> n22;
n -> n2;
}


Generation: 12
Best Individual:
Subpopulation 0:
Evaluated: true
Fitness: Standardized=0.29531434 Adjusted=0.77201337 Hits=0
Tree 0:
digraph g {
node [shape=rectangle];
n[label = "If_Then_Else"];
n0[label = "If_Then_Else"];
n00[label = "If_Then_Else"];
n000[label = "FarthestNeighbor"];
n00 -> n000;
n001[label = "If_Then_Else"];
n0010[label = "FarthestNeighbor"];
n001 -> n0010;
n0011[label = "FarthestInsertion"];
n001 -> n0011;
n0012[label = "NearestFirstNode"];
n001 -> n0012;
n00 -> n001;
n002[label = "NearestFirstNode"];
n00 -> n002;
n0 -> n00;
n01[label = "FarthestInsertion"];
n0 -> n01;
n02[label = "NearestFirstNode"];
n0 -> n02;
n -> n0;
n1[label = "FarthestInsertion"];
n -> n1;
n2[label = "If_Then_Else"];
n20[label = "If_Then_Else"];
n200[label = "If_Then_Else"];
n2000[label = "FarthestNeighbor"];
n200 -> n2000;
n2001[label = "FarthestInsertion"];
n200 -> n2001;
n2002[label = "NearestFirstNode"];
n200 -> n2002;
n20 -> n200;
n201[label = "FarthestInsertion"];
n20 -> n201;
n202[label = "NearestFirstNode"];
n20 -> n202;
n2 -> n20;
n21[label = "FarthestNeighbor"];
n2 -> n21;
n22[label = "NearestFirstNode"];
n2 -> n22;
n -> n2;
}


Generation: 13
Best Individual:
Subpopulation 0:
Evaluated: true
Fitness: Standardized=0.29531434 Adjusted=0.77201337 Hits=0
Tree 0:
digraph g {
node [shape=rectangle];
n[label = "If_Then_Else"];
n0[label = "If_Then_Else"];
n00[label = "If_Then_Else"];
n000[label = "If_Then_Else"];
n0000[label = "FarthestNeighbor"];
n000 -> n0000;
n0001[label = "FarthestInsertion"];
n000 -> n0001;
n0002[label = "NearestFirstNode"];
n000 -> n0002;
n00 -> n000;
n001[label = "FarthestInsertion"];
n00 -> n001;
n002[label = "NearestFirstNode"];
n00 -> n002;
n0 -> n00;
n01[label = "FarthestInsertion"];
n0 -> n01;
n02[label = "If_Then_Else"];
n020[label = "If_Then_Else"];
n0200[label = "FarthestNeighbor"];
n020 -> n0200;
n0201[label = "FarthestInsertion"];
n020 -> n0201;
n0202[label = "NearestFirstNode"];
n020 -> n0202;
n02 -> n020;
n021[label = "FarthestInsertion"];
n02 -> n021;
n022[label = "NearestFirstNode"];
n02 -> n022;
n0 -> n02;
n -> n0;
n1[label = "FarthestInsertion"];
n -> n1;
n2[label = "NearestFirstNode"];
n -> n2;
}


Generation: 14
Best Individual:
Subpopulation 0:
Evaluated: true
Fitness: Standardized=0.29531434 Adjusted=0.77201337 Hits=0
Tree 0:
digraph g {
node [shape=rectangle];
n[label = "If_Then_Else"];
n0[label = "If_Then_Else"];
n00[label = "If_Then_Else"];
n000[label = "FarthestNeighbor"];
n00 -> n000;
n001[label = "If_Then_Else"];
n0010[label = "FarthestNeighbor"];
n001 -> n0010;
n0011[label = "FarthestInsertion"];
n001 -> n0011;
n0012[label = "NearestFirstNode"];
n001 -> n0012;
n00 -> n001;
n002[label = "NearestFirstNode"];
n00 -> n002;
n0 -> n00;
n01[label = "FarthestInsertion"];
n0 -> n01;
n02[label = "NearestFirstNode"];
n0 -> n02;
n -> n0;
n1[label = "FarthestInsertion"];
n -> n1;
n2[label = "If_Then_Else"];
n20[label = "If_Then_Else"];
n200[label = "If_Then_Else"];
n2000[label = "FarthestNeighbor"];
n200 -> n2000;
n2001[label = "FarthestInsertion"];
n200 -> n2001;
n2002[label = "NearestFirstNode"];
n200 -> n2002;
n20 -> n200;
n201[label = "FarthestInsertion"];
n20 -> n201;
n202[label = "NearestFirstNode"];
n20 -> n202;
n2 -> n20;
n21[label = "FarthestInsertion"];
n2 -> n21;
n22[label = "FarthestNeighbor"];
n2 -> n22;
n -> n2;
}


Generation: 15
Best Individual:
Subpopulation 0:
Evaluated: true
Fitness: Standardized=0.29531434 Adjusted=0.77201337 Hits=0
Tree 0:
digraph g {
node [shape=rectangle];
n[label = "If_Then_Else"];
n0[label = "If_Then_Else"];
n00[label = "If_Then_Else"];
n000[label = "If_Then_Else"];
n0000[label = "FarthestNeighbor"];
n000 -> n0000;
n0001[label = "FarthestInsertion"];
n000 -> n0001;
n0002[label = "NearestFirstNode"];
n000 -> n0002;
n00 -> n000;
n001[label = "FarthestInsertion"];
n00 -> n001;
n002[label = "NearestFirstNode"];
n00 -> n002;
n0 -> n00;
n01[label = "FarthestNeighbor"];
n0 -> n01;
n02[label = "NearestFirstNode"];
n0 -> n02;
n -> n0;
n1[label = "FarthestInsertion"];
n -> n1;
n2[label = "NearestFirstNode"];
n -> n2;
}


Generation: 16
Best Individual:
Subpopulation 0:
Evaluated: true
Fitness: Standardized=0.29531434 Adjusted=0.77201337 Hits=0
Tree 0:
digraph g {
node [shape=rectangle];
n[label = "If_Then_Else"];
n0[label = "If_Then_Else"];
n00[label = "If_Then_Else"];
n000[label = "FarthestNeighbor"];
n00 -> n000;
n001[label = "If_Then_Else"];
n0010[label = "FarthestNeighbor"];
n001 -> n0010;
n0011[label = "FarthestInsertion"];
n001 -> n0011;
n0012[label = "NearestFirstNode"];
n001 -> n0012;
n00 -> n001;
n002[label = "NearestFirstNode"];
n00 -> n002;
n0 -> n00;
n01[label = "FarthestInsertion"];
n0 -> n01;
n02[label = "NearestFirstNode"];
n0 -> n02;
n -> n0;
n1[label = "FarthestInsertion"];
n -> n1;
n2[label = "FarthestInsertion"];
n -> n2;
}


Generation: 17
Best Individual:
Subpopulation 0:
Evaluated: true
Fitness: Standardized=0.29531434 Adjusted=0.77201337 Hits=0
Tree 0:
digraph g {
node [shape=rectangle];
n[label = "If_Then_Else"];
n0[label = "If_Then_Else"];
n00[label = "If_Then_Else"];
n000[label = "FarthestNeighbor"];
n00 -> n000;
n001[label = "If_Then_Else"];
n0010[label = "FarthestNeighbor"];
n001 -> n0010;
n0011[label = "FarthestInsertion"];
n001 -> n0011;
n0012[label = "NearestFirstNode"];
n001 -> n0012;
n00 -> n001;
n002[label = "NearestFirstNode"];
n00 -> n002;
n0 -> n00;
n01[label = "FarthestInsertion"];
n0 -> n01;
n02[label = "NearestFirstNode"];
n0 -> n02;
n -> n0;
n1[label = "FarthestInsertion"];
n -> n1;
n2[label = "If_Then_Else"];
n20[label = "If_Then_Else"];
n200[label = "If_Then_Else"];
n2000[label = "FarthestNeighbor"];
n200 -> n2000;
n2001[label = "FarthestInsertion"];
n200 -> n2001;
n2002[label = "NearestFirstNode"];
n200 -> n2002;
n20 -> n200;
n201[label = "FarthestInsertion"];
n20 -> n201;
n202[label = "NearestFirstNode"];
n20 -> n202;
n2 -> n20;
n21[label = "FarthestInsertion"];
n2 -> n21;
n22[label = "FarthestNeighbor"];
n2 -> n22;
n -> n2;
}


Generation: 18
Best Individual:
Subpopulation 0:
Evaluated: true
Fitness: Standardized=0.29531434 Adjusted=0.77201337 Hits=0
Tree 0:
digraph g {
node [shape=rectangle];
n[label = "If_Then_Else"];
n0[label = "If_Then_Else"];
n00[label = "If_Then_Else"];
n000[label = "If_Then_Else"];
n0000[label = "FarthestNeighbor"];
n000 -> n0000;
n0001[label = "FarthestInsertion"];
n000 -> n0001;
n0002[label = "NearestFirstNode"];
n000 -> n0002;
n00 -> n000;
n001[label = "FarthestInsertion"];
n00 -> n001;
n002[label = "NearestFirstNode"];
n00 -> n002;
n0 -> n00;
n01[label = "FarthestNeighbor"];
n0 -> n01;
n02[label = "CplexTerminal"];
n0 -> n02;
n -> n0;
n1[label = "FarthestInsertion"];
n -> n1;
n2[label = "NearestFirstNode"];
n -> n2;
}


Generation: 19
Best Individual:
Subpopulation 0:
Evaluated: true
Fitness: Standardized=0.29531434 Adjusted=0.77201337 Hits=0
Tree 0:
digraph g {
node [shape=rectangle];
n[label = "If_Then_Else"];
n0[label = "If_Then_Else"];
n00[label = "If_Then_Else"];
n000[label = "FarthestNeighbor"];
n00 -> n000;
n001[label = "If_Then_Else"];
n0010[label = "FarthestNeighbor"];
n001 -> n0010;
n0011[label = "FarthestInsertion"];
n001 -> n0011;
n0012[label = "NearestFirstNode"];
n001 -> n0012;
n00 -> n001;
n002[label = "NearestFirstNode"];
n00 -> n002;
n0 -> n00;
n01[label = "FarthestInsertion"];
n0 -> n01;
n02[label = "NearestFirstNode"];
n0 -> n02;
n -> n0;
n1[label = "FarthestInsertion"];
n -> n1;
n2[label = "If_Then_Else"];
n20[label = "If_Then_Else"];
n200[label = "If_Then_Else"];
n2000[label = "FarthestNeighbor"];
n200 -> n2000;
n2001[label = "FarthestInsertion"];
n200 -> n2001;
n2002[label = "NearestFirstNode"];
n200 -> n2002;
n20 -> n200;
n201[label = "FarthestInsertion"];
n20 -> n201;
n202[label = "NearestFirstNode"];
n20 -> n202;
n2 -> n20;
n21[label = "FarthestInsertion"];
n2 -> n21;
n22[label = "FarthestNeighbor"];
n2 -> n22;
n -> n2;
}


Generation: 20
Best Individual:
Subpopulation 0:
Evaluated: true
Fitness: Standardized=0.29531434 Adjusted=0.77201337 Hits=0
Tree 0:
digraph g {
node [shape=rectangle];
n[label = "If_Then_Else"];
n0[label = "If_Then_Else"];
n00[label = "If_Then_Else"];
n000[label = "FarthestNeighbor"];
n00 -> n000;
n001[label = "If_Then_Else"];
n0010[label = "FarthestNeighbor"];
n001 -> n0010;
n0011[label = "FarthestInsertion"];
n001 -> n0011;
n0012[label = "NearestFirstNode"];
n001 -> n0012;
n00 -> n001;
n002[label = "NearestFirstNode"];
n00 -> n002;
n0 -> n00;
n01[label = "FarthestInsertion"];
n0 -> n01;
n02[label = "NearestFirstNode"];
n0 -> n02;
n -> n0;
n1[label = "FarthestInsertion"];
n -> n1;
n2[label = "FarthestInsertion"];
n -> n2;
}


Generation: 21
Best Individual:
Subpopulation 0:
Evaluated: true
Fitness: Standardized=0.29531434 Adjusted=0.77201337 Hits=0
Tree 0:
digraph g {
node [shape=rectangle];
n[label = "If_Then_Else"];
n0[label = "If_Then_Else"];
n00[label = "If_Then_Else"];
n000[label = "FarthestNeighbor"];
n00 -> n000;
n001[label = "If_Then_Else"];
n0010[label = "FarthestNeighbor"];
n001 -> n0010;
n0011[label = "FarthestInsertion"];
n001 -> n0011;
n0012[label = "NearestFirstNode"];
n001 -> n0012;
n00 -> n001;
n002[label = "NearestFirstNode"];
n00 -> n002;
n0 -> n00;
n01[label = "FarthestInsertion"];
n0 -> n01;
n02[label = "NearestFirstNode"];
n0 -> n02;
n -> n0;
n1[label = "FarthestInsertion"];
n -> n1;
n2[label = "If_Then_Else"];
n20[label = "If_Then_Else"];
n200[label = "If_Then_Else"];
n2000[label = "FarthestNeighbor"];
n200 -> n2000;
n2001[label = "FarthestInsertion"];
n200 -> n2001;
n2002[label = "NearestFirstNode"];
n200 -> n2002;
n20 -> n200;
n201[label = "FarthestInsertion"];
n20 -> n201;
n202[label = "NearestFirstNode"];
n20 -> n202;
n2 -> n20;
n21[label = "FarthestInsertion"];
n2 -> n21;
n22[label = "FarthestNeighbor"];
n2 -> n22;
n -> n2;
}


Generation: 22
Best Individual:
Subpopulation 0:
Evaluated: true
Fitness: Standardized=0.29531434 Adjusted=0.77201337 Hits=0
Tree 0:
digraph g {
node [shape=rectangle];
n[label = "If_Then_Else"];
n0[label = "If_Then_Else"];
n00[label = "If_Then_Else"];
n000[label = "FarthestNeighbor"];
n00 -> n000;
n001[label = "If_Then_Else"];
n0010[label = "FarthestNeighbor"];
n001 -> n0010;
n0011[label = "FarthestInsertion"];
n001 -> n0011;
n0012[label = "NearestFirstNode"];
n001 -> n0012;
n00 -> n001;
n002[label = "NearestFirstNode"];
n00 -> n002;
n0 -> n00;
n01[label = "FarthestInsertion"];
n0 -> n01;
n02[label = "NearestFirstNode"];
n0 -> n02;
n -> n0;
n1[label = "FarthestInsertion"];
n -> n1;
n2[label = "If_Then_Else"];
n20[label = "If_Then_Else"];
n200[label = "If_Then_Else"];
n2000[label = "FarthestNeighbor"];
n200 -> n2000;
n2001[label = "FarthestInsertion"];
n200 -> n2001;
n2002[label = "NearestFirstNode"];
n200 -> n2002;
n20 -> n200;
n201[label = "FarthestInsertion"];
n20 -> n201;
n202[label = "NearestFirstNode"];
n20 -> n202;
n2 -> n20;
n21[label = "FarthestInsertion"];
n2 -> n21;
n22[label = "FarthestNeighbor"];
n2 -> n22;
n -> n2;
}


Generation: 23
Best Individual:
Subpopulation 0:
Evaluated: true
Fitness: Standardized=0.29531434 Adjusted=0.77201337 Hits=0
Tree 0:
digraph g {
node [shape=rectangle];
n[label = "If_Then_Else"];
n0[label = "If_Then_Else"];
n00[label = "If_Then_Else"];
n000[label = "FarthestNeighbor"];
n00 -> n000;
n001[label = "If_Then_Else"];
n0010[label = "FarthestNeighbor"];
n001 -> n0010;
n0011[label = "FarthestInsertion"];
n001 -> n0011;
n0012[label = "NearestFirstNode"];
n001 -> n0012;
n00 -> n001;
n002[label = "NearestFirstNode"];
n00 -> n002;
n0 -> n00;
n01[label = "FarthestInsertion"];
n0 -> n01;
n02[label = "NearestFirstNode"];
n0 -> n02;
n -> n0;
n1[label = "FarthestInsertion"];
n -> n1;
n2[label = "If_Then_Else"];
n20[label = "If_Then_Else"];
n200[label = "If_Then_Else"];
n2000[label = "FarthestNeighbor"];
n200 -> n2000;
n2001[label = "FarthestInsertion"];
n200 -> n2001;
n2002[label = "FarthestNeighbor"];
n200 -> n2002;
n20 -> n200;
n201[label = "FarthestInsertion"];
n20 -> n201;
n202[label = "NearestFirstNode"];
n20 -> n202;
n2 -> n20;
n21[label = "FarthestInsertion"];
n2 -> n21;
n22[label = "FarthestNeighbor"];
n2 -> n22;
n -> n2;
}


Generation: 24
Best Individual:
Subpopulation 0:
Evaluated: true
Fitness: Standardized=0.29531434 Adjusted=0.77201337 Hits=0
Tree 0:
digraph g {
node [shape=rectangle];
n[label = "If_Then_Else"];
n0[label = "If_Then_Else"];
n00[label = "If_Then_Else"];
n000[label = "FarthestNeighbor"];
n00 -> n000;
n001[label = "If_Then_Else"];
n0010[label = "FarthestNeighbor"];
n001 -> n0010;
n0011[label = "FarthestInsertion"];
n001 -> n0011;
n0012[label = "NearestFirstNode"];
n001 -> n0012;
n00 -> n001;
n002[label = "NearestFirstNode"];
n00 -> n002;
n0 -> n00;
n01[label = "FarthestInsertion"];
n0 -> n01;
n02[label = "NearestFirstNode"];
n0 -> n02;
n -> n0;
n1[label = "FarthestInsertion"];
n -> n1;
n2[label = "If_Then_Else"];
n20[label = "If_Then_Else"];
n200[label = "If_Then_Else"];
n2000[label = "FarthestNeighbor"];
n200 -> n2000;
n2001[label = "FarthestInsertion"];
n200 -> n2001;
n2002[label = "NearestFirstNode"];
n200 -> n2002;
n20 -> n200;
n201[label = "FarthestInsertion"];
n20 -> n201;
n202[label = "NearestFirstNode"];
n20 -> n202;
n2 -> n20;
n21[label = "FarthestInsertion"];
n2 -> n21;
n22[label = "FarthestNeighbor"];
n2 -> n22;
n -> n2;
}


Generation: 25
Best Individual:
Subpopulation 0:
Evaluated: true
Fitness: Standardized=0.29531434 Adjusted=0.77201337 Hits=0
Tree 0:
digraph g {
node [shape=rectangle];
n[label = "If_Then_Else"];
n0[label = "If_Then_Else"];
n00[label = "If_Then_Else"];
n000[label = "If_Then_Else"];
n0000[label = "FarthestNeighbor"];
n000 -> n0000;
n0001[label = "FarthestInsertion"];
n000 -> n0001;
n0002[label = "NearestNeighbor"];
n000 -> n0002;
n00 -> n000;
n001[label = "FarthestInsertion"];
n00 -> n001;
n002[label = "FarthestInsertion"];
n00 -> n002;
n0 -> n00;
n01[label = "FarthestInsertion"];
n0 -> n01;
n02[label = "If_Then_Else"];
n020[label = "If_Then_Else"];
n0200[label = "FarthestNeighbor"];
n020 -> n0200;
n0201[label = "FarthestInsertion"];
n020 -> n0201;
n0202[label = "FarthestInsertion"];
n020 -> n0202;
n02 -> n020;
n021[label = "FarthestInsertion"];
n02 -> n021;
n022[label = "NearestFirstNode"];
n02 -> n022;
n0 -> n02;
n -> n0;
n1[label = "FarthestInsertion"];
n -> n1;
n2[label = "NearestFirstNode"];
n -> n2;
}


Generation: 26
Best Individual:
Subpopulation 0:
Evaluated: true
Fitness: Standardized=0.29531434 Adjusted=0.77201337 Hits=0
Tree 0:
digraph g {
node [shape=rectangle];
n[label = "If_Then_Else"];
n0[label = "If_Then_Else"];
n00[label = "If_Then_Else"];
n000[label = "If_Then_Else"];
n0000[label = "FarthestNeighbor"];
n000 -> n0000;
n0001[label = "FarthestInsertion"];
n000 -> n0001;
n0002[label = "NearestFirstNode"];
n000 -> n0002;
n00 -> n000;
n001[label = "FarthestInsertion"];
n00 -> n001;
n002[label = "FarthestInsertion"];
n00 -> n002;
n0 -> n00;
n01[label = "FarthestInsertion"];
n0 -> n01;
n02[label = "If_Then_Else"];
n020[label = "If_Then_Else"];
n0200[label = "FarthestNeighbor"];
n020 -> n0200;
n0201[label = "FarthestInsertion"];
n020 -> n0201;
n0202[label = "FarthestInsertion"];
n020 -> n0202;
n02 -> n020;
n021[label = "FarthestInsertion"];
n02 -> n021;
n022[label = "NearestFirstNode"];
n02 -> n022;
n0 -> n02;
n -> n0;
n1[label = "FarthestInsertion"];
n -> n1;
n2[label = "NearestFirstNode"];
n -> n2;
}


Generation: 27
Best Individual:
Subpopulation 0:
Evaluated: true
Fitness: Standardized=0.29531434 Adjusted=0.77201337 Hits=0
Tree 0:
digraph g {
node [shape=rectangle];
n[label = "If_Then_Else"];
n0[label = "If_Then_Else"];
n00[label = "If_Then_Else"];
n000[label = "If_Then_Else"];
n0000[label = "FarthestNeighbor"];
n000 -> n0000;
n0001[label = "FarthestInsertion"];
n000 -> n0001;
n0002[label = "NearestFirstNode"];
n000 -> n0002;
n00 -> n000;
n001[label = "FarthestInsertion"];
n00 -> n001;
n002[label = "FarthestInsertion"];
n00 -> n002;
n0 -> n00;
n01[label = "FarthestInsertion"];
n0 -> n01;
n02[label = "If_Then_Else"];
n020[label = "FarthestNeighbor"];
n02 -> n020;
n021[label = "FarthestInsertion"];
n02 -> n021;
n022[label = "FarthestInsertion"];
n02 -> n022;
n0 -> n02;
n -> n0;
n1[label = "FarthestInsertion"];
n -> n1;
n2[label = "NearestFirstNode"];
n -> n2;
}


Generation: 28
Best Individual:
Subpopulation 0:
Evaluated: true
Fitness: Standardized=0.29531434 Adjusted=0.77201337 Hits=0
Tree 0:
digraph g {
node [shape=rectangle];
n[label = "If_Then_Else"];
n0[label = "If_Then_Else"];
n00[label = "If_Then_Else"];
n000[label = "If_Then_Else"];
n0000[label = "FarthestNeighbor"];
n000 -> n0000;
n0001[label = "FarthestInsertion"];
n000 -> n0001;
n0002[label = "NearestFirstNode"];
n000 -> n0002;
n00 -> n000;
n001[label = "FarthestInsertion"];
n00 -> n001;
n002[label = "FarthestInsertion"];
n00 -> n002;
n0 -> n00;
n01[label = "FarthestInsertion"];
n0 -> n01;
n02[label = "FarthestInsertion"];
n0 -> n02;
n -> n0;
n1[label = "FarthestInsertion"];
n -> n1;
n2[label = "If_Then_Else"];
n20[label = "FarthestNeighbor"];
n2 -> n20;
n21[label = "And"];
n210[label = "FarthestInsertion"];
n21 -> n210;
n211[label = "NearestInsertion"];
n21 -> n211;
n2 -> n21;
n22[label = "NearestNeighbor"];
n2 -> n22;
n -> n2;
}


Generation: 29
Best Individual:
Subpopulation 0:
Evaluated: true
Fitness: Standardized=0.29531434 Adjusted=0.77201337 Hits=0
Tree 0:
digraph g {
node [shape=rectangle];
n[label = "If_Then_Else"];
n0[label = "And"];
n00[label = "WorstMove"];
n0 -> n00;
n01[label = "NearestFirstNode"];
n0 -> n01;
n -> n0;
n1[label = "FarthestInsertion"];
n -> n1;
n2[label = "If_Then_Else"];
n20[label = "If_Then_Else"];
n200[label = "If_Then_Else"];
n2000[label = "FarthestNeighbor"];
n200 -> n2000;
n2001[label = "FarthestInsertion"];
n200 -> n2001;
n2002[label = "NearestFirstNode"];
n200 -> n2002;
n20 -> n200;
n201[label = "If_Then_Else"];
n2010[label = "FarthestNeighbor"];
n201 -> n2010;
n2011[label = "FarthestInsertion"];
n201 -> n2011;
n2012[label = "FarthestInsertion"];
n201 -> n2012;
n20 -> n201;
n202[label = "NearestFirstNode"];
n20 -> n202;
n2 -> n20;
n21[label = "FarthestInsertion"];
n2 -> n21;
n22[label = "FarthestNeighbor"];
n2 -> n22;
n -> n2;
}


Generation: 30
Best Individual:
Subpopulation 0:
Evaluated: true
Fitness: Standardized=0.29531434 Adjusted=0.77201337 Hits=0
Tree 0:
digraph g {
node [shape=rectangle];
n[label = "If_Then_Else"];
n0[label = "If_Then_Else"];
n00[label = "If_Then_Else"];
n000[label = "FarthestNeighbor"];
n00 -> n000;
n001[label = "If_Then_Else"];
n0010[label = "FarthestNeighbor"];
n001 -> n0010;
n0011[label = "FarthestInsertion"];
n001 -> n0011;
n0012[label = "NearestFirstNode"];
n001 -> n0012;
n00 -> n001;
n002[label = "NearestFirstNode"];
n00 -> n002;
n0 -> n00;
n01[label = "FarthestInsertion"];
n0 -> n01;
n02[label = "FarthestInsertion"];
n0 -> n02;
n -> n0;
n1[label = "FarthestInsertion"];
n -> n1;
n2[label = "If_Then_Else"];
n20[label = "If_Then_Else"];
n200[label = "If_Then_Else"];
n2000[label = "FarthestNeighbor"];
n200 -> n2000;
n2001[label = "FarthestInsertion"];
n200 -> n2001;
n2002[label = "NearestFirstNode"];
n200 -> n2002;
n20 -> n200;
n201[label = "FarthestInsertion"];
n20 -> n201;
n202[label = "FarthestInsertion"];
n20 -> n202;
n2 -> n20;
n21[label = "FarthestInsertion"];
n2 -> n21;
n22[label = "NearestNeighbor"];
n2 -> n22;
n -> n2;
}


Generation: 31
Best Individual:
Subpopulation 0:
Evaluated: true
Fitness: Standardized=0.29531434 Adjusted=0.77201337 Hits=0
Tree 0:
digraph g {
node [shape=rectangle];
n[label = "If_Then_Else"];
n0[label = "If_Then_Else"];
n00[label = "If_Then_Else"];
n000[label = "FarthestNeighbor"];
n00 -> n000;
n001[label = "If_Then_Else"];
n0010[label = "FarthestNeighbor"];
n001 -> n0010;
n0011[label = "FarthestInsertion"];
n001 -> n0011;
n0012[label = "FarthestNeighbor"];
n001 -> n0012;
n00 -> n001;
n002[label = "NearestFirstNode"];
n00 -> n002;
n0 -> n00;
n01[label = "FarthestInsertion"];
n0 -> n01;
n02[label = "NearestFirstNode"];
n0 -> n02;
n -> n0;
n1[label = "FarthestInsertion"];
n -> n1;
n2[label = "NearestFirstNode"];
n -> n2;
}


Generation: 32
Best Individual:
Subpopulation 0:
Evaluated: true
Fitness: Standardized=0.29531434 Adjusted=0.77201337 Hits=0
Tree 0:
digraph g {
node [shape=rectangle];
n[label = "If_Then_Else"];
n0[label = "If_Then_Else"];
n00[label = "If_Then_Else"];
n000[label = "If_Then_Else"];
n0000[label = "FarthestNeighbor"];
n000 -> n0000;
n0001[label = "FarthestInsertion"];
n000 -> n0001;
n0002[label = "NearestFirstNode"];
n000 -> n0002;
n00 -> n000;
n001[label = "FarthestInsertion"];
n00 -> n001;
n002[label = "FarthestInsertion"];
n00 -> n002;
n0 -> n00;
n01[label = "FarthestInsertion"];
n0 -> n01;
n02[label = "FarthestInsertion"];
n0 -> n02;
n -> n0;
n1[label = "FarthestInsertion"];
n -> n1;
n2[label = "And"];
n20[label = "WorstMove"];
n2 -> n20;
n21[label = "NearestFirstNode"];
n2 -> n21;
n -> n2;
}


Generation: 33
Best Individual:
Subpopulation 0:
Evaluated: true
Fitness: Standardized=0.29531434 Adjusted=0.77201337 Hits=0
Tree 0:
digraph g {
node [shape=rectangle];
n[label = "If_Then_Else"];
n0[label = "If_Then_Else"];
n00[label = "If_Then_Else"];
n000[label = "If_Then_Else"];
n0000[label = "FarthestInsertion"];
n000 -> n0000;
n0001[label = "FarthestInsertion"];
n000 -> n0001;
n0002[label = "NearestFirstNode"];
n000 -> n0002;
n00 -> n000;
n001[label = "FarthestInsertion"];
n00 -> n001;
n002[label = "FarthestInsertion"];
n00 -> n002;
n0 -> n00;
n01[label = "FarthestInsertion"];
n0 -> n01;
n02[label = "FarthestInsertion"];
n0 -> n02;
n -> n0;
n1[label = "FarthestInsertion"];
n -> n1;
n2[label = "If_Then_Else"];
n20[label = "FarthestNeighbor"];
n2 -> n20;
n21[label = "If_Then_Else"];
n210[label = "FarthestNeighbor"];
n21 -> n210;
n211[label = "FarthestInsertion"];
n21 -> n211;
n212[label = "NearestFirstNode"];
n21 -> n212;
n2 -> n21;
n22[label = "NearestNeighbor"];
n2 -> n22;
n -> n2;
}


Generation: 34
Best Individual:
Subpopulation 0:
Evaluated: true
Fitness: Standardized=0.29531434 Adjusted=0.77201337 Hits=0
Tree 0:
digraph g {
node [shape=rectangle];
n[label = "If_Then_Else"];
n0[label = "If_Then_Else"];
n00[label = "If_Then_Else"];
n000[label = "If_Then_Else"];
n0000[label = "FarthestNeighbor"];
n000 -> n0000;
n0001[label = "FarthestInsertion"];
n000 -> n0001;
n0002[label = "NearestFirstNode"];
n000 -> n0002;
n00 -> n000;
n001[label = "FarthestInsertion"];
n00 -> n001;
n002[label = "FarthestInsertion"];
n00 -> n002;
n0 -> n00;
n01[label = "FarthestInsertion"];
n0 -> n01;
n02[label = "FarthestInsertion"];
n0 -> n02;
n -> n0;
n1[label = "FarthestInsertion"];
n -> n1;
n2[label = "And"];
n20[label = "WorstMove"];
n2 -> n20;
n21[label = "NearestFirstNode"];
n2 -> n21;
n -> n2;
}


Generation: 35
Best Individual:
Subpopulation 0:
Evaluated: true
Fitness: Standardized=0.29531434 Adjusted=0.77201337 Hits=0
Tree 0:
digraph g {
node [shape=rectangle];
n[label = "If_Then_Else"];
n0[label = "If_Then_Else"];
n00[label = "If_Then_Else"];
n000[label = "If_Then_Else"];
n0000[label = "FarthestNeighbor"];
n000 -> n0000;
n0001[label = "FarthestInsertion"];
n000 -> n0001;
n0002[label = "NearestFirstNode"];
n000 -> n0002;
n00 -> n000;
n001[label = "FarthestInsertion"];
n00 -> n001;
n002[label = "FarthestInsertion"];
n00 -> n002;
n0 -> n00;
n01[label = "FarthestInsertion"];
n0 -> n01;
n02[label = "FarthestInsertion"];
n0 -> n02;
n -> n0;
n1[label = "FarthestInsertion"];
n -> n1;
n2[label = "And"];
n20[label = "If_Then_Else"];
n200[label = "FarthestNeighbor"];
n20 -> n200;
n201[label = "FarthestInsertion"];
n20 -> n201;
n202[label = "NearestFirstNode"];
n20 -> n202;
n2 -> n20;
n21[label = "NearestFirstNode"];
n2 -> n21;
n -> n2;
}


Generation: 36
Best Individual:
Subpopulation 0:
Evaluated: true
Fitness: Standardized=0.29531434 Adjusted=0.77201337 Hits=0
Tree 0:
digraph g {
node [shape=rectangle];
n[label = "If_Then_Else"];
n0[label = "If_Then_Else"];
n00[label = "If_Then_Else"];
n000[label = "If_Then_Else"];
n0000[label = "FarthestNeighbor"];
n000 -> n0000;
n0001[label = "FarthestInsertion"];
n000 -> n0001;
n0002[label = "NearestFirstNode"];
n000 -> n0002;
n00 -> n000;
n001[label = "FarthestInsertion"];
n00 -> n001;
n002[label = "FarthestInsertion"];
n00 -> n002;
n0 -> n00;
n01[label = "FarthestInsertion"];
n0 -> n01;
n02[label = "FarthestInsertion"];
n0 -> n02;
n -> n0;
n1[label = "FarthestInsertion"];
n -> n1;
n2[label = "If_Then_Else"];
n20[label = "If_Then"];
n200[label = "NearestNeighbor"];
n20 -> n200;
n201[label = "FarthestNeighbor"];
n20 -> n201;
n2 -> n20;
n21[label = "FarthestInsertion"];
n2 -> n21;
n22[label = "FarthestFirstNode"];
n2 -> n22;
n -> n2;
}


Generation: 37
Best Individual:
Subpopulation 0:
Evaluated: true
Fitness: Standardized=0.28440526 Adjusted=0.7785705 Hits=0
Tree 0:
digraph g {
node [shape=rectangle];
n[label = "If_Then_Else"];
n0[label = "If_Then_Else"];
n00[label = "If_Then_Else"];
n000[label = "And"];
n0000[label = "NearestFirstNode"];
n000 -> n0000;
n0001[label = "FarthestInsertion"];
n000 -> n0001;
n00 -> n000;
n001[label = "FarthestInsertion"];
n00 -> n001;
n002[label = "FarthestInsertion"];
n00 -> n002;
n0 -> n00;
n01[label = "FarthestInsertion"];
n0 -> n01;
n02[label = "FarthestInsertion"];
n0 -> n02;
n -> n0;
n1[label = "FarthestInsertion"];
n -> n1;
n2[label = "If_Then_Else"];
n20[label = "If_Then"];
n200[label = "NearestNeighbor"];
n20 -> n200;
n201[label = "FarthestNeighbor"];
n20 -> n201;
n2 -> n20;
n21[label = "FarthestInsertion"];
n2 -> n21;
n22[label = "FarthestFirstNode"];
n2 -> n22;
n -> n2;
}


Generation: 38
Best Individual:
Subpopulation 0:
Evaluated: true
Fitness: Standardized=0.28440526 Adjusted=0.7785705 Hits=0
Tree 0:
digraph g {
node [shape=rectangle];
n[label = "If_Then_Else"];
n0[label = "If_Then_Else"];
n00[label = "If_Then_Else"];
n000[label = "And"];
n0000[label = "NearestFirstNode"];
n000 -> n0000;
n0001[label = "FarthestInsertion"];
n000 -> n0001;
n00 -> n000;
n001[label = "FarthestInsertion"];
n00 -> n001;
n002[label = "FarthestInsertion"];
n00 -> n002;
n0 -> n00;
n01[label = "FarthestInsertion"];
n0 -> n01;
n02[label = "FarthestInsertion"];
n0 -> n02;
n -> n0;
n1[label = "FarthestInsertion"];
n -> n1;
n2[label = "If_Then_Else"];
n20[label = "If_Then_Else"];
n200[label = "FarthestNeighbor"];
n20 -> n200;
n201[label = "FarthestInsertion"];
n20 -> n201;
n202[label = "NearestFirstNode"];
n20 -> n202;
n2 -> n20;
n21[label = "FarthestInsertion"];
n2 -> n21;
n22[label = "FarthestInsertion"];
n2 -> n22;
n -> n2;
}


Generation: 39
Best Individual:
Subpopulation 0:
Evaluated: true
Fitness: Standardized=0.28440526 Adjusted=0.7785705 Hits=0
Tree 0:
digraph g {
node [shape=rectangle];
n[label = "If_Then_Else"];
n0[label = "If_Then_Else"];
n00[label = "If_Then_Else"];
n000[label = "And"];
n0000[label = "NearestFirstNode"];
n000 -> n0000;
n0001[label = "FarthestInsertion"];
n000 -> n0001;
n00 -> n000;
n001[label = "FarthestInsertion"];
n00 -> n001;
n002[label = "FarthestInsertion"];
n00 -> n002;
n0 -> n00;
n01[label = "FarthestInsertion"];
n0 -> n01;
n02[label = "FarthestInsertion"];
n0 -> n02;
n -> n0;
n1[label = "FarthestInsertion"];
n -> n1;
n2[label = "If_Then_Else"];
n20[label = "If_Then_Else"];
n200[label = "If_Then"];
n2000[label = "NearestNeighbor"];
n200 -> n2000;
n2001[label = "FarthestNeighbor"];
n200 -> n2001;
n20 -> n200;
n201[label = "FarthestInsertion"];
n20 -> n201;
n202[label = "FarthestFirstNode"];
n20 -> n202;
n2 -> n20;
n21[label = "FarthestInsertion"];
n2 -> n21;
n22[label = "FarthestFirstNode"];
n2 -> n22;
n -> n2;
}


Generation: 40
Best Individual:
Subpopulation 0:
Evaluated: true
Fitness: Standardized=0.28440526 Adjusted=0.7785705 Hits=0
Tree 0:
digraph g {
node [shape=rectangle];
n[label = "If_Then_Else"];
n0[label = "If_Then_Else"];
n00[label = "If_Then_Else"];
n000[label = "And"];
n0000[label = "NearestFirstNode"];
n000 -> n0000;
n0001[label = "FarthestInsertion"];
n000 -> n0001;
n00 -> n000;
n001[label = "FarthestInsertion"];
n00 -> n001;
n002[label = "FarthestInsertion"];
n00 -> n002;
n0 -> n00;
n01[label = "FarthestInsertion"];
n0 -> n01;
n02[label = "FarthestInsertion"];
n0 -> n02;
n -> n0;
n1[label = "FarthestInsertion"];
n -> n1;
n2[label = "If_Then_Else"];
n20[label = "FarthestNeighbor"];
n2 -> n20;
n21[label = "FarthestInsertion"];
n2 -> n21;
n22[label = "NearestFirstNode"];
n2 -> n22;
n -> n2;
}


Generation: 41
Best Individual:
Subpopulation 0:
Evaluated: true
Fitness: Standardized=0.28440526 Adjusted=0.7785705 Hits=0
Tree 0:
digraph g {
node [shape=rectangle];
n[label = "If_Then_Else"];
n0[label = "If_Then_Else"];
n00[label = "If_Then_Else"];
n000[label = "And"];
n0000[label = "NearestFirstNode"];
n000 -> n0000;
n0001[label = "FarthestInsertion"];
n000 -> n0001;
n00 -> n000;
n001[label = "FarthestInsertion"];
n00 -> n001;
n002[label = "FarthestInsertion"];
n00 -> n002;
n0 -> n00;
n01[label = "FarthestInsertion"];
n0 -> n01;
n02[label = "FarthestInsertion"];
n0 -> n02;
n -> n0;
n1[label = "FarthestInsertion"];
n -> n1;
n2[label = "If_Then_Else"];
n20[label = "If_Then_Else"];
n200[label = "If_Then"];
n2000[label = "NearestNeighbor"];
n200 -> n2000;
n2001[label = "FarthestNeighbor"];
n200 -> n2001;
n20 -> n200;
n201[label = "FarthestInsertion"];
n20 -> n201;
n202[label = "FarthestFirstNode"];
n20 -> n202;
n2 -> n20;
n21[label = "FarthestInsertion"];
n2 -> n21;
n22[label = "FarthestFirstNode"];
n2 -> n22;
n -> n2;
}


Generation: 42
Best Individual:
Subpopulation 0:
Evaluated: true
Fitness: Standardized=0.28440526 Adjusted=0.7785705 Hits=0
Tree 0:
digraph g {
node [shape=rectangle];
n[label = "If_Then_Else"];
n0[label = "If_Then_Else"];
n00[label = "If_Then_Else"];
n000[label = "And"];
n0000[label = "NearestFirstNode"];
n000 -> n0000;
n0001[label = "FarthestInsertion"];
n000 -> n0001;
n00 -> n000;
n001[label = "FarthestInsertion"];
n00 -> n001;
n002[label = "FarthestInsertion"];
n00 -> n002;
n0 -> n00;
n01[label = "FarthestInsertion"];
n0 -> n01;
n02[label = "FarthestInsertion"];
n0 -> n02;
n -> n0;
n1[label = "FarthestInsertion"];
n -> n1;
n2[label = "If_Then_Else"];
n20[label = "And"];
n200[label = "NearestFirstNode"];
n20 -> n200;
n201[label = "FarthestInsertion"];
n20 -> n201;
n2 -> n20;
n21[label = "FarthestInsertion"];
n2 -> n21;
n22[label = "FarthestInsertion"];
n2 -> n22;
n -> n2;
}


Generation: 43
Best Individual:
Subpopulation 0:
Evaluated: true
Fitness: Standardized=0.28440526 Adjusted=0.7785705 Hits=0
Tree 0:
digraph g {
node [shape=rectangle];
n[label = "If_Then_Else"];
n0[label = "If_Then_Else"];
n00[label = "If_Then_Else"];
n000[label = "And"];
n0000[label = "NearestFirstNode"];
n000 -> n0000;
n0001[label = "FarthestInsertion"];
n000 -> n0001;
n00 -> n000;
n001[label = "FarthestInsertion"];
n00 -> n001;
n002[label = "FarthestInsertion"];
n00 -> n002;
n0 -> n00;
n01[label = "FarthestInsertion"];
n0 -> n01;
n02[label = "And"];
n020[label = "NearestFirstNode"];
n02 -> n020;
n021[label = "FarthestInsertion"];
n02 -> n021;
n0 -> n02;
n -> n0;
n1[label = "FarthestInsertion"];
n -> n1;
n2[label = "FarthestFirstNode"];
n -> n2;
}


Generation: 44
Best Individual:
Subpopulation 0:
Evaluated: true
Fitness: Standardized=0.28440526 Adjusted=0.7785705 Hits=0
Tree 0:
digraph g {
node [shape=rectangle];
n[label = "If_Then_Else"];
n0[label = "If_Then_Else"];
n00[label = "If_Then_Else"];
n000[label = "And"];
n0000[label = "NearestFirstNode"];
n000 -> n0000;
n0001[label = "FarthestInsertion"];
n000 -> n0001;
n00 -> n000;
n001[label = "FarthestInsertion"];
n00 -> n001;
n002[label = "FarthestInsertion"];
n00 -> n002;
n0 -> n00;
n01[label = "FarthestInsertion"];
n0 -> n01;
n02[label = "FarthestInsertion"];
n0 -> n02;
n -> n0;
n1[label = "FarthestInsertion"];
n -> n1;
n2[label = "If_Then_Else"];
n20[label = "And"];
n200[label = "NearestFirstNode"];
n20 -> n200;
n201[label = "FarthestInsertion"];
n20 -> n201;
n2 -> n20;
n21[label = "FarthestInsertion"];
n2 -> n21;
n22[label = "FarthestInsertion"];
n2 -> n22;
n -> n2;
}


Generation: 45
Best Individual:
Subpopulation 0:
Evaluated: true
Fitness: Standardized=0.28440526 Adjusted=0.7785705 Hits=0
Tree 0:
digraph g {
node [shape=rectangle];
n[label = "If_Then_Else"];
n0[label = "If_Then_Else"];
n00[label = "If_Then_Else"];
n000[label = "And"];
n0000[label = "NearestFirstNode"];
n000 -> n0000;
n0001[label = "FarthestInsertion"];
n000 -> n0001;
n00 -> n000;
n001[label = "FarthestInsertion"];
n00 -> n001;
n002[label = "FarthestInsertion"];
n00 -> n002;
n0 -> n00;
n01[label = "FarthestInsertion"];
n0 -> n01;
n02[label = "And"];
n020[label = "NearestFirstNode"];
n02 -> n020;
n021[label = "FarthestInsertion"];
n02 -> n021;
n0 -> n02;
n -> n0;
n1[label = "FarthestInsertion"];
n -> n1;
n2[label = "FarthestInsertion"];
n -> n2;
}


Generation: 46
Best Individual:
Subpopulation 0:
Evaluated: true
Fitness: Standardized=0.28440526 Adjusted=0.7785705 Hits=0
Tree 0:
digraph g {
node [shape=rectangle];
n[label = "If_Then_Else"];
n0[label = "If_Then_Else"];
n00[label = "If_Then_Else"];
n000[label = "And"];
n0000[label = "NearestFirstNode"];
n000 -> n0000;
n0001[label = "FarthestInsertion"];
n000 -> n0001;
n00 -> n000;
n001[label = "FarthestInsertion"];
n00 -> n001;
n002[label = "FarthestInsertion"];
n00 -> n002;
n0 -> n00;
n01[label = "FarthestInsertion"];
n0 -> n01;
n02[label = "If_Then"];
n020[label = "NearestNeighbor"];
n02 -> n020;
n021[label = "FarthestInsertion"];
n02 -> n021;
n0 -> n02;
n -> n0;
n1[label = "FarthestInsertion"];
n -> n1;
n2[label = "FarthestInsertion"];
n -> n2;
}


Generation: 47
Best Individual:
Subpopulation 0:
Evaluated: true
Fitness: Standardized=0.28440526 Adjusted=0.7785705 Hits=0
Tree 0:
digraph g {
node [shape=rectangle];
n[label = "If_Then_Else"];
n0[label = "If_Then_Else"];
n00[label = "If_Then_Else"];
n000[label = "If_Then"];
n0000[label = "NearestNeighbor"];
n000 -> n0000;
n0001[label = "FarthestInsertion"];
n000 -> n0001;
n00 -> n000;
n001[label = "FarthestInsertion"];
n00 -> n001;
n002[label = "FarthestInsertion"];
n00 -> n002;
n0 -> n00;
n01[label = "FarthestInsertion"];
n0 -> n01;
n02[label = "FarthestInsertion"];
n0 -> n02;
n -> n0;
n1[label = "FarthestInsertion"];
n -> n1;
n2[label = "If_Then"];
n20[label = "NearestFirstNode"];
n2 -> n20;
n21[label = "FarthestInsertion"];
n2 -> n21;
n -> n2;
}


Generation: 48
Best Individual:
Subpopulation 0:
Evaluated: true
Fitness: Standardized=0.28440526 Adjusted=0.7785705 Hits=0
Tree 0:
digraph g {
node [shape=rectangle];
n[label = "If_Then_Else"];
n0[label = "If_Then_Else"];
n00[label = "If_Then_Else"];
n000[label = "And"];
n0000[label = "NearestFirstNode"];
n000 -> n0000;
n0001[label = "FarthestInsertion"];
n000 -> n0001;
n00 -> n000;
n001[label = "FarthestInsertion"];
n00 -> n001;
n002[label = "FarthestInsertion"];
n00 -> n002;
n0 -> n00;
n01[label = "FarthestInsertion"];
n0 -> n01;
n02[label = "If_Then"];
n020[label = "NearestNeighbor"];
n02 -> n020;
n021[label = "FarthestInsertion"];
n02 -> n021;
n0 -> n02;
n -> n0;
n1[label = "FarthestInsertion"];
n -> n1;
n2[label = "If_Then_Else"];
n20[label = "And"];
n200[label = "NearestFirstNode"];
n20 -> n200;
n201[label = "FarthestInsertion"];
n20 -> n201;
n2 -> n20;
n21[label = "FarthestInsertion"];
n2 -> n21;
n22[label = "FarthestFirstNode"];
n2 -> n22;
n -> n2;
}


Generation: 49
Best Individual:
Subpopulation 0:
Evaluated: true
Fitness: Standardized=0.28440526 Adjusted=0.7785705 Hits=0
Tree 0:
digraph g {
node [shape=rectangle];
n[label = "If_Then_Else"];
n0[label = "If_Then_Else"];
n00[label = "If_Then_Else"];
n000[label = "And"];
n0000[label = "NearestFirstNode"];
n000 -> n0000;
n0001[label = "FarthestInsertion"];
n000 -> n0001;
n00 -> n000;
n001[label = "FarthestInsertion"];
n00 -> n001;
n002[label = "FarthestInsertion"];
n00 -> n002;
n0 -> n00;
n01[label = "FarthestInsertion"];
n0 -> n01;
n02[label = "BestMove"];
n0 -> n02;
n -> n0;
n1[label = "FarthestInsertion"];
n -> n1;
n2[label = "If_Then_Else"];
n20[label = "If_Then"];
n200[label = "NearestNeighbor"];
n20 -> n200;
n201[label = "FarthestInsertion"];
n20 -> n201;
n2 -> n20;
n21[label = "FarthestInsertion"];
n2 -> n21;
n22[label = "FarthestFirstNode"];
n2 -> n22;
n -> n2;
}


Generation: 50
Best Individual:
Subpopulation 0:
Evaluated: true
Fitness: Standardized=0.28440526 Adjusted=0.7785705 Hits=0
Tree 0:
digraph g {
node [shape=rectangle];
n[label = "If_Then_Else"];
n0[label = "If_Then_Else"];
n00[label = "If_Then_Else"];
n000[label = "And"];
n0000[label = "NearestFirstNode"];
n000 -> n0000;
n0001[label = "FarthestInsertion"];
n000 -> n0001;
n00 -> n000;
n001[label = "FarthestInsertion"];
n00 -> n001;
n002[label = "FarthestInsertion"];
n00 -> n002;
n0 -> n00;
n01[label = "FarthestInsertion"];
n0 -> n01;
n02[label = "BestMove"];
n0 -> n02;
n -> n0;
n1[label = "FarthestInsertion"];
n -> n1;
n2[label = "If_Then_Else"];
n20[label = "And"];
n200[label = "And"];
n2000[label = "NearestFirstNode"];
n200 -> n2000;
n2001[label = "FarthestInsertion"];
n200 -> n2001;
n20 -> n200;
n201[label = "FarthestInsertion"];
n20 -> n201;
n2 -> n20;
n21[label = "FarthestInsertion"];
n2 -> n21;
n22[label = "FarthestFirstNode"];
n2 -> n22;
n -> n2;
}


Generation: 51
Best Individual:
Subpopulation 0:
Evaluated: true
Fitness: Standardized=0.28440526 Adjusted=0.7785705 Hits=0
Tree 0:
digraph g {
node [shape=rectangle];
n[label = "If_Then_Else"];
n0[label = "If_Then_Else"];
n00[label = "If_Then_Else"];
n000[label = "And"];
n0000[label = "NearestFirstNode"];
n000 -> n0000;
n0001[label = "FarthestInsertion"];
n000 -> n0001;
n00 -> n000;
n001[label = "FarthestInsertion"];
n00 -> n001;
n002[label = "FarthestInsertion"];
n00 -> n002;
n0 -> n00;
n01[label = "FarthestInsertion"];
n0 -> n01;
n02[label = "If_Then"];
n020[label = "NearestNeighbor"];
n02 -> n020;
n021[label = "FarthestInsertion"];
n02 -> n021;
n0 -> n02;
n -> n0;
n1[label = "FarthestInsertion"];
n -> n1;
n2[label = "And"];
n20[label = "And"];
n200[label = "NearestFirstNode"];
n20 -> n200;
n201[label = "FarthestInsertion"];
n20 -> n201;
n2 -> n20;
n21[label = "FarthestInsertion"];
n2 -> n21;
n -> n2;
}


Generation: 52
Best Individual:
Subpopulation 0:
Evaluated: true
Fitness: Standardized=0.28440526 Adjusted=0.7785705 Hits=0
Tree 0:
digraph g {
node [shape=rectangle];
n[label = "If_Then_Else"];
n0[label = "If_Then_Else"];
n00[label = "If_Then_Else"];
n000[label = "And"];
n0000[label = "NearestFirstNode"];
n000 -> n0000;
n0001[label = "FarthestInsertion"];
n000 -> n0001;
n00 -> n000;
n001[label = "FarthestInsertion"];
n00 -> n001;
n002[label = "FarthestInsertion"];
n00 -> n002;
n0 -> n00;
n01[label = "FarthestInsertion"];
n0 -> n01;
n02[label = "BestMove"];
n0 -> n02;
n -> n0;
n1[label = "FarthestInsertion"];
n -> n1;
n2[label = "And"];
n20[label = "NearestFirstNode"];
n2 -> n20;
n21[label = "FarthestInsertion"];
n2 -> n21;
n -> n2;
}


Generation: 53
Best Individual:
Subpopulation 0:
Evaluated: true
Fitness: Standardized=0.28440526 Adjusted=0.7785705 Hits=0
Tree 0:
digraph g {
node [shape=rectangle];
n[label = "If_Then_Else"];
n0[label = "If_Then_Else"];
n00[label = "If_Then_Else"];
n000[label = "And"];
n0000[label = "NearestFirstNode"];
n000 -> n0000;
n0001[label = "FarthestInsertion"];
n000 -> n0001;
n00 -> n000;
n001[label = "FarthestInsertion"];
n00 -> n001;
n002[label = "FarthestInsertion"];
n00 -> n002;
n0 -> n00;
n01[label = "FarthestInsertion"];
n0 -> n01;
n02[label = "BestMove"];
n0 -> n02;
n -> n0;
n1[label = "FarthestInsertion"];
n -> n1;
n2[label = "If_Then_Else"];
n20[label = "And"];
n200[label = "BestMove"];
n20 -> n200;
n201[label = "FarthestInsertion"];
n20 -> n201;
n2 -> n20;
n21[label = "FarthestInsertion"];
n2 -> n21;
n22[label = "FarthestFirstNode"];
n2 -> n22;
n -> n2;
}


Generation: 54
Best Individual:
Subpopulation 0:
Evaluated: true
Fitness: Standardized=0.28440526 Adjusted=0.7785705 Hits=0
Tree 0:
digraph g {
node [shape=rectangle];
n[label = "If_Then_Else"];
n0[label = "If_Then_Else"];
n00[label = "If_Then_Else"];
n000[label = "And"];
n0000[label = "NearestFirstNode"];
n000 -> n0000;
n0001[label = "FarthestInsertion"];
n000 -> n0001;
n00 -> n000;
n001[label = "FarthestInsertion"];
n00 -> n001;
n002[label = "FarthestInsertion"];
n00 -> n002;
n0 -> n00;
n01[label = "FarthestInsertion"];
n0 -> n01;
n02[label = "BestMove"];
n0 -> n02;
n -> n0;
n1[label = "FarthestInsertion"];
n -> n1;
n2[label = "If_Then_Else"];
n20[label = "If_Then_Else"];
n200[label = "And"];
n2000[label = "NearestFirstNode"];
n200 -> n2000;
n2001[label = "FarthestInsertion"];
n200 -> n2001;
n20 -> n200;
n201[label = "FarthestInsertion"];
n20 -> n201;
n202[label = "FarthestInsertion"];
n20 -> n202;
n2 -> n20;
n21[label = "FarthestInsertion"];
n2 -> n21;
n22[label = "FarthestFirstNode"];
n2 -> n22;
n -> n2;
}


Generation: 55
Best Individual:
Subpopulation 0:
Evaluated: true
Fitness: Standardized=0.28440526 Adjusted=0.7785705 Hits=0
Tree 0:
digraph g {
node [shape=rectangle];
n[label = "If_Then_Else"];
n0[label = "If_Then_Else"];
n00[label = "If_Then_Else"];
n000[label = "And"];
n0000[label = "NearestFirstNode"];
n000 -> n0000;
n0001[label = "FarthestInsertion"];
n000 -> n0001;
n00 -> n000;
n001[label = "FarthestInsertion"];
n00 -> n001;
n002[label = "FarthestInsertion"];
n00 -> n002;
n0 -> n00;
n01[label = "FarthestFirstNode"];
n0 -> n01;
n02[label = "BestMove"];
n0 -> n02;
n -> n0;
n1[label = "FarthestInsertion"];
n -> n1;
n2[label = "If_Then_Else"];
n20[label = "And"];
n200[label = "BestMove"];
n20 -> n200;
n201[label = "FarthestInsertion"];
n20 -> n201;
n2 -> n20;
n21[label = "FarthestInsertion"];
n2 -> n21;
n22[label = "FarthestFirstNode"];
n2 -> n22;
n -> n2;
}


Generation: 56
Best Individual:
Subpopulation 0:
Evaluated: true
Fitness: Standardized=0.28440526 Adjusted=0.7785705 Hits=0
Tree 0:
digraph g {
node [shape=rectangle];
n[label = "If_Then_Else"];
n0[label = "If_Then_Else"];
n00[label = "If_Then_Else"];
n000[label = "And"];
n0000[label = "NearestFirstNode"];
n000 -> n0000;
n0001[label = "FarthestInsertion"];
n000 -> n0001;
n00 -> n000;
n001[label = "FarthestInsertion"];
n00 -> n001;
n002[label = "FarthestInsertion"];
n00 -> n002;
n0 -> n00;
n01[label = "FarthestInsertion"];
n0 -> n01;
n02[label = "BestMove"];
n0 -> n02;
n -> n0;
n1[label = "FarthestInsertion"];
n -> n1;
n2[label = "If_Then_Else"];
n20[label = "And"];
n200[label = "NearestFirstNode"];
n20 -> n200;
n201[label = "FarthestInsertion"];
n20 -> n201;
n2 -> n20;
n21[label = "FarthestInsertion"];
n2 -> n21;
n22[label = "FarthestFirstNode"];
n2 -> n22;
n -> n2;
}


Generation: 57
Best Individual:
Subpopulation 0:
Evaluated: true
Fitness: Standardized=0.28440526 Adjusted=0.7785705 Hits=0
Tree 0:
digraph g {
node [shape=rectangle];
n[label = "If_Then_Else"];
n0[label = "If_Then_Else"];
n00[label = "If_Then_Else"];
n000[label = "And"];
n0000[label = "NearestFirstNode"];
n000 -> n0000;
n0001[label = "FarthestInsertion"];
n000 -> n0001;
n00 -> n000;
n001[label = "FarthestInsertion"];
n00 -> n001;
n002[label = "FarthestInsertion"];
n00 -> n002;
n0 -> n00;
n01[label = "FarthestInsertion"];
n0 -> n01;
n02[label = "BestMove"];
n0 -> n02;
n -> n0;
n1[label = "FarthestInsertion"];
n -> n1;
n2[label = "If_Then_Else"];
n20[label = "If_Then_Else"];
n200[label = "And"];
n2000[label = "NearestFirstNode"];
n200 -> n2000;
n2001[label = "FarthestInsertion"];
n200 -> n2001;
n20 -> n200;
n201[label = "FarthestInsertion"];
n20 -> n201;
n202[label = "FarthestFirstNode"];
n20 -> n202;
n2 -> n20;
n21[label = "FarthestInsertion"];
n2 -> n21;
n22[label = "FarthestFirstNode"];
n2 -> n22;
n -> n2;
}


Generation: 58
Best Individual:
Subpopulation 0:
Evaluated: true
Fitness: Standardized=0.28440526 Adjusted=0.7785705 Hits=0
Tree 0:
digraph g {
node [shape=rectangle];
n[label = "If_Then_Else"];
n0[label = "If_Then_Else"];
n00[label = "If_Then_Else"];
n000[label = "And"];
n0000[label = "NearestFirstNode"];
n000 -> n0000;
n0001[label = "FarthestInsertion"];
n000 -> n0001;
n00 -> n000;
n001[label = "FarthestInsertion"];
n00 -> n001;
n002[label = "FarthestFirstNode"];
n00 -> n002;
n0 -> n00;
n01[label = "FarthestInsertion"];
n0 -> n01;
n02[label = "FarthestFirstNode"];
n0 -> n02;
n -> n0;
n1[label = "FarthestInsertion"];
n -> n1;
n2[label = "If_Then_Else"];
n20[label = "If_Then"];
n200[label = "FarthestInsertion"];
n20 -> n200;
n201[label = "FarthestInsertion"];
n20 -> n201;
n2 -> n20;
n21[label = "FarthestInsertion"];
n2 -> n21;
n22[label = "FarthestFirstNode"];
n2 -> n22;
n -> n2;
}


Generation: 59
Best Individual:
Subpopulation 0:
Evaluated: true
Fitness: Standardized=0.28440526 Adjusted=0.7785705 Hits=0
Tree 0:
digraph g {
node [shape=rectangle];
n[label = "If_Then_Else"];
n0[label = "If_Then_Else"];
n00[label = "If_Then_Else"];
n000[label = "And"];
n0000[label = "NearestFirstNode"];
n000 -> n0000;
n0001[label = "FarthestInsertion"];
n000 -> n0001;
n00 -> n000;
n001[label = "FarthestInsertion"];
n00 -> n001;
n002[label = "FarthestInsertion"];
n00 -> n002;
n0 -> n00;
n01[label = "FarthestInsertion"];
n0 -> n01;
n02[label = "BestMove"];
n0 -> n02;
n -> n0;
n1[label = "FarthestInsertion"];
n -> n1;
n2[label = "And"];
n20[label = "NearestFirstNode"];
n2 -> n20;
n21[label = "FarthestInsertion"];
n2 -> n21;
n -> n2;
}


Generation: 60
Best Individual:
Subpopulation 0:
Evaluated: true
Fitness: Standardized=0.28440526 Adjusted=0.7785705 Hits=0
Tree 0:
digraph g {
node [shape=rectangle];
n[label = "If_Then_Else"];
n0[label = "If_Then_Else"];
n00[label = "If_Then_Else"];
n000[label = "And"];
n0000[label = "NearestFirstNode"];
n000 -> n0000;
n0001[label = "FarthestInsertion"];
n000 -> n0001;
n00 -> n000;
n001[label = "FarthestInsertion"];
n00 -> n001;
n002[label = "FarthestFirstNode"];
n00 -> n002;
n0 -> n00;
n01[label = "FarthestInsertion"];
n0 -> n01;
n02[label = "FarthestFirstNode"];
n0 -> n02;
n -> n0;
n1[label = "FarthestInsertion"];
n -> n1;
n2[label = "If_Then_Else"];
n20[label = "If_Then"];
n200[label = "FarthestInsertion"];
n20 -> n200;
n201[label = "FarthestInsertion"];
n20 -> n201;
n2 -> n20;
n21[label = "FarthestInsertion"];
n2 -> n21;
n22[label = "FarthestFirstNode"];
n2 -> n22;
n -> n2;
}


Generation: 61
Best Individual:
Subpopulation 0:
Evaluated: true
Fitness: Standardized=0.28440526 Adjusted=0.7785705 Hits=0
Tree 0:
digraph g {
node [shape=rectangle];
n[label = "If_Then_Else"];
n0[label = "If_Then_Else"];
n00[label = "If_Then_Else"];
n000[label = "And"];
n0000[label = "NearestFirstNode"];
n000 -> n0000;
n0001[label = "FarthestInsertion"];
n000 -> n0001;
n00 -> n000;
n001[label = "FarthestInsertion"];
n00 -> n001;
n002[label = "FarthestFirstNode"];
n00 -> n002;
n0 -> n00;
n01[label = "FarthestInsertion"];
n0 -> n01;
n02[label = "FarthestFirstNode"];
n0 -> n02;
n -> n0;
n1[label = "FarthestInsertion"];
n -> n1;
n2[label = "If_Then_Else"];
n20[label = "If_Then"];
n200[label = "FarthestInsertion"];
n20 -> n200;
n201[label = "FarthestInsertion"];
n20 -> n201;
n2 -> n20;
n21[label = "FarthestInsertion"];
n2 -> n21;
n22[label = "FarthestFirstNode"];
n2 -> n22;
n -> n2;
}


Generation: 62
Best Individual:
Subpopulation 0:
Evaluated: true
Fitness: Standardized=0.28440526 Adjusted=0.7785705 Hits=0
Tree 0:
digraph g {
node [shape=rectangle];
n[label = "If_Then_Else"];
n0[label = "If_Then_Else"];
n00[label = "If_Then_Else"];
n000[label = "And"];
n0000[label = "NearestFirstNode"];
n000 -> n0000;
n0001[label = "FarthestInsertion"];
n000 -> n0001;
n00 -> n000;
n001[label = "FarthestInsertion"];
n00 -> n001;
n002[label = "BestMove"];
n00 -> n002;
n0 -> n00;
n01[label = "FarthestInsertion"];
n0 -> n01;
n02[label = "FarthestInsertion"];
n0 -> n02;
n -> n0;
n1[label = "FarthestInsertion"];
n -> n1;
n2[label = "If_Then_Else"];
n20[label = "FarthestInsertion"];
n2 -> n20;
n21[label = "FarthestInsertion"];
n2 -> n21;
n22[label = "FarthestFirstNode"];
n2 -> n22;
n -> n2;
}


Generation: 63
Best Individual:
Subpopulation 0:
Evaluated: true
Fitness: Standardized=0.28440526 Adjusted=0.7785705 Hits=0
Tree 0:
digraph g {
node [shape=rectangle];
n[label = "If_Then_Else"];
n0[label = "If_Then_Else"];
n00[label = "If_Then_Else"];
n000[label = "And"];
n0000[label = "NearestFirstNode"];
n000 -> n0000;
n0001[label = "FarthestInsertion"];
n000 -> n0001;
n00 -> n000;
n001[label = "FarthestInsertion"];
n00 -> n001;
n002[label = "FarthestInsertion"];
n00 -> n002;
n0 -> n00;
n01[label = "FarthestInsertion"];
n0 -> n01;
n02[label = "BestMove"];
n0 -> n02;
n -> n0;
n1[label = "FarthestInsertion"];
n -> n1;
n2[label = "If_Then_Else"];
n20[label = "If_Then_Else"];
n200[label = "And"];
n2000[label = "NearestFirstNode"];
n200 -> n2000;
n2001[label = "FarthestInsertion"];
n200 -> n2001;
n20 -> n200;
n201[label = "FarthestInsertion"];
n20 -> n201;
n202[label = "FarthestFirstNode"];
n20 -> n202;
n2 -> n20;
n21[label = "FarthestInsertion"];
n2 -> n21;
n22[label = "FarthestFirstNode"];
n2 -> n22;
n -> n2;
}


Generation: 64
Best Individual:
Subpopulation 0:
Evaluated: true
Fitness: Standardized=0.28440526 Adjusted=0.7785705 Hits=0
Tree 0:
digraph g {
node [shape=rectangle];
n[label = "If_Then_Else"];
n0[label = "If_Then_Else"];
n00[label = "If_Then_Else"];
n000[label = "And"];
n0000[label = "NearestFirstNode"];
n000 -> n0000;
n0001[label = "FarthestInsertion"];
n000 -> n0001;
n00 -> n000;
n001[label = "FarthestInsertion"];
n00 -> n001;
n002[label = "BestMove"];
n00 -> n002;
n0 -> n00;
n01[label = "FarthestInsertion"];
n0 -> n01;
n02[label = "FarthestInsertion"];
n0 -> n02;
n -> n0;
n1[label = "FarthestInsertion"];
n -> n1;
n2[label = "FarthestInsertion"];
n -> n2;
}


Generation: 65
Best Individual:
Subpopulation 0:
Evaluated: true
Fitness: Standardized=0.28440526 Adjusted=0.7785705 Hits=0
Tree 0:
digraph g {
node [shape=rectangle];
n[label = "If_Then_Else"];
n0[label = "If_Then_Else"];
n00[label = "If_Then_Else"];
n000[label = "And"];
n0000[label = "NearestFirstNode"];
n000 -> n0000;
n0001[label = "FarthestInsertion"];
n000 -> n0001;
n00 -> n000;
n001[label = "FarthestInsertion"];
n00 -> n001;
n002[label = "FarthestInsertion"];
n00 -> n002;
n0 -> n00;
n01[label = "FarthestInsertion"];
n0 -> n01;
n02[label = "BestMove"];
n0 -> n02;
n -> n0;
n1[label = "FarthestInsertion"];
n -> n1;
n2[label = "If_Then_Else"];
n20[label = "If_Then_Else"];
n200[label = "And"];
n2000[label = "NearestFirstNode"];
n200 -> n2000;
n2001[label = "FarthestInsertion"];
n200 -> n2001;
n20 -> n200;
n201[label = "FarthestInsertion"];
n20 -> n201;
n202[label = "FarthestFirstNode"];
n20 -> n202;
n2 -> n20;
n21[label = "FarthestInsertion"];
n2 -> n21;
n22[label = "NearestFirstNode"];
n2 -> n22;
n -> n2;
}


Generation: 66
Best Individual:
Subpopulation 0:
Evaluated: true
Fitness: Standardized=0.28440526 Adjusted=0.7785705 Hits=0
Tree 0:
digraph g {
node [shape=rectangle];
n[label = "If_Then_Else"];
n0[label = "If_Then_Else"];
n00[label = "If_Then_Else"];
n000[label = "And"];
n0000[label = "NearestFirstNode"];
n000 -> n0000;
n0001[label = "FarthestInsertion"];
n000 -> n0001;
n00 -> n000;
n001[label = "FarthestInsertion"];
n00 -> n001;
n002[label = "FarthestInsertion"];
n00 -> n002;
n0 -> n00;
n01[label = "FarthestInsertion"];
n0 -> n01;
n02[label = "BestMove"];
n0 -> n02;
n -> n0;
n1[label = "FarthestInsertion"];
n -> n1;
n2[label = "If_Then_Else"];
n20[label = "If_Then_Else"];
n200[label = "FarthestInsertion"];
n20 -> n200;
n201[label = "FarthestInsertion"];
n20 -> n201;
n202[label = "FarthestFirstNode"];
n20 -> n202;
n2 -> n20;
n21[label = "FarthestInsertion"];
n2 -> n21;
n22[label = "NearestFirstNode"];
n2 -> n22;
n -> n2;
}


Generation: 67
Best Individual:
Subpopulation 0:
Evaluated: true
Fitness: Standardized=0.28440526 Adjusted=0.7785705 Hits=0
Tree 0:
digraph g {
node [shape=rectangle];
n[label = "If_Then_Else"];
n0[label = "If_Then_Else"];
n00[label = "If_Then_Else"];
n000[label = "And"];
n0000[label = "NearestFirstNode"];
n000 -> n0000;
n0001[label = "FarthestInsertion"];
n000 -> n0001;
n00 -> n000;
n001[label = "FarthestInsertion"];
n00 -> n001;
n002[label = "FarthestInsertion"];
n00 -> n002;
n0 -> n00;
n01[label = "FarthestInsertion"];
n0 -> n01;
n02[label = "BestMove"];
n0 -> n02;
n -> n0;
n1[label = "FarthestInsertion"];
n -> n1;
n2[label = "If_Then_Else"];
n20[label = "If_Then_Else"];
n200[label = "FarthestInsertion"];
n20 -> n200;
n201[label = "FarthestInsertion"];
n20 -> n201;
n202[label = "FarthestFirstNode"];
n20 -> n202;
n2 -> n20;
n21[label = "FarthestInsertion"];
n2 -> n21;
n22[label = "NearestFirstNode"];
n2 -> n22;
n -> n2;
}


Generation: 68
Best Individual:
Subpopulation 0:
Evaluated: true
Fitness: Standardized=0.28440526 Adjusted=0.7785705 Hits=0
Tree 0:
digraph g {
node [shape=rectangle];
n[label = "If_Then_Else"];
n0[label = "If_Then_Else"];
n00[label = "If_Then_Else"];
n000[label = "And"];
n0000[label = "NearestFirstNode"];
n000 -> n0000;
n0001[label = "FarthestInsertion"];
n000 -> n0001;
n00 -> n000;
n001[label = "FarthestInsertion"];
n00 -> n001;
n002[label = "FarthestInsertion"];
n00 -> n002;
n0 -> n00;
n01[label = "FarthestInsertion"];
n0 -> n01;
n02[label = "BestMove"];
n0 -> n02;
n -> n0;
n1[label = "FarthestInsertion"];
n -> n1;
n2[label = "If_Then_Else"];
n20[label = "If_Then_Else"];
n200[label = "FarthestInsertion"];
n20 -> n200;
n201[label = "FarthestInsertion"];
n20 -> n201;
n202[label = "FarthestFirstNode"];
n20 -> n202;
n2 -> n20;
n21[label = "FarthestInsertion"];
n2 -> n21;
n22[label = "NearestFirstNode"];
n2 -> n22;
n -> n2;
}


Generation: 69
Best Individual:
Subpopulation 0:
Evaluated: true
Fitness: Standardized=0.28440526 Adjusted=0.7785705 Hits=0
Tree 0:
digraph g {
node [shape=rectangle];
n[label = "If_Then_Else"];
n0[label = "If_Then_Else"];
n00[label = "If_Then_Else"];
n000[label = "And"];
n0000[label = "NearestFirstNode"];
n000 -> n0000;
n0001[label = "FarthestInsertion"];
n000 -> n0001;
n00 -> n000;
n001[label = "FarthestInsertion"];
n00 -> n001;
n002[label = "FarthestInsertion"];
n00 -> n002;
n0 -> n00;
n01[label = "FarthestInsertion"];
n0 -> n01;
n02[label = "BestMove"];
n0 -> n02;
n -> n0;
n1[label = "FarthestInsertion"];
n -> n1;
n2[label = "If_Then_Else"];
n20[label = "If_Then_Else"];
n200[label = "And"];
n2000[label = "NearestFirstNode"];
n200 -> n2000;
n2001[label = "FarthestInsertion"];
n200 -> n2001;
n20 -> n200;
n201[label = "FarthestInsertion"];
n20 -> n201;
n202[label = "FarthestFirstNode"];
n20 -> n202;
n2 -> n20;
n21[label = "FarthestInsertion"];
n2 -> n21;
n22[label = "NearestFirstNode"];
n2 -> n22;
n -> n2;
}


Generation: 70
Best Individual:
Subpopulation 0:
Evaluated: true
Fitness: Standardized=0.28440526 Adjusted=0.7785705 Hits=0
Tree 0:
digraph g {
node [shape=rectangle];
n[label = "If_Then_Else"];
n0[label = "If_Then_Else"];
n00[label = "If_Then_Else"];
n000[label = "And"];
n0000[label = "NearestFirstNode"];
n000 -> n0000;
n0001[label = "FarthestInsertion"];
n000 -> n0001;
n00 -> n000;
n001[label = "FarthestInsertion"];
n00 -> n001;
n002[label = "FarthestInsertion"];
n00 -> n002;
n0 -> n00;
n01[label = "FarthestInsertion"];
n0 -> n01;
n02[label = "BestMove"];
n0 -> n02;
n -> n0;
n1[label = "FarthestInsertion"];
n -> n1;
n2[label = "If_Then_Else"];
n20[label = "If_Then_Else"];
n200[label = "And"];
n2000[label = "NearestFirstNode"];
n200 -> n2000;
n2001[label = "FarthestInsertion"];
n200 -> n2001;
n20 -> n200;
n201[label = "FarthestInsertion"];
n20 -> n201;
n202[label = "FarthestFirstNode"];
n20 -> n202;
n2 -> n20;
n21[label = "FarthestInsertion"];
n2 -> n21;
n22[label = "NearestFirstNode"];
n2 -> n22;
n -> n2;
}


Generation: 71
Best Individual:
Subpopulation 0:
Evaluated: true
Fitness: Standardized=0.28440526 Adjusted=0.7785705 Hits=0
Tree 0:
digraph g {
node [shape=rectangle];
n[label = "If_Then_Else"];
n0[label = "If_Then_Else"];
n00[label = "If_Then_Else"];
n000[label = "And"];
n0000[label = "NearestFirstNode"];
n000 -> n0000;
n0001[label = "FarthestInsertion"];
n000 -> n0001;
n00 -> n000;
n001[label = "FarthestInsertion"];
n00 -> n001;
n002[label = "FarthestInsertion"];
n00 -> n002;
n0 -> n00;
n01[label = "FarthestInsertion"];
n0 -> n01;
n02[label = "BestMove"];
n0 -> n02;
n -> n0;
n1[label = "FarthestInsertion"];
n -> n1;
n2[label = "FarthestInsertion"];
n -> n2;
}


Generation: 72
Best Individual:
Subpopulation 0:
Evaluated: true
Fitness: Standardized=0.28440526 Adjusted=0.7785705 Hits=0
Tree 0:
digraph g {
node [shape=rectangle];
n[label = "If_Then_Else"];
n0[label = "If_Then_Else"];
n00[label = "If_Then_Else"];
n000[label = "And"];
n0000[label = "NearestFirstNode"];
n000 -> n0000;
n0001[label = "FarthestInsertion"];
n000 -> n0001;
n00 -> n000;
n001[label = "FarthestInsertion"];
n00 -> n001;
n002[label = "FarthestInsertion"];
n00 -> n002;
n0 -> n00;
n01[label = "FarthestInsertion"];
n0 -> n01;
n02[label = "If_Then_Else"];
n020[label = "And"];
n0200[label = "NearestFirstNode"];
n020 -> n0200;
n0201[label = "FarthestInsertion"];
n020 -> n0201;
n02 -> n020;
n021[label = "FarthestInsertion"];
n02 -> n021;
n022[label = "FarthestInsertion"];
n02 -> n022;
n0 -> n02;
n -> n0;
n1[label = "FarthestInsertion"];
n -> n1;
n2[label = "FarthestInsertion"];
n -> n2;
}


Generation: 73
Best Individual:
Subpopulation 0:
Evaluated: true
Fitness: Standardized=0.28440526 Adjusted=0.7785705 Hits=0
Tree 0:
digraph g {
node [shape=rectangle];
n[label = "If_Then_Else"];
n0[label = "If_Then_Else"];
n00[label = "If_Then_Else"];
n000[label = "And"];
n0000[label = "NearestFirstNode"];
n000 -> n0000;
n0001[label = "FarthestInsertion"];
n000 -> n0001;
n00 -> n000;
n001[label = "FarthestInsertion"];
n00 -> n001;
n002[label = "FarthestInsertion"];
n00 -> n002;
n0 -> n00;
n01[label = "FarthestInsertion"];
n0 -> n01;
n02[label = "BestMove"];
n0 -> n02;
n -> n0;
n1[label = "FarthestInsertion"];
n -> n1;
n2[label = "If_Then_Else"];
n20[label = "If_Then_Else"];
n200[label = "And"];
n2000[label = "NearestFirstNode"];
n200 -> n2000;
n2001[label = "FarthestInsertion"];
n200 -> n2001;
n20 -> n200;
n201[label = "FarthestInsertion"];
n20 -> n201;
n202[label = "FarthestInsertion"];
n20 -> n202;
n2 -> n20;
n21[label = "FarthestInsertion"];
n2 -> n21;
n22[label = "BestMove"];
n2 -> n22;
n -> n2;
}


Generation: 74
Best Individual:
Subpopulation 0:
Evaluated: true
Fitness: Standardized=0.28440526 Adjusted=0.7785705 Hits=0
Tree 0:
digraph g {
node [shape=rectangle];
n[label = "If_Then_Else"];
n0[label = "If_Then_Else"];
n00[label = "If_Then_Else"];
n000[label = "And"];
n0000[label = "NearestFirstNode"];
n000 -> n0000;
n0001[label = "FarthestInsertion"];
n000 -> n0001;
n00 -> n000;
n001[label = "FarthestInsertion"];
n00 -> n001;
n002[label = "FarthestInsertion"];
n00 -> n002;
n0 -> n00;
n01[label = "FarthestInsertion"];
n0 -> n01;
n02[label = "BestMove"];
n0 -> n02;
n -> n0;
n1[label = "FarthestInsertion"];
n -> n1;
n2[label = "FarthestInsertion"];
n -> n2;
}


Generation: 75
Best Individual:
Subpopulation 0:
Evaluated: true
Fitness: Standardized=0.28440526 Adjusted=0.7785705 Hits=0
Tree 0:
digraph g {
node [shape=rectangle];
n[label = "If_Then_Else"];
n0[label = "If_Then_Else"];
n00[label = "If_Then_Else"];
n000[label = "And"];
n0000[label = "NearestFirstNode"];
n000 -> n0000;
n0001[label = "FarthestInsertion"];
n000 -> n0001;
n00 -> n000;
n001[label = "FarthestInsertion"];
n00 -> n001;
n002[label = "FarthestInsertion"];
n00 -> n002;
n0 -> n00;
n01[label = "FarthestInsertion"];
n0 -> n01;
n02[label = "BestMove"];
n0 -> n02;
n -> n0;
n1[label = "FarthestInsertion"];
n -> n1;
n2[label = "If_Then_Else"];
n20[label = "And"];
n200[label = "NearestFirstNode"];
n20 -> n200;
n201[label = "FarthestInsertion"];
n20 -> n201;
n2 -> n20;
n21[label = "FarthestInsertion"];
n2 -> n21;
n22[label = "FarthestInsertion"];
n2 -> n22;
n -> n2;
}


Generation: 76
Best Individual:
Subpopulation 0:
Evaluated: true
Fitness: Standardized=0.28440526 Adjusted=0.7785705 Hits=0
Tree 0:
digraph g {
node [shape=rectangle];
n[label = "If_Then_Else"];
n0[label = "If_Then_Else"];
n00[label = "If_Then_Else"];
n000[label = "And"];
n0000[label = "NearestFirstNode"];
n000 -> n0000;
n0001[label = "FarthestInsertion"];
n000 -> n0001;
n00 -> n000;
n001[label = "FarthestInsertion"];
n00 -> n001;
n002[label = "FarthestInsertion"];
n00 -> n002;
n0 -> n00;
n01[label = "FarthestInsertion"];
n0 -> n01;
n02[label = "BestMove"];
n0 -> n02;
n -> n0;
n1[label = "FarthestInsertion"];
n -> n1;
n2[label = "FarthestInsertion"];
n -> n2;
}


Generation: 77
Best Individual:
Subpopulation 0:
Evaluated: true
Fitness: Standardized=0.28440526 Adjusted=0.7785705 Hits=0
Tree 0:
digraph g {
node [shape=rectangle];
n[label = "If_Then_Else"];
n0[label = "If_Then_Else"];
n00[label = "If_Then_Else"];
n000[label = "And"];
n0000[label = "NearestFirstNode"];
n000 -> n0000;
n0001[label = "FarthestInsertion"];
n000 -> n0001;
n00 -> n000;
n001[label = "FarthestInsertion"];
n00 -> n001;
n002[label = "FarthestInsertion"];
n00 -> n002;
n0 -> n00;
n01[label = "FarthestInsertion"];
n0 -> n01;
n02[label = "BestMove"];
n0 -> n02;
n -> n0;
n1[label = "FarthestInsertion"];
n -> n1;
n2[label = "If_Then_Else"];
n20[label = "If_Then_Else"];
n200[label = "And"];
n2000[label = "NearestFirstNode"];
n200 -> n2000;
n2001[label = "FarthestInsertion"];
n200 -> n2001;
n20 -> n200;
n201[label = "FarthestInsertion"];
n20 -> n201;
n202[label = "FarthestInsertion"];
n20 -> n202;
n2 -> n20;
n21[label = "FarthestInsertion"];
n2 -> n21;
n22[label = "BestMove"];
n2 -> n22;
n -> n2;
}


Generation: 78
Best Individual:
Subpopulation 0:
Evaluated: true
Fitness: Standardized=0.28440526 Adjusted=0.7785705 Hits=0
Tree 0:
digraph g {
node [shape=rectangle];
n[label = "If_Then_Else"];
n0[label = "If_Then_Else"];
n00[label = "If_Then_Else"];
n000[label = "And"];
n0000[label = "NearestFirstNode"];
n000 -> n0000;
n0001[label = "FarthestInsertion"];
n000 -> n0001;
n00 -> n000;
n001[label = "FarthestInsertion"];
n00 -> n001;
n002[label = "FarthestInsertion"];
n00 -> n002;
n0 -> n00;
n01[label = "FarthestInsertion"];
n0 -> n01;
n02[label = "BestMove"];
n0 -> n02;
n -> n0;
n1[label = "FarthestInsertion"];
n -> n1;
n2[label = "If_Then_Else"];
n20[label = "If_Then_Else"];
n200[label = "And"];
n2000[label = "NearestFirstNode"];
n200 -> n2000;
n2001[label = "FarthestInsertion"];
n200 -> n2001;
n20 -> n200;
n201[label = "FarthestInsertion"];
n20 -> n201;
n202[label = "FarthestInsertion"];
n20 -> n202;
n2 -> n20;
n21[label = "FarthestInsertion"];
n2 -> n21;
n22[label = "BestMove"];
n2 -> n22;
n -> n2;
}


Generation: 79
Best Individual:
Subpopulation 0:
Evaluated: true
Fitness: Standardized=0.28440526 Adjusted=0.7785705 Hits=0
Tree 0:
digraph g {
node [shape=rectangle];
n[label = "If_Then_Else"];
n0[label = "If_Then_Else"];
n00[label = "If_Then_Else"];
n000[label = "And"];
n0000[label = "NearestFirstNode"];
n000 -> n0000;
n0001[label = "FarthestInsertion"];
n000 -> n0001;
n00 -> n000;
n001[label = "FarthestInsertion"];
n00 -> n001;
n002[label = "FarthestInsertion"];
n00 -> n002;
n0 -> n00;
n01[label = "FarthestInsertion"];
n0 -> n01;
n02[label = "BestMove"];
n0 -> n02;
n -> n0;
n1[label = "FarthestInsertion"];
n -> n1;
n2[label = "If_Then_Else"];
n20[label = "If_Then_Else"];
n200[label = "And"];
n2000[label = "NearestFirstNode"];
n200 -> n2000;
n2001[label = "FarthestInsertion"];
n200 -> n2001;
n20 -> n200;
n201[label = "FarthestInsertion"];
n20 -> n201;
n202[label = "FarthestInsertion"];
n20 -> n202;
n2 -> n20;
n21[label = "FarthestInsertion"];
n2 -> n21;
n22[label = "BestMove"];
n2 -> n22;
n -> n2;
}


Generation: 80
Best Individual:
Subpopulation 0:
Evaluated: true
Fitness: Standardized=0.28440526 Adjusted=0.7785705 Hits=0
Tree 0:
digraph g {
node [shape=rectangle];
n[label = "If_Then_Else"];
n0[label = "If_Then_Else"];
n00[label = "If_Then_Else"];
n000[label = "And"];
n0000[label = "NearestFirstNode"];
n000 -> n0000;
n0001[label = "FarthestInsertion"];
n000 -> n0001;
n00 -> n000;
n001[label = "FarthestInsertion"];
n00 -> n001;
n002[label = "FarthestInsertion"];
n00 -> n002;
n0 -> n00;
n01[label = "FarthestInsertion"];
n0 -> n01;
n02[label = "BestMove"];
n0 -> n02;
n -> n0;
n1[label = "FarthestInsertion"];
n -> n1;
n2[label = "If_Then_Else"];
n20[label = "If_Then_Else"];
n200[label = "And"];
n2000[label = "NearestFirstNode"];
n200 -> n2000;
n2001[label = "FarthestInsertion"];
n200 -> n2001;
n20 -> n200;
n201[label = "FarthestInsertion"];
n20 -> n201;
n202[label = "FarthestInsertion"];
n20 -> n202;
n2 -> n20;
n21[label = "FarthestInsertion"];
n2 -> n21;
n22[label = "BestMove"];
n2 -> n22;
n -> n2;
}


Generation: 81
Best Individual:
Subpopulation 0:
Evaluated: true
Fitness: Standardized=0.28440526 Adjusted=0.7785705 Hits=0
Tree 0:
digraph g {
node [shape=rectangle];
n[label = "If_Then_Else"];
n0[label = "If_Then_Else"];
n00[label = "If_Then_Else"];
n000[label = "And"];
n0000[label = "NearestFirstNode"];
n000 -> n0000;
n0001[label = "FarthestInsertion"];
n000 -> n0001;
n00 -> n000;
n001[label = "FarthestInsertion"];
n00 -> n001;
n002[label = "FarthestInsertion"];
n00 -> n002;
n0 -> n00;
n01[label = "FarthestInsertion"];
n0 -> n01;
n02[label = "BestMove"];
n0 -> n02;
n -> n0;
n1[label = "FarthestInsertion"];
n -> n1;
n2[label = "If_Then_Else"];
n20[label = "If_Then_Else"];
n200[label = "And"];
n2000[label = "NearestFirstNode"];
n200 -> n2000;
n2001[label = "FarthestInsertion"];
n200 -> n2001;
n20 -> n200;
n201[label = "FarthestInsertion"];
n20 -> n201;
n202[label = "FarthestInsertion"];
n20 -> n202;
n2 -> n20;
n21[label = "FarthestInsertion"];
n2 -> n21;
n22[label = "BestMove"];
n2 -> n22;
n -> n2;
}


Generation: 82
Best Individual:
Subpopulation 0:
Evaluated: true
Fitness: Standardized=0.28440526 Adjusted=0.7785705 Hits=0
Tree 0:
digraph g {
node [shape=rectangle];
n[label = "If_Then_Else"];
n0[label = "If_Then_Else"];
n00[label = "If_Then_Else"];
n000[label = "And"];
n0000[label = "NearestFirstNode"];
n000 -> n0000;
n0001[label = "FarthestInsertion"];
n000 -> n0001;
n00 -> n000;
n001[label = "FarthestInsertion"];
n00 -> n001;
n002[label = "FarthestInsertion"];
n00 -> n002;
n0 -> n00;
n01[label = "FarthestInsertion"];
n0 -> n01;
n02[label = "BestMove"];
n0 -> n02;
n -> n0;
n1[label = "FarthestInsertion"];
n -> n1;
n2[label = "If_Then_Else"];
n20[label = "If_Then_Else"];
n200[label = "If_Then_Else"];
n2000[label = "FarthestInsertion"];
n200 -> n2000;
n2001[label = "FarthestInsertion"];
n200 -> n2001;
n2002[label = "FarthestInsertion"];
n200 -> n2002;
n20 -> n200;
n201[label = "FarthestInsertion"];
n20 -> n201;
n202[label = "BestMove"];
n20 -> n202;
n2 -> n20;
n21[label = "FarthestInsertion"];
n2 -> n21;
n22[label = "BestMove"];
n2 -> n22;
n -> n2;
}


Generation: 83
Best Individual:
Subpopulation 0:
Evaluated: true
Fitness: Standardized=0.28440526 Adjusted=0.7785705 Hits=0
Tree 0:
digraph g {
node [shape=rectangle];
n[label = "If_Then_Else"];
n0[label = "If_Then_Else"];
n00[label = "If_Then_Else"];
n000[label = "And"];
n0000[label = "NearestFirstNode"];
n000 -> n0000;
n0001[label = "FarthestInsertion"];
n000 -> n0001;
n00 -> n000;
n001[label = "FarthestInsertion"];
n00 -> n001;
n002[label = "FarthestInsertion"];
n00 -> n002;
n0 -> n00;
n01[label = "FarthestInsertion"];
n0 -> n01;
n02[label = "BestMove"];
n0 -> n02;
n -> n0;
n1[label = "FarthestInsertion"];
n -> n1;
n2[label = "If_Then_Else"];
n20[label = "If_Then_Else"];
n200[label = "FarthestInsertion"];
n20 -> n200;
n201[label = "FarthestInsertion"];
n20 -> n201;
n202[label = "BestMove"];
n20 -> n202;
n2 -> n20;
n21[label = "FarthestInsertion"];
n2 -> n21;
n22[label = "BestMove"];
n2 -> n22;
n -> n2;
}


Generation: 84
Best Individual:
Subpopulation 0:
Evaluated: true
Fitness: Standardized=0.28440526 Adjusted=0.7785705 Hits=0
Tree 0:
digraph g {
node [shape=rectangle];
n[label = "If_Then_Else"];
n0[label = "If_Then_Else"];
n00[label = "If_Then_Else"];
n000[label = "And"];
n0000[label = "NearestFirstNode"];
n000 -> n0000;
n0001[label = "FarthestInsertion"];
n000 -> n0001;
n00 -> n000;
n001[label = "FarthestInsertion"];
n00 -> n001;
n002[label = "FarthestInsertion"];
n00 -> n002;
n0 -> n00;
n01[label = "FarthestInsertion"];
n0 -> n01;
n02[label = "BestMove"];
n0 -> n02;
n -> n0;
n1[label = "FarthestInsertion"];
n -> n1;
n2[label = "If_Then_Else"];
n20[label = "FarthestInsertion"];
n2 -> n20;
n21[label = "FarthestInsertion"];
n2 -> n21;
n22[label = "BestMove"];
n2 -> n22;
n -> n2;
}


Generation: 85
Best Individual:
Subpopulation 0:
Evaluated: true
Fitness: Standardized=0.28440526 Adjusted=0.7785705 Hits=0
Tree 0:
digraph g {
node [shape=rectangle];
n[label = "If_Then_Else"];
n0[label = "If_Then_Else"];
n00[label = "If_Then_Else"];
n000[label = "And"];
n0000[label = "NearestFirstNode"];
n000 -> n0000;
n0001[label = "FarthestInsertion"];
n000 -> n0001;
n00 -> n000;
n001[label = "FarthestInsertion"];
n00 -> n001;
n002[label = "FarthestInsertion"];
n00 -> n002;
n0 -> n00;
n01[label = "FarthestInsertion"];
n0 -> n01;
n02[label = "BestMove"];
n0 -> n02;
n -> n0;
n1[label = "FarthestInsertion"];
n -> n1;
n2[label = "If_Then_Else"];
n20[label = "FarthestInsertion"];
n2 -> n20;
n21[label = "FarthestInsertion"];
n2 -> n21;
n22[label = "BestMove"];
n2 -> n22;
n -> n2;
}


Generation: 86
Best Individual:
Subpopulation 0:
Evaluated: true
Fitness: Standardized=0.28440526 Adjusted=0.7785705 Hits=0
Tree 0:
digraph g {
node [shape=rectangle];
n[label = "If_Then_Else"];
n0[label = "If_Then_Else"];
n00[label = "If_Then_Else"];
n000[label = "And"];
n0000[label = "NearestFirstNode"];
n000 -> n0000;
n0001[label = "FarthestInsertion"];
n000 -> n0001;
n00 -> n000;
n001[label = "FarthestInsertion"];
n00 -> n001;
n002[label = "FarthestInsertion"];
n00 -> n002;
n0 -> n00;
n01[label = "FarthestInsertion"];
n0 -> n01;
n02[label = "BestMove"];
n0 -> n02;
n -> n0;
n1[label = "FarthestInsertion"];
n -> n1;
n2[label = "If_Then_Else"];
n20[label = "If_Then_Else"];
n200[label = "NearestNeighbor"];
n20 -> n200;
n201[label = "FarthestInsertion"];
n20 -> n201;
n202[label = "BestMove"];
n20 -> n202;
n2 -> n20;
n21[label = "FarthestInsertion"];
n2 -> n21;
n22[label = "BestMove"];
n2 -> n22;
n -> n2;
}


Generation: 87
Best Individual:
Subpopulation 0:
Evaluated: true
Fitness: Standardized=0.28440526 Adjusted=0.7785705 Hits=0
Tree 0:
digraph g {
node [shape=rectangle];
n[label = "If_Then_Else"];
n0[label = "If_Then_Else"];
n00[label = "If_Then_Else"];
n000[label = "And"];
n0000[label = "NearestFirstNode"];
n000 -> n0000;
n0001[label = "FarthestInsertion"];
n000 -> n0001;
n00 -> n000;
n001[label = "FarthestInsertion"];
n00 -> n001;
n002[label = "FarthestInsertion"];
n00 -> n002;
n0 -> n00;
n01[label = "FarthestInsertion"];
n0 -> n01;
n02[label = "BestMove"];
n0 -> n02;
n -> n0;
n1[label = "FarthestInsertion"];
n -> n1;
n2[label = "FarthestNeighbor"];
n -> n2;
}


Generation: 88
Best Individual:
Subpopulation 0:
Evaluated: true
Fitness: Standardized=0.28440526 Adjusted=0.7785705 Hits=0
Tree 0:
digraph g {
node [shape=rectangle];
n[label = "If_Then_Else"];
n0[label = "If_Then_Else"];
n00[label = "If_Then_Else"];
n000[label = "And"];
n0000[label = "NearestFirstNode"];
n000 -> n0000;
n0001[label = "FarthestInsertion"];
n000 -> n0001;
n00 -> n000;
n001[label = "FarthestInsertion"];
n00 -> n001;
n002[label = "FarthestInsertion"];
n00 -> n002;
n0 -> n00;
n01[label = "FarthestInsertion"];
n0 -> n01;
n02[label = "BestMove"];
n0 -> n02;
n -> n0;
n1[label = "FarthestInsertion"];
n -> n1;
n2[label = "WorstMove"];
n -> n2;
}


Generation: 89
Best Individual:
Subpopulation 0:
Evaluated: true
Fitness: Standardized=0.28440526 Adjusted=0.7785705 Hits=0
Tree 0:
digraph g {
node [shape=rectangle];
n[label = "If_Then_Else"];
n0[label = "If_Then_Else"];
n00[label = "If_Then_Else"];
n000[label = "And"];
n0000[label = "NearestFirstNode"];
n000 -> n0000;
n0001[label = "FarthestInsertion"];
n000 -> n0001;
n00 -> n000;
n001[label = "FarthestInsertion"];
n00 -> n001;
n002[label = "FarthestInsertion"];
n00 -> n002;
n0 -> n00;
n01[label = "FarthestInsertion"];
n0 -> n01;
n02[label = "Or"];
n020[label = "CplexTerminal"];
n02 -> n020;
n021[label = "FarthestNeighbor"];
n02 -> n021;
n0 -> n02;
n -> n0;
n1[label = "FarthestInsertion"];
n -> n1;
n2[label = "WorstMove"];
n -> n2;
}


Generation: 90
Best Individual:
Subpopulation 0:
Evaluated: true
Fitness: Standardized=0.28440526 Adjusted=0.7785705 Hits=0
Tree 0:
digraph g {
node [shape=rectangle];
n[label = "If_Then_Else"];
n0[label = "If_Then_Else"];
n00[label = "If_Then_Else"];
n000[label = "And"];
n0000[label = "NearestFirstNode"];
n000 -> n0000;
n0001[label = "FarthestInsertion"];
n000 -> n0001;
n00 -> n000;
n001[label = "FarthestInsertion"];
n00 -> n001;
n002[label = "FarthestInsertion"];
n00 -> n002;
n0 -> n00;
n01[label = "FarthestInsertion"];
n0 -> n01;
n02[label = "If_Then_Else"];
n020[label = "And"];
n0200[label = "NearestFirstNode"];
n020 -> n0200;
n0201[label = "FarthestInsertion"];
n020 -> n0201;
n02 -> n020;
n021[label = "FarthestInsertion"];
n02 -> n021;
n022[label = "FarthestInsertion"];
n02 -> n022;
n0 -> n02;
n -> n0;
n1[label = "FarthestInsertion"];
n -> n1;
n2[label = "WorstMove"];
n -> n2;
}


Generation: 91
Best Individual:
Subpopulation 0:
Evaluated: true
Fitness: Standardized=0.28440526 Adjusted=0.7785705 Hits=0
Tree 0:
digraph g {
node [shape=rectangle];
n[label = "If_Then_Else"];
n0[label = "If_Then_Else"];
n00[label = "If_Then_Else"];
n000[label = "And"];
n0000[label = "NearestFirstNode"];
n000 -> n0000;
n0001[label = "FarthestInsertion"];
n000 -> n0001;
n00 -> n000;
n001[label = "FarthestInsertion"];
n00 -> n001;
n002[label = "FarthestInsertion"];
n00 -> n002;
n0 -> n00;
n01[label = "FarthestInsertion"];
n0 -> n01;
n02[label = "If_Then_Else"];
n020[label = "BestMove"];
n02 -> n020;
n021[label = "FarthestInsertion"];
n02 -> n021;
n022[label = "FarthestInsertion"];
n02 -> n022;
n0 -> n02;
n -> n0;
n1[label = "FarthestInsertion"];
n -> n1;
n2[label = "And"];
n20[label = "NearestFirstNode"];
n2 -> n20;
n21[label = "FarthestInsertion"];
n2 -> n21;
n -> n2;
}


Generation: 92
Best Individual:
Subpopulation 0:
Evaluated: true
Fitness: Standardized=0.28440526 Adjusted=0.7785705 Hits=0
Tree 0:
digraph g {
node [shape=rectangle];
n[label = "If_Then_Else"];
n0[label = "If_Then_Else"];
n00[label = "If_Then_Else"];
n000[label = "And"];
n0000[label = "NearestFirstNode"];
n000 -> n0000;
n0001[label = "FarthestInsertion"];
n000 -> n0001;
n00 -> n000;
n001[label = "FarthestInsertion"];
n00 -> n001;
n002[label = "FarthestInsertion"];
n00 -> n002;
n0 -> n00;
n01[label = "FarthestInsertion"];
n0 -> n01;
n02[label = "BestMove"];
n0 -> n02;
n -> n0;
n1[label = "FarthestInsertion"];
n -> n1;
n2[label = "FarthestNeighbor"];
n -> n2;
}


Generation: 93
Best Individual:
Subpopulation 0:
Evaluated: true
Fitness: Standardized=0.28440526 Adjusted=0.7785705 Hits=0
Tree 0:
digraph g {
node [shape=rectangle];
n[label = "If_Then_Else"];
n0[label = "If_Then_Else"];
n00[label = "If_Then_Else"];
n000[label = "Equal"];
n0000[label = "NearestFirstNode"];
n000 -> n0000;
n0001[label = "FarthestInsertion"];
n000 -> n0001;
n00 -> n000;
n001[label = "FarthestInsertion"];
n00 -> n001;
n002[label = "FarthestInsertion"];
n00 -> n002;
n0 -> n00;
n01[label = "FarthestInsertion"];
n0 -> n01;
n02[label = "FarthestInsertion"];
n0 -> n02;
n -> n0;
n1[label = "FarthestInsertion"];
n -> n1;
n2[label = "FarthestNeighbor"];
n -> n2;
}


Generation: 94
Best Individual:
Subpopulation 0:
Evaluated: true
Fitness: Standardized=0.28440526 Adjusted=0.7785705 Hits=0
Tree 0:
digraph g {
node [shape=rectangle];
n[label = "If_Then_Else"];
n0[label = "If_Then_Else"];
n00[label = "If_Then_Else"];
n000[label = "Equal"];
n0000[label = "NearestFirstNode"];
n000 -> n0000;
n0001[label = "FarthestInsertion"];
n000 -> n0001;
n00 -> n000;
n001[label = "FarthestInsertion"];
n00 -> n001;
n002[label = "FarthestInsertion"];
n00 -> n002;
n0 -> n00;
n01[label = "FarthestInsertion"];
n0 -> n01;
n02[label = "FarthestInsertion"];
n0 -> n02;
n -> n0;
n1[label = "FarthestInsertion"];
n -> n1;
n2[label = "FarthestNeighbor"];
n -> n2;
}


Generation: 95
Best Individual:
Subpopulation 0:
Evaluated: true
Fitness: Standardized=0.28440526 Adjusted=0.7785705 Hits=0
Tree 0:
digraph g {
node [shape=rectangle];
n[label = "If_Then_Else"];
n0[label = "If_Then_Else"];
n00[label = "If_Then_Else"];
n000[label = "And"];
n0000[label = "NearestFirstNode"];
n000 -> n0000;
n0001[label = "FarthestInsertion"];
n000 -> n0001;
n00 -> n000;
n001[label = "FarthestInsertion"];
n00 -> n001;
n002[label = "FarthestInsertion"];
n00 -> n002;
n0 -> n00;
n01[label = "FarthestInsertion"];
n0 -> n01;
n02[label = "BestMove"];
n0 -> n02;
n -> n0;
n1[label = "FarthestInsertion"];
n -> n1;
n2[label = "FarthestNeighbor"];
n -> n2;
}


Generation: 96
Best Individual:
Subpopulation 0:
Evaluated: true
Fitness: Standardized=0.28440526 Adjusted=0.7785705 Hits=0
Tree 0:
digraph g {
node [shape=rectangle];
n[label = "If_Then_Else"];
n0[label = "If_Then_Else"];
n00[label = "If_Then_Else"];
n000[label = "And"];
n0000[label = "NearestFirstNode"];
n000 -> n0000;
n0001[label = "FarthestInsertion"];
n000 -> n0001;
n00 -> n000;
n001[label = "FarthestInsertion"];
n00 -> n001;
n002[label = "FarthestInsertion"];
n00 -> n002;
n0 -> n00;
n01[label = "FarthestInsertion"];
n0 -> n01;
n02[label = "BestMove"];
n0 -> n02;
n -> n0;
n1[label = "FarthestInsertion"];
n -> n1;
n2[label = "FarthestNeighbor"];
n -> n2;
}


Generation: 97
Best Individual:
Subpopulation 0:
Evaluated: true
Fitness: Standardized=0.28440526 Adjusted=0.7785705 Hits=0
Tree 0:
digraph g {
node [shape=rectangle];
n[label = "If_Then_Else"];
n0[label = "If_Then_Else"];
n00[label = "If_Then_Else"];
n000[label = "And"];
n0000[label = "NearestFirstNode"];
n000 -> n0000;
n0001[label = "FarthestInsertion"];
n000 -> n0001;
n00 -> n000;
n001[label = "FarthestInsertion"];
n00 -> n001;
n002[label = "FarthestInsertion"];
n00 -> n002;
n0 -> n00;
n01[label = "FarthestInsertion"];
n0 -> n01;
n02[label = "BestMove"];
n0 -> n02;
n -> n0;
n1[label = "FarthestInsertion"];
n -> n1;
n2[label = "FarthestNeighbor"];
n -> n2;
}


Generation: 98
Best Individual:
Subpopulation 0:
Evaluated: true
Fitness: Standardized=0.28440526 Adjusted=0.7785705 Hits=0
Tree 0:
digraph g {
node [shape=rectangle];
n[label = "If_Then_Else"];
n0[label = "If_Then_Else"];
n00[label = "If_Then_Else"];
n000[label = "And"];
n0000[label = "NearestFirstNode"];
n000 -> n0000;
n0001[label = "FarthestInsertion"];
n000 -> n0001;
n00 -> n000;
n001[label = "FarthestInsertion"];
n00 -> n001;
n002[label = "FarthestInsertion"];
n00 -> n002;
n0 -> n00;
n01[label = "FarthestInsertion"];
n0 -> n01;
n02[label = "BestMove"];
n0 -> n02;
n -> n0;
n1[label = "FarthestInsertion"];
n -> n1;
n2[label = "FarthestNeighbor"];
n -> n2;
}


Generation: 99
Best Individual:
Subpopulation 0:
Evaluated: true
Fitness: Standardized=0.28440526 Adjusted=0.7785705 Hits=0
Tree 0:
digraph g {
node [shape=rectangle];
n[label = "If_Then_Else"];
n0[label = "If_Then_Else"];
n00[label = "If_Then_Else"];
n000[label = "And"];
n0000[label = "NearestFirstNode"];
n000 -> n0000;
n0001[label = "FarthestInsertion"];
n000 -> n0001;
n00 -> n000;
n001[label = "FarthestInsertion"];
n00 -> n001;
n002[label = "FarthestInsertion"];
n00 -> n002;
n0 -> n00;
n01[label = "FarthestInsertion"];
n0 -> n01;
n02[label = "BestMove"];
n0 -> n02;
n -> n0;
n1[label = "FarthestInsertion"];
n -> n1;
n2[label = "FarthestNeighbor"];
n -> n2;
}


Best Individual of Run:
Subpopulation 0:
Evaluated: true
Fitness: Standardized=0.28440526 Adjusted=0.7785705 Hits=0
Tree 0:
digraph g {
node [shape=rectangle];
n[label = "If_Then_Else"];
n0[label = "If_Then_Else"];
n00[label = "If_Then_Else"];
n000[label = "And"];
n0000[label = "NearestFirstNode"];
n000 -> n0000;
n0001[label = "FarthestInsertion"];
n000 -> n0001;
n00 -> n000;
n001[label = "FarthestInsertion"];
n00 -> n001;
n002[label = "FarthestInsertion"];
n00 -> n002;
n0 -> n00;
n01[label = "FarthestInsertion"];
n0 -> n01;
n02[label = "FarthestInsertion"];
n0 -> n02;
n -> n0;
n1[label = "FarthestInsertion"];
n -> n1;
n2[label = "If_Then_Else"];
n20[label = "If_Then"];
n200[label = "NearestNeighbor"];
n20 -> n200;
n201[label = "FarthestNeighbor"];
n20 -> n201;
n2 -> n20;
n21[label = "FarthestInsertion"];
n2 -> n21;
n22[label = "FarthestFirstNode"];
n2 -> n22;
n -> n2;
}

