
Generation: 0
Best Individual:
Subpopulation 0:
Evaluated: true
Fitness: Standardized=0.29756382 Adjusted=0.770675 Hits=0
Tree 0:
digraph g {
node [shape=rectangle];
n[label = "Equal"];
n0[label = "Equal"];
n00[label = "Or"];
n000[label = "NearestFirstNode"];
n00 -> n000;
n001[label = "NearestInsertion"];
n00 -> n001;
n0 -> n00;
n01[label = "And"];
n010[label = "FarthestInsertion"];
n01 -> n010;
n011[label = "FarthestFirstNode"];
n01 -> n011;
n0 -> n01;
n -> n0;
n1[label = "Equal"];
n10[label = "And"];
n100[label = "FarthestNeighbor"];
n10 -> n100;
n101[label = "FarthestNeighbor"];
n10 -> n101;
n1 -> n10;
n11[label = "Or"];
n110[label = "FarthestInsertion"];
n11 -> n110;
n111[label = "NearestFirstNode"];
n11 -> n111;
n1 -> n11;
n -> n1;
}


Generation: 1
Best Individual:
Subpopulation 0:
Evaluated: true
Fitness: Standardized=0.29756382 Adjusted=0.770675 Hits=0
Tree 0:
digraph g {
node [shape=rectangle];
n[label = "Equal"];
n0[label = "Equal"];
n00[label = "Or"];
n000[label = "NearestFirstNode"];
n00 -> n000;
n001[label = "NearestInsertion"];
n00 -> n001;
n0 -> n00;
n01[label = "And"];
n010[label = "FarthestInsertion"];
n01 -> n010;
n011[label = "FarthestFirstNode"];
n01 -> n011;
n0 -> n01;
n -> n0;
n1[label = "Equal"];
n10[label = "And"];
n100[label = "FarthestNeighbor"];
n10 -> n100;
n101[label = "FarthestNeighbor"];
n10 -> n101;
n1 -> n10;
n11[label = "Or"];
n110[label = "FarthestInsertion"];
n11 -> n110;
n111[label = "NearestFirstNode"];
n11 -> n111;
n1 -> n11;
n -> n1;
}


Generation: 2
Best Individual:
Subpopulation 0:
Evaluated: true
Fitness: Standardized=0.29756382 Adjusted=0.770675 Hits=0
Tree 0:
digraph g {
node [shape=rectangle];
n[label = "Equal"];
n0[label = "Equal"];
n00[label = "Or"];
n000[label = "NearestFirstNode"];
n00 -> n000;
n001[label = "NearestInsertion"];
n00 -> n001;
n0 -> n00;
n01[label = "And"];
n010[label = "FarthestInsertion"];
n01 -> n010;
n011[label = "FarthestFirstNode"];
n01 -> n011;
n0 -> n01;
n -> n0;
n1[label = "Equal"];
n10[label = "And"];
n100[label = "FarthestInsertion"];
n10 -> n100;
n101[label = "FarthestFirstNode"];
n10 -> n101;
n1 -> n10;
n11[label = "Or"];
n110[label = "FarthestInsertion"];
n11 -> n110;
n111[label = "NearestFirstNode"];
n11 -> n111;
n1 -> n11;
n -> n1;
}


Generation: 3
Best Individual:
Subpopulation 0:
Evaluated: true
Fitness: Standardized=0.27883905 Adjusted=0.7819592 Hits=0
Tree 0:
digraph g {
node [shape=rectangle];
n[label = "Equal"];
n0[label = "Equal"];
n00[label = "Or"];
n000[label = "NearestFirstNode"];
n00 -> n000;
n001[label = "NearestInsertion"];
n00 -> n001;
n0 -> n00;
n01[label = "And"];
n010[label = "FarthestInsertion"];
n01 -> n010;
n011[label = "FarthestFirstNode"];
n01 -> n011;
n0 -> n01;
n -> n0;
n1[label = "Equal"];
n10[label = "And"];
n100[label = "FarthestInsertion"];
n10 -> n100;
n101[label = "FarthestFirstNode"];
n10 -> n101;
n1 -> n10;
n11[label = "NearestInsertion"];
n1 -> n11;
n -> n1;
}


Generation: 4
Best Individual:
Subpopulation 0:
Evaluated: true
Fitness: Standardized=0.27883905 Adjusted=0.7819592 Hits=0
Tree 0:
digraph g {
node [shape=rectangle];
n[label = "Equal"];
n0[label = "Equal"];
n00[label = "Or"];
n000[label = "NearestFirstNode"];
n00 -> n000;
n001[label = "NearestInsertion"];
n00 -> n001;
n0 -> n00;
n01[label = "And"];
n010[label = "FarthestInsertion"];
n01 -> n010;
n011[label = "FarthestFirstNode"];
n01 -> n011;
n0 -> n01;
n -> n0;
n1[label = "Equal"];
n10[label = "And"];
n100[label = "FarthestInsertion"];
n10 -> n100;
n101[label = "FarthestFirstNode"];
n10 -> n101;
n1 -> n10;
n11[label = "NearestInsertion"];
n1 -> n11;
n -> n1;
}


Generation: 5
Best Individual:
Subpopulation 0:
Evaluated: true
Fitness: Standardized=0.27804554 Adjusted=0.7824447 Hits=0
Tree 0:
digraph g {
node [shape=rectangle];
n[label = "Equal"];
n0[label = "Equal"];
n00[label = "Or"];
n000[label = "NearestFirstNode"];
n00 -> n000;
n001[label = "NearestInsertion"];
n00 -> n001;
n0 -> n00;
n01[label = "And"];
n010[label = "FarthestInsertion"];
n01 -> n010;
n011[label = "FarthestFirstNode"];
n01 -> n011;
n0 -> n01;
n -> n0;
n1[label = "Equal"];
n10[label = "Or"];
n100[label = "NearestFirstNode"];
n10 -> n100;
n101[label = "NearestInsertion"];
n10 -> n101;
n1 -> n10;
n11[label = "And"];
n110[label = "FarthestNeighbor"];
n11 -> n110;
n111[label = "FarthestNeighbor"];
n11 -> n111;
n1 -> n11;
n -> n1;
}


Generation: 6
Best Individual:
Subpopulation 0:
Evaluated: true
Fitness: Standardized=0.27804554 Adjusted=0.7824447 Hits=0
Tree 0:
digraph g {
node [shape=rectangle];
n[label = "Equal"];
n0[label = "Equal"];
n00[label = "Or"];
n000[label = "NearestFirstNode"];
n00 -> n000;
n001[label = "NearestInsertion"];
n00 -> n001;
n0 -> n00;
n01[label = "And"];
n010[label = "FarthestInsertion"];
n01 -> n010;
n011[label = "FarthestFirstNode"];
n01 -> n011;
n0 -> n01;
n -> n0;
n1[label = "Equal"];
n10[label = "Or"];
n100[label = "NearestFirstNode"];
n10 -> n100;
n101[label = "NearestInsertion"];
n10 -> n101;
n1 -> n10;
n11[label = "And"];
n110[label = "FarthestNeighbor"];
n11 -> n110;
n111[label = "FarthestNeighbor"];
n11 -> n111;
n1 -> n11;
n -> n1;
}


Generation: 7
Best Individual:
Subpopulation 0:
Evaluated: true
Fitness: Standardized=0.27804554 Adjusted=0.7824447 Hits=0
Tree 0:
digraph g {
node [shape=rectangle];
n[label = "Equal"];
n0[label = "Equal"];
n00[label = "Or"];
n000[label = "NearestFirstNode"];
n00 -> n000;
n001[label = "NearestInsertion"];
n00 -> n001;
n0 -> n00;
n01[label = "And"];
n010[label = "FarthestInsertion"];
n01 -> n010;
n011[label = "FarthestFirstNode"];
n01 -> n011;
n0 -> n01;
n -> n0;
n1[label = "Equal"];
n10[label = "Or"];
n100[label = "NearestFirstNode"];
n10 -> n100;
n101[label = "NearestInsertion"];
n10 -> n101;
n1 -> n10;
n11[label = "And"];
n110[label = "FarthestNeighbor"];
n11 -> n110;
n111[label = "FarthestNeighbor"];
n11 -> n111;
n1 -> n11;
n -> n1;
}


Generation: 8
Best Individual:
Subpopulation 0:
Evaluated: true
Fitness: Standardized=0.27804554 Adjusted=0.7824447 Hits=0
Tree 0:
digraph g {
node [shape=rectangle];
n[label = "Equal"];
n0[label = "Equal"];
n00[label = "Or"];
n000[label = "NearestFirstNode"];
n00 -> n000;
n001[label = "NearestInsertion"];
n00 -> n001;
n0 -> n00;
n01[label = "And"];
n010[label = "FarthestInsertion"];
n01 -> n010;
n011[label = "FarthestFirstNode"];
n01 -> n011;
n0 -> n01;
n -> n0;
n1[label = "Equal"];
n10[label = "Or"];
n100[label = "NearestFirstNode"];
n10 -> n100;
n101[label = "NearestInsertion"];
n10 -> n101;
n1 -> n10;
n11[label = "And"];
n110[label = "FarthestNeighbor"];
n11 -> n110;
n111[label = "FarthestNeighbor"];
n11 -> n111;
n1 -> n11;
n -> n1;
}


Generation: 9
Best Individual:
Subpopulation 0:
Evaluated: true
Fitness: Standardized=0.27804554 Adjusted=0.7824447 Hits=0
Tree 0:
digraph g {
node [shape=rectangle];
n[label = "Equal"];
n0[label = "Equal"];
n00[label = "Or"];
n000[label = "NearestFirstNode"];
n00 -> n000;
n001[label = "NearestInsertion"];
n00 -> n001;
n0 -> n00;
n01[label = "And"];
n010[label = "FarthestInsertion"];
n01 -> n010;
n011[label = "FarthestFirstNode"];
n01 -> n011;
n0 -> n01;
n -> n0;
n1[label = "Equal"];
n10[label = "Or"];
n100[label = "NearestFirstNode"];
n10 -> n100;
n101[label = "Or"];
n1010[label = "NearestFirstNode"];
n101 -> n1010;
n1011[label = "NearestInsertion"];
n101 -> n1011;
n10 -> n101;
n1 -> n10;
n11[label = "And"];
n110[label = "FarthestNeighbor"];
n11 -> n110;
n111[label = "FarthestNeighbor"];
n11 -> n111;
n1 -> n11;
n -> n1;
}


Generation: 10
Best Individual:
Subpopulation 0:
Evaluated: true
Fitness: Standardized=0.27804554 Adjusted=0.7824447 Hits=0
Tree 0:
digraph g {
node [shape=rectangle];
n[label = "Equal"];
n0[label = "Equal"];
n00[label = "Or"];
n000[label = "NearestFirstNode"];
n00 -> n000;
n001[label = "NearestInsertion"];
n00 -> n001;
n0 -> n00;
n01[label = "And"];
n010[label = "FarthestInsertion"];
n01 -> n010;
n011[label = "FarthestFirstNode"];
n01 -> n011;
n0 -> n01;
n -> n0;
n1[label = "Equal"];
n10[label = "Or"];
n100[label = "NearestFirstNode"];
n10 -> n100;
n101[label = "NearestInsertion"];
n10 -> n101;
n1 -> n10;
n11[label = "And"];
n110[label = "FarthestNeighbor"];
n11 -> n110;
n111[label = "FarthestNeighbor"];
n11 -> n111;
n1 -> n11;
n -> n1;
}


Generation: 11
Best Individual:
Subpopulation 0:
Evaluated: true
Fitness: Standardized=0.27804554 Adjusted=0.7824447 Hits=0
Tree 0:
digraph g {
node [shape=rectangle];
n[label = "Equal"];
n0[label = "Equal"];
n00[label = "Or"];
n000[label = "NearestFirstNode"];
n00 -> n000;
n001[label = "NearestInsertion"];
n00 -> n001;
n0 -> n00;
n01[label = "And"];
n010[label = "FarthestInsertion"];
n01 -> n010;
n011[label = "FarthestFirstNode"];
n01 -> n011;
n0 -> n01;
n -> n0;
n1[label = "Equal"];
n10[label = "Or"];
n100[label = "NearestFirstNode"];
n10 -> n100;
n101[label = "NearestInsertion"];
n10 -> n101;
n1 -> n10;
n11[label = "And"];
n110[label = "FarthestNeighbor"];
n11 -> n110;
n111[label = "FarthestNeighbor"];
n11 -> n111;
n1 -> n11;
n -> n1;
}


Generation: 12
Best Individual:
Subpopulation 0:
Evaluated: true
Fitness: Standardized=0.27804554 Adjusted=0.7824447 Hits=0
Tree 0:
digraph g {
node [shape=rectangle];
n[label = "Equal"];
n0[label = "Equal"];
n00[label = "Or"];
n000[label = "NearestFirstNode"];
n00 -> n000;
n001[label = "NearestInsertion"];
n00 -> n001;
n0 -> n00;
n01[label = "And"];
n010[label = "FarthestInsertion"];
n01 -> n010;
n011[label = "FarthestFirstNode"];
n01 -> n011;
n0 -> n01;
n -> n0;
n1[label = "Equal"];
n10[label = "Or"];
n100[label = "NearestFirstNode"];
n10 -> n100;
n101[label = "NearestInsertion"];
n10 -> n101;
n1 -> n10;
n11[label = "And"];
n110[label = "FarthestNeighbor"];
n11 -> n110;
n111[label = "FarthestNeighbor"];
n11 -> n111;
n1 -> n11;
n -> n1;
}


Generation: 13
Best Individual:
Subpopulation 0:
Evaluated: true
Fitness: Standardized=0.27804554 Adjusted=0.7824447 Hits=0
Tree 0:
digraph g {
node [shape=rectangle];
n[label = "Equal"];
n0[label = "Equal"];
n00[label = "Or"];
n000[label = "NearestFirstNode"];
n00 -> n000;
n001[label = "NearestInsertion"];
n00 -> n001;
n0 -> n00;
n01[label = "And"];
n010[label = "FarthestInsertion"];
n01 -> n010;
n011[label = "FarthestFirstNode"];
n01 -> n011;
n0 -> n01;
n -> n0;
n1[label = "Equal"];
n10[label = "Or"];
n100[label = "NearestFirstNode"];
n10 -> n100;
n101[label = "And"];
n1010[label = "FarthestInsertion"];
n101 -> n1010;
n1011[label = "FarthestFirstNode"];
n101 -> n1011;
n10 -> n101;
n1 -> n10;
n11[label = "And"];
n110[label = "FarthestNeighbor"];
n11 -> n110;
n111[label = "FarthestNeighbor"];
n11 -> n111;
n1 -> n11;
n -> n1;
}


Generation: 14
Best Individual:
Subpopulation 0:
Evaluated: true
Fitness: Standardized=0.27804554 Adjusted=0.7824447 Hits=0
Tree 0:
digraph g {
node [shape=rectangle];
n[label = "Equal"];
n0[label = "Equal"];
n00[label = "Or"];
n000[label = "NearestFirstNode"];
n00 -> n000;
n001[label = "NearestInsertion"];
n00 -> n001;
n0 -> n00;
n01[label = "And"];
n010[label = "FarthestInsertion"];
n01 -> n010;
n011[label = "FarthestFirstNode"];
n01 -> n011;
n0 -> n01;
n -> n0;
n1[label = "Equal"];
n10[label = "Or"];
n100[label = "NearestFirstNode"];
n10 -> n100;
n101[label = "And"];
n1010[label = "FarthestInsertion"];
n101 -> n1010;
n1011[label = "FarthestFirstNode"];
n101 -> n1011;
n10 -> n101;
n1 -> n10;
n11[label = "And"];
n110[label = "FarthestNeighbor"];
n11 -> n110;
n111[label = "FarthestNeighbor"];
n11 -> n111;
n1 -> n11;
n -> n1;
}


Generation: 15
Best Individual:
Subpopulation 0:
Evaluated: true
Fitness: Standardized=0.27804554 Adjusted=0.7824447 Hits=0
Tree 0:
digraph g {
node [shape=rectangle];
n[label = "Equal"];
n0[label = "Equal"];
n00[label = "Or"];
n000[label = "NearestFirstNode"];
n00 -> n000;
n001[label = "NearestInsertion"];
n00 -> n001;
n0 -> n00;
n01[label = "And"];
n010[label = "FarthestInsertion"];
n01 -> n010;
n011[label = "FarthestFirstNode"];
n01 -> n011;
n0 -> n01;
n -> n0;
n1[label = "Equal"];
n10[label = "Or"];
n100[label = "NearestFirstNode"];
n10 -> n100;
n101[label = "Or"];
n1010[label = "NearestFirstNode"];
n101 -> n1010;
n1011[label = "NearestInsertion"];
n101 -> n1011;
n10 -> n101;
n1 -> n10;
n11[label = "And"];
n110[label = "FarthestNeighbor"];
n11 -> n110;
n111[label = "FarthestNeighbor"];
n11 -> n111;
n1 -> n11;
n -> n1;
}


Generation: 16
Best Individual:
Subpopulation 0:
Evaluated: true
Fitness: Standardized=0.27804554 Adjusted=0.7824447 Hits=0
Tree 0:
digraph g {
node [shape=rectangle];
n[label = "Equal"];
n0[label = "Equal"];
n00[label = "NearestFirstNode"];
n0 -> n00;
n01[label = "And"];
n010[label = "FarthestInsertion"];
n01 -> n010;
n011[label = "FarthestFirstNode"];
n01 -> n011;
n0 -> n01;
n -> n0;
n1[label = "Equal"];
n10[label = "Or"];
n100[label = "NearestFirstNode"];
n10 -> n100;
n101[label = "NearestInsertion"];
n10 -> n101;
n1 -> n10;
n11[label = "And"];
n110[label = "FarthestNeighbor"];
n11 -> n110;
n111[label = "FarthestNeighbor"];
n11 -> n111;
n1 -> n11;
n -> n1;
}


Generation: 17
Best Individual:
Subpopulation 0:
Evaluated: true
Fitness: Standardized=0.27804554 Adjusted=0.7824447 Hits=0
Tree 0:
digraph g {
node [shape=rectangle];
n[label = "Equal"];
n0[label = "Equal"];
n00[label = "Or"];
n000[label = "NearestFirstNode"];
n00 -> n000;
n001[label = "NearestInsertion"];
n00 -> n001;
n0 -> n00;
n01[label = "And"];
n010[label = "FarthestInsertion"];
n01 -> n010;
n011[label = "FarthestFirstNode"];
n01 -> n011;
n0 -> n01;
n -> n0;
n1[label = "Equal"];
n10[label = "Or"];
n100[label = "NearestFirstNode"];
n10 -> n100;
n101[label = "NearestInsertion"];
n10 -> n101;
n1 -> n10;
n11[label = "And"];
n110[label = "FarthestNeighbor"];
n11 -> n110;
n111[label = "FarthestNeighbor"];
n11 -> n111;
n1 -> n11;
n -> n1;
}


Generation: 18
Best Individual:
Subpopulation 0:
Evaluated: true
Fitness: Standardized=0.272673 Adjusted=0.78574777 Hits=0
Tree 0:
digraph g {
node [shape=rectangle];
n[label = "Equal"];
n0[label = "Equal"];
n00[label = "Or"];
n000[label = "NearestFirstNode"];
n00 -> n000;
n001[label = "NearestInsertion"];
n00 -> n001;
n0 -> n00;
n01[label = "And"];
n010[label = "FarthestInsertion"];
n01 -> n010;
n011[label = "FarthestFirstNode"];
n01 -> n011;
n0 -> n01;
n -> n0;
n1[label = "Equal"];
n10[label = "Or"];
n100[label = "NearestFirstNode"];
n10 -> n100;
n101[label = "NearestInsertion"];
n10 -> n101;
n1 -> n10;
n11[label = "If_Then"];
n110[label = "FarthestNeighbor"];
n11 -> n110;
n111[label = "If_Then"];
n1110[label = "NearestInsertion"];
n111 -> n1110;
n1111[label = "FarthestNeighbor"];
n111 -> n1111;
n11 -> n111;
n1 -> n11;
n -> n1;
}


Generation: 19
Best Individual:
Subpopulation 0:
Evaluated: true
Fitness: Standardized=0.272673 Adjusted=0.78574777 Hits=0
Tree 0:
digraph g {
node [shape=rectangle];
n[label = "Equal"];
n0[label = "Equal"];
n00[label = "Or"];
n000[label = "NearestFirstNode"];
n00 -> n000;
n001[label = "NearestInsertion"];
n00 -> n001;
n0 -> n00;
n01[label = "And"];
n010[label = "FarthestInsertion"];
n01 -> n010;
n011[label = "FarthestFirstNode"];
n01 -> n011;
n0 -> n01;
n -> n0;
n1[label = "Equal"];
n10[label = "Or"];
n100[label = "NearestFirstNode"];
n10 -> n100;
n101[label = "NearestInsertion"];
n10 -> n101;
n1 -> n10;
n11[label = "If_Then"];
n110[label = "FarthestNeighbor"];
n11 -> n110;
n111[label = "If_Then"];
n1110[label = "NearestInsertion"];
n111 -> n1110;
n1111[label = "FarthestNeighbor"];
n111 -> n1111;
n11 -> n111;
n1 -> n11;
n -> n1;
}


Generation: 20
Best Individual:
Subpopulation 0:
Evaluated: true
Fitness: Standardized=0.272673 Adjusted=0.78574777 Hits=0
Tree 0:
digraph g {
node [shape=rectangle];
n[label = "Equal"];
n0[label = "Equal"];
n00[label = "Or"];
n000[label = "NearestFirstNode"];
n00 -> n000;
n001[label = "NearestFirstNode"];
n00 -> n001;
n0 -> n00;
n01[label = "And"];
n010[label = "FarthestInsertion"];
n01 -> n010;
n011[label = "FarthestFirstNode"];
n01 -> n011;
n0 -> n01;
n -> n0;
n1[label = "Equal"];
n10[label = "Or"];
n100[label = "NearestFirstNode"];
n10 -> n100;
n101[label = "NearestInsertion"];
n10 -> n101;
n1 -> n10;
n11[label = "If_Then"];
n110[label = "FarthestNeighbor"];
n11 -> n110;
n111[label = "If_Then"];
n1110[label = "NearestInsertion"];
n111 -> n1110;
n1111[label = "FarthestNeighbor"];
n111 -> n1111;
n11 -> n111;
n1 -> n11;
n -> n1;
}


Generation: 21
Best Individual:
Subpopulation 0:
Evaluated: true
Fitness: Standardized=0.272673 Adjusted=0.78574777 Hits=0
Tree 0:
digraph g {
node [shape=rectangle];
n[label = "Equal"];
n0[label = "Equal"];
n00[label = "Or"];
n000[label = "NearestFirstNode"];
n00 -> n000;
n001[label = "NearestFirstNode"];
n00 -> n001;
n0 -> n00;
n01[label = "And"];
n010[label = "FarthestInsertion"];
n01 -> n010;
n011[label = "FarthestFirstNode"];
n01 -> n011;
n0 -> n01;
n -> n0;
n1[label = "Equal"];
n10[label = "Or"];
n100[label = "NearestFirstNode"];
n10 -> n100;
n101[label = "NearestInsertion"];
n10 -> n101;
n1 -> n10;
n11[label = "If_Then"];
n110[label = "FarthestNeighbor"];
n11 -> n110;
n111[label = "If_Then"];
n1110[label = "NearestInsertion"];
n111 -> n1110;
n1111[label = "FarthestNeighbor"];
n111 -> n1111;
n11 -> n111;
n1 -> n11;
n -> n1;
}


Generation: 22
Best Individual:
Subpopulation 0:
Evaluated: true
Fitness: Standardized=0.272673 Adjusted=0.78574777 Hits=0
Tree 0:
digraph g {
node [shape=rectangle];
n[label = "Equal"];
n0[label = "Equal"];
n00[label = "Or"];
n000[label = "NearestFirstNode"];
n00 -> n000;
n001[label = "NearestInsertion"];
n00 -> n001;
n0 -> n00;
n01[label = "And"];
n010[label = "FarthestInsertion"];
n01 -> n010;
n011[label = "FarthestFirstNode"];
n01 -> n011;
n0 -> n01;
n -> n0;
n1[label = "Equal"];
n10[label = "Or"];
n100[label = "NearestFirstNode"];
n10 -> n100;
n101[label = "NearestInsertion"];
n10 -> n101;
n1 -> n10;
n11[label = "If_Then"];
n110[label = "FarthestNeighbor"];
n11 -> n110;
n111[label = "If_Then"];
n1110[label = "NearestInsertion"];
n111 -> n1110;
n1111[label = "FarthestNeighbor"];
n111 -> n1111;
n11 -> n111;
n1 -> n11;
n -> n1;
}


Generation: 23
Best Individual:
Subpopulation 0:
Evaluated: true
Fitness: Standardized=0.26961932 Adjusted=0.78763765 Hits=0
Tree 0:
digraph g {
node [shape=rectangle];
n[label = "Equal"];
n0[label = "Equal"];
n00[label = "Or"];
n000[label = "NearestFirstNode"];
n00 -> n000;
n001[label = "NearestInsertion"];
n00 -> n001;
n0 -> n00;
n01[label = "If_Then"];
n010[label = "FarthestNeighbor"];
n01 -> n010;
n011[label = "If_Then"];
n0110[label = "NearestInsertion"];
n011 -> n0110;
n0111[label = "FarthestNeighbor"];
n011 -> n0111;
n01 -> n011;
n0 -> n01;
n -> n0;
n1[label = "Equal"];
n10[label = "Or"];
n100[label = "NearestFirstNode"];
n10 -> n100;
n101[label = "NearestInsertion"];
n10 -> n101;
n1 -> n10;
n11[label = "If_Then"];
n110[label = "FarthestNeighbor"];
n11 -> n110;
n111[label = "If_Then"];
n1110[label = "NearestInsertion"];
n111 -> n1110;
n1111[label = "FarthestNeighbor"];
n111 -> n1111;
n11 -> n111;
n1 -> n11;
n -> n1;
}


Generation: 24
Best Individual:
Subpopulation 0:
Evaluated: true
Fitness: Standardized=0.2673291 Adjusted=0.789061 Hits=0
Tree 0:
digraph g {
node [shape=rectangle];
n[label = "Equal"];
n0[label = "Equal"];
n00[label = "Or"];
n000[label = "NearestFirstNode"];
n00 -> n000;
n001[label = "NearestInsertion"];
n00 -> n001;
n0 -> n00;
n01[label = "And"];
n010[label = "FarthestInsertion"];
n01 -> n010;
n011[label = "FarthestFirstNode"];
n01 -> n011;
n0 -> n01;
n -> n0;
n1[label = "Equal"];
n10[label = "Or"];
n100[label = "WorstMove"];
n10 -> n100;
n101[label = "NearestFirstNode"];
n10 -> n101;
n1 -> n10;
n11[label = "And"];
n110[label = "FarthestInsertion"];
n11 -> n110;
n111[label = "FarthestFirstNode"];
n11 -> n111;
n1 -> n11;
n -> n1;
}


Generation: 25
Best Individual:
Subpopulation 0:
Evaluated: true
Fitness: Standardized=0.2673291 Adjusted=0.789061 Hits=0
Tree 0:
digraph g {
node [shape=rectangle];
n[label = "Equal"];
n0[label = "Equal"];
n00[label = "Or"];
n000[label = "NearestFirstNode"];
n00 -> n000;
n001[label = "NearestInsertion"];
n00 -> n001;
n0 -> n00;
n01[label = "And"];
n010[label = "FarthestInsertion"];
n01 -> n010;
n011[label = "FarthestFirstNode"];
n01 -> n011;
n0 -> n01;
n -> n0;
n1[label = "Equal"];
n10[label = "Or"];
n100[label = "WorstMove"];
n10 -> n100;
n101[label = "NearestFirstNode"];
n10 -> n101;
n1 -> n10;
n11[label = "And"];
n110[label = "FarthestInsertion"];
n11 -> n110;
n111[label = "FarthestFirstNode"];
n11 -> n111;
n1 -> n11;
n -> n1;
}


Generation: 26
Best Individual:
Subpopulation 0:
Evaluated: true
Fitness: Standardized=0.2673291 Adjusted=0.789061 Hits=0
Tree 0:
digraph g {
node [shape=rectangle];
n[label = "Equal"];
n0[label = "Equal"];
n00[label = "Or"];
n000[label = "NearestFirstNode"];
n00 -> n000;
n001[label = "FarthestInsertion"];
n00 -> n001;
n0 -> n00;
n01[label = "And"];
n010[label = "FarthestInsertion"];
n01 -> n010;
n011[label = "FarthestFirstNode"];
n01 -> n011;
n0 -> n01;
n -> n0;
n1[label = "Equal"];
n10[label = "Or"];
n100[label = "WorstMove"];
n10 -> n100;
n101[label = "NearestFirstNode"];
n10 -> n101;
n1 -> n10;
n11[label = "And"];
n110[label = "FarthestInsertion"];
n11 -> n110;
n111[label = "FarthestFirstNode"];
n11 -> n111;
n1 -> n11;
n -> n1;
}


Generation: 27
Best Individual:
Subpopulation 0:
Evaluated: true
Fitness: Standardized=0.2673291 Adjusted=0.789061 Hits=0
Tree 0:
digraph g {
node [shape=rectangle];
n[label = "Equal"];
n0[label = "Equal"];
n00[label = "Or"];
n000[label = "NearestFirstNode"];
n00 -> n000;
n001[label = "FarthestInsertion"];
n00 -> n001;
n0 -> n00;
n01[label = "And"];
n010[label = "FarthestInsertion"];
n01 -> n010;
n011[label = "FarthestFirstNode"];
n01 -> n011;
n0 -> n01;
n -> n0;
n1[label = "Equal"];
n10[label = "Or"];
n100[label = "WorstMove"];
n10 -> n100;
n101[label = "NearestFirstNode"];
n10 -> n101;
n1 -> n10;
n11[label = "And"];
n110[label = "FarthestInsertion"];
n11 -> n110;
n111[label = "FarthestFirstNode"];
n11 -> n111;
n1 -> n11;
n -> n1;
}


Generation: 28
Best Individual:
Subpopulation 0:
Evaluated: true
Fitness: Standardized=0.2673291 Adjusted=0.789061 Hits=0
Tree 0:
digraph g {
node [shape=rectangle];
n[label = "Equal"];
n0[label = "Equal"];
n00[label = "Or"];
n000[label = "WorstMove"];
n00 -> n000;
n001[label = "NearestFirstNode"];
n00 -> n001;
n0 -> n00;
n01[label = "And"];
n010[label = "FarthestInsertion"];
n01 -> n010;
n011[label = "FarthestFirstNode"];
n01 -> n011;
n0 -> n01;
n -> n0;
n1[label = "Equal"];
n10[label = "Or"];
n100[label = "WorstMove"];
n10 -> n100;
n101[label = "NearestFirstNode"];
n10 -> n101;
n1 -> n10;
n11[label = "And"];
n110[label = "FarthestInsertion"];
n11 -> n110;
n111[label = "FarthestFirstNode"];
n11 -> n111;
n1 -> n11;
n -> n1;
}


Generation: 29
Best Individual:
Subpopulation 0:
Evaluated: true
Fitness: Standardized=0.2673291 Adjusted=0.789061 Hits=0
Tree 0:
digraph g {
node [shape=rectangle];
n[label = "Equal"];
n0[label = "Equal"];
n00[label = "Or"];
n000[label = "NearestFirstNode"];
n00 -> n000;
n001[label = "NearestInsertion"];
n00 -> n001;
n0 -> n00;
n01[label = "And"];
n010[label = "FarthestInsertion"];
n01 -> n010;
n011[label = "FarthestFirstNode"];
n01 -> n011;
n0 -> n01;
n -> n0;
n1[label = "Equal"];
n10[label = "Or"];
n100[label = "WorstMove"];
n10 -> n100;
n101[label = "NearestFirstNode"];
n10 -> n101;
n1 -> n10;
n11[label = "And"];
n110[label = "FarthestInsertion"];
n11 -> n110;
n111[label = "FarthestFirstNode"];
n11 -> n111;
n1 -> n11;
n -> n1;
}


Generation: 30
Best Individual:
Subpopulation 0:
Evaluated: true
Fitness: Standardized=0.2673291 Adjusted=0.789061 Hits=0
Tree 0:
digraph g {
node [shape=rectangle];
n[label = "Equal"];
n0[label = "Equal"];
n00[label = "Or"];
n000[label = "NearestFirstNode"];
n00 -> n000;
n001[label = "NearestInsertion"];
n00 -> n001;
n0 -> n00;
n01[label = "And"];
n010[label = "FarthestInsertion"];
n01 -> n010;
n011[label = "FarthestFirstNode"];
n01 -> n011;
n0 -> n01;
n -> n0;
n1[label = "Equal"];
n10[label = "Or"];
n100[label = "WorstMove"];
n10 -> n100;
n101[label = "NearestFirstNode"];
n10 -> n101;
n1 -> n10;
n11[label = "And"];
n110[label = "FarthestInsertion"];
n11 -> n110;
n111[label = "FarthestFirstNode"];
n11 -> n111;
n1 -> n11;
n -> n1;
}


Generation: 31
Best Individual:
Subpopulation 0:
Evaluated: true
Fitness: Standardized=0.2673291 Adjusted=0.789061 Hits=0
Tree 0:
digraph g {
node [shape=rectangle];
n[label = "Equal"];
n0[label = "Equal"];
n00[label = "Or"];
n000[label = "NearestFirstNode"];
n00 -> n000;
n001[label = "NearestInsertion"];
n00 -> n001;
n0 -> n00;
n01[label = "And"];
n010[label = "FarthestInsertion"];
n01 -> n010;
n011[label = "FarthestFirstNode"];
n01 -> n011;
n0 -> n01;
n -> n0;
n1[label = "Equal"];
n10[label = "Or"];
n100[label = "WorstMove"];
n10 -> n100;
n101[label = "NearestFirstNode"];
n10 -> n101;
n1 -> n10;
n11[label = "And"];
n110[label = "FarthestInsertion"];
n11 -> n110;
n111[label = "FarthestFirstNode"];
n11 -> n111;
n1 -> n11;
n -> n1;
}


Generation: 32
Best Individual:
Subpopulation 0:
Evaluated: true
Fitness: Standardized=0.2673291 Adjusted=0.789061 Hits=0
Tree 0:
digraph g {
node [shape=rectangle];
n[label = "Equal"];
n0[label = "Equal"];
n00[label = "Or"];
n000[label = "NearestFirstNode"];
n00 -> n000;
n001[label = "NearestInsertion"];
n00 -> n001;
n0 -> n00;
n01[label = "And"];
n010[label = "FarthestInsertion"];
n01 -> n010;
n011[label = "FarthestFirstNode"];
n01 -> n011;
n0 -> n01;
n -> n0;
n1[label = "Equal"];
n10[label = "Or"];
n100[label = "WorstMove"];
n10 -> n100;
n101[label = "NearestFirstNode"];
n10 -> n101;
n1 -> n10;
n11[label = "And"];
n110[label = "FarthestInsertion"];
n11 -> n110;
n111[label = "FarthestFirstNode"];
n11 -> n111;
n1 -> n11;
n -> n1;
}


Generation: 33
Best Individual:
Subpopulation 0:
Evaluated: true
Fitness: Standardized=0.24496497 Adjusted=0.8032355 Hits=2
Tree 0:
digraph g {
node [shape=rectangle];
n[label = "Equal"];
n0[label = "Equal"];
n00[label = "Or"];
n000[label = "NearestFirstNode"];
n00 -> n000;
n001[label = "NearestInsertion"];
n00 -> n001;
n0 -> n00;
n01[label = "And"];
n010[label = "FarthestInsertion"];
n01 -> n010;
n011[label = "FarthestFirstNode"];
n01 -> n011;
n0 -> n01;
n -> n0;
n1[label = "While"];
n10[label = "NearestFirstNode"];
n1 -> n10;
n11[label = "NearestInsertion"];
n1 -> n11;
n -> n1;
}


Generation: 34
Best Individual:
Subpopulation 0:
Evaluated: true
Fitness: Standardized=0.24496497 Adjusted=0.8032355 Hits=2
Tree 0:
digraph g {
node [shape=rectangle];
n[label = "Equal"];
n0[label = "Equal"];
n00[label = "Or"];
n000[label = "NearestFirstNode"];
n00 -> n000;
n001[label = "NearestInsertion"];
n00 -> n001;
n0 -> n00;
n01[label = "And"];
n010[label = "FarthestInsertion"];
n01 -> n010;
n011[label = "FarthestFirstNode"];
n01 -> n011;
n0 -> n01;
n -> n0;
n1[label = "While"];
n10[label = "NearestFirstNode"];
n1 -> n10;
n11[label = "NearestInsertion"];
n1 -> n11;
n -> n1;
}


Generation: 35
Best Individual:
Subpopulation 0:
Evaluated: true
Fitness: Standardized=0.24496497 Adjusted=0.8032355 Hits=2
Tree 0:
digraph g {
node [shape=rectangle];
n[label = "Equal"];
n0[label = "Equal"];
n00[label = "Equal"];
n000[label = "Or"];
n0000[label = "NearestFirstNode"];
n000 -> n0000;
n0001[label = "NearestInsertion"];
n000 -> n0001;
n00 -> n000;
n001[label = "And"];
n0010[label = "FarthestInsertion"];
n001 -> n0010;
n0011[label = "FarthestFirstNode"];
n001 -> n0011;
n00 -> n001;
n0 -> n00;
n01[label = "While"];
n010[label = "NearestFirstNode"];
n01 -> n010;
n011[label = "NearestInsertion"];
n01 -> n011;
n0 -> n01;
n -> n0;
n1[label = "While"];
n10[label = "NearestFirstNode"];
n1 -> n10;
n11[label = "NearestInsertion"];
n1 -> n11;
n -> n1;
}


Generation: 36
Best Individual:
Subpopulation 0:
Evaluated: true
Fitness: Standardized=0.24496497 Adjusted=0.8032355 Hits=2
Tree 0:
digraph g {
node [shape=rectangle];
n[label = "Equal"];
n0[label = "Equal"];
n00[label = "Or"];
n000[label = "NearestFirstNode"];
n00 -> n000;
n001[label = "FarthestFirstNode"];
n00 -> n001;
n0 -> n00;
n01[label = "And"];
n010[label = "FarthestInsertion"];
n01 -> n010;
n011[label = "FarthestFirstNode"];
n01 -> n011;
n0 -> n01;
n -> n0;
n1[label = "While"];
n10[label = "NearestFirstNode"];
n1 -> n10;
n11[label = "NearestInsertion"];
n1 -> n11;
n -> n1;
}


Generation: 37
Best Individual:
Subpopulation 0:
Evaluated: true
Fitness: Standardized=0.24496497 Adjusted=0.8032355 Hits=2
Tree 0:
digraph g {
node [shape=rectangle];
n[label = "Equal"];
n0[label = "If_Then"];
n00[label = "Or"];
n000[label = "NearestFirstNode"];
n00 -> n000;
n001[label = "NearestInsertion"];
n00 -> n001;
n0 -> n00;
n01[label = "And"];
n010[label = "FarthestInsertion"];
n01 -> n010;
n011[label = "FarthestFirstNode"];
n01 -> n011;
n0 -> n01;
n -> n0;
n1[label = "While"];
n10[label = "NearestFirstNode"];
n1 -> n10;
n11[label = "NearestInsertion"];
n1 -> n11;
n -> n1;
}


Generation: 38
Best Individual:
Subpopulation 0:
Evaluated: true
Fitness: Standardized=0.24496497 Adjusted=0.8032355 Hits=2
Tree 0:
digraph g {
node [shape=rectangle];
n[label = "Equal"];
n0[label = "Equal"];
n00[label = "Equal"];
n000[label = "Or"];
n0000[label = "NearestFirstNode"];
n000 -> n0000;
n0001[label = "NearestInsertion"];
n000 -> n0001;
n00 -> n000;
n001[label = "And"];
n0010[label = "FarthestInsertion"];
n001 -> n0010;
n0011[label = "FarthestFirstNode"];
n001 -> n0011;
n00 -> n001;
n0 -> n00;
n01[label = "While"];
n010[label = "NearestFirstNode"];
n01 -> n010;
n011[label = "NearestInsertion"];
n01 -> n011;
n0 -> n01;
n -> n0;
n1[label = "While"];
n10[label = "NearestFirstNode"];
n1 -> n10;
n11[label = "NearestInsertion"];
n1 -> n11;
n -> n1;
}


Generation: 39
Best Individual:
Subpopulation 0:
Evaluated: true
Fitness: Standardized=0.24496497 Adjusted=0.8032355 Hits=2
Tree 0:
digraph g {
node [shape=rectangle];
n[label = "Equal"];
n0[label = "Equal"];
n00[label = "Equal"];
n000[label = "Or"];
n0000[label = "NearestFirstNode"];
n000 -> n0000;
n0001[label = "NearestInsertion"];
n000 -> n0001;
n00 -> n000;
n001[label = "And"];
n0010[label = "FarthestInsertion"];
n001 -> n0010;
n0011[label = "FarthestFirstNode"];
n001 -> n0011;
n00 -> n001;
n0 -> n00;
n01[label = "While"];
n010[label = "NearestFirstNode"];
n01 -> n010;
n011[label = "NearestInsertion"];
n01 -> n011;
n0 -> n01;
n -> n0;
n1[label = "NearestFirstNode"];
n -> n1;
}


Generation: 40
Best Individual:
Subpopulation 0:
Evaluated: true
Fitness: Standardized=0.24496497 Adjusted=0.8032355 Hits=2
Tree 0:
digraph g {
node [shape=rectangle];
n[label = "Equal"];
n0[label = "Equal"];
n00[label = "Equal"];
n000[label = "Or"];
n0000[label = "NearestFirstNode"];
n000 -> n0000;
n0001[label = "NearestInsertion"];
n000 -> n0001;
n00 -> n000;
n001[label = "And"];
n0010[label = "FarthestInsertion"];
n001 -> n0010;
n0011[label = "FarthestFirstNode"];
n001 -> n0011;
n00 -> n001;
n0 -> n00;
n01[label = "While"];
n010[label = "NearestFirstNode"];
n01 -> n010;
n011[label = "NearestInsertion"];
n01 -> n011;
n0 -> n01;
n -> n0;
n1[label = "While"];
n10[label = "Equal"];
n100[label = "Or"];
n1000[label = "NearestFirstNode"];
n100 -> n1000;
n1001[label = "NearestInsertion"];
n100 -> n1001;
n10 -> n100;
n101[label = "And"];
n1010[label = "FarthestInsertion"];
n101 -> n1010;
n1011[label = "FarthestFirstNode"];
n101 -> n1011;
n10 -> n101;
n1 -> n10;
n11[label = "NearestInsertion"];
n1 -> n11;
n -> n1;
}


Generation: 41
Best Individual:
Subpopulation 0:
Evaluated: true
Fitness: Standardized=0.24496497 Adjusted=0.8032355 Hits=2
Tree 0:
digraph g {
node [shape=rectangle];
n[label = "Equal"];
n0[label = "Equal"];
n00[label = "Equal"];
n000[label = "Or"];
n0000[label = "NearestFirstNode"];
n000 -> n0000;
n0001[label = "NearestInsertion"];
n000 -> n0001;
n00 -> n000;
n001[label = "And"];
n0010[label = "FarthestInsertion"];
n001 -> n0010;
n0011[label = "FarthestFirstNode"];
n001 -> n0011;
n00 -> n001;
n0 -> n00;
n01[label = "While"];
n010[label = "NearestFirstNode"];
n01 -> n010;
n011[label = "NearestInsertion"];
n01 -> n011;
n0 -> n01;
n -> n0;
n1[label = "While"];
n10[label = "NearestFirstNode"];
n1 -> n10;
n11[label = "NearestInsertion"];
n1 -> n11;
n -> n1;
}


Generation: 42
Best Individual:
Subpopulation 0:
Evaluated: true
Fitness: Standardized=0.24496497 Adjusted=0.8032355 Hits=2
Tree 0:
digraph g {
node [shape=rectangle];
n[label = "Equal"];
n0[label = "Equal"];
n00[label = "Equal"];
n000[label = "Or"];
n0000[label = "NearestFirstNode"];
n000 -> n0000;
n0001[label = "NearestInsertion"];
n000 -> n0001;
n00 -> n000;
n001[label = "And"];
n0010[label = "FarthestInsertion"];
n001 -> n0010;
n0011[label = "FarthestFirstNode"];
n001 -> n0011;
n00 -> n001;
n0 -> n00;
n01[label = "While"];
n010[label = "NearestFirstNode"];
n01 -> n010;
n011[label = "NearestInsertion"];
n01 -> n011;
n0 -> n01;
n -> n0;
n1[label = "And"];
n10[label = "FarthestInsertion"];
n1 -> n10;
n11[label = "FarthestFirstNode"];
n1 -> n11;
n -> n1;
}


Generation: 43
Best Individual:
Subpopulation 0:
Evaluated: true
Fitness: Standardized=0.19508253 Adjusted=0.8367623 Hits=2
Tree 0:
digraph g {
node [shape=rectangle];
n[label = "Equal"];
n0[label = "Equal"];
n00[label = "Equal"];
n000[label = "Or"];
n0000[label = "NearestFirstNode"];
n000 -> n0000;
n0001[label = "NearestInsertion"];
n000 -> n0001;
n00 -> n000;
n001[label = "And"];
n0010[label = "FarthestInsertion"];
n001 -> n0010;
n0011[label = "FarthestFirstNode"];
n001 -> n0011;
n00 -> n001;
n0 -> n00;
n01[label = "While"];
n010[label = "NearestInsertion"];
n01 -> n010;
n011[label = "NearestInsertion"];
n01 -> n011;
n0 -> n01;
n -> n0;
n1[label = "And"];
n10[label = "FarthestInsertion"];
n1 -> n10;
n11[label = "FarthestFirstNode"];
n1 -> n11;
n -> n1;
}


Generation: 44
Best Individual:
Subpopulation 0:
Evaluated: true
Fitness: Standardized=0.19508253 Adjusted=0.8367623 Hits=2
Tree 0:
digraph g {
node [shape=rectangle];
n[label = "Equal"];
n0[label = "Equal"];
n00[label = "Equal"];
n000[label = "Or"];
n0000[label = "NearestFirstNode"];
n000 -> n0000;
n0001[label = "NearestInsertion"];
n000 -> n0001;
n00 -> n000;
n001[label = "And"];
n0010[label = "FarthestInsertion"];
n001 -> n0010;
n0011[label = "FarthestFirstNode"];
n001 -> n0011;
n00 -> n001;
n0 -> n00;
n01[label = "While"];
n010[label = "NearestInsertion"];
n01 -> n010;
n011[label = "NearestInsertion"];
n01 -> n011;
n0 -> n01;
n -> n0;
n1[label = "And"];
n10[label = "FarthestInsertion"];
n1 -> n10;
n11[label = "FarthestFirstNode"];
n1 -> n11;
n -> n1;
}


Generation: 45
Best Individual:
Subpopulation 0:
Evaluated: true
Fitness: Standardized=0.19508253 Adjusted=0.8367623 Hits=2
Tree 0:
digraph g {
node [shape=rectangle];
n[label = "Equal"];
n0[label = "Equal"];
n00[label = "Equal"];
n000[label = "Or"];
n0000[label = "NearestFirstNode"];
n000 -> n0000;
n0001[label = "NearestInsertion"];
n000 -> n0001;
n00 -> n000;
n001[label = "And"];
n0010[label = "FarthestInsertion"];
n001 -> n0010;
n0011[label = "FarthestFirstNode"];
n001 -> n0011;
n00 -> n001;
n0 -> n00;
n01[label = "While"];
n010[label = "NearestInsertion"];
n01 -> n010;
n011[label = "NearestInsertion"];
n01 -> n011;
n0 -> n01;
n -> n0;
n1[label = "And"];
n10[label = "FarthestInsertion"];
n1 -> n10;
n11[label = "FarthestFirstNode"];
n1 -> n11;
n -> n1;
}


Generation: 46
Best Individual:
Subpopulation 0:
Evaluated: true
Fitness: Standardized=0.19508253 Adjusted=0.8367623 Hits=2
Tree 0:
digraph g {
node [shape=rectangle];
n[label = "Equal"];
n0[label = "Equal"];
n00[label = "Equal"];
n000[label = "Or"];
n0000[label = "NearestFirstNode"];
n000 -> n0000;
n0001[label = "NearestFirstNode"];
n000 -> n0001;
n00 -> n000;
n001[label = "And"];
n0010[label = "FarthestInsertion"];
n001 -> n0010;
n0011[label = "FarthestFirstNode"];
n001 -> n0011;
n00 -> n001;
n0 -> n00;
n01[label = "While"];
n010[label = "NearestInsertion"];
n01 -> n010;
n011[label = "NearestInsertion"];
n01 -> n011;
n0 -> n01;
n -> n0;
n1[label = "And"];
n10[label = "FarthestInsertion"];
n1 -> n10;
n11[label = "FarthestFirstNode"];
n1 -> n11;
n -> n1;
}


Generation: 47
Best Individual:
Subpopulation 0:
Evaluated: true
Fitness: Standardized=0.19508253 Adjusted=0.8367623 Hits=2
Tree 0:
digraph g {
node [shape=rectangle];
n[label = "Equal"];
n0[label = "Equal"];
n00[label = "Equal"];
n000[label = "Or"];
n0000[label = "NearestFirstNode"];
n000 -> n0000;
n0001[label = "NearestFirstNode"];
n000 -> n0001;
n00 -> n000;
n001[label = "And"];
n0010[label = "FarthestInsertion"];
n001 -> n0010;
n0011[label = "FarthestFirstNode"];
n001 -> n0011;
n00 -> n001;
n0 -> n00;
n01[label = "While"];
n010[label = "NearestInsertion"];
n01 -> n010;
n011[label = "NearestInsertion"];
n01 -> n011;
n0 -> n01;
n -> n0;
n1[label = "And"];
n10[label = "FarthestInsertion"];
n1 -> n10;
n11[label = "FarthestFirstNode"];
n1 -> n11;
n -> n1;
}


Generation: 48
Best Individual:
Subpopulation 0:
Evaluated: true
Fitness: Standardized=0.19508253 Adjusted=0.8367623 Hits=2
Tree 0:
digraph g {
node [shape=rectangle];
n[label = "Equal"];
n0[label = "Equal"];
n00[label = "Equal"];
n000[label = "Or"];
n0000[label = "NearestFirstNode"];
n000 -> n0000;
n0001[label = "NearestFirstNode"];
n000 -> n0001;
n00 -> n000;
n001[label = "And"];
n0010[label = "FarthestInsertion"];
n001 -> n0010;
n0011[label = "FarthestFirstNode"];
n001 -> n0011;
n00 -> n001;
n0 -> n00;
n01[label = "While"];
n010[label = "NearestInsertion"];
n01 -> n010;
n011[label = "NearestInsertion"];
n01 -> n011;
n0 -> n01;
n -> n0;
n1[label = "Or"];
n10[label = "NearestFirstNode"];
n1 -> n10;
n11[label = "NearestFirstNode"];
n1 -> n11;
n -> n1;
}


Generation: 49
Best Individual:
Subpopulation 0:
Evaluated: true
Fitness: Standardized=0.19508253 Adjusted=0.8367623 Hits=2
Tree 0:
digraph g {
node [shape=rectangle];
n[label = "Equal"];
n0[label = "Equal"];
n00[label = "Equal"];
n000[label = "Or"];
n0000[label = "NearestFirstNode"];
n000 -> n0000;
n0001[label = "NearestInsertion"];
n000 -> n0001;
n00 -> n000;
n001[label = "And"];
n0010[label = "FarthestInsertion"];
n001 -> n0010;
n0011[label = "FarthestFirstNode"];
n001 -> n0011;
n00 -> n001;
n0 -> n00;
n01[label = "While"];
n010[label = "NearestInsertion"];
n01 -> n010;
n011[label = "NearestInsertion"];
n01 -> n011;
n0 -> n01;
n -> n0;
n1[label = "And"];
n10[label = "FarthestInsertion"];
n1 -> n10;
n11[label = "FarthestFirstNode"];
n1 -> n11;
n -> n1;
}


Generation: 50
Best Individual:
Subpopulation 0:
Evaluated: true
Fitness: Standardized=0.19508253 Adjusted=0.8367623 Hits=2
Tree 0:
digraph g {
node [shape=rectangle];
n[label = "Equal"];
n0[label = "Equal"];
n00[label = "Equal"];
n000[label = "Or"];
n0000[label = "NearestFirstNode"];
n000 -> n0000;
n0001[label = "NearestInsertion"];
n000 -> n0001;
n00 -> n000;
n001[label = "And"];
n0010[label = "FarthestInsertion"];
n001 -> n0010;
n0011[label = "FarthestFirstNode"];
n001 -> n0011;
n00 -> n001;
n0 -> n00;
n01[label = "While"];
n010[label = "NearestInsertion"];
n01 -> n010;
n011[label = "NearestInsertion"];
n01 -> n011;
n0 -> n01;
n -> n0;
n1[label = "And"];
n10[label = "FarthestInsertion"];
n1 -> n10;
n11[label = "FarthestFirstNode"];
n1 -> n11;
n -> n1;
}


Generation: 51
Best Individual:
Subpopulation 0:
Evaluated: true
Fitness: Standardized=0.19508253 Adjusted=0.8367623 Hits=2
Tree 0:
digraph g {
node [shape=rectangle];
n[label = "Equal"];
n0[label = "Equal"];
n00[label = "Equal"];
n000[label = "Or"];
n0000[label = "NearestFirstNode"];
n000 -> n0000;
n0001[label = "NearestInsertion"];
n000 -> n0001;
n00 -> n000;
n001[label = "And"];
n0010[label = "FarthestInsertion"];
n001 -> n0010;
n0011[label = "FarthestFirstNode"];
n001 -> n0011;
n00 -> n001;
n0 -> n00;
n01[label = "While"];
n010[label = "NearestInsertion"];
n01 -> n010;
n011[label = "NearestInsertion"];
n01 -> n011;
n0 -> n01;
n -> n0;
n1[label = "Equal"];
n10[label = "Or"];
n100[label = "NearestFirstNode"];
n10 -> n100;
n101[label = "NearestInsertion"];
n10 -> n101;
n1 -> n10;
n11[label = "And"];
n110[label = "FarthestInsertion"];
n11 -> n110;
n111[label = "FarthestFirstNode"];
n11 -> n111;
n1 -> n11;
n -> n1;
}


Generation: 52
Best Individual:
Subpopulation 0:
Evaluated: true
Fitness: Standardized=0.19508253 Adjusted=0.8367623 Hits=2
Tree 0:
digraph g {
node [shape=rectangle];
n[label = "Equal"];
n0[label = "Equal"];
n00[label = "Equal"];
n000[label = "Or"];
n0000[label = "NearestFirstNode"];
n000 -> n0000;
n0001[label = "NearestInsertion"];
n000 -> n0001;
n00 -> n000;
n001[label = "And"];
n0010[label = "FarthestInsertion"];
n001 -> n0010;
n0011[label = "FarthestFirstNode"];
n001 -> n0011;
n00 -> n001;
n0 -> n00;
n01[label = "While"];
n010[label = "NearestInsertion"];
n01 -> n010;
n011[label = "NearestInsertion"];
n01 -> n011;
n0 -> n01;
n -> n0;
n1[label = "And"];
n10[label = "FarthestInsertion"];
n1 -> n10;
n11[label = "FarthestFirstNode"];
n1 -> n11;
n -> n1;
}


Generation: 53
Best Individual:
Subpopulation 0:
Evaluated: true
Fitness: Standardized=0.19508253 Adjusted=0.8367623 Hits=2
Tree 0:
digraph g {
node [shape=rectangle];
n[label = "Equal"];
n0[label = "Equal"];
n00[label = "Equal"];
n000[label = "Or"];
n0000[label = "NearestFirstNode"];
n000 -> n0000;
n0001[label = "NearestInsertion"];
n000 -> n0001;
n00 -> n000;
n001[label = "And"];
n0010[label = "FarthestInsertion"];
n001 -> n0010;
n0011[label = "FarthestFirstNode"];
n001 -> n0011;
n00 -> n001;
n0 -> n00;
n01[label = "While"];
n010[label = "NearestInsertion"];
n01 -> n010;
n011[label = "NearestInsertion"];
n01 -> n011;
n0 -> n01;
n -> n0;
n1[label = "FarthestFirstNode"];
n -> n1;
}


Generation: 54
Best Individual:
Subpopulation 0:
Evaluated: true
Fitness: Standardized=0.19508253 Adjusted=0.8367623 Hits=2
Tree 0:
digraph g {
node [shape=rectangle];
n[label = "Equal"];
n0[label = "Equal"];
n00[label = "Equal"];
n000[label = "Or"];
n0000[label = "NearestFirstNode"];
n000 -> n0000;
n0001[label = "NearestInsertion"];
n000 -> n0001;
n00 -> n000;
n001[label = "And"];
n0010[label = "FarthestInsertion"];
n001 -> n0010;
n0011[label = "FarthestFirstNode"];
n001 -> n0011;
n00 -> n001;
n0 -> n00;
n01[label = "While"];
n010[label = "NearestInsertion"];
n01 -> n010;
n011[label = "NearestInsertion"];
n01 -> n011;
n0 -> n01;
n -> n0;
n1[label = "And"];
n10[label = "FarthestInsertion"];
n1 -> n10;
n11[label = "FarthestFirstNode"];
n1 -> n11;
n -> n1;
}


Generation: 55
Best Individual:
Subpopulation 0:
Evaluated: true
Fitness: Standardized=0.19508253 Adjusted=0.8367623 Hits=2
Tree 0:
digraph g {
node [shape=rectangle];
n[label = "Equal"];
n0[label = "Equal"];
n00[label = "Or"];
n000[label = "NearestFirstNode"];
n00 -> n000;
n001[label = "NearestInsertion"];
n00 -> n001;
n0 -> n00;
n01[label = "And"];
n010[label = "FarthestInsertion"];
n01 -> n010;
n011[label = "FarthestFirstNode"];
n01 -> n011;
n0 -> n01;
n -> n0;
n1[label = "While"];
n10[label = "NearestInsertion"];
n1 -> n10;
n11[label = "NearestInsertion"];
n1 -> n11;
n -> n1;
}


Generation: 56
Best Individual:
Subpopulation 0:
Evaluated: true
Fitness: Standardized=0.19508253 Adjusted=0.8367623 Hits=2
Tree 0:
digraph g {
node [shape=rectangle];
n[label = "Equal"];
n0[label = "Equal"];
n00[label = "Equal"];
n000[label = "Or"];
n0000[label = "NearestFirstNode"];
n000 -> n0000;
n0001[label = "NearestInsertion"];
n000 -> n0001;
n00 -> n000;
n001[label = "And"];
n0010[label = "FarthestInsertion"];
n001 -> n0010;
n0011[label = "FarthestFirstNode"];
n001 -> n0011;
n00 -> n001;
n0 -> n00;
n01[label = "While"];
n010[label = "NearestInsertion"];
n01 -> n010;
n011[label = "NearestInsertion"];
n01 -> n011;
n0 -> n01;
n -> n0;
n1[label = "And"];
n10[label = "Equal"];
n100[label = "Or"];
n1000[label = "NearestFirstNode"];
n100 -> n1000;
n1001[label = "NearestInsertion"];
n100 -> n1001;
n10 -> n100;
n101[label = "And"];
n1010[label = "FarthestInsertion"];
n101 -> n1010;
n1011[label = "FarthestFirstNode"];
n101 -> n1011;
n10 -> n101;
n1 -> n10;
n11[label = "FarthestFirstNode"];
n1 -> n11;
n -> n1;
}


Generation: 57
Best Individual:
Subpopulation 0:
Evaluated: true
Fitness: Standardized=0.19508253 Adjusted=0.8367623 Hits=2
Tree 0:
digraph g {
node [shape=rectangle];
n[label = "Equal"];
n0[label = "Equal"];
n00[label = "Equal"];
n000[label = "Or"];
n0000[label = "NearestFirstNode"];
n000 -> n0000;
n0001[label = "NearestInsertion"];
n000 -> n0001;
n00 -> n000;
n001[label = "And"];
n0010[label = "FarthestInsertion"];
n001 -> n0010;
n0011[label = "FarthestFirstNode"];
n001 -> n0011;
n00 -> n001;
n0 -> n00;
n01[label = "While"];
n010[label = "NearestInsertion"];
n01 -> n010;
n011[label = "NearestInsertion"];
n01 -> n011;
n0 -> n01;
n -> n0;
n1[label = "And"];
n10[label = "Equal"];
n100[label = "Or"];
n1000[label = "NearestFirstNode"];
n100 -> n1000;
n1001[label = "NearestInsertion"];
n100 -> n1001;
n10 -> n100;
n101[label = "And"];
n1010[label = "FarthestInsertion"];
n101 -> n1010;
n1011[label = "FarthestFirstNode"];
n101 -> n1011;
n10 -> n101;
n1 -> n10;
n11[label = "FarthestFirstNode"];
n1 -> n11;
n -> n1;
}


Generation: 58
Best Individual:
Subpopulation 0:
Evaluated: true
Fitness: Standardized=0.19508253 Adjusted=0.8367623 Hits=2
Tree 0:
digraph g {
node [shape=rectangle];
n[label = "Equal"];
n0[label = "Equal"];
n00[label = "Equal"];
n000[label = "Or"];
n0000[label = "NearestFirstNode"];
n000 -> n0000;
n0001[label = "NearestInsertion"];
n000 -> n0001;
n00 -> n000;
n001[label = "And"];
n0010[label = "FarthestInsertion"];
n001 -> n0010;
n0011[label = "FarthestFirstNode"];
n001 -> n0011;
n00 -> n001;
n0 -> n00;
n01[label = "While"];
n010[label = "NearestInsertion"];
n01 -> n010;
n011[label = "NearestInsertion"];
n01 -> n011;
n0 -> n01;
n -> n0;
n1[label = "And"];
n10[label = "Equal"];
n100[label = "While"];
n1000[label = "NearestInsertion"];
n100 -> n1000;
n1001[label = "NearestInsertion"];
n100 -> n1001;
n10 -> n100;
n101[label = "And"];
n1010[label = "FarthestInsertion"];
n101 -> n1010;
n1011[label = "FarthestFirstNode"];
n101 -> n1011;
n10 -> n101;
n1 -> n10;
n11[label = "FarthestFirstNode"];
n1 -> n11;
n -> n1;
}


Generation: 59
Best Individual:
Subpopulation 0:
Evaluated: true
Fitness: Standardized=0.19508253 Adjusted=0.8367623 Hits=2
Tree 0:
digraph g {
node [shape=rectangle];
n[label = "Equal"];
n0[label = "Equal"];
n00[label = "Equal"];
n000[label = "Or"];
n0000[label = "NearestFirstNode"];
n000 -> n0000;
n0001[label = "NearestInsertion"];
n000 -> n0001;
n00 -> n000;
n001[label = "And"];
n0010[label = "FarthestInsertion"];
n001 -> n0010;
n0011[label = "FarthestFirstNode"];
n001 -> n0011;
n00 -> n001;
n0 -> n00;
n01[label = "While"];
n010[label = "NearestInsertion"];
n01 -> n010;
n011[label = "NearestInsertion"];
n01 -> n011;
n0 -> n01;
n -> n0;
n1[label = "And"];
n10[label = "Equal"];
n100[label = "While"];
n1000[label = "NearestInsertion"];
n100 -> n1000;
n1001[label = "NearestInsertion"];
n100 -> n1001;
n10 -> n100;
n101[label = "Or"];
n1010[label = "NearestFirstNode"];
n101 -> n1010;
n1011[label = "NearestInsertion"];
n101 -> n1011;
n10 -> n101;
n1 -> n10;
n11[label = "FarthestFirstNode"];
n1 -> n11;
n -> n1;
}


Generation: 60
Best Individual:
Subpopulation 0:
Evaluated: true
Fitness: Standardized=0.19508253 Adjusted=0.8367623 Hits=2
Tree 0:
digraph g {
node [shape=rectangle];
n[label = "Equal"];
n0[label = "Equal"];
n00[label = "Equal"];
n000[label = "Or"];
n0000[label = "NearestInsertion"];
n000 -> n0000;
n0001[label = "NearestInsertion"];
n000 -> n0001;
n00 -> n000;
n001[label = "And"];
n0010[label = "FarthestInsertion"];
n001 -> n0010;
n0011[label = "FarthestFirstNode"];
n001 -> n0011;
n00 -> n001;
n0 -> n00;
n01[label = "While"];
n010[label = "NearestInsertion"];
n01 -> n010;
n011[label = "NearestInsertion"];
n01 -> n011;
n0 -> n01;
n -> n0;
n1[label = "And"];
n10[label = "Equal"];
n100[label = "While"];
n1000[label = "NearestInsertion"];
n100 -> n1000;
n1001[label = "NearestInsertion"];
n100 -> n1001;
n10 -> n100;
n101[label = "And"];
n1010[label = "FarthestInsertion"];
n101 -> n1010;
n1011[label = "FarthestFirstNode"];
n101 -> n1011;
n10 -> n101;
n1 -> n10;
n11[label = "FarthestFirstNode"];
n1 -> n11;
n -> n1;
}


Generation: 61
Best Individual:
Subpopulation 0:
Evaluated: true
Fitness: Standardized=0.19508253 Adjusted=0.8367623 Hits=2
Tree 0:
digraph g {
node [shape=rectangle];
n[label = "Equal"];
n0[label = "Equal"];
n00[label = "Equal"];
n000[label = "Or"];
n0000[label = "NearestFirstNode"];
n000 -> n0000;
n0001[label = "NearestInsertion"];
n000 -> n0001;
n00 -> n000;
n001[label = "And"];
n0010[label = "FarthestInsertion"];
n001 -> n0010;
n0011[label = "FarthestFirstNode"];
n001 -> n0011;
n00 -> n001;
n0 -> n00;
n01[label = "While"];
n010[label = "NearestInsertion"];
n01 -> n010;
n011[label = "NearestInsertion"];
n01 -> n011;
n0 -> n01;
n -> n0;
n1[label = "And"];
n10[label = "Equal"];
n100[label = "While"];
n1000[label = "NearestInsertion"];
n100 -> n1000;
n1001[label = "NearestInsertion"];
n100 -> n1001;
n10 -> n100;
n101[label = "Or"];
n1010[label = "NearestFirstNode"];
n101 -> n1010;
n1011[label = "NearestInsertion"];
n101 -> n1011;
n10 -> n101;
n1 -> n10;
n11[label = "NearestFirstNode"];
n1 -> n11;
n -> n1;
}


Generation: 62
Best Individual:
Subpopulation 0:
Evaluated: true
Fitness: Standardized=0.19508253 Adjusted=0.8367623 Hits=2
Tree 0:
digraph g {
node [shape=rectangle];
n[label = "Equal"];
n0[label = "Equal"];
n00[label = "Equal"];
n000[label = "Or"];
n0000[label = "NearestFirstNode"];
n000 -> n0000;
n0001[label = "NearestInsertion"];
n000 -> n0001;
n00 -> n000;
n001[label = "And"];
n0010[label = "FarthestInsertion"];
n001 -> n0010;
n0011[label = "FarthestFirstNode"];
n001 -> n0011;
n00 -> n001;
n0 -> n00;
n01[label = "While"];
n010[label = "NearestInsertion"];
n01 -> n010;
n011[label = "NearestInsertion"];
n01 -> n011;
n0 -> n01;
n -> n0;
n1[label = "And"];
n10[label = "Equal"];
n100[label = "While"];
n1000[label = "NearestInsertion"];
n100 -> n1000;
n1001[label = "NearestInsertion"];
n100 -> n1001;
n10 -> n100;
n101[label = "Or"];
n1010[label = "FarthestFirstNode"];
n101 -> n1010;
n1011[label = "NearestInsertion"];
n101 -> n1011;
n10 -> n101;
n1 -> n10;
n11[label = "NearestFirstNode"];
n1 -> n11;
n -> n1;
}


Generation: 63
Best Individual:
Subpopulation 0:
Evaluated: true
Fitness: Standardized=0.19508253 Adjusted=0.8367623 Hits=2
Tree 0:
digraph g {
node [shape=rectangle];
n[label = "Equal"];
n0[label = "Equal"];
n00[label = "Equal"];
n000[label = "Or"];
n0000[label = "NearestInsertion"];
n000 -> n0000;
n0001[label = "NearestInsertion"];
n000 -> n0001;
n00 -> n000;
n001[label = "And"];
n0010[label = "FarthestInsertion"];
n001 -> n0010;
n0011[label = "FarthestFirstNode"];
n001 -> n0011;
n00 -> n001;
n0 -> n00;
n01[label = "While"];
n010[label = "NearestInsertion"];
n01 -> n010;
n011[label = "NearestInsertion"];
n01 -> n011;
n0 -> n01;
n -> n0;
n1[label = "And"];
n10[label = "Equal"];
n100[label = "NearestFirstNode"];
n10 -> n100;
n101[label = "While"];
n1010[label = "NearestInsertion"];
n101 -> n1010;
n1011[label = "NearestInsertion"];
n101 -> n1011;
n10 -> n101;
n1 -> n10;
n11[label = "FarthestFirstNode"];
n1 -> n11;
n -> n1;
}


Generation: 64
Best Individual:
Subpopulation 0:
Evaluated: true
Fitness: Standardized=0.19508253 Adjusted=0.8367623 Hits=2
Tree 0:
digraph g {
node [shape=rectangle];
n[label = "Equal"];
n0[label = "Equal"];
n00[label = "Equal"];
n000[label = "Or"];
n0000[label = "NearestFirstNode"];
n000 -> n0000;
n0001[label = "NearestInsertion"];
n000 -> n0001;
n00 -> n000;
n001[label = "And"];
n0010[label = "FarthestInsertion"];
n001 -> n0010;
n0011[label = "FarthestFirstNode"];
n001 -> n0011;
n00 -> n001;
n0 -> n00;
n01[label = "While"];
n010[label = "NearestInsertion"];
n01 -> n010;
n011[label = "NearestInsertion"];
n01 -> n011;
n0 -> n01;
n -> n0;
n1[label = "While"];
n10[label = "NearestInsertion"];
n1 -> n10;
n11[label = "And"];
n110[label = "FarthestInsertion"];
n11 -> n110;
n111[label = "FarthestFirstNode"];
n11 -> n111;
n1 -> n11;
n -> n1;
}


Generation: 65
Best Individual:
Subpopulation 0:
Evaluated: true
Fitness: Standardized=0.19508253 Adjusted=0.8367623 Hits=2
Tree 0:
digraph g {
node [shape=rectangle];
n[label = "Equal"];
n0[label = "And"];
n00[label = "Equal"];
n000[label = "Or"];
n0000[label = "NearestInsertion"];
n000 -> n0000;
n0001[label = "NearestInsertion"];
n000 -> n0001;
n00 -> n000;
n001[label = "And"];
n0010[label = "FarthestInsertion"];
n001 -> n0010;
n0011[label = "FarthestFirstNode"];
n001 -> n0011;
n00 -> n001;
n0 -> n00;
n01[label = "While"];
n010[label = "NearestInsertion"];
n01 -> n010;
n011[label = "NearestInsertion"];
n01 -> n011;
n0 -> n01;
n -> n0;
n1[label = "And"];
n10[label = "Equal"];
n100[label = "While"];
n1000[label = "NearestInsertion"];
n100 -> n1000;
n1001[label = "NearestInsertion"];
n100 -> n1001;
n10 -> n100;
n101[label = "While"];
n1010[label = "NearestInsertion"];
n101 -> n1010;
n1011[label = "NearestInsertion"];
n101 -> n1011;
n10 -> n101;
n1 -> n10;
n11[label = "FarthestFirstNode"];
n1 -> n11;
n -> n1;
}


Generation: 66
Best Individual:
Subpopulation 0:
Evaluated: true
Fitness: Standardized=0.19508253 Adjusted=0.8367623 Hits=2
Tree 0:
digraph g {
node [shape=rectangle];
n[label = "Equal"];
n0[label = "Equal"];
n00[label = "Equal"];
n000[label = "Or"];
n0000[label = "NearestInsertion"];
n000 -> n0000;
n0001[label = "NearestInsertion"];
n000 -> n0001;
n00 -> n000;
n001[label = "And"];
n0010[label = "FarthestInsertion"];
n001 -> n0010;
n0011[label = "FarthestFirstNode"];
n001 -> n0011;
n00 -> n001;
n0 -> n00;
n01[label = "While"];
n010[label = "NearestInsertion"];
n01 -> n010;
n011[label = "NearestInsertion"];
n01 -> n011;
n0 -> n01;
n -> n0;
n1[label = "And"];
n10[label = "Equal"];
n100[label = "While"];
n1000[label = "NearestInsertion"];
n100 -> n1000;
n1001[label = "NearestInsertion"];
n100 -> n1001;
n10 -> n100;
n101[label = "While"];
n1010[label = "NearestInsertion"];
n101 -> n1010;
n1011[label = "NearestInsertion"];
n101 -> n1011;
n10 -> n101;
n1 -> n10;
n11[label = "FarthestFirstNode"];
n1 -> n11;
n -> n1;
}


Generation: 67
Best Individual:
Subpopulation 0:
Evaluated: true
Fitness: Standardized=0.19508253 Adjusted=0.8367623 Hits=2
Tree 0:
digraph g {
node [shape=rectangle];
n[label = "Equal"];
n0[label = "Equal"];
n00[label = "Equal"];
n000[label = "Or"];
n0000[label = "NearestInsertion"];
n000 -> n0000;
n0001[label = "NearestInsertion"];
n000 -> n0001;
n00 -> n000;
n001[label = "And"];
n0010[label = "FarthestInsertion"];
n001 -> n0010;
n0011[label = "FarthestFirstNode"];
n001 -> n0011;
n00 -> n001;
n0 -> n00;
n01[label = "While"];
n010[label = "NearestInsertion"];
n01 -> n010;
n011[label = "NearestInsertion"];
n01 -> n011;
n0 -> n01;
n -> n0;
n1[label = "Equal"];
n10[label = "Equal"];
n100[label = "Or"];
n1000[label = "NearestFirstNode"];
n100 -> n1000;
n1001[label = "NearestInsertion"];
n100 -> n1001;
n10 -> n100;
n101[label = "And"];
n1010[label = "FarthestInsertion"];
n101 -> n1010;
n1011[label = "FarthestFirstNode"];
n101 -> n1011;
n10 -> n101;
n1 -> n10;
n11[label = "While"];
n110[label = "NearestInsertion"];
n11 -> n110;
n111[label = "NearestInsertion"];
n11 -> n111;
n1 -> n11;
n -> n1;
}


Generation: 68
Best Individual:
Subpopulation 0:
Evaluated: true
Fitness: Standardized=0.19508253 Adjusted=0.8367623 Hits=2
Tree 0:
digraph g {
node [shape=rectangle];
n[label = "Equal"];
n0[label = "Equal"];
n00[label = "Equal"];
n000[label = "Or"];
n0000[label = "NearestInsertion"];
n000 -> n0000;
n0001[label = "NearestInsertion"];
n000 -> n0001;
n00 -> n000;
n001[label = "And"];
n0010[label = "FarthestInsertion"];
n001 -> n0010;
n0011[label = "FarthestFirstNode"];
n001 -> n0011;
n00 -> n001;
n0 -> n00;
n01[label = "While"];
n010[label = "NearestInsertion"];
n01 -> n010;
n011[label = "NearestInsertion"];
n01 -> n011;
n0 -> n01;
n -> n0;
n1[label = "Equal"];
n10[label = "Or"];
n100[label = "NearestInsertion"];
n10 -> n100;
n101[label = "NearestInsertion"];
n10 -> n101;
n1 -> n10;
n11[label = "And"];
n110[label = "FarthestInsertion"];
n11 -> n110;
n111[label = "FarthestFirstNode"];
n11 -> n111;
n1 -> n11;
n -> n1;
}


Generation: 69
Best Individual:
Subpopulation 0:
Evaluated: true
Fitness: Standardized=0.19508253 Adjusted=0.8367623 Hits=2
Tree 0:
digraph g {
node [shape=rectangle];
n[label = "Equal"];
n0[label = "Equal"];
n00[label = "Equal"];
n000[label = "Or"];
n0000[label = "NearestInsertion"];
n000 -> n0000;
n0001[label = "NearestInsertion"];
n000 -> n0001;
n00 -> n000;
n001[label = "And"];
n0010[label = "FarthestInsertion"];
n001 -> n0010;
n0011[label = "FarthestFirstNode"];
n001 -> n0011;
n00 -> n001;
n0 -> n00;
n01[label = "While"];
n010[label = "NearestInsertion"];
n01 -> n010;
n011[label = "NearestInsertion"];
n01 -> n011;
n0 -> n01;
n -> n0;
n1[label = "Equal"];
n10[label = "Equal"];
n100[label = "Or"];
n1000[label = "NearestInsertion"];
n100 -> n1000;
n1001[label = "NearestInsertion"];
n100 -> n1001;
n10 -> n100;
n101[label = "And"];
n1010[label = "FarthestInsertion"];
n101 -> n1010;
n1011[label = "FarthestFirstNode"];
n101 -> n1011;
n10 -> n101;
n1 -> n10;
n11[label = "While"];
n110[label = "NearestInsertion"];
n11 -> n110;
n111[label = "NearestInsertion"];
n11 -> n111;
n1 -> n11;
n -> n1;
}


Generation: 70
Best Individual:
Subpopulation 0:
Evaluated: true
Fitness: Standardized=0.19508253 Adjusted=0.8367623 Hits=2
Tree 0:
digraph g {
node [shape=rectangle];
n[label = "Equal"];
n0[label = "Equal"];
n00[label = "Equal"];
n000[label = "Or"];
n0000[label = "NearestInsertion"];
n000 -> n0000;
n0001[label = "NearestInsertion"];
n000 -> n0001;
n00 -> n000;
n001[label = "And"];
n0010[label = "FarthestInsertion"];
n001 -> n0010;
n0011[label = "FarthestFirstNode"];
n001 -> n0011;
n00 -> n001;
n0 -> n00;
n01[label = "While"];
n010[label = "NearestInsertion"];
n01 -> n010;
n011[label = "NearestInsertion"];
n01 -> n011;
n0 -> n01;
n -> n0;
n1[label = "Equal"];
n10[label = "Equal"];
n100[label = "Or"];
n1000[label = "NearestInsertion"];
n100 -> n1000;
n1001[label = "NearestInsertion"];
n100 -> n1001;
n10 -> n100;
n101[label = "And"];
n1010[label = "FarthestInsertion"];
n101 -> n1010;
n1011[label = "FarthestFirstNode"];
n101 -> n1011;
n10 -> n101;
n1 -> n10;
n11[label = "While"];
n110[label = "NearestInsertion"];
n11 -> n110;
n111[label = "NearestInsertion"];
n11 -> n111;
n1 -> n11;
n -> n1;
}


Generation: 71
Best Individual:
Subpopulation 0:
Evaluated: true
Fitness: Standardized=0.19508253 Adjusted=0.8367623 Hits=2
Tree 0:
digraph g {
node [shape=rectangle];
n[label = "Equal"];
n0[label = "Equal"];
n00[label = "Equal"];
n000[label = "Or"];
n0000[label = "NearestInsertion"];
n000 -> n0000;
n0001[label = "NearestInsertion"];
n000 -> n0001;
n00 -> n000;
n001[label = "And"];
n0010[label = "FarthestInsertion"];
n001 -> n0010;
n0011[label = "FarthestFirstNode"];
n001 -> n0011;
n00 -> n001;
n0 -> n00;
n01[label = "While"];
n010[label = "NearestInsertion"];
n01 -> n010;
n011[label = "NearestInsertion"];
n01 -> n011;
n0 -> n01;
n -> n0;
n1[label = "And"];
n10[label = "Or"];
n100[label = "NearestInsertion"];
n10 -> n100;
n101[label = "NearestInsertion"];
n10 -> n101;
n1 -> n10;
n11[label = "FarthestFirstNode"];
n1 -> n11;
n -> n1;
}


Generation: 72
Best Individual:
Subpopulation 0:
Evaluated: true
Fitness: Standardized=0.18923531 Adjusted=0.84087646 Hits=2
Tree 0:
digraph g {
node [shape=rectangle];
n[label = "Equal"];
n0[label = "Equal"];
n00[label = "Equal"];
n000[label = "Or"];
n0000[label = "NearestInsertion"];
n000 -> n0000;
n0001[label = "NearestInsertion"];
n000 -> n0001;
n00 -> n000;
n001[label = "And"];
n0010[label = "FarthestInsertion"];
n001 -> n0010;
n0011[label = "FarthestFirstNode"];
n001 -> n0011;
n00 -> n001;
n0 -> n00;
n01[label = "NearestInsertion"];
n0 -> n01;
n -> n0;
n1[label = "And"];
n10[label = "Equal"];
n100[label = "Or"];
n1000[label = "NearestFirstNode"];
n100 -> n1000;
n1001[label = "NearestInsertion"];
n100 -> n1001;
n10 -> n100;
n101[label = "While"];
n1010[label = "NearestInsertion"];
n101 -> n1010;
n1011[label = "NearestInsertion"];
n101 -> n1011;
n10 -> n101;
n1 -> n10;
n11[label = "FarthestFirstNode"];
n1 -> n11;
n -> n1;
}


Generation: 73
Best Individual:
Subpopulation 0:
Evaluated: true
Fitness: Standardized=0.18923531 Adjusted=0.84087646 Hits=2
Tree 0:
digraph g {
node [shape=rectangle];
n[label = "Equal"];
n0[label = "Equal"];
n00[label = "Equal"];
n000[label = "Or"];
n0000[label = "NearestInsertion"];
n000 -> n0000;
n0001[label = "NearestInsertion"];
n000 -> n0001;
n00 -> n000;
n001[label = "And"];
n0010[label = "FarthestInsertion"];
n001 -> n0010;
n0011[label = "FarthestFirstNode"];
n001 -> n0011;
n00 -> n001;
n0 -> n00;
n01[label = "NearestInsertion"];
n0 -> n01;
n -> n0;
n1[label = "And"];
n10[label = "Equal"];
n100[label = "Or"];
n1000[label = "NearestFirstNode"];
n100 -> n1000;
n1001[label = "NearestInsertion"];
n100 -> n1001;
n10 -> n100;
n101[label = "While"];
n1010[label = "NearestInsertion"];
n101 -> n1010;
n1011[label = "NearestInsertion"];
n101 -> n1011;
n10 -> n101;
n1 -> n10;
n11[label = "FarthestFirstNode"];
n1 -> n11;
n -> n1;
}


Generation: 74
Best Individual:
Subpopulation 0:
Evaluated: true
Fitness: Standardized=0.18923531 Adjusted=0.84087646 Hits=2
Tree 0:
digraph g {
node [shape=rectangle];
n[label = "Equal"];
n0[label = "Equal"];
n00[label = "Equal"];
n000[label = "Or"];
n0000[label = "NearestInsertion"];
n000 -> n0000;
n0001[label = "NearestInsertion"];
n000 -> n0001;
n00 -> n000;
n001[label = "And"];
n0010[label = "FarthestInsertion"];
n001 -> n0010;
n0011[label = "FarthestFirstNode"];
n001 -> n0011;
n00 -> n001;
n0 -> n00;
n01[label = "NearestInsertion"];
n0 -> n01;
n -> n0;
n1[label = "And"];
n10[label = "Equal"];
n100[label = "Or"];
n1000[label = "NearestFirstNode"];
n100 -> n1000;
n1001[label = "NearestInsertion"];
n100 -> n1001;
n10 -> n100;
n101[label = "While"];
n1010[label = "NearestInsertion"];
n101 -> n1010;
n1011[label = "NearestInsertion"];
n101 -> n1011;
n10 -> n101;
n1 -> n10;
n11[label = "FarthestFirstNode"];
n1 -> n11;
n -> n1;
}


Generation: 75
Best Individual:
Subpopulation 0:
Evaluated: true
Fitness: Standardized=0.18923531 Adjusted=0.84087646 Hits=2
Tree 0:
digraph g {
node [shape=rectangle];
n[label = "Equal"];
n0[label = "Equal"];
n00[label = "Equal"];
n000[label = "Or"];
n0000[label = "NearestInsertion"];
n000 -> n0000;
n0001[label = "NearestInsertion"];
n000 -> n0001;
n00 -> n000;
n001[label = "And"];
n0010[label = "FarthestInsertion"];
n001 -> n0010;
n0011[label = "FarthestFirstNode"];
n001 -> n0011;
n00 -> n001;
n0 -> n00;
n01[label = "NearestInsertion"];
n0 -> n01;
n -> n0;
n1[label = "And"];
n10[label = "Equal"];
n100[label = "Or"];
n1000[label = "NearestFirstNode"];
n100 -> n1000;
n1001[label = "NearestInsertion"];
n100 -> n1001;
n10 -> n100;
n101[label = "While"];
n1010[label = "NearestInsertion"];
n101 -> n1010;
n1011[label = "NearestInsertion"];
n101 -> n1011;
n10 -> n101;
n1 -> n10;
n11[label = "FarthestFirstNode"];
n1 -> n11;
n -> n1;
}


Generation: 76
Best Individual:
Subpopulation 0:
Evaluated: true
Fitness: Standardized=0.18923531 Adjusted=0.84087646 Hits=2
Tree 0:
digraph g {
node [shape=rectangle];
n[label = "Equal"];
n0[label = "Equal"];
n00[label = "Equal"];
n000[label = "Or"];
n0000[label = "NearestInsertion"];
n000 -> n0000;
n0001[label = "NearestInsertion"];
n000 -> n0001;
n00 -> n000;
n001[label = "And"];
n0010[label = "FarthestInsertion"];
n001 -> n0010;
n0011[label = "FarthestFirstNode"];
n001 -> n0011;
n00 -> n001;
n0 -> n00;
n01[label = "NearestInsertion"];
n0 -> n01;
n -> n0;
n1[label = "And"];
n10[label = "Equal"];
n100[label = "Or"];
n1000[label = "NearestFirstNode"];
n100 -> n1000;
n1001[label = "NearestInsertion"];
n100 -> n1001;
n10 -> n100;
n101[label = "While"];
n1010[label = "NearestInsertion"];
n101 -> n1010;
n1011[label = "NearestInsertion"];
n101 -> n1011;
n10 -> n101;
n1 -> n10;
n11[label = "FarthestFirstNode"];
n1 -> n11;
n -> n1;
}


Generation: 77
Best Individual:
Subpopulation 0:
Evaluated: true
Fitness: Standardized=0.18923531 Adjusted=0.84087646 Hits=2
Tree 0:
digraph g {
node [shape=rectangle];
n[label = "Equal"];
n0[label = "Equal"];
n00[label = "Equal"];
n000[label = "Or"];
n0000[label = "NearestInsertion"];
n000 -> n0000;
n0001[label = "NearestInsertion"];
n000 -> n0001;
n00 -> n000;
n001[label = "And"];
n0010[label = "FarthestInsertion"];
n001 -> n0010;
n0011[label = "FarthestFirstNode"];
n001 -> n0011;
n00 -> n001;
n0 -> n00;
n01[label = "NearestInsertion"];
n0 -> n01;
n -> n0;
n1[label = "And"];
n10[label = "Equal"];
n100[label = "Or"];
n1000[label = "NearestFirstNode"];
n100 -> n1000;
n1001[label = "NearestInsertion"];
n100 -> n1001;
n10 -> n100;
n101[label = "While"];
n1010[label = "NearestInsertion"];
n101 -> n1010;
n1011[label = "NearestInsertion"];
n101 -> n1011;
n10 -> n101;
n1 -> n10;
n11[label = "FarthestFirstNode"];
n1 -> n11;
n -> n1;
}


Generation: 78
Best Individual:
Subpopulation 0:
Evaluated: true
Fitness: Standardized=0.18923531 Adjusted=0.84087646 Hits=2
Tree 0:
digraph g {
node [shape=rectangle];
n[label = "Equal"];
n0[label = "Equal"];
n00[label = "Equal"];
n000[label = "Or"];
n0000[label = "NearestInsertion"];
n000 -> n0000;
n0001[label = "NearestInsertion"];
n000 -> n0001;
n00 -> n000;
n001[label = "And"];
n0010[label = "FarthestInsertion"];
n001 -> n0010;
n0011[label = "FarthestFirstNode"];
n001 -> n0011;
n00 -> n001;
n0 -> n00;
n01[label = "Or"];
n010[label = "NearestInsertion"];
n01 -> n010;
n011[label = "NearestInsertion"];
n01 -> n011;
n0 -> n01;
n -> n0;
n1[label = "And"];
n10[label = "Equal"];
n100[label = "Or"];
n1000[label = "NearestFirstNode"];
n100 -> n1000;
n1001[label = "NearestInsertion"];
n100 -> n1001;
n10 -> n100;
n101[label = "While"];
n1010[label = "NearestInsertion"];
n101 -> n1010;
n1011[label = "NearestInsertion"];
n101 -> n1011;
n10 -> n101;
n1 -> n10;
n11[label = "FarthestFirstNode"];
n1 -> n11;
n -> n1;
}


Generation: 79
Best Individual:
Subpopulation 0:
Evaluated: true
Fitness: Standardized=0.18923531 Adjusted=0.84087646 Hits=2
Tree 0:
digraph g {
node [shape=rectangle];
n[label = "Equal"];
n0[label = "Equal"];
n00[label = "Equal"];
n000[label = "Or"];
n0000[label = "NearestInsertion"];
n000 -> n0000;
n0001[label = "NearestInsertion"];
n000 -> n0001;
n00 -> n000;
n001[label = "And"];
n0010[label = "FarthestInsertion"];
n001 -> n0010;
n0011[label = "FarthestFirstNode"];
n001 -> n0011;
n00 -> n001;
n0 -> n00;
n01[label = "NearestInsertion"];
n0 -> n01;
n -> n0;
n1[label = "And"];
n10[label = "Equal"];
n100[label = "Or"];
n1000[label = "NearestFirstNode"];
n100 -> n1000;
n1001[label = "NearestInsertion"];
n100 -> n1001;
n10 -> n100;
n101[label = "While"];
n1010[label = "NearestInsertion"];
n101 -> n1010;
n1011[label = "NearestInsertion"];
n101 -> n1011;
n10 -> n101;
n1 -> n10;
n11[label = "FarthestFirstNode"];
n1 -> n11;
n -> n1;
}


Generation: 80
Best Individual:
Subpopulation 0:
Evaluated: true
Fitness: Standardized=0.18923531 Adjusted=0.84087646 Hits=2
Tree 0:
digraph g {
node [shape=rectangle];
n[label = "Equal"];
n0[label = "Equal"];
n00[label = "Equal"];
n000[label = "Or"];
n0000[label = "NearestInsertion"];
n000 -> n0000;
n0001[label = "NearestInsertion"];
n000 -> n0001;
n00 -> n000;
n001[label = "And"];
n0010[label = "FarthestInsertion"];
n001 -> n0010;
n0011[label = "FarthestFirstNode"];
n001 -> n0011;
n00 -> n001;
n0 -> n00;
n01[label = "NearestInsertion"];
n0 -> n01;
n -> n0;
n1[label = "And"];
n10[label = "Equal"];
n100[label = "Or"];
n1000[label = "NearestFirstNode"];
n100 -> n1000;
n1001[label = "NearestInsertion"];
n100 -> n1001;
n10 -> n100;
n101[label = "While"];
n1010[label = "NearestInsertion"];
n101 -> n1010;
n1011[label = "NearestInsertion"];
n101 -> n1011;
n10 -> n101;
n1 -> n10;
n11[label = "FarthestFirstNode"];
n1 -> n11;
n -> n1;
}


Generation: 81
Best Individual:
Subpopulation 0:
Evaluated: true
Fitness: Standardized=0.18923531 Adjusted=0.84087646 Hits=2
Tree 0:
digraph g {
node [shape=rectangle];
n[label = "Equal"];
n0[label = "Equal"];
n00[label = "Equal"];
n000[label = "Or"];
n0000[label = "NearestInsertion"];
n000 -> n0000;
n0001[label = "NearestInsertion"];
n000 -> n0001;
n00 -> n000;
n001[label = "And"];
n0010[label = "FarthestInsertion"];
n001 -> n0010;
n0011[label = "FarthestFirstNode"];
n001 -> n0011;
n00 -> n001;
n0 -> n00;
n01[label = "NearestInsertion"];
n0 -> n01;
n -> n0;
n1[label = "And"];
n10[label = "Equal"];
n100[label = "Or"];
n1000[label = "NearestFirstNode"];
n100 -> n1000;
n1001[label = "NearestInsertion"];
n100 -> n1001;
n10 -> n100;
n101[label = "While"];
n1010[label = "NearestInsertion"];
n101 -> n1010;
n1011[label = "NearestInsertion"];
n101 -> n1011;
n10 -> n101;
n1 -> n10;
n11[label = "FarthestFirstNode"];
n1 -> n11;
n -> n1;
}


Generation: 82
Best Individual:
Subpopulation 0:
Evaluated: true
Fitness: Standardized=0.18923531 Adjusted=0.84087646 Hits=2
Tree 0:
digraph g {
node [shape=rectangle];
n[label = "Equal"];
n0[label = "Equal"];
n00[label = "Equal"];
n000[label = "Or"];
n0000[label = "NearestInsertion"];
n000 -> n0000;
n0001[label = "NearestInsertion"];
n000 -> n0001;
n00 -> n000;
n001[label = "And"];
n0010[label = "FarthestInsertion"];
n001 -> n0010;
n0011[label = "FarthestFirstNode"];
n001 -> n0011;
n00 -> n001;
n0 -> n00;
n01[label = "NearestInsertion"];
n0 -> n01;
n -> n0;
n1[label = "And"];
n10[label = "Equal"];
n100[label = "Or"];
n1000[label = "NearestFirstNode"];
n100 -> n1000;
n1001[label = "NearestInsertion"];
n100 -> n1001;
n10 -> n100;
n101[label = "While"];
n1010[label = "NearestInsertion"];
n101 -> n1010;
n1011[label = "NearestInsertion"];
n101 -> n1011;
n10 -> n101;
n1 -> n10;
n11[label = "FarthestFirstNode"];
n1 -> n11;
n -> n1;
}


Generation: 83
Best Individual:
Subpopulation 0:
Evaluated: true
Fitness: Standardized=0.18923531 Adjusted=0.84087646 Hits=2
Tree 0:
digraph g {
node [shape=rectangle];
n[label = "Equal"];
n0[label = "Equal"];
n00[label = "Equal"];
n000[label = "Or"];
n0000[label = "NearestInsertion"];
n000 -> n0000;
n0001[label = "NearestInsertion"];
n000 -> n0001;
n00 -> n000;
n001[label = "And"];
n0010[label = "FarthestInsertion"];
n001 -> n0010;
n0011[label = "FarthestFirstNode"];
n001 -> n0011;
n00 -> n001;
n0 -> n00;
n01[label = "NearestInsertion"];
n0 -> n01;
n -> n0;
n1[label = "And"];
n10[label = "Equal"];
n100[label = "Or"];
n1000[label = "NearestFirstNode"];
n100 -> n1000;
n1001[label = "NearestInsertion"];
n100 -> n1001;
n10 -> n100;
n101[label = "While"];
n1010[label = "NearestInsertion"];
n101 -> n1010;
n1011[label = "NearestInsertion"];
n101 -> n1011;
n10 -> n101;
n1 -> n10;
n11[label = "NearestFirstNode"];
n1 -> n11;
n -> n1;
}


Generation: 84
Best Individual:
Subpopulation 0:
Evaluated: true
Fitness: Standardized=0.18923531 Adjusted=0.84087646 Hits=2
Tree 0:
digraph g {
node [shape=rectangle];
n[label = "Equal"];
n0[label = "Equal"];
n00[label = "Equal"];
n000[label = "Or"];
n0000[label = "NearestInsertion"];
n000 -> n0000;
n0001[label = "NearestInsertion"];
n000 -> n0001;
n00 -> n000;
n001[label = "And"];
n0010[label = "FarthestInsertion"];
n001 -> n0010;
n0011[label = "FarthestFirstNode"];
n001 -> n0011;
n00 -> n001;
n0 -> n00;
n01[label = "NearestInsertion"];
n0 -> n01;
n -> n0;
n1[label = "And"];
n10[label = "Equal"];
n100[label = "Or"];
n1000[label = "NearestFirstNode"];
n100 -> n1000;
n1001[label = "NearestInsertion"];
n100 -> n1001;
n10 -> n100;
n101[label = "While"];
n1010[label = "NearestInsertion"];
n101 -> n1010;
n1011[label = "NearestInsertion"];
n101 -> n1011;
n10 -> n101;
n1 -> n10;
n11[label = "FarthestFirstNode"];
n1 -> n11;
n -> n1;
}


Generation: 85
Best Individual:
Subpopulation 0:
Evaluated: true
Fitness: Standardized=0.18923531 Adjusted=0.84087646 Hits=2
Tree 0:
digraph g {
node [shape=rectangle];
n[label = "Equal"];
n0[label = "Equal"];
n00[label = "Equal"];
n000[label = "Or"];
n0000[label = "NearestInsertion"];
n000 -> n0000;
n0001[label = "NearestInsertion"];
n000 -> n0001;
n00 -> n000;
n001[label = "And"];
n0010[label = "FarthestInsertion"];
n001 -> n0010;
n0011[label = "FarthestFirstNode"];
n001 -> n0011;
n00 -> n001;
n0 -> n00;
n01[label = "NearestInsertion"];
n0 -> n01;
n -> n0;
n1[label = "And"];
n10[label = "Equal"];
n100[label = "Or"];
n1000[label = "NearestFirstNode"];
n100 -> n1000;
n1001[label = "NearestInsertion"];
n100 -> n1001;
n10 -> n100;
n101[label = "While"];
n1010[label = "NearestInsertion"];
n101 -> n1010;
n1011[label = "NearestInsertion"];
n101 -> n1011;
n10 -> n101;
n1 -> n10;
n11[label = "NearestFirstNode"];
n1 -> n11;
n -> n1;
}


Generation: 86
Best Individual:
Subpopulation 0:
Evaluated: true
Fitness: Standardized=0.18923531 Adjusted=0.84087646 Hits=2
Tree 0:
digraph g {
node [shape=rectangle];
n[label = "Equal"];
n0[label = "Equal"];
n00[label = "Equal"];
n000[label = "Or"];
n0000[label = "NearestInsertion"];
n000 -> n0000;
n0001[label = "FarthestFirstNode"];
n000 -> n0001;
n00 -> n000;
n001[label = "And"];
n0010[label = "FarthestInsertion"];
n001 -> n0010;
n0011[label = "FarthestFirstNode"];
n001 -> n0011;
n00 -> n001;
n0 -> n00;
n01[label = "NearestInsertion"];
n0 -> n01;
n -> n0;
n1[label = "And"];
n10[label = "Equal"];
n100[label = "Or"];
n1000[label = "NearestFirstNode"];
n100 -> n1000;
n1001[label = "NearestInsertion"];
n100 -> n1001;
n10 -> n100;
n101[label = "While"];
n1010[label = "NearestInsertion"];
n101 -> n1010;
n1011[label = "NearestInsertion"];
n101 -> n1011;
n10 -> n101;
n1 -> n10;
n11[label = "NearestFirstNode"];
n1 -> n11;
n -> n1;
}


Generation: 87
Best Individual:
Subpopulation 0:
Evaluated: true
Fitness: Standardized=0.18923531 Adjusted=0.84087646 Hits=2
Tree 0:
digraph g {
node [shape=rectangle];
n[label = "Equal"];
n0[label = "Equal"];
n00[label = "Equal"];
n000[label = "NearestInsertion"];
n00 -> n000;
n001[label = "And"];
n0010[label = "FarthestInsertion"];
n001 -> n0010;
n0011[label = "FarthestFirstNode"];
n001 -> n0011;
n00 -> n001;
n0 -> n00;
n01[label = "NearestInsertion"];
n0 -> n01;
n -> n0;
n1[label = "And"];
n10[label = "Equal"];
n100[label = "Or"];
n1000[label = "NearestFirstNode"];
n100 -> n1000;
n1001[label = "NearestInsertion"];
n100 -> n1001;
n10 -> n100;
n101[label = "While"];
n1010[label = "NearestInsertion"];
n101 -> n1010;
n1011[label = "NearestInsertion"];
n101 -> n1011;
n10 -> n101;
n1 -> n10;
n11[label = "NearestFirstNode"];
n1 -> n11;
n -> n1;
}


Generation: 88
Best Individual:
Subpopulation 0:
Evaluated: true
Fitness: Standardized=0.18923531 Adjusted=0.84087646 Hits=2
Tree 0:
digraph g {
node [shape=rectangle];
n[label = "Equal"];
n0[label = "Equal"];
n00[label = "Equal"];
n000[label = "NearestInsertion"];
n00 -> n000;
n001[label = "And"];
n0010[label = "FarthestInsertion"];
n001 -> n0010;
n0011[label = "FarthestFirstNode"];
n001 -> n0011;
n00 -> n001;
n0 -> n00;
n01[label = "NearestInsertion"];
n0 -> n01;
n -> n0;
n1[label = "And"];
n10[label = "Equal"];
n100[label = "Or"];
n1000[label = "NearestFirstNode"];
n100 -> n1000;
n1001[label = "NearestFirstNode"];
n100 -> n1001;
n10 -> n100;
n101[label = "While"];
n1010[label = "NearestInsertion"];
n101 -> n1010;
n1011[label = "NearestInsertion"];
n101 -> n1011;
n10 -> n101;
n1 -> n10;
n11[label = "NearestFirstNode"];
n1 -> n11;
n -> n1;
}


Generation: 89
Best Individual:
Subpopulation 0:
Evaluated: true
Fitness: Standardized=0.18923531 Adjusted=0.84087646 Hits=2
Tree 0:
digraph g {
node [shape=rectangle];
n[label = "Equal"];
n0[label = "Equal"];
n00[label = "Equal"];
n000[label = "NearestFirstNode"];
n00 -> n000;
n001[label = "And"];
n0010[label = "FarthestInsertion"];
n001 -> n0010;
n0011[label = "FarthestFirstNode"];
n001 -> n0011;
n00 -> n001;
n0 -> n00;
n01[label = "NearestInsertion"];
n0 -> n01;
n -> n0;
n1[label = "And"];
n10[label = "Equal"];
n100[label = "Or"];
n1000[label = "NearestFirstNode"];
n100 -> n1000;
n1001[label = "NearestInsertion"];
n100 -> n1001;
n10 -> n100;
n101[label = "While"];
n1010[label = "NearestInsertion"];
n101 -> n1010;
n1011[label = "NearestInsertion"];
n101 -> n1011;
n10 -> n101;
n1 -> n10;
n11[label = "NearestFirstNode"];
n1 -> n11;
n -> n1;
}


Generation: 90
Best Individual:
Subpopulation 0:
Evaluated: true
Fitness: Standardized=0.18923531 Adjusted=0.84087646 Hits=2
Tree 0:
digraph g {
node [shape=rectangle];
n[label = "Equal"];
n0[label = "Equal"];
n00[label = "Equal"];
n000[label = "NearestInsertion"];
n00 -> n000;
n001[label = "And"];
n0010[label = "FarthestInsertion"];
n001 -> n0010;
n0011[label = "FarthestFirstNode"];
n001 -> n0011;
n00 -> n001;
n0 -> n00;
n01[label = "NearestInsertion"];
n0 -> n01;
n -> n0;
n1[label = "And"];
n10[label = "If_Then"];
n100[label = "Or"];
n1000[label = "NearestFirstNode"];
n100 -> n1000;
n1001[label = "NearestInsertion"];
n100 -> n1001;
n10 -> n100;
n101[label = "While"];
n1010[label = "NearestInsertion"];
n101 -> n1010;
n1011[label = "NearestInsertion"];
n101 -> n1011;
n10 -> n101;
n1 -> n10;
n11[label = "While"];
n110[label = "NearestInsertion"];
n11 -> n110;
n111[label = "NearestInsertion"];
n11 -> n111;
n1 -> n11;
n -> n1;
}


Generation: 91
Best Individual:
Subpopulation 0:
Evaluated: true
Fitness: Standardized=0.18923531 Adjusted=0.84087646 Hits=2
Tree 0:
digraph g {
node [shape=rectangle];
n[label = "Equal"];
n0[label = "Equal"];
n00[label = "Equal"];
n000[label = "Or"];
n0000[label = "NearestInsertion"];
n000 -> n0000;
n0001[label = "FarthestFirstNode"];
n000 -> n0001;
n00 -> n000;
n001[label = "And"];
n0010[label = "FarthestInsertion"];
n001 -> n0010;
n0011[label = "FarthestFirstNode"];
n001 -> n0011;
n00 -> n001;
n0 -> n00;
n01[label = "NearestInsertion"];
n0 -> n01;
n -> n0;
n1[label = "Equal"];
n10[label = "Equal"];
n100[label = "Or"];
n1000[label = "NearestFirstNode"];
n100 -> n1000;
n1001[label = "NearestInsertion"];
n100 -> n1001;
n10 -> n100;
n101[label = "While"];
n1010[label = "NearestInsertion"];
n101 -> n1010;
n1011[label = "NearestInsertion"];
n101 -> n1011;
n10 -> n101;
n1 -> n10;
n11[label = "NearestFirstNode"];
n1 -> n11;
n -> n1;
}


Generation: 92
Best Individual:
Subpopulation 0:
Evaluated: true
Fitness: Standardized=0.18655393 Adjusted=0.84277666 Hits=2
Tree 0:
digraph g {
node [shape=rectangle];
n[label = "Equal"];
n0[label = "Equal"];
n00[label = "Equal"];
n000[label = "NearestInsertion"];
n00 -> n000;
n001[label = "And"];
n0010[label = "FarthestInsertion"];
n001 -> n0010;
n0011[label = "FarthestFirstNode"];
n001 -> n0011;
n00 -> n001;
n0 -> n00;
n01[label = "NearestInsertion"];
n0 -> n01;
n -> n0;
n1[label = "And"];
n10[label = "Equal"];
n100[label = "Or"];
n1000[label = "NearestFirstNode"];
n100 -> n1000;
n1001[label = "NearestInsertion"];
n100 -> n1001;
n10 -> n100;
n101[label = "FarthestNeighbor"];
n10 -> n101;
n1 -> n10;
n11[label = "While"];
n110[label = "NearestInsertion"];
n11 -> n110;
n111[label = "NearestInsertion"];
n11 -> n111;
n1 -> n11;
n -> n1;
}


Generation: 93
Best Individual:
Subpopulation 0:
Evaluated: true
Fitness: Standardized=0.18655393 Adjusted=0.84277666 Hits=2
Tree 0:
digraph g {
node [shape=rectangle];
n[label = "Equal"];
n0[label = "Equal"];
n00[label = "Equal"];
n000[label = "NearestInsertion"];
n00 -> n000;
n001[label = "And"];
n0010[label = "FarthestInsertion"];
n001 -> n0010;
n0011[label = "FarthestFirstNode"];
n001 -> n0011;
n00 -> n001;
n0 -> n00;
n01[label = "NearestInsertion"];
n0 -> n01;
n -> n0;
n1[label = "And"];
n10[label = "Equal"];
n100[label = "Or"];
n1000[label = "NearestFirstNode"];
n100 -> n1000;
n1001[label = "NearestInsertion"];
n100 -> n1001;
n10 -> n100;
n101[label = "FarthestNeighbor"];
n10 -> n101;
n1 -> n10;
n11[label = "While"];
n110[label = "NearestInsertion"];
n11 -> n110;
n111[label = "NearestInsertion"];
n11 -> n111;
n1 -> n11;
n -> n1;
}


Generation: 94
Best Individual:
Subpopulation 0:
Evaluated: true
Fitness: Standardized=0.18655393 Adjusted=0.84277666 Hits=2
Tree 0:
digraph g {
node [shape=rectangle];
n[label = "Equal"];
n0[label = "Equal"];
n00[label = "Equal"];
n000[label = "NearestInsertion"];
n00 -> n000;
n001[label = "And"];
n0010[label = "FarthestInsertion"];
n001 -> n0010;
n0011[label = "FarthestFirstNode"];
n001 -> n0011;
n00 -> n001;
n0 -> n00;
n01[label = "NearestInsertion"];
n0 -> n01;
n -> n0;
n1[label = "And"];
n10[label = "Equal"];
n100[label = "Or"];
n1000[label = "NearestFirstNode"];
n100 -> n1000;
n1001[label = "NearestInsertion"];
n100 -> n1001;
n10 -> n100;
n101[label = "FarthestNeighbor"];
n10 -> n101;
n1 -> n10;
n11[label = "While"];
n110[label = "NearestInsertion"];
n11 -> n110;
n111[label = "NearestInsertion"];
n11 -> n111;
n1 -> n11;
n -> n1;
}


Generation: 95
Best Individual:
Subpopulation 0:
Evaluated: true
Fitness: Standardized=0.18655393 Adjusted=0.84277666 Hits=2
Tree 0:
digraph g {
node [shape=rectangle];
n[label = "Equal"];
n0[label = "Equal"];
n00[label = "Equal"];
n000[label = "Or"];
n0000[label = "NearestInsertion"];
n000 -> n0000;
n0001[label = "FarthestFirstNode"];
n000 -> n0001;
n00 -> n000;
n001[label = "And"];
n0010[label = "FarthestInsertion"];
n001 -> n0010;
n0011[label = "FarthestFirstNode"];
n001 -> n0011;
n00 -> n001;
n0 -> n00;
n01[label = "NearestInsertion"];
n0 -> n01;
n -> n0;
n1[label = "Equal"];
n10[label = "Equal"];
n100[label = "Or"];
n1000[label = "NearestFirstNode"];
n100 -> n1000;
n1001[label = "NearestInsertion"];
n100 -> n1001;
n10 -> n100;
n101[label = "FarthestFirstNode"];
n10 -> n101;
n1 -> n10;
n11[label = "While"];
n110[label = "NearestInsertion"];
n11 -> n110;
n111[label = "NearestInsertion"];
n11 -> n111;
n1 -> n11;
n -> n1;
}


Generation: 96
Best Individual:
Subpopulation 0:
Evaluated: true
Fitness: Standardized=0.18655393 Adjusted=0.84277666 Hits=2
Tree 0:
digraph g {
node [shape=rectangle];
n[label = "Equal"];
n0[label = "Equal"];
n00[label = "Equal"];
n000[label = "Or"];
n0000[label = "NearestInsertion"];
n000 -> n0000;
n0001[label = "FarthestFirstNode"];
n000 -> n0001;
n00 -> n000;
n001[label = "And"];
n0010[label = "FarthestInsertion"];
n001 -> n0010;
n0011[label = "FarthestFirstNode"];
n001 -> n0011;
n00 -> n001;
n0 -> n00;
n01[label = "NearestInsertion"];
n0 -> n01;
n -> n0;
n1[label = "And"];
n10[label = "Equal"];
n100[label = "Or"];
n1000[label = "NearestFirstNode"];
n100 -> n1000;
n1001[label = "NearestInsertion"];
n100 -> n1001;
n10 -> n100;
n101[label = "FarthestFirstNode"];
n10 -> n101;
n1 -> n10;
n11[label = "While"];
n110[label = "NearestInsertion"];
n11 -> n110;
n111[label = "NearestInsertion"];
n11 -> n111;
n1 -> n11;
n -> n1;
}


Generation: 97
Best Individual:
Subpopulation 0:
Evaluated: true
Fitness: Standardized=0.18655393 Adjusted=0.84277666 Hits=2
Tree 0:
digraph g {
node [shape=rectangle];
n[label = "Equal"];
n0[label = "Equal"];
n00[label = "Equal"];
n000[label = "Or"];
n0000[label = "NearestInsertion"];
n000 -> n0000;
n0001[label = "FarthestFirstNode"];
n000 -> n0001;
n00 -> n000;
n001[label = "And"];
n0010[label = "FarthestInsertion"];
n001 -> n0010;
n0011[label = "FarthestFirstNode"];
n001 -> n0011;
n00 -> n001;
n0 -> n00;
n01[label = "NearestInsertion"];
n0 -> n01;
n -> n0;
n1[label = "Equal"];
n10[label = "Equal"];
n100[label = "Or"];
n1000[label = "NearestFirstNode"];
n100 -> n1000;
n1001[label = "NearestInsertion"];
n100 -> n1001;
n10 -> n100;
n101[label = "FarthestFirstNode"];
n10 -> n101;
n1 -> n10;
n11[label = "While"];
n110[label = "NearestInsertion"];
n11 -> n110;
n111[label = "NearestInsertion"];
n11 -> n111;
n1 -> n11;
n -> n1;
}


Generation: 98
Best Individual:
Subpopulation 0:
Evaluated: true
Fitness: Standardized=0.18400177 Adjusted=0.8445933 Hits=2
Tree 0:
digraph g {
node [shape=rectangle];
n[label = "Equal"];
n0[label = "And"];
n00[label = "FarthestInsertion"];
n0 -> n00;
n01[label = "FarthestFirstNode"];
n0 -> n01;
n -> n0;
n1[label = "And"];
n10[label = "Equal"];
n100[label = "Or"];
n1000[label = "NearestFirstNode"];
n100 -> n1000;
n1001[label = "CplexTerminal"];
n100 -> n1001;
n10 -> n100;
n101[label = "FarthestNeighbor"];
n10 -> n101;
n1 -> n10;
n11[label = "While"];
n110[label = "NearestInsertion"];
n11 -> n110;
n111[label = "NearestInsertion"];
n11 -> n111;
n1 -> n11;
n -> n1;
}


Generation: 99
Best Individual:
Subpopulation 0:
Evaluated: true
Fitness: Standardized=0.18400177 Adjusted=0.8445933 Hits=2
Tree 0:
digraph g {
node [shape=rectangle];
n[label = "Equal"];
n0[label = "And"];
n00[label = "FarthestInsertion"];
n0 -> n00;
n01[label = "FarthestFirstNode"];
n0 -> n01;
n -> n0;
n1[label = "And"];
n10[label = "Equal"];
n100[label = "Or"];
n1000[label = "NearestFirstNode"];
n100 -> n1000;
n1001[label = "CplexTerminal"];
n100 -> n1001;
n10 -> n100;
n101[label = "FarthestNeighbor"];
n10 -> n101;
n1 -> n10;
n11[label = "While"];
n110[label = "NearestInsertion"];
n11 -> n110;
n111[label = "NearestInsertion"];
n11 -> n111;
n1 -> n11;
n -> n1;
}


Best Individual of Run:
Subpopulation 0:
Evaluated: true
Fitness: Standardized=0.18400177 Adjusted=0.8445933 Hits=2
Tree 0:
digraph g {
node [shape=rectangle];
n[label = "Equal"];
n0[label = "And"];
n00[label = "FarthestInsertion"];
n0 -> n00;
n01[label = "FarthestFirstNode"];
n0 -> n01;
n -> n0;
n1[label = "And"];
n10[label = "Equal"];
n100[label = "Or"];
n1000[label = "NearestFirstNode"];
n100 -> n1000;
n1001[label = "CplexTerminal"];
n100 -> n1001;
n10 -> n100;
n101[label = "FarthestNeighbor"];
n10 -> n101;
n1 -> n10;
n11[label = "While"];
n110[label = "NearestInsertion"];
n11 -> n110;
n111[label = "NearestInsertion"];
n11 -> n111;
n1 -> n11;
n -> n1;
}

