
Generation: 0
Best Individual:
Subpopulation 0:
Evaluated: true
Fitness: Standardized=0.60754216 Adjusted=0.6220677 Hits=0
Tree 0:
digraph g {
node [shape=rectangle];
n[label = "Equal"];
n0[label = "FarthestNeighbor"];
n -> n0;
n1[label = "FarthestNeighbor"];
n -> n1;
}


Generation: 1
Best Individual:
Subpopulation 0:
Evaluated: true
Fitness: Standardized=0.5561142 Adjusted=0.64262635 Hits=0
Tree 0:
digraph g {
node [shape=rectangle];
n[label = "If_Then_Else"];
n0[label = "NearestFirstNode"];
n -> n0;
n1[label = "Equal"];
n10[label = "FarthestNeighbor"];
n1 -> n10;
n11[label = "FarthestNeighbor"];
n1 -> n11;
n -> n1;
n2[label = "NearestFirstNode"];
n -> n2;
}


Generation: 2
Best Individual:
Subpopulation 0:
Evaluated: true
Fitness: Standardized=0.5561142 Adjusted=0.64262635 Hits=0
Tree 0:
digraph g {
node [shape=rectangle];
n[label = "If_Then_Else"];
n0[label = "NearestFirstNode"];
n -> n0;
n1[label = "Equal"];
n10[label = "FarthestNeighbor"];
n1 -> n10;
n11[label = "FarthestNeighbor"];
n1 -> n11;
n -> n1;
n2[label = "NearestFirstNode"];
n -> n2;
}


Generation: 3
Best Individual:
Subpopulation 0:
Evaluated: true
Fitness: Standardized=0.42734218 Adjusted=0.7006028 Hits=0
Tree 0:
digraph g {
node [shape=rectangle];
n[label = "Equal"];
n0[label = "FarthestNeighbor"];
n -> n0;
n1[label = "Equal"];
n10[label = "FarthestNeighbor"];
n1 -> n10;
n11[label = "FarthestNeighbor"];
n1 -> n11;
n -> n1;
}


Generation: 4
Best Individual:
Subpopulation 0:
Evaluated: true
Fitness: Standardized=0.3759142 Adjusted=0.7267895 Hits=0
Tree 0:
digraph g {
node [shape=rectangle];
n[label = "If_Then_Else"];
n0[label = "NearestFirstNode"];
n -> n0;
n1[label = "Equal"];
n10[label = "FarthestNeighbor"];
n1 -> n10;
n11[label = "Equal"];
n110[label = "FarthestNeighbor"];
n11 -> n110;
n111[label = "FarthestNeighbor"];
n11 -> n111;
n1 -> n11;
n -> n1;
n2[label = "Equal"];
n20[label = "FarthestNeighbor"];
n2 -> n20;
n21[label = "FarthestNeighbor"];
n2 -> n21;
n -> n2;
}


Generation: 5
Best Individual:
Subpopulation 0:
Evaluated: true
Fitness: Standardized=0.3759142 Adjusted=0.7267895 Hits=0
Tree 0:
digraph g {
node [shape=rectangle];
n[label = "If_Then_Else"];
n0[label = "NearestFirstNode"];
n -> n0;
n1[label = "Equal"];
n10[label = "FarthestNeighbor"];
n1 -> n10;
n11[label = "Equal"];
n110[label = "FarthestNeighbor"];
n11 -> n110;
n111[label = "FarthestNeighbor"];
n11 -> n111;
n1 -> n11;
n -> n1;
n2[label = "Equal"];
n20[label = "FarthestNeighbor"];
n2 -> n20;
n21[label = "FarthestNeighbor"];
n2 -> n21;
n -> n2;
}


Generation: 6
Best Individual:
Subpopulation 0:
Evaluated: true
Fitness: Standardized=0.28440526 Adjusted=0.7785705 Hits=0
Tree 0:
digraph g {
node [shape=rectangle];
n[label = "If_Then_Else"];
n0[label = "NearestFirstNode"];
n -> n0;
n1[label = "Equal"];
n10[label = "FarthestNeighbor"];
n1 -> n10;
n11[label = "Equal"];
n110[label = "FarthestNeighbor"];
n11 -> n110;
n111[label = "Equal"];
n1110[label = "FarthestNeighbor"];
n111 -> n1110;
n1111[label = "FarthestNeighbor"];
n111 -> n1111;
n11 -> n111;
n1 -> n11;
n -> n1;
n2[label = "Equal"];
n20[label = "FarthestNeighbor"];
n2 -> n20;
n21[label = "FarthestNeighbor"];
n2 -> n21;
n -> n2;
}


Generation: 7
Best Individual:
Subpopulation 0:
Evaluated: true
Fitness: Standardized=0.28440526 Adjusted=0.7785705 Hits=0
Tree 0:
digraph g {
node [shape=rectangle];
n[label = "If_Then_Else"];
n0[label = "NearestFirstNode"];
n -> n0;
n1[label = "Equal"];
n10[label = "FarthestNeighbor"];
n1 -> n10;
n11[label = "Equal"];
n110[label = "Equal"];
n1100[label = "FarthestNeighbor"];
n110 -> n1100;
n1101[label = "FarthestNeighbor"];
n110 -> n1101;
n11 -> n110;
n111[label = "FarthestNeighbor"];
n11 -> n111;
n1 -> n11;
n -> n1;
n2[label = "Equal"];
n20[label = "FarthestNeighbor"];
n2 -> n20;
n21[label = "FarthestNeighbor"];
n2 -> n21;
n -> n2;
}


Generation: 8
Best Individual:
Subpopulation 0:
Evaluated: true
Fitness: Standardized=0.28440526 Adjusted=0.7785705 Hits=0
Tree 0:
digraph g {
node [shape=rectangle];
n[label = "If_Then_Else"];
n0[label = "NearestFirstNode"];
n -> n0;
n1[label = "Equal"];
n10[label = "FarthestNeighbor"];
n1 -> n10;
n11[label = "Equal"];
n110[label = "FarthestNeighbor"];
n11 -> n110;
n111[label = "Equal"];
n1110[label = "FarthestNeighbor"];
n111 -> n1110;
n1111[label = "FarthestNeighbor"];
n111 -> n1111;
n11 -> n111;
n1 -> n11;
n -> n1;
n2[label = "Equal"];
n20[label = "FarthestNeighbor"];
n2 -> n20;
n21[label = "FarthestNeighbor"];
n2 -> n21;
n -> n2;
}


Generation: 9
Best Individual:
Subpopulation 0:
Evaluated: true
Fitness: Standardized=0.28440526 Adjusted=0.7785705 Hits=0
Tree 0:
digraph g {
node [shape=rectangle];
n[label = "If_Then_Else"];
n0[label = "NearestFirstNode"];
n -> n0;
n1[label = "Equal"];
n10[label = "FarthestNeighbor"];
n1 -> n10;
n11[label = "Equal"];
n110[label = "FarthestNeighbor"];
n11 -> n110;
n111[label = "Equal"];
n1110[label = "FarthestNeighbor"];
n111 -> n1110;
n1111[label = "FarthestNeighbor"];
n111 -> n1111;
n11 -> n111;
n1 -> n11;
n -> n1;
n2[label = "Equal"];
n20[label = "Equal"];
n200[label = "Equal"];
n2000[label = "FarthestNeighbor"];
n200 -> n2000;
n2001[label = "FarthestNeighbor"];
n200 -> n2001;
n20 -> n200;
n201[label = "FarthestNeighbor"];
n20 -> n201;
n2 -> n20;
n21[label = "FarthestNeighbor"];
n2 -> n21;
n -> n2;
}


Generation: 10
Best Individual:
Subpopulation 0:
Evaluated: true
Fitness: Standardized=0.28440526 Adjusted=0.7785705 Hits=0
Tree 0:
digraph g {
node [shape=rectangle];
n[label = "If_Then_Else"];
n0[label = "NearestFirstNode"];
n -> n0;
n1[label = "Equal"];
n10[label = "FarthestNeighbor"];
n1 -> n10;
n11[label = "Equal"];
n110[label = "FarthestNeighbor"];
n11 -> n110;
n111[label = "Equal"];
n1110[label = "FarthestNeighbor"];
n111 -> n1110;
n1111[label = "FarthestNeighbor"];
n111 -> n1111;
n11 -> n111;
n1 -> n11;
n -> n1;
n2[label = "Equal"];
n20[label = "FarthestNeighbor"];
n2 -> n20;
n21[label = "FarthestNeighbor"];
n2 -> n21;
n -> n2;
}


Generation: 11
Best Individual:
Subpopulation 0:
Evaluated: true
Fitness: Standardized=0.28440526 Adjusted=0.7785705 Hits=0
Tree 0:
digraph g {
node [shape=rectangle];
n[label = "If_Then_Else"];
n0[label = "NearestFirstNode"];
n -> n0;
n1[label = "Equal"];
n10[label = "FarthestNeighbor"];
n1 -> n10;
n11[label = "Equal"];
n110[label = "Equal"];
n1100[label = "FarthestNeighbor"];
n110 -> n1100;
n1101[label = "FarthestNeighbor"];
n110 -> n1101;
n11 -> n110;
n111[label = "FarthestNeighbor"];
n11 -> n111;
n1 -> n11;
n -> n1;
n2[label = "Equal"];
n20[label = "FarthestNeighbor"];
n2 -> n20;
n21[label = "FarthestNeighbor"];
n2 -> n21;
n -> n2;
}


Generation: 12
Best Individual:
Subpopulation 0:
Evaluated: true
Fitness: Standardized=0.28440526 Adjusted=0.7785705 Hits=0
Tree 0:
digraph g {
node [shape=rectangle];
n[label = "If_Then_Else"];
n0[label = "NearestFirstNode"];
n -> n0;
n1[label = "Equal"];
n10[label = "FarthestNeighbor"];
n1 -> n10;
n11[label = "Equal"];
n110[label = "FarthestNeighbor"];
n11 -> n110;
n111[label = "Equal"];
n1110[label = "FarthestNeighbor"];
n111 -> n1110;
n1111[label = "FarthestNeighbor"];
n111 -> n1111;
n11 -> n111;
n1 -> n11;
n -> n1;
n2[label = "Equal"];
n20[label = "FarthestNeighbor"];
n2 -> n20;
n21[label = "FarthestNeighbor"];
n2 -> n21;
n -> n2;
}


Generation: 13
Best Individual:
Subpopulation 0:
Evaluated: true
Fitness: Standardized=0.28440526 Adjusted=0.7785705 Hits=0
Tree 0:
digraph g {
node [shape=rectangle];
n[label = "If_Then_Else"];
n0[label = "NearestFirstNode"];
n -> n0;
n1[label = "Equal"];
n10[label = "FarthestNeighbor"];
n1 -> n10;
n11[label = "Equal"];
n110[label = "FarthestNeighbor"];
n11 -> n110;
n111[label = "Equal"];
n1110[label = "FarthestNeighbor"];
n111 -> n1110;
n1111[label = "FarthestNeighbor"];
n111 -> n1111;
n11 -> n111;
n1 -> n11;
n -> n1;
n2[label = "Equal"];
n20[label = "WorstMove"];
n2 -> n20;
n21[label = "FarthestNeighbor"];
n2 -> n21;
n -> n2;
}


Generation: 14
Best Individual:
Subpopulation 0:
Evaluated: true
Fitness: Standardized=0.28440526 Adjusted=0.7785705 Hits=0
Tree 0:
digraph g {
node [shape=rectangle];
n[label = "If_Then_Else"];
n0[label = "NearestFirstNode"];
n -> n0;
n1[label = "Equal"];
n10[label = "FarthestNeighbor"];
n1 -> n10;
n11[label = "Equal"];
n110[label = "FarthestNeighbor"];
n11 -> n110;
n111[label = "Equal"];
n1110[label = "FarthestNeighbor"];
n111 -> n1110;
n1111[label = "FarthestNeighbor"];
n111 -> n1111;
n11 -> n111;
n1 -> n11;
n -> n1;
n2[label = "Or"];
n20[label = "FarthestNeighbor"];
n2 -> n20;
n21[label = "Equal"];
n210[label = "FarthestNeighbor"];
n21 -> n210;
n211[label = "Equal"];
n2110[label = "FarthestNeighbor"];
n211 -> n2110;
n2111[label = "FarthestNeighbor"];
n211 -> n2111;
n21 -> n211;
n2 -> n21;
n -> n2;
}


Generation: 15
Best Individual:
Subpopulation 0:
Evaluated: true
Fitness: Standardized=0.28440526 Adjusted=0.7785705 Hits=0
Tree 0:
digraph g {
node [shape=rectangle];
n[label = "If_Then_Else"];
n0[label = "NearestFirstNode"];
n -> n0;
n1[label = "Equal"];
n10[label = "FarthestNeighbor"];
n1 -> n10;
n11[label = "Equal"];
n110[label = "FarthestNeighbor"];
n11 -> n110;
n111[label = "Equal"];
n1110[label = "FarthestNeighbor"];
n111 -> n1110;
n1111[label = "FarthestNeighbor"];
n111 -> n1111;
n11 -> n111;
n1 -> n11;
n -> n1;
n2[label = "Or"];
n20[label = "FarthestNeighbor"];
n2 -> n20;
n21[label = "Equal"];
n210[label = "FarthestNeighbor"];
n21 -> n210;
n211[label = "Equal"];
n2110[label = "FarthestNeighbor"];
n211 -> n2110;
n2111[label = "FarthestNeighbor"];
n211 -> n2111;
n21 -> n211;
n2 -> n21;
n -> n2;
}


Generation: 16
Best Individual:
Subpopulation 0:
Evaluated: true
Fitness: Standardized=0.28440526 Adjusted=0.7785705 Hits=0
Tree 0:
digraph g {
node [shape=rectangle];
n[label = "If_Then_Else"];
n0[label = "NearestFirstNode"];
n -> n0;
n1[label = "And"];
n10[label = "FarthestNeighbor"];
n1 -> n10;
n11[label = "Equal"];
n110[label = "FarthestNeighbor"];
n11 -> n110;
n111[label = "Equal"];
n1110[label = "FarthestNeighbor"];
n111 -> n1110;
n1111[label = "FarthestNeighbor"];
n111 -> n1111;
n11 -> n111;
n1 -> n11;
n -> n1;
n2[label = "Equal"];
n20[label = "FarthestNeighbor"];
n2 -> n20;
n21[label = "Equal"];
n210[label = "FarthestNeighbor"];
n21 -> n210;
n211[label = "FarthestNeighbor"];
n21 -> n211;
n2 -> n21;
n -> n2;
}


Generation: 17
Best Individual:
Subpopulation 0:
Evaluated: true
Fitness: Standardized=0.28440526 Adjusted=0.7785705 Hits=0
Tree 0:
digraph g {
node [shape=rectangle];
n[label = "If_Then_Else"];
n0[label = "NearestFirstNode"];
n -> n0;
n1[label = "If_Then"];
n10[label = "FarthestNeighbor"];
n1 -> n10;
n11[label = "Equal"];
n110[label = "FarthestNeighbor"];
n11 -> n110;
n111[label = "Equal"];
n1110[label = "FarthestNeighbor"];
n111 -> n1110;
n1111[label = "FarthestNeighbor"];
n111 -> n1111;
n11 -> n111;
n1 -> n11;
n -> n1;
n2[label = "Equal"];
n20[label = "FarthestNeighbor"];
n2 -> n20;
n21[label = "Equal"];
n210[label = "FarthestNeighbor"];
n21 -> n210;
n211[label = "Equal"];
n2110[label = "FarthestNeighbor"];
n211 -> n2110;
n2111[label = "FarthestNeighbor"];
n211 -> n2111;
n21 -> n211;
n2 -> n21;
n -> n2;
}


Generation: 18
Best Individual:
Subpopulation 0:
Evaluated: true
Fitness: Standardized=0.28440526 Adjusted=0.7785705 Hits=0
Tree 0:
digraph g {
node [shape=rectangle];
n[label = "If_Then_Else"];
n0[label = "NearestFirstNode"];
n -> n0;
n1[label = "And"];
n10[label = "FarthestNeighbor"];
n1 -> n10;
n11[label = "Equal"];
n110[label = "FarthestNeighbor"];
n11 -> n110;
n111[label = "Equal"];
n1110[label = "FarthestNeighbor"];
n111 -> n1110;
n1111[label = "FarthestNeighbor"];
n111 -> n1111;
n11 -> n111;
n1 -> n11;
n -> n1;
n2[label = "Equal"];
n20[label = "FarthestNeighbor"];
n2 -> n20;
n21[label = "Equal"];
n210[label = "FarthestNeighbor"];
n21 -> n210;
n211[label = "FarthestNeighbor"];
n21 -> n211;
n2 -> n21;
n -> n2;
}


Generation: 19
Best Individual:
Subpopulation 0:
Evaluated: true
Fitness: Standardized=0.28440526 Adjusted=0.7785705 Hits=0
Tree 0:
digraph g {
node [shape=rectangle];
n[label = "If_Then_Else"];
n0[label = "NearestFirstNode"];
n -> n0;
n1[label = "And"];
n10[label = "FarthestNeighbor"];
n1 -> n10;
n11[label = "Equal"];
n110[label = "FarthestNeighbor"];
n11 -> n110;
n111[label = "Equal"];
n1110[label = "FarthestNeighbor"];
n111 -> n1110;
n1111[label = "FarthestNeighbor"];
n111 -> n1111;
n11 -> n111;
n1 -> n11;
n -> n1;
n2[label = "Equal"];
n20[label = "FarthestNeighbor"];
n2 -> n20;
n21[label = "Equal"];
n210[label = "FarthestNeighbor"];
n21 -> n210;
n211[label = "FarthestNeighbor"];
n21 -> n211;
n2 -> n21;
n -> n2;
}


Generation: 20
Best Individual:
Subpopulation 0:
Evaluated: true
Fitness: Standardized=0.28440526 Adjusted=0.7785705 Hits=0
Tree 0:
digraph g {
node [shape=rectangle];
n[label = "If_Then_Else"];
n0[label = "NearestFirstNode"];
n -> n0;
n1[label = "If_Then"];
n10[label = "FarthestNeighbor"];
n1 -> n10;
n11[label = "Equal"];
n110[label = "FarthestNeighbor"];
n11 -> n110;
n111[label = "If_Then"];
n1110[label = "FarthestNeighbor"];
n111 -> n1110;
n1111[label = "FarthestNeighbor"];
n111 -> n1111;
n11 -> n111;
n1 -> n11;
n -> n1;
n2[label = "Equal"];
n20[label = "Equal"];
n200[label = "FarthestNeighbor"];
n20 -> n200;
n201[label = "Equal"];
n2010[label = "FarthestNeighbor"];
n201 -> n2010;
n2011[label = "FarthestNeighbor"];
n201 -> n2011;
n20 -> n201;
n2 -> n20;
n21[label = "Equal"];
n210[label = "FarthestNeighbor"];
n21 -> n210;
n211[label = "Equal"];
n2110[label = "FarthestNeighbor"];
n211 -> n2110;
n2111[label = "FarthestNeighbor"];
n211 -> n2111;
n21 -> n211;
n2 -> n21;
n -> n2;
}


Generation: 21
Best Individual:
Subpopulation 0:
Evaluated: true
Fitness: Standardized=0.28440526 Adjusted=0.7785705 Hits=0
Tree 0:
digraph g {
node [shape=rectangle];
n[label = "If_Then_Else"];
n0[label = "NearestFirstNode"];
n -> n0;
n1[label = "If_Then"];
n10[label = "FarthestNeighbor"];
n1 -> n10;
n11[label = "Equal"];
n110[label = "FarthestNeighbor"];
n11 -> n110;
n111[label = "If_Then"];
n1110[label = "FarthestNeighbor"];
n111 -> n1110;
n1111[label = "FarthestNeighbor"];
n111 -> n1111;
n11 -> n111;
n1 -> n11;
n -> n1;
n2[label = "Equal"];
n20[label = "Equal"];
n200[label = "FarthestNeighbor"];
n20 -> n200;
n201[label = "Equal"];
n2010[label = "FarthestNeighbor"];
n201 -> n2010;
n2011[label = "FarthestNeighbor"];
n201 -> n2011;
n20 -> n201;
n2 -> n20;
n21[label = "Equal"];
n210[label = "FarthestNeighbor"];
n21 -> n210;
n211[label = "Equal"];
n2110[label = "FarthestNeighbor"];
n211 -> n2110;
n2111[label = "FarthestNeighbor"];
n211 -> n2111;
n21 -> n211;
n2 -> n21;
n -> n2;
}


Generation: 22
Best Individual:
Subpopulation 0:
Evaluated: true
Fitness: Standardized=0.28440526 Adjusted=0.7785705 Hits=0
Tree 0:
digraph g {
node [shape=rectangle];
n[label = "If_Then_Else"];
n0[label = "NearestFirstNode"];
n -> n0;
n1[label = "If_Then"];
n10[label = "FarthestNeighbor"];
n1 -> n10;
n11[label = "Equal"];
n110[label = "FarthestNeighbor"];
n11 -> n110;
n111[label = "If_Then"];
n1110[label = "FarthestNeighbor"];
n111 -> n1110;
n1111[label = "FarthestNeighbor"];
n111 -> n1111;
n11 -> n111;
n1 -> n11;
n -> n1;
n2[label = "Equal"];
n20[label = "Equal"];
n200[label = "FarthestNeighbor"];
n20 -> n200;
n201[label = "Equal"];
n2010[label = "FarthestNeighbor"];
n201 -> n2010;
n2011[label = "FarthestNeighbor"];
n201 -> n2011;
n20 -> n201;
n2 -> n20;
n21[label = "Equal"];
n210[label = "FarthestNeighbor"];
n21 -> n210;
n211[label = "Equal"];
n2110[label = "FarthestNeighbor"];
n211 -> n2110;
n2111[label = "FarthestNeighbor"];
n211 -> n2111;
n21 -> n211;
n2 -> n21;
n -> n2;
}


Generation: 23
Best Individual:
Subpopulation 0:
Evaluated: true
Fitness: Standardized=0.28440526 Adjusted=0.7785705 Hits=0
Tree 0:
digraph g {
node [shape=rectangle];
n[label = "If_Then_Else"];
n0[label = "NearestFirstNode"];
n -> n0;
n1[label = "If_Then"];
n10[label = "FarthestNeighbor"];
n1 -> n10;
n11[label = "Equal"];
n110[label = "FarthestNeighbor"];
n11 -> n110;
n111[label = "Equal"];
n1110[label = "FarthestNeighbor"];
n111 -> n1110;
n1111[label = "FarthestNeighbor"];
n111 -> n1111;
n11 -> n111;
n1 -> n11;
n -> n1;
n2[label = "Equal"];
n20[label = "FarthestNeighbor"];
n2 -> n20;
n21[label = "Equal"];
n210[label = "FarthestNeighbor"];
n21 -> n210;
n211[label = "Equal"];
n2110[label = "FarthestNeighbor"];
n211 -> n2110;
n2111[label = "FarthestNeighbor"];
n211 -> n2111;
n21 -> n211;
n2 -> n21;
n -> n2;
}


Generation: 24
Best Individual:
Subpopulation 0:
Evaluated: true
Fitness: Standardized=0.28440526 Adjusted=0.7785705 Hits=0
Tree 0:
digraph g {
node [shape=rectangle];
n[label = "If_Then_Else"];
n0[label = "NearestFirstNode"];
n -> n0;
n1[label = "If_Then"];
n10[label = "FarthestNeighbor"];
n1 -> n10;
n11[label = "Equal"];
n110[label = "FarthestNeighbor"];
n11 -> n110;
n111[label = "If_Then"];
n1110[label = "FarthestNeighbor"];
n111 -> n1110;
n1111[label = "FarthestNeighbor"];
n111 -> n1111;
n11 -> n111;
n1 -> n11;
n -> n1;
n2[label = "Equal"];
n20[label = "Equal"];
n200[label = "FarthestNeighbor"];
n20 -> n200;
n201[label = "Equal"];
n2010[label = "FarthestNeighbor"];
n201 -> n2010;
n2011[label = "FarthestNeighbor"];
n201 -> n2011;
n20 -> n201;
n2 -> n20;
n21[label = "Equal"];
n210[label = "FarthestNeighbor"];
n21 -> n210;
n211[label = "Equal"];
n2110[label = "FarthestNeighbor"];
n211 -> n2110;
n2111[label = "FarthestNeighbor"];
n211 -> n2111;
n21 -> n211;
n2 -> n21;
n -> n2;
}


Generation: 25
Best Individual:
Subpopulation 0:
Evaluated: true
Fitness: Standardized=0.28440526 Adjusted=0.7785705 Hits=0
Tree 0:
digraph g {
node [shape=rectangle];
n[label = "If_Then_Else"];
n0[label = "NearestFirstNode"];
n -> n0;
n1[label = "If_Then"];
n10[label = "FarthestNeighbor"];
n1 -> n10;
n11[label = "Equal"];
n110[label = "FarthestNeighbor"];
n11 -> n110;
n111[label = "Equal"];
n1110[label = "FarthestNeighbor"];
n111 -> n1110;
n1111[label = "FarthestNeighbor"];
n111 -> n1111;
n11 -> n111;
n1 -> n11;
n -> n1;
n2[label = "Equal"];
n20[label = "FarthestNeighbor"];
n2 -> n20;
n21[label = "Equal"];
n210[label = "FarthestNeighbor"];
n21 -> n210;
n211[label = "Equal"];
n2110[label = "FarthestNeighbor"];
n211 -> n2110;
n2111[label = "FarthestNeighbor"];
n211 -> n2111;
n21 -> n211;
n2 -> n21;
n -> n2;
}


Generation: 26
Best Individual:
Subpopulation 0:
Evaluated: true
Fitness: Standardized=0.28440526 Adjusted=0.7785705 Hits=0
Tree 0:
digraph g {
node [shape=rectangle];
n[label = "If_Then_Else"];
n0[label = "NearestFirstNode"];
n -> n0;
n1[label = "If_Then"];
n10[label = "FarthestNeighbor"];
n1 -> n10;
n11[label = "Equal"];
n110[label = "FarthestNeighbor"];
n11 -> n110;
n111[label = "If_Then"];
n1110[label = "FarthestNeighbor"];
n111 -> n1110;
n1111[label = "FarthestNeighbor"];
n111 -> n1111;
n11 -> n111;
n1 -> n11;
n -> n1;
n2[label = "Equal"];
n20[label = "FarthestNeighbor"];
n2 -> n20;
n21[label = "FarthestNeighbor"];
n2 -> n21;
n -> n2;
}


Generation: 27
Best Individual:
Subpopulation 0:
Evaluated: true
Fitness: Standardized=0.28440526 Adjusted=0.7785705 Hits=0
Tree 0:
digraph g {
node [shape=rectangle];
n[label = "If_Then_Else"];
n0[label = "NearestFirstNode"];
n -> n0;
n1[label = "If_Then"];
n10[label = "FarthestNeighbor"];
n1 -> n10;
n11[label = "Equal"];
n110[label = "FarthestNeighbor"];
n11 -> n110;
n111[label = "Equal"];
n1110[label = "FarthestNeighbor"];
n111 -> n1110;
n1111[label = "FarthestNeighbor"];
n111 -> n1111;
n11 -> n111;
n1 -> n11;
n -> n1;
n2[label = "Equal"];
n20[label = "FarthestNeighbor"];
n2 -> n20;
n21[label = "FarthestNeighbor"];
n2 -> n21;
n -> n2;
}


Generation: 28
Best Individual:
Subpopulation 0:
Evaluated: true
Fitness: Standardized=0.28440526 Adjusted=0.7785705 Hits=0
Tree 0:
digraph g {
node [shape=rectangle];
n[label = "If_Then_Else"];
n0[label = "NearestFirstNode"];
n -> n0;
n1[label = "If_Then"];
n10[label = "FarthestNeighbor"];
n1 -> n10;
n11[label = "Equal"];
n110[label = "FarthestNeighbor"];
n11 -> n110;
n111[label = "Equal"];
n1110[label = "FarthestNeighbor"];
n111 -> n1110;
n1111[label = "FarthestNeighbor"];
n111 -> n1111;
n11 -> n111;
n1 -> n11;
n -> n1;
n2[label = "Equal"];
n20[label = "FarthestNeighbor"];
n2 -> n20;
n21[label = "Equal"];
n210[label = "FarthestNeighbor"];
n21 -> n210;
n211[label = "Equal"];
n2110[label = "FarthestNeighbor"];
n211 -> n2110;
n2111[label = "FarthestNeighbor"];
n211 -> n2111;
n21 -> n211;
n2 -> n21;
n -> n2;
}


Generation: 29
Best Individual:
Subpopulation 0:
Evaluated: true
Fitness: Standardized=0.28440526 Adjusted=0.7785705 Hits=0
Tree 0:
digraph g {
node [shape=rectangle];
n[label = "If_Then_Else"];
n0[label = "NearestFirstNode"];
n -> n0;
n1[label = "If_Then"];
n10[label = "FarthestNeighbor"];
n1 -> n10;
n11[label = "Equal"];
n110[label = "FarthestNeighbor"];
n11 -> n110;
n111[label = "Equal"];
n1110[label = "FarthestNeighbor"];
n111 -> n1110;
n1111[label = "FarthestNeighbor"];
n111 -> n1111;
n11 -> n111;
n1 -> n11;
n -> n1;
n2[label = "Equal"];
n20[label = "FarthestNeighbor"];
n2 -> n20;
n21[label = "Equal"];
n210[label = "FarthestNeighbor"];
n21 -> n210;
n211[label = "Equal"];
n2110[label = "FarthestNeighbor"];
n211 -> n2110;
n2111[label = "FarthestNeighbor"];
n211 -> n2111;
n21 -> n211;
n2 -> n21;
n -> n2;
}


Generation: 30
Best Individual:
Subpopulation 0:
Evaluated: true
Fitness: Standardized=0.28440526 Adjusted=0.7785705 Hits=0
Tree 0:
digraph g {
node [shape=rectangle];
n[label = "If_Then_Else"];
n0[label = "NearestFirstNode"];
n -> n0;
n1[label = "Equal"];
n10[label = "FarthestNeighbor"];
n1 -> n10;
n11[label = "Equal"];
n110[label = "FarthestNeighbor"];
n11 -> n110;
n111[label = "Equal"];
n1110[label = "FarthestNeighbor"];
n111 -> n1110;
n1111[label = "FarthestNeighbor"];
n111 -> n1111;
n11 -> n111;
n1 -> n11;
n -> n1;
n2[label = "Equal"];
n20[label = "FarthestNeighbor"];
n2 -> n20;
n21[label = "FarthestNeighbor"];
n2 -> n21;
n -> n2;
}


Generation: 31
Best Individual:
Subpopulation 0:
Evaluated: true
Fitness: Standardized=0.28440526 Adjusted=0.7785705 Hits=0
Tree 0:
digraph g {
node [shape=rectangle];
n[label = "If_Then_Else"];
n0[label = "NearestFirstNode"];
n -> n0;
n1[label = "If_Then"];
n10[label = "FarthestNeighbor"];
n1 -> n10;
n11[label = "Equal"];
n110[label = "FarthestNeighbor"];
n11 -> n110;
n111[label = "Equal"];
n1110[label = "FarthestNeighbor"];
n111 -> n1110;
n1111[label = "FarthestNeighbor"];
n111 -> n1111;
n11 -> n111;
n1 -> n11;
n -> n1;
n2[label = "Equal"];
n20[label = "FarthestNeighbor"];
n2 -> n20;
n21[label = "Equal"];
n210[label = "FarthestNeighbor"];
n21 -> n210;
n211[label = "FarthestNeighbor"];
n21 -> n211;
n2 -> n21;
n -> n2;
}


Generation: 32
Best Individual:
Subpopulation 0:
Evaluated: true
Fitness: Standardized=0.28440526 Adjusted=0.7785705 Hits=0
Tree 0:
digraph g {
node [shape=rectangle];
n[label = "If_Then_Else"];
n0[label = "NearestFirstNode"];
n -> n0;
n1[label = "Equal"];
n10[label = "FarthestNeighbor"];
n1 -> n10;
n11[label = "Equal"];
n110[label = "FarthestNeighbor"];
n11 -> n110;
n111[label = "Equal"];
n1110[label = "FarthestNeighbor"];
n111 -> n1110;
n1111[label = "FarthestNeighbor"];
n111 -> n1111;
n11 -> n111;
n1 -> n11;
n -> n1;
n2[label = "Equal"];
n20[label = "FarthestNeighbor"];
n2 -> n20;
n21[label = "Equal"];
n210[label = "FarthestNeighbor"];
n21 -> n210;
n211[label = "FarthestNeighbor"];
n21 -> n211;
n2 -> n21;
n -> n2;
}


Generation: 33
Best Individual:
Subpopulation 0:
Evaluated: true
Fitness: Standardized=0.28440526 Adjusted=0.7785705 Hits=0
Tree 0:
digraph g {
node [shape=rectangle];
n[label = "If_Then_Else"];
n0[label = "NearestFirstNode"];
n -> n0;
n1[label = "If_Then"];
n10[label = "FarthestNeighbor"];
n1 -> n10;
n11[label = "If_Then"];
n110[label = "FarthestNeighbor"];
n11 -> n110;
n111[label = "Equal"];
n1110[label = "FarthestNeighbor"];
n111 -> n1110;
n1111[label = "FarthestNeighbor"];
n111 -> n1111;
n11 -> n111;
n1 -> n11;
n -> n1;
n2[label = "Equal"];
n20[label = "FarthestNeighbor"];
n2 -> n20;
n21[label = "Equal"];
n210[label = "FarthestNeighbor"];
n21 -> n210;
n211[label = "Equal"];
n2110[label = "FarthestNeighbor"];
n211 -> n2110;
n2111[label = "FarthestNeighbor"];
n211 -> n2111;
n21 -> n211;
n2 -> n21;
n -> n2;
}


Generation: 34
Best Individual:
Subpopulation 0:
Evaluated: true
Fitness: Standardized=0.28440526 Adjusted=0.7785705 Hits=0
Tree 0:
digraph g {
node [shape=rectangle];
n[label = "If_Then_Else"];
n0[label = "NearestFirstNode"];
n -> n0;
n1[label = "If_Then"];
n10[label = "FarthestNeighbor"];
n1 -> n10;
n11[label = "Equal"];
n110[label = "FarthestNeighbor"];
n11 -> n110;
n111[label = "And"];
n1110[label = "FarthestNeighbor"];
n111 -> n1110;
n1111[label = "FarthestNeighbor"];
n111 -> n1111;
n11 -> n111;
n1 -> n11;
n -> n1;
n2[label = "Equal"];
n20[label = "FarthestNeighbor"];
n2 -> n20;
n21[label = "FarthestNeighbor"];
n2 -> n21;
n -> n2;
}


Generation: 35
Best Individual:
Subpopulation 0:
Evaluated: true
Fitness: Standardized=0.28440526 Adjusted=0.7785705 Hits=0
Tree 0:
digraph g {
node [shape=rectangle];
n[label = "If_Then_Else"];
n0[label = "NearestFirstNode"];
n -> n0;
n1[label = "If_Then"];
n10[label = "FarthestNeighbor"];
n1 -> n10;
n11[label = "If_Then"];
n110[label = "FarthestNeighbor"];
n11 -> n110;
n111[label = "Equal"];
n1110[label = "FarthestNeighbor"];
n111 -> n1110;
n1111[label = "FarthestNeighbor"];
n111 -> n1111;
n11 -> n111;
n1 -> n11;
n -> n1;
n2[label = "Equal"];
n20[label = "FarthestNeighbor"];
n2 -> n20;
n21[label = "Equal"];
n210[label = "FarthestNeighbor"];
n21 -> n210;
n211[label = "Equal"];
n2110[label = "FarthestNeighbor"];
n211 -> n2110;
n2111[label = "FarthestNeighbor"];
n211 -> n2111;
n21 -> n211;
n2 -> n21;
n -> n2;
}


Generation: 36
Best Individual:
Subpopulation 0:
Evaluated: true
Fitness: Standardized=0.28440526 Adjusted=0.7785705 Hits=0
Tree 0:
digraph g {
node [shape=rectangle];
n[label = "If_Then_Else"];
n0[label = "NearestFirstNode"];
n -> n0;
n1[label = "If_Then"];
n10[label = "FarthestNeighbor"];
n1 -> n10;
n11[label = "Equal"];
n110[label = "FarthestNeighbor"];
n11 -> n110;
n111[label = "Equal"];
n1110[label = "FarthestNeighbor"];
n111 -> n1110;
n1111[label = "FarthestNeighbor"];
n111 -> n1111;
n11 -> n111;
n1 -> n11;
n -> n1;
n2[label = "Equal"];
n20[label = "FarthestNeighbor"];
n2 -> n20;
n21[label = "FarthestNeighbor"];
n2 -> n21;
n -> n2;
}


Generation: 37
Best Individual:
Subpopulation 0:
Evaluated: true
Fitness: Standardized=0.28440526 Adjusted=0.7785705 Hits=0
Tree 0:
digraph g {
node [shape=rectangle];
n[label = "If_Then_Else"];
n0[label = "NearestFirstNode"];
n -> n0;
n1[label = "If_Then"];
n10[label = "FarthestNeighbor"];
n1 -> n10;
n11[label = "Equal"];
n110[label = "FarthestNeighbor"];
n11 -> n110;
n111[label = "Equal"];
n1110[label = "FarthestNeighbor"];
n111 -> n1110;
n1111[label = "FarthestNeighbor"];
n111 -> n1111;
n11 -> n111;
n1 -> n11;
n -> n1;
n2[label = "Equal"];
n20[label = "FarthestNeighbor"];
n2 -> n20;
n21[label = "FarthestNeighbor"];
n2 -> n21;
n -> n2;
}


Generation: 38
Best Individual:
Subpopulation 0:
Evaluated: true
Fitness: Standardized=0.28440526 Adjusted=0.7785705 Hits=0
Tree 0:
digraph g {
node [shape=rectangle];
n[label = "If_Then_Else"];
n0[label = "NearestFirstNode"];
n -> n0;
n1[label = "If_Then"];
n10[label = "FarthestNeighbor"];
n1 -> n10;
n11[label = "Equal"];
n110[label = "FarthestNeighbor"];
n11 -> n110;
n111[label = "Equal"];
n1110[label = "FarthestNeighbor"];
n111 -> n1110;
n1111[label = "FarthestNeighbor"];
n111 -> n1111;
n11 -> n111;
n1 -> n11;
n -> n1;
n2[label = "Equal"];
n20[label = "FarthestNeighbor"];
n2 -> n20;
n21[label = "Equal"];
n210[label = "FarthestNeighbor"];
n21 -> n210;
n211[label = "And"];
n2110[label = "FarthestNeighbor"];
n211 -> n2110;
n2111[label = "FarthestNeighbor"];
n211 -> n2111;
n21 -> n211;
n2 -> n21;
n -> n2;
}


Generation: 39
Best Individual:
Subpopulation 0:
Evaluated: true
Fitness: Standardized=0.28440526 Adjusted=0.7785705 Hits=0
Tree 0:
digraph g {
node [shape=rectangle];
n[label = "If_Then_Else"];
n0[label = "NearestFirstNode"];
n -> n0;
n1[label = "If_Then"];
n10[label = "FarthestNeighbor"];
n1 -> n10;
n11[label = "Equal"];
n110[label = "FarthestNeighbor"];
n11 -> n110;
n111[label = "Equal"];
n1110[label = "FarthestNeighbor"];
n111 -> n1110;
n1111[label = "FarthestNeighbor"];
n111 -> n1111;
n11 -> n111;
n1 -> n11;
n -> n1;
n2[label = "Equal"];
n20[label = "FarthestNeighbor"];
n2 -> n20;
n21[label = "Equal"];
n210[label = "FarthestNeighbor"];
n21 -> n210;
n211[label = "FarthestNeighbor"];
n21 -> n211;
n2 -> n21;
n -> n2;
}


Generation: 40
Best Individual:
Subpopulation 0:
Evaluated: true
Fitness: Standardized=0.28440526 Adjusted=0.7785705 Hits=0
Tree 0:
digraph g {
node [shape=rectangle];
n[label = "If_Then_Else"];
n0[label = "NearestFirstNode"];
n -> n0;
n1[label = "If_Then"];
n10[label = "FarthestNeighbor"];
n1 -> n10;
n11[label = "Equal"];
n110[label = "FarthestNeighbor"];
n11 -> n110;
n111[label = "Equal"];
n1110[label = "FarthestNeighbor"];
n111 -> n1110;
n1111[label = "FarthestNeighbor"];
n111 -> n1111;
n11 -> n111;
n1 -> n11;
n -> n1;
n2[label = "Equal"];
n20[label = "FarthestNeighbor"];
n2 -> n20;
n21[label = "FarthestNeighbor"];
n2 -> n21;
n -> n2;
}


Generation: 41
Best Individual:
Subpopulation 0:
Evaluated: true
Fitness: Standardized=0.28440526 Adjusted=0.7785705 Hits=0
Tree 0:
digraph g {
node [shape=rectangle];
n[label = "If_Then_Else"];
n0[label = "NearestFirstNode"];
n -> n0;
n1[label = "If_Then"];
n10[label = "FarthestNeighbor"];
n1 -> n10;
n11[label = "Equal"];
n110[label = "FarthestNeighbor"];
n11 -> n110;
n111[label = "Equal"];
n1110[label = "FarthestNeighbor"];
n111 -> n1110;
n1111[label = "FarthestNeighbor"];
n111 -> n1111;
n11 -> n111;
n1 -> n11;
n -> n1;
n2[label = "Equal"];
n20[label = "FarthestNeighbor"];
n2 -> n20;
n21[label = "FarthestNeighbor"];
n2 -> n21;
n -> n2;
}


Generation: 42
Best Individual:
Subpopulation 0:
Evaluated: true
Fitness: Standardized=0.28440526 Adjusted=0.7785705 Hits=0
Tree 0:
digraph g {
node [shape=rectangle];
n[label = "If_Then_Else"];
n0[label = "NearestFirstNode"];
n -> n0;
n1[label = "If_Then"];
n10[label = "FarthestNeighbor"];
n1 -> n10;
n11[label = "Equal"];
n110[label = "FarthestNeighbor"];
n11 -> n110;
n111[label = "Equal"];
n1110[label = "FarthestNeighbor"];
n111 -> n1110;
n1111[label = "FarthestNeighbor"];
n111 -> n1111;
n11 -> n111;
n1 -> n11;
n -> n1;
n2[label = "Equal"];
n20[label = "FarthestNeighbor"];
n2 -> n20;
n21[label = "Equal"];
n210[label = "FarthestNeighbor"];
n21 -> n210;
n211[label = "FarthestNeighbor"];
n21 -> n211;
n2 -> n21;
n -> n2;
}


Generation: 43
Best Individual:
Subpopulation 0:
Evaluated: true
Fitness: Standardized=0.28440526 Adjusted=0.7785705 Hits=0
Tree 0:
digraph g {
node [shape=rectangle];
n[label = "If_Then_Else"];
n0[label = "NearestFirstNode"];
n -> n0;
n1[label = "Equal"];
n10[label = "FarthestNeighbor"];
n1 -> n10;
n11[label = "Equal"];
n110[label = "FarthestNeighbor"];
n11 -> n110;
n111[label = "And"];
n1110[label = "FarthestNeighbor"];
n111 -> n1110;
n1111[label = "FarthestNeighbor"];
n111 -> n1111;
n11 -> n111;
n1 -> n11;
n -> n1;
n2[label = "FarthestNeighbor"];
n -> n2;
}


Generation: 44
Best Individual:
Subpopulation 0:
Evaluated: true
Fitness: Standardized=0.28440526 Adjusted=0.7785705 Hits=0
Tree 0:
digraph g {
node [shape=rectangle];
n[label = "If_Then_Else"];
n0[label = "NearestFirstNode"];
n -> n0;
n1[label = "If_Then"];
n10[label = "FarthestNeighbor"];
n1 -> n10;
n11[label = "Equal"];
n110[label = "FarthestNeighbor"];
n11 -> n110;
n111[label = "Equal"];
n1110[label = "FarthestNeighbor"];
n111 -> n1110;
n1111[label = "FarthestNeighbor"];
n111 -> n1111;
n11 -> n111;
n1 -> n11;
n -> n1;
n2[label = "FarthestNeighbor"];
n -> n2;
}


Generation: 45
Best Individual:
Subpopulation 0:
Evaluated: true
Fitness: Standardized=0.28440526 Adjusted=0.7785705 Hits=0
Tree 0:
digraph g {
node [shape=rectangle];
n[label = "If_Then_Else"];
n0[label = "NearestFirstNode"];
n -> n0;
n1[label = "Equal"];
n10[label = "FarthestNeighbor"];
n1 -> n10;
n11[label = "Equal"];
n110[label = "FarthestNeighbor"];
n11 -> n110;
n111[label = "And"];
n1110[label = "FarthestNeighbor"];
n111 -> n1110;
n1111[label = "FarthestNeighbor"];
n111 -> n1111;
n11 -> n111;
n1 -> n11;
n -> n1;
n2[label = "FarthestNeighbor"];
n -> n2;
}


Generation: 46
Best Individual:
Subpopulation 0:
Evaluated: true
Fitness: Standardized=0.28440526 Adjusted=0.7785705 Hits=0
Tree 0:
digraph g {
node [shape=rectangle];
n[label = "If_Then_Else"];
n0[label = "NearestFirstNode"];
n -> n0;
n1[label = "If_Then"];
n10[label = "FarthestNeighbor"];
n1 -> n10;
n11[label = "Equal"];
n110[label = "FarthestNeighbor"];
n11 -> n110;
n111[label = "Equal"];
n1110[label = "FarthestNeighbor"];
n111 -> n1110;
n1111[label = "FarthestNeighbor"];
n111 -> n1111;
n11 -> n111;
n1 -> n11;
n -> n1;
n2[label = "Equal"];
n20[label = "FarthestNeighbor"];
n2 -> n20;
n21[label = "FarthestNeighbor"];
n2 -> n21;
n -> n2;
}


Generation: 47
Best Individual:
Subpopulation 0:
Evaluated: true
Fitness: Standardized=0.28440526 Adjusted=0.7785705 Hits=0
Tree 0:
digraph g {
node [shape=rectangle];
n[label = "If_Then_Else"];
n0[label = "NearestFirstNode"];
n -> n0;
n1[label = "If_Then"];
n10[label = "FarthestNeighbor"];
n1 -> n10;
n11[label = "Equal"];
n110[label = "FarthestNeighbor"];
n11 -> n110;
n111[label = "Equal"];
n1110[label = "FarthestNeighbor"];
n111 -> n1110;
n1111[label = "FarthestNeighbor"];
n111 -> n1111;
n11 -> n111;
n1 -> n11;
n -> n1;
n2[label = "Equal"];
n20[label = "FarthestNeighbor"];
n2 -> n20;
n21[label = "Equal"];
n210[label = "Equal"];
n2100[label = "FarthestNeighbor"];
n210 -> n2100;
n2101[label = "FarthestNeighbor"];
n210 -> n2101;
n21 -> n210;
n211[label = "FarthestNeighbor"];
n21 -> n211;
n2 -> n21;
n -> n2;
}


Generation: 48
Best Individual:
Subpopulation 0:
Evaluated: true
Fitness: Standardized=0.28440526 Adjusted=0.7785705 Hits=0
Tree 0:
digraph g {
node [shape=rectangle];
n[label = "If_Then_Else"];
n0[label = "NearestFirstNode"];
n -> n0;
n1[label = "If_Then"];
n10[label = "FarthestNeighbor"];
n1 -> n10;
n11[label = "Equal"];
n110[label = "FarthestNeighbor"];
n11 -> n110;
n111[label = "Equal"];
n1110[label = "FarthestNeighbor"];
n111 -> n1110;
n1111[label = "FarthestNeighbor"];
n111 -> n1111;
n11 -> n111;
n1 -> n11;
n -> n1;
n2[label = "Equal"];
n20[label = "FarthestNeighbor"];
n2 -> n20;
n21[label = "Equal"];
n210[label = "FarthestNeighbor"];
n21 -> n210;
n211[label = "FarthestNeighbor"];
n21 -> n211;
n2 -> n21;
n -> n2;
}


Generation: 49
Best Individual:
Subpopulation 0:
Evaluated: true
Fitness: Standardized=0.28440526 Adjusted=0.7785705 Hits=0
Tree 0:
digraph g {
node [shape=rectangle];
n[label = "If_Then_Else"];
n0[label = "NearestFirstNode"];
n -> n0;
n1[label = "If_Then"];
n10[label = "FarthestNeighbor"];
n1 -> n10;
n11[label = "Equal"];
n110[label = "FarthestNeighbor"];
n11 -> n110;
n111[label = "Equal"];
n1110[label = "FarthestNeighbor"];
n111 -> n1110;
n1111[label = "FarthestNeighbor"];
n111 -> n1111;
n11 -> n111;
n1 -> n11;
n -> n1;
n2[label = "Equal"];
n20[label = "FarthestNeighbor"];
n2 -> n20;
n21[label = "Equal"];
n210[label = "Equal"];
n2100[label = "FarthestNeighbor"];
n210 -> n2100;
n2101[label = "FarthestNeighbor"];
n210 -> n2101;
n21 -> n210;
n211[label = "FarthestNeighbor"];
n21 -> n211;
n2 -> n21;
n -> n2;
}


Generation: 50
Best Individual:
Subpopulation 0:
Evaluated: true
Fitness: Standardized=0.28440526 Adjusted=0.7785705 Hits=0
Tree 0:
digraph g {
node [shape=rectangle];
n[label = "If_Then_Else"];
n0[label = "NearestFirstNode"];
n -> n0;
n1[label = "If_Then"];
n10[label = "FarthestNeighbor"];
n1 -> n10;
n11[label = "Equal"];
n110[label = "FarthestNeighbor"];
n11 -> n110;
n111[label = "Equal"];
n1110[label = "FarthestNeighbor"];
n111 -> n1110;
n1111[label = "FarthestNeighbor"];
n111 -> n1111;
n11 -> n111;
n1 -> n11;
n -> n1;
n2[label = "FarthestNeighbor"];
n -> n2;
}


Generation: 51
Best Individual:
Subpopulation 0:
Evaluated: true
Fitness: Standardized=0.28440526 Adjusted=0.7785705 Hits=0
Tree 0:
digraph g {
node [shape=rectangle];
n[label = "If_Then_Else"];
n0[label = "NearestFirstNode"];
n -> n0;
n1[label = "If_Then"];
n10[label = "FarthestNeighbor"];
n1 -> n10;
n11[label = "Equal"];
n110[label = "Equal"];
n1100[label = "FarthestNeighbor"];
n110 -> n1100;
n1101[label = "FarthestNeighbor"];
n110 -> n1101;
n11 -> n110;
n111[label = "FarthestNeighbor"];
n11 -> n111;
n1 -> n11;
n -> n1;
n2[label = "Equal"];
n20[label = "FarthestNeighbor"];
n2 -> n20;
n21[label = "Equal"];
n210[label = "Equal"];
n2100[label = "FarthestNeighbor"];
n210 -> n2100;
n2101[label = "FarthestNeighbor"];
n210 -> n2101;
n21 -> n210;
n211[label = "FarthestNeighbor"];
n21 -> n211;
n2 -> n21;
n -> n2;
}


Generation: 52
Best Individual:
Subpopulation 0:
Evaluated: true
Fitness: Standardized=0.28440526 Adjusted=0.7785705 Hits=0
Tree 0:
digraph g {
node [shape=rectangle];
n[label = "If_Then_Else"];
n0[label = "NearestFirstNode"];
n -> n0;
n1[label = "If_Then"];
n10[label = "FarthestNeighbor"];
n1 -> n10;
n11[label = "Equal"];
n110[label = "FarthestNeighbor"];
n11 -> n110;
n111[label = "Equal"];
n1110[label = "FarthestNeighbor"];
n111 -> n1110;
n1111[label = "FarthestNeighbor"];
n111 -> n1111;
n11 -> n111;
n1 -> n11;
n -> n1;
n2[label = "FarthestNeighbor"];
n -> n2;
}


Generation: 53
Best Individual:
Subpopulation 0:
Evaluated: true
Fitness: Standardized=0.28440526 Adjusted=0.7785705 Hits=0
Tree 0:
digraph g {
node [shape=rectangle];
n[label = "If_Then_Else"];
n0[label = "NearestFirstNode"];
n -> n0;
n1[label = "If_Then"];
n10[label = "FarthestNeighbor"];
n1 -> n10;
n11[label = "Equal"];
n110[label = "FarthestNeighbor"];
n11 -> n110;
n111[label = "Equal"];
n1110[label = "FarthestNeighbor"];
n111 -> n1110;
n1111[label = "FarthestNeighbor"];
n111 -> n1111;
n11 -> n111;
n1 -> n11;
n -> n1;
n2[label = "Equal"];
n20[label = "FarthestNeighbor"];
n2 -> n20;
n21[label = "FarthestInsertion"];
n2 -> n21;
n -> n2;
}


Generation: 54
Best Individual:
Subpopulation 0:
Evaluated: true
Fitness: Standardized=0.28440526 Adjusted=0.7785705 Hits=0
Tree 0:
digraph g {
node [shape=rectangle];
n[label = "If_Then_Else"];
n0[label = "NearestFirstNode"];
n -> n0;
n1[label = "If_Then"];
n10[label = "FarthestNeighbor"];
n1 -> n10;
n11[label = "Equal"];
n110[label = "FarthestNeighbor"];
n11 -> n110;
n111[label = "Equal"];
n1110[label = "FarthestNeighbor"];
n111 -> n1110;
n1111[label = "FarthestNeighbor"];
n111 -> n1111;
n11 -> n111;
n1 -> n11;
n -> n1;
n2[label = "Equal"];
n20[label = "FarthestNeighbor"];
n2 -> n20;
n21[label = "And"];
n210[label = "FarthestNeighbor"];
n21 -> n210;
n211[label = "FarthestNeighbor"];
n21 -> n211;
n2 -> n21;
n -> n2;
}


Generation: 55
Best Individual:
Subpopulation 0:
Evaluated: true
Fitness: Standardized=0.28440526 Adjusted=0.7785705 Hits=0
Tree 0:
digraph g {
node [shape=rectangle];
n[label = "If_Then_Else"];
n0[label = "NearestFirstNode"];
n -> n0;
n1[label = "If_Then"];
n10[label = "FarthestNeighbor"];
n1 -> n10;
n11[label = "Equal"];
n110[label = "FarthestNeighbor"];
n11 -> n110;
n111[label = "Equal"];
n1110[label = "FarthestNeighbor"];
n111 -> n1110;
n1111[label = "FarthestNeighbor"];
n111 -> n1111;
n11 -> n111;
n1 -> n11;
n -> n1;
n2[label = "Equal"];
n20[label = "FarthestNeighbor"];
n2 -> n20;
n21[label = "FarthestNeighbor"];
n2 -> n21;
n -> n2;
}


Generation: 56
Best Individual:
Subpopulation 0:
Evaluated: true
Fitness: Standardized=0.28440526 Adjusted=0.7785705 Hits=0
Tree 0:
digraph g {
node [shape=rectangle];
n[label = "If_Then_Else"];
n0[label = "NearestFirstNode"];
n -> n0;
n1[label = "If_Then"];
n10[label = "FarthestNeighbor"];
n1 -> n10;
n11[label = "Equal"];
n110[label = "FarthestNeighbor"];
n11 -> n110;
n111[label = "Equal"];
n1110[label = "FarthestNeighbor"];
n111 -> n1110;
n1111[label = "FarthestNeighbor"];
n111 -> n1111;
n11 -> n111;
n1 -> n11;
n -> n1;
n2[label = "Equal"];
n20[label = "FarthestNeighbor"];
n2 -> n20;
n21[label = "FarthestNeighbor"];
n2 -> n21;
n -> n2;
}


Generation: 57
Best Individual:
Subpopulation 0:
Evaluated: true
Fitness: Standardized=0.28440526 Adjusted=0.7785705 Hits=0
Tree 0:
digraph g {
node [shape=rectangle];
n[label = "If_Then_Else"];
n0[label = "NearestFirstNode"];
n -> n0;
n1[label = "If_Then"];
n10[label = "FarthestNeighbor"];
n1 -> n10;
n11[label = "Equal"];
n110[label = "FarthestNeighbor"];
n11 -> n110;
n111[label = "Equal"];
n1110[label = "FarthestNeighbor"];
n111 -> n1110;
n1111[label = "FarthestNeighbor"];
n111 -> n1111;
n11 -> n111;
n1 -> n11;
n -> n1;
n2[label = "Equal"];
n20[label = "FarthestNeighbor"];
n2 -> n20;
n21[label = "FarthestNeighbor"];
n2 -> n21;
n -> n2;
}


Generation: 58
Best Individual:
Subpopulation 0:
Evaluated: true
Fitness: Standardized=0.28440526 Adjusted=0.7785705 Hits=0
Tree 0:
digraph g {
node [shape=rectangle];
n[label = "If_Then_Else"];
n0[label = "NearestFirstNode"];
n -> n0;
n1[label = "If_Then"];
n10[label = "FarthestNeighbor"];
n1 -> n10;
n11[label = "Equal"];
n110[label = "FarthestNeighbor"];
n11 -> n110;
n111[label = "Equal"];
n1110[label = "FarthestNeighbor"];
n111 -> n1110;
n1111[label = "FarthestNeighbor"];
n111 -> n1111;
n11 -> n111;
n1 -> n11;
n -> n1;
n2[label = "If_Then"];
n20[label = "FarthestNeighbor"];
n2 -> n20;
n21[label = "FarthestNeighbor"];
n2 -> n21;
n -> n2;
}


Generation: 59
Best Individual:
Subpopulation 0:
Evaluated: true
Fitness: Standardized=0.28440526 Adjusted=0.7785705 Hits=0
Tree 0:
digraph g {
node [shape=rectangle];
n[label = "If_Then_Else"];
n0[label = "NearestFirstNode"];
n -> n0;
n1[label = "If_Then"];
n10[label = "FarthestNeighbor"];
n1 -> n10;
n11[label = "Equal"];
n110[label = "FarthestNeighbor"];
n11 -> n110;
n111[label = "Equal"];
n1110[label = "FarthestNeighbor"];
n111 -> n1110;
n1111[label = "FarthestNeighbor"];
n111 -> n1111;
n11 -> n111;
n1 -> n11;
n -> n1;
n2[label = "If_Then"];
n20[label = "FarthestNeighbor"];
n2 -> n20;
n21[label = "Equal"];
n210[label = "FarthestNeighbor"];
n21 -> n210;
n211[label = "Equal"];
n2110[label = "FarthestNeighbor"];
n211 -> n2110;
n2111[label = "FarthestNeighbor"];
n211 -> n2111;
n21 -> n211;
n2 -> n21;
n -> n2;
}


Generation: 60
Best Individual:
Subpopulation 0:
Evaluated: true
Fitness: Standardized=0.28440526 Adjusted=0.7785705 Hits=0
Tree 0:
digraph g {
node [shape=rectangle];
n[label = "If_Then_Else"];
n0[label = "NearestFirstNode"];
n -> n0;
n1[label = "If_Then"];
n10[label = "FarthestNeighbor"];
n1 -> n10;
n11[label = "Equal"];
n110[label = "FarthestNeighbor"];
n11 -> n110;
n111[label = "Equal"];
n1110[label = "FarthestNeighbor"];
n111 -> n1110;
n1111[label = "FarthestNeighbor"];
n111 -> n1111;
n11 -> n111;
n1 -> n11;
n -> n1;
n2[label = "If_Then"];
n20[label = "Equal"];
n200[label = "FarthestNeighbor"];
n20 -> n200;
n201[label = "Equal"];
n2010[label = "FarthestNeighbor"];
n201 -> n2010;
n2011[label = "FarthestNeighbor"];
n201 -> n2011;
n20 -> n201;
n2 -> n20;
n21[label = "FarthestNeighbor"];
n2 -> n21;
n -> n2;
}


Generation: 61
Best Individual:
Subpopulation 0:
Evaluated: true
Fitness: Standardized=0.28440526 Adjusted=0.7785705 Hits=0
Tree 0:
digraph g {
node [shape=rectangle];
n[label = "If_Then_Else"];
n0[label = "NearestFirstNode"];
n -> n0;
n1[label = "If_Then"];
n10[label = "FarthestNeighbor"];
n1 -> n10;
n11[label = "Equal"];
n110[label = "FarthestNeighbor"];
n11 -> n110;
n111[label = "Equal"];
n1110[label = "FarthestNeighbor"];
n111 -> n1110;
n1111[label = "FarthestNeighbor"];
n111 -> n1111;
n11 -> n111;
n1 -> n11;
n -> n1;
n2[label = "Equal"];
n20[label = "FarthestNeighbor"];
n2 -> n20;
n21[label = "Equal"];
n210[label = "FarthestNeighbor"];
n21 -> n210;
n211[label = "FarthestNeighbor"];
n21 -> n211;
n2 -> n21;
n -> n2;
}


Generation: 62
Best Individual:
Subpopulation 0:
Evaluated: true
Fitness: Standardized=0.28440526 Adjusted=0.7785705 Hits=0
Tree 0:
digraph g {
node [shape=rectangle];
n[label = "If_Then_Else"];
n0[label = "NearestFirstNode"];
n -> n0;
n1[label = "If_Then"];
n10[label = "FarthestNeighbor"];
n1 -> n10;
n11[label = "Equal"];
n110[label = "FarthestNeighbor"];
n11 -> n110;
n111[label = "Equal"];
n1110[label = "FarthestNeighbor"];
n111 -> n1110;
n1111[label = "FarthestNeighbor"];
n111 -> n1111;
n11 -> n111;
n1 -> n11;
n -> n1;
n2[label = "If_Then"];
n20[label = "Equal"];
n200[label = "FarthestNeighbor"];
n20 -> n200;
n201[label = "Equal"];
n2010[label = "FarthestNeighbor"];
n201 -> n2010;
n2011[label = "FarthestNeighbor"];
n201 -> n2011;
n20 -> n201;
n2 -> n20;
n21[label = "FarthestNeighbor"];
n2 -> n21;
n -> n2;
}


Generation: 63
Best Individual:
Subpopulation 0:
Evaluated: true
Fitness: Standardized=0.28440526 Adjusted=0.7785705 Hits=0
Tree 0:
digraph g {
node [shape=rectangle];
n[label = "If_Then_Else"];
n0[label = "NearestFirstNode"];
n -> n0;
n1[label = "If_Then"];
n10[label = "FarthestNeighbor"];
n1 -> n10;
n11[label = "Equal"];
n110[label = "FarthestNeighbor"];
n11 -> n110;
n111[label = "Equal"];
n1110[label = "FarthestNeighbor"];
n111 -> n1110;
n1111[label = "FarthestNeighbor"];
n111 -> n1111;
n11 -> n111;
n1 -> n11;
n -> n1;
n2[label = "If_Then"];
n20[label = "Equal"];
n200[label = "FarthestNeighbor"];
n20 -> n200;
n201[label = "Equal"];
n2010[label = "FarthestNeighbor"];
n201 -> n2010;
n2011[label = "FarthestNeighbor"];
n201 -> n2011;
n20 -> n201;
n2 -> n20;
n21[label = "FarthestNeighbor"];
n2 -> n21;
n -> n2;
}


Generation: 64
Best Individual:
Subpopulation 0:
Evaluated: true
Fitness: Standardized=0.28440526 Adjusted=0.7785705 Hits=0
Tree 0:
digraph g {
node [shape=rectangle];
n[label = "If_Then_Else"];
n0[label = "NearestFirstNode"];
n -> n0;
n1[label = "If_Then"];
n10[label = "FarthestNeighbor"];
n1 -> n10;
n11[label = "Equal"];
n110[label = "FarthestNeighbor"];
n11 -> n110;
n111[label = "Equal"];
n1110[label = "FarthestNeighbor"];
n111 -> n1110;
n1111[label = "FarthestNeighbor"];
n111 -> n1111;
n11 -> n111;
n1 -> n11;
n -> n1;
n2[label = "Equal"];
n20[label = "FarthestNeighbor"];
n2 -> n20;
n21[label = "FarthestNeighbor"];
n2 -> n21;
n -> n2;
}


Generation: 65
Best Individual:
Subpopulation 0:
Evaluated: true
Fitness: Standardized=0.28440526 Adjusted=0.7785705 Hits=0
Tree 0:
digraph g {
node [shape=rectangle];
n[label = "If_Then_Else"];
n0[label = "NearestFirstNode"];
n -> n0;
n1[label = "If_Then"];
n10[label = "FarthestNeighbor"];
n1 -> n10;
n11[label = "Equal"];
n110[label = "FarthestNeighbor"];
n11 -> n110;
n111[label = "Equal"];
n1110[label = "FarthestNeighbor"];
n111 -> n1110;
n1111[label = "FarthestNeighbor"];
n111 -> n1111;
n11 -> n111;
n1 -> n11;
n -> n1;
n2[label = "If_Then"];
n20[label = "Equal"];
n200[label = "FarthestNeighbor"];
n20 -> n200;
n201[label = "And"];
n2010[label = "FarthestNeighbor"];
n201 -> n2010;
n2011[label = "FarthestNeighbor"];
n201 -> n2011;
n20 -> n201;
n2 -> n20;
n21[label = "FarthestInsertion"];
n2 -> n21;
n -> n2;
}


Generation: 66
Best Individual:
Subpopulation 0:
Evaluated: true
Fitness: Standardized=0.28440526 Adjusted=0.7785705 Hits=0
Tree 0:
digraph g {
node [shape=rectangle];
n[label = "If_Then_Else"];
n0[label = "NearestFirstNode"];
n -> n0;
n1[label = "If_Then"];
n10[label = "FarthestNeighbor"];
n1 -> n10;
n11[label = "Equal"];
n110[label = "FarthestNeighbor"];
n11 -> n110;
n111[label = "If_Then"];
n1110[label = "FarthestNeighbor"];
n111 -> n1110;
n1111[label = "FarthestNeighbor"];
n111 -> n1111;
n11 -> n111;
n1 -> n11;
n -> n1;
n2[label = "If_Then"];
n20[label = "FarthestNeighbor"];
n2 -> n20;
n21[label = "FarthestNeighbor"];
n2 -> n21;
n -> n2;
}


Generation: 67
Best Individual:
Subpopulation 0:
Evaluated: true
Fitness: Standardized=0.28440526 Adjusted=0.7785705 Hits=0
Tree 0:
digraph g {
node [shape=rectangle];
n[label = "If_Then_Else"];
n0[label = "NearestFirstNode"];
n -> n0;
n1[label = "If_Then"];
n10[label = "And"];
n100[label = "FarthestInsertion"];
n10 -> n100;
n101[label = "If_Then_Else"];
n1010[label = "FarthestFirstNode"];
n101 -> n1010;
n1011[label = "FarthestFirstNode"];
n101 -> n1011;
n1012[label = "FarthestFirstNode"];
n101 -> n1012;
n10 -> n101;
n1 -> n10;
n11[label = "FarthestNeighbor"];
n1 -> n11;
n -> n1;
n2[label = "If_Then"];
n20[label = "FarthestFirstNode"];
n2 -> n20;
n21[label = "FarthestNeighbor"];
n2 -> n21;
n -> n2;
}


Generation: 68
Best Individual:
Subpopulation 0:
Evaluated: true
Fitness: Standardized=0.28440526 Adjusted=0.7785705 Hits=0
Tree 0:
digraph g {
node [shape=rectangle];
n[label = "If_Then_Else"];
n0[label = "NearestFirstNode"];
n -> n0;
n1[label = "If_Then"];
n10[label = "And"];
n100[label = "FarthestInsertion"];
n10 -> n100;
n101[label = "If_Then_Else"];
n1010[label = "FarthestFirstNode"];
n101 -> n1010;
n1011[label = "FarthestFirstNode"];
n101 -> n1011;
n1012[label = "FarthestFirstNode"];
n101 -> n1012;
n10 -> n101;
n1 -> n10;
n11[label = "FarthestNeighbor"];
n1 -> n11;
n -> n1;
n2[label = "FarthestNeighbor"];
n -> n2;
}


Generation: 69
Best Individual:
Subpopulation 0:
Evaluated: true
Fitness: Standardized=0.28440526 Adjusted=0.7785705 Hits=0
Tree 0:
digraph g {
node [shape=rectangle];
n[label = "If_Then_Else"];
n0[label = "NearestFirstNode"];
n -> n0;
n1[label = "If_Then"];
n10[label = "FarthestNeighbor"];
n1 -> n10;
n11[label = "Equal"];
n110[label = "FarthestNeighbor"];
n11 -> n110;
n111[label = "If_Then"];
n1110[label = "FarthestNeighbor"];
n111 -> n1110;
n1111[label = "FarthestNeighbor"];
n111 -> n1111;
n11 -> n111;
n1 -> n11;
n -> n1;
n2[label = "If_Then_Else"];
n20[label = "FarthestFirstNode"];
n2 -> n20;
n21[label = "FarthestFirstNode"];
n2 -> n21;
n22[label = "FarthestFirstNode"];
n2 -> n22;
n -> n2;
}


Generation: 70
Best Individual:
Subpopulation 0:
Evaluated: true
Fitness: Standardized=0.28440526 Adjusted=0.7785705 Hits=0
Tree 0:
digraph g {
node [shape=rectangle];
n[label = "If_Then_Else"];
n0[label = "NearestFirstNode"];
n -> n0;
n1[label = "If_Then"];
n10[label = "FarthestNeighbor"];
n1 -> n10;
n11[label = "Equal"];
n110[label = "FarthestNeighbor"];
n11 -> n110;
n111[label = "Equal"];
n1110[label = "FarthestFirstNode"];
n111 -> n1110;
n1111[label = "FarthestNeighbor"];
n111 -> n1111;
n11 -> n111;
n1 -> n11;
n -> n1;
n2[label = "If_Then"];
n20[label = "FarthestNeighbor"];
n2 -> n20;
n21[label = "Equal"];
n210[label = "FarthestNeighbor"];
n21 -> n210;
n211[label = "Equal"];
n2110[label = "FarthestFirstNode"];
n211 -> n2110;
n2111[label = "FarthestNeighbor"];
n211 -> n2111;
n21 -> n211;
n2 -> n21;
n -> n2;
}


Generation: 71
Best Individual:
Subpopulation 0:
Evaluated: true
Fitness: Standardized=0.28440526 Adjusted=0.7785705 Hits=0
Tree 0:
digraph g {
node [shape=rectangle];
n[label = "If_Then_Else"];
n0[label = "NearestFirstNode"];
n -> n0;
n1[label = "If_Then"];
n10[label = "FarthestNeighbor"];
n1 -> n10;
n11[label = "Equal"];
n110[label = "FarthestNeighbor"];
n11 -> n110;
n111[label = "If_Then"];
n1110[label = "FarthestNeighbor"];
n111 -> n1110;
n1111[label = "FarthestNeighbor"];
n111 -> n1111;
n11 -> n111;
n1 -> n11;
n -> n1;
n2[label = "FarthestNeighbor"];
n -> n2;
}


Generation: 72
Best Individual:
Subpopulation 0:
Evaluated: true
Fitness: Standardized=0.28440526 Adjusted=0.7785705 Hits=0
Tree 0:
digraph g {
node [shape=rectangle];
n[label = "If_Then_Else"];
n0[label = "NearestFirstNode"];
n -> n0;
n1[label = "If_Then"];
n10[label = "FarthestNeighbor"];
n1 -> n10;
n11[label = "Equal"];
n110[label = "FarthestNeighbor"];
n11 -> n110;
n111[label = "If_Then"];
n1110[label = "FarthestNeighbor"];
n111 -> n1110;
n1111[label = "FarthestNeighbor"];
n111 -> n1111;
n11 -> n111;
n1 -> n11;
n -> n1;
n2[label = "Equal"];
n20[label = "FarthestNeighbor"];
n2 -> n20;
n21[label = "Equal"];
n210[label = "FarthestFirstNode"];
n21 -> n210;
n211[label = "FarthestNeighbor"];
n21 -> n211;
n2 -> n21;
n -> n2;
}


Generation: 73
Best Individual:
Subpopulation 0:
Evaluated: true
Fitness: Standardized=0.28440526 Adjusted=0.7785705 Hits=0
Tree 0:
digraph g {
node [shape=rectangle];
n[label = "If_Then_Else"];
n0[label = "NearestFirstNode"];
n -> n0;
n1[label = "If_Then"];
n10[label = "FarthestNeighbor"];
n1 -> n10;
n11[label = "Equal"];
n110[label = "FarthestNeighbor"];
n11 -> n110;
n111[label = "Equal"];
n1110[label = "FarthestFirstNode"];
n111 -> n1110;
n1111[label = "FarthestNeighbor"];
n111 -> n1111;
n11 -> n111;
n1 -> n11;
n -> n1;
n2[label = "If_Then"];
n20[label = "FarthestNeighbor"];
n2 -> n20;
n21[label = "Equal"];
n210[label = "FarthestNeighbor"];
n21 -> n210;
n211[label = "Equal"];
n2110[label = "FarthestFirstNode"];
n211 -> n2110;
n2111[label = "FarthestNeighbor"];
n211 -> n2111;
n21 -> n211;
n2 -> n21;
n -> n2;
}


Generation: 74
Best Individual:
Subpopulation 0:
Evaluated: true
Fitness: Standardized=0.28440526 Adjusted=0.7785705 Hits=0
Tree 0:
digraph g {
node [shape=rectangle];
n[label = "If_Then_Else"];
n0[label = "NearestFirstNode"];
n -> n0;
n1[label = "If_Then"];
n10[label = "FarthestNeighbor"];
n1 -> n10;
n11[label = "Equal"];
n110[label = "FarthestNeighbor"];
n11 -> n110;
n111[label = "Equal"];
n1110[label = "FarthestNeighbor"];
n111 -> n1110;
n1111[label = "FarthestNeighbor"];
n111 -> n1111;
n11 -> n111;
n1 -> n11;
n -> n1;
n2[label = "Equal"];
n20[label = "FarthestNeighbor"];
n2 -> n20;
n21[label = "FarthestNeighbor"];
n2 -> n21;
n -> n2;
}


Generation: 75
Best Individual:
Subpopulation 0:
Evaluated: true
Fitness: Standardized=0.28440526 Adjusted=0.7785705 Hits=0
Tree 0:
digraph g {
node [shape=rectangle];
n[label = "If_Then_Else"];
n0[label = "NearestFirstNode"];
n -> n0;
n1[label = "If_Then"];
n10[label = "FarthestNeighbor"];
n1 -> n10;
n11[label = "Equal"];
n110[label = "FarthestNeighbor"];
n11 -> n110;
n111[label = "Equal"];
n1110[label = "FarthestFirstNode"];
n111 -> n1110;
n1111[label = "FarthestNeighbor"];
n111 -> n1111;
n11 -> n111;
n1 -> n11;
n -> n1;
n2[label = "FarthestFirstNode"];
n -> n2;
}


Generation: 76
Best Individual:
Subpopulation 0:
Evaluated: true
Fitness: Standardized=0.28440526 Adjusted=0.7785705 Hits=0
Tree 0:
digraph g {
node [shape=rectangle];
n[label = "If_Then_Else"];
n0[label = "NearestFirstNode"];
n -> n0;
n1[label = "If_Then"];
n10[label = "FarthestNeighbor"];
n1 -> n10;
n11[label = "Equal"];
n110[label = "FarthestNeighbor"];
n11 -> n110;
n111[label = "Equal"];
n1110[label = "FarthestFirstNode"];
n111 -> n1110;
n1111[label = "FarthestNeighbor"];
n111 -> n1111;
n11 -> n111;
n1 -> n11;
n -> n1;
n2[label = "FarthestNeighbor"];
n -> n2;
}


Generation: 77
Best Individual:
Subpopulation 0:
Evaluated: true
Fitness: Standardized=0.28440526 Adjusted=0.7785705 Hits=0
Tree 0:
digraph g {
node [shape=rectangle];
n[label = "If_Then_Else"];
n0[label = "NearestFirstNode"];
n -> n0;
n1[label = "If_Then"];
n10[label = "FarthestNeighbor"];
n1 -> n10;
n11[label = "Equal"];
n110[label = "FarthestNeighbor"];
n11 -> n110;
n111[label = "Equal"];
n1110[label = "FarthestFirstNode"];
n111 -> n1110;
n1111[label = "FarthestNeighbor"];
n111 -> n1111;
n11 -> n111;
n1 -> n11;
n -> n1;
n2[label = "If_Then"];
n20[label = "FarthestNeighbor"];
n2 -> n20;
n21[label = "NearestFirstNode"];
n2 -> n21;
n -> n2;
}


Generation: 78
Best Individual:
Subpopulation 0:
Evaluated: true
Fitness: Standardized=0.28440526 Adjusted=0.7785705 Hits=0
Tree 0:
digraph g {
node [shape=rectangle];
n[label = "If_Then_Else"];
n0[label = "NearestFirstNode"];
n -> n0;
n1[label = "If_Then"];
n10[label = "FarthestNeighbor"];
n1 -> n10;
n11[label = "Equal"];
n110[label = "FarthestNeighbor"];
n11 -> n110;
n111[label = "Equal"];
n1110[label = "FarthestFirstNode"];
n111 -> n1110;
n1111[label = "FarthestNeighbor"];
n111 -> n1111;
n11 -> n111;
n1 -> n11;
n -> n1;
n2[label = "If_Then"];
n20[label = "FarthestNeighbor"];
n2 -> n20;
n21[label = "NearestFirstNode"];
n2 -> n21;
n -> n2;
}


Generation: 79
Best Individual:
Subpopulation 0:
Evaluated: true
Fitness: Standardized=0.28440526 Adjusted=0.7785705 Hits=0
Tree 0:
digraph g {
node [shape=rectangle];
n[label = "If_Then_Else"];
n0[label = "NearestFirstNode"];
n -> n0;
n1[label = "If_Then"];
n10[label = "FarthestNeighbor"];
n1 -> n10;
n11[label = "Equal"];
n110[label = "FarthestNeighbor"];
n11 -> n110;
n111[label = "Equal"];
n1110[label = "FarthestFirstNode"];
n111 -> n1110;
n1111[label = "FarthestNeighbor"];
n111 -> n1111;
n11 -> n111;
n1 -> n11;
n -> n1;
n2[label = "If_Then"];
n20[label = "NearestNeighbor"];
n2 -> n20;
n21[label = "NearestFirstNode"];
n2 -> n21;
n -> n2;
}


Generation: 80
Best Individual:
Subpopulation 0:
Evaluated: true
Fitness: Standardized=0.28440526 Adjusted=0.7785705 Hits=0
Tree 0:
digraph g {
node [shape=rectangle];
n[label = "If_Then_Else"];
n0[label = "NearestFirstNode"];
n -> n0;
n1[label = "If_Then"];
n10[label = "FarthestNeighbor"];
n1 -> n10;
n11[label = "Equal"];
n110[label = "FarthestNeighbor"];
n11 -> n110;
n111[label = "Equal"];
n1110[label = "FarthestFirstNode"];
n111 -> n1110;
n1111[label = "FarthestNeighbor"];
n111 -> n1111;
n11 -> n111;
n1 -> n11;
n -> n1;
n2[label = "If_Then"];
n20[label = "FarthestNeighbor"];
n2 -> n20;
n21[label = "NearestFirstNode"];
n2 -> n21;
n -> n2;
}


Generation: 81
Best Individual:
Subpopulation 0:
Evaluated: true
Fitness: Standardized=0.27804554 Adjusted=0.7824447 Hits=0
Tree 0:
digraph g {
node [shape=rectangle];
n[label = "If_Then_Else"];
n0[label = "NearestFirstNode"];
n -> n0;
n1[label = "If_Then"];
n10[label = "FarthestNeighbor"];
n1 -> n10;
n11[label = "Equal"];
n110[label = "If_Then"];
n1100[label = "FarthestNeighbor"];
n110 -> n1100;
n1101[label = "NearestFirstNode"];
n110 -> n1101;
n11 -> n110;
n111[label = "Equal"];
n1110[label = "FarthestFirstNode"];
n111 -> n1110;
n1111[label = "FarthestNeighbor"];
n111 -> n1111;
n11 -> n111;
n1 -> n11;
n -> n1;
n2[label = "If_Then"];
n20[label = "FarthestNeighbor"];
n2 -> n20;
n21[label = "NearestFirstNode"];
n2 -> n21;
n -> n2;
}


Generation: 82
Best Individual:
Subpopulation 0:
Evaluated: true
Fitness: Standardized=0.27804554 Adjusted=0.7824447 Hits=0
Tree 0:
digraph g {
node [shape=rectangle];
n[label = "If_Then_Else"];
n0[label = "NearestFirstNode"];
n -> n0;
n1[label = "If_Then"];
n10[label = "FarthestNeighbor"];
n1 -> n10;
n11[label = "Equal"];
n110[label = "If_Then"];
n1100[label = "FarthestNeighbor"];
n110 -> n1100;
n1101[label = "NearestFirstNode"];
n110 -> n1101;
n11 -> n110;
n111[label = "Equal"];
n1110[label = "FarthestFirstNode"];
n111 -> n1110;
n1111[label = "FarthestNeighbor"];
n111 -> n1111;
n11 -> n111;
n1 -> n11;
n -> n1;
n2[label = "If_Then"];
n20[label = "FarthestNeighbor"];
n2 -> n20;
n21[label = "NearestFirstNode"];
n2 -> n21;
n -> n2;
}


Generation: 83
Best Individual:
Subpopulation 0:
Evaluated: true
Fitness: Standardized=0.27804554 Adjusted=0.7824447 Hits=0
Tree 0:
digraph g {
node [shape=rectangle];
n[label = "If_Then_Else"];
n0[label = "NearestFirstNode"];
n -> n0;
n1[label = "If_Then"];
n10[label = "FarthestNeighbor"];
n1 -> n10;
n11[label = "Equal"];
n110[label = "If_Then"];
n1100[label = "FarthestNeighbor"];
n110 -> n1100;
n1101[label = "NearestFirstNode"];
n110 -> n1101;
n11 -> n110;
n111[label = "Equal"];
n1110[label = "FarthestFirstNode"];
n111 -> n1110;
n1111[label = "FarthestNeighbor"];
n111 -> n1111;
n11 -> n111;
n1 -> n11;
n -> n1;
n2[label = "If_Then"];
n20[label = "FarthestNeighbor"];
n2 -> n20;
n21[label = "NearestFirstNode"];
n2 -> n21;
n -> n2;
}


Generation: 84
Best Individual:
Subpopulation 0:
Evaluated: true
Fitness: Standardized=0.27804554 Adjusted=0.7824447 Hits=0
Tree 0:
digraph g {
node [shape=rectangle];
n[label = "If_Then_Else"];
n0[label = "NearestFirstNode"];
n -> n0;
n1[label = "If_Then"];
n10[label = "FarthestNeighbor"];
n1 -> n10;
n11[label = "Equal"];
n110[label = "If_Then"];
n1100[label = "FarthestNeighbor"];
n110 -> n1100;
n1101[label = "NearestFirstNode"];
n110 -> n1101;
n11 -> n110;
n111[label = "Equal"];
n1110[label = "FarthestFirstNode"];
n111 -> n1110;
n1111[label = "FarthestNeighbor"];
n111 -> n1111;
n11 -> n111;
n1 -> n11;
n -> n1;
n2[label = "If_Then"];
n20[label = "FarthestNeighbor"];
n2 -> n20;
n21[label = "NearestFirstNode"];
n2 -> n21;
n -> n2;
}


Generation: 85
Best Individual:
Subpopulation 0:
Evaluated: true
Fitness: Standardized=0.27804554 Adjusted=0.7824447 Hits=0
Tree 0:
digraph g {
node [shape=rectangle];
n[label = "If_Then_Else"];
n0[label = "NearestFirstNode"];
n -> n0;
n1[label = "If_Then"];
n10[label = "FarthestNeighbor"];
n1 -> n10;
n11[label = "Equal"];
n110[label = "If_Then"];
n1100[label = "FarthestNeighbor"];
n110 -> n1100;
n1101[label = "NearestFirstNode"];
n110 -> n1101;
n11 -> n110;
n111[label = "Equal"];
n1110[label = "FarthestFirstNode"];
n111 -> n1110;
n1111[label = "FarthestNeighbor"];
n111 -> n1111;
n11 -> n111;
n1 -> n11;
n -> n1;
n2[label = "If_Then"];
n20[label = "FarthestNeighbor"];
n2 -> n20;
n21[label = "NearestFirstNode"];
n2 -> n21;
n -> n2;
}


Generation: 86
Best Individual:
Subpopulation 0:
Evaluated: true
Fitness: Standardized=0.27804554 Adjusted=0.7824447 Hits=0
Tree 0:
digraph g {
node [shape=rectangle];
n[label = "If_Then_Else"];
n0[label = "NearestFirstNode"];
n -> n0;
n1[label = "If_Then"];
n10[label = "FarthestNeighbor"];
n1 -> n10;
n11[label = "Equal"];
n110[label = "If_Then"];
n1100[label = "FarthestNeighbor"];
n110 -> n1100;
n1101[label = "NearestFirstNode"];
n110 -> n1101;
n11 -> n110;
n111[label = "Equal"];
n1110[label = "FarthestFirstNode"];
n111 -> n1110;
n1111[label = "FarthestNeighbor"];
n111 -> n1111;
n11 -> n111;
n1 -> n11;
n -> n1;
n2[label = "If_Then"];
n20[label = "FarthestNeighbor"];
n2 -> n20;
n21[label = "NearestFirstNode"];
n2 -> n21;
n -> n2;
}


Generation: 87
Best Individual:
Subpopulation 0:
Evaluated: true
Fitness: Standardized=0.27804554 Adjusted=0.7824447 Hits=0
Tree 0:
digraph g {
node [shape=rectangle];
n[label = "If_Then_Else"];
n0[label = "NearestFirstNode"];
n -> n0;
n1[label = "If_Then"];
n10[label = "FarthestNeighbor"];
n1 -> n10;
n11[label = "Equal"];
n110[label = "If_Then"];
n1100[label = "FarthestNeighbor"];
n110 -> n1100;
n1101[label = "NearestFirstNode"];
n110 -> n1101;
n11 -> n110;
n111[label = "Equal"];
n1110[label = "FarthestFirstNode"];
n111 -> n1110;
n1111[label = "FarthestNeighbor"];
n111 -> n1111;
n11 -> n111;
n1 -> n11;
n -> n1;
n2[label = "If_Then"];
n20[label = "FarthestNeighbor"];
n2 -> n20;
n21[label = "NearestFirstNode"];
n2 -> n21;
n -> n2;
}


Generation: 88
Best Individual:
Subpopulation 0:
Evaluated: true
Fitness: Standardized=0.27804554 Adjusted=0.7824447 Hits=0
Tree 0:
digraph g {
node [shape=rectangle];
n[label = "If_Then_Else"];
n0[label = "NearestFirstNode"];
n -> n0;
n1[label = "If_Then"];
n10[label = "FarthestNeighbor"];
n1 -> n10;
n11[label = "Equal"];
n110[label = "If_Then"];
n1100[label = "FarthestNeighbor"];
n110 -> n1100;
n1101[label = "NearestFirstNode"];
n110 -> n1101;
n11 -> n110;
n111[label = "Equal"];
n1110[label = "FarthestFirstNode"];
n111 -> n1110;
n1111[label = "FarthestNeighbor"];
n111 -> n1111;
n11 -> n111;
n1 -> n11;
n -> n1;
n2[label = "If_Then"];
n20[label = "FarthestNeighbor"];
n2 -> n20;
n21[label = "NearestFirstNode"];
n2 -> n21;
n -> n2;
}


Generation: 89
Best Individual:
Subpopulation 0:
Evaluated: true
Fitness: Standardized=0.27804554 Adjusted=0.7824447 Hits=0
Tree 0:
digraph g {
node [shape=rectangle];
n[label = "If_Then_Else"];
n0[label = "NearestFirstNode"];
n -> n0;
n1[label = "If_Then"];
n10[label = "FarthestNeighbor"];
n1 -> n10;
n11[label = "Equal"];
n110[label = "If_Then"];
n1100[label = "FarthestNeighbor"];
n110 -> n1100;
n1101[label = "NearestFirstNode"];
n110 -> n1101;
n11 -> n110;
n111[label = "Equal"];
n1110[label = "FarthestFirstNode"];
n111 -> n1110;
n1111[label = "FarthestNeighbor"];
n111 -> n1111;
n11 -> n111;
n1 -> n11;
n -> n1;
n2[label = "If_Then"];
n20[label = "FarthestNeighbor"];
n2 -> n20;
n21[label = "Equal"];
n210[label = "If_Then"];
n2100[label = "FarthestNeighbor"];
n210 -> n2100;
n2101[label = "NearestFirstNode"];
n210 -> n2101;
n21 -> n210;
n211[label = "Equal"];
n2110[label = "FarthestFirstNode"];
n211 -> n2110;
n2111[label = "FarthestNeighbor"];
n211 -> n2111;
n21 -> n211;
n2 -> n21;
n -> n2;
}


Generation: 90
Best Individual:
Subpopulation 0:
Evaluated: true
Fitness: Standardized=0.27804554 Adjusted=0.7824447 Hits=0
Tree 0:
digraph g {
node [shape=rectangle];
n[label = "If_Then_Else"];
n0[label = "NearestFirstNode"];
n -> n0;
n1[label = "If_Then"];
n10[label = "FarthestNeighbor"];
n1 -> n10;
n11[label = "Equal"];
n110[label = "If_Then"];
n1100[label = "FarthestNeighbor"];
n110 -> n1100;
n1101[label = "NearestFirstNode"];
n110 -> n1101;
n11 -> n110;
n111[label = "Equal"];
n1110[label = "FarthestFirstNode"];
n111 -> n1110;
n1111[label = "FarthestNeighbor"];
n111 -> n1111;
n11 -> n111;
n1 -> n11;
n -> n1;
n2[label = "Equal"];
n20[label = "If_Then"];
n200[label = "FarthestNeighbor"];
n20 -> n200;
n201[label = "NearestFirstNode"];
n20 -> n201;
n2 -> n20;
n21[label = "Equal"];
n210[label = "FarthestFirstNode"];
n21 -> n210;
n211[label = "If_Then"];
n2110[label = "FarthestNeighbor"];
n211 -> n2110;
n2111[label = "NearestFirstNode"];
n211 -> n2111;
n21 -> n211;
n2 -> n21;
n -> n2;
}


Generation: 91
Best Individual:
Subpopulation 0:
Evaluated: true
Fitness: Standardized=0.27369437 Adjusted=0.7851177 Hits=0
Tree 0:
digraph g {
node [shape=rectangle];
n[label = "If_Then_Else"];
n0[label = "NearestFirstNode"];
n -> n0;
n1[label = "If_Then"];
n10[label = "If_Then"];
n100[label = "FarthestNeighbor"];
n10 -> n100;
n101[label = "NearestFirstNode"];
n10 -> n101;
n1 -> n10;
n11[label = "Equal"];
n110[label = "If_Then"];
n1100[label = "FarthestNeighbor"];
n110 -> n1100;
n1101[label = "NearestFirstNode"];
n110 -> n1101;
n11 -> n110;
n111[label = "Equal"];
n1110[label = "FarthestFirstNode"];
n111 -> n1110;
n1111[label = "FarthestNeighbor"];
n111 -> n1111;
n11 -> n111;
n1 -> n11;
n -> n1;
n2[label = "If_Then"];
n20[label = "FarthestNeighbor"];
n2 -> n20;
n21[label = "NearestFirstNode"];
n2 -> n21;
n -> n2;
}


Generation: 92
Best Individual:
Subpopulation 0:
Evaluated: true
Fitness: Standardized=0.27369437 Adjusted=0.7851177 Hits=0
Tree 0:
digraph g {
node [shape=rectangle];
n[label = "If_Then_Else"];
n0[label = "NearestFirstNode"];
n -> n0;
n1[label = "If_Then"];
n10[label = "If_Then"];
n100[label = "FarthestNeighbor"];
n10 -> n100;
n101[label = "NearestFirstNode"];
n10 -> n101;
n1 -> n10;
n11[label = "Equal"];
n110[label = "If_Then"];
n1100[label = "FarthestNeighbor"];
n110 -> n1100;
n1101[label = "NearestFirstNode"];
n110 -> n1101;
n11 -> n110;
n111[label = "Equal"];
n1110[label = "FarthestFirstNode"];
n111 -> n1110;
n1111[label = "FarthestNeighbor"];
n111 -> n1111;
n11 -> n111;
n1 -> n11;
n -> n1;
n2[label = "If_Then"];
n20[label = "FarthestNeighbor"];
n2 -> n20;
n21[label = "NearestFirstNode"];
n2 -> n21;
n -> n2;
}


Generation: 93
Best Individual:
Subpopulation 0:
Evaluated: true
Fitness: Standardized=0.27369437 Adjusted=0.7851177 Hits=0
Tree 0:
digraph g {
node [shape=rectangle];
n[label = "If_Then_Else"];
n0[label = "NearestFirstNode"];
n -> n0;
n1[label = "If_Then"];
n10[label = "If_Then"];
n100[label = "FarthestNeighbor"];
n10 -> n100;
n101[label = "NearestFirstNode"];
n10 -> n101;
n1 -> n10;
n11[label = "Equal"];
n110[label = "If_Then"];
n1100[label = "FarthestNeighbor"];
n110 -> n1100;
n1101[label = "NearestFirstNode"];
n110 -> n1101;
n11 -> n110;
n111[label = "Equal"];
n1110[label = "FarthestFirstNode"];
n111 -> n1110;
n1111[label = "FarthestNeighbor"];
n111 -> n1111;
n11 -> n111;
n1 -> n11;
n -> n1;
n2[label = "If_Then"];
n20[label = "FarthestNeighbor"];
n2 -> n20;
n21[label = "NearestFirstNode"];
n2 -> n21;
n -> n2;
}


Generation: 94
Best Individual:
Subpopulation 0:
Evaluated: true
Fitness: Standardized=0.27369437 Adjusted=0.7851177 Hits=0
Tree 0:
digraph g {
node [shape=rectangle];
n[label = "If_Then_Else"];
n0[label = "NearestFirstNode"];
n -> n0;
n1[label = "If_Then"];
n10[label = "If_Then"];
n100[label = "FarthestNeighbor"];
n10 -> n100;
n101[label = "NearestFirstNode"];
n10 -> n101;
n1 -> n10;
n11[label = "Equal"];
n110[label = "If_Then"];
n1100[label = "FarthestNeighbor"];
n110 -> n1100;
n1101[label = "NearestFirstNode"];
n110 -> n1101;
n11 -> n110;
n111[label = "Equal"];
n1110[label = "FarthestFirstNode"];
n111 -> n1110;
n1111[label = "FarthestNeighbor"];
n111 -> n1111;
n11 -> n111;
n1 -> n11;
n -> n1;
n2[label = "If_Then"];
n20[label = "FarthestNeighbor"];
n2 -> n20;
n21[label = "NearestFirstNode"];
n2 -> n21;
n -> n2;
}


Generation: 95
Best Individual:
Subpopulation 0:
Evaluated: true
Fitness: Standardized=0.2670515 Adjusted=0.7892339 Hits=0
Tree 0:
digraph g {
node [shape=rectangle];
n[label = "If_Then_Else"];
n0[label = "NearestFirstNode"];
n -> n0;
n1[label = "If_Then"];
n10[label = "If_Then"];
n100[label = "If_Then"];
n1000[label = "FarthestNeighbor"];
n100 -> n1000;
n1001[label = "NearestFirstNode"];
n100 -> n1001;
n10 -> n100;
n101[label = "NearestFirstNode"];
n10 -> n101;
n1 -> n10;
n11[label = "Equal"];
n110[label = "If_Then"];
n1100[label = "FarthestNeighbor"];
n110 -> n1100;
n1101[label = "NearestFirstNode"];
n110 -> n1101;
n11 -> n110;
n111[label = "Equal"];
n1110[label = "FarthestFirstNode"];
n111 -> n1110;
n1111[label = "FarthestNeighbor"];
n111 -> n1111;
n11 -> n111;
n1 -> n11;
n -> n1;
n2[label = "FarthestFirstNode"];
n -> n2;
}


Generation: 96
Best Individual:
Subpopulation 0:
Evaluated: true
Fitness: Standardized=0.2670515 Adjusted=0.7892339 Hits=0
Tree 0:
digraph g {
node [shape=rectangle];
n[label = "If_Then_Else"];
n0[label = "NearestFirstNode"];
n -> n0;
n1[label = "If_Then"];
n10[label = "If_Then"];
n100[label = "If_Then"];
n1000[label = "FarthestNeighbor"];
n100 -> n1000;
n1001[label = "NearestFirstNode"];
n100 -> n1001;
n10 -> n100;
n101[label = "NearestFirstNode"];
n10 -> n101;
n1 -> n10;
n11[label = "Equal"];
n110[label = "If_Then"];
n1100[label = "FarthestNeighbor"];
n110 -> n1100;
n1101[label = "NearestFirstNode"];
n110 -> n1101;
n11 -> n110;
n111[label = "Equal"];
n1110[label = "FarthestFirstNode"];
n111 -> n1110;
n1111[label = "FarthestNeighbor"];
n111 -> n1111;
n11 -> n111;
n1 -> n11;
n -> n1;
n2[label = "FarthestFirstNode"];
n -> n2;
}


Generation: 97
Best Individual:
Subpopulation 0:
Evaluated: true
Fitness: Standardized=0.2670515 Adjusted=0.7892339 Hits=0
Tree 0:
digraph g {
node [shape=rectangle];
n[label = "If_Then_Else"];
n0[label = "NearestFirstNode"];
n -> n0;
n1[label = "If_Then"];
n10[label = "If_Then"];
n100[label = "If_Then"];
n1000[label = "FarthestNeighbor"];
n100 -> n1000;
n1001[label = "NearestFirstNode"];
n100 -> n1001;
n10 -> n100;
n101[label = "NearestFirstNode"];
n10 -> n101;
n1 -> n10;
n11[label = "Equal"];
n110[label = "If_Then"];
n1100[label = "FarthestNeighbor"];
n110 -> n1100;
n1101[label = "NearestFirstNode"];
n110 -> n1101;
n11 -> n110;
n111[label = "Equal"];
n1110[label = "FarthestFirstNode"];
n111 -> n1110;
n1111[label = "FarthestNeighbor"];
n111 -> n1111;
n11 -> n111;
n1 -> n11;
n -> n1;
n2[label = "FarthestFirstNode"];
n -> n2;
}


Generation: 98
Best Individual:
Subpopulation 0:
Evaluated: true
Fitness: Standardized=0.2670515 Adjusted=0.7892339 Hits=0
Tree 0:
digraph g {
node [shape=rectangle];
n[label = "If_Then_Else"];
n0[label = "NearestFirstNode"];
n -> n0;
n1[label = "If_Then"];
n10[label = "If_Then"];
n100[label = "If_Then"];
n1000[label = "FarthestNeighbor"];
n100 -> n1000;
n1001[label = "NearestFirstNode"];
n100 -> n1001;
n10 -> n100;
n101[label = "NearestFirstNode"];
n10 -> n101;
n1 -> n10;
n11[label = "Equal"];
n110[label = "If_Then"];
n1100[label = "FarthestNeighbor"];
n110 -> n1100;
n1101[label = "NearestFirstNode"];
n110 -> n1101;
n11 -> n110;
n111[label = "Equal"];
n1110[label = "FarthestFirstNode"];
n111 -> n1110;
n1111[label = "FarthestNeighbor"];
n111 -> n1111;
n11 -> n111;
n1 -> n11;
n -> n1;
n2[label = "FarthestFirstNode"];
n -> n2;
}


Generation: 99
Best Individual:
Subpopulation 0:
Evaluated: true
Fitness: Standardized=0.2670515 Adjusted=0.7892339 Hits=0
Tree 0:
digraph g {
node [shape=rectangle];
n[label = "If_Then_Else"];
n0[label = "NearestFirstNode"];
n -> n0;
n1[label = "If_Then"];
n10[label = "If_Then"];
n100[label = "If_Then"];
n1000[label = "FarthestNeighbor"];
n100 -> n1000;
n1001[label = "NearestFirstNode"];
n100 -> n1001;
n10 -> n100;
n101[label = "NearestFirstNode"];
n10 -> n101;
n1 -> n10;
n11[label = "Equal"];
n110[label = "If_Then"];
n1100[label = "FarthestNeighbor"];
n110 -> n1100;
n1101[label = "NearestFirstNode"];
n110 -> n1101;
n11 -> n110;
n111[label = "Equal"];
n1110[label = "FarthestFirstNode"];
n111 -> n1110;
n1111[label = "FarthestNeighbor"];
n111 -> n1111;
n11 -> n111;
n1 -> n11;
n -> n1;
n2[label = "FarthestFirstNode"];
n -> n2;
}


Best Individual of Run:
Subpopulation 0:
Evaluated: true
Fitness: Standardized=0.2670515 Adjusted=0.7892339 Hits=0
Tree 0:
digraph g {
node [shape=rectangle];
n[label = "If_Then_Else"];
n0[label = "NearestFirstNode"];
n -> n0;
n1[label = "If_Then"];
n10[label = "If_Then"];
n100[label = "If_Then"];
n1000[label = "FarthestNeighbor"];
n100 -> n1000;
n1001[label = "NearestFirstNode"];
n100 -> n1001;
n10 -> n100;
n101[label = "NearestFirstNode"];
n10 -> n101;
n1 -> n10;
n11[label = "Equal"];
n110[label = "If_Then"];
n1100[label = "FarthestNeighbor"];
n110 -> n1100;
n1101[label = "NearestFirstNode"];
n110 -> n1101;
n11 -> n110;
n111[label = "Equal"];
n1110[label = "FarthestFirstNode"];
n111 -> n1110;
n1111[label = "FarthestNeighbor"];
n111 -> n1111;
n11 -> n111;
n1 -> n11;
n -> n1;
n2[label = "FarthestFirstNode"];
n -> n2;
}

