
Generation: 0
Best Individual:
Subpopulation 0:
Evaluated: true
Fitness: Standardized=0.60754216 Adjusted=0.6220677 Hits=0
Tree 0:
digraph g {
node [shape=rectangle];
n[label = "If_Then"];
n0[label = "FarthestInsertion"];
n -> n0;
n1[label = "FarthestInsertion"];
n -> n1;
}


Generation: 1
Best Individual:
Subpopulation 0:
Evaluated: true
Fitness: Standardized=0.6003004 Adjusted=0.6248827 Hits=0
Tree 0:
digraph g {
node [shape=rectangle];
n[label = "Or"];
n0[label = "Equal"];
n00[label = "If_Then"];
n000[label = "FarthestFirstNode"];
n00 -> n000;
n001[label = "NearestInsertion"];
n00 -> n001;
n0 -> n00;
n01[label = "If_Then_Else"];
n010[label = "BestMove"];
n01 -> n010;
n011[label = "WorstMove"];
n01 -> n011;
n012[label = "Equal"];
n0120[label = "WorstMove"];
n012 -> n0120;
n0121[label = "FarthestNeighbor"];
n012 -> n0121;
n01 -> n012;
n0 -> n01;
n -> n0;
n1[label = "While"];
n10[label = "And"];
n100[label = "BestMove"];
n10 -> n100;
n101[label = "BestMove"];
n10 -> n101;
n1 -> n10;
n11[label = "If_Then"];
n110[label = "FarthestFirstNode"];
n11 -> n110;
n111[label = "CplexTerminal"];
n11 -> n111;
n1 -> n11;
n -> n1;
}


Generation: 2
Best Individual:
Subpopulation 0:
Evaluated: true
Fitness: Standardized=0.42567316 Adjusted=0.70142305 Hits=0
Tree 0:
digraph g {
node [shape=rectangle];
n[label = "Or"];
n0[label = "Equal"];
n00[label = "If_Then"];
n000[label = "FarthestFirstNode"];
n00 -> n000;
n001[label = "If_Then"];
n0010[label = "FarthestInsertion"];
n001 -> n0010;
n0011[label = "FarthestInsertion"];
n001 -> n0011;
n00 -> n001;
n0 -> n00;
n01[label = "If_Then_Else"];
n010[label = "BestMove"];
n01 -> n010;
n011[label = "WorstMove"];
n01 -> n011;
n012[label = "Equal"];
n0120[label = "WorstMove"];
n012 -> n0120;
n0121[label = "FarthestNeighbor"];
n012 -> n0121;
n01 -> n012;
n0 -> n01;
n -> n0;
n1[label = "While"];
n10[label = "And"];
n100[label = "BestMove"];
n10 -> n100;
n101[label = "BestMove"];
n10 -> n101;
n1 -> n10;
n11[label = "If_Then"];
n110[label = "FarthestFirstNode"];
n11 -> n110;
n111[label = "CplexTerminal"];
n11 -> n111;
n1 -> n11;
n -> n1;
}


Generation: 3
Best Individual:
Subpopulation 0:
Evaluated: true
Fitness: Standardized=0.42567316 Adjusted=0.70142305 Hits=0
Tree 0:
digraph g {
node [shape=rectangle];
n[label = "Equal"];
n0[label = "If_Then"];
n00[label = "FarthestFirstNode"];
n0 -> n00;
n01[label = "If_Then"];
n010[label = "FarthestInsertion"];
n01 -> n010;
n011[label = "FarthestInsertion"];
n01 -> n011;
n0 -> n01;
n -> n0;
n1[label = "If_Then_Else"];
n10[label = "BestMove"];
n1 -> n10;
n11[label = "WorstMove"];
n1 -> n11;
n12[label = "Equal"];
n120[label = "WorstMove"];
n12 -> n120;
n121[label = "FarthestNeighbor"];
n12 -> n121;
n1 -> n12;
n -> n1;
}


Generation: 4
Best Individual:
Subpopulation 0:
Evaluated: true
Fitness: Standardized=0.42077854 Adjusted=0.7038395 Hits=0
Tree 0:
digraph g {
node [shape=rectangle];
n[label = "Equal"];
n0[label = "If_Then"];
n00[label = "FarthestFirstNode"];
n0 -> n00;
n01[label = "If_Then"];
n010[label = "FarthestInsertion"];
n01 -> n010;
n011[label = "FarthestInsertion"];
n01 -> n011;
n0 -> n01;
n -> n0;
n1[label = "If_Then_Else"];
n10[label = "BestMove"];
n1 -> n10;
n11[label = "WorstMove"];
n1 -> n11;
n12[label = "If_Then"];
n120[label = "FarthestFirstNode"];
n12 -> n120;
n121[label = "CplexTerminal"];
n12 -> n121;
n1 -> n12;
n -> n1;
}


Generation: 5
Best Individual:
Subpopulation 0:
Evaluated: true
Fitness: Standardized=0.29671457 Adjusted=0.77117974 Hits=0
Tree 0:
digraph g {
node [shape=rectangle];
n[label = "Equal"];
n0[label = "If_Then"];
n00[label = "FarthestFirstNode"];
n0 -> n00;
n01[label = "If_Then"];
n010[label = "FarthestInsertion"];
n01 -> n010;
n011[label = "FarthestInsertion"];
n01 -> n011;
n0 -> n01;
n -> n0;
n1[label = "If_Then_Else"];
n10[label = "BestMove"];
n1 -> n10;
n11[label = "If_Then"];
n110[label = "FarthestInsertion"];
n11 -> n110;
n111[label = "FarthestInsertion"];
n11 -> n111;
n1 -> n11;
n12[label = "If_Then"];
n120[label = "FarthestFirstNode"];
n12 -> n120;
n121[label = "CplexTerminal"];
n12 -> n121;
n1 -> n12;
n -> n1;
}


Generation: 6
Best Individual:
Subpopulation 0:
Evaluated: true
Fitness: Standardized=0.29360545 Adjusted=0.77303326 Hits=0
Tree 0:
digraph g {
node [shape=rectangle];
n[label = "Equal"];
n0[label = "If_Then"];
n00[label = "FarthestFirstNode"];
n0 -> n00;
n01[label = "If_Then"];
n010[label = "FarthestInsertion"];
n01 -> n010;
n011[label = "FarthestInsertion"];
n01 -> n011;
n0 -> n01;
n -> n0;
n1[label = "If_Then_Else"];
n10[label = "BestMove"];
n1 -> n10;
n11[label = "If_Then"];
n110[label = "FarthestInsertion"];
n11 -> n110;
n111[label = "FarthestInsertion"];
n11 -> n111;
n1 -> n11;
n12[label = "If_Then"];
n120[label = "FarthestFirstNode"];
n12 -> n120;
n121[label = "If_Then"];
n1210[label = "FarthestInsertion"];
n121 -> n1210;
n1211[label = "FarthestInsertion"];
n121 -> n1211;
n12 -> n121;
n1 -> n12;
n -> n1;
}


Generation: 7
Best Individual:
Subpopulation 0:
Evaluated: true
Fitness: Standardized=0.29360545 Adjusted=0.77303326 Hits=0
Tree 0:
digraph g {
node [shape=rectangle];
n[label = "Equal"];
n0[label = "If_Then"];
n00[label = "FarthestFirstNode"];
n0 -> n00;
n01[label = "If_Then"];
n010[label = "FarthestInsertion"];
n01 -> n010;
n011[label = "FarthestInsertion"];
n01 -> n011;
n0 -> n01;
n -> n0;
n1[label = "If_Then_Else"];
n10[label = "BestMove"];
n1 -> n10;
n11[label = "If_Then"];
n110[label = "FarthestInsertion"];
n11 -> n110;
n111[label = "FarthestInsertion"];
n11 -> n111;
n1 -> n11;
n12[label = "If_Then"];
n120[label = "If_Then"];
n1200[label = "FarthestFirstNode"];
n120 -> n1200;
n1201[label = "CplexTerminal"];
n120 -> n1201;
n12 -> n120;
n121[label = "If_Then"];
n1210[label = "FarthestInsertion"];
n121 -> n1210;
n1211[label = "FarthestInsertion"];
n121 -> n1211;
n12 -> n121;
n1 -> n12;
n -> n1;
}


Generation: 8
Best Individual:
Subpopulation 0:
Evaluated: true
Fitness: Standardized=0.29360545 Adjusted=0.77303326 Hits=0
Tree 0:
digraph g {
node [shape=rectangle];
n[label = "Equal"];
n0[label = "If_Then"];
n00[label = "FarthestFirstNode"];
n0 -> n00;
n01[label = "If_Then"];
n010[label = "FarthestInsertion"];
n01 -> n010;
n011[label = "FarthestInsertion"];
n01 -> n011;
n0 -> n01;
n -> n0;
n1[label = "If_Then_Else"];
n10[label = "BestMove"];
n1 -> n10;
n11[label = "If_Then"];
n110[label = "FarthestInsertion"];
n11 -> n110;
n111[label = "FarthestInsertion"];
n11 -> n111;
n1 -> n11;
n12[label = "If_Then"];
n120[label = "FarthestFirstNode"];
n12 -> n120;
n121[label = "If_Then"];
n1210[label = "FarthestInsertion"];
n121 -> n1210;
n1211[label = "FarthestInsertion"];
n121 -> n1211;
n12 -> n121;
n1 -> n12;
n -> n1;
}


Generation: 9
Best Individual:
Subpopulation 0:
Evaluated: true
Fitness: Standardized=0.29360545 Adjusted=0.77303326 Hits=0
Tree 0:
digraph g {
node [shape=rectangle];
n[label = "Equal"];
n0[label = "If_Then"];
n00[label = "FarthestFirstNode"];
n0 -> n00;
n01[label = "If_Then"];
n010[label = "FarthestInsertion"];
n01 -> n010;
n011[label = "FarthestInsertion"];
n01 -> n011;
n0 -> n01;
n -> n0;
n1[label = "If_Then_Else"];
n10[label = "BestMove"];
n1 -> n10;
n11[label = "If_Then"];
n110[label = "FarthestInsertion"];
n11 -> n110;
n111[label = "FarthestInsertion"];
n11 -> n111;
n1 -> n11;
n12[label = "If_Then"];
n120[label = "FarthestFirstNode"];
n12 -> n120;
n121[label = "If_Then"];
n1210[label = "FarthestInsertion"];
n121 -> n1210;
n1211[label = "FarthestInsertion"];
n121 -> n1211;
n12 -> n121;
n1 -> n12;
n -> n1;
}


Generation: 10
Best Individual:
Subpopulation 0:
Evaluated: true
Fitness: Standardized=0.29360545 Adjusted=0.77303326 Hits=0
Tree 0:
digraph g {
node [shape=rectangle];
n[label = "Equal"];
n0[label = "If_Then"];
n00[label = "FarthestFirstNode"];
n0 -> n00;
n01[label = "If_Then"];
n010[label = "FarthestInsertion"];
n01 -> n010;
n011[label = "FarthestInsertion"];
n01 -> n011;
n0 -> n01;
n -> n0;
n1[label = "If_Then_Else"];
n10[label = "BestMove"];
n1 -> n10;
n11[label = "If_Then"];
n110[label = "FarthestInsertion"];
n11 -> n110;
n111[label = "FarthestInsertion"];
n11 -> n111;
n1 -> n11;
n12[label = "If_Then"];
n120[label = "FarthestFirstNode"];
n12 -> n120;
n121[label = "If_Then"];
n1210[label = "FarthestInsertion"];
n121 -> n1210;
n1211[label = "FarthestInsertion"];
n121 -> n1211;
n12 -> n121;
n1 -> n12;
n -> n1;
}


Generation: 11
Best Individual:
Subpopulation 0:
Evaluated: true
Fitness: Standardized=0.29360545 Adjusted=0.77303326 Hits=0
Tree 0:
digraph g {
node [shape=rectangle];
n[label = "Equal"];
n0[label = "If_Then"];
n00[label = "FarthestFirstNode"];
n0 -> n00;
n01[label = "If_Then"];
n010[label = "FarthestInsertion"];
n01 -> n010;
n011[label = "FarthestInsertion"];
n01 -> n011;
n0 -> n01;
n -> n0;
n1[label = "If_Then_Else"];
n10[label = "BestMove"];
n1 -> n10;
n11[label = "If_Then"];
n110[label = "FarthestInsertion"];
n11 -> n110;
n111[label = "FarthestInsertion"];
n11 -> n111;
n1 -> n11;
n12[label = "If_Then"];
n120[label = "FarthestFirstNode"];
n12 -> n120;
n121[label = "If_Then"];
n1210[label = "FarthestInsertion"];
n121 -> n1210;
n1211[label = "FarthestInsertion"];
n121 -> n1211;
n12 -> n121;
n1 -> n12;
n -> n1;
}


Generation: 12
Best Individual:
Subpopulation 0:
Evaluated: true
Fitness: Standardized=0.29360545 Adjusted=0.77303326 Hits=0
Tree 0:
digraph g {
node [shape=rectangle];
n[label = "Equal"];
n0[label = "If_Then"];
n00[label = "FarthestFirstNode"];
n0 -> n00;
n01[label = "If_Then"];
n010[label = "FarthestInsertion"];
n01 -> n010;
n011[label = "FarthestInsertion"];
n01 -> n011;
n0 -> n01;
n -> n0;
n1[label = "If_Then_Else"];
n10[label = "BestMove"];
n1 -> n10;
n11[label = "If_Then"];
n110[label = "FarthestInsertion"];
n11 -> n110;
n111[label = "FarthestInsertion"];
n11 -> n111;
n1 -> n11;
n12[label = "If_Then"];
n120[label = "FarthestFirstNode"];
n12 -> n120;
n121[label = "If_Then"];
n1210[label = "FarthestInsertion"];
n121 -> n1210;
n1211[label = "FarthestInsertion"];
n121 -> n1211;
n12 -> n121;
n1 -> n12;
n -> n1;
}


Generation: 13
Best Individual:
Subpopulation 0:
Evaluated: true
Fitness: Standardized=0.29360545 Adjusted=0.77303326 Hits=0
Tree 0:
digraph g {
node [shape=rectangle];
n[label = "Equal"];
n0[label = "If_Then"];
n00[label = "FarthestFirstNode"];
n0 -> n00;
n01[label = "If_Then"];
n010[label = "FarthestInsertion"];
n01 -> n010;
n011[label = "FarthestInsertion"];
n01 -> n011;
n0 -> n01;
n -> n0;
n1[label = "If_Then_Else"];
n10[label = "BestMove"];
n1 -> n10;
n11[label = "If_Then"];
n110[label = "FarthestInsertion"];
n11 -> n110;
n111[label = "FarthestInsertion"];
n11 -> n111;
n1 -> n11;
n12[label = "If_Then"];
n120[label = "FarthestFirstNode"];
n12 -> n120;
n121[label = "If_Then"];
n1210[label = "FarthestInsertion"];
n121 -> n1210;
n1211[label = "FarthestInsertion"];
n121 -> n1211;
n12 -> n121;
n1 -> n12;
n -> n1;
}


Generation: 14
Best Individual:
Subpopulation 0:
Evaluated: true
Fitness: Standardized=0.29207656 Adjusted=0.77394795 Hits=0
Tree 0:
digraph g {
node [shape=rectangle];
n[label = "Equal"];
n0[label = "If_Then"];
n00[label = "FarthestFirstNode"];
n0 -> n00;
n01[label = "If_Then"];
n010[label = "FarthestInsertion"];
n01 -> n010;
n011[label = "FarthestInsertion"];
n01 -> n011;
n0 -> n01;
n -> n0;
n1[label = "If_Then_Else"];
n10[label = "BestMove"];
n1 -> n10;
n11[label = "If_Then"];
n110[label = "FarthestInsertion"];
n11 -> n110;
n111[label = "FarthestInsertion"];
n11 -> n111;
n1 -> n11;
n12[label = "If_Then"];
n120[label = "If_Then"];
n1200[label = "FarthestInsertion"];
n120 -> n1200;
n1201[label = "FarthestInsertion"];
n120 -> n1201;
n12 -> n120;
n121[label = "If_Then"];
n1210[label = "FarthestInsertion"];
n121 -> n1210;
n1211[label = "FarthestInsertion"];
n121 -> n1211;
n12 -> n121;
n1 -> n12;
n -> n1;
}


Generation: 15
Best Individual:
Subpopulation 0:
Evaluated: true
Fitness: Standardized=0.29207656 Adjusted=0.77394795 Hits=0
Tree 0:
digraph g {
node [shape=rectangle];
n[label = "Equal"];
n0[label = "If_Then"];
n00[label = "FarthestFirstNode"];
n0 -> n00;
n01[label = "If_Then"];
n010[label = "FarthestInsertion"];
n01 -> n010;
n011[label = "FarthestInsertion"];
n01 -> n011;
n0 -> n01;
n -> n0;
n1[label = "If_Then_Else"];
n10[label = "BestMove"];
n1 -> n10;
n11[label = "If_Then"];
n110[label = "FarthestInsertion"];
n11 -> n110;
n111[label = "FarthestInsertion"];
n11 -> n111;
n1 -> n11;
n12[label = "If_Then"];
n120[label = "If_Then"];
n1200[label = "FarthestInsertion"];
n120 -> n1200;
n1201[label = "FarthestInsertion"];
n120 -> n1201;
n12 -> n120;
n121[label = "If_Then"];
n1210[label = "FarthestInsertion"];
n121 -> n1210;
n1211[label = "FarthestInsertion"];
n121 -> n1211;
n12 -> n121;
n1 -> n12;
n -> n1;
}


Generation: 16
Best Individual:
Subpopulation 0:
Evaluated: true
Fitness: Standardized=0.29207656 Adjusted=0.77394795 Hits=0
Tree 0:
digraph g {
node [shape=rectangle];
n[label = "Equal"];
n0[label = "If_Then"];
n00[label = "FarthestFirstNode"];
n0 -> n00;
n01[label = "If_Then"];
n010[label = "FarthestInsertion"];
n01 -> n010;
n011[label = "FarthestInsertion"];
n01 -> n011;
n0 -> n01;
n -> n0;
n1[label = "If_Then_Else"];
n10[label = "BestMove"];
n1 -> n10;
n11[label = "If_Then"];
n110[label = "FarthestInsertion"];
n11 -> n110;
n111[label = "FarthestInsertion"];
n11 -> n111;
n1 -> n11;
n12[label = "If_Then"];
n120[label = "If_Then"];
n1200[label = "FarthestInsertion"];
n120 -> n1200;
n1201[label = "FarthestInsertion"];
n120 -> n1201;
n12 -> n120;
n121[label = "If_Then"];
n1210[label = "FarthestInsertion"];
n121 -> n1210;
n1211[label = "FarthestInsertion"];
n121 -> n1211;
n12 -> n121;
n1 -> n12;
n -> n1;
}


Generation: 17
Best Individual:
Subpopulation 0:
Evaluated: true
Fitness: Standardized=0.29207656 Adjusted=0.77394795 Hits=0
Tree 0:
digraph g {
node [shape=rectangle];
n[label = "Equal"];
n0[label = "If_Then"];
n00[label = "FarthestFirstNode"];
n0 -> n00;
n01[label = "If_Then"];
n010[label = "FarthestInsertion"];
n01 -> n010;
n011[label = "FarthestInsertion"];
n01 -> n011;
n0 -> n01;
n -> n0;
n1[label = "If_Then_Else"];
n10[label = "BestMove"];
n1 -> n10;
n11[label = "If_Then"];
n110[label = "FarthestInsertion"];
n11 -> n110;
n111[label = "FarthestInsertion"];
n11 -> n111;
n1 -> n11;
n12[label = "If_Then"];
n120[label = "If_Then"];
n1200[label = "FarthestInsertion"];
n120 -> n1200;
n1201[label = "FarthestInsertion"];
n120 -> n1201;
n12 -> n120;
n121[label = "If_Then"];
n1210[label = "FarthestInsertion"];
n121 -> n1210;
n1211[label = "FarthestInsertion"];
n121 -> n1211;
n12 -> n121;
n1 -> n12;
n -> n1;
}


Generation: 18
Best Individual:
Subpopulation 0:
Evaluated: true
Fitness: Standardized=0.28720868 Adjusted=0.77687484 Hits=0
Tree 0:
digraph g {
node [shape=rectangle];
n[label = "Equal"];
n0[label = "If_Then"];
n00[label = "FarthestFirstNode"];
n0 -> n00;
n01[label = "If_Then"];
n010[label = "FarthestInsertion"];
n01 -> n010;
n011[label = "FarthestInsertion"];
n01 -> n011;
n0 -> n01;
n -> n0;
n1[label = "If_Then_Else"];
n10[label = "BestMove"];
n1 -> n10;
n11[label = "If_Then"];
n110[label = "FarthestInsertion"];
n11 -> n110;
n111[label = "FarthestInsertion"];
n11 -> n111;
n1 -> n11;
n12[label = "Or"];
n120[label = "While"];
n1200[label = "FarthestInsertion"];
n120 -> n1200;
n1201[label = "NearestNeighbor"];
n120 -> n1201;
n12 -> n120;
n121[label = "If_Then_Else"];
n1210[label = "CplexTerminal"];
n121 -> n1210;
n1211[label = "BestMove"];
n121 -> n1211;
n1212[label = "FarthestNeighbor"];
n121 -> n1212;
n12 -> n121;
n1 -> n12;
n -> n1;
}


Generation: 19
Best Individual:
Subpopulation 0:
Evaluated: true
Fitness: Standardized=0.28720868 Adjusted=0.77687484 Hits=0
Tree 0:
digraph g {
node [shape=rectangle];
n[label = "Equal"];
n0[label = "If_Then"];
n00[label = "FarthestFirstNode"];
n0 -> n00;
n01[label = "If_Then"];
n010[label = "FarthestInsertion"];
n01 -> n010;
n011[label = "FarthestInsertion"];
n01 -> n011;
n0 -> n01;
n -> n0;
n1[label = "If_Then_Else"];
n10[label = "BestMove"];
n1 -> n10;
n11[label = "If_Then"];
n110[label = "FarthestInsertion"];
n11 -> n110;
n111[label = "FarthestInsertion"];
n11 -> n111;
n1 -> n11;
n12[label = "Or"];
n120[label = "While"];
n1200[label = "FarthestInsertion"];
n120 -> n1200;
n1201[label = "NearestNeighbor"];
n120 -> n1201;
n12 -> n120;
n121[label = "If_Then_Else"];
n1210[label = "CplexTerminal"];
n121 -> n1210;
n1211[label = "BestMove"];
n121 -> n1211;
n1212[label = "FarthestNeighbor"];
n121 -> n1212;
n12 -> n121;
n1 -> n12;
n -> n1;
}


Generation: 20
Best Individual:
Subpopulation 0:
Evaluated: true
Fitness: Standardized=0.28720868 Adjusted=0.77687484 Hits=0
Tree 0:
digraph g {
node [shape=rectangle];
n[label = "Equal"];
n0[label = "If_Then"];
n00[label = "FarthestFirstNode"];
n0 -> n00;
n01[label = "If_Then"];
n010[label = "FarthestInsertion"];
n01 -> n010;
n011[label = "FarthestInsertion"];
n01 -> n011;
n0 -> n01;
n -> n0;
n1[label = "If_Then_Else"];
n10[label = "BestMove"];
n1 -> n10;
n11[label = "If_Then"];
n110[label = "FarthestInsertion"];
n11 -> n110;
n111[label = "FarthestInsertion"];
n11 -> n111;
n1 -> n11;
n12[label = "Or"];
n120[label = "While"];
n1200[label = "FarthestInsertion"];
n120 -> n1200;
n1201[label = "NearestNeighbor"];
n120 -> n1201;
n12 -> n120;
n121[label = "If_Then_Else"];
n1210[label = "CplexTerminal"];
n121 -> n1210;
n1211[label = "BestMove"];
n121 -> n1211;
n1212[label = "FarthestNeighbor"];
n121 -> n1212;
n12 -> n121;
n1 -> n12;
n -> n1;
}


Generation: 21
Best Individual:
Subpopulation 0:
Evaluated: true
Fitness: Standardized=0.28720868 Adjusted=0.77687484 Hits=0
Tree 0:
digraph g {
node [shape=rectangle];
n[label = "Equal"];
n0[label = "If_Then"];
n00[label = "FarthestFirstNode"];
n0 -> n00;
n01[label = "If_Then"];
n010[label = "FarthestInsertion"];
n01 -> n010;
n011[label = "FarthestInsertion"];
n01 -> n011;
n0 -> n01;
n -> n0;
n1[label = "If_Then_Else"];
n10[label = "BestMove"];
n1 -> n10;
n11[label = "If_Then"];
n110[label = "FarthestInsertion"];
n11 -> n110;
n111[label = "FarthestInsertion"];
n11 -> n111;
n1 -> n11;
n12[label = "Or"];
n120[label = "While"];
n1200[label = "FarthestInsertion"];
n120 -> n1200;
n1201[label = "NearestNeighbor"];
n120 -> n1201;
n12 -> n120;
n121[label = "If_Then_Else"];
n1210[label = "CplexTerminal"];
n121 -> n1210;
n1211[label = "BestMove"];
n121 -> n1211;
n1212[label = "FarthestNeighbor"];
n121 -> n1212;
n12 -> n121;
n1 -> n12;
n -> n1;
}


Generation: 22
Best Individual:
Subpopulation 0:
Evaluated: true
Fitness: Standardized=0.28720868 Adjusted=0.77687484 Hits=0
Tree 0:
digraph g {
node [shape=rectangle];
n[label = "Equal"];
n0[label = "If_Then"];
n00[label = "FarthestFirstNode"];
n0 -> n00;
n01[label = "If_Then"];
n010[label = "FarthestInsertion"];
n01 -> n010;
n011[label = "FarthestInsertion"];
n01 -> n011;
n0 -> n01;
n -> n0;
n1[label = "If_Then_Else"];
n10[label = "BestMove"];
n1 -> n10;
n11[label = "If_Then"];
n110[label = "FarthestInsertion"];
n11 -> n110;
n111[label = "FarthestInsertion"];
n11 -> n111;
n1 -> n11;
n12[label = "Or"];
n120[label = "While"];
n1200[label = "FarthestInsertion"];
n120 -> n1200;
n1201[label = "NearestNeighbor"];
n120 -> n1201;
n12 -> n120;
n121[label = "If_Then_Else"];
n1210[label = "CplexTerminal"];
n121 -> n1210;
n1211[label = "BestMove"];
n121 -> n1211;
n1212[label = "FarthestNeighbor"];
n121 -> n1212;
n12 -> n121;
n1 -> n12;
n -> n1;
}


Generation: 23
Best Individual:
Subpopulation 0:
Evaluated: true
Fitness: Standardized=0.28720868 Adjusted=0.77687484 Hits=0
Tree 0:
digraph g {
node [shape=rectangle];
n[label = "Equal"];
n0[label = "If_Then"];
n00[label = "FarthestFirstNode"];
n0 -> n00;
n01[label = "If_Then"];
n010[label = "FarthestInsertion"];
n01 -> n010;
n011[label = "FarthestInsertion"];
n01 -> n011;
n0 -> n01;
n -> n0;
n1[label = "If_Then_Else"];
n10[label = "BestMove"];
n1 -> n10;
n11[label = "If_Then"];
n110[label = "FarthestInsertion"];
n11 -> n110;
n111[label = "FarthestInsertion"];
n11 -> n111;
n1 -> n11;
n12[label = "Or"];
n120[label = "While"];
n1200[label = "FarthestInsertion"];
n120 -> n1200;
n1201[label = "NearestNeighbor"];
n120 -> n1201;
n12 -> n120;
n121[label = "If_Then_Else"];
n1210[label = "CplexTerminal"];
n121 -> n1210;
n1211[label = "BestMove"];
n121 -> n1211;
n1212[label = "FarthestNeighbor"];
n121 -> n1212;
n12 -> n121;
n1 -> n12;
n -> n1;
}


Generation: 24
Best Individual:
Subpopulation 0:
Evaluated: true
Fitness: Standardized=0.28720868 Adjusted=0.77687484 Hits=0
Tree 0:
digraph g {
node [shape=rectangle];
n[label = "Equal"];
n0[label = "If_Then"];
n00[label = "FarthestFirstNode"];
n0 -> n00;
n01[label = "If_Then"];
n010[label = "FarthestInsertion"];
n01 -> n010;
n011[label = "FarthestInsertion"];
n01 -> n011;
n0 -> n01;
n -> n0;
n1[label = "If_Then_Else"];
n10[label = "BestMove"];
n1 -> n10;
n11[label = "If_Then"];
n110[label = "FarthestInsertion"];
n11 -> n110;
n111[label = "FarthestInsertion"];
n11 -> n111;
n1 -> n11;
n12[label = "Or"];
n120[label = "While"];
n1200[label = "FarthestInsertion"];
n120 -> n1200;
n1201[label = "NearestNeighbor"];
n120 -> n1201;
n12 -> n120;
n121[label = "If_Then_Else"];
n1210[label = "CplexTerminal"];
n121 -> n1210;
n1211[label = "BestMove"];
n121 -> n1211;
n1212[label = "FarthestNeighbor"];
n121 -> n1212;
n12 -> n121;
n1 -> n12;
n -> n1;
}


Generation: 25
Best Individual:
Subpopulation 0:
Evaluated: true
Fitness: Standardized=0.28720868 Adjusted=0.77687484 Hits=0
Tree 0:
digraph g {
node [shape=rectangle];
n[label = "Equal"];
n0[label = "If_Then"];
n00[label = "FarthestFirstNode"];
n0 -> n00;
n01[label = "If_Then"];
n010[label = "FarthestInsertion"];
n01 -> n010;
n011[label = "FarthestInsertion"];
n01 -> n011;
n0 -> n01;
n -> n0;
n1[label = "If_Then_Else"];
n10[label = "BestMove"];
n1 -> n10;
n11[label = "If_Then"];
n110[label = "FarthestInsertion"];
n11 -> n110;
n111[label = "FarthestInsertion"];
n11 -> n111;
n1 -> n11;
n12[label = "Or"];
n120[label = "While"];
n1200[label = "FarthestInsertion"];
n120 -> n1200;
n1201[label = "NearestNeighbor"];
n120 -> n1201;
n12 -> n120;
n121[label = "If_Then_Else"];
n1210[label = "CplexTerminal"];
n121 -> n1210;
n1211[label = "BestMove"];
n121 -> n1211;
n1212[label = "FarthestNeighbor"];
n121 -> n1212;
n12 -> n121;
n1 -> n12;
n -> n1;
}


Generation: 26
Best Individual:
Subpopulation 0:
Evaluated: true
Fitness: Standardized=0.28720868 Adjusted=0.77687484 Hits=0
Tree 0:
digraph g {
node [shape=rectangle];
n[label = "Equal"];
n0[label = "If_Then"];
n00[label = "FarthestFirstNode"];
n0 -> n00;
n01[label = "If_Then"];
n010[label = "FarthestInsertion"];
n01 -> n010;
n011[label = "FarthestInsertion"];
n01 -> n011;
n0 -> n01;
n -> n0;
n1[label = "If_Then_Else"];
n10[label = "BestMove"];
n1 -> n10;
n11[label = "If_Then"];
n110[label = "FarthestInsertion"];
n11 -> n110;
n111[label = "FarthestInsertion"];
n11 -> n111;
n1 -> n11;
n12[label = "Or"];
n120[label = "While"];
n1200[label = "FarthestInsertion"];
n120 -> n1200;
n1201[label = "NearestNeighbor"];
n120 -> n1201;
n12 -> n120;
n121[label = "If_Then_Else"];
n1210[label = "CplexTerminal"];
n121 -> n1210;
n1211[label = "BestMove"];
n121 -> n1211;
n1212[label = "FarthestNeighbor"];
n121 -> n1212;
n12 -> n121;
n1 -> n12;
n -> n1;
}


Generation: 27
Best Individual:
Subpopulation 0:
Evaluated: true
Fitness: Standardized=0.28720868 Adjusted=0.77687484 Hits=0
Tree 0:
digraph g {
node [shape=rectangle];
n[label = "Equal"];
n0[label = "If_Then"];
n00[label = "FarthestFirstNode"];
n0 -> n00;
n01[label = "If_Then"];
n010[label = "FarthestInsertion"];
n01 -> n010;
n011[label = "FarthestInsertion"];
n01 -> n011;
n0 -> n01;
n -> n0;
n1[label = "If_Then_Else"];
n10[label = "BestMove"];
n1 -> n10;
n11[label = "If_Then"];
n110[label = "FarthestInsertion"];
n11 -> n110;
n111[label = "FarthestInsertion"];
n11 -> n111;
n1 -> n11;
n12[label = "Or"];
n120[label = "While"];
n1200[label = "FarthestInsertion"];
n120 -> n1200;
n1201[label = "NearestNeighbor"];
n120 -> n1201;
n12 -> n120;
n121[label = "FarthestInsertion"];
n12 -> n121;
n1 -> n12;
n -> n1;
}


Generation: 28
Best Individual:
Subpopulation 0:
Evaluated: true
Fitness: Standardized=0.28720868 Adjusted=0.77687484 Hits=0
Tree 0:
digraph g {
node [shape=rectangle];
n[label = "Equal"];
n0[label = "If_Then"];
n00[label = "FarthestFirstNode"];
n0 -> n00;
n01[label = "If_Then"];
n010[label = "FarthestInsertion"];
n01 -> n010;
n011[label = "FarthestInsertion"];
n01 -> n011;
n0 -> n01;
n -> n0;
n1[label = "If_Then_Else"];
n10[label = "BestMove"];
n1 -> n10;
n11[label = "If_Then"];
n110[label = "FarthestInsertion"];
n11 -> n110;
n111[label = "FarthestInsertion"];
n11 -> n111;
n1 -> n11;
n12[label = "Or"];
n120[label = "While"];
n1200[label = "FarthestInsertion"];
n120 -> n1200;
n1201[label = "NearestNeighbor"];
n120 -> n1201;
n12 -> n120;
n121[label = "If_Then_Else"];
n1210[label = "CplexTerminal"];
n121 -> n1210;
n1211[label = "BestMove"];
n121 -> n1211;
n1212[label = "FarthestNeighbor"];
n121 -> n1212;
n12 -> n121;
n1 -> n12;
n -> n1;
}


Generation: 29
Best Individual:
Subpopulation 0:
Evaluated: true
Fitness: Standardized=0.28662494 Adjusted=0.7772273 Hits=0
Tree 0:
digraph g {
node [shape=rectangle];
n[label = "Equal"];
n0[label = "If_Then"];
n00[label = "FarthestFirstNode"];
n0 -> n00;
n01[label = "If_Then"];
n010[label = "FarthestInsertion"];
n01 -> n010;
n011[label = "FarthestInsertion"];
n01 -> n011;
n0 -> n01;
n -> n0;
n1[label = "If_Then_Else"];
n10[label = "BestMove"];
n1 -> n10;
n11[label = "If_Then"];
n110[label = "FarthestInsertion"];
n11 -> n110;
n111[label = "FarthestInsertion"];
n11 -> n111;
n1 -> n11;
n12[label = "Or"];
n120[label = "While"];
n1200[label = "FarthestInsertion"];
n120 -> n1200;
n1201[label = "NearestInsertion"];
n120 -> n1201;
n12 -> n120;
n121[label = "FarthestInsertion"];
n12 -> n121;
n1 -> n12;
n -> n1;
}


Generation: 30
Best Individual:
Subpopulation 0:
Evaluated: true
Fitness: Standardized=0.28662494 Adjusted=0.7772273 Hits=0
Tree 0:
digraph g {
node [shape=rectangle];
n[label = "Equal"];
n0[label = "If_Then"];
n00[label = "FarthestFirstNode"];
n0 -> n00;
n01[label = "If_Then"];
n010[label = "FarthestInsertion"];
n01 -> n010;
n011[label = "FarthestInsertion"];
n01 -> n011;
n0 -> n01;
n -> n0;
n1[label = "If_Then_Else"];
n10[label = "BestMove"];
n1 -> n10;
n11[label = "If_Then"];
n110[label = "FarthestInsertion"];
n11 -> n110;
n111[label = "FarthestInsertion"];
n11 -> n111;
n1 -> n11;
n12[label = "Or"];
n120[label = "While"];
n1200[label = "FarthestInsertion"];
n120 -> n1200;
n1201[label = "NearestInsertion"];
n120 -> n1201;
n12 -> n120;
n121[label = "FarthestInsertion"];
n12 -> n121;
n1 -> n12;
n -> n1;
}


Generation: 31
Best Individual:
Subpopulation 0:
Evaluated: true
Fitness: Standardized=0.28662494 Adjusted=0.7772273 Hits=0
Tree 0:
digraph g {
node [shape=rectangle];
n[label = "Equal"];
n0[label = "If_Then"];
n00[label = "FarthestFirstNode"];
n0 -> n00;
n01[label = "If_Then"];
n010[label = "FarthestInsertion"];
n01 -> n010;
n011[label = "FarthestInsertion"];
n01 -> n011;
n0 -> n01;
n -> n0;
n1[label = "If_Then_Else"];
n10[label = "BestMove"];
n1 -> n10;
n11[label = "If_Then"];
n110[label = "FarthestInsertion"];
n11 -> n110;
n111[label = "FarthestInsertion"];
n11 -> n111;
n1 -> n11;
n12[label = "Or"];
n120[label = "While"];
n1200[label = "FarthestInsertion"];
n120 -> n1200;
n1201[label = "NearestInsertion"];
n120 -> n1201;
n12 -> n120;
n121[label = "FarthestInsertion"];
n12 -> n121;
n1 -> n12;
n -> n1;
}


Generation: 32
Best Individual:
Subpopulation 0:
Evaluated: true
Fitness: Standardized=0.28662494 Adjusted=0.7772273 Hits=0
Tree 0:
digraph g {
node [shape=rectangle];
n[label = "Equal"];
n0[label = "If_Then"];
n00[label = "FarthestFirstNode"];
n0 -> n00;
n01[label = "If_Then"];
n010[label = "FarthestInsertion"];
n01 -> n010;
n011[label = "FarthestInsertion"];
n01 -> n011;
n0 -> n01;
n -> n0;
n1[label = "If_Then_Else"];
n10[label = "BestMove"];
n1 -> n10;
n11[label = "If_Then"];
n110[label = "FarthestInsertion"];
n11 -> n110;
n111[label = "FarthestInsertion"];
n11 -> n111;
n1 -> n11;
n12[label = "Or"];
n120[label = "While"];
n1200[label = "FarthestInsertion"];
n120 -> n1200;
n1201[label = "NearestInsertion"];
n120 -> n1201;
n12 -> n120;
n121[label = "FarthestInsertion"];
n12 -> n121;
n1 -> n12;
n -> n1;
}


Generation: 33
Best Individual:
Subpopulation 0:
Evaluated: true
Fitness: Standardized=0.28662494 Adjusted=0.7772273 Hits=0
Tree 0:
digraph g {
node [shape=rectangle];
n[label = "Equal"];
n0[label = "If_Then"];
n00[label = "FarthestFirstNode"];
n0 -> n00;
n01[label = "If_Then"];
n010[label = "FarthestInsertion"];
n01 -> n010;
n011[label = "FarthestInsertion"];
n01 -> n011;
n0 -> n01;
n -> n0;
n1[label = "If_Then_Else"];
n10[label = "BestMove"];
n1 -> n10;
n11[label = "If_Then"];
n110[label = "FarthestInsertion"];
n11 -> n110;
n111[label = "FarthestInsertion"];
n11 -> n111;
n1 -> n11;
n12[label = "Or"];
n120[label = "While"];
n1200[label = "FarthestInsertion"];
n120 -> n1200;
n1201[label = "NearestInsertion"];
n120 -> n1201;
n12 -> n120;
n121[label = "FarthestInsertion"];
n12 -> n121;
n1 -> n12;
n -> n1;
}


Generation: 34
Best Individual:
Subpopulation 0:
Evaluated: true
Fitness: Standardized=0.28662494 Adjusted=0.7772273 Hits=0
Tree 0:
digraph g {
node [shape=rectangle];
n[label = "Equal"];
n0[label = "If_Then"];
n00[label = "FarthestFirstNode"];
n0 -> n00;
n01[label = "If_Then"];
n010[label = "FarthestInsertion"];
n01 -> n010;
n011[label = "FarthestInsertion"];
n01 -> n011;
n0 -> n01;
n -> n0;
n1[label = "If_Then_Else"];
n10[label = "BestMove"];
n1 -> n10;
n11[label = "If_Then"];
n110[label = "FarthestInsertion"];
n11 -> n110;
n111[label = "FarthestNeighbor"];
n11 -> n111;
n1 -> n11;
n12[label = "Or"];
n120[label = "While"];
n1200[label = "FarthestInsertion"];
n120 -> n1200;
n1201[label = "NearestInsertion"];
n120 -> n1201;
n12 -> n120;
n121[label = "FarthestInsertion"];
n12 -> n121;
n1 -> n12;
n -> n1;
}


Generation: 35
Best Individual:
Subpopulation 0:
Evaluated: true
Fitness: Standardized=0.28662494 Adjusted=0.7772273 Hits=0
Tree 0:
digraph g {
node [shape=rectangle];
n[label = "Equal"];
n0[label = "If_Then"];
n00[label = "FarthestFirstNode"];
n0 -> n00;
n01[label = "If_Then"];
n010[label = "FarthestInsertion"];
n01 -> n010;
n011[label = "FarthestInsertion"];
n01 -> n011;
n0 -> n01;
n -> n0;
n1[label = "If_Then_Else"];
n10[label = "BestMove"];
n1 -> n10;
n11[label = "If_Then"];
n110[label = "FarthestInsertion"];
n11 -> n110;
n111[label = "FarthestNeighbor"];
n11 -> n111;
n1 -> n11;
n12[label = "Or"];
n120[label = "While"];
n1200[label = "FarthestInsertion"];
n120 -> n1200;
n1201[label = "NearestInsertion"];
n120 -> n1201;
n12 -> n120;
n121[label = "FarthestInsertion"];
n12 -> n121;
n1 -> n12;
n -> n1;
}


Generation: 36
Best Individual:
Subpopulation 0:
Evaluated: true
Fitness: Standardized=0.28662494 Adjusted=0.7772273 Hits=0
Tree 0:
digraph g {
node [shape=rectangle];
n[label = "Equal"];
n0[label = "If_Then"];
n00[label = "FarthestFirstNode"];
n0 -> n00;
n01[label = "If_Then"];
n010[label = "FarthestInsertion"];
n01 -> n010;
n011[label = "FarthestInsertion"];
n01 -> n011;
n0 -> n01;
n -> n0;
n1[label = "If_Then_Else"];
n10[label = "BestMove"];
n1 -> n10;
n11[label = "If_Then"];
n110[label = "FarthestInsertion"];
n11 -> n110;
n111[label = "FarthestNeighbor"];
n11 -> n111;
n1 -> n11;
n12[label = "Or"];
n120[label = "While"];
n1200[label = "FarthestInsertion"];
n120 -> n1200;
n1201[label = "NearestInsertion"];
n120 -> n1201;
n12 -> n120;
n121[label = "FarthestInsertion"];
n12 -> n121;
n1 -> n12;
n -> n1;
}


Generation: 37
Best Individual:
Subpopulation 0:
Evaluated: true
Fitness: Standardized=0.28662494 Adjusted=0.7772273 Hits=0
Tree 0:
digraph g {
node [shape=rectangle];
n[label = "Equal"];
n0[label = "If_Then"];
n00[label = "FarthestFirstNode"];
n0 -> n00;
n01[label = "If_Then"];
n010[label = "FarthestInsertion"];
n01 -> n010;
n011[label = "FarthestInsertion"];
n01 -> n011;
n0 -> n01;
n -> n0;
n1[label = "If_Then_Else"];
n10[label = "BestMove"];
n1 -> n10;
n11[label = "If_Then"];
n110[label = "FarthestInsertion"];
n11 -> n110;
n111[label = "FarthestInsertion"];
n11 -> n111;
n1 -> n11;
n12[label = "Or"];
n120[label = "While"];
n1200[label = "FarthestInsertion"];
n120 -> n1200;
n1201[label = "NearestInsertion"];
n120 -> n1201;
n12 -> n120;
n121[label = "FarthestInsertion"];
n12 -> n121;
n1 -> n12;
n -> n1;
}


Generation: 38
Best Individual:
Subpopulation 0:
Evaluated: true
Fitness: Standardized=0.28662494 Adjusted=0.7772273 Hits=0
Tree 0:
digraph g {
node [shape=rectangle];
n[label = "Equal"];
n0[label = "If_Then"];
n00[label = "FarthestFirstNode"];
n0 -> n00;
n01[label = "If_Then"];
n010[label = "FarthestInsertion"];
n01 -> n010;
n011[label = "FarthestInsertion"];
n01 -> n011;
n0 -> n01;
n -> n0;
n1[label = "If_Then_Else"];
n10[label = "BestMove"];
n1 -> n10;
n11[label = "If_Then"];
n110[label = "FarthestInsertion"];
n11 -> n110;
n111[label = "FarthestNeighbor"];
n11 -> n111;
n1 -> n11;
n12[label = "Or"];
n120[label = "While"];
n1200[label = "FarthestInsertion"];
n120 -> n1200;
n1201[label = "NearestInsertion"];
n120 -> n1201;
n12 -> n120;
n121[label = "FarthestInsertion"];
n12 -> n121;
n1 -> n12;
n -> n1;
}


Generation: 39
Best Individual:
Subpopulation 0:
Evaluated: true
Fitness: Standardized=0.28662494 Adjusted=0.7772273 Hits=0
Tree 0:
digraph g {
node [shape=rectangle];
n[label = "Equal"];
n0[label = "If_Then"];
n00[label = "FarthestFirstNode"];
n0 -> n00;
n01[label = "If_Then"];
n010[label = "FarthestInsertion"];
n01 -> n010;
n011[label = "FarthestInsertion"];
n01 -> n011;
n0 -> n01;
n -> n0;
n1[label = "If_Then_Else"];
n10[label = "BestMove"];
n1 -> n10;
n11[label = "If_Then"];
n110[label = "FarthestInsertion"];
n11 -> n110;
n111[label = "FarthestInsertion"];
n11 -> n111;
n1 -> n11;
n12[label = "While"];
n120[label = "FarthestInsertion"];
n12 -> n120;
n121[label = "NearestInsertion"];
n12 -> n121;
n1 -> n12;
n -> n1;
}


Generation: 40
Best Individual:
Subpopulation 0:
Evaluated: true
Fitness: Standardized=0.28662494 Adjusted=0.7772273 Hits=0
Tree 0:
digraph g {
node [shape=rectangle];
n[label = "Equal"];
n0[label = "If_Then"];
n00[label = "FarthestFirstNode"];
n0 -> n00;
n01[label = "If_Then"];
n010[label = "FarthestInsertion"];
n01 -> n010;
n011[label = "FarthestInsertion"];
n01 -> n011;
n0 -> n01;
n -> n0;
n1[label = "If_Then_Else"];
n10[label = "BestMove"];
n1 -> n10;
n11[label = "If_Then"];
n110[label = "FarthestInsertion"];
n11 -> n110;
n111[label = "FarthestInsertion"];
n11 -> n111;
n1 -> n11;
n12[label = "Or"];
n120[label = "While"];
n1200[label = "FarthestInsertion"];
n120 -> n1200;
n1201[label = "NearestInsertion"];
n120 -> n1201;
n12 -> n120;
n121[label = "FarthestInsertion"];
n12 -> n121;
n1 -> n12;
n -> n1;
}


Generation: 41
Best Individual:
Subpopulation 0:
Evaluated: true
Fitness: Standardized=0.28662494 Adjusted=0.7772273 Hits=0
Tree 0:
digraph g {
node [shape=rectangle];
n[label = "Equal"];
n0[label = "If_Then"];
n00[label = "FarthestFirstNode"];
n0 -> n00;
n01[label = "If_Then"];
n010[label = "FarthestInsertion"];
n01 -> n010;
n011[label = "FarthestNeighbor"];
n01 -> n011;
n0 -> n01;
n -> n0;
n1[label = "If_Then_Else"];
n10[label = "BestMove"];
n1 -> n10;
n11[label = "If_Then"];
n110[label = "FarthestInsertion"];
n11 -> n110;
n111[label = "FarthestInsertion"];
n11 -> n111;
n1 -> n11;
n12[label = "Or"];
n120[label = "While"];
n1200[label = "FarthestInsertion"];
n120 -> n1200;
n1201[label = "NearestInsertion"];
n120 -> n1201;
n12 -> n120;
n121[label = "FarthestInsertion"];
n12 -> n121;
n1 -> n12;
n -> n1;
}


Generation: 42
Best Individual:
Subpopulation 0:
Evaluated: true
Fitness: Standardized=0.28662494 Adjusted=0.7772273 Hits=0
Tree 0:
digraph g {
node [shape=rectangle];
n[label = "Equal"];
n0[label = "If_Then"];
n00[label = "FarthestFirstNode"];
n0 -> n00;
n01[label = "If_Then"];
n010[label = "FarthestInsertion"];
n01 -> n010;
n011[label = "FarthestNeighbor"];
n01 -> n011;
n0 -> n01;
n -> n0;
n1[label = "If_Then_Else"];
n10[label = "BestMove"];
n1 -> n10;
n11[label = "If_Then"];
n110[label = "FarthestInsertion"];
n11 -> n110;
n111[label = "FarthestInsertion"];
n11 -> n111;
n1 -> n11;
n12[label = "Or"];
n120[label = "While"];
n1200[label = "FarthestInsertion"];
n120 -> n1200;
n1201[label = "NearestInsertion"];
n120 -> n1201;
n12 -> n120;
n121[label = "FarthestInsertion"];
n12 -> n121;
n1 -> n12;
n -> n1;
}


Generation: 43
Best Individual:
Subpopulation 0:
Evaluated: true
Fitness: Standardized=0.28662494 Adjusted=0.7772273 Hits=0
Tree 0:
digraph g {
node [shape=rectangle];
n[label = "Equal"];
n0[label = "If_Then"];
n00[label = "FarthestFirstNode"];
n0 -> n00;
n01[label = "If_Then"];
n010[label = "FarthestInsertion"];
n01 -> n010;
n011[label = "FarthestInsertion"];
n01 -> n011;
n0 -> n01;
n -> n0;
n1[label = "If_Then_Else"];
n10[label = "BestMove"];
n1 -> n10;
n11[label = "If_Then"];
n110[label = "FarthestInsertion"];
n11 -> n110;
n111[label = "FarthestInsertion"];
n11 -> n111;
n1 -> n11;
n12[label = "Or"];
n120[label = "While"];
n1200[label = "FarthestInsertion"];
n120 -> n1200;
n1201[label = "NearestInsertion"];
n120 -> n1201;
n12 -> n120;
n121[label = "FarthestInsertion"];
n12 -> n121;
n1 -> n12;
n -> n1;
}


Generation: 44
Best Individual:
Subpopulation 0:
Evaluated: true
Fitness: Standardized=0.28662494 Adjusted=0.7772273 Hits=0
Tree 0:
digraph g {
node [shape=rectangle];
n[label = "Equal"];
n0[label = "If_Then"];
n00[label = "FarthestFirstNode"];
n0 -> n00;
n01[label = "If_Then"];
n010[label = "FarthestInsertion"];
n01 -> n010;
n011[label = "FarthestInsertion"];
n01 -> n011;
n0 -> n01;
n -> n0;
n1[label = "If_Then_Else"];
n10[label = "BestMove"];
n1 -> n10;
n11[label = "If_Then"];
n110[label = "FarthestInsertion"];
n11 -> n110;
n111[label = "FarthestInsertion"];
n11 -> n111;
n1 -> n11;
n12[label = "Or"];
n120[label = "While"];
n1200[label = "FarthestInsertion"];
n120 -> n1200;
n1201[label = "NearestInsertion"];
n120 -> n1201;
n12 -> n120;
n121[label = "FarthestInsertion"];
n12 -> n121;
n1 -> n12;
n -> n1;
}


Generation: 45
Best Individual:
Subpopulation 0:
Evaluated: true
Fitness: Standardized=0.28662494 Adjusted=0.7772273 Hits=0
Tree 0:
digraph g {
node [shape=rectangle];
n[label = "Equal"];
n0[label = "If_Then"];
n00[label = "FarthestFirstNode"];
n0 -> n00;
n01[label = "If_Then"];
n010[label = "FarthestInsertion"];
n01 -> n010;
n011[label = "FarthestInsertion"];
n01 -> n011;
n0 -> n01;
n -> n0;
n1[label = "If_Then_Else"];
n10[label = "BestMove"];
n1 -> n10;
n11[label = "If_Then"];
n110[label = "FarthestInsertion"];
n11 -> n110;
n111[label = "FarthestInsertion"];
n11 -> n111;
n1 -> n11;
n12[label = "While"];
n120[label = "FarthestInsertion"];
n12 -> n120;
n121[label = "NearestInsertion"];
n12 -> n121;
n1 -> n12;
n -> n1;
}


Generation: 46
Best Individual:
Subpopulation 0:
Evaluated: true
Fitness: Standardized=0.2397935 Adjusted=0.8065859 Hits=2
Tree 0:
digraph g {
node [shape=rectangle];
n[label = "Equal"];
n0[label = "If_Then"];
n00[label = "FarthestFirstNode"];
n0 -> n00;
n01[label = "If_Then"];
n010[label = "FarthestInsertion"];
n01 -> n010;
n011[label = "NearestNeighbor"];
n01 -> n011;
n0 -> n01;
n -> n0;
n1[label = "If_Then_Else"];
n10[label = "BestMove"];
n1 -> n10;
n11[label = "If_Then"];
n110[label = "FarthestInsertion"];
n11 -> n110;
n111[label = "FarthestInsertion"];
n11 -> n111;
n1 -> n11;
n12[label = "Or"];
n120[label = "While"];
n1200[label = "FarthestInsertion"];
n120 -> n1200;
n1201[label = "NearestInsertion"];
n120 -> n1201;
n12 -> n120;
n121[label = "FarthestInsertion"];
n12 -> n121;
n1 -> n12;
n -> n1;
}


Generation: 47
Best Individual:
Subpopulation 0:
Evaluated: true
Fitness: Standardized=0.2397935 Adjusted=0.8065859 Hits=2
Tree 0:
digraph g {
node [shape=rectangle];
n[label = "Equal"];
n0[label = "If_Then"];
n00[label = "FarthestFirstNode"];
n0 -> n00;
n01[label = "If_Then"];
n010[label = "FarthestInsertion"];
n01 -> n010;
n011[label = "NearestNeighbor"];
n01 -> n011;
n0 -> n01;
n -> n0;
n1[label = "If_Then_Else"];
n10[label = "BestMove"];
n1 -> n10;
n11[label = "If_Then"];
n110[label = "FarthestInsertion"];
n11 -> n110;
n111[label = "FarthestInsertion"];
n11 -> n111;
n1 -> n11;
n12[label = "Or"];
n120[label = "While"];
n1200[label = "FarthestInsertion"];
n120 -> n1200;
n1201[label = "NearestInsertion"];
n120 -> n1201;
n12 -> n120;
n121[label = "FarthestInsertion"];
n12 -> n121;
n1 -> n12;
n -> n1;
}


Generation: 48
Best Individual:
Subpopulation 0:
Evaluated: true
Fitness: Standardized=0.2397935 Adjusted=0.8065859 Hits=2
Tree 0:
digraph g {
node [shape=rectangle];
n[label = "Equal"];
n0[label = "If_Then"];
n00[label = "FarthestFirstNode"];
n0 -> n00;
n01[label = "If_Then"];
n010[label = "FarthestInsertion"];
n01 -> n010;
n011[label = "NearestNeighbor"];
n01 -> n011;
n0 -> n01;
n -> n0;
n1[label = "If_Then_Else"];
n10[label = "BestMove"];
n1 -> n10;
n11[label = "If_Then"];
n110[label = "FarthestInsertion"];
n11 -> n110;
n111[label = "FarthestInsertion"];
n11 -> n111;
n1 -> n11;
n12[label = "Or"];
n120[label = "While"];
n1200[label = "FarthestInsertion"];
n120 -> n1200;
n1201[label = "NearestInsertion"];
n120 -> n1201;
n12 -> n120;
n121[label = "FarthestInsertion"];
n12 -> n121;
n1 -> n12;
n -> n1;
}


Generation: 49
Best Individual:
Subpopulation 0:
Evaluated: true
Fitness: Standardized=0.19411509 Adjusted=0.83744025 Hits=2
Tree 0:
digraph g {
node [shape=rectangle];
n[label = "Equal"];
n0[label = "If_Then"];
n00[label = "FarthestFirstNode"];
n0 -> n00;
n01[label = "If_Then"];
n010[label = "FarthestInsertion"];
n01 -> n010;
n011[label = "NearestNeighbor"];
n01 -> n011;
n0 -> n01;
n -> n0;
n1[label = "If_Then_Else"];
n10[label = "BestMove"];
n1 -> n10;
n11[label = "If_Then"];
n110[label = "FarthestInsertion"];
n11 -> n110;
n111[label = "FarthestInsertion"];
n11 -> n111;
n1 -> n11;
n12[label = "Or"];
n120[label = "While"];
n1200[label = "NearestInsertion"];
n120 -> n1200;
n1201[label = "NearestInsertion"];
n120 -> n1201;
n12 -> n120;
n121[label = "FarthestInsertion"];
n12 -> n121;
n1 -> n12;
n -> n1;
}


Generation: 50
Best Individual:
Subpopulation 0:
Evaluated: true
Fitness: Standardized=0.19411509 Adjusted=0.83744025 Hits=2
Tree 0:
digraph g {
node [shape=rectangle];
n[label = "Equal"];
n0[label = "If_Then"];
n00[label = "FarthestFirstNode"];
n0 -> n00;
n01[label = "If_Then"];
n010[label = "FarthestInsertion"];
n01 -> n010;
n011[label = "NearestNeighbor"];
n01 -> n011;
n0 -> n01;
n -> n0;
n1[label = "If_Then_Else"];
n10[label = "BestMove"];
n1 -> n10;
n11[label = "If_Then"];
n110[label = "FarthestInsertion"];
n11 -> n110;
n111[label = "FarthestInsertion"];
n11 -> n111;
n1 -> n11;
n12[label = "Or"];
n120[label = "While"];
n1200[label = "NearestInsertion"];
n120 -> n1200;
n1201[label = "NearestInsertion"];
n120 -> n1201;
n12 -> n120;
n121[label = "FarthestInsertion"];
n12 -> n121;
n1 -> n12;
n -> n1;
}


Generation: 51
Best Individual:
Subpopulation 0:
Evaluated: true
Fitness: Standardized=0.19411509 Adjusted=0.83744025 Hits=2
Tree 0:
digraph g {
node [shape=rectangle];
n[label = "Equal"];
n0[label = "If_Then"];
n00[label = "FarthestFirstNode"];
n0 -> n00;
n01[label = "If_Then"];
n010[label = "FarthestInsertion"];
n01 -> n010;
n011[label = "NearestNeighbor"];
n01 -> n011;
n0 -> n01;
n -> n0;
n1[label = "If_Then_Else"];
n10[label = "BestMove"];
n1 -> n10;
n11[label = "If_Then"];
n110[label = "FarthestInsertion"];
n11 -> n110;
n111[label = "FarthestInsertion"];
n11 -> n111;
n1 -> n11;
n12[label = "Or"];
n120[label = "While"];
n1200[label = "NearestInsertion"];
n120 -> n1200;
n1201[label = "NearestInsertion"];
n120 -> n1201;
n12 -> n120;
n121[label = "FarthestInsertion"];
n12 -> n121;
n1 -> n12;
n -> n1;
}


Generation: 52
Best Individual:
Subpopulation 0:
Evaluated: true
Fitness: Standardized=0.19411509 Adjusted=0.83744025 Hits=2
Tree 0:
digraph g {
node [shape=rectangle];
n[label = "Equal"];
n0[label = "If_Then"];
n00[label = "FarthestFirstNode"];
n0 -> n00;
n01[label = "If_Then"];
n010[label = "FarthestInsertion"];
n01 -> n010;
n011[label = "NearestNeighbor"];
n01 -> n011;
n0 -> n01;
n -> n0;
n1[label = "If_Then_Else"];
n10[label = "BestMove"];
n1 -> n10;
n11[label = "If_Then"];
n110[label = "FarthestInsertion"];
n11 -> n110;
n111[label = "FarthestInsertion"];
n11 -> n111;
n1 -> n11;
n12[label = "Or"];
n120[label = "While"];
n1200[label = "NearestInsertion"];
n120 -> n1200;
n1201[label = "NearestInsertion"];
n120 -> n1201;
n12 -> n120;
n121[label = "FarthestInsertion"];
n12 -> n121;
n1 -> n12;
n -> n1;
}


Generation: 53
Best Individual:
Subpopulation 0:
Evaluated: true
Fitness: Standardized=0.19411509 Adjusted=0.83744025 Hits=2
Tree 0:
digraph g {
node [shape=rectangle];
n[label = "Equal"];
n0[label = "If_Then"];
n00[label = "FarthestFirstNode"];
n0 -> n00;
n01[label = "If_Then"];
n010[label = "FarthestInsertion"];
n01 -> n010;
n011[label = "NearestNeighbor"];
n01 -> n011;
n0 -> n01;
n -> n0;
n1[label = "If_Then_Else"];
n10[label = "BestMove"];
n1 -> n10;
n11[label = "If_Then"];
n110[label = "FarthestInsertion"];
n11 -> n110;
n111[label = "FarthestInsertion"];
n11 -> n111;
n1 -> n11;
n12[label = "Or"];
n120[label = "While"];
n1200[label = "NearestInsertion"];
n120 -> n1200;
n1201[label = "NearestInsertion"];
n120 -> n1201;
n12 -> n120;
n121[label = "FarthestInsertion"];
n12 -> n121;
n1 -> n12;
n -> n1;
}


Generation: 54
Best Individual:
Subpopulation 0:
Evaluated: true
Fitness: Standardized=0.19411509 Adjusted=0.83744025 Hits=2
Tree 0:
digraph g {
node [shape=rectangle];
n[label = "Equal"];
n0[label = "If_Then"];
n00[label = "FarthestFirstNode"];
n0 -> n00;
n01[label = "If_Then"];
n010[label = "FarthestInsertion"];
n01 -> n010;
n011[label = "NearestNeighbor"];
n01 -> n011;
n0 -> n01;
n -> n0;
n1[label = "If_Then_Else"];
n10[label = "BestMove"];
n1 -> n10;
n11[label = "If_Then"];
n110[label = "FarthestInsertion"];
n11 -> n110;
n111[label = "FarthestInsertion"];
n11 -> n111;
n1 -> n11;
n12[label = "While"];
n120[label = "NearestInsertion"];
n12 -> n120;
n121[label = "NearestInsertion"];
n12 -> n121;
n1 -> n12;
n -> n1;
}


Generation: 55
Best Individual:
Subpopulation 0:
Evaluated: true
Fitness: Standardized=0.19411509 Adjusted=0.83744025 Hits=2
Tree 0:
digraph g {
node [shape=rectangle];
n[label = "Equal"];
n0[label = "If_Then"];
n00[label = "FarthestFirstNode"];
n0 -> n00;
n01[label = "If_Then"];
n010[label = "FarthestInsertion"];
n01 -> n010;
n011[label = "NearestNeighbor"];
n01 -> n011;
n0 -> n01;
n -> n0;
n1[label = "If_Then_Else"];
n10[label = "BestMove"];
n1 -> n10;
n11[label = "If_Then"];
n110[label = "FarthestInsertion"];
n11 -> n110;
n111[label = "FarthestInsertion"];
n11 -> n111;
n1 -> n11;
n12[label = "While"];
n120[label = "NearestInsertion"];
n12 -> n120;
n121[label = "NearestInsertion"];
n12 -> n121;
n1 -> n12;
n -> n1;
}


Generation: 56
Best Individual:
Subpopulation 0:
Evaluated: true
Fitness: Standardized=0.19411509 Adjusted=0.83744025 Hits=2
Tree 0:
digraph g {
node [shape=rectangle];
n[label = "Equal"];
n0[label = "If_Then"];
n00[label = "FarthestFirstNode"];
n0 -> n00;
n01[label = "If_Then"];
n010[label = "FarthestInsertion"];
n01 -> n010;
n011[label = "NearestNeighbor"];
n01 -> n011;
n0 -> n01;
n -> n0;
n1[label = "If_Then_Else"];
n10[label = "BestMove"];
n1 -> n10;
n11[label = "If_Then"];
n110[label = "FarthestInsertion"];
n11 -> n110;
n111[label = "FarthestInsertion"];
n11 -> n111;
n1 -> n11;
n12[label = "Or"];
n120[label = "While"];
n1200[label = "NearestInsertion"];
n120 -> n1200;
n1201[label = "NearestInsertion"];
n120 -> n1201;
n12 -> n120;
n121[label = "FarthestInsertion"];
n12 -> n121;
n1 -> n12;
n -> n1;
}


Generation: 57
Best Individual:
Subpopulation 0:
Evaluated: true
Fitness: Standardized=0.19411509 Adjusted=0.83744025 Hits=2
Tree 0:
digraph g {
node [shape=rectangle];
n[label = "Equal"];
n0[label = "If_Then"];
n00[label = "FarthestFirstNode"];
n0 -> n00;
n01[label = "If_Then"];
n010[label = "FarthestInsertion"];
n01 -> n010;
n011[label = "NearestNeighbor"];
n01 -> n011;
n0 -> n01;
n -> n0;
n1[label = "If_Then_Else"];
n10[label = "BestMove"];
n1 -> n10;
n11[label = "If_Then"];
n110[label = "FarthestInsertion"];
n11 -> n110;
n111[label = "FarthestInsertion"];
n11 -> n111;
n1 -> n11;
n12[label = "Or"];
n120[label = "While"];
n1200[label = "NearestInsertion"];
n120 -> n1200;
n1201[label = "NearestInsertion"];
n120 -> n1201;
n12 -> n120;
n121[label = "CplexTerminal"];
n12 -> n121;
n1 -> n12;
n -> n1;
}


Generation: 58
Best Individual:
Subpopulation 0:
Evaluated: true
Fitness: Standardized=0.19411509 Adjusted=0.83744025 Hits=2
Tree 0:
digraph g {
node [shape=rectangle];
n[label = "Equal"];
n0[label = "If_Then"];
n00[label = "FarthestFirstNode"];
n0 -> n00;
n01[label = "If_Then"];
n010[label = "FarthestInsertion"];
n01 -> n010;
n011[label = "NearestNeighbor"];
n01 -> n011;
n0 -> n01;
n -> n0;
n1[label = "If_Then_Else"];
n10[label = "BestMove"];
n1 -> n10;
n11[label = "If_Then"];
n110[label = "FarthestInsertion"];
n11 -> n110;
n111[label = "FarthestInsertion"];
n11 -> n111;
n1 -> n11;
n12[label = "Or"];
n120[label = "While"];
n1200[label = "NearestInsertion"];
n120 -> n1200;
n1201[label = "NearestInsertion"];
n120 -> n1201;
n12 -> n120;
n121[label = "NearestNeighbor"];
n12 -> n121;
n1 -> n12;
n -> n1;
}


Generation: 59
Best Individual:
Subpopulation 0:
Evaluated: true
Fitness: Standardized=0.19411509 Adjusted=0.83744025 Hits=2
Tree 0:
digraph g {
node [shape=rectangle];
n[label = "Equal"];
n0[label = "If_Then"];
n00[label = "FarthestFirstNode"];
n0 -> n00;
n01[label = "And"];
n010[label = "FarthestInsertion"];
n01 -> n010;
n011[label = "NearestNeighbor"];
n01 -> n011;
n0 -> n01;
n -> n0;
n1[label = "If_Then_Else"];
n10[label = "BestMove"];
n1 -> n10;
n11[label = "If_Then"];
n110[label = "FarthestInsertion"];
n11 -> n110;
n111[label = "FarthestInsertion"];
n11 -> n111;
n1 -> n11;
n12[label = "Or"];
n120[label = "While"];
n1200[label = "NearestInsertion"];
n120 -> n1200;
n1201[label = "NearestInsertion"];
n120 -> n1201;
n12 -> n120;
n121[label = "FarthestInsertion"];
n12 -> n121;
n1 -> n12;
n -> n1;
}


Generation: 60
Best Individual:
Subpopulation 0:
Evaluated: true
Fitness: Standardized=0.19411509 Adjusted=0.83744025 Hits=2
Tree 0:
digraph g {
node [shape=rectangle];
n[label = "Equal"];
n0[label = "If_Then"];
n00[label = "FarthestFirstNode"];
n0 -> n00;
n01[label = "If_Then"];
n010[label = "FarthestInsertion"];
n01 -> n010;
n011[label = "NearestNeighbor"];
n01 -> n011;
n0 -> n01;
n -> n0;
n1[label = "If_Then_Else"];
n10[label = "BestMove"];
n1 -> n10;
n11[label = "If_Then"];
n110[label = "FarthestInsertion"];
n11 -> n110;
n111[label = "FarthestInsertion"];
n11 -> n111;
n1 -> n11;
n12[label = "Or"];
n120[label = "While"];
n1200[label = "NearestInsertion"];
n120 -> n1200;
n1201[label = "NearestInsertion"];
n120 -> n1201;
n12 -> n120;
n121[label = "CplexTerminal"];
n12 -> n121;
n1 -> n12;
n -> n1;
}


Generation: 61
Best Individual:
Subpopulation 0:
Evaluated: true
Fitness: Standardized=0.19411509 Adjusted=0.83744025 Hits=2
Tree 0:
digraph g {
node [shape=rectangle];
n[label = "Equal"];
n0[label = "If_Then"];
n00[label = "FarthestFirstNode"];
n0 -> n00;
n01[label = "If_Then"];
n010[label = "FarthestInsertion"];
n01 -> n010;
n011[label = "NearestNeighbor"];
n01 -> n011;
n0 -> n01;
n -> n0;
n1[label = "If_Then_Else"];
n10[label = "BestMove"];
n1 -> n10;
n11[label = "If_Then"];
n110[label = "FarthestInsertion"];
n11 -> n110;
n111[label = "FarthestInsertion"];
n11 -> n111;
n1 -> n11;
n12[label = "Or"];
n120[label = "While"];
n1200[label = "NearestInsertion"];
n120 -> n1200;
n1201[label = "NearestInsertion"];
n120 -> n1201;
n12 -> n120;
n121[label = "NearestNeighbor"];
n12 -> n121;
n1 -> n12;
n -> n1;
}


Generation: 62
Best Individual:
Subpopulation 0:
Evaluated: true
Fitness: Standardized=0.19411509 Adjusted=0.83744025 Hits=2
Tree 0:
digraph g {
node [shape=rectangle];
n[label = "Equal"];
n0[label = "If_Then"];
n00[label = "FarthestFirstNode"];
n0 -> n00;
n01[label = "If_Then"];
n010[label = "FarthestInsertion"];
n01 -> n010;
n011[label = "NearestNeighbor"];
n01 -> n011;
n0 -> n01;
n -> n0;
n1[label = "If_Then_Else"];
n10[label = "BestMove"];
n1 -> n10;
n11[label = "If_Then"];
n110[label = "FarthestInsertion"];
n11 -> n110;
n111[label = "FarthestInsertion"];
n11 -> n111;
n1 -> n11;
n12[label = "If_Then"];
n120[label = "While"];
n1200[label = "NearestInsertion"];
n120 -> n1200;
n1201[label = "NearestInsertion"];
n120 -> n1201;
n12 -> n120;
n121[label = "CplexTerminal"];
n12 -> n121;
n1 -> n12;
n -> n1;
}


Generation: 63
Best Individual:
Subpopulation 0:
Evaluated: true
Fitness: Standardized=0.19411509 Adjusted=0.83744025 Hits=2
Tree 0:
digraph g {
node [shape=rectangle];
n[label = "Equal"];
n0[label = "If_Then"];
n00[label = "FarthestFirstNode"];
n0 -> n00;
n01[label = "If_Then"];
n010[label = "FarthestInsertion"];
n01 -> n010;
n011[label = "NearestNeighbor"];
n01 -> n011;
n0 -> n01;
n -> n0;
n1[label = "If_Then_Else"];
n10[label = "BestMove"];
n1 -> n10;
n11[label = "If_Then"];
n110[label = "FarthestInsertion"];
n11 -> n110;
n111[label = "FarthestInsertion"];
n11 -> n111;
n1 -> n11;
n12[label = "While"];
n120[label = "NearestInsertion"];
n12 -> n120;
n121[label = "NearestInsertion"];
n12 -> n121;
n1 -> n12;
n -> n1;
}


Generation: 64
Best Individual:
Subpopulation 0:
Evaluated: true
Fitness: Standardized=0.19411509 Adjusted=0.83744025 Hits=2
Tree 0:
digraph g {
node [shape=rectangle];
n[label = "Equal"];
n0[label = "If_Then"];
n00[label = "FarthestFirstNode"];
n0 -> n00;
n01[label = "If_Then"];
n010[label = "FarthestInsertion"];
n01 -> n010;
n011[label = "NearestNeighbor"];
n01 -> n011;
n0 -> n01;
n -> n0;
n1[label = "If_Then_Else"];
n10[label = "BestMove"];
n1 -> n10;
n11[label = "If_Then"];
n110[label = "FarthestInsertion"];
n11 -> n110;
n111[label = "FarthestInsertion"];
n11 -> n111;
n1 -> n11;
n12[label = "Or"];
n120[label = "While"];
n1200[label = "NearestInsertion"];
n120 -> n1200;
n1201[label = "NearestInsertion"];
n120 -> n1201;
n12 -> n120;
n121[label = "CplexTerminal"];
n12 -> n121;
n1 -> n12;
n -> n1;
}


Generation: 65
Best Individual:
Subpopulation 0:
Evaluated: true
Fitness: Standardized=0.19411509 Adjusted=0.83744025 Hits=2
Tree 0:
digraph g {
node [shape=rectangle];
n[label = "Equal"];
n0[label = "If_Then"];
n00[label = "FarthestFirstNode"];
n0 -> n00;
n01[label = "If_Then"];
n010[label = "FarthestInsertion"];
n01 -> n010;
n011[label = "NearestNeighbor"];
n01 -> n011;
n0 -> n01;
n -> n0;
n1[label = "If_Then_Else"];
n10[label = "BestMove"];
n1 -> n10;
n11[label = "If_Then"];
n110[label = "FarthestInsertion"];
n11 -> n110;
n111[label = "FarthestInsertion"];
n11 -> n111;
n1 -> n11;
n12[label = "Or"];
n120[label = "While"];
n1200[label = "NearestInsertion"];
n120 -> n1200;
n1201[label = "NearestInsertion"];
n120 -> n1201;
n12 -> n120;
n121[label = "CplexTerminal"];
n12 -> n121;
n1 -> n12;
n -> n1;
}


Generation: 66
Best Individual:
Subpopulation 0:
Evaluated: true
Fitness: Standardized=0.19411509 Adjusted=0.83744025 Hits=2
Tree 0:
digraph g {
node [shape=rectangle];
n[label = "Equal"];
n0[label = "If_Then"];
n00[label = "FarthestFirstNode"];
n0 -> n00;
n01[label = "If_Then"];
n010[label = "FarthestInsertion"];
n01 -> n010;
n011[label = "NearestNeighbor"];
n01 -> n011;
n0 -> n01;
n -> n0;
n1[label = "If_Then_Else"];
n10[label = "BestMove"];
n1 -> n10;
n11[label = "If_Then"];
n110[label = "FarthestInsertion"];
n11 -> n110;
n111[label = "FarthestInsertion"];
n11 -> n111;
n1 -> n11;
n12[label = "If_Then"];
n120[label = "While"];
n1200[label = "NearestInsertion"];
n120 -> n1200;
n1201[label = "NearestInsertion"];
n120 -> n1201;
n12 -> n120;
n121[label = "CplexTerminal"];
n12 -> n121;
n1 -> n12;
n -> n1;
}


Generation: 67
Best Individual:
Subpopulation 0:
Evaluated: true
Fitness: Standardized=0.19411509 Adjusted=0.83744025 Hits=2
Tree 0:
digraph g {
node [shape=rectangle];
n[label = "Equal"];
n0[label = "If_Then"];
n00[label = "FarthestFirstNode"];
n0 -> n00;
n01[label = "If_Then"];
n010[label = "FarthestInsertion"];
n01 -> n010;
n011[label = "NearestNeighbor"];
n01 -> n011;
n0 -> n01;
n -> n0;
n1[label = "If_Then_Else"];
n10[label = "BestMove"];
n1 -> n10;
n11[label = "If_Then"];
n110[label = "FarthestInsertion"];
n11 -> n110;
n111[label = "FarthestInsertion"];
n11 -> n111;
n1 -> n11;
n12[label = "Or"];
n120[label = "While"];
n1200[label = "NearestInsertion"];
n120 -> n1200;
n1201[label = "NearestInsertion"];
n120 -> n1201;
n12 -> n120;
n121[label = "CplexTerminal"];
n12 -> n121;
n1 -> n12;
n -> n1;
}


Generation: 68
Best Individual:
Subpopulation 0:
Evaluated: true
Fitness: Standardized=0.19411509 Adjusted=0.83744025 Hits=2
Tree 0:
digraph g {
node [shape=rectangle];
n[label = "Equal"];
n0[label = "If_Then"];
n00[label = "FarthestFirstNode"];
n0 -> n00;
n01[label = "If_Then"];
n010[label = "FarthestInsertion"];
n01 -> n010;
n011[label = "NearestNeighbor"];
n01 -> n011;
n0 -> n01;
n -> n0;
n1[label = "If_Then_Else"];
n10[label = "BestMove"];
n1 -> n10;
n11[label = "If_Then"];
n110[label = "FarthestInsertion"];
n11 -> n110;
n111[label = "FarthestInsertion"];
n11 -> n111;
n1 -> n11;
n12[label = "Or"];
n120[label = "While"];
n1200[label = "NearestInsertion"];
n120 -> n1200;
n1201[label = "NearestInsertion"];
n120 -> n1201;
n12 -> n120;
n121[label = "CplexTerminal"];
n12 -> n121;
n1 -> n12;
n -> n1;
}


Generation: 69
Best Individual:
Subpopulation 0:
Evaluated: true
Fitness: Standardized=0.19411509 Adjusted=0.83744025 Hits=2
Tree 0:
digraph g {
node [shape=rectangle];
n[label = "Equal"];
n0[label = "If_Then"];
n00[label = "FarthestFirstNode"];
n0 -> n00;
n01[label = "If_Then"];
n010[label = "FarthestInsertion"];
n01 -> n010;
n011[label = "NearestNeighbor"];
n01 -> n011;
n0 -> n01;
n -> n0;
n1[label = "If_Then_Else"];
n10[label = "BestMove"];
n1 -> n10;
n11[label = "If_Then"];
n110[label = "FarthestInsertion"];
n11 -> n110;
n111[label = "FarthestInsertion"];
n11 -> n111;
n1 -> n11;
n12[label = "Or"];
n120[label = "While"];
n1200[label = "NearestInsertion"];
n120 -> n1200;
n1201[label = "NearestInsertion"];
n120 -> n1201;
n12 -> n120;
n121[label = "CplexTerminal"];
n12 -> n121;
n1 -> n12;
n -> n1;
}


Generation: 70
Best Individual:
Subpopulation 0:
Evaluated: true
Fitness: Standardized=0.19411509 Adjusted=0.83744025 Hits=2
Tree 0:
digraph g {
node [shape=rectangle];
n[label = "Equal"];
n0[label = "If_Then"];
n00[label = "FarthestFirstNode"];
n0 -> n00;
n01[label = "If_Then"];
n010[label = "FarthestInsertion"];
n01 -> n010;
n011[label = "NearestNeighbor"];
n01 -> n011;
n0 -> n01;
n -> n0;
n1[label = "If_Then_Else"];
n10[label = "BestMove"];
n1 -> n10;
n11[label = "If_Then"];
n110[label = "FarthestInsertion"];
n11 -> n110;
n111[label = "FarthestInsertion"];
n11 -> n111;
n1 -> n11;
n12[label = "Or"];
n120[label = "While"];
n1200[label = "NearestInsertion"];
n120 -> n1200;
n1201[label = "NearestInsertion"];
n120 -> n1201;
n12 -> n120;
n121[label = "CplexTerminal"];
n12 -> n121;
n1 -> n12;
n -> n1;
}


Generation: 71
Best Individual:
Subpopulation 0:
Evaluated: true
Fitness: Standardized=0.19411509 Adjusted=0.83744025 Hits=2
Tree 0:
digraph g {
node [shape=rectangle];
n[label = "Equal"];
n0[label = "If_Then"];
n00[label = "FarthestFirstNode"];
n0 -> n00;
n01[label = "If_Then"];
n010[label = "FarthestInsertion"];
n01 -> n010;
n011[label = "NearestNeighbor"];
n01 -> n011;
n0 -> n01;
n -> n0;
n1[label = "If_Then_Else"];
n10[label = "BestMove"];
n1 -> n10;
n11[label = "If_Then"];
n110[label = "FarthestInsertion"];
n11 -> n110;
n111[label = "FarthestInsertion"];
n11 -> n111;
n1 -> n11;
n12[label = "Or"];
n120[label = "While"];
n1200[label = "NearestInsertion"];
n120 -> n1200;
n1201[label = "NearestInsertion"];
n120 -> n1201;
n12 -> n120;
n121[label = "CplexTerminal"];
n12 -> n121;
n1 -> n12;
n -> n1;
}


Generation: 72
Best Individual:
Subpopulation 0:
Evaluated: true
Fitness: Standardized=0.19411509 Adjusted=0.83744025 Hits=2
Tree 0:
digraph g {
node [shape=rectangle];
n[label = "Equal"];
n0[label = "If_Then"];
n00[label = "FarthestFirstNode"];
n0 -> n00;
n01[label = "If_Then"];
n010[label = "FarthestInsertion"];
n01 -> n010;
n011[label = "NearestNeighbor"];
n01 -> n011;
n0 -> n01;
n -> n0;
n1[label = "If_Then_Else"];
n10[label = "BestMove"];
n1 -> n10;
n11[label = "If_Then"];
n110[label = "FarthestInsertion"];
n11 -> n110;
n111[label = "FarthestInsertion"];
n11 -> n111;
n1 -> n11;
n12[label = "Or"];
n120[label = "While"];
n1200[label = "NearestInsertion"];
n120 -> n1200;
n1201[label = "NearestInsertion"];
n120 -> n1201;
n12 -> n120;
n121[label = "CplexTerminal"];
n12 -> n121;
n1 -> n12;
n -> n1;
}


Generation: 73
Best Individual:
Subpopulation 0:
Evaluated: true
Fitness: Standardized=0.19411509 Adjusted=0.83744025 Hits=2
Tree 0:
digraph g {
node [shape=rectangle];
n[label = "Equal"];
n0[label = "If_Then"];
n00[label = "FarthestFirstNode"];
n0 -> n00;
n01[label = "If_Then"];
n010[label = "FarthestInsertion"];
n01 -> n010;
n011[label = "NearestNeighbor"];
n01 -> n011;
n0 -> n01;
n -> n0;
n1[label = "If_Then_Else"];
n10[label = "BestMove"];
n1 -> n10;
n11[label = "If_Then"];
n110[label = "FarthestInsertion"];
n11 -> n110;
n111[label = "FarthestInsertion"];
n11 -> n111;
n1 -> n11;
n12[label = "Or"];
n120[label = "While"];
n1200[label = "NearestInsertion"];
n120 -> n1200;
n1201[label = "NearestInsertion"];
n120 -> n1201;
n12 -> n120;
n121[label = "CplexTerminal"];
n12 -> n121;
n1 -> n12;
n -> n1;
}


Generation: 74
Best Individual:
Subpopulation 0:
Evaluated: true
Fitness: Standardized=0.19411509 Adjusted=0.83744025 Hits=2
Tree 0:
digraph g {
node [shape=rectangle];
n[label = "Equal"];
n0[label = "If_Then"];
n00[label = "FarthestFirstNode"];
n0 -> n00;
n01[label = "If_Then"];
n010[label = "FarthestInsertion"];
n01 -> n010;
n011[label = "NearestNeighbor"];
n01 -> n011;
n0 -> n01;
n -> n0;
n1[label = "If_Then_Else"];
n10[label = "BestMove"];
n1 -> n10;
n11[label = "If_Then"];
n110[label = "FarthestInsertion"];
n11 -> n110;
n111[label = "FarthestInsertion"];
n11 -> n111;
n1 -> n11;
n12[label = "Or"];
n120[label = "While"];
n1200[label = "NearestInsertion"];
n120 -> n1200;
n1201[label = "NearestInsertion"];
n120 -> n1201;
n12 -> n120;
n121[label = "CplexTerminal"];
n12 -> n121;
n1 -> n12;
n -> n1;
}


Generation: 75
Best Individual:
Subpopulation 0:
Evaluated: true
Fitness: Standardized=0.19411509 Adjusted=0.83744025 Hits=2
Tree 0:
digraph g {
node [shape=rectangle];
n[label = "Equal"];
n0[label = "If_Then"];
n00[label = "FarthestFirstNode"];
n0 -> n00;
n01[label = "If_Then"];
n010[label = "FarthestInsertion"];
n01 -> n010;
n011[label = "NearestNeighbor"];
n01 -> n011;
n0 -> n01;
n -> n0;
n1[label = "If_Then_Else"];
n10[label = "BestMove"];
n1 -> n10;
n11[label = "If_Then"];
n110[label = "FarthestInsertion"];
n11 -> n110;
n111[label = "FarthestInsertion"];
n11 -> n111;
n1 -> n11;
n12[label = "Or"];
n120[label = "While"];
n1200[label = "NearestInsertion"];
n120 -> n1200;
n1201[label = "NearestInsertion"];
n120 -> n1201;
n12 -> n120;
n121[label = "CplexTerminal"];
n12 -> n121;
n1 -> n12;
n -> n1;
}


Generation: 76
Best Individual:
Subpopulation 0:
Evaluated: true
Fitness: Standardized=0.19411509 Adjusted=0.83744025 Hits=2
Tree 0:
digraph g {
node [shape=rectangle];
n[label = "Equal"];
n0[label = "If_Then"];
n00[label = "FarthestFirstNode"];
n0 -> n00;
n01[label = "If_Then"];
n010[label = "FarthestInsertion"];
n01 -> n010;
n011[label = "NearestNeighbor"];
n01 -> n011;
n0 -> n01;
n -> n0;
n1[label = "If_Then_Else"];
n10[label = "BestMove"];
n1 -> n10;
n11[label = "If_Then"];
n110[label = "FarthestInsertion"];
n11 -> n110;
n111[label = "FarthestInsertion"];
n11 -> n111;
n1 -> n11;
n12[label = "Or"];
n120[label = "While"];
n1200[label = "NearestInsertion"];
n120 -> n1200;
n1201[label = "NearestInsertion"];
n120 -> n1201;
n12 -> n120;
n121[label = "CplexTerminal"];
n12 -> n121;
n1 -> n12;
n -> n1;
}


Generation: 77
Best Individual:
Subpopulation 0:
Evaluated: true
Fitness: Standardized=0.19411509 Adjusted=0.83744025 Hits=2
Tree 0:
digraph g {
node [shape=rectangle];
n[label = "Equal"];
n0[label = "If_Then"];
n00[label = "FarthestFirstNode"];
n0 -> n00;
n01[label = "If_Then"];
n010[label = "FarthestInsertion"];
n01 -> n010;
n011[label = "NearestNeighbor"];
n01 -> n011;
n0 -> n01;
n -> n0;
n1[label = "If_Then_Else"];
n10[label = "BestMove"];
n1 -> n10;
n11[label = "If_Then"];
n110[label = "FarthestInsertion"];
n11 -> n110;
n111[label = "FarthestInsertion"];
n11 -> n111;
n1 -> n11;
n12[label = "Or"];
n120[label = "While"];
n1200[label = "NearestInsertion"];
n120 -> n1200;
n1201[label = "NearestInsertion"];
n120 -> n1201;
n12 -> n120;
n121[label = "CplexTerminal"];
n12 -> n121;
n1 -> n12;
n -> n1;
}


Generation: 78
Best Individual:
Subpopulation 0:
Evaluated: true
Fitness: Standardized=0.19411509 Adjusted=0.83744025 Hits=2
Tree 0:
digraph g {
node [shape=rectangle];
n[label = "And"];
n0[label = "Equal"];
n00[label = "FarthestFirstNode"];
n0 -> n00;
n01[label = "If_Then"];
n010[label = "FarthestInsertion"];
n01 -> n010;
n011[label = "NearestNeighbor"];
n01 -> n011;
n0 -> n01;
n -> n0;
n1[label = "If_Then_Else"];
n10[label = "BestMove"];
n1 -> n10;
n11[label = "If_Then"];
n110[label = "FarthestInsertion"];
n11 -> n110;
n111[label = "FarthestInsertion"];
n11 -> n111;
n1 -> n11;
n12[label = "Or"];
n120[label = "While"];
n1200[label = "NearestInsertion"];
n120 -> n1200;
n1201[label = "NearestInsertion"];
n120 -> n1201;
n12 -> n120;
n121[label = "CplexTerminal"];
n12 -> n121;
n1 -> n12;
n -> n1;
}


Generation: 79
Best Individual:
Subpopulation 0:
Evaluated: true
Fitness: Standardized=0.19411509 Adjusted=0.83744025 Hits=2
Tree 0:
digraph g {
node [shape=rectangle];
n[label = "Equal"];
n0[label = "If_Then"];
n00[label = "FarthestFirstNode"];
n0 -> n00;
n01[label = "If_Then"];
n010[label = "FarthestInsertion"];
n01 -> n010;
n011[label = "NearestNeighbor"];
n01 -> n011;
n0 -> n01;
n -> n0;
n1[label = "If_Then_Else"];
n10[label = "BestMove"];
n1 -> n10;
n11[label = "If_Then"];
n110[label = "FarthestInsertion"];
n11 -> n110;
n111[label = "FarthestInsertion"];
n11 -> n111;
n1 -> n11;
n12[label = "Or"];
n120[label = "While"];
n1200[label = "NearestInsertion"];
n120 -> n1200;
n1201[label = "NearestInsertion"];
n120 -> n1201;
n12 -> n120;
n121[label = "CplexTerminal"];
n12 -> n121;
n1 -> n12;
n -> n1;
}


Generation: 80
Best Individual:
Subpopulation 0:
Evaluated: true
Fitness: Standardized=0.19411509 Adjusted=0.83744025 Hits=2
Tree 0:
digraph g {
node [shape=rectangle];
n[label = "And"];
n0[label = "Equal"];
n00[label = "FarthestFirstNode"];
n0 -> n00;
n01[label = "If_Then"];
n010[label = "FarthestInsertion"];
n01 -> n010;
n011[label = "NearestNeighbor"];
n01 -> n011;
n0 -> n01;
n -> n0;
n1[label = "If_Then_Else"];
n10[label = "BestMove"];
n1 -> n10;
n11[label = "If_Then"];
n110[label = "FarthestInsertion"];
n11 -> n110;
n111[label = "FarthestInsertion"];
n11 -> n111;
n1 -> n11;
n12[label = "Or"];
n120[label = "While"];
n1200[label = "NearestInsertion"];
n120 -> n1200;
n1201[label = "NearestInsertion"];
n120 -> n1201;
n12 -> n120;
n121[label = "CplexTerminal"];
n12 -> n121;
n1 -> n12;
n -> n1;
}


Generation: 81
Best Individual:
Subpopulation 0:
Evaluated: true
Fitness: Standardized=0.19411509 Adjusted=0.83744025 Hits=2
Tree 0:
digraph g {
node [shape=rectangle];
n[label = "And"];
n0[label = "If_Then"];
n00[label = "FarthestFirstNode"];
n0 -> n00;
n01[label = "If_Then"];
n010[label = "FarthestInsertion"];
n01 -> n010;
n011[label = "NearestNeighbor"];
n01 -> n011;
n0 -> n01;
n -> n0;
n1[label = "If_Then_Else"];
n10[label = "BestMove"];
n1 -> n10;
n11[label = "If_Then"];
n110[label = "FarthestInsertion"];
n11 -> n110;
n111[label = "FarthestInsertion"];
n11 -> n111;
n1 -> n11;
n12[label = "Or"];
n120[label = "While"];
n1200[label = "NearestInsertion"];
n120 -> n1200;
n1201[label = "NearestInsertion"];
n120 -> n1201;
n12 -> n120;
n121[label = "CplexTerminal"];
n12 -> n121;
n1 -> n12;
n -> n1;
}


Generation: 82
Best Individual:
Subpopulation 0:
Evaluated: true
Fitness: Standardized=0.19411509 Adjusted=0.83744025 Hits=2
Tree 0:
digraph g {
node [shape=rectangle];
n[label = "And"];
n0[label = "If_Then"];
n00[label = "FarthestFirstNode"];
n0 -> n00;
n01[label = "If_Then"];
n010[label = "FarthestInsertion"];
n01 -> n010;
n011[label = "NearestNeighbor"];
n01 -> n011;
n0 -> n01;
n -> n0;
n1[label = "If_Then_Else"];
n10[label = "BestMove"];
n1 -> n10;
n11[label = "If_Then"];
n110[label = "FarthestInsertion"];
n11 -> n110;
n111[label = "FarthestInsertion"];
n11 -> n111;
n1 -> n11;
n12[label = "Or"];
n120[label = "While"];
n1200[label = "NearestInsertion"];
n120 -> n1200;
n1201[label = "NearestInsertion"];
n120 -> n1201;
n12 -> n120;
n121[label = "CplexTerminal"];
n12 -> n121;
n1 -> n12;
n -> n1;
}


Generation: 83
Best Individual:
Subpopulation 0:
Evaluated: true
Fitness: Standardized=0.1878298 Adjusted=0.84187144 Hits=2
Tree 0:
digraph g {
node [shape=rectangle];
n[label = "And"];
n0[label = "If_Then"];
n00[label = "FarthestFirstNode"];
n0 -> n00;
n01[label = "If_Then"];
n010[label = "FarthestInsertion"];
n01 -> n010;
n011[label = "NearestNeighbor"];
n01 -> n011;
n0 -> n01;
n -> n0;
n1[label = "If_Then_Else"];
n10[label = "BestMove"];
n1 -> n10;
n11[label = "If_Then"];
n110[label = "FarthestFirstNode"];
n11 -> n110;
n111[label = "If_Then"];
n1110[label = "FarthestInsertion"];
n111 -> n1110;
n1111[label = "NearestNeighbor"];
n111 -> n1111;
n11 -> n111;
n1 -> n11;
n12[label = "Or"];
n120[label = "While"];
n1200[label = "NearestInsertion"];
n120 -> n1200;
n1201[label = "NearestInsertion"];
n120 -> n1201;
n12 -> n120;
n121[label = "CplexTerminal"];
n12 -> n121;
n1 -> n12;
n -> n1;
}


Generation: 84
Best Individual:
Subpopulation 0:
Evaluated: true
Fitness: Standardized=0.1878298 Adjusted=0.84187144 Hits=2
Tree 0:
digraph g {
node [shape=rectangle];
n[label = "And"];
n0[label = "If_Then"];
n00[label = "FarthestFirstNode"];
n0 -> n00;
n01[label = "If_Then"];
n010[label = "FarthestInsertion"];
n01 -> n010;
n011[label = "NearestNeighbor"];
n01 -> n011;
n0 -> n01;
n -> n0;
n1[label = "If_Then_Else"];
n10[label = "BestMove"];
n1 -> n10;
n11[label = "If_Then"];
n110[label = "FarthestFirstNode"];
n11 -> n110;
n111[label = "If_Then"];
n1110[label = "FarthestInsertion"];
n111 -> n1110;
n1111[label = "NearestNeighbor"];
n111 -> n1111;
n11 -> n111;
n1 -> n11;
n12[label = "Or"];
n120[label = "While"];
n1200[label = "NearestInsertion"];
n120 -> n1200;
n1201[label = "NearestInsertion"];
n120 -> n1201;
n12 -> n120;
n121[label = "CplexTerminal"];
n12 -> n121;
n1 -> n12;
n -> n1;
}


Generation: 85
Best Individual:
Subpopulation 0:
Evaluated: true
Fitness: Standardized=0.1878298 Adjusted=0.84187144 Hits=2
Tree 0:
digraph g {
node [shape=rectangle];
n[label = "And"];
n0[label = "If_Then"];
n00[label = "FarthestFirstNode"];
n0 -> n00;
n01[label = "If_Then"];
n010[label = "FarthestInsertion"];
n01 -> n010;
n011[label = "NearestNeighbor"];
n01 -> n011;
n0 -> n01;
n -> n0;
n1[label = "If_Then_Else"];
n10[label = "BestMove"];
n1 -> n10;
n11[label = "If_Then"];
n110[label = "FarthestFirstNode"];
n11 -> n110;
n111[label = "If_Then"];
n1110[label = "FarthestInsertion"];
n111 -> n1110;
n1111[label = "NearestNeighbor"];
n111 -> n1111;
n11 -> n111;
n1 -> n11;
n12[label = "Or"];
n120[label = "While"];
n1200[label = "NearestInsertion"];
n120 -> n1200;
n1201[label = "NearestInsertion"];
n120 -> n1201;
n12 -> n120;
n121[label = "CplexTerminal"];
n12 -> n121;
n1 -> n12;
n -> n1;
}


Generation: 86
Best Individual:
Subpopulation 0:
Evaluated: true
Fitness: Standardized=0.1878298 Adjusted=0.84187144 Hits=2
Tree 0:
digraph g {
node [shape=rectangle];
n[label = "And"];
n0[label = "If_Then"];
n00[label = "FarthestFirstNode"];
n0 -> n00;
n01[label = "If_Then"];
n010[label = "FarthestInsertion"];
n01 -> n010;
n011[label = "NearestNeighbor"];
n01 -> n011;
n0 -> n01;
n -> n0;
n1[label = "If_Then_Else"];
n10[label = "BestMove"];
n1 -> n10;
n11[label = "If_Then"];
n110[label = "FarthestFirstNode"];
n11 -> n110;
n111[label = "If_Then"];
n1110[label = "FarthestInsertion"];
n111 -> n1110;
n1111[label = "NearestNeighbor"];
n111 -> n1111;
n11 -> n111;
n1 -> n11;
n12[label = "Or"];
n120[label = "While"];
n1200[label = "NearestInsertion"];
n120 -> n1200;
n1201[label = "NearestInsertion"];
n120 -> n1201;
n12 -> n120;
n121[label = "CplexTerminal"];
n12 -> n121;
n1 -> n12;
n -> n1;
}


Generation: 87
Best Individual:
Subpopulation 0:
Evaluated: true
Fitness: Standardized=0.1878298 Adjusted=0.84187144 Hits=2
Tree 0:
digraph g {
node [shape=rectangle];
n[label = "And"];
n0[label = "If_Then"];
n00[label = "FarthestFirstNode"];
n0 -> n00;
n01[label = "If_Then"];
n010[label = "FarthestInsertion"];
n01 -> n010;
n011[label = "NearestNeighbor"];
n01 -> n011;
n0 -> n01;
n -> n0;
n1[label = "If_Then_Else"];
n10[label = "BestMove"];
n1 -> n10;
n11[label = "If_Then"];
n110[label = "FarthestFirstNode"];
n11 -> n110;
n111[label = "If_Then"];
n1110[label = "FarthestInsertion"];
n111 -> n1110;
n1111[label = "NearestNeighbor"];
n111 -> n1111;
n11 -> n111;
n1 -> n11;
n12[label = "Or"];
n120[label = "While"];
n1200[label = "NearestInsertion"];
n120 -> n1200;
n1201[label = "NearestInsertion"];
n120 -> n1201;
n12 -> n120;
n121[label = "CplexTerminal"];
n12 -> n121;
n1 -> n12;
n -> n1;
}


Generation: 88
Best Individual:
Subpopulation 0:
Evaluated: true
Fitness: Standardized=0.1878298 Adjusted=0.84187144 Hits=2
Tree 0:
digraph g {
node [shape=rectangle];
n[label = "And"];
n0[label = "If_Then"];
n00[label = "FarthestFirstNode"];
n0 -> n00;
n01[label = "If_Then"];
n010[label = "FarthestInsertion"];
n01 -> n010;
n011[label = "NearestNeighbor"];
n01 -> n011;
n0 -> n01;
n -> n0;
n1[label = "If_Then_Else"];
n10[label = "BestMove"];
n1 -> n10;
n11[label = "If_Then"];
n110[label = "FarthestFirstNode"];
n11 -> n110;
n111[label = "If_Then"];
n1110[label = "FarthestInsertion"];
n111 -> n1110;
n1111[label = "NearestNeighbor"];
n111 -> n1111;
n11 -> n111;
n1 -> n11;
n12[label = "Or"];
n120[label = "While"];
n1200[label = "NearestInsertion"];
n120 -> n1200;
n1201[label = "NearestInsertion"];
n120 -> n1201;
n12 -> n120;
n121[label = "CplexTerminal"];
n12 -> n121;
n1 -> n12;
n -> n1;
}


Generation: 89
Best Individual:
Subpopulation 0:
Evaluated: true
Fitness: Standardized=0.1878298 Adjusted=0.84187144 Hits=2
Tree 0:
digraph g {
node [shape=rectangle];
n[label = "And"];
n0[label = "If_Then"];
n00[label = "FarthestFirstNode"];
n0 -> n00;
n01[label = "If_Then"];
n010[label = "FarthestInsertion"];
n01 -> n010;
n011[label = "NearestNeighbor"];
n01 -> n011;
n0 -> n01;
n -> n0;
n1[label = "If_Then_Else"];
n10[label = "BestMove"];
n1 -> n10;
n11[label = "If_Then"];
n110[label = "FarthestFirstNode"];
n11 -> n110;
n111[label = "If_Then"];
n1110[label = "FarthestInsertion"];
n111 -> n1110;
n1111[label = "NearestNeighbor"];
n111 -> n1111;
n11 -> n111;
n1 -> n11;
n12[label = "While"];
n120[label = "NearestInsertion"];
n12 -> n120;
n121[label = "NearestInsertion"];
n12 -> n121;
n1 -> n12;
n -> n1;
}


Generation: 90
Best Individual:
Subpopulation 0:
Evaluated: true
Fitness: Standardized=0.1878298 Adjusted=0.84187144 Hits=2
Tree 0:
digraph g {
node [shape=rectangle];
n[label = "And"];
n0[label = "If_Then"];
n00[label = "FarthestFirstNode"];
n0 -> n00;
n01[label = "If_Then"];
n010[label = "FarthestInsertion"];
n01 -> n010;
n011[label = "NearestNeighbor"];
n01 -> n011;
n0 -> n01;
n -> n0;
n1[label = "If_Then_Else"];
n10[label = "BestMove"];
n1 -> n10;
n11[label = "If_Then"];
n110[label = "FarthestFirstNode"];
n11 -> n110;
n111[label = "If_Then"];
n1110[label = "FarthestInsertion"];
n111 -> n1110;
n1111[label = "NearestNeighbor"];
n111 -> n1111;
n11 -> n111;
n1 -> n11;
n12[label = "While"];
n120[label = "NearestInsertion"];
n12 -> n120;
n121[label = "NearestInsertion"];
n12 -> n121;
n1 -> n12;
n -> n1;
}


Generation: 91
Best Individual:
Subpopulation 0:
Evaluated: true
Fitness: Standardized=0.1878298 Adjusted=0.84187144 Hits=2
Tree 0:
digraph g {
node [shape=rectangle];
n[label = "And"];
n0[label = "If_Then"];
n00[label = "FarthestFirstNode"];
n0 -> n00;
n01[label = "If_Then"];
n010[label = "FarthestInsertion"];
n01 -> n010;
n011[label = "NearestNeighbor"];
n01 -> n011;
n0 -> n01;
n -> n0;
n1[label = "If_Then_Else"];
n10[label = "BestMove"];
n1 -> n10;
n11[label = "If_Then"];
n110[label = "FarthestFirstNode"];
n11 -> n110;
n111[label = "If_Then"];
n1110[label = "FarthestInsertion"];
n111 -> n1110;
n1111[label = "NearestNeighbor"];
n111 -> n1111;
n11 -> n111;
n1 -> n11;
n12[label = "While"];
n120[label = "NearestInsertion"];
n12 -> n120;
n121[label = "NearestInsertion"];
n12 -> n121;
n1 -> n12;
n -> n1;
}


Generation: 92
Best Individual:
Subpopulation 0:
Evaluated: true
Fitness: Standardized=0.1878298 Adjusted=0.84187144 Hits=2
Tree 0:
digraph g {
node [shape=rectangle];
n[label = "And"];
n0[label = "If_Then"];
n00[label = "FarthestFirstNode"];
n0 -> n00;
n01[label = "If_Then"];
n010[label = "FarthestInsertion"];
n01 -> n010;
n011[label = "NearestNeighbor"];
n01 -> n011;
n0 -> n01;
n -> n0;
n1[label = "If_Then_Else"];
n10[label = "BestMove"];
n1 -> n10;
n11[label = "If_Then"];
n110[label = "FarthestNeighbor"];
n11 -> n110;
n111[label = "If_Then"];
n1110[label = "FarthestInsertion"];
n111 -> n1110;
n1111[label = "NearestNeighbor"];
n111 -> n1111;
n11 -> n111;
n1 -> n11;
n12[label = "Or"];
n120[label = "While"];
n1200[label = "NearestInsertion"];
n120 -> n1200;
n1201[label = "NearestInsertion"];
n120 -> n1201;
n12 -> n120;
n121[label = "CplexTerminal"];
n12 -> n121;
n1 -> n12;
n -> n1;
}


Generation: 93
Best Individual:
Subpopulation 0:
Evaluated: true
Fitness: Standardized=0.1878298 Adjusted=0.84187144 Hits=2
Tree 0:
digraph g {
node [shape=rectangle];
n[label = "And"];
n0[label = "If_Then"];
n00[label = "FarthestFirstNode"];
n0 -> n00;
n01[label = "If_Then"];
n010[label = "FarthestInsertion"];
n01 -> n010;
n011[label = "NearestNeighbor"];
n01 -> n011;
n0 -> n01;
n -> n0;
n1[label = "If_Then_Else"];
n10[label = "BestMove"];
n1 -> n10;
n11[label = "If_Then"];
n110[label = "FarthestFirstNode"];
n11 -> n110;
n111[label = "If_Then"];
n1110[label = "FarthestInsertion"];
n111 -> n1110;
n1111[label = "NearestNeighbor"];
n111 -> n1111;
n11 -> n111;
n1 -> n11;
n12[label = "While"];
n120[label = "NearestInsertion"];
n12 -> n120;
n121[label = "NearestInsertion"];
n12 -> n121;
n1 -> n12;
n -> n1;
}


Generation: 94
Best Individual:
Subpopulation 0:
Evaluated: true
Fitness: Standardized=0.1878298 Adjusted=0.84187144 Hits=2
Tree 0:
digraph g {
node [shape=rectangle];
n[label = "And"];
n0[label = "If_Then"];
n00[label = "FarthestFirstNode"];
n0 -> n00;
n01[label = "If_Then"];
n010[label = "FarthestInsertion"];
n01 -> n010;
n011[label = "NearestNeighbor"];
n01 -> n011;
n0 -> n01;
n -> n0;
n1[label = "If_Then_Else"];
n10[label = "BestMove"];
n1 -> n10;
n11[label = "If_Then"];
n110[label = "FarthestFirstNode"];
n11 -> n110;
n111[label = "If_Then"];
n1110[label = "FarthestInsertion"];
n111 -> n1110;
n1111[label = "NearestNeighbor"];
n111 -> n1111;
n11 -> n111;
n1 -> n11;
n12[label = "While"];
n120[label = "NearestInsertion"];
n12 -> n120;
n121[label = "NearestInsertion"];
n12 -> n121;
n1 -> n12;
n -> n1;
}


Generation: 95
Best Individual:
Subpopulation 0:
Evaluated: true
Fitness: Standardized=0.1878298 Adjusted=0.84187144 Hits=2
Tree 0:
digraph g {
node [shape=rectangle];
n[label = "And"];
n0[label = "If_Then"];
n00[label = "FarthestFirstNode"];
n0 -> n00;
n01[label = "If_Then"];
n010[label = "FarthestInsertion"];
n01 -> n010;
n011[label = "NearestNeighbor"];
n01 -> n011;
n0 -> n01;
n -> n0;
n1[label = "If_Then_Else"];
n10[label = "BestMove"];
n1 -> n10;
n11[label = "If_Then"];
n110[label = "FarthestNeighbor"];
n11 -> n110;
n111[label = "If_Then"];
n1110[label = "FarthestInsertion"];
n111 -> n1110;
n1111[label = "NearestNeighbor"];
n111 -> n1111;
n11 -> n111;
n1 -> n11;
n12[label = "Or"];
n120[label = "While"];
n1200[label = "NearestInsertion"];
n120 -> n1200;
n1201[label = "NearestInsertion"];
n120 -> n1201;
n12 -> n120;
n121[label = "If_Then"];
n1210[label = "FarthestInsertion"];
n121 -> n1210;
n1211[label = "NearestNeighbor"];
n121 -> n1211;
n12 -> n121;
n1 -> n12;
n -> n1;
}


Generation: 96
Best Individual:
Subpopulation 0:
Evaluated: true
Fitness: Standardized=0.1878298 Adjusted=0.84187144 Hits=2
Tree 0:
digraph g {
node [shape=rectangle];
n[label = "And"];
n0[label = "If_Then"];
n00[label = "FarthestFirstNode"];
n0 -> n00;
n01[label = "If_Then"];
n010[label = "FarthestInsertion"];
n01 -> n010;
n011[label = "NearestNeighbor"];
n01 -> n011;
n0 -> n01;
n -> n0;
n1[label = "If_Then_Else"];
n10[label = "BestMove"];
n1 -> n10;
n11[label = "If_Then"];
n110[label = "FarthestNeighbor"];
n11 -> n110;
n111[label = "If_Then"];
n1110[label = "FarthestInsertion"];
n111 -> n1110;
n1111[label = "NearestNeighbor"];
n111 -> n1111;
n11 -> n111;
n1 -> n11;
n12[label = "Or"];
n120[label = "While"];
n1200[label = "NearestInsertion"];
n120 -> n1200;
n1201[label = "NearestInsertion"];
n120 -> n1201;
n12 -> n120;
n121[label = "If_Then"];
n1210[label = "FarthestInsertion"];
n121 -> n1210;
n1211[label = "NearestNeighbor"];
n121 -> n1211;
n12 -> n121;
n1 -> n12;
n -> n1;
}


Generation: 97
Best Individual:
Subpopulation 0:
Evaluated: true
Fitness: Standardized=0.1878298 Adjusted=0.84187144 Hits=2
Tree 0:
digraph g {
node [shape=rectangle];
n[label = "And"];
n0[label = "If_Then"];
n00[label = "FarthestFirstNode"];
n0 -> n00;
n01[label = "If_Then"];
n010[label = "FarthestInsertion"];
n01 -> n010;
n011[label = "NearestNeighbor"];
n01 -> n011;
n0 -> n01;
n -> n0;
n1[label = "If_Then_Else"];
n10[label = "BestMove"];
n1 -> n10;
n11[label = "If_Then"];
n110[label = "FarthestNeighbor"];
n11 -> n110;
n111[label = "If_Then"];
n1110[label = "FarthestInsertion"];
n111 -> n1110;
n1111[label = "NearestNeighbor"];
n111 -> n1111;
n11 -> n111;
n1 -> n11;
n12[label = "Or"];
n120[label = "While"];
n1200[label = "NearestInsertion"];
n120 -> n1200;
n1201[label = "NearestInsertion"];
n120 -> n1201;
n12 -> n120;
n121[label = "If_Then"];
n1210[label = "FarthestInsertion"];
n121 -> n1210;
n1211[label = "NearestNeighbor"];
n121 -> n1211;
n12 -> n121;
n1 -> n12;
n -> n1;
}


Generation: 98
Best Individual:
Subpopulation 0:
Evaluated: true
Fitness: Standardized=0.1878298 Adjusted=0.84187144 Hits=2
Tree 0:
digraph g {
node [shape=rectangle];
n[label = "And"];
n0[label = "If_Then"];
n00[label = "FarthestFirstNode"];
n0 -> n00;
n01[label = "If_Then"];
n010[label = "FarthestInsertion"];
n01 -> n010;
n011[label = "NearestNeighbor"];
n01 -> n011;
n0 -> n01;
n -> n0;
n1[label = "If_Then_Else"];
n10[label = "BestMove"];
n1 -> n10;
n11[label = "If_Then"];
n110[label = "FarthestNeighbor"];
n11 -> n110;
n111[label = "If_Then"];
n1110[label = "FarthestInsertion"];
n111 -> n1110;
n1111[label = "NearestNeighbor"];
n111 -> n1111;
n11 -> n111;
n1 -> n11;
n12[label = "Or"];
n120[label = "While"];
n1200[label = "NearestInsertion"];
n120 -> n1200;
n1201[label = "NearestInsertion"];
n120 -> n1201;
n12 -> n120;
n121[label = "If_Then"];
n1210[label = "FarthestInsertion"];
n121 -> n1210;
n1211[label = "NearestNeighbor"];
n121 -> n1211;
n12 -> n121;
n1 -> n12;
n -> n1;
}


Generation: 99
Best Individual:
Subpopulation 0:
Evaluated: true
Fitness: Standardized=0.1878298 Adjusted=0.84187144 Hits=2
Tree 0:
digraph g {
node [shape=rectangle];
n[label = "And"];
n0[label = "If_Then"];
n00[label = "FarthestFirstNode"];
n0 -> n00;
n01[label = "If_Then"];
n010[label = "FarthestInsertion"];
n01 -> n010;
n011[label = "NearestNeighbor"];
n01 -> n011;
n0 -> n01;
n -> n0;
n1[label = "If_Then_Else"];
n10[label = "BestMove"];
n1 -> n10;
n11[label = "If_Then"];
n110[label = "FarthestNeighbor"];
n11 -> n110;
n111[label = "If_Then"];
n1110[label = "FarthestInsertion"];
n111 -> n1110;
n1111[label = "NearestNeighbor"];
n111 -> n1111;
n11 -> n111;
n1 -> n11;
n12[label = "Or"];
n120[label = "While"];
n1200[label = "NearestInsertion"];
n120 -> n1200;
n1201[label = "NearestInsertion"];
n120 -> n1201;
n12 -> n120;
n121[label = "FarthestNeighbor"];
n12 -> n121;
n1 -> n12;
n -> n1;
}


Best Individual of Run:
Subpopulation 0:
Evaluated: true
Fitness: Standardized=0.1878298 Adjusted=0.84187144 Hits=2
Tree 0:
digraph g {
node [shape=rectangle];
n[label = "And"];
n0[label = "If_Then"];
n00[label = "FarthestFirstNode"];
n0 -> n00;
n01[label = "If_Then"];
n010[label = "FarthestInsertion"];
n01 -> n010;
n011[label = "NearestNeighbor"];
n01 -> n011;
n0 -> n01;
n -> n0;
n1[label = "If_Then_Else"];
n10[label = "BestMove"];
n1 -> n10;
n11[label = "If_Then"];
n110[label = "FarthestFirstNode"];
n11 -> n110;
n111[label = "If_Then"];
n1110[label = "FarthestInsertion"];
n111 -> n1110;
n1111[label = "NearestNeighbor"];
n111 -> n1111;
n11 -> n111;
n1 -> n11;
n12[label = "Or"];
n120[label = "While"];
n1200[label = "NearestInsertion"];
n120 -> n1200;
n1201[label = "NearestInsertion"];
n120 -> n1201;
n12 -> n120;
n121[label = "CplexTerminal"];
n12 -> n121;
n1 -> n12;
n -> n1;
}

