
Generation: 0
Best Individual:
Subpopulation 0:
Evaluated: true
Fitness: Standardized=0.7976853 Adjusted=0.55627084 Hits=0
Tree 0:
digraph g {
node [shape=rectangle];
n[label = "FarthestInsertion"];
}


Generation: 1
Best Individual:
Subpopulation 0:
Evaluated: true
Fitness: Standardized=0.7976853 Adjusted=0.55627084 Hits=0
Tree 0:
digraph g {
node [shape=rectangle];
n[label = "FarthestInsertion"];
}


Generation: 2
Best Individual:
Subpopulation 0:
Evaluated: true
Fitness: Standardized=0.7976853 Adjusted=0.55627084 Hits=0
Tree 0:
digraph g {
node [shape=rectangle];
n[label = "FarthestInsertion"];
}


Generation: 3
Best Individual:
Subpopulation 0:
Evaluated: true
Fitness: Standardized=0.7976853 Adjusted=0.55627084 Hits=0
Tree 0:
digraph g {
node [shape=rectangle];
n[label = "FarthestInsertion"];
}


Generation: 4
Best Individual:
Subpopulation 0:
Evaluated: true
Fitness: Standardized=0.7976853 Adjusted=0.55627084 Hits=0
Tree 0:
digraph g {
node [shape=rectangle];
n[label = "FarthestInsertion"];
}


Generation: 5
Best Individual:
Subpopulation 0:
Evaluated: true
Fitness: Standardized=0.7976853 Adjusted=0.55627084 Hits=0
Tree 0:
digraph g {
node [shape=rectangle];
n[label = "FarthestInsertion"];
}


Generation: 6
Best Individual:
Subpopulation 0:
Evaluated: true
Fitness: Standardized=0.7976853 Adjusted=0.55627084 Hits=0
Tree 0:
digraph g {
node [shape=rectangle];
n[label = "FarthestInsertion"];
}


Generation: 7
Best Individual:
Subpopulation 0:
Evaluated: true
Fitness: Standardized=0.7976853 Adjusted=0.55627084 Hits=0
Tree 0:
digraph g {
node [shape=rectangle];
n[label = "FarthestInsertion"];
}


Generation: 8
Best Individual:
Subpopulation 0:
Evaluated: true
Fitness: Standardized=0.7976853 Adjusted=0.55627084 Hits=0
Tree 0:
digraph g {
node [shape=rectangle];
n[label = "FarthestNeighbor"];
}


Generation: 9
Best Individual:
Subpopulation 0:
Evaluated: true
Fitness: Standardized=0.7976853 Adjusted=0.55627084 Hits=0
Tree 0:
digraph g {
node [shape=rectangle];
n[label = "FarthestInsertion"];
}


Generation: 10
Best Individual:
Subpopulation 0:
Evaluated: true
Fitness: Standardized=0.7976853 Adjusted=0.55627084 Hits=0
Tree 0:
digraph g {
node [shape=rectangle];
n[label = "FarthestInsertion"];
}


Generation: 11
Best Individual:
Subpopulation 0:
Evaluated: true
Fitness: Standardized=0.7976853 Adjusted=0.55627084 Hits=0
Tree 0:
digraph g {
node [shape=rectangle];
n[label = "FarthestInsertion"];
}


Generation: 12
Best Individual:
Subpopulation 0:
Evaluated: true
Fitness: Standardized=0.7976853 Adjusted=0.55627084 Hits=0
Tree 0:
digraph g {
node [shape=rectangle];
n[label = "FarthestInsertion"];
}


Generation: 13
Best Individual:
Subpopulation 0:
Evaluated: true
Fitness: Standardized=0.7976853 Adjusted=0.55627084 Hits=0
Tree 0:
digraph g {
node [shape=rectangle];
n[label = "FarthestInsertion"];
}


Generation: 14
Best Individual:
Subpopulation 0:
Evaluated: true
Fitness: Standardized=0.7976853 Adjusted=0.55627084 Hits=0
Tree 0:
digraph g {
node [shape=rectangle];
n[label = "FarthestFirstNode"];
}


Generation: 15
Best Individual:
Subpopulation 0:
Evaluated: true
Fitness: Standardized=0.7976853 Adjusted=0.55627084 Hits=0
Tree 0:
digraph g {
node [shape=rectangle];
n[label = "FarthestInsertion"];
}


Generation: 16
Best Individual:
Subpopulation 0:
Evaluated: true
Fitness: Standardized=0.7976853 Adjusted=0.55627084 Hits=0
Tree 0:
digraph g {
node [shape=rectangle];
n[label = "FarthestFirstNode"];
}


Generation: 17
Best Individual:
Subpopulation 0:
Evaluated: true
Fitness: Standardized=0.7976853 Adjusted=0.55627084 Hits=0
Tree 0:
digraph g {
node [shape=rectangle];
n[label = "FarthestFirstNode"];
}


Generation: 18
Best Individual:
Subpopulation 0:
Evaluated: true
Fitness: Standardized=0.7976853 Adjusted=0.55627084 Hits=0
Tree 0:
digraph g {
node [shape=rectangle];
n[label = "FarthestFirstNode"];
}


Generation: 19
Best Individual:
Subpopulation 0:
Evaluated: true
Fitness: Standardized=0.7976853 Adjusted=0.55627084 Hits=0
Tree 0:
digraph g {
node [shape=rectangle];
n[label = "FarthestInsertion"];
}


Generation: 20
Best Individual:
Subpopulation 0:
Evaluated: true
Fitness: Standardized=0.7976853 Adjusted=0.55627084 Hits=0
Tree 0:
digraph g {
node [shape=rectangle];
n[label = "FarthestFirstNode"];
}


Generation: 21
Best Individual:
Subpopulation 0:
Evaluated: true
Fitness: Standardized=0.7976853 Adjusted=0.55627084 Hits=0
Tree 0:
digraph g {
node [shape=rectangle];
n[label = "FarthestInsertion"];
}


Generation: 22
Best Individual:
Subpopulation 0:
Evaluated: true
Fitness: Standardized=0.7976853 Adjusted=0.55627084 Hits=0
Tree 0:
digraph g {
node [shape=rectangle];
n[label = "FarthestInsertion"];
}


Generation: 23
Best Individual:
Subpopulation 0:
Evaluated: true
Fitness: Standardized=0.7976853 Adjusted=0.55627084 Hits=0
Tree 0:
digraph g {
node [shape=rectangle];
n[label = "FarthestFirstNode"];
}


Generation: 24
Best Individual:
Subpopulation 0:
Evaluated: true
Fitness: Standardized=0.7976853 Adjusted=0.55627084 Hits=0
Tree 0:
digraph g {
node [shape=rectangle];
n[label = "FarthestFirstNode"];
}


Generation: 25
Best Individual:
Subpopulation 0:
Evaluated: true
Fitness: Standardized=0.7976853 Adjusted=0.55627084 Hits=0
Tree 0:
digraph g {
node [shape=rectangle];
n[label = "FarthestFirstNode"];
}


Generation: 26
Best Individual:
Subpopulation 0:
Evaluated: true
Fitness: Standardized=0.7976853 Adjusted=0.55627084 Hits=0
Tree 0:
digraph g {
node [shape=rectangle];
n[label = "FarthestInsertion"];
}


Generation: 27
Best Individual:
Subpopulation 0:
Evaluated: true
Fitness: Standardized=0.7976853 Adjusted=0.55627084 Hits=0
Tree 0:
digraph g {
node [shape=rectangle];
n[label = "FarthestInsertion"];
}


Generation: 28
Best Individual:
Subpopulation 0:
Evaluated: true
Fitness: Standardized=0.7976853 Adjusted=0.55627084 Hits=0
Tree 0:
digraph g {
node [shape=rectangle];
n[label = "FarthestFirstNode"];
}


Generation: 29
Best Individual:
Subpopulation 0:
Evaluated: true
Fitness: Standardized=0.7976853 Adjusted=0.55627084 Hits=0
Tree 0:
digraph g {
node [shape=rectangle];
n[label = "FarthestInsertion"];
}


Generation: 30
Best Individual:
Subpopulation 0:
Evaluated: true
Fitness: Standardized=0.7976853 Adjusted=0.55627084 Hits=0
Tree 0:
digraph g {
node [shape=rectangle];
n[label = "FarthestInsertion"];
}


Generation: 31
Best Individual:
Subpopulation 0:
Evaluated: true
Fitness: Standardized=0.7976853 Adjusted=0.55627084 Hits=0
Tree 0:
digraph g {
node [shape=rectangle];
n[label = "FarthestNeighbor"];
}


Generation: 32
Best Individual:
Subpopulation 0:
Evaluated: true
Fitness: Standardized=0.7976853 Adjusted=0.55627084 Hits=0
Tree 0:
digraph g {
node [shape=rectangle];
n[label = "FarthestInsertion"];
}


Generation: 33
Best Individual:
Subpopulation 0:
Evaluated: true
Fitness: Standardized=0.7976853 Adjusted=0.55627084 Hits=0
Tree 0:
digraph g {
node [shape=rectangle];
n[label = "FarthestInsertion"];
}


Generation: 34
Best Individual:
Subpopulation 0:
Evaluated: true
Fitness: Standardized=0.60171497 Adjusted=0.6243308 Hits=0
Tree 0:
digraph g {
node [shape=rectangle];
n[label = "If_Then"];
n0[label = "Or"];
n00[label = "If_Then_Else"];
n000[label = "And"];
n0000[label = "FarthestFirstNode"];
n000 -> n0000;
n0001[label = "WorstMove"];
n000 -> n0001;
n00 -> n000;
n001[label = "NearestNeighbor"];
n00 -> n001;
n002[label = "FarthestFirstNode"];
n00 -> n002;
n0 -> n00;
n01[label = "NearestFirstNode"];
n0 -> n01;
n -> n0;
n1[label = "NearestInsertion"];
n -> n1;
}


Generation: 35
Best Individual:
Subpopulation 0:
Evaluated: true
Fitness: Standardized=0.60171497 Adjusted=0.6243308 Hits=0
Tree 0:
digraph g {
node [shape=rectangle];
n[label = "If_Then"];
n0[label = "Or"];
n00[label = "If_Then_Else"];
n000[label = "And"];
n0000[label = "FarthestFirstNode"];
n000 -> n0000;
n0001[label = "WorstMove"];
n000 -> n0001;
n00 -> n000;
n001[label = "NearestNeighbor"];
n00 -> n001;
n002[label = "FarthestFirstNode"];
n00 -> n002;
n0 -> n00;
n01[label = "NearestFirstNode"];
n0 -> n01;
n -> n0;
n1[label = "NearestInsertion"];
n -> n1;
}


Generation: 36
Best Individual:
Subpopulation 0:
Evaluated: true
Fitness: Standardized=0.60171497 Adjusted=0.6243308 Hits=0
Tree 0:
digraph g {
node [shape=rectangle];
n[label = "If_Then"];
n0[label = "Or"];
n00[label = "If_Then_Else"];
n000[label = "And"];
n0000[label = "FarthestFirstNode"];
n000 -> n0000;
n0001[label = "WorstMove"];
n000 -> n0001;
n00 -> n000;
n001[label = "NearestNeighbor"];
n00 -> n001;
n002[label = "FarthestFirstNode"];
n00 -> n002;
n0 -> n00;
n01[label = "NearestFirstNode"];
n0 -> n01;
n -> n0;
n1[label = "NearestInsertion"];
n -> n1;
}


Generation: 37
Best Individual:
Subpopulation 0:
Evaluated: true
Fitness: Standardized=0.5939985 Adjusted=0.6273532 Hits=0
Tree 0:
digraph g {
node [shape=rectangle];
n[label = "If_Then"];
n0[label = "Or"];
n00[label = "If_Then_Else"];
n000[label = "And"];
n0000[label = "FarthestFirstNode"];
n000 -> n0000;
n0001[label = "FarthestFirstNode"];
n000 -> n0001;
n00 -> n000;
n001[label = "NearestNeighbor"];
n00 -> n001;
n002[label = "FarthestFirstNode"];
n00 -> n002;
n0 -> n00;
n01[label = "NearestFirstNode"];
n0 -> n01;
n -> n0;
n1[label = "NearestInsertion"];
n -> n1;
}


Generation: 38
Best Individual:
Subpopulation 0:
Evaluated: true
Fitness: Standardized=0.5939985 Adjusted=0.6273532 Hits=0
Tree 0:
digraph g {
node [shape=rectangle];
n[label = "If_Then"];
n0[label = "Or"];
n00[label = "If_Then_Else"];
n000[label = "And"];
n0000[label = "FarthestFirstNode"];
n000 -> n0000;
n0001[label = "FarthestFirstNode"];
n000 -> n0001;
n00 -> n000;
n001[label = "NearestNeighbor"];
n00 -> n001;
n002[label = "FarthestFirstNode"];
n00 -> n002;
n0 -> n00;
n01[label = "NearestFirstNode"];
n0 -> n01;
n -> n0;
n1[label = "NearestInsertion"];
n -> n1;
}


Generation: 39
Best Individual:
Subpopulation 0:
Evaluated: true
Fitness: Standardized=0.33823183 Adjusted=0.74725467 Hits=0
Tree 0:
digraph g {
node [shape=rectangle];
n[label = "If_Then"];
n0[label = "Or"];
n00[label = "If_Then_Else"];
n000[label = "And"];
n0000[label = "FarthestFirstNode"];
n000 -> n0000;
n0001[label = "WorstMove"];
n000 -> n0001;
n00 -> n000;
n001[label = "NearestNeighbor"];
n00 -> n001;
n002[label = "FarthestFirstNode"];
n00 -> n002;
n0 -> n00;
n01[label = "NearestFirstNode"];
n0 -> n01;
n -> n0;
n1[label = "Or"];
n10[label = "If_Then_Else"];
n100[label = "And"];
n1000[label = "FarthestFirstNode"];
n100 -> n1000;
n1001[label = "WorstMove"];
n100 -> n1001;
n10 -> n100;
n101[label = "NearestNeighbor"];
n10 -> n101;
n102[label = "FarthestFirstNode"];
n10 -> n102;
n1 -> n10;
n11[label = "NearestFirstNode"];
n1 -> n11;
n -> n1;
}


Generation: 40
Best Individual:
Subpopulation 0:
Evaluated: true
Fitness: Standardized=0.33823183 Adjusted=0.74725467 Hits=0
Tree 0:
digraph g {
node [shape=rectangle];
n[label = "If_Then"];
n0[label = "Or"];
n00[label = "If_Then_Else"];
n000[label = "And"];
n0000[label = "FarthestFirstNode"];
n000 -> n0000;
n0001[label = "WorstMove"];
n000 -> n0001;
n00 -> n000;
n001[label = "NearestNeighbor"];
n00 -> n001;
n002[label = "FarthestFirstNode"];
n00 -> n002;
n0 -> n00;
n01[label = "NearestFirstNode"];
n0 -> n01;
n -> n0;
n1[label = "Or"];
n10[label = "If_Then_Else"];
n100[label = "And"];
n1000[label = "FarthestFirstNode"];
n100 -> n1000;
n1001[label = "WorstMove"];
n100 -> n1001;
n10 -> n100;
n101[label = "NearestNeighbor"];
n10 -> n101;
n102[label = "FarthestFirstNode"];
n10 -> n102;
n1 -> n10;
n11[label = "NearestFirstNode"];
n1 -> n11;
n -> n1;
}


Generation: 41
Best Individual:
Subpopulation 0:
Evaluated: true
Fitness: Standardized=0.33823183 Adjusted=0.74725467 Hits=0
Tree 0:
digraph g {
node [shape=rectangle];
n[label = "If_Then"];
n0[label = "Or"];
n00[label = "If_Then_Else"];
n000[label = "And"];
n0000[label = "FarthestFirstNode"];
n000 -> n0000;
n0001[label = "WorstMove"];
n000 -> n0001;
n00 -> n000;
n001[label = "NearestNeighbor"];
n00 -> n001;
n002[label = "FarthestFirstNode"];
n00 -> n002;
n0 -> n00;
n01[label = "NearestFirstNode"];
n0 -> n01;
n -> n0;
n1[label = "Or"];
n10[label = "If_Then_Else"];
n100[label = "And"];
n1000[label = "FarthestFirstNode"];
n100 -> n1000;
n1001[label = "WorstMove"];
n100 -> n1001;
n10 -> n100;
n101[label = "NearestNeighbor"];
n10 -> n101;
n102[label = "FarthestFirstNode"];
n10 -> n102;
n1 -> n10;
n11[label = "NearestFirstNode"];
n1 -> n11;
n -> n1;
}


Generation: 42
Best Individual:
Subpopulation 0:
Evaluated: true
Fitness: Standardized=0.33823183 Adjusted=0.74725467 Hits=0
Tree 0:
digraph g {
node [shape=rectangle];
n[label = "If_Then"];
n0[label = "Or"];
n00[label = "If_Then_Else"];
n000[label = "And"];
n0000[label = "FarthestFirstNode"];
n000 -> n0000;
n0001[label = "WorstMove"];
n000 -> n0001;
n00 -> n000;
n001[label = "NearestNeighbor"];
n00 -> n001;
n002[label = "FarthestFirstNode"];
n00 -> n002;
n0 -> n00;
n01[label = "NearestFirstNode"];
n0 -> n01;
n -> n0;
n1[label = "Or"];
n10[label = "If_Then_Else"];
n100[label = "And"];
n1000[label = "FarthestFirstNode"];
n100 -> n1000;
n1001[label = "WorstMove"];
n100 -> n1001;
n10 -> n100;
n101[label = "NearestNeighbor"];
n10 -> n101;
n102[label = "FarthestFirstNode"];
n10 -> n102;
n1 -> n10;
n11[label = "And"];
n110[label = "FarthestFirstNode"];
n11 -> n110;
n111[label = "WorstMove"];
n11 -> n111;
n1 -> n11;
n -> n1;
}


Generation: 43
Best Individual:
Subpopulation 0:
Evaluated: true
Fitness: Standardized=0.33823183 Adjusted=0.74725467 Hits=0
Tree 0:
digraph g {
node [shape=rectangle];
n[label = "If_Then"];
n0[label = "Or"];
n00[label = "If_Then_Else"];
n000[label = "And"];
n0000[label = "FarthestFirstNode"];
n000 -> n0000;
n0001[label = "WorstMove"];
n000 -> n0001;
n00 -> n000;
n001[label = "NearestNeighbor"];
n00 -> n001;
n002[label = "FarthestFirstNode"];
n00 -> n002;
n0 -> n00;
n01[label = "NearestFirstNode"];
n0 -> n01;
n -> n0;
n1[label = "Or"];
n10[label = "If_Then_Else"];
n100[label = "And"];
n1000[label = "FarthestFirstNode"];
n100 -> n1000;
n1001[label = "WorstMove"];
n100 -> n1001;
n10 -> n100;
n101[label = "NearestNeighbor"];
n10 -> n101;
n102[label = "FarthestFirstNode"];
n10 -> n102;
n1 -> n10;
n11[label = "NearestFirstNode"];
n1 -> n11;
n -> n1;
}


Generation: 44
Best Individual:
Subpopulation 0:
Evaluated: true
Fitness: Standardized=0.33356202 Adjusted=0.7498714 Hits=0
Tree 0:
digraph g {
node [shape=rectangle];
n[label = "If_Then"];
n0[label = "Or"];
n00[label = "If_Then_Else"];
n000[label = "And"];
n0000[label = "FarthestFirstNode"];
n000 -> n0000;
n0001[label = "WorstMove"];
n000 -> n0001;
n00 -> n000;
n001[label = "NearestNeighbor"];
n00 -> n001;
n002[label = "And"];
n0020[label = "FarthestFirstNode"];
n002 -> n0020;
n0021[label = "WorstMove"];
n002 -> n0021;
n00 -> n002;
n0 -> n00;
n01[label = "NearestFirstNode"];
n0 -> n01;
n -> n0;
n1[label = "If_Then_Else"];
n10[label = "And"];
n100[label = "FarthestFirstNode"];
n10 -> n100;
n101[label = "WorstMove"];
n10 -> n101;
n1 -> n10;
n11[label = "NearestNeighbor"];
n1 -> n11;
n12[label = "FarthestFirstNode"];
n1 -> n12;
n -> n1;
}


Generation: 45
Best Individual:
Subpopulation 0:
Evaluated: true
Fitness: Standardized=0.33356202 Adjusted=0.7498714 Hits=0
Tree 0:
digraph g {
node [shape=rectangle];
n[label = "If_Then"];
n0[label = "Or"];
n00[label = "If_Then_Else"];
n000[label = "And"];
n0000[label = "FarthestFirstNode"];
n000 -> n0000;
n0001[label = "WorstMove"];
n000 -> n0001;
n00 -> n000;
n001[label = "NearestNeighbor"];
n00 -> n001;
n002[label = "And"];
n0020[label = "FarthestFirstNode"];
n002 -> n0020;
n0021[label = "WorstMove"];
n002 -> n0021;
n00 -> n002;
n0 -> n00;
n01[label = "NearestFirstNode"];
n0 -> n01;
n -> n0;
n1[label = "If_Then_Else"];
n10[label = "And"];
n100[label = "FarthestFirstNode"];
n10 -> n100;
n101[label = "WorstMove"];
n10 -> n101;
n1 -> n10;
n11[label = "NearestNeighbor"];
n1 -> n11;
n12[label = "FarthestFirstNode"];
n1 -> n12;
n -> n1;
}


Generation: 46
Best Individual:
Subpopulation 0:
Evaluated: true
Fitness: Standardized=0.33356202 Adjusted=0.7498714 Hits=0
Tree 0:
digraph g {
node [shape=rectangle];
n[label = "If_Then"];
n0[label = "If_Then_Else"];
n00[label = "And"];
n000[label = "FarthestFirstNode"];
n00 -> n000;
n001[label = "WorstMove"];
n00 -> n001;
n0 -> n00;
n01[label = "NearestNeighbor"];
n0 -> n01;
n02[label = "And"];
n020[label = "FarthestFirstNode"];
n02 -> n020;
n021[label = "WorstMove"];
n02 -> n021;
n0 -> n02;
n -> n0;
n1[label = "If_Then_Else"];
n10[label = "And"];
n100[label = "FarthestFirstNode"];
n10 -> n100;
n101[label = "WorstMove"];
n10 -> n101;
n1 -> n10;
n11[label = "NearestNeighbor"];
n1 -> n11;
n12[label = "FarthestFirstNode"];
n1 -> n12;
n -> n1;
}


Generation: 47
Best Individual:
Subpopulation 0:
Evaluated: true
Fitness: Standardized=0.33356202 Adjusted=0.7498714 Hits=0
Tree 0:
digraph g {
node [shape=rectangle];
n[label = "If_Then"];
n0[label = "Or"];
n00[label = "If_Then_Else"];
n000[label = "And"];
n0000[label = "FarthestFirstNode"];
n000 -> n0000;
n0001[label = "WorstMove"];
n000 -> n0001;
n00 -> n000;
n001[label = "NearestNeighbor"];
n00 -> n001;
n002[label = "And"];
n0020[label = "FarthestFirstNode"];
n002 -> n0020;
n0021[label = "WorstMove"];
n002 -> n0021;
n00 -> n002;
n0 -> n00;
n01[label = "NearestFirstNode"];
n0 -> n01;
n -> n0;
n1[label = "If_Then_Else"];
n10[label = "And"];
n100[label = "FarthestFirstNode"];
n10 -> n100;
n101[label = "WorstMove"];
n10 -> n101;
n1 -> n10;
n11[label = "NearestNeighbor"];
n1 -> n11;
n12[label = "FarthestFirstNode"];
n1 -> n12;
n -> n1;
}


Generation: 48
Best Individual:
Subpopulation 0:
Evaluated: true
Fitness: Standardized=0.33290434 Adjusted=0.7502414 Hits=0
Tree 0:
digraph g {
node [shape=rectangle];
n[label = "If_Then"];
n0[label = "If_Then_Else"];
n00[label = "If_Then_Else"];
n000[label = "And"];
n0000[label = "FarthestFirstNode"];
n000 -> n0000;
n0001[label = "WorstMove"];
n000 -> n0001;
n00 -> n000;
n001[label = "NearestNeighbor"];
n00 -> n001;
n002[label = "And"];
n0020[label = "FarthestFirstNode"];
n002 -> n0020;
n0021[label = "WorstMove"];
n002 -> n0021;
n00 -> n002;
n0 -> n00;
n01[label = "NearestNeighbor"];
n0 -> n01;
n02[label = "And"];
n020[label = "FarthestFirstNode"];
n02 -> n020;
n021[label = "WorstMove"];
n02 -> n021;
n0 -> n02;
n -> n0;
n1[label = "If_Then_Else"];
n10[label = "And"];
n100[label = "FarthestFirstNode"];
n10 -> n100;
n101[label = "WorstMove"];
n10 -> n101;
n1 -> n10;
n11[label = "NearestNeighbor"];
n1 -> n11;
n12[label = "FarthestFirstNode"];
n1 -> n12;
n -> n1;
}


Generation: 49
Best Individual:
Subpopulation 0:
Evaluated: true
Fitness: Standardized=0.29785123 Adjusted=0.77050436 Hits=0
Tree 0:
digraph g {
node [shape=rectangle];
n[label = "If_Then"];
n0[label = "If_Then_Else"];
n00[label = "And"];
n000[label = "FarthestFirstNode"];
n00 -> n000;
n001[label = "WorstMove"];
n00 -> n001;
n0 -> n00;
n01[label = "NearestNeighbor"];
n0 -> n01;
n02[label = "And"];
n020[label = "FarthestFirstNode"];
n02 -> n020;
n021[label = "WorstMove"];
n02 -> n021;
n0 -> n02;
n -> n0;
n1[label = "If_Then_Else"];
n10[label = "And"];
n100[label = "FarthestFirstNode"];
n10 -> n100;
n101[label = "WorstMove"];
n10 -> n101;
n1 -> n10;
n11[label = "If_Then_Else"];
n110[label = "And"];
n1100[label = "FarthestFirstNode"];
n110 -> n1100;
n1101[label = "WorstMove"];
n110 -> n1101;
n11 -> n110;
n111[label = "NearestNeighbor"];
n11 -> n111;
n112[label = "And"];
n1120[label = "FarthestFirstNode"];
n112 -> n1120;
n1121[label = "WorstMove"];
n112 -> n1121;
n11 -> n112;
n1 -> n11;
n12[label = "FarthestFirstNode"];
n1 -> n12;
n -> n1;
}


Generation: 50
Best Individual:
Subpopulation 0:
Evaluated: true
Fitness: Standardized=0.29785123 Adjusted=0.77050436 Hits=0
Tree 0:
digraph g {
node [shape=rectangle];
n[label = "If_Then"];
n0[label = "If_Then_Else"];
n00[label = "And"];
n000[label = "FarthestFirstNode"];
n00 -> n000;
n001[label = "WorstMove"];
n00 -> n001;
n0 -> n00;
n01[label = "NearestNeighbor"];
n0 -> n01;
n02[label = "And"];
n020[label = "FarthestFirstNode"];
n02 -> n020;
n021[label = "WorstMove"];
n02 -> n021;
n0 -> n02;
n -> n0;
n1[label = "If_Then_Else"];
n10[label = "And"];
n100[label = "FarthestFirstNode"];
n10 -> n100;
n101[label = "WorstMove"];
n10 -> n101;
n1 -> n10;
n11[label = "If_Then_Else"];
n110[label = "And"];
n1100[label = "FarthestFirstNode"];
n110 -> n1100;
n1101[label = "WorstMove"];
n110 -> n1101;
n11 -> n110;
n111[label = "NearestNeighbor"];
n11 -> n111;
n112[label = "And"];
n1120[label = "FarthestFirstNode"];
n112 -> n1120;
n1121[label = "WorstMove"];
n112 -> n1121;
n11 -> n112;
n1 -> n11;
n12[label = "FarthestFirstNode"];
n1 -> n12;
n -> n1;
}


Generation: 51
Best Individual:
Subpopulation 0:
Evaluated: true
Fitness: Standardized=0.26760465 Adjusted=0.7888895 Hits=0
Tree 0:
digraph g {
node [shape=rectangle];
n[label = "If_Then"];
n0[label = "If_Then_Else"];
n00[label = "If_Then_Else"];
n000[label = "And"];
n0000[label = "FarthestFirstNode"];
n000 -> n0000;
n0001[label = "WorstMove"];
n000 -> n0001;
n00 -> n000;
n001[label = "NearestNeighbor"];
n00 -> n001;
n002[label = "And"];
n0020[label = "FarthestFirstNode"];
n002 -> n0020;
n0021[label = "WorstMove"];
n002 -> n0021;
n00 -> n002;
n0 -> n00;
n01[label = "And"];
n010[label = "FarthestFirstNode"];
n01 -> n010;
n011[label = "WorstMove"];
n01 -> n011;
n0 -> n01;
n02[label = "If_Then_Else"];
n020[label = "And"];
n0200[label = "FarthestFirstNode"];
n020 -> n0200;
n0201[label = "WorstMove"];
n020 -> n0201;
n02 -> n020;
n021[label = "NearestNeighbor"];
n02 -> n021;
n022[label = "And"];
n0220[label = "FarthestFirstNode"];
n022 -> n0220;
n0221[label = "WorstMove"];
n022 -> n0221;
n02 -> n022;
n0 -> n02;
n -> n0;
n1[label = "If_Then_Else"];
n10[label = "And"];
n100[label = "FarthestFirstNode"];
n10 -> n100;
n101[label = "WorstMove"];
n10 -> n101;
n1 -> n10;
n11[label = "NearestNeighbor"];
n1 -> n11;
n12[label = "FarthestFirstNode"];
n1 -> n12;
n -> n1;
}


Generation: 52
Best Individual:
Subpopulation 0:
Evaluated: true
Fitness: Standardized=0.26760465 Adjusted=0.7888895 Hits=0
Tree 0:
digraph g {
node [shape=rectangle];
n[label = "If_Then"];
n0[label = "If_Then_Else"];
n00[label = "If_Then_Else"];
n000[label = "And"];
n0000[label = "FarthestFirstNode"];
n000 -> n0000;
n0001[label = "WorstMove"];
n000 -> n0001;
n00 -> n000;
n001[label = "NearestNeighbor"];
n00 -> n001;
n002[label = "And"];
n0020[label = "FarthestFirstNode"];
n002 -> n0020;
n0021[label = "WorstMove"];
n002 -> n0021;
n00 -> n002;
n0 -> n00;
n01[label = "And"];
n010[label = "FarthestFirstNode"];
n01 -> n010;
n011[label = "WorstMove"];
n01 -> n011;
n0 -> n01;
n02[label = "WorstMove"];
n0 -> n02;
n -> n0;
n1[label = "If_Then_Else"];
n10[label = "And"];
n100[label = "FarthestFirstNode"];
n10 -> n100;
n101[label = "WorstMove"];
n10 -> n101;
n1 -> n10;
n11[label = "NearestNeighbor"];
n1 -> n11;
n12[label = "FarthestFirstNode"];
n1 -> n12;
n -> n1;
}


Generation: 53
Best Individual:
Subpopulation 0:
Evaluated: true
Fitness: Standardized=0.25805762 Adjusted=0.79487616 Hits=0
Tree 0:
digraph g {
node [shape=rectangle];
n[label = "If_Then"];
n0[label = "If_Then_Else"];
n00[label = "If_Then_Else"];
n000[label = "And"];
n0000[label = "FarthestFirstNode"];
n000 -> n0000;
n0001[label = "WorstMove"];
n000 -> n0001;
n00 -> n000;
n001[label = "NearestNeighbor"];
n00 -> n001;
n002[label = "And"];
n0020[label = "FarthestFirstNode"];
n002 -> n0020;
n0021[label = "WorstMove"];
n002 -> n0021;
n00 -> n002;
n0 -> n00;
n01[label = "FarthestFirstNode"];
n0 -> n01;
n02[label = "WorstMove"];
n0 -> n02;
n -> n0;
n1[label = "If_Then_Else"];
n10[label = "And"];
n100[label = "FarthestFirstNode"];
n10 -> n100;
n101[label = "WorstMove"];
n10 -> n101;
n1 -> n10;
n11[label = "NearestNeighbor"];
n1 -> n11;
n12[label = "FarthestFirstNode"];
n1 -> n12;
n -> n1;
}


Generation: 54
Best Individual:
Subpopulation 0:
Evaluated: true
Fitness: Standardized=0.25805762 Adjusted=0.79487616 Hits=0
Tree 0:
digraph g {
node [shape=rectangle];
n[label = "If_Then"];
n0[label = "If_Then_Else"];
n00[label = "If_Then_Else"];
n000[label = "And"];
n0000[label = "FarthestFirstNode"];
n000 -> n0000;
n0001[label = "WorstMove"];
n000 -> n0001;
n00 -> n000;
n001[label = "NearestNeighbor"];
n00 -> n001;
n002[label = "And"];
n0020[label = "FarthestFirstNode"];
n002 -> n0020;
n0021[label = "WorstMove"];
n002 -> n0021;
n00 -> n002;
n0 -> n00;
n01[label = "FarthestFirstNode"];
n0 -> n01;
n02[label = "WorstMove"];
n0 -> n02;
n -> n0;
n1[label = "If_Then_Else"];
n10[label = "And"];
n100[label = "FarthestFirstNode"];
n10 -> n100;
n101[label = "WorstMove"];
n10 -> n101;
n1 -> n10;
n11[label = "NearestNeighbor"];
n1 -> n11;
n12[label = "FarthestFirstNode"];
n1 -> n12;
n -> n1;
}


Generation: 55
Best Individual:
Subpopulation 0:
Evaluated: true
Fitness: Standardized=0.25805762 Adjusted=0.79487616 Hits=0
Tree 0:
digraph g {
node [shape=rectangle];
n[label = "If_Then"];
n0[label = "If_Then_Else"];
n00[label = "If_Then_Else"];
n000[label = "And"];
n0000[label = "FarthestFirstNode"];
n000 -> n0000;
n0001[label = "WorstMove"];
n000 -> n0001;
n00 -> n000;
n001[label = "NearestNeighbor"];
n00 -> n001;
n002[label = "And"];
n0020[label = "FarthestFirstNode"];
n002 -> n0020;
n0021[label = "WorstMove"];
n002 -> n0021;
n00 -> n002;
n0 -> n00;
n01[label = "FarthestFirstNode"];
n0 -> n01;
n02[label = "WorstMove"];
n0 -> n02;
n -> n0;
n1[label = "If_Then_Else"];
n10[label = "And"];
n100[label = "FarthestFirstNode"];
n10 -> n100;
n101[label = "WorstMove"];
n10 -> n101;
n1 -> n10;
n11[label = "NearestNeighbor"];
n1 -> n11;
n12[label = "FarthestFirstNode"];
n1 -> n12;
n -> n1;
}


Generation: 56
Best Individual:
Subpopulation 0:
Evaluated: true
Fitness: Standardized=0.25805762 Adjusted=0.79487616 Hits=0
Tree 0:
digraph g {
node [shape=rectangle];
n[label = "If_Then"];
n0[label = "If_Then_Else"];
n00[label = "If_Then_Else"];
n000[label = "And"];
n0000[label = "FarthestFirstNode"];
n000 -> n0000;
n0001[label = "WorstMove"];
n000 -> n0001;
n00 -> n000;
n001[label = "NearestNeighbor"];
n00 -> n001;
n002[label = "And"];
n0020[label = "FarthestFirstNode"];
n002 -> n0020;
n0021[label = "WorstMove"];
n002 -> n0021;
n00 -> n002;
n0 -> n00;
n01[label = "FarthestFirstNode"];
n0 -> n01;
n02[label = "WorstMove"];
n0 -> n02;
n -> n0;
n1[label = "If_Then_Else"];
n10[label = "And"];
n100[label = "FarthestFirstNode"];
n10 -> n100;
n101[label = "WorstMove"];
n10 -> n101;
n1 -> n10;
n11[label = "NearestNeighbor"];
n1 -> n11;
n12[label = "FarthestFirstNode"];
n1 -> n12;
n -> n1;
}


Generation: 57
Best Individual:
Subpopulation 0:
Evaluated: true
Fitness: Standardized=0.25805762 Adjusted=0.79487616 Hits=0
Tree 0:
digraph g {
node [shape=rectangle];
n[label = "If_Then"];
n0[label = "If_Then_Else"];
n00[label = "If_Then_Else"];
n000[label = "And"];
n0000[label = "FarthestFirstNode"];
n000 -> n0000;
n0001[label = "WorstMove"];
n000 -> n0001;
n00 -> n000;
n001[label = "NearestNeighbor"];
n00 -> n001;
n002[label = "And"];
n0020[label = "FarthestFirstNode"];
n002 -> n0020;
n0021[label = "WorstMove"];
n002 -> n0021;
n00 -> n002;
n0 -> n00;
n01[label = "FarthestFirstNode"];
n0 -> n01;
n02[label = "WorstMove"];
n0 -> n02;
n -> n0;
n1[label = "If_Then_Else"];
n10[label = "And"];
n100[label = "FarthestFirstNode"];
n10 -> n100;
n101[label = "WorstMove"];
n10 -> n101;
n1 -> n10;
n11[label = "NearestNeighbor"];
n1 -> n11;
n12[label = "FarthestFirstNode"];
n1 -> n12;
n -> n1;
}


Generation: 58
Best Individual:
Subpopulation 0:
Evaluated: true
Fitness: Standardized=0.25805762 Adjusted=0.79487616 Hits=0
Tree 0:
digraph g {
node [shape=rectangle];
n[label = "If_Then"];
n0[label = "If_Then_Else"];
n00[label = "If_Then_Else"];
n000[label = "And"];
n0000[label = "FarthestFirstNode"];
n000 -> n0000;
n0001[label = "WorstMove"];
n000 -> n0001;
n00 -> n000;
n001[label = "NearestNeighbor"];
n00 -> n001;
n002[label = "And"];
n0020[label = "FarthestFirstNode"];
n002 -> n0020;
n0021[label = "WorstMove"];
n002 -> n0021;
n00 -> n002;
n0 -> n00;
n01[label = "FarthestFirstNode"];
n0 -> n01;
n02[label = "WorstMove"];
n0 -> n02;
n -> n0;
n1[label = "If_Then_Else"];
n10[label = "And"];
n100[label = "FarthestFirstNode"];
n10 -> n100;
n101[label = "WorstMove"];
n10 -> n101;
n1 -> n10;
n11[label = "NearestNeighbor"];
n1 -> n11;
n12[label = "FarthestFirstNode"];
n1 -> n12;
n -> n1;
}


Generation: 59
Best Individual:
Subpopulation 0:
Evaluated: true
Fitness: Standardized=0.25805762 Adjusted=0.79487616 Hits=0
Tree 0:
digraph g {
node [shape=rectangle];
n[label = "If_Then"];
n0[label = "If_Then_Else"];
n00[label = "If_Then_Else"];
n000[label = "And"];
n0000[label = "FarthestFirstNode"];
n000 -> n0000;
n0001[label = "WorstMove"];
n000 -> n0001;
n00 -> n000;
n001[label = "NearestNeighbor"];
n00 -> n001;
n002[label = "And"];
n0020[label = "FarthestFirstNode"];
n002 -> n0020;
n0021[label = "WorstMove"];
n002 -> n0021;
n00 -> n002;
n0 -> n00;
n01[label = "FarthestFirstNode"];
n0 -> n01;
n02[label = "WorstMove"];
n0 -> n02;
n -> n0;
n1[label = "If_Then_Else"];
n10[label = "And"];
n100[label = "FarthestFirstNode"];
n10 -> n100;
n101[label = "WorstMove"];
n10 -> n101;
n1 -> n10;
n11[label = "NearestNeighbor"];
n1 -> n11;
n12[label = "FarthestFirstNode"];
n1 -> n12;
n -> n1;
}


Generation: 60
Best Individual:
Subpopulation 0:
Evaluated: true
Fitness: Standardized=0.25805762 Adjusted=0.79487616 Hits=0
Tree 0:
digraph g {
node [shape=rectangle];
n[label = "If_Then"];
n0[label = "If_Then_Else"];
n00[label = "If_Then_Else"];
n000[label = "And"];
n0000[label = "FarthestFirstNode"];
n000 -> n0000;
n0001[label = "WorstMove"];
n000 -> n0001;
n00 -> n000;
n001[label = "NearestNeighbor"];
n00 -> n001;
n002[label = "And"];
n0020[label = "FarthestFirstNode"];
n002 -> n0020;
n0021[label = "WorstMove"];
n002 -> n0021;
n00 -> n002;
n0 -> n00;
n01[label = "FarthestFirstNode"];
n0 -> n01;
n02[label = "WorstMove"];
n0 -> n02;
n -> n0;
n1[label = "If_Then_Else"];
n10[label = "And"];
n100[label = "FarthestFirstNode"];
n10 -> n100;
n101[label = "WorstMove"];
n10 -> n101;
n1 -> n10;
n11[label = "NearestNeighbor"];
n1 -> n11;
n12[label = "FarthestFirstNode"];
n1 -> n12;
n -> n1;
}


Generation: 61
Best Individual:
Subpopulation 0:
Evaluated: true
Fitness: Standardized=0.25805762 Adjusted=0.79487616 Hits=0
Tree 0:
digraph g {
node [shape=rectangle];
n[label = "If_Then"];
n0[label = "If_Then_Else"];
n00[label = "If_Then_Else"];
n000[label = "And"];
n0000[label = "FarthestFirstNode"];
n000 -> n0000;
n0001[label = "WorstMove"];
n000 -> n0001;
n00 -> n000;
n001[label = "NearestNeighbor"];
n00 -> n001;
n002[label = "And"];
n0020[label = "FarthestFirstNode"];
n002 -> n0020;
n0021[label = "WorstMove"];
n002 -> n0021;
n00 -> n002;
n0 -> n00;
n01[label = "FarthestFirstNode"];
n0 -> n01;
n02[label = "WorstMove"];
n0 -> n02;
n -> n0;
n1[label = "If_Then_Else"];
n10[label = "And"];
n100[label = "FarthestFirstNode"];
n10 -> n100;
n101[label = "WorstMove"];
n10 -> n101;
n1 -> n10;
n11[label = "NearestNeighbor"];
n1 -> n11;
n12[label = "FarthestFirstNode"];
n1 -> n12;
n -> n1;
}


Generation: 62
Best Individual:
Subpopulation 0:
Evaluated: true
Fitness: Standardized=0.25805762 Adjusted=0.79487616 Hits=0
Tree 0:
digraph g {
node [shape=rectangle];
n[label = "If_Then"];
n0[label = "If_Then_Else"];
n00[label = "If_Then_Else"];
n000[label = "And"];
n0000[label = "FarthestFirstNode"];
n000 -> n0000;
n0001[label = "WorstMove"];
n000 -> n0001;
n00 -> n000;
n001[label = "NearestNeighbor"];
n00 -> n001;
n002[label = "And"];
n0020[label = "FarthestFirstNode"];
n002 -> n0020;
n0021[label = "WorstMove"];
n002 -> n0021;
n00 -> n002;
n0 -> n00;
n01[label = "FarthestFirstNode"];
n0 -> n01;
n02[label = "WorstMove"];
n0 -> n02;
n -> n0;
n1[label = "If_Then_Else"];
n10[label = "And"];
n100[label = "FarthestFirstNode"];
n10 -> n100;
n101[label = "WorstMove"];
n10 -> n101;
n1 -> n10;
n11[label = "NearestNeighbor"];
n1 -> n11;
n12[label = "FarthestFirstNode"];
n1 -> n12;
n -> n1;
}


Generation: 63
Best Individual:
Subpopulation 0:
Evaluated: true
Fitness: Standardized=0.25805762 Adjusted=0.79487616 Hits=0
Tree 0:
digraph g {
node [shape=rectangle];
n[label = "If_Then"];
n0[label = "If_Then_Else"];
n00[label = "If_Then_Else"];
n000[label = "And"];
n0000[label = "FarthestFirstNode"];
n000 -> n0000;
n0001[label = "WorstMove"];
n000 -> n0001;
n00 -> n000;
n001[label = "NearestNeighbor"];
n00 -> n001;
n002[label = "And"];
n0020[label = "FarthestFirstNode"];
n002 -> n0020;
n0021[label = "WorstMove"];
n002 -> n0021;
n00 -> n002;
n0 -> n00;
n01[label = "FarthestFirstNode"];
n0 -> n01;
n02[label = "WorstMove"];
n0 -> n02;
n -> n0;
n1[label = "If_Then_Else"];
n10[label = "And"];
n100[label = "FarthestFirstNode"];
n10 -> n100;
n101[label = "WorstMove"];
n10 -> n101;
n1 -> n10;
n11[label = "NearestNeighbor"];
n1 -> n11;
n12[label = "FarthestFirstNode"];
n1 -> n12;
n -> n1;
}


Generation: 64
Best Individual:
Subpopulation 0:
Evaluated: true
Fitness: Standardized=0.25805762 Adjusted=0.79487616 Hits=0
Tree 0:
digraph g {
node [shape=rectangle];
n[label = "If_Then"];
n0[label = "If_Then_Else"];
n00[label = "If_Then_Else"];
n000[label = "And"];
n0000[label = "FarthestFirstNode"];
n000 -> n0000;
n0001[label = "WorstMove"];
n000 -> n0001;
n00 -> n000;
n001[label = "NearestNeighbor"];
n00 -> n001;
n002[label = "And"];
n0020[label = "FarthestFirstNode"];
n002 -> n0020;
n0021[label = "WorstMove"];
n002 -> n0021;
n00 -> n002;
n0 -> n00;
n01[label = "FarthestFirstNode"];
n0 -> n01;
n02[label = "If_Then_Else"];
n020[label = "And"];
n0200[label = "FarthestFirstNode"];
n020 -> n0200;
n0201[label = "WorstMove"];
n020 -> n0201;
n02 -> n020;
n021[label = "NearestNeighbor"];
n02 -> n021;
n022[label = "FarthestFirstNode"];
n02 -> n022;
n0 -> n02;
n -> n0;
n1[label = "If_Then_Else"];
n10[label = "And"];
n100[label = "FarthestFirstNode"];
n10 -> n100;
n101[label = "WorstMove"];
n10 -> n101;
n1 -> n10;
n11[label = "NearestNeighbor"];
n1 -> n11;
n12[label = "FarthestFirstNode"];
n1 -> n12;
n -> n1;
}


Generation: 65
Best Individual:
Subpopulation 0:
Evaluated: true
Fitness: Standardized=0.25480488 Adjusted=0.7969367 Hits=0
Tree 0:
digraph g {
node [shape=rectangle];
n[label = "If_Then"];
n0[label = "If_Then_Else"];
n00[label = "If_Then_Else"];
n000[label = "And"];
n0000[label = "FarthestFirstNode"];
n000 -> n0000;
n0001[label = "WorstMove"];
n000 -> n0001;
n00 -> n000;
n001[label = "NearestNeighbor"];
n00 -> n001;
n002[label = "And"];
n0020[label = "FarthestFirstNode"];
n002 -> n0020;
n0021[label = "WorstMove"];
n002 -> n0021;
n00 -> n002;
n0 -> n00;
n01[label = "FarthestFirstNode"];
n0 -> n01;
n02[label = "WorstMove"];
n0 -> n02;
n -> n0;
n1[label = "If_Then_Else"];
n10[label = "If_Then_Else"];
n100[label = "And"];
n1000[label = "FarthestFirstNode"];
n100 -> n1000;
n1001[label = "WorstMove"];
n100 -> n1001;
n10 -> n100;
n101[label = "NearestNeighbor"];
n10 -> n101;
n102[label = "And"];
n1020[label = "FarthestFirstNode"];
n102 -> n1020;
n1021[label = "WorstMove"];
n102 -> n1021;
n10 -> n102;
n1 -> n10;
n11[label = "NearestNeighbor"];
n1 -> n11;
n12[label = "FarthestFirstNode"];
n1 -> n12;
n -> n1;
}


Generation: 66
Best Individual:
Subpopulation 0:
Evaluated: true
Fitness: Standardized=0.25480488 Adjusted=0.7969367 Hits=0
Tree 0:
digraph g {
node [shape=rectangle];
n[label = "If_Then"];
n0[label = "If_Then_Else"];
n00[label = "If_Then_Else"];
n000[label = "And"];
n0000[label = "FarthestFirstNode"];
n000 -> n0000;
n0001[label = "WorstMove"];
n000 -> n0001;
n00 -> n000;
n001[label = "Or"];
n0010[label = "FarthestFirstNode"];
n001 -> n0010;
n0011[label = "WorstMove"];
n001 -> n0011;
n00 -> n001;
n002[label = "And"];
n0020[label = "FarthestFirstNode"];
n002 -> n0020;
n0021[label = "WorstMove"];
n002 -> n0021;
n00 -> n002;
n0 -> n00;
n01[label = "FarthestFirstNode"];
n0 -> n01;
n02[label = "WorstMove"];
n0 -> n02;
n -> n0;
n1[label = "If_Then_Else"];
n10[label = "If_Then_Else"];
n100[label = "And"];
n1000[label = "FarthestFirstNode"];
n100 -> n1000;
n1001[label = "WorstMove"];
n100 -> n1001;
n10 -> n100;
n101[label = "NearestNeighbor"];
n10 -> n101;
n102[label = "And"];
n1020[label = "FarthestFirstNode"];
n102 -> n1020;
n1021[label = "WorstMove"];
n102 -> n1021;
n10 -> n102;
n1 -> n10;
n11[label = "NearestNeighbor"];
n1 -> n11;
n12[label = "FarthestFirstNode"];
n1 -> n12;
n -> n1;
}


Generation: 67
Best Individual:
Subpopulation 0:
Evaluated: true
Fitness: Standardized=0.25480488 Adjusted=0.7969367 Hits=0
Tree 0:
digraph g {
node [shape=rectangle];
n[label = "If_Then"];
n0[label = "If_Then_Else"];
n00[label = "If_Then_Else"];
n000[label = "Equal"];
n0000[label = "FarthestFirstNode"];
n000 -> n0000;
n0001[label = "WorstMove"];
n000 -> n0001;
n00 -> n000;
n001[label = "NearestNeighbor"];
n00 -> n001;
n002[label = "And"];
n0020[label = "FarthestFirstNode"];
n002 -> n0020;
n0021[label = "WorstMove"];
n002 -> n0021;
n00 -> n002;
n0 -> n00;
n01[label = "FarthestFirstNode"];
n0 -> n01;
n02[label = "WorstMove"];
n0 -> n02;
n -> n0;
n1[label = "If_Then_Else"];
n10[label = "If_Then_Else"];
n100[label = "And"];
n1000[label = "FarthestFirstNode"];
n100 -> n1000;
n1001[label = "WorstMove"];
n100 -> n1001;
n10 -> n100;
n101[label = "NearestNeighbor"];
n10 -> n101;
n102[label = "And"];
n1020[label = "FarthestFirstNode"];
n102 -> n1020;
n1021[label = "WorstMove"];
n102 -> n1021;
n10 -> n102;
n1 -> n10;
n11[label = "NearestNeighbor"];
n1 -> n11;
n12[label = "And"];
n120[label = "FarthestFirstNode"];
n12 -> n120;
n121[label = "WorstMove"];
n12 -> n121;
n1 -> n12;
n -> n1;
}


Generation: 68
Best Individual:
Subpopulation 0:
Evaluated: true
Fitness: Standardized=0.25480488 Adjusted=0.7969367 Hits=0
Tree 0:
digraph g {
node [shape=rectangle];
n[label = "If_Then"];
n0[label = "If_Then_Else"];
n00[label = "If_Then_Else"];
n000[label = "And"];
n0000[label = "FarthestFirstNode"];
n000 -> n0000;
n0001[label = "WorstMove"];
n000 -> n0001;
n00 -> n000;
n001[label = "NearestNeighbor"];
n00 -> n001;
n002[label = "And"];
n0020[label = "FarthestFirstNode"];
n002 -> n0020;
n0021[label = "WorstMove"];
n002 -> n0021;
n00 -> n002;
n0 -> n00;
n01[label = "FarthestFirstNode"];
n0 -> n01;
n02[label = "WorstMove"];
n0 -> n02;
n -> n0;
n1[label = "If_Then_Else"];
n10[label = "If_Then_Else"];
n100[label = "And"];
n1000[label = "FarthestFirstNode"];
n100 -> n1000;
n1001[label = "WorstMove"];
n100 -> n1001;
n10 -> n100;
n101[label = "NearestNeighbor"];
n10 -> n101;
n102[label = "And"];
n1020[label = "FarthestFirstNode"];
n102 -> n1020;
n1021[label = "WorstMove"];
n102 -> n1021;
n10 -> n102;
n1 -> n10;
n11[label = "NearestNeighbor"];
n1 -> n11;
n12[label = "FarthestFirstNode"];
n1 -> n12;
n -> n1;
}


Generation: 69
Best Individual:
Subpopulation 0:
Evaluated: true
Fitness: Standardized=0.25480488 Adjusted=0.7969367 Hits=0
Tree 0:
digraph g {
node [shape=rectangle];
n[label = "If_Then"];
n0[label = "If_Then_Else"];
n00[label = "If_Then_Else"];
n000[label = "Equal"];
n0000[label = "FarthestFirstNode"];
n000 -> n0000;
n0001[label = "WorstMove"];
n000 -> n0001;
n00 -> n000;
n001[label = "NearestNeighbor"];
n00 -> n001;
n002[label = "And"];
n0020[label = "FarthestFirstNode"];
n002 -> n0020;
n0021[label = "WorstMove"];
n002 -> n0021;
n00 -> n002;
n0 -> n00;
n01[label = "FarthestFirstNode"];
n0 -> n01;
n02[label = "WorstMove"];
n0 -> n02;
n -> n0;
n1[label = "If_Then_Else"];
n10[label = "If_Then_Else"];
n100[label = "And"];
n1000[label = "FarthestFirstNode"];
n100 -> n1000;
n1001[label = "WorstMove"];
n100 -> n1001;
n10 -> n100;
n101[label = "NearestNeighbor"];
n10 -> n101;
n102[label = "And"];
n1020[label = "FarthestFirstNode"];
n102 -> n1020;
n1021[label = "WorstMove"];
n102 -> n1021;
n10 -> n102;
n1 -> n10;
n11[label = "NearestNeighbor"];
n1 -> n11;
n12[label = "And"];
n120[label = "FarthestFirstNode"];
n12 -> n120;
n121[label = "WorstMove"];
n12 -> n121;
n1 -> n12;
n -> n1;
}


Generation: 70
Best Individual:
Subpopulation 0:
Evaluated: true
Fitness: Standardized=0.25480488 Adjusted=0.7969367 Hits=0
Tree 0:
digraph g {
node [shape=rectangle];
n[label = "If_Then"];
n0[label = "If_Then_Else"];
n00[label = "If_Then_Else"];
n000[label = "Equal"];
n0000[label = "FarthestFirstNode"];
n000 -> n0000;
n0001[label = "WorstMove"];
n000 -> n0001;
n00 -> n000;
n001[label = "NearestNeighbor"];
n00 -> n001;
n002[label = "And"];
n0020[label = "FarthestFirstNode"];
n002 -> n0020;
n0021[label = "WorstMove"];
n002 -> n0021;
n00 -> n002;
n0 -> n00;
n01[label = "FarthestFirstNode"];
n0 -> n01;
n02[label = "WorstMove"];
n0 -> n02;
n -> n0;
n1[label = "If_Then_Else"];
n10[label = "If_Then_Else"];
n100[label = "And"];
n1000[label = "FarthestFirstNode"];
n100 -> n1000;
n1001[label = "WorstMove"];
n100 -> n1001;
n10 -> n100;
n101[label = "NearestNeighbor"];
n10 -> n101;
n102[label = "And"];
n1020[label = "FarthestFirstNode"];
n102 -> n1020;
n1021[label = "WorstMove"];
n102 -> n1021;
n10 -> n102;
n1 -> n10;
n11[label = "NearestNeighbor"];
n1 -> n11;
n12[label = "And"];
n120[label = "FarthestFirstNode"];
n12 -> n120;
n121[label = "WorstMove"];
n12 -> n121;
n1 -> n12;
n -> n1;
}


Generation: 71
Best Individual:
Subpopulation 0:
Evaluated: true
Fitness: Standardized=0.25480488 Adjusted=0.7969367 Hits=0
Tree 0:
digraph g {
node [shape=rectangle];
n[label = "If_Then"];
n0[label = "If_Then_Else"];
n00[label = "If_Then_Else"];
n000[label = "And"];
n0000[label = "FarthestFirstNode"];
n000 -> n0000;
n0001[label = "WorstMove"];
n000 -> n0001;
n00 -> n000;
n001[label = "NearestNeighbor"];
n00 -> n001;
n002[label = "And"];
n0020[label = "FarthestFirstNode"];
n002 -> n0020;
n0021[label = "WorstMove"];
n002 -> n0021;
n00 -> n002;
n0 -> n00;
n01[label = "FarthestFirstNode"];
n0 -> n01;
n02[label = "WorstMove"];
n0 -> n02;
n -> n0;
n1[label = "If_Then_Else"];
n10[label = "If_Then_Else"];
n100[label = "And"];
n1000[label = "FarthestFirstNode"];
n100 -> n1000;
n1001[label = "WorstMove"];
n100 -> n1001;
n10 -> n100;
n101[label = "NearestNeighbor"];
n10 -> n101;
n102[label = "And"];
n1020[label = "FarthestFirstNode"];
n102 -> n1020;
n1021[label = "WorstMove"];
n102 -> n1021;
n10 -> n102;
n1 -> n10;
n11[label = "NearestNeighbor"];
n1 -> n11;
n12[label = "WorstMove"];
n1 -> n12;
n -> n1;
}


Generation: 72
Best Individual:
Subpopulation 0:
Evaluated: true
Fitness: Standardized=0.25480488 Adjusted=0.7969367 Hits=0
Tree 0:
digraph g {
node [shape=rectangle];
n[label = "If_Then"];
n0[label = "If_Then_Else"];
n00[label = "If_Then_Else"];
n000[label = "And"];
n0000[label = "FarthestFirstNode"];
n000 -> n0000;
n0001[label = "WorstMove"];
n000 -> n0001;
n00 -> n000;
n001[label = "NearestNeighbor"];
n00 -> n001;
n002[label = "And"];
n0020[label = "FarthestFirstNode"];
n002 -> n0020;
n0021[label = "WorstMove"];
n002 -> n0021;
n00 -> n002;
n0 -> n00;
n01[label = "FarthestFirstNode"];
n0 -> n01;
n02[label = "WorstMove"];
n0 -> n02;
n -> n0;
n1[label = "If_Then_Else"];
n10[label = "If_Then_Else"];
n100[label = "And"];
n1000[label = "FarthestFirstNode"];
n100 -> n1000;
n1001[label = "WorstMove"];
n100 -> n1001;
n10 -> n100;
n101[label = "NearestNeighbor"];
n10 -> n101;
n102[label = "And"];
n1020[label = "FarthestFirstNode"];
n102 -> n1020;
n1021[label = "WorstMove"];
n102 -> n1021;
n10 -> n102;
n1 -> n10;
n11[label = "NearestNeighbor"];
n1 -> n11;
n12[label = "And"];
n120[label = "FarthestFirstNode"];
n12 -> n120;
n121[label = "WorstMove"];
n12 -> n121;
n1 -> n12;
n -> n1;
}


Generation: 73
Best Individual:
Subpopulation 0:
Evaluated: true
Fitness: Standardized=0.25480488 Adjusted=0.7969367 Hits=0
Tree 0:
digraph g {
node [shape=rectangle];
n[label = "If_Then"];
n0[label = "If_Then_Else"];
n00[label = "If_Then_Else"];
n000[label = "Equal"];
n0000[label = "FarthestFirstNode"];
n000 -> n0000;
n0001[label = "WorstMove"];
n000 -> n0001;
n00 -> n000;
n001[label = "NearestNeighbor"];
n00 -> n001;
n002[label = "And"];
n0020[label = "FarthestFirstNode"];
n002 -> n0020;
n0021[label = "WorstMove"];
n002 -> n0021;
n00 -> n002;
n0 -> n00;
n01[label = "FarthestFirstNode"];
n0 -> n01;
n02[label = "WorstMove"];
n0 -> n02;
n -> n0;
n1[label = "If_Then_Else"];
n10[label = "If_Then_Else"];
n100[label = "And"];
n1000[label = "FarthestFirstNode"];
n100 -> n1000;
n1001[label = "WorstMove"];
n100 -> n1001;
n10 -> n100;
n101[label = "NearestNeighbor"];
n10 -> n101;
n102[label = "And"];
n1020[label = "FarthestFirstNode"];
n102 -> n1020;
n1021[label = "WorstMove"];
n102 -> n1021;
n10 -> n102;
n1 -> n10;
n11[label = "NearestNeighbor"];
n1 -> n11;
n12[label = "FarthestFirstNode"];
n1 -> n12;
n -> n1;
}


Generation: 74
Best Individual:
Subpopulation 0:
Evaluated: true
Fitness: Standardized=0.25480488 Adjusted=0.7969367 Hits=0
Tree 0:
digraph g {
node [shape=rectangle];
n[label = "If_Then"];
n0[label = "If_Then_Else"];
n00[label = "If_Then_Else"];
n000[label = "And"];
n0000[label = "FarthestFirstNode"];
n000 -> n0000;
n0001[label = "WorstMove"];
n000 -> n0001;
n00 -> n000;
n001[label = "NearestNeighbor"];
n00 -> n001;
n002[label = "And"];
n0020[label = "FarthestFirstNode"];
n002 -> n0020;
n0021[label = "WorstMove"];
n002 -> n0021;
n00 -> n002;
n0 -> n00;
n01[label = "FarthestFirstNode"];
n0 -> n01;
n02[label = "WorstMove"];
n0 -> n02;
n -> n0;
n1[label = "If_Then_Else"];
n10[label = "If_Then_Else"];
n100[label = "And"];
n1000[label = "FarthestFirstNode"];
n100 -> n1000;
n1001[label = "WorstMove"];
n100 -> n1001;
n10 -> n100;
n101[label = "NearestNeighbor"];
n10 -> n101;
n102[label = "And"];
n1020[label = "FarthestFirstNode"];
n102 -> n1020;
n1021[label = "WorstMove"];
n102 -> n1021;
n10 -> n102;
n1 -> n10;
n11[label = "NearestNeighbor"];
n1 -> n11;
n12[label = "And"];
n120[label = "FarthestFirstNode"];
n12 -> n120;
n121[label = "WorstMove"];
n12 -> n121;
n1 -> n12;
n -> n1;
}


Generation: 75
Best Individual:
Subpopulation 0:
Evaluated: true
Fitness: Standardized=0.25480488 Adjusted=0.7969367 Hits=0
Tree 0:
digraph g {
node [shape=rectangle];
n[label = "If_Then"];
n0[label = "If_Then_Else"];
n00[label = "If_Then_Else"];
n000[label = "And"];
n0000[label = "FarthestFirstNode"];
n000 -> n0000;
n0001[label = "WorstMove"];
n000 -> n0001;
n00 -> n000;
n001[label = "NearestNeighbor"];
n00 -> n001;
n002[label = "And"];
n0020[label = "FarthestFirstNode"];
n002 -> n0020;
n0021[label = "WorstMove"];
n002 -> n0021;
n00 -> n002;
n0 -> n00;
n01[label = "FarthestFirstNode"];
n0 -> n01;
n02[label = "WorstMove"];
n0 -> n02;
n -> n0;
n1[label = "If_Then_Else"];
n10[label = "If_Then_Else"];
n100[label = "And"];
n1000[label = "FarthestFirstNode"];
n100 -> n1000;
n1001[label = "WorstMove"];
n100 -> n1001;
n10 -> n100;
n101[label = "NearestNeighbor"];
n10 -> n101;
n102[label = "And"];
n1020[label = "FarthestFirstNode"];
n102 -> n1020;
n1021[label = "WorstMove"];
n102 -> n1021;
n10 -> n102;
n1 -> n10;
n11[label = "NearestNeighbor"];
n1 -> n11;
n12[label = "FarthestFirstNode"];
n1 -> n12;
n -> n1;
}


Generation: 76
Best Individual:
Subpopulation 0:
Evaluated: true
Fitness: Standardized=0.25480488 Adjusted=0.7969367 Hits=0
Tree 0:
digraph g {
node [shape=rectangle];
n[label = "If_Then"];
n0[label = "If_Then_Else"];
n00[label = "If_Then_Else"];
n000[label = "Equal"];
n0000[label = "FarthestFirstNode"];
n000 -> n0000;
n0001[label = "WorstMove"];
n000 -> n0001;
n00 -> n000;
n001[label = "NearestNeighbor"];
n00 -> n001;
n002[label = "And"];
n0020[label = "FarthestFirstNode"];
n002 -> n0020;
n0021[label = "WorstMove"];
n002 -> n0021;
n00 -> n002;
n0 -> n00;
n01[label = "FarthestFirstNode"];
n0 -> n01;
n02[label = "WorstMove"];
n0 -> n02;
n -> n0;
n1[label = "If_Then_Else"];
n10[label = "If_Then_Else"];
n100[label = "And"];
n1000[label = "FarthestFirstNode"];
n100 -> n1000;
n1001[label = "WorstMove"];
n100 -> n1001;
n10 -> n100;
n101[label = "NearestNeighbor"];
n10 -> n101;
n102[label = "And"];
n1020[label = "FarthestFirstNode"];
n102 -> n1020;
n1021[label = "WorstMove"];
n102 -> n1021;
n10 -> n102;
n1 -> n10;
n11[label = "NearestNeighbor"];
n1 -> n11;
n12[label = "And"];
n120[label = "And"];
n1200[label = "FarthestFirstNode"];
n120 -> n1200;
n1201[label = "WorstMove"];
n120 -> n1201;
n12 -> n120;
n121[label = "WorstMove"];
n12 -> n121;
n1 -> n12;
n -> n1;
}


Generation: 77
Best Individual:
Subpopulation 0:
Evaluated: true
Fitness: Standardized=0.25480488 Adjusted=0.7969367 Hits=0
Tree 0:
digraph g {
node [shape=rectangle];
n[label = "If_Then"];
n0[label = "If_Then_Else"];
n00[label = "If_Then_Else"];
n000[label = "Equal"];
n0000[label = "FarthestFirstNode"];
n000 -> n0000;
n0001[label = "WorstMove"];
n000 -> n0001;
n00 -> n000;
n001[label = "NearestNeighbor"];
n00 -> n001;
n002[label = "And"];
n0020[label = "FarthestFirstNode"];
n002 -> n0020;
n0021[label = "WorstMove"];
n002 -> n0021;
n00 -> n002;
n0 -> n00;
n01[label = "FarthestFirstNode"];
n0 -> n01;
n02[label = "WorstMove"];
n0 -> n02;
n -> n0;
n1[label = "If_Then_Else"];
n10[label = "If_Then_Else"];
n100[label = "And"];
n1000[label = "FarthestFirstNode"];
n100 -> n1000;
n1001[label = "WorstMove"];
n100 -> n1001;
n10 -> n100;
n101[label = "NearestNeighbor"];
n10 -> n101;
n102[label = "And"];
n1020[label = "FarthestFirstNode"];
n102 -> n1020;
n1021[label = "WorstMove"];
n102 -> n1021;
n10 -> n102;
n1 -> n10;
n11[label = "NearestNeighbor"];
n1 -> n11;
n12[label = "And"];
n120[label = "And"];
n1200[label = "FarthestFirstNode"];
n120 -> n1200;
n1201[label = "WorstMove"];
n120 -> n1201;
n12 -> n120;
n121[label = "WorstMove"];
n12 -> n121;
n1 -> n12;
n -> n1;
}


Generation: 78
Best Individual:
Subpopulation 0:
Evaluated: true
Fitness: Standardized=0.25480488 Adjusted=0.7969367 Hits=0
Tree 0:
digraph g {
node [shape=rectangle];
n[label = "If_Then"];
n0[label = "If_Then_Else"];
n00[label = "If_Then_Else"];
n000[label = "And"];
n0000[label = "FarthestFirstNode"];
n000 -> n0000;
n0001[label = "WorstMove"];
n000 -> n0001;
n00 -> n000;
n001[label = "NearestNeighbor"];
n00 -> n001;
n002[label = "And"];
n0020[label = "FarthestFirstNode"];
n002 -> n0020;
n0021[label = "WorstMove"];
n002 -> n0021;
n00 -> n002;
n0 -> n00;
n01[label = "FarthestFirstNode"];
n0 -> n01;
n02[label = "WorstMove"];
n0 -> n02;
n -> n0;
n1[label = "If_Then_Else"];
n10[label = "If_Then_Else"];
n100[label = "And"];
n1000[label = "FarthestFirstNode"];
n100 -> n1000;
n1001[label = "WorstMove"];
n100 -> n1001;
n10 -> n100;
n101[label = "NearestNeighbor"];
n10 -> n101;
n102[label = "And"];
n1020[label = "FarthestFirstNode"];
n102 -> n1020;
n1021[label = "WorstMove"];
n102 -> n1021;
n10 -> n102;
n1 -> n10;
n11[label = "NearestNeighbor"];
n1 -> n11;
n12[label = "And"];
n120[label = "And"];
n1200[label = "FarthestFirstNode"];
n120 -> n1200;
n1201[label = "WorstMove"];
n120 -> n1201;
n12 -> n120;
n121[label = "WorstMove"];
n12 -> n121;
n1 -> n12;
n -> n1;
}


Generation: 79
Best Individual:
Subpopulation 0:
Evaluated: true
Fitness: Standardized=0.25480488 Adjusted=0.7969367 Hits=0
Tree 0:
digraph g {
node [shape=rectangle];
n[label = "If_Then"];
n0[label = "If_Then_Else"];
n00[label = "If_Then_Else"];
n000[label = "Equal"];
n0000[label = "FarthestFirstNode"];
n000 -> n0000;
n0001[label = "WorstMove"];
n000 -> n0001;
n00 -> n000;
n001[label = "NearestNeighbor"];
n00 -> n001;
n002[label = "And"];
n0020[label = "FarthestFirstNode"];
n002 -> n0020;
n0021[label = "WorstMove"];
n002 -> n0021;
n00 -> n002;
n0 -> n00;
n01[label = "FarthestFirstNode"];
n0 -> n01;
n02[label = "WorstMove"];
n0 -> n02;
n -> n0;
n1[label = "If_Then_Else"];
n10[label = "If_Then_Else"];
n100[label = "And"];
n1000[label = "FarthestFirstNode"];
n100 -> n1000;
n1001[label = "WorstMove"];
n100 -> n1001;
n10 -> n100;
n101[label = "NearestNeighbor"];
n10 -> n101;
n102[label = "And"];
n1020[label = "FarthestFirstNode"];
n102 -> n1020;
n1021[label = "WorstMove"];
n102 -> n1021;
n10 -> n102;
n1 -> n10;
n11[label = "NearestNeighbor"];
n1 -> n11;
n12[label = "And"];
n120[label = "And"];
n1200[label = "FarthestFirstNode"];
n120 -> n1200;
n1201[label = "WorstMove"];
n120 -> n1201;
n12 -> n120;
n121[label = "WorstMove"];
n12 -> n121;
n1 -> n12;
n -> n1;
}


Generation: 80
Best Individual:
Subpopulation 0:
Evaluated: true
Fitness: Standardized=0.25480488 Adjusted=0.7969367 Hits=0
Tree 0:
digraph g {
node [shape=rectangle];
n[label = "If_Then"];
n0[label = "If_Then_Else"];
n00[label = "If_Then_Else"];
n000[label = "And"];
n0000[label = "FarthestFirstNode"];
n000 -> n0000;
n0001[label = "WorstMove"];
n000 -> n0001;
n00 -> n000;
n001[label = "NearestNeighbor"];
n00 -> n001;
n002[label = "And"];
n0020[label = "FarthestFirstNode"];
n002 -> n0020;
n0021[label = "WorstMove"];
n002 -> n0021;
n00 -> n002;
n0 -> n00;
n01[label = "FarthestFirstNode"];
n0 -> n01;
n02[label = "WorstMove"];
n0 -> n02;
n -> n0;
n1[label = "If_Then_Else"];
n10[label = "If_Then_Else"];
n100[label = "And"];
n1000[label = "FarthestFirstNode"];
n100 -> n1000;
n1001[label = "WorstMove"];
n100 -> n1001;
n10 -> n100;
n101[label = "NearestNeighbor"];
n10 -> n101;
n102[label = "And"];
n1020[label = "FarthestFirstNode"];
n102 -> n1020;
n1021[label = "WorstMove"];
n102 -> n1021;
n10 -> n102;
n1 -> n10;
n11[label = "NearestNeighbor"];
n1 -> n11;
n12[label = "And"];
n120[label = "And"];
n1200[label = "FarthestFirstNode"];
n120 -> n1200;
n1201[label = "WorstMove"];
n120 -> n1201;
n12 -> n120;
n121[label = "WorstMove"];
n12 -> n121;
n1 -> n12;
n -> n1;
}


Generation: 81
Best Individual:
Subpopulation 0:
Evaluated: true
Fitness: Standardized=0.25480488 Adjusted=0.7969367 Hits=0
Tree 0:
digraph g {
node [shape=rectangle];
n[label = "If_Then"];
n0[label = "If_Then_Else"];
n00[label = "If_Then_Else"];
n000[label = "Equal"];
n0000[label = "FarthestFirstNode"];
n000 -> n0000;
n0001[label = "WorstMove"];
n000 -> n0001;
n00 -> n000;
n001[label = "NearestNeighbor"];
n00 -> n001;
n002[label = "And"];
n0020[label = "FarthestFirstNode"];
n002 -> n0020;
n0021[label = "WorstMove"];
n002 -> n0021;
n00 -> n002;
n0 -> n00;
n01[label = "FarthestFirstNode"];
n0 -> n01;
n02[label = "WorstMove"];
n0 -> n02;
n -> n0;
n1[label = "If_Then_Else"];
n10[label = "If_Then_Else"];
n100[label = "And"];
n1000[label = "FarthestFirstNode"];
n100 -> n1000;
n1001[label = "WorstMove"];
n100 -> n1001;
n10 -> n100;
n101[label = "NearestNeighbor"];
n10 -> n101;
n102[label = "FarthestFirstNode"];
n10 -> n102;
n1 -> n10;
n11[label = "NearestNeighbor"];
n1 -> n11;
n12[label = "And"];
n120[label = "And"];
n1200[label = "FarthestFirstNode"];
n120 -> n1200;
n1201[label = "WorstMove"];
n120 -> n1201;
n12 -> n120;
n121[label = "WorstMove"];
n12 -> n121;
n1 -> n12;
n -> n1;
}


Generation: 82
Best Individual:
Subpopulation 0:
Evaluated: true
Fitness: Standardized=0.25480488 Adjusted=0.7969367 Hits=0
Tree 0:
digraph g {
node [shape=rectangle];
n[label = "If_Then"];
n0[label = "If_Then_Else"];
n00[label = "If_Then_Else"];
n000[label = "Equal"];
n0000[label = "FarthestFirstNode"];
n000 -> n0000;
n0001[label = "WorstMove"];
n000 -> n0001;
n00 -> n000;
n001[label = "NearestNeighbor"];
n00 -> n001;
n002[label = "If_Then"];
n0020[label = "FarthestFirstNode"];
n002 -> n0020;
n0021[label = "WorstMove"];
n002 -> n0021;
n00 -> n002;
n0 -> n00;
n01[label = "FarthestFirstNode"];
n0 -> n01;
n02[label = "WorstMove"];
n0 -> n02;
n -> n0;
n1[label = "If_Then_Else"];
n10[label = "If_Then_Else"];
n100[label = "And"];
n1000[label = "FarthestFirstNode"];
n100 -> n1000;
n1001[label = "WorstMove"];
n100 -> n1001;
n10 -> n100;
n101[label = "NearestNeighbor"];
n10 -> n101;
n102[label = "And"];
n1020[label = "FarthestFirstNode"];
n102 -> n1020;
n1021[label = "WorstMove"];
n102 -> n1021;
n10 -> n102;
n1 -> n10;
n11[label = "NearestNeighbor"];
n1 -> n11;
n12[label = "And"];
n120[label = "FarthestFirstNode"];
n12 -> n120;
n121[label = "WorstMove"];
n12 -> n121;
n1 -> n12;
n -> n1;
}


Generation: 83
Best Individual:
Subpopulation 0:
Evaluated: true
Fitness: Standardized=0.25480488 Adjusted=0.7969367 Hits=0
Tree 0:
digraph g {
node [shape=rectangle];
n[label = "If_Then"];
n0[label = "If_Then_Else"];
n00[label = "If_Then_Else"];
n000[label = "Equal"];
n0000[label = "FarthestFirstNode"];
n000 -> n0000;
n0001[label = "WorstMove"];
n000 -> n0001;
n00 -> n000;
n001[label = "NearestNeighbor"];
n00 -> n001;
n002[label = "If_Then"];
n0020[label = "FarthestFirstNode"];
n002 -> n0020;
n0021[label = "WorstMove"];
n002 -> n0021;
n00 -> n002;
n0 -> n00;
n01[label = "FarthestFirstNode"];
n0 -> n01;
n02[label = "WorstMove"];
n0 -> n02;
n -> n0;
n1[label = "If_Then_Else"];
n10[label = "If_Then_Else"];
n100[label = "And"];
n1000[label = "FarthestFirstNode"];
n100 -> n1000;
n1001[label = "WorstMove"];
n100 -> n1001;
n10 -> n100;
n101[label = "NearestNeighbor"];
n10 -> n101;
n102[label = "And"];
n1020[label = "FarthestFirstNode"];
n102 -> n1020;
n1021[label = "WorstMove"];
n102 -> n1021;
n10 -> n102;
n1 -> n10;
n11[label = "NearestNeighbor"];
n1 -> n11;
n12[label = "And"];
n120[label = "FarthestFirstNode"];
n12 -> n120;
n121[label = "WorstMove"];
n12 -> n121;
n1 -> n12;
n -> n1;
}


Generation: 84
Best Individual:
Subpopulation 0:
Evaluated: true
Fitness: Standardized=0.25474912 Adjusted=0.7969721 Hits=0
Tree 0:
digraph g {
node [shape=rectangle];
n[label = "If_Then"];
n0[label = "If_Then_Else"];
n00[label = "If_Then_Else"];
n000[label = "Equal"];
n0000[label = "FarthestFirstNode"];
n000 -> n0000;
n0001[label = "WorstMove"];
n000 -> n0001;
n00 -> n000;
n001[label = "NearestNeighbor"];
n00 -> n001;
n002[label = "And"];
n0020[label = "FarthestFirstNode"];
n002 -> n0020;
n0021[label = "WorstMove"];
n002 -> n0021;
n00 -> n002;
n0 -> n00;
n01[label = "FarthestFirstNode"];
n0 -> n01;
n02[label = "WorstMove"];
n0 -> n02;
n -> n0;
n1[label = "If_Then_Else"];
n10[label = "If_Then_Else"];
n100[label = "And"];
n1000[label = "FarthestFirstNode"];
n100 -> n1000;
n1001[label = "WorstMove"];
n100 -> n1001;
n10 -> n100;
n101[label = "WorstMove"];
n10 -> n101;
n102[label = "And"];
n1020[label = "FarthestFirstNode"];
n102 -> n1020;
n1021[label = "WorstMove"];
n102 -> n1021;
n10 -> n102;
n1 -> n10;
n11[label = "NearestNeighbor"];
n1 -> n11;
n12[label = "And"];
n120[label = "FarthestFirstNode"];
n12 -> n120;
n121[label = "WorstMove"];
n12 -> n121;
n1 -> n12;
n -> n1;
}


Generation: 85
Best Individual:
Subpopulation 0:
Evaluated: true
Fitness: Standardized=0.25474912 Adjusted=0.7969721 Hits=0
Tree 0:
digraph g {
node [shape=rectangle];
n[label = "If_Then"];
n0[label = "If_Then_Else"];
n00[label = "If_Then_Else"];
n000[label = "Equal"];
n0000[label = "FarthestFirstNode"];
n000 -> n0000;
n0001[label = "WorstMove"];
n000 -> n0001;
n00 -> n000;
n001[label = "NearestNeighbor"];
n00 -> n001;
n002[label = "And"];
n0020[label = "FarthestFirstNode"];
n002 -> n0020;
n0021[label = "WorstMove"];
n002 -> n0021;
n00 -> n002;
n0 -> n00;
n01[label = "FarthestFirstNode"];
n0 -> n01;
n02[label = "WorstMove"];
n0 -> n02;
n -> n0;
n1[label = "If_Then_Else"];
n10[label = "If_Then_Else"];
n100[label = "And"];
n1000[label = "FarthestFirstNode"];
n100 -> n1000;
n1001[label = "WorstMove"];
n100 -> n1001;
n10 -> n100;
n101[label = "WorstMove"];
n10 -> n101;
n102[label = "And"];
n1020[label = "FarthestFirstNode"];
n102 -> n1020;
n1021[label = "WorstMove"];
n102 -> n1021;
n10 -> n102;
n1 -> n10;
n11[label = "NearestNeighbor"];
n1 -> n11;
n12[label = "And"];
n120[label = "FarthestFirstNode"];
n12 -> n120;
n121[label = "WorstMove"];
n12 -> n121;
n1 -> n12;
n -> n1;
}


Generation: 86
Best Individual:
Subpopulation 0:
Evaluated: true
Fitness: Standardized=0.25474912 Adjusted=0.7969721 Hits=0
Tree 0:
digraph g {
node [shape=rectangle];
n[label = "If_Then"];
n0[label = "If_Then_Else"];
n00[label = "If_Then_Else"];
n000[label = "Equal"];
n0000[label = "FarthestFirstNode"];
n000 -> n0000;
n0001[label = "WorstMove"];
n000 -> n0001;
n00 -> n000;
n001[label = "NearestNeighbor"];
n00 -> n001;
n002[label = "And"];
n0020[label = "FarthestFirstNode"];
n002 -> n0020;
n0021[label = "WorstMove"];
n002 -> n0021;
n00 -> n002;
n0 -> n00;
n01[label = "FarthestFirstNode"];
n0 -> n01;
n02[label = "WorstMove"];
n0 -> n02;
n -> n0;
n1[label = "If_Then_Else"];
n10[label = "If_Then_Else"];
n100[label = "And"];
n1000[label = "FarthestFirstNode"];
n100 -> n1000;
n1001[label = "WorstMove"];
n100 -> n1001;
n10 -> n100;
n101[label = "WorstMove"];
n10 -> n101;
n102[label = "And"];
n1020[label = "FarthestFirstNode"];
n102 -> n1020;
n1021[label = "WorstMove"];
n102 -> n1021;
n10 -> n102;
n1 -> n10;
n11[label = "NearestNeighbor"];
n1 -> n11;
n12[label = "And"];
n120[label = "FarthestFirstNode"];
n12 -> n120;
n121[label = "WorstMove"];
n12 -> n121;
n1 -> n12;
n -> n1;
}


Generation: 87
Best Individual:
Subpopulation 0:
Evaluated: true
Fitness: Standardized=0.25474912 Adjusted=0.7969721 Hits=0
Tree 0:
digraph g {
node [shape=rectangle];
n[label = "If_Then"];
n0[label = "If_Then_Else"];
n00[label = "If_Then_Else"];
n000[label = "Equal"];
n0000[label = "FarthestFirstNode"];
n000 -> n0000;
n0001[label = "WorstMove"];
n000 -> n0001;
n00 -> n000;
n001[label = "NearestNeighbor"];
n00 -> n001;
n002[label = "And"];
n0020[label = "FarthestFirstNode"];
n002 -> n0020;
n0021[label = "WorstMove"];
n002 -> n0021;
n00 -> n002;
n0 -> n00;
n01[label = "FarthestFirstNode"];
n0 -> n01;
n02[label = "WorstMove"];
n0 -> n02;
n -> n0;
n1[label = "If_Then_Else"];
n10[label = "If_Then_Else"];
n100[label = "And"];
n1000[label = "FarthestFirstNode"];
n100 -> n1000;
n1001[label = "WorstMove"];
n100 -> n1001;
n10 -> n100;
n101[label = "WorstMove"];
n10 -> n101;
n102[label = "And"];
n1020[label = "FarthestFirstNode"];
n102 -> n1020;
n1021[label = "WorstMove"];
n102 -> n1021;
n10 -> n102;
n1 -> n10;
n11[label = "NearestNeighbor"];
n1 -> n11;
n12[label = "And"];
n120[label = "FarthestFirstNode"];
n12 -> n120;
n121[label = "WorstMove"];
n12 -> n121;
n1 -> n12;
n -> n1;
}


Generation: 88
Best Individual:
Subpopulation 0:
Evaluated: true
Fitness: Standardized=0.25474912 Adjusted=0.7969721 Hits=0
Tree 0:
digraph g {
node [shape=rectangle];
n[label = "If_Then"];
n0[label = "If_Then_Else"];
n00[label = "If_Then_Else"];
n000[label = "Equal"];
n0000[label = "FarthestFirstNode"];
n000 -> n0000;
n0001[label = "WorstMove"];
n000 -> n0001;
n00 -> n000;
n001[label = "NearestNeighbor"];
n00 -> n001;
n002[label = "And"];
n0020[label = "FarthestFirstNode"];
n002 -> n0020;
n0021[label = "WorstMove"];
n002 -> n0021;
n00 -> n002;
n0 -> n00;
n01[label = "FarthestFirstNode"];
n0 -> n01;
n02[label = "WorstMove"];
n0 -> n02;
n -> n0;
n1[label = "If_Then_Else"];
n10[label = "If_Then_Else"];
n100[label = "And"];
n1000[label = "FarthestFirstNode"];
n100 -> n1000;
n1001[label = "WorstMove"];
n100 -> n1001;
n10 -> n100;
n101[label = "WorstMove"];
n10 -> n101;
n102[label = "And"];
n1020[label = "FarthestFirstNode"];
n102 -> n1020;
n1021[label = "WorstMove"];
n102 -> n1021;
n10 -> n102;
n1 -> n10;
n11[label = "NearestNeighbor"];
n1 -> n11;
n12[label = "And"];
n120[label = "FarthestFirstNode"];
n12 -> n120;
n121[label = "WorstMove"];
n12 -> n121;
n1 -> n12;
n -> n1;
}


Generation: 89
Best Individual:
Subpopulation 0:
Evaluated: true
Fitness: Standardized=0.25474912 Adjusted=0.7969721 Hits=0
Tree 0:
digraph g {
node [shape=rectangle];
n[label = "If_Then"];
n0[label = "If_Then_Else"];
n00[label = "If_Then_Else"];
n000[label = "Equal"];
n0000[label = "FarthestFirstNode"];
n000 -> n0000;
n0001[label = "WorstMove"];
n000 -> n0001;
n00 -> n000;
n001[label = "NearestNeighbor"];
n00 -> n001;
n002[label = "And"];
n0020[label = "FarthestFirstNode"];
n002 -> n0020;
n0021[label = "WorstMove"];
n002 -> n0021;
n00 -> n002;
n0 -> n00;
n01[label = "FarthestFirstNode"];
n0 -> n01;
n02[label = "WorstMove"];
n0 -> n02;
n -> n0;
n1[label = "If_Then_Else"];
n10[label = "If_Then_Else"];
n100[label = "And"];
n1000[label = "FarthestFirstNode"];
n100 -> n1000;
n1001[label = "WorstMove"];
n100 -> n1001;
n10 -> n100;
n101[label = "WorstMove"];
n10 -> n101;
n102[label = "And"];
n1020[label = "FarthestFirstNode"];
n102 -> n1020;
n1021[label = "WorstMove"];
n102 -> n1021;
n10 -> n102;
n1 -> n10;
n11[label = "NearestNeighbor"];
n1 -> n11;
n12[label = "And"];
n120[label = "FarthestFirstNode"];
n12 -> n120;
n121[label = "WorstMove"];
n12 -> n121;
n1 -> n12;
n -> n1;
}


Generation: 90
Best Individual:
Subpopulation 0:
Evaluated: true
Fitness: Standardized=0.25474912 Adjusted=0.7969721 Hits=0
Tree 0:
digraph g {
node [shape=rectangle];
n[label = "If_Then"];
n0[label = "If_Then_Else"];
n00[label = "If_Then_Else"];
n000[label = "Equal"];
n0000[label = "FarthestFirstNode"];
n000 -> n0000;
n0001[label = "WorstMove"];
n000 -> n0001;
n00 -> n000;
n001[label = "NearestNeighbor"];
n00 -> n001;
n002[label = "And"];
n0020[label = "FarthestFirstNode"];
n002 -> n0020;
n0021[label = "WorstMove"];
n002 -> n0021;
n00 -> n002;
n0 -> n00;
n01[label = "FarthestFirstNode"];
n0 -> n01;
n02[label = "WorstMove"];
n0 -> n02;
n -> n0;
n1[label = "If_Then_Else"];
n10[label = "If_Then_Else"];
n100[label = "And"];
n1000[label = "FarthestFirstNode"];
n100 -> n1000;
n1001[label = "WorstMove"];
n100 -> n1001;
n10 -> n100;
n101[label = "WorstMove"];
n10 -> n101;
n102[label = "And"];
n1020[label = "FarthestFirstNode"];
n102 -> n1020;
n1021[label = "WorstMove"];
n102 -> n1021;
n10 -> n102;
n1 -> n10;
n11[label = "NearestNeighbor"];
n1 -> n11;
n12[label = "FarthestInsertion"];
n1 -> n12;
n -> n1;
}


Generation: 91
Best Individual:
Subpopulation 0:
Evaluated: true
Fitness: Standardized=0.16007832 Adjusted=0.8620108 Hits=7
Tree 0:
digraph g {
node [shape=rectangle];
n[label = "If_Then"];
n0[label = "If_Then_Else"];
n00[label = "And"];
n000[label = "FarthestFirstNode"];
n00 -> n000;
n001[label = "WorstMove"];
n00 -> n001;
n0 -> n00;
n01[label = "FarthestFirstNode"];
n0 -> n01;
n02[label = "And"];
n020[label = "FarthestFirstNode"];
n02 -> n020;
n021[label = "WorstMove"];
n02 -> n021;
n0 -> n02;
n -> n0;
n1[label = "If_Then_Else"];
n10[label = "If_Then_Else"];
n100[label = "And"];
n1000[label = "FarthestFirstNode"];
n100 -> n1000;
n1001[label = "WorstMove"];
n100 -> n1001;
n10 -> n100;
n101[label = "WorstMove"];
n10 -> n101;
n102[label = "While"];
n1020[label = "BestMove"];
n102 -> n1020;
n1021[label = "CplexTerminal"];
n102 -> n1021;
n10 -> n102;
n1 -> n10;
n11[label = "NearestNeighbor"];
n1 -> n11;
n12[label = "WorstMove"];
n1 -> n12;
n -> n1;
}


Generation: 92
Best Individual:
Subpopulation 0:
Evaluated: true
Fitness: Standardized=0.16007832 Adjusted=0.8620108 Hits=7
Tree 0:
digraph g {
node [shape=rectangle];
n[label = "If_Then"];
n0[label = "If_Then_Else"];
n00[label = "And"];
n000[label = "FarthestFirstNode"];
n00 -> n000;
n001[label = "WorstMove"];
n00 -> n001;
n0 -> n00;
n01[label = "FarthestFirstNode"];
n0 -> n01;
n02[label = "And"];
n020[label = "FarthestFirstNode"];
n02 -> n020;
n021[label = "WorstMove"];
n02 -> n021;
n0 -> n02;
n -> n0;
n1[label = "If_Then_Else"];
n10[label = "If_Then_Else"];
n100[label = "And"];
n1000[label = "FarthestFirstNode"];
n100 -> n1000;
n1001[label = "WorstMove"];
n100 -> n1001;
n10 -> n100;
n101[label = "WorstMove"];
n10 -> n101;
n102[label = "While"];
n1020[label = "BestMove"];
n102 -> n1020;
n1021[label = "CplexTerminal"];
n102 -> n1021;
n10 -> n102;
n1 -> n10;
n11[label = "NearestNeighbor"];
n1 -> n11;
n12[label = "WorstMove"];
n1 -> n12;
n -> n1;
}


Generation: 93
Best Individual:
Subpopulation 0:
Evaluated: true
Fitness: Standardized=0.16007832 Adjusted=0.8620108 Hits=7
Tree 0:
digraph g {
node [shape=rectangle];
n[label = "If_Then"];
n0[label = "If_Then_Else"];
n00[label = "And"];
n000[label = "FarthestFirstNode"];
n00 -> n000;
n001[label = "WorstMove"];
n00 -> n001;
n0 -> n00;
n01[label = "FarthestFirstNode"];
n0 -> n01;
n02[label = "And"];
n020[label = "FarthestFirstNode"];
n02 -> n020;
n021[label = "WorstMove"];
n02 -> n021;
n0 -> n02;
n -> n0;
n1[label = "If_Then_Else"];
n10[label = "If_Then_Else"];
n100[label = "And"];
n1000[label = "FarthestFirstNode"];
n100 -> n1000;
n1001[label = "WorstMove"];
n100 -> n1001;
n10 -> n100;
n101[label = "WorstMove"];
n10 -> n101;
n102[label = "While"];
n1020[label = "BestMove"];
n102 -> n1020;
n1021[label = "CplexTerminal"];
n102 -> n1021;
n10 -> n102;
n1 -> n10;
n11[label = "NearestNeighbor"];
n1 -> n11;
n12[label = "WorstMove"];
n1 -> n12;
n -> n1;
}


Generation: 94
Best Individual:
Subpopulation 0:
Evaluated: true
Fitness: Standardized=0.16007832 Adjusted=0.8620108 Hits=7
Tree 0:
digraph g {
node [shape=rectangle];
n[label = "If_Then"];
n0[label = "If_Then_Else"];
n00[label = "And"];
n000[label = "FarthestFirstNode"];
n00 -> n000;
n001[label = "WorstMove"];
n00 -> n001;
n0 -> n00;
n01[label = "FarthestFirstNode"];
n0 -> n01;
n02[label = "And"];
n020[label = "FarthestFirstNode"];
n02 -> n020;
n021[label = "WorstMove"];
n02 -> n021;
n0 -> n02;
n -> n0;
n1[label = "If_Then_Else"];
n10[label = "If_Then_Else"];
n100[label = "And"];
n1000[label = "FarthestFirstNode"];
n100 -> n1000;
n1001[label = "WorstMove"];
n100 -> n1001;
n10 -> n100;
n101[label = "WorstMove"];
n10 -> n101;
n102[label = "While"];
n1020[label = "BestMove"];
n102 -> n1020;
n1021[label = "CplexTerminal"];
n102 -> n1021;
n10 -> n102;
n1 -> n10;
n11[label = "NearestNeighbor"];
n1 -> n11;
n12[label = "WorstMove"];
n1 -> n12;
n -> n1;
}


Generation: 95
Best Individual:
Subpopulation 0:
Evaluated: true
Fitness: Standardized=0.12896255 Adjusted=0.885769 Hits=8
Tree 0:
digraph g {
node [shape=rectangle];
n[label = "If_Then"];
n0[label = "If_Then_Else"];
n00[label = "And"];
n000[label = "FarthestFirstNode"];
n00 -> n000;
n001[label = "WorstMove"];
n00 -> n001;
n0 -> n00;
n01[label = "FarthestFirstNode"];
n0 -> n01;
n02[label = "And"];
n020[label = "FarthestFirstNode"];
n02 -> n020;
n021[label = "WorstMove"];
n02 -> n021;
n0 -> n02;
n -> n0;
n1[label = "If_Then_Else"];
n10[label = "If_Then_Else"];
n100[label = "And"];
n1000[label = "FarthestFirstNode"];
n100 -> n1000;
n1001[label = "WorstMove"];
n100 -> n1001;
n10 -> n100;
n101[label = "WorstMove"];
n10 -> n101;
n102[label = "While"];
n1020[label = "BestMove"];
n102 -> n1020;
n1021[label = "CplexTerminal"];
n102 -> n1021;
n10 -> n102;
n1 -> n10;
n11[label = "FarthestFirstNode"];
n1 -> n11;
n12[label = "WorstMove"];
n1 -> n12;
n -> n1;
}


Generation: 96
Best Individual:
Subpopulation 0:
Evaluated: true
Fitness: Standardized=0.103387766 Adjusted=0.90629977 Hits=8
Tree 0:
digraph g {
node [shape=rectangle];
n[label = "If_Then"];
n0[label = "If_Then_Else"];
n00[label = "And"];
n000[label = "FarthestFirstNode"];
n00 -> n000;
n001[label = "WorstMove"];
n00 -> n001;
n0 -> n00;
n01[label = "FarthestFirstNode"];
n0 -> n01;
n02[label = "Or"];
n020[label = "If_Then"];
n0200[label = "FarthestNeighbor"];
n020 -> n0200;
n0201[label = "FarthestNeighbor"];
n020 -> n0201;
n02 -> n020;
n021[label = "And"];
n0210[label = "BestMove"];
n021 -> n0210;
n0211[label = "FarthestInsertion"];
n021 -> n0211;
n02 -> n021;
n0 -> n02;
n -> n0;
n1[label = "If_Then_Else"];
n10[label = "If_Then_Else"];
n100[label = "And"];
n1000[label = "FarthestFirstNode"];
n100 -> n1000;
n1001[label = "WorstMove"];
n100 -> n1001;
n10 -> n100;
n101[label = "WorstMove"];
n10 -> n101;
n102[label = "While"];
n1020[label = "BestMove"];
n102 -> n1020;
n1021[label = "CplexTerminal"];
n102 -> n1021;
n10 -> n102;
n1 -> n10;
n11[label = "NearestNeighbor"];
n1 -> n11;
n12[label = "WorstMove"];
n1 -> n12;
n -> n1;
}


Generation: 97
Best Individual:
Subpopulation 0:
Evaluated: true
Fitness: Standardized=0.103387766 Adjusted=0.90629977 Hits=8
Tree 0:
digraph g {
node [shape=rectangle];
n[label = "If_Then"];
n0[label = "If_Then_Else"];
n00[label = "And"];
n000[label = "FarthestFirstNode"];
n00 -> n000;
n001[label = "WorstMove"];
n00 -> n001;
n0 -> n00;
n01[label = "FarthestFirstNode"];
n0 -> n01;
n02[label = "Or"];
n020[label = "If_Then"];
n0200[label = "FarthestNeighbor"];
n020 -> n0200;
n0201[label = "FarthestNeighbor"];
n020 -> n0201;
n02 -> n020;
n021[label = "And"];
n0210[label = "BestMove"];
n021 -> n0210;
n0211[label = "FarthestInsertion"];
n021 -> n0211;
n02 -> n021;
n0 -> n02;
n -> n0;
n1[label = "If_Then_Else"];
n10[label = "If_Then_Else"];
n100[label = "And"];
n1000[label = "FarthestFirstNode"];
n100 -> n1000;
n1001[label = "WorstMove"];
n100 -> n1001;
n10 -> n100;
n101[label = "WorstMove"];
n10 -> n101;
n102[label = "While"];
n1020[label = "BestMove"];
n102 -> n1020;
n1021[label = "CplexTerminal"];
n102 -> n1021;
n10 -> n102;
n1 -> n10;
n11[label = "NearestNeighbor"];
n1 -> n11;
n12[label = "WorstMove"];
n1 -> n12;
n -> n1;
}


Generation: 98
Best Individual:
Subpopulation 0:
Evaluated: true
Fitness: Standardized=0.103387766 Adjusted=0.90629977 Hits=8
Tree 0:
digraph g {
node [shape=rectangle];
n[label = "If_Then"];
n0[label = "If_Then_Else"];
n00[label = "And"];
n000[label = "FarthestFirstNode"];
n00 -> n000;
n001[label = "WorstMove"];
n00 -> n001;
n0 -> n00;
n01[label = "FarthestFirstNode"];
n0 -> n01;
n02[label = "Or"];
n020[label = "If_Then"];
n0200[label = "FarthestNeighbor"];
n020 -> n0200;
n0201[label = "FarthestNeighbor"];
n020 -> n0201;
n02 -> n020;
n021[label = "And"];
n0210[label = "BestMove"];
n021 -> n0210;
n0211[label = "FarthestInsertion"];
n021 -> n0211;
n02 -> n021;
n0 -> n02;
n -> n0;
n1[label = "If_Then_Else"];
n10[label = "If_Then_Else"];
n100[label = "And"];
n1000[label = "FarthestFirstNode"];
n100 -> n1000;
n1001[label = "WorstMove"];
n100 -> n1001;
n10 -> n100;
n101[label = "WorstMove"];
n10 -> n101;
n102[label = "While"];
n1020[label = "BestMove"];
n102 -> n1020;
n1021[label = "CplexTerminal"];
n102 -> n1021;
n10 -> n102;
n1 -> n10;
n11[label = "NearestNeighbor"];
n1 -> n11;
n12[label = "WorstMove"];
n1 -> n12;
n -> n1;
}


Generation: 99
Best Individual:
Subpopulation 0:
Evaluated: true
Fitness: Standardized=0.103387766 Adjusted=0.90629977 Hits=8
Tree 0:
digraph g {
node [shape=rectangle];
n[label = "If_Then"];
n0[label = "If_Then_Else"];
n00[label = "And"];
n000[label = "FarthestFirstNode"];
n00 -> n000;
n001[label = "WorstMove"];
n00 -> n001;
n0 -> n00;
n01[label = "FarthestFirstNode"];
n0 -> n01;
n02[label = "Or"];
n020[label = "If_Then"];
n0200[label = "FarthestNeighbor"];
n020 -> n0200;
n0201[label = "FarthestNeighbor"];
n020 -> n0201;
n02 -> n020;
n021[label = "And"];
n0210[label = "BestMove"];
n021 -> n0210;
n0211[label = "FarthestInsertion"];
n021 -> n0211;
n02 -> n021;
n0 -> n02;
n -> n0;
n1[label = "If_Then_Else"];
n10[label = "If_Then_Else"];
n100[label = "And"];
n1000[label = "FarthestFirstNode"];
n100 -> n1000;
n1001[label = "WorstMove"];
n100 -> n1001;
n10 -> n100;
n101[label = "WorstMove"];
n10 -> n101;
n102[label = "While"];
n1020[label = "BestMove"];
n102 -> n1020;
n1021[label = "CplexTerminal"];
n102 -> n1021;
n10 -> n102;
n1 -> n10;
n11[label = "NearestNeighbor"];
n1 -> n11;
n12[label = "WorstMove"];
n1 -> n12;
n -> n1;
}


Best Individual of Run:
Subpopulation 0:
Evaluated: true
Fitness: Standardized=0.103387766 Adjusted=0.90629977 Hits=8
Tree 0:
digraph g {
node [shape=rectangle];
n[label = "If_Then"];
n0[label = "If_Then_Else"];
n00[label = "And"];
n000[label = "FarthestFirstNode"];
n00 -> n000;
n001[label = "WorstMove"];
n00 -> n001;
n0 -> n00;
n01[label = "FarthestFirstNode"];
n0 -> n01;
n02[label = "Or"];
n020[label = "If_Then"];
n0200[label = "FarthestNeighbor"];
n020 -> n0200;
n0201[label = "FarthestNeighbor"];
n020 -> n0201;
n02 -> n020;
n021[label = "And"];
n0210[label = "BestMove"];
n021 -> n0210;
n0211[label = "FarthestInsertion"];
n021 -> n0211;
n02 -> n021;
n0 -> n02;
n -> n0;
n1[label = "If_Then_Else"];
n10[label = "If_Then_Else"];
n100[label = "And"];
n1000[label = "FarthestFirstNode"];
n100 -> n1000;
n1001[label = "WorstMove"];
n100 -> n1001;
n10 -> n100;
n101[label = "WorstMove"];
n10 -> n101;
n102[label = "While"];
n1020[label = "BestMove"];
n102 -> n1020;
n1021[label = "CplexTerminal"];
n102 -> n1021;
n10 -> n102;
n1 -> n10;
n11[label = "NearestNeighbor"];
n1 -> n11;
n12[label = "WorstMove"];
n1 -> n12;
n -> n1;
}

