
Generation: 0
Best Individual:
Subpopulation 0:
Evaluated: true
Fitness: Standardized=0.40495032 Adjusted=0.7117689 Hits=0
Tree 0:
digraph g {
node [shape=rectangle];
n[label = "And"];
n0[label = "If_Then"];
n00[label = "If_Then"];
n000[label = "NearestInsertion"];
n00 -> n000;
n001[label = "FarthestInsertion"];
n00 -> n001;
n0 -> n00;
n01[label = "Or"];
n010[label = "NearestNeighbor"];
n01 -> n010;
n011[label = "NearestFirstNode"];
n01 -> n011;
n0 -> n01;
n -> n0;
n1[label = "While"];
n10[label = "Equal"];
n100[label = "BestMove"];
n10 -> n100;
n101[label = "FarthestNeighbor"];
n10 -> n101;
n1 -> n10;
n11[label = "Or"];
n110[label = "NearestFirstNode"];
n11 -> n110;
n111[label = "WorstMove"];
n11 -> n111;
n1 -> n11;
n -> n1;
}


Generation: 1
Best Individual:
Subpopulation 0:
Evaluated: true
Fitness: Standardized=0.36685675 Adjusted=0.7316055 Hits=0
Tree 0:
digraph g {
node [shape=rectangle];
n[label = "And"];
n0[label = "If_Then"];
n00[label = "If_Then"];
n000[label = "FarthestFirstNode"];
n00 -> n000;
n001[label = "FarthestInsertion"];
n00 -> n001;
n0 -> n00;
n01[label = "Or"];
n010[label = "NearestNeighbor"];
n01 -> n010;
n011[label = "NearestFirstNode"];
n01 -> n011;
n0 -> n01;
n -> n0;
n1[label = "While"];
n10[label = "Equal"];
n100[label = "BestMove"];
n10 -> n100;
n101[label = "FarthestNeighbor"];
n10 -> n101;
n1 -> n10;
n11[label = "Or"];
n110[label = "NearestFirstNode"];
n11 -> n110;
n111[label = "WorstMove"];
n11 -> n111;
n1 -> n11;
n -> n1;
}


Generation: 2
Best Individual:
Subpopulation 0:
Evaluated: true
Fitness: Standardized=0.36685675 Adjusted=0.7316055 Hits=0
Tree 0:
digraph g {
node [shape=rectangle];
n[label = "And"];
n0[label = "If_Then"];
n00[label = "If_Then"];
n000[label = "FarthestFirstNode"];
n00 -> n000;
n001[label = "FarthestInsertion"];
n00 -> n001;
n0 -> n00;
n01[label = "Or"];
n010[label = "NearestNeighbor"];
n01 -> n010;
n011[label = "NearestFirstNode"];
n01 -> n011;
n0 -> n01;
n -> n0;
n1[label = "While"];
n10[label = "Equal"];
n100[label = "BestMove"];
n10 -> n100;
n101[label = "FarthestNeighbor"];
n10 -> n101;
n1 -> n10;
n11[label = "Or"];
n110[label = "NearestFirstNode"];
n11 -> n110;
n111[label = "WorstMove"];
n11 -> n111;
n1 -> n11;
n -> n1;
}


Generation: 3
Best Individual:
Subpopulation 0:
Evaluated: true
Fitness: Standardized=0.36685675 Adjusted=0.7316055 Hits=0
Tree 0:
digraph g {
node [shape=rectangle];
n[label = "And"];
n0[label = "If_Then"];
n00[label = "If_Then"];
n000[label = "FarthestFirstNode"];
n00 -> n000;
n001[label = "FarthestInsertion"];
n00 -> n001;
n0 -> n00;
n01[label = "Or"];
n010[label = "NearestNeighbor"];
n01 -> n010;
n011[label = "NearestFirstNode"];
n01 -> n011;
n0 -> n01;
n -> n0;
n1[label = "While"];
n10[label = "Equal"];
n100[label = "BestMove"];
n10 -> n100;
n101[label = "FarthestNeighbor"];
n10 -> n101;
n1 -> n10;
n11[label = "Or"];
n110[label = "NearestFirstNode"];
n11 -> n110;
n111[label = "WorstMove"];
n11 -> n111;
n1 -> n11;
n -> n1;
}


Generation: 4
Best Individual:
Subpopulation 0:
Evaluated: true
Fitness: Standardized=0.36685675 Adjusted=0.7316055 Hits=0
Tree 0:
digraph g {
node [shape=rectangle];
n[label = "And"];
n0[label = "If_Then"];
n00[label = "If_Then"];
n000[label = "FarthestFirstNode"];
n00 -> n000;
n001[label = "FarthestInsertion"];
n00 -> n001;
n0 -> n00;
n01[label = "Or"];
n010[label = "NearestNeighbor"];
n01 -> n010;
n011[label = "Or"];
n0110[label = "NearestFirstNode"];
n011 -> n0110;
n0111[label = "WorstMove"];
n011 -> n0111;
n01 -> n011;
n0 -> n01;
n -> n0;
n1[label = "While"];
n10[label = "Equal"];
n100[label = "BestMove"];
n10 -> n100;
n101[label = "FarthestNeighbor"];
n10 -> n101;
n1 -> n10;
n11[label = "Or"];
n110[label = "NearestFirstNode"];
n11 -> n110;
n111[label = "WorstMove"];
n11 -> n111;
n1 -> n11;
n -> n1;
}


Generation: 5
Best Individual:
Subpopulation 0:
Evaluated: true
Fitness: Standardized=0.36685675 Adjusted=0.7316055 Hits=0
Tree 0:
digraph g {
node [shape=rectangle];
n[label = "And"];
n0[label = "If_Then"];
n00[label = "If_Then"];
n000[label = "FarthestFirstNode"];
n00 -> n000;
n001[label = "FarthestInsertion"];
n00 -> n001;
n0 -> n00;
n01[label = "Or"];
n010[label = "NearestNeighbor"];
n01 -> n010;
n011[label = "Or"];
n0110[label = "NearestFirstNode"];
n011 -> n0110;
n0111[label = "WorstMove"];
n011 -> n0111;
n01 -> n011;
n0 -> n01;
n -> n0;
n1[label = "While"];
n10[label = "Equal"];
n100[label = "BestMove"];
n10 -> n100;
n101[label = "FarthestNeighbor"];
n10 -> n101;
n1 -> n10;
n11[label = "Or"];
n110[label = "NearestFirstNode"];
n11 -> n110;
n111[label = "WorstMove"];
n11 -> n111;
n1 -> n11;
n -> n1;
}


Generation: 6
Best Individual:
Subpopulation 0:
Evaluated: true
Fitness: Standardized=0.30047202 Adjusted=0.7689516 Hits=0
Tree 0:
digraph g {
node [shape=rectangle];
n[label = "And"];
n0[label = "If_Then"];
n00[label = "If_Then"];
n000[label = "FarthestFirstNode"];
n00 -> n000;
n001[label = "FarthestInsertion"];
n00 -> n001;
n0 -> n00;
n01[label = "If_Then"];
n010[label = "If_Then"];
n0100[label = "FarthestFirstNode"];
n010 -> n0100;
n0101[label = "FarthestInsertion"];
n010 -> n0101;
n01 -> n010;
n011[label = "Or"];
n0110[label = "NearestNeighbor"];
n011 -> n0110;
n0111[label = "NearestFirstNode"];
n011 -> n0111;
n01 -> n011;
n0 -> n01;
n -> n0;
n1[label = "While"];
n10[label = "Equal"];
n100[label = "BestMove"];
n10 -> n100;
n101[label = "FarthestNeighbor"];
n10 -> n101;
n1 -> n10;
n11[label = "Or"];
n110[label = "NearestFirstNode"];
n11 -> n110;
n111[label = "WorstMove"];
n11 -> n111;
n1 -> n11;
n -> n1;
}


Generation: 7
Best Individual:
Subpopulation 0:
Evaluated: true
Fitness: Standardized=0.28903282 Adjusted=0.77577543 Hits=0
Tree 0:
digraph g {
node [shape=rectangle];
n[label = "And"];
n0[label = "If_Then"];
n00[label = "If_Then"];
n000[label = "FarthestFirstNode"];
n00 -> n000;
n001[label = "FarthestInsertion"];
n00 -> n001;
n0 -> n00;
n01[label = "Equal"];
n010[label = "BestMove"];
n01 -> n010;
n011[label = "FarthestNeighbor"];
n01 -> n011;
n0 -> n01;
n -> n0;
n1[label = "Or"];
n10[label = "If_Then"];
n100[label = "FarthestFirstNode"];
n10 -> n100;
n101[label = "FarthestInsertion"];
n10 -> n101;
n1 -> n10;
n11[label = "WorstMove"];
n1 -> n11;
n -> n1;
}


Generation: 8
Best Individual:
Subpopulation 0:
Evaluated: true
Fitness: Standardized=0.28692606 Adjusted=0.7770454 Hits=0
Tree 0:
digraph g {
node [shape=rectangle];
n[label = "And"];
n0[label = "If_Then"];
n00[label = "If_Then"];
n000[label = "FarthestFirstNode"];
n00 -> n000;
n001[label = "FarthestInsertion"];
n00 -> n001;
n0 -> n00;
n01[label = "If_Then"];
n010[label = "If_Then"];
n0100[label = "FarthestFirstNode"];
n010 -> n0100;
n0101[label = "FarthestInsertion"];
n010 -> n0101;
n01 -> n010;
n011[label = "Or"];
n0110[label = "NearestNeighbor"];
n011 -> n0110;
n0111[label = "NearestFirstNode"];
n011 -> n0111;
n01 -> n011;
n0 -> n01;
n -> n0;
n1[label = "Equal"];
n10[label = "BestMove"];
n1 -> n10;
n11[label = "FarthestNeighbor"];
n1 -> n11;
n -> n1;
}


Generation: 9
Best Individual:
Subpopulation 0:
Evaluated: true
Fitness: Standardized=0.28692606 Adjusted=0.7770454 Hits=0
Tree 0:
digraph g {
node [shape=rectangle];
n[label = "And"];
n0[label = "If_Then"];
n00[label = "If_Then"];
n000[label = "FarthestFirstNode"];
n00 -> n000;
n001[label = "FarthestInsertion"];
n00 -> n001;
n0 -> n00;
n01[label = "If_Then"];
n010[label = "If_Then"];
n0100[label = "FarthestFirstNode"];
n010 -> n0100;
n0101[label = "FarthestInsertion"];
n010 -> n0101;
n01 -> n010;
n011[label = "Or"];
n0110[label = "NearestNeighbor"];
n011 -> n0110;
n0111[label = "NearestFirstNode"];
n011 -> n0111;
n01 -> n011;
n0 -> n01;
n -> n0;
n1[label = "Equal"];
n10[label = "BestMove"];
n1 -> n10;
n11[label = "FarthestNeighbor"];
n1 -> n11;
n -> n1;
}


Generation: 10
Best Individual:
Subpopulation 0:
Evaluated: true
Fitness: Standardized=0.2802444 Adjusted=0.78110087 Hits=0
Tree 0:
digraph g {
node [shape=rectangle];
n[label = "And"];
n0[label = "If_Then"];
n00[label = "If_Then"];
n000[label = "If_Then"];
n0000[label = "FarthestFirstNode"];
n000 -> n0000;
n0001[label = "FarthestInsertion"];
n000 -> n0001;
n00 -> n000;
n001[label = "FarthestInsertion"];
n00 -> n001;
n0 -> n00;
n01[label = "If_Then"];
n010[label = "If_Then"];
n0100[label = "FarthestFirstNode"];
n010 -> n0100;
n0101[label = "FarthestInsertion"];
n010 -> n0101;
n01 -> n010;
n011[label = "Or"];
n0110[label = "NearestNeighbor"];
n011 -> n0110;
n0111[label = "NearestFirstNode"];
n011 -> n0111;
n01 -> n011;
n0 -> n01;
n -> n0;
n1[label = "Equal"];
n10[label = "BestMove"];
n1 -> n10;
n11[label = "FarthestNeighbor"];
n1 -> n11;
n -> n1;
}


Generation: 11
Best Individual:
Subpopulation 0:
Evaluated: true
Fitness: Standardized=0.2802444 Adjusted=0.78110087 Hits=0
Tree 0:
digraph g {
node [shape=rectangle];
n[label = "And"];
n0[label = "If_Then"];
n00[label = "If_Then"];
n000[label = "If_Then"];
n0000[label = "FarthestFirstNode"];
n000 -> n0000;
n0001[label = "FarthestInsertion"];
n000 -> n0001;
n00 -> n000;
n001[label = "FarthestInsertion"];
n00 -> n001;
n0 -> n00;
n01[label = "If_Then"];
n010[label = "If_Then"];
n0100[label = "FarthestFirstNode"];
n010 -> n0100;
n0101[label = "FarthestInsertion"];
n010 -> n0101;
n01 -> n010;
n011[label = "Or"];
n0110[label = "NearestNeighbor"];
n011 -> n0110;
n0111[label = "NearestFirstNode"];
n011 -> n0111;
n01 -> n011;
n0 -> n01;
n -> n0;
n1[label = "Equal"];
n10[label = "BestMove"];
n1 -> n10;
n11[label = "FarthestNeighbor"];
n1 -> n11;
n -> n1;
}


Generation: 12
Best Individual:
Subpopulation 0:
Evaluated: true
Fitness: Standardized=0.21438834 Adjusted=0.8234598 Hits=1
Tree 0:
digraph g {
node [shape=rectangle];
n[label = "And"];
n0[label = "If_Then"];
n00[label = "If_Then"];
n000[label = "FarthestFirstNode"];
n00 -> n000;
n001[label = "FarthestInsertion"];
n00 -> n001;
n0 -> n00;
n01[label = "If_Then"];
n010[label = "If_Then"];
n0100[label = "FarthestFirstNode"];
n010 -> n0100;
n0101[label = "FarthestInsertion"];
n010 -> n0101;
n01 -> n010;
n011[label = "Or"];
n0110[label = "NearestNeighbor"];
n011 -> n0110;
n0111[label = "NearestFirstNode"];
n011 -> n0111;
n01 -> n011;
n0 -> n01;
n -> n0;
n1[label = "While"];
n10[label = "BestMove"];
n1 -> n10;
n11[label = "FarthestNeighbor"];
n1 -> n11;
n -> n1;
}


Generation: 13
Best Individual:
Subpopulation 0:
Evaluated: true
Fitness: Standardized=0.21438834 Adjusted=0.8234598 Hits=1
Tree 0:
digraph g {
node [shape=rectangle];
n[label = "And"];
n0[label = "If_Then"];
n00[label = "If_Then"];
n000[label = "FarthestFirstNode"];
n00 -> n000;
n001[label = "FarthestInsertion"];
n00 -> n001;
n0 -> n00;
n01[label = "If_Then"];
n010[label = "If_Then"];
n0100[label = "FarthestFirstNode"];
n010 -> n0100;
n0101[label = "FarthestInsertion"];
n010 -> n0101;
n01 -> n010;
n011[label = "Or"];
n0110[label = "NearestNeighbor"];
n011 -> n0110;
n0111[label = "NearestFirstNode"];
n011 -> n0111;
n01 -> n011;
n0 -> n01;
n -> n0;
n1[label = "While"];
n10[label = "BestMove"];
n1 -> n10;
n11[label = "FarthestNeighbor"];
n1 -> n11;
n -> n1;
}


Generation: 14
Best Individual:
Subpopulation 0:
Evaluated: true
Fitness: Standardized=0.21438834 Adjusted=0.8234598 Hits=1
Tree 0:
digraph g {
node [shape=rectangle];
n[label = "And"];
n0[label = "If_Then"];
n00[label = "If_Then"];
n000[label = "FarthestFirstNode"];
n00 -> n000;
n001[label = "FarthestInsertion"];
n00 -> n001;
n0 -> n00;
n01[label = "If_Then"];
n010[label = "If_Then"];
n0100[label = "FarthestFirstNode"];
n010 -> n0100;
n0101[label = "FarthestInsertion"];
n010 -> n0101;
n01 -> n010;
n011[label = "Or"];
n0110[label = "NearestNeighbor"];
n011 -> n0110;
n0111[label = "NearestFirstNode"];
n011 -> n0111;
n01 -> n011;
n0 -> n01;
n -> n0;
n1[label = "While"];
n10[label = "BestMove"];
n1 -> n10;
n11[label = "FarthestNeighbor"];
n1 -> n11;
n -> n1;
}


Generation: 15
Best Individual:
Subpopulation 0:
Evaluated: true
Fitness: Standardized=0.21438834 Adjusted=0.8234598 Hits=1
Tree 0:
digraph g {
node [shape=rectangle];
n[label = "And"];
n0[label = "If_Then"];
n00[label = "If_Then"];
n000[label = "FarthestFirstNode"];
n00 -> n000;
n001[label = "FarthestInsertion"];
n00 -> n001;
n0 -> n00;
n01[label = "If_Then"];
n010[label = "If_Then"];
n0100[label = "FarthestFirstNode"];
n010 -> n0100;
n0101[label = "FarthestInsertion"];
n010 -> n0101;
n01 -> n010;
n011[label = "Or"];
n0110[label = "NearestNeighbor"];
n011 -> n0110;
n0111[label = "NearestFirstNode"];
n011 -> n0111;
n01 -> n011;
n0 -> n01;
n -> n0;
n1[label = "While"];
n10[label = "BestMove"];
n1 -> n10;
n11[label = "FarthestNeighbor"];
n1 -> n11;
n -> n1;
}


Generation: 16
Best Individual:
Subpopulation 0:
Evaluated: true
Fitness: Standardized=0.21438834 Adjusted=0.8234598 Hits=1
Tree 0:
digraph g {
node [shape=rectangle];
n[label = "And"];
n0[label = "If_Then"];
n00[label = "If_Then"];
n000[label = "FarthestFirstNode"];
n00 -> n000;
n001[label = "FarthestInsertion"];
n00 -> n001;
n0 -> n00;
n01[label = "If_Then"];
n010[label = "If_Then"];
n0100[label = "FarthestFirstNode"];
n010 -> n0100;
n0101[label = "FarthestInsertion"];
n010 -> n0101;
n01 -> n010;
n011[label = "Or"];
n0110[label = "NearestNeighbor"];
n011 -> n0110;
n0111[label = "NearestFirstNode"];
n011 -> n0111;
n01 -> n011;
n0 -> n01;
n -> n0;
n1[label = "While"];
n10[label = "BestMove"];
n1 -> n10;
n11[label = "FarthestNeighbor"];
n1 -> n11;
n -> n1;
}


Generation: 17
Best Individual:
Subpopulation 0:
Evaluated: true
Fitness: Standardized=0.21093495 Adjusted=0.82580817 Hits=1
Tree 0:
digraph g {
node [shape=rectangle];
n[label = "And"];
n0[label = "If_Then"];
n00[label = "If_Then"];
n000[label = "If_Then"];
n0000[label = "FarthestFirstNode"];
n000 -> n0000;
n0001[label = "FarthestInsertion"];
n000 -> n0001;
n00 -> n000;
n001[label = "If_Then"];
n0010[label = "FarthestFirstNode"];
n001 -> n0010;
n0011[label = "FarthestInsertion"];
n001 -> n0011;
n00 -> n001;
n0 -> n00;
n01[label = "If_Then"];
n010[label = "FarthestFirstNode"];
n01 -> n010;
n011[label = "Or"];
n0110[label = "NearestNeighbor"];
n011 -> n0110;
n0111[label = "NearestFirstNode"];
n011 -> n0111;
n01 -> n011;
n0 -> n01;
n -> n0;
n1[label = "While"];
n10[label = "BestMove"];
n1 -> n10;
n11[label = "FarthestNeighbor"];
n1 -> n11;
n -> n1;
}


Generation: 18
Best Individual:
Subpopulation 0:
Evaluated: true
Fitness: Standardized=0.2039939 Adjusted=0.83056897 Hits=1
Tree 0:
digraph g {
node [shape=rectangle];
n[label = "And"];
n0[label = "If_Then"];
n00[label = "If_Then"];
n000[label = "FarthestFirstNode"];
n00 -> n000;
n001[label = "FarthestInsertion"];
n00 -> n001;
n0 -> n00;
n01[label = "If_Then"];
n010[label = "If_Then"];
n0100[label = "FarthestFirstNode"];
n010 -> n0100;
n0101[label = "FarthestInsertion"];
n010 -> n0101;
n01 -> n010;
n011[label = "If_Then"];
n0110[label = "FarthestFirstNode"];
n011 -> n0110;
n0111[label = "FarthestInsertion"];
n011 -> n0111;
n01 -> n011;
n0 -> n01;
n -> n0;
n1[label = "While"];
n10[label = "BestMove"];
n1 -> n10;
n11[label = "FarthestNeighbor"];
n1 -> n11;
n -> n1;
}


Generation: 19
Best Individual:
Subpopulation 0:
Evaluated: true
Fitness: Standardized=0.2039939 Adjusted=0.83056897 Hits=1
Tree 0:
digraph g {
node [shape=rectangle];
n[label = "And"];
n0[label = "If_Then"];
n00[label = "If_Then"];
n000[label = "FarthestFirstNode"];
n00 -> n000;
n001[label = "FarthestInsertion"];
n00 -> n001;
n0 -> n00;
n01[label = "If_Then"];
n010[label = "If_Then"];
n0100[label = "FarthestFirstNode"];
n010 -> n0100;
n0101[label = "FarthestInsertion"];
n010 -> n0101;
n01 -> n010;
n011[label = "If_Then"];
n0110[label = "FarthestFirstNode"];
n011 -> n0110;
n0111[label = "FarthestInsertion"];
n011 -> n0111;
n01 -> n011;
n0 -> n01;
n -> n0;
n1[label = "While"];
n10[label = "BestMove"];
n1 -> n10;
n11[label = "FarthestNeighbor"];
n1 -> n11;
n -> n1;
}


Generation: 20
Best Individual:
Subpopulation 0:
Evaluated: true
Fitness: Standardized=0.2039939 Adjusted=0.83056897 Hits=1
Tree 0:
digraph g {
node [shape=rectangle];
n[label = "And"];
n0[label = "If_Then"];
n00[label = "If_Then"];
n000[label = "FarthestFirstNode"];
n00 -> n000;
n001[label = "FarthestInsertion"];
n00 -> n001;
n0 -> n00;
n01[label = "And"];
n010[label = "If_Then"];
n0100[label = "FarthestFirstNode"];
n010 -> n0100;
n0101[label = "FarthestInsertion"];
n010 -> n0101;
n01 -> n010;
n011[label = "If_Then"];
n0110[label = "FarthestFirstNode"];
n011 -> n0110;
n0111[label = "FarthestInsertion"];
n011 -> n0111;
n01 -> n011;
n0 -> n01;
n -> n0;
n1[label = "While"];
n10[label = "BestMove"];
n1 -> n10;
n11[label = "FarthestNeighbor"];
n1 -> n11;
n -> n1;
}


Generation: 21
Best Individual:
Subpopulation 0:
Evaluated: true
Fitness: Standardized=0.2039939 Adjusted=0.83056897 Hits=1
Tree 0:
digraph g {
node [shape=rectangle];
n[label = "And"];
n0[label = "If_Then"];
n00[label = "If_Then"];
n000[label = "FarthestFirstNode"];
n00 -> n000;
n001[label = "FarthestInsertion"];
n00 -> n001;
n0 -> n00;
n01[label = "And"];
n010[label = "If_Then"];
n0100[label = "FarthestFirstNode"];
n010 -> n0100;
n0101[label = "FarthestInsertion"];
n010 -> n0101;
n01 -> n010;
n011[label = "If_Then"];
n0110[label = "FarthestFirstNode"];
n011 -> n0110;
n0111[label = "FarthestInsertion"];
n011 -> n0111;
n01 -> n011;
n0 -> n01;
n -> n0;
n1[label = "While"];
n10[label = "BestMove"];
n1 -> n10;
n11[label = "FarthestNeighbor"];
n1 -> n11;
n -> n1;
}


Generation: 22
Best Individual:
Subpopulation 0:
Evaluated: true
Fitness: Standardized=0.2039939 Adjusted=0.83056897 Hits=1
Tree 0:
digraph g {
node [shape=rectangle];
n[label = "And"];
n0[label = "If_Then"];
n00[label = "If_Then"];
n000[label = "FarthestFirstNode"];
n00 -> n000;
n001[label = "FarthestInsertion"];
n00 -> n001;
n0 -> n00;
n01[label = "And"];
n010[label = "If_Then"];
n0100[label = "FarthestFirstNode"];
n010 -> n0100;
n0101[label = "FarthestInsertion"];
n010 -> n0101;
n01 -> n010;
n011[label = "If_Then"];
n0110[label = "FarthestFirstNode"];
n011 -> n0110;
n0111[label = "FarthestInsertion"];
n011 -> n0111;
n01 -> n011;
n0 -> n01;
n -> n0;
n1[label = "While"];
n10[label = "BestMove"];
n1 -> n10;
n11[label = "FarthestNeighbor"];
n1 -> n11;
n -> n1;
}


Generation: 23
Best Individual:
Subpopulation 0:
Evaluated: true
Fitness: Standardized=0.19052055 Adjusted=0.83996874 Hits=1
Tree 0:
digraph g {
node [shape=rectangle];
n[label = "And"];
n0[label = "If_Then"];
n00[label = "If_Then"];
n000[label = "FarthestFirstNode"];
n00 -> n000;
n001[label = "FarthestInsertion"];
n00 -> n001;
n0 -> n00;
n01[label = "If_Then"];
n010[label = "If_Then"];
n0100[label = "FarthestFirstNode"];
n010 -> n0100;
n0101[label = "FarthestInsertion"];
n010 -> n0101;
n01 -> n010;
n011[label = "If_Then"];
n0110[label = "FarthestFirstNode"];
n011 -> n0110;
n0111[label = "FarthestInsertion"];
n011 -> n0111;
n01 -> n011;
n0 -> n01;
n -> n0;
n1[label = "If_Then"];
n10[label = "If_Then"];
n100[label = "FarthestFirstNode"];
n10 -> n100;
n101[label = "FarthestInsertion"];
n10 -> n101;
n1 -> n10;
n11[label = "While"];
n110[label = "BestMove"];
n11 -> n110;
n111[label = "FarthestNeighbor"];
n11 -> n111;
n1 -> n11;
n -> n1;
}


Generation: 24
Best Individual:
Subpopulation 0:
Evaluated: true
Fitness: Standardized=0.19052055 Adjusted=0.83996874 Hits=1
Tree 0:
digraph g {
node [shape=rectangle];
n[label = "And"];
n0[label = "If_Then"];
n00[label = "If_Then"];
n000[label = "FarthestFirstNode"];
n00 -> n000;
n001[label = "FarthestInsertion"];
n00 -> n001;
n0 -> n00;
n01[label = "And"];
n010[label = "If_Then"];
n0100[label = "FarthestFirstNode"];
n010 -> n0100;
n0101[label = "FarthestInsertion"];
n010 -> n0101;
n01 -> n010;
n011[label = "If_Then"];
n0110[label = "FarthestFirstNode"];
n011 -> n0110;
n0111[label = "FarthestInsertion"];
n011 -> n0111;
n01 -> n011;
n0 -> n01;
n -> n0;
n1[label = "If_Then"];
n10[label = "If_Then"];
n100[label = "FarthestFirstNode"];
n10 -> n100;
n101[label = "FarthestInsertion"];
n10 -> n101;
n1 -> n10;
n11[label = "While"];
n110[label = "BestMove"];
n11 -> n110;
n111[label = "FarthestNeighbor"];
n11 -> n111;
n1 -> n11;
n -> n1;
}


Generation: 25
Best Individual:
Subpopulation 0:
Evaluated: true
Fitness: Standardized=0.19052055 Adjusted=0.83996874 Hits=1
Tree 0:
digraph g {
node [shape=rectangle];
n[label = "And"];
n0[label = "If_Then"];
n00[label = "If_Then"];
n000[label = "FarthestFirstNode"];
n00 -> n000;
n001[label = "FarthestInsertion"];
n00 -> n001;
n0 -> n00;
n01[label = "If_Then"];
n010[label = "If_Then"];
n0100[label = "FarthestFirstNode"];
n010 -> n0100;
n0101[label = "FarthestInsertion"];
n010 -> n0101;
n01 -> n010;
n011[label = "If_Then"];
n0110[label = "FarthestFirstNode"];
n011 -> n0110;
n0111[label = "FarthestInsertion"];
n011 -> n0111;
n01 -> n011;
n0 -> n01;
n -> n0;
n1[label = "If_Then"];
n10[label = "If_Then"];
n100[label = "FarthestFirstNode"];
n10 -> n100;
n101[label = "FarthestInsertion"];
n10 -> n101;
n1 -> n10;
n11[label = "While"];
n110[label = "BestMove"];
n11 -> n110;
n111[label = "FarthestNeighbor"];
n11 -> n111;
n1 -> n11;
n -> n1;
}


Generation: 26
Best Individual:
Subpopulation 0:
Evaluated: true
Fitness: Standardized=0.19052055 Adjusted=0.83996874 Hits=1
Tree 0:
digraph g {
node [shape=rectangle];
n[label = "And"];
n0[label = "If_Then"];
n00[label = "If_Then"];
n000[label = "FarthestFirstNode"];
n00 -> n000;
n001[label = "FarthestInsertion"];
n00 -> n001;
n0 -> n00;
n01[label = "And"];
n010[label = "If_Then"];
n0100[label = "FarthestFirstNode"];
n010 -> n0100;
n0101[label = "FarthestInsertion"];
n010 -> n0101;
n01 -> n010;
n011[label = "If_Then"];
n0110[label = "FarthestFirstNode"];
n011 -> n0110;
n0111[label = "FarthestInsertion"];
n011 -> n0111;
n01 -> n011;
n0 -> n01;
n -> n0;
n1[label = "If_Then"];
n10[label = "If_Then"];
n100[label = "FarthestFirstNode"];
n10 -> n100;
n101[label = "FarthestInsertion"];
n10 -> n101;
n1 -> n10;
n11[label = "While"];
n110[label = "BestMove"];
n11 -> n110;
n111[label = "FarthestNeighbor"];
n11 -> n111;
n1 -> n11;
n -> n1;
}


Generation: 27
Best Individual:
Subpopulation 0:
Evaluated: true
Fitness: Standardized=0.18919082 Adjusted=0.84090793 Hits=1
Tree 0:
digraph g {
node [shape=rectangle];
n[label = "And"];
n0[label = "If_Then"];
n00[label = "If_Then"];
n000[label = "FarthestFirstNode"];
n00 -> n000;
n001[label = "FarthestInsertion"];
n00 -> n001;
n0 -> n00;
n01[label = "If_Then"];
n010[label = "If_Then"];
n0100[label = "FarthestFirstNode"];
n010 -> n0100;
n0101[label = "FarthestInsertion"];
n010 -> n0101;
n01 -> n010;
n011[label = "FarthestInsertion"];
n01 -> n011;
n0 -> n01;
n -> n0;
n1[label = "If_Then"];
n10[label = "If_Then"];
n100[label = "FarthestFirstNode"];
n10 -> n100;
n101[label = "FarthestInsertion"];
n10 -> n101;
n1 -> n10;
n11[label = "While"];
n110[label = "BestMove"];
n11 -> n110;
n111[label = "FarthestNeighbor"];
n11 -> n111;
n1 -> n11;
n -> n1;
}


Generation: 28
Best Individual:
Subpopulation 0:
Evaluated: true
Fitness: Standardized=0.18919082 Adjusted=0.84090793 Hits=1
Tree 0:
digraph g {
node [shape=rectangle];
n[label = "And"];
n0[label = "If_Then"];
n00[label = "If_Then"];
n000[label = "FarthestFirstNode"];
n00 -> n000;
n001[label = "FarthestInsertion"];
n00 -> n001;
n0 -> n00;
n01[label = "If_Then"];
n010[label = "If_Then"];
n0100[label = "FarthestFirstNode"];
n010 -> n0100;
n0101[label = "FarthestInsertion"];
n010 -> n0101;
n01 -> n010;
n011[label = "FarthestInsertion"];
n01 -> n011;
n0 -> n01;
n -> n0;
n1[label = "If_Then"];
n10[label = "If_Then"];
n100[label = "FarthestFirstNode"];
n10 -> n100;
n101[label = "FarthestInsertion"];
n10 -> n101;
n1 -> n10;
n11[label = "While"];
n110[label = "BestMove"];
n11 -> n110;
n111[label = "FarthestNeighbor"];
n11 -> n111;
n1 -> n11;
n -> n1;
}


Generation: 29
Best Individual:
Subpopulation 0:
Evaluated: true
Fitness: Standardized=0.18919082 Adjusted=0.84090793 Hits=1
Tree 0:
digraph g {
node [shape=rectangle];
n[label = "And"];
n0[label = "If_Then"];
n00[label = "If_Then"];
n000[label = "FarthestFirstNode"];
n00 -> n000;
n001[label = "FarthestInsertion"];
n00 -> n001;
n0 -> n00;
n01[label = "If_Then"];
n010[label = "If_Then"];
n0100[label = "FarthestFirstNode"];
n010 -> n0100;
n0101[label = "FarthestInsertion"];
n010 -> n0101;
n01 -> n010;
n011[label = "FarthestInsertion"];
n01 -> n011;
n0 -> n01;
n -> n0;
n1[label = "If_Then"];
n10[label = "If_Then"];
n100[label = "FarthestFirstNode"];
n10 -> n100;
n101[label = "FarthestInsertion"];
n10 -> n101;
n1 -> n10;
n11[label = "While"];
n110[label = "BestMove"];
n11 -> n110;
n111[label = "FarthestNeighbor"];
n11 -> n111;
n1 -> n11;
n -> n1;
}


Generation: 30
Best Individual:
Subpopulation 0:
Evaluated: true
Fitness: Standardized=0.18919082 Adjusted=0.84090793 Hits=1
Tree 0:
digraph g {
node [shape=rectangle];
n[label = "And"];
n0[label = "If_Then"];
n00[label = "FarthestInsertion"];
n0 -> n00;
n01[label = "And"];
n010[label = "If_Then"];
n0100[label = "FarthestFirstNode"];
n010 -> n0100;
n0101[label = "FarthestInsertion"];
n010 -> n0101;
n01 -> n010;
n011[label = "If_Then"];
n0110[label = "FarthestFirstNode"];
n011 -> n0110;
n0111[label = "FarthestInsertion"];
n011 -> n0111;
n01 -> n011;
n0 -> n01;
n -> n0;
n1[label = "If_Then"];
n10[label = "If_Then"];
n100[label = "FarthestFirstNode"];
n10 -> n100;
n101[label = "FarthestInsertion"];
n10 -> n101;
n1 -> n10;
n11[label = "While"];
n110[label = "BestMove"];
n11 -> n110;
n111[label = "FarthestNeighbor"];
n11 -> n111;
n1 -> n11;
n -> n1;
}


Generation: 31
Best Individual:
Subpopulation 0:
Evaluated: true
Fitness: Standardized=0.18919082 Adjusted=0.84090793 Hits=1
Tree 0:
digraph g {
node [shape=rectangle];
n[label = "And"];
n0[label = "If_Then"];
n00[label = "FarthestInsertion"];
n0 -> n00;
n01[label = "And"];
n010[label = "If_Then"];
n0100[label = "FarthestFirstNode"];
n010 -> n0100;
n0101[label = "FarthestInsertion"];
n010 -> n0101;
n01 -> n010;
n011[label = "If_Then"];
n0110[label = "FarthestFirstNode"];
n011 -> n0110;
n0111[label = "FarthestInsertion"];
n011 -> n0111;
n01 -> n011;
n0 -> n01;
n -> n0;
n1[label = "If_Then"];
n10[label = "If_Then"];
n100[label = "FarthestFirstNode"];
n10 -> n100;
n101[label = "FarthestInsertion"];
n10 -> n101;
n1 -> n10;
n11[label = "While"];
n110[label = "BestMove"];
n11 -> n110;
n111[label = "FarthestNeighbor"];
n11 -> n111;
n1 -> n11;
n -> n1;
}


Generation: 32
Best Individual:
Subpopulation 0:
Evaluated: true
Fitness: Standardized=0.18919082 Adjusted=0.84090793 Hits=1
Tree 0:
digraph g {
node [shape=rectangle];
n[label = "And"];
n0[label = "If_Then"];
n00[label = "FarthestInsertion"];
n0 -> n00;
n01[label = "And"];
n010[label = "If_Then"];
n0100[label = "FarthestFirstNode"];
n010 -> n0100;
n0101[label = "FarthestInsertion"];
n010 -> n0101;
n01 -> n010;
n011[label = "If_Then"];
n0110[label = "FarthestFirstNode"];
n011 -> n0110;
n0111[label = "FarthestInsertion"];
n011 -> n0111;
n01 -> n011;
n0 -> n01;
n -> n0;
n1[label = "If_Then"];
n10[label = "If_Then"];
n100[label = "FarthestFirstNode"];
n10 -> n100;
n101[label = "FarthestInsertion"];
n10 -> n101;
n1 -> n10;
n11[label = "While"];
n110[label = "BestMove"];
n11 -> n110;
n111[label = "FarthestNeighbor"];
n11 -> n111;
n1 -> n11;
n -> n1;
}


Generation: 33
Best Individual:
Subpopulation 0:
Evaluated: true
Fitness: Standardized=0.18919082 Adjusted=0.84090793 Hits=1
Tree 0:
digraph g {
node [shape=rectangle];
n[label = "And"];
n0[label = "If_Then"];
n00[label = "FarthestInsertion"];
n0 -> n00;
n01[label = "And"];
n010[label = "If_Then"];
n0100[label = "FarthestFirstNode"];
n010 -> n0100;
n0101[label = "FarthestInsertion"];
n010 -> n0101;
n01 -> n010;
n011[label = "If_Then"];
n0110[label = "FarthestFirstNode"];
n011 -> n0110;
n0111[label = "FarthestInsertion"];
n011 -> n0111;
n01 -> n011;
n0 -> n01;
n -> n0;
n1[label = "If_Then"];
n10[label = "If_Then"];
n100[label = "FarthestFirstNode"];
n10 -> n100;
n101[label = "FarthestInsertion"];
n10 -> n101;
n1 -> n10;
n11[label = "While"];
n110[label = "BestMove"];
n11 -> n110;
n111[label = "FarthestNeighbor"];
n11 -> n111;
n1 -> n11;
n -> n1;
}


Generation: 34
Best Individual:
Subpopulation 0:
Evaluated: true
Fitness: Standardized=0.18919082 Adjusted=0.84090793 Hits=1
Tree 0:
digraph g {
node [shape=rectangle];
n[label = "And"];
n0[label = "If_Then"];
n00[label = "FarthestInsertion"];
n0 -> n00;
n01[label = "And"];
n010[label = "If_Then"];
n0100[label = "FarthestFirstNode"];
n010 -> n0100;
n0101[label = "FarthestInsertion"];
n010 -> n0101;
n01 -> n010;
n011[label = "If_Then"];
n0110[label = "FarthestFirstNode"];
n011 -> n0110;
n0111[label = "FarthestInsertion"];
n011 -> n0111;
n01 -> n011;
n0 -> n01;
n -> n0;
n1[label = "If_Then"];
n10[label = "If_Then"];
n100[label = "FarthestFirstNode"];
n10 -> n100;
n101[label = "FarthestInsertion"];
n10 -> n101;
n1 -> n10;
n11[label = "While"];
n110[label = "BestMove"];
n11 -> n110;
n111[label = "FarthestNeighbor"];
n11 -> n111;
n1 -> n11;
n -> n1;
}


Generation: 35
Best Individual:
Subpopulation 0:
Evaluated: true
Fitness: Standardized=0.18919082 Adjusted=0.84090793 Hits=1
Tree 0:
digraph g {
node [shape=rectangle];
n[label = "And"];
n0[label = "If_Then"];
n00[label = "FarthestInsertion"];
n0 -> n00;
n01[label = "BestMove"];
n0 -> n01;
n -> n0;
n1[label = "And"];
n10[label = "And"];
n100[label = "If_Then"];
n1000[label = "FarthestFirstNode"];
n100 -> n1000;
n1001[label = "FarthestInsertion"];
n100 -> n1001;
n10 -> n100;
n101[label = "If_Then"];
n1010[label = "FarthestInsertion"];
n101 -> n1010;
n1011[label = "FarthestInsertion"];
n101 -> n1011;
n10 -> n101;
n1 -> n10;
n11[label = "If_Then"];
n110[label = "If_Then"];
n1100[label = "FarthestFirstNode"];
n110 -> n1100;
n1101[label = "FarthestInsertion"];
n110 -> n1101;
n11 -> n110;
n111[label = "While"];
n1110[label = "BestMove"];
n111 -> n1110;
n1111[label = "FarthestNeighbor"];
n111 -> n1111;
n11 -> n111;
n1 -> n11;
n -> n1;
}


Generation: 36
Best Individual:
Subpopulation 0:
Evaluated: true
Fitness: Standardized=0.18919082 Adjusted=0.84090793 Hits=1
Tree 0:
digraph g {
node [shape=rectangle];
n[label = "And"];
n0[label = "If_Then"];
n00[label = "FarthestInsertion"];
n0 -> n00;
n01[label = "BestMove"];
n0 -> n01;
n -> n0;
n1[label = "And"];
n10[label = "And"];
n100[label = "If_Then"];
n1000[label = "FarthestFirstNode"];
n100 -> n1000;
n1001[label = "FarthestInsertion"];
n100 -> n1001;
n10 -> n100;
n101[label = "If_Then"];
n1010[label = "FarthestInsertion"];
n101 -> n1010;
n1011[label = "FarthestInsertion"];
n101 -> n1011;
n10 -> n101;
n1 -> n10;
n11[label = "If_Then"];
n110[label = "If_Then"];
n1100[label = "FarthestFirstNode"];
n110 -> n1100;
n1101[label = "FarthestInsertion"];
n110 -> n1101;
n11 -> n110;
n111[label = "While"];
n1110[label = "BestMove"];
n111 -> n1110;
n1111[label = "FarthestNeighbor"];
n111 -> n1111;
n11 -> n111;
n1 -> n11;
n -> n1;
}


Generation: 37
Best Individual:
Subpopulation 0:
Evaluated: true
Fitness: Standardized=0.18919082 Adjusted=0.84090793 Hits=1
Tree 0:
digraph g {
node [shape=rectangle];
n[label = "And"];
n0[label = "If_Then"];
n00[label = "FarthestInsertion"];
n0 -> n00;
n01[label = "BestMove"];
n0 -> n01;
n -> n0;
n1[label = "And"];
n10[label = "And"];
n100[label = "If_Then"];
n1000[label = "FarthestFirstNode"];
n100 -> n1000;
n1001[label = "FarthestInsertion"];
n100 -> n1001;
n10 -> n100;
n101[label = "If_Then"];
n1010[label = "FarthestInsertion"];
n101 -> n1010;
n1011[label = "FarthestInsertion"];
n101 -> n1011;
n10 -> n101;
n1 -> n10;
n11[label = "If_Then"];
n110[label = "If_Then"];
n1100[label = "FarthestFirstNode"];
n110 -> n1100;
n1101[label = "FarthestInsertion"];
n110 -> n1101;
n11 -> n110;
n111[label = "While"];
n1110[label = "BestMove"];
n111 -> n1110;
n1111[label = "FarthestNeighbor"];
n111 -> n1111;
n11 -> n111;
n1 -> n11;
n -> n1;
}


Generation: 38
Best Individual:
Subpopulation 0:
Evaluated: true
Fitness: Standardized=0.18919082 Adjusted=0.84090793 Hits=1
Tree 0:
digraph g {
node [shape=rectangle];
n[label = "And"];
n0[label = "If_Then"];
n00[label = "FarthestInsertion"];
n0 -> n00;
n01[label = "And"];
n010[label = "If_Then"];
n0100[label = "FarthestFirstNode"];
n010 -> n0100;
n0101[label = "FarthestInsertion"];
n010 -> n0101;
n01 -> n010;
n011[label = "If_Then"];
n0110[label = "FarthestNeighbor"];
n011 -> n0110;
n0111[label = "FarthestInsertion"];
n011 -> n0111;
n01 -> n011;
n0 -> n01;
n -> n0;
n1[label = "If_Then"];
n10[label = "If_Then"];
n100[label = "FarthestFirstNode"];
n10 -> n100;
n101[label = "FarthestInsertion"];
n10 -> n101;
n1 -> n10;
n11[label = "While"];
n110[label = "BestMove"];
n11 -> n110;
n111[label = "FarthestNeighbor"];
n11 -> n111;
n1 -> n11;
n -> n1;
}


Generation: 39
Best Individual:
Subpopulation 0:
Evaluated: true
Fitness: Standardized=0.18919082 Adjusted=0.84090793 Hits=1
Tree 0:
digraph g {
node [shape=rectangle];
n[label = "And"];
n0[label = "If_Then"];
n00[label = "FarthestInsertion"];
n0 -> n00;
n01[label = "And"];
n010[label = "If_Then"];
n0100[label = "FarthestFirstNode"];
n010 -> n0100;
n0101[label = "FarthestInsertion"];
n010 -> n0101;
n01 -> n010;
n011[label = "If_Then"];
n0110[label = "FarthestFirstNode"];
n011 -> n0110;
n0111[label = "FarthestInsertion"];
n011 -> n0111;
n01 -> n011;
n0 -> n01;
n -> n0;
n1[label = "If_Then"];
n10[label = "If_Then"];
n100[label = "FarthestFirstNode"];
n10 -> n100;
n101[label = "FarthestInsertion"];
n10 -> n101;
n1 -> n10;
n11[label = "While"];
n110[label = "BestMove"];
n11 -> n110;
n111[label = "FarthestNeighbor"];
n11 -> n111;
n1 -> n11;
n -> n1;
}


Generation: 40
Best Individual:
Subpopulation 0:
Evaluated: true
Fitness: Standardized=0.18919082 Adjusted=0.84090793 Hits=1
Tree 0:
digraph g {
node [shape=rectangle];
n[label = "And"];
n0[label = "If_Then"];
n00[label = "FarthestFirstNode"];
n0 -> n00;
n01[label = "And"];
n010[label = "If_Then"];
n0100[label = "FarthestFirstNode"];
n010 -> n0100;
n0101[label = "FarthestInsertion"];
n010 -> n0101;
n01 -> n010;
n011[label = "If_Then"];
n0110[label = "FarthestFirstNode"];
n011 -> n0110;
n0111[label = "FarthestInsertion"];
n011 -> n0111;
n01 -> n011;
n0 -> n01;
n -> n0;
n1[label = "If_Then"];
n10[label = "If_Then"];
n100[label = "FarthestFirstNode"];
n10 -> n100;
n101[label = "FarthestInsertion"];
n10 -> n101;
n1 -> n10;
n11[label = "While"];
n110[label = "BestMove"];
n11 -> n110;
n111[label = "FarthestNeighbor"];
n11 -> n111;
n1 -> n11;
n -> n1;
}


Generation: 41
Best Individual:
Subpopulation 0:
Evaluated: true
Fitness: Standardized=0.18919082 Adjusted=0.84090793 Hits=1
Tree 0:
digraph g {
node [shape=rectangle];
n[label = "And"];
n0[label = "If_Then"];
n00[label = "FarthestFirstNode"];
n0 -> n00;
n01[label = "And"];
n010[label = "If_Then"];
n0100[label = "FarthestFirstNode"];
n010 -> n0100;
n0101[label = "FarthestInsertion"];
n010 -> n0101;
n01 -> n010;
n011[label = "If_Then"];
n0110[label = "FarthestFirstNode"];
n011 -> n0110;
n0111[label = "FarthestInsertion"];
n011 -> n0111;
n01 -> n011;
n0 -> n01;
n -> n0;
n1[label = "If_Then"];
n10[label = "If_Then"];
n100[label = "FarthestFirstNode"];
n10 -> n100;
n101[label = "FarthestInsertion"];
n10 -> n101;
n1 -> n10;
n11[label = "While"];
n110[label = "BestMove"];
n11 -> n110;
n111[label = "FarthestNeighbor"];
n11 -> n111;
n1 -> n11;
n -> n1;
}


Generation: 42
Best Individual:
Subpopulation 0:
Evaluated: true
Fitness: Standardized=0.18919082 Adjusted=0.84090793 Hits=1
Tree 0:
digraph g {
node [shape=rectangle];
n[label = "And"];
n0[label = "If_Then"];
n00[label = "FarthestInsertion"];
n0 -> n00;
n01[label = "And"];
n010[label = "If_Then"];
n0100[label = "FarthestFirstNode"];
n010 -> n0100;
n0101[label = "FarthestInsertion"];
n010 -> n0101;
n01 -> n010;
n011[label = "If_Then"];
n0110[label = "FarthestFirstNode"];
n011 -> n0110;
n0111[label = "FarthestInsertion"];
n011 -> n0111;
n01 -> n011;
n0 -> n01;
n -> n0;
n1[label = "If_Then"];
n10[label = "If_Then"];
n100[label = "FarthestFirstNode"];
n10 -> n100;
n101[label = "FarthestInsertion"];
n10 -> n101;
n1 -> n10;
n11[label = "While"];
n110[label = "BestMove"];
n11 -> n110;
n111[label = "FarthestNeighbor"];
n11 -> n111;
n1 -> n11;
n -> n1;
}


Generation: 43
Best Individual:
Subpopulation 0:
Evaluated: true
Fitness: Standardized=0.18919082 Adjusted=0.84090793 Hits=1
Tree 0:
digraph g {
node [shape=rectangle];
n[label = "And"];
n0[label = "And"];
n00[label = "FarthestFirstNode"];
n0 -> n00;
n01[label = "And"];
n010[label = "If_Then"];
n0100[label = "FarthestFirstNode"];
n010 -> n0100;
n0101[label = "FarthestInsertion"];
n010 -> n0101;
n01 -> n010;
n011[label = "If_Then"];
n0110[label = "FarthestFirstNode"];
n011 -> n0110;
n0111[label = "FarthestInsertion"];
n011 -> n0111;
n01 -> n011;
n0 -> n01;
n -> n0;
n1[label = "If_Then"];
n10[label = "If_Then"];
n100[label = "FarthestFirstNode"];
n10 -> n100;
n101[label = "FarthestInsertion"];
n10 -> n101;
n1 -> n10;
n11[label = "While"];
n110[label = "BestMove"];
n11 -> n110;
n111[label = "FarthestNeighbor"];
n11 -> n111;
n1 -> n11;
n -> n1;
}


Generation: 44
Best Individual:
Subpopulation 0:
Evaluated: true
Fitness: Standardized=0.18891977 Adjusted=0.8410996 Hits=1
Tree 0:
digraph g {
node [shape=rectangle];
n[label = "And"];
n0[label = "If_Then"];
n00[label = "NearestInsertion"];
n0 -> n00;
n01[label = "And"];
n010[label = "If_Then"];
n0100[label = "FarthestFirstNode"];
n010 -> n0100;
n0101[label = "FarthestInsertion"];
n010 -> n0101;
n01 -> n010;
n011[label = "If_Then"];
n0110[label = "FarthestFirstNode"];
n011 -> n0110;
n0111[label = "FarthestInsertion"];
n011 -> n0111;
n01 -> n011;
n0 -> n01;
n -> n0;
n1[label = "If_Then"];
n10[label = "If_Then"];
n100[label = "FarthestFirstNode"];
n10 -> n100;
n101[label = "FarthestInsertion"];
n10 -> n101;
n1 -> n10;
n11[label = "While"];
n110[label = "BestMove"];
n11 -> n110;
n111[label = "FarthestNeighbor"];
n11 -> n111;
n1 -> n11;
n -> n1;
}


Generation: 45
Best Individual:
Subpopulation 0:
Evaluated: true
Fitness: Standardized=0.18891977 Adjusted=0.8410996 Hits=1
Tree 0:
digraph g {
node [shape=rectangle];
n[label = "And"];
n0[label = "If_Then"];
n00[label = "NearestInsertion"];
n0 -> n00;
n01[label = "And"];
n010[label = "If_Then"];
n0100[label = "FarthestFirstNode"];
n010 -> n0100;
n0101[label = "FarthestInsertion"];
n010 -> n0101;
n01 -> n010;
n011[label = "If_Then"];
n0110[label = "FarthestFirstNode"];
n011 -> n0110;
n0111[label = "FarthestInsertion"];
n011 -> n0111;
n01 -> n011;
n0 -> n01;
n -> n0;
n1[label = "If_Then"];
n10[label = "If_Then"];
n100[label = "FarthestFirstNode"];
n10 -> n100;
n101[label = "FarthestInsertion"];
n10 -> n101;
n1 -> n10;
n11[label = "While"];
n110[label = "BestMove"];
n11 -> n110;
n111[label = "FarthestNeighbor"];
n11 -> n111;
n1 -> n11;
n -> n1;
}


Generation: 46
Best Individual:
Subpopulation 0:
Evaluated: true
Fitness: Standardized=0.18891977 Adjusted=0.8410996 Hits=1
Tree 0:
digraph g {
node [shape=rectangle];
n[label = "And"];
n0[label = "If_Then"];
n00[label = "NearestInsertion"];
n0 -> n00;
n01[label = "And"];
n010[label = "If_Then"];
n0100[label = "FarthestFirstNode"];
n010 -> n0100;
n0101[label = "FarthestInsertion"];
n010 -> n0101;
n01 -> n010;
n011[label = "If_Then"];
n0110[label = "FarthestFirstNode"];
n011 -> n0110;
n0111[label = "FarthestInsertion"];
n011 -> n0111;
n01 -> n011;
n0 -> n01;
n -> n0;
n1[label = "If_Then"];
n10[label = "If_Then"];
n100[label = "FarthestFirstNode"];
n10 -> n100;
n101[label = "FarthestInsertion"];
n10 -> n101;
n1 -> n10;
n11[label = "While"];
n110[label = "BestMove"];
n11 -> n110;
n111[label = "FarthestNeighbor"];
n11 -> n111;
n1 -> n11;
n -> n1;
}


Generation: 47
Best Individual:
Subpopulation 0:
Evaluated: true
Fitness: Standardized=0.18891977 Adjusted=0.8410996 Hits=1
Tree 0:
digraph g {
node [shape=rectangle];
n[label = "And"];
n0[label = "If_Then"];
n00[label = "NearestInsertion"];
n0 -> n00;
n01[label = "And"];
n010[label = "If_Then"];
n0100[label = "FarthestFirstNode"];
n010 -> n0100;
n0101[label = "FarthestInsertion"];
n010 -> n0101;
n01 -> n010;
n011[label = "If_Then"];
n0110[label = "FarthestFirstNode"];
n011 -> n0110;
n0111[label = "FarthestInsertion"];
n011 -> n0111;
n01 -> n011;
n0 -> n01;
n -> n0;
n1[label = "If_Then"];
n10[label = "If_Then"];
n100[label = "FarthestFirstNode"];
n10 -> n100;
n101[label = "FarthestInsertion"];
n10 -> n101;
n1 -> n10;
n11[label = "While"];
n110[label = "BestMove"];
n11 -> n110;
n111[label = "FarthestNeighbor"];
n11 -> n111;
n1 -> n11;
n -> n1;
}


Generation: 48
Best Individual:
Subpopulation 0:
Evaluated: true
Fitness: Standardized=0.18891977 Adjusted=0.8410996 Hits=1
Tree 0:
digraph g {
node [shape=rectangle];
n[label = "And"];
n0[label = "If_Then"];
n00[label = "NearestInsertion"];
n0 -> n00;
n01[label = "And"];
n010[label = "If_Then"];
n0100[label = "FarthestFirstNode"];
n010 -> n0100;
n0101[label = "FarthestInsertion"];
n010 -> n0101;
n01 -> n010;
n011[label = "If_Then"];
n0110[label = "FarthestFirstNode"];
n011 -> n0110;
n0111[label = "FarthestInsertion"];
n011 -> n0111;
n01 -> n011;
n0 -> n01;
n -> n0;
n1[label = "If_Then"];
n10[label = "If_Then"];
n100[label = "If_Then"];
n1000[label = "FarthestFirstNode"];
n100 -> n1000;
n1001[label = "FarthestInsertion"];
n100 -> n1001;
n10 -> n100;
n101[label = "While"];
n1010[label = "BestMove"];
n101 -> n1010;
n1011[label = "FarthestNeighbor"];
n101 -> n1011;
n10 -> n101;
n1 -> n10;
n11[label = "While"];
n110[label = "BestMove"];
n11 -> n110;
n111[label = "FarthestNeighbor"];
n11 -> n111;
n1 -> n11;
n -> n1;
}


Generation: 49
Best Individual:
Subpopulation 0:
Evaluated: true
Fitness: Standardized=0.18891977 Adjusted=0.8410996 Hits=1
Tree 0:
digraph g {
node [shape=rectangle];
n[label = "And"];
n0[label = "If_Then"];
n00[label = "NearestInsertion"];
n0 -> n00;
n01[label = "And"];
n010[label = "If_Then"];
n0100[label = "FarthestFirstNode"];
n010 -> n0100;
n0101[label = "FarthestInsertion"];
n010 -> n0101;
n01 -> n010;
n011[label = "If_Then"];
n0110[label = "FarthestFirstNode"];
n011 -> n0110;
n0111[label = "FarthestInsertion"];
n011 -> n0111;
n01 -> n011;
n0 -> n01;
n -> n0;
n1[label = "If_Then"];
n10[label = "If_Then"];
n100[label = "FarthestFirstNode"];
n10 -> n100;
n101[label = "FarthestInsertion"];
n10 -> n101;
n1 -> n10;
n11[label = "While"];
n110[label = "BestMove"];
n11 -> n110;
n111[label = "FarthestNeighbor"];
n11 -> n111;
n1 -> n11;
n -> n1;
}


Generation: 50
Best Individual:
Subpopulation 0:
Evaluated: true
Fitness: Standardized=0.18891977 Adjusted=0.8410996 Hits=1
Tree 0:
digraph g {
node [shape=rectangle];
n[label = "And"];
n0[label = "If_Then"];
n00[label = "NearestInsertion"];
n0 -> n00;
n01[label = "And"];
n010[label = "If_Then"];
n0100[label = "FarthestFirstNode"];
n010 -> n0100;
n0101[label = "FarthestInsertion"];
n010 -> n0101;
n01 -> n010;
n011[label = "If_Then"];
n0110[label = "FarthestFirstNode"];
n011 -> n0110;
n0111[label = "FarthestInsertion"];
n011 -> n0111;
n01 -> n011;
n0 -> n01;
n -> n0;
n1[label = "If_Then"];
n10[label = "If_Then"];
n100[label = "FarthestFirstNode"];
n10 -> n100;
n101[label = "FarthestInsertion"];
n10 -> n101;
n1 -> n10;
n11[label = "While"];
n110[label = "BestMove"];
n11 -> n110;
n111[label = "FarthestNeighbor"];
n11 -> n111;
n1 -> n11;
n -> n1;
}


Generation: 51
Best Individual:
Subpopulation 0:
Evaluated: true
Fitness: Standardized=0.18891977 Adjusted=0.8410996 Hits=1
Tree 0:
digraph g {
node [shape=rectangle];
n[label = "And"];
n0[label = "If_Then"];
n00[label = "NearestInsertion"];
n0 -> n00;
n01[label = "And"];
n010[label = "If_Then"];
n0100[label = "FarthestFirstNode"];
n010 -> n0100;
n0101[label = "FarthestInsertion"];
n010 -> n0101;
n01 -> n010;
n011[label = "If_Then"];
n0110[label = "FarthestFirstNode"];
n011 -> n0110;
n0111[label = "FarthestInsertion"];
n011 -> n0111;
n01 -> n011;
n0 -> n01;
n -> n0;
n1[label = "If_Then"];
n10[label = "If_Then"];
n100[label = "FarthestInsertion"];
n10 -> n100;
n101[label = "FarthestInsertion"];
n10 -> n101;
n1 -> n10;
n11[label = "While"];
n110[label = "BestMove"];
n11 -> n110;
n111[label = "FarthestNeighbor"];
n11 -> n111;
n1 -> n11;
n -> n1;
}


Generation: 52
Best Individual:
Subpopulation 0:
Evaluated: true
Fitness: Standardized=0.18891977 Adjusted=0.8410996 Hits=1
Tree 0:
digraph g {
node [shape=rectangle];
n[label = "And"];
n0[label = "If_Then"];
n00[label = "NearestInsertion"];
n0 -> n00;
n01[label = "And"];
n010[label = "If_Then"];
n0100[label = "FarthestFirstNode"];
n010 -> n0100;
n0101[label = "FarthestInsertion"];
n010 -> n0101;
n01 -> n010;
n011[label = "If_Then"];
n0110[label = "FarthestFirstNode"];
n011 -> n0110;
n0111[label = "FarthestInsertion"];
n011 -> n0111;
n01 -> n011;
n0 -> n01;
n -> n0;
n1[label = "If_Then"];
n10[label = "If_Then"];
n100[label = "FarthestFirstNode"];
n10 -> n100;
n101[label = "FarthestInsertion"];
n10 -> n101;
n1 -> n10;
n11[label = "While"];
n110[label = "BestMove"];
n11 -> n110;
n111[label = "FarthestNeighbor"];
n11 -> n111;
n1 -> n11;
n -> n1;
}


Generation: 53
Best Individual:
Subpopulation 0:
Evaluated: true
Fitness: Standardized=0.18891977 Adjusted=0.8410996 Hits=1
Tree 0:
digraph g {
node [shape=rectangle];
n[label = "And"];
n0[label = "If_Then"];
n00[label = "NearestInsertion"];
n0 -> n00;
n01[label = "And"];
n010[label = "If_Then"];
n0100[label = "FarthestFirstNode"];
n010 -> n0100;
n0101[label = "FarthestInsertion"];
n010 -> n0101;
n01 -> n010;
n011[label = "If_Then"];
n0110[label = "FarthestFirstNode"];
n011 -> n0110;
n0111[label = "FarthestInsertion"];
n011 -> n0111;
n01 -> n011;
n0 -> n01;
n -> n0;
n1[label = "If_Then"];
n10[label = "If_Then"];
n100[label = "FarthestFirstNode"];
n10 -> n100;
n101[label = "FarthestInsertion"];
n10 -> n101;
n1 -> n10;
n11[label = "While"];
n110[label = "BestMove"];
n11 -> n110;
n111[label = "FarthestNeighbor"];
n11 -> n111;
n1 -> n11;
n -> n1;
}


Generation: 54
Best Individual:
Subpopulation 0:
Evaluated: true
Fitness: Standardized=0.18891977 Adjusted=0.8410996 Hits=1
Tree 0:
digraph g {
node [shape=rectangle];
n[label = "And"];
n0[label = "If_Then"];
n00[label = "NearestInsertion"];
n0 -> n00;
n01[label = "And"];
n010[label = "If_Then"];
n0100[label = "FarthestFirstNode"];
n010 -> n0100;
n0101[label = "FarthestInsertion"];
n010 -> n0101;
n01 -> n010;
n011[label = "If_Then"];
n0110[label = "FarthestFirstNode"];
n011 -> n0110;
n0111[label = "FarthestInsertion"];
n011 -> n0111;
n01 -> n011;
n0 -> n01;
n -> n0;
n1[label = "If_Then"];
n10[label = "If_Then"];
n100[label = "FarthestInsertion"];
n10 -> n100;
n101[label = "FarthestInsertion"];
n10 -> n101;
n1 -> n10;
n11[label = "While"];
n110[label = "BestMove"];
n11 -> n110;
n111[label = "FarthestNeighbor"];
n11 -> n111;
n1 -> n11;
n -> n1;
}


Generation: 55
Best Individual:
Subpopulation 0:
Evaluated: true
Fitness: Standardized=0.18891977 Adjusted=0.8410996 Hits=1
Tree 0:
digraph g {
node [shape=rectangle];
n[label = "And"];
n0[label = "If_Then"];
n00[label = "NearestInsertion"];
n0 -> n00;
n01[label = "And"];
n010[label = "If_Then"];
n0100[label = "FarthestFirstNode"];
n010 -> n0100;
n0101[label = "FarthestInsertion"];
n010 -> n0101;
n01 -> n010;
n011[label = "If_Then"];
n0110[label = "FarthestFirstNode"];
n011 -> n0110;
n0111[label = "FarthestInsertion"];
n011 -> n0111;
n01 -> n011;
n0 -> n01;
n -> n0;
n1[label = "If_Then"];
n10[label = "If_Then"];
n100[label = "FarthestFirstNode"];
n10 -> n100;
n101[label = "FarthestInsertion"];
n10 -> n101;
n1 -> n10;
n11[label = "While"];
n110[label = "BestMove"];
n11 -> n110;
n111[label = "FarthestNeighbor"];
n11 -> n111;
n1 -> n11;
n -> n1;
}


Generation: 56
Best Individual:
Subpopulation 0:
Evaluated: true
Fitness: Standardized=0.17551348 Adjusted=0.85069203 Hits=1
Tree 0:
digraph g {
node [shape=rectangle];
n[label = "And"];
n0[label = "If_Then"];
n00[label = "NearestInsertion"];
n0 -> n00;
n01[label = "And"];
n010[label = "If_Then"];
n0100[label = "FarthestFirstNode"];
n010 -> n0100;
n0101[label = "FarthestInsertion"];
n010 -> n0101;
n01 -> n010;
n011[label = "If_Then"];
n0110[label = "FarthestFirstNode"];
n011 -> n0110;
n0111[label = "FarthestInsertion"];
n011 -> n0111;
n01 -> n011;
n0 -> n01;
n -> n0;
n1[label = "If_Then"];
n10[label = "If_Then"];
n100[label = "If_Then"];
n1000[label = "FarthestFirstNode"];
n100 -> n1000;
n1001[label = "FarthestInsertion"];
n100 -> n1001;
n10 -> n100;
n101[label = "FarthestInsertion"];
n10 -> n101;
n1 -> n10;
n11[label = "While"];
n110[label = "BestMove"];
n11 -> n110;
n111[label = "FarthestNeighbor"];
n11 -> n111;
n1 -> n11;
n -> n1;
}


Generation: 57
Best Individual:
Subpopulation 0:
Evaluated: true
Fitness: Standardized=0.17551348 Adjusted=0.85069203 Hits=1
Tree 0:
digraph g {
node [shape=rectangle];
n[label = "And"];
n0[label = "If_Then"];
n00[label = "NearestInsertion"];
n0 -> n00;
n01[label = "And"];
n010[label = "If_Then"];
n0100[label = "FarthestFirstNode"];
n010 -> n0100;
n0101[label = "FarthestInsertion"];
n010 -> n0101;
n01 -> n010;
n011[label = "If_Then"];
n0110[label = "FarthestFirstNode"];
n011 -> n0110;
n0111[label = "FarthestInsertion"];
n011 -> n0111;
n01 -> n011;
n0 -> n01;
n -> n0;
n1[label = "If_Then"];
n10[label = "If_Then"];
n100[label = "If_Then"];
n1000[label = "FarthestFirstNode"];
n100 -> n1000;
n1001[label = "FarthestInsertion"];
n100 -> n1001;
n10 -> n100;
n101[label = "FarthestInsertion"];
n10 -> n101;
n1 -> n10;
n11[label = "While"];
n110[label = "BestMove"];
n11 -> n110;
n111[label = "FarthestNeighbor"];
n11 -> n111;
n1 -> n11;
n -> n1;
}


Generation: 58
Best Individual:
Subpopulation 0:
Evaluated: true
Fitness: Standardized=0.17551348 Adjusted=0.85069203 Hits=1
Tree 0:
digraph g {
node [shape=rectangle];
n[label = "And"];
n0[label = "If_Then"];
n00[label = "NearestInsertion"];
n0 -> n00;
n01[label = "And"];
n010[label = "If_Then"];
n0100[label = "FarthestFirstNode"];
n010 -> n0100;
n0101[label = "FarthestInsertion"];
n010 -> n0101;
n01 -> n010;
n011[label = "If_Then"];
n0110[label = "FarthestFirstNode"];
n011 -> n0110;
n0111[label = "FarthestInsertion"];
n011 -> n0111;
n01 -> n011;
n0 -> n01;
n -> n0;
n1[label = "If_Then"];
n10[label = "If_Then"];
n100[label = "If_Then"];
n1000[label = "FarthestNeighbor"];
n100 -> n1000;
n1001[label = "FarthestInsertion"];
n100 -> n1001;
n10 -> n100;
n101[label = "FarthestInsertion"];
n10 -> n101;
n1 -> n10;
n11[label = "While"];
n110[label = "BestMove"];
n11 -> n110;
n111[label = "FarthestNeighbor"];
n11 -> n111;
n1 -> n11;
n -> n1;
}


Generation: 59
Best Individual:
Subpopulation 0:
Evaluated: true
Fitness: Standardized=0.17551348 Adjusted=0.85069203 Hits=1
Tree 0:
digraph g {
node [shape=rectangle];
n[label = "And"];
n0[label = "If_Then"];
n00[label = "NearestInsertion"];
n0 -> n00;
n01[label = "And"];
n010[label = "If_Then"];
n0100[label = "FarthestFirstNode"];
n010 -> n0100;
n0101[label = "FarthestInsertion"];
n010 -> n0101;
n01 -> n010;
n011[label = "If_Then"];
n0110[label = "FarthestFirstNode"];
n011 -> n0110;
n0111[label = "FarthestInsertion"];
n011 -> n0111;
n01 -> n011;
n0 -> n01;
n -> n0;
n1[label = "If_Then"];
n10[label = "If_Then"];
n100[label = "If_Then"];
n1000[label = "FarthestFirstNode"];
n100 -> n1000;
n1001[label = "FarthestInsertion"];
n100 -> n1001;
n10 -> n100;
n101[label = "FarthestInsertion"];
n10 -> n101;
n1 -> n10;
n11[label = "While"];
n110[label = "BestMove"];
n11 -> n110;
n111[label = "FarthestNeighbor"];
n11 -> n111;
n1 -> n11;
n -> n1;
}


Generation: 60
Best Individual:
Subpopulation 0:
Evaluated: true
Fitness: Standardized=0.17551348 Adjusted=0.85069203 Hits=1
Tree 0:
digraph g {
node [shape=rectangle];
n[label = "And"];
n0[label = "If_Then"];
n00[label = "NearestInsertion"];
n0 -> n00;
n01[label = "And"];
n010[label = "If_Then"];
n0100[label = "FarthestFirstNode"];
n010 -> n0100;
n0101[label = "FarthestInsertion"];
n010 -> n0101;
n01 -> n010;
n011[label = "If_Then"];
n0110[label = "FarthestFirstNode"];
n011 -> n0110;
n0111[label = "FarthestInsertion"];
n011 -> n0111;
n01 -> n011;
n0 -> n01;
n -> n0;
n1[label = "If_Then"];
n10[label = "If_Then"];
n100[label = "If_Then"];
n1000[label = "FarthestFirstNode"];
n100 -> n1000;
n1001[label = "FarthestInsertion"];
n100 -> n1001;
n10 -> n100;
n101[label = "FarthestInsertion"];
n10 -> n101;
n1 -> n10;
n11[label = "While"];
n110[label = "BestMove"];
n11 -> n110;
n111[label = "FarthestNeighbor"];
n11 -> n111;
n1 -> n11;
n -> n1;
}


Generation: 61
Best Individual:
Subpopulation 0:
Evaluated: true
Fitness: Standardized=0.17551348 Adjusted=0.85069203 Hits=1
Tree 0:
digraph g {
node [shape=rectangle];
n[label = "And"];
n0[label = "If_Then"];
n00[label = "NearestInsertion"];
n0 -> n00;
n01[label = "And"];
n010[label = "If_Then"];
n0100[label = "FarthestFirstNode"];
n010 -> n0100;
n0101[label = "FarthestInsertion"];
n010 -> n0101;
n01 -> n010;
n011[label = "If_Then"];
n0110[label = "FarthestFirstNode"];
n011 -> n0110;
n0111[label = "FarthestInsertion"];
n011 -> n0111;
n01 -> n011;
n0 -> n01;
n -> n0;
n1[label = "If_Then"];
n10[label = "If_Then"];
n100[label = "If_Then"];
n1000[label = "FarthestFirstNode"];
n100 -> n1000;
n1001[label = "FarthestInsertion"];
n100 -> n1001;
n10 -> n100;
n101[label = "FarthestInsertion"];
n10 -> n101;
n1 -> n10;
n11[label = "While"];
n110[label = "BestMove"];
n11 -> n110;
n111[label = "FarthestNeighbor"];
n11 -> n111;
n1 -> n11;
n -> n1;
}


Generation: 62
Best Individual:
Subpopulation 0:
Evaluated: true
Fitness: Standardized=0.17551348 Adjusted=0.85069203 Hits=1
Tree 0:
digraph g {
node [shape=rectangle];
n[label = "And"];
n0[label = "If_Then"];
n00[label = "NearestInsertion"];
n0 -> n00;
n01[label = "And"];
n010[label = "If_Then"];
n0100[label = "FarthestFirstNode"];
n010 -> n0100;
n0101[label = "FarthestInsertion"];
n010 -> n0101;
n01 -> n010;
n011[label = "If_Then"];
n0110[label = "FarthestFirstNode"];
n011 -> n0110;
n0111[label = "FarthestInsertion"];
n011 -> n0111;
n01 -> n011;
n0 -> n01;
n -> n0;
n1[label = "If_Then"];
n10[label = "If_Then"];
n100[label = "If_Then"];
n1000[label = "FarthestFirstNode"];
n100 -> n1000;
n1001[label = "FarthestInsertion"];
n100 -> n1001;
n10 -> n100;
n101[label = "FarthestInsertion"];
n10 -> n101;
n1 -> n10;
n11[label = "While"];
n110[label = "BestMove"];
n11 -> n110;
n111[label = "FarthestNeighbor"];
n11 -> n111;
n1 -> n11;
n -> n1;
}


Generation: 63
Best Individual:
Subpopulation 0:
Evaluated: true
Fitness: Standardized=0.17551348 Adjusted=0.85069203 Hits=1
Tree 0:
digraph g {
node [shape=rectangle];
n[label = "And"];
n0[label = "If_Then"];
n00[label = "NearestInsertion"];
n0 -> n00;
n01[label = "And"];
n010[label = "If_Then"];
n0100[label = "FarthestFirstNode"];
n010 -> n0100;
n0101[label = "FarthestInsertion"];
n010 -> n0101;
n01 -> n010;
n011[label = "If_Then"];
n0110[label = "FarthestFirstNode"];
n011 -> n0110;
n0111[label = "FarthestInsertion"];
n011 -> n0111;
n01 -> n011;
n0 -> n01;
n -> n0;
n1[label = "If_Then"];
n10[label = "If_Then"];
n100[label = "If_Then"];
n1000[label = "FarthestNeighbor"];
n100 -> n1000;
n1001[label = "FarthestInsertion"];
n100 -> n1001;
n10 -> n100;
n101[label = "FarthestInsertion"];
n10 -> n101;
n1 -> n10;
n11[label = "While"];
n110[label = "BestMove"];
n11 -> n110;
n111[label = "FarthestNeighbor"];
n11 -> n111;
n1 -> n11;
n -> n1;
}


Generation: 64
Best Individual:
Subpopulation 0:
Evaluated: true
Fitness: Standardized=0.17551348 Adjusted=0.85069203 Hits=1
Tree 0:
digraph g {
node [shape=rectangle];
n[label = "And"];
n0[label = "If_Then"];
n00[label = "NearestInsertion"];
n0 -> n00;
n01[label = "And"];
n010[label = "If_Then"];
n0100[label = "FarthestFirstNode"];
n010 -> n0100;
n0101[label = "FarthestInsertion"];
n010 -> n0101;
n01 -> n010;
n011[label = "If_Then"];
n0110[label = "FarthestFirstNode"];
n011 -> n0110;
n0111[label = "FarthestInsertion"];
n011 -> n0111;
n01 -> n011;
n0 -> n01;
n -> n0;
n1[label = "If_Then"];
n10[label = "If_Then"];
n100[label = "If_Then"];
n1000[label = "FarthestFirstNode"];
n100 -> n1000;
n1001[label = "FarthestInsertion"];
n100 -> n1001;
n10 -> n100;
n101[label = "FarthestInsertion"];
n10 -> n101;
n1 -> n10;
n11[label = "While"];
n110[label = "BestMove"];
n11 -> n110;
n111[label = "FarthestNeighbor"];
n11 -> n111;
n1 -> n11;
n -> n1;
}


Generation: 65
Best Individual:
Subpopulation 0:
Evaluated: true
Fitness: Standardized=0.17551348 Adjusted=0.85069203 Hits=1
Tree 0:
digraph g {
node [shape=rectangle];
n[label = "And"];
n0[label = "If_Then"];
n00[label = "NearestInsertion"];
n0 -> n00;
n01[label = "And"];
n010[label = "If_Then"];
n0100[label = "FarthestFirstNode"];
n010 -> n0100;
n0101[label = "FarthestInsertion"];
n010 -> n0101;
n01 -> n010;
n011[label = "If_Then"];
n0110[label = "FarthestFirstNode"];
n011 -> n0110;
n0111[label = "FarthestInsertion"];
n011 -> n0111;
n01 -> n011;
n0 -> n01;
n -> n0;
n1[label = "If_Then"];
n10[label = "If_Then"];
n100[label = "If_Then"];
n1000[label = "FarthestNeighbor"];
n100 -> n1000;
n1001[label = "FarthestInsertion"];
n100 -> n1001;
n10 -> n100;
n101[label = "FarthestInsertion"];
n10 -> n101;
n1 -> n10;
n11[label = "While"];
n110[label = "BestMove"];
n11 -> n110;
n111[label = "FarthestNeighbor"];
n11 -> n111;
n1 -> n11;
n -> n1;
}


Generation: 66
Best Individual:
Subpopulation 0:
Evaluated: true
Fitness: Standardized=0.17551348 Adjusted=0.85069203 Hits=1
Tree 0:
digraph g {
node [shape=rectangle];
n[label = "And"];
n0[label = "If_Then"];
n00[label = "NearestInsertion"];
n0 -> n00;
n01[label = "And"];
n010[label = "If_Then"];
n0100[label = "FarthestFirstNode"];
n010 -> n0100;
n0101[label = "FarthestInsertion"];
n010 -> n0101;
n01 -> n010;
n011[label = "If_Then"];
n0110[label = "FarthestFirstNode"];
n011 -> n0110;
n0111[label = "FarthestInsertion"];
n011 -> n0111;
n01 -> n011;
n0 -> n01;
n -> n0;
n1[label = "If_Then"];
n10[label = "If_Then"];
n100[label = "If_Then"];
n1000[label = "FarthestFirstNode"];
n100 -> n1000;
n1001[label = "FarthestInsertion"];
n100 -> n1001;
n10 -> n100;
n101[label = "FarthestInsertion"];
n10 -> n101;
n1 -> n10;
n11[label = "While"];
n110[label = "BestMove"];
n11 -> n110;
n111[label = "FarthestNeighbor"];
n11 -> n111;
n1 -> n11;
n -> n1;
}


Generation: 67
Best Individual:
Subpopulation 0:
Evaluated: true
Fitness: Standardized=0.17551348 Adjusted=0.85069203 Hits=1
Tree 0:
digraph g {
node [shape=rectangle];
n[label = "And"];
n0[label = "If_Then"];
n00[label = "NearestInsertion"];
n0 -> n00;
n01[label = "And"];
n010[label = "If_Then"];
n0100[label = "FarthestFirstNode"];
n010 -> n0100;
n0101[label = "FarthestInsertion"];
n010 -> n0101;
n01 -> n010;
n011[label = "If_Then"];
n0110[label = "FarthestFirstNode"];
n011 -> n0110;
n0111[label = "FarthestInsertion"];
n011 -> n0111;
n01 -> n011;
n0 -> n01;
n -> n0;
n1[label = "If_Then"];
n10[label = "If_Then"];
n100[label = "If_Then"];
n1000[label = "FarthestFirstNode"];
n100 -> n1000;
n1001[label = "FarthestInsertion"];
n100 -> n1001;
n10 -> n100;
n101[label = "FarthestInsertion"];
n10 -> n101;
n1 -> n10;
n11[label = "While"];
n110[label = "BestMove"];
n11 -> n110;
n111[label = "FarthestNeighbor"];
n11 -> n111;
n1 -> n11;
n -> n1;
}


Generation: 68
Best Individual:
Subpopulation 0:
Evaluated: true
Fitness: Standardized=0.17551348 Adjusted=0.85069203 Hits=1
Tree 0:
digraph g {
node [shape=rectangle];
n[label = "And"];
n0[label = "If_Then"];
n00[label = "NearestInsertion"];
n0 -> n00;
n01[label = "And"];
n010[label = "If_Then"];
n0100[label = "FarthestFirstNode"];
n010 -> n0100;
n0101[label = "FarthestInsertion"];
n010 -> n0101;
n01 -> n010;
n011[label = "If_Then"];
n0110[label = "FarthestFirstNode"];
n011 -> n0110;
n0111[label = "FarthestInsertion"];
n011 -> n0111;
n01 -> n011;
n0 -> n01;
n -> n0;
n1[label = "If_Then"];
n10[label = "If_Then"];
n100[label = "If_Then"];
n1000[label = "FarthestFirstNode"];
n100 -> n1000;
n1001[label = "FarthestInsertion"];
n100 -> n1001;
n10 -> n100;
n101[label = "FarthestInsertion"];
n10 -> n101;
n1 -> n10;
n11[label = "While"];
n110[label = "BestMove"];
n11 -> n110;
n111[label = "FarthestNeighbor"];
n11 -> n111;
n1 -> n11;
n -> n1;
}


Generation: 69
Best Individual:
Subpopulation 0:
Evaluated: true
Fitness: Standardized=0.17551348 Adjusted=0.85069203 Hits=1
Tree 0:
digraph g {
node [shape=rectangle];
n[label = "And"];
n0[label = "If_Then"];
n00[label = "NearestInsertion"];
n0 -> n00;
n01[label = "And"];
n010[label = "If_Then"];
n0100[label = "FarthestFirstNode"];
n010 -> n0100;
n0101[label = "FarthestInsertion"];
n010 -> n0101;
n01 -> n010;
n011[label = "If_Then"];
n0110[label = "FarthestFirstNode"];
n011 -> n0110;
n0111[label = "FarthestInsertion"];
n011 -> n0111;
n01 -> n011;
n0 -> n01;
n -> n0;
n1[label = "If_Then"];
n10[label = "If_Then"];
n100[label = "If_Then"];
n1000[label = "FarthestFirstNode"];
n100 -> n1000;
n1001[label = "FarthestInsertion"];
n100 -> n1001;
n10 -> n100;
n101[label = "FarthestInsertion"];
n10 -> n101;
n1 -> n10;
n11[label = "While"];
n110[label = "BestMove"];
n11 -> n110;
n111[label = "FarthestNeighbor"];
n11 -> n111;
n1 -> n11;
n -> n1;
}


Generation: 70
Best Individual:
Subpopulation 0:
Evaluated: true
Fitness: Standardized=0.17551348 Adjusted=0.85069203 Hits=1
Tree 0:
digraph g {
node [shape=rectangle];
n[label = "And"];
n0[label = "If_Then"];
n00[label = "NearestInsertion"];
n0 -> n00;
n01[label = "And"];
n010[label = "If_Then"];
n0100[label = "FarthestFirstNode"];
n010 -> n0100;
n0101[label = "FarthestInsertion"];
n010 -> n0101;
n01 -> n010;
n011[label = "If_Then"];
n0110[label = "FarthestFirstNode"];
n011 -> n0110;
n0111[label = "FarthestInsertion"];
n011 -> n0111;
n01 -> n011;
n0 -> n01;
n -> n0;
n1[label = "If_Then"];
n10[label = "If_Then"];
n100[label = "If_Then"];
n1000[label = "FarthestFirstNode"];
n100 -> n1000;
n1001[label = "FarthestInsertion"];
n100 -> n1001;
n10 -> n100;
n101[label = "FarthestInsertion"];
n10 -> n101;
n1 -> n10;
n11[label = "While"];
n110[label = "BestMove"];
n11 -> n110;
n111[label = "FarthestNeighbor"];
n11 -> n111;
n1 -> n11;
n -> n1;
}


Generation: 71
Best Individual:
Subpopulation 0:
Evaluated: true
Fitness: Standardized=0.17551348 Adjusted=0.85069203 Hits=1
Tree 0:
digraph g {
node [shape=rectangle];
n[label = "And"];
n0[label = "If_Then"];
n00[label = "NearestInsertion"];
n0 -> n00;
n01[label = "And"];
n010[label = "If_Then"];
n0100[label = "FarthestFirstNode"];
n010 -> n0100;
n0101[label = "FarthestInsertion"];
n010 -> n0101;
n01 -> n010;
n011[label = "If_Then"];
n0110[label = "FarthestFirstNode"];
n011 -> n0110;
n0111[label = "FarthestInsertion"];
n011 -> n0111;
n01 -> n011;
n0 -> n01;
n -> n0;
n1[label = "If_Then"];
n10[label = "If_Then"];
n100[label = "If_Then"];
n1000[label = "FarthestFirstNode"];
n100 -> n1000;
n1001[label = "FarthestInsertion"];
n100 -> n1001;
n10 -> n100;
n101[label = "FarthestInsertion"];
n10 -> n101;
n1 -> n10;
n11[label = "While"];
n110[label = "BestMove"];
n11 -> n110;
n111[label = "FarthestNeighbor"];
n11 -> n111;
n1 -> n11;
n -> n1;
}


Generation: 72
Best Individual:
Subpopulation 0:
Evaluated: true
Fitness: Standardized=0.17551348 Adjusted=0.85069203 Hits=1
Tree 0:
digraph g {
node [shape=rectangle];
n[label = "And"];
n0[label = "If_Then"];
n00[label = "NearestInsertion"];
n0 -> n00;
n01[label = "And"];
n010[label = "If_Then"];
n0100[label = "FarthestFirstNode"];
n010 -> n0100;
n0101[label = "FarthestInsertion"];
n010 -> n0101;
n01 -> n010;
n011[label = "If_Then"];
n0110[label = "FarthestFirstNode"];
n011 -> n0110;
n0111[label = "FarthestInsertion"];
n011 -> n0111;
n01 -> n011;
n0 -> n01;
n -> n0;
n1[label = "If_Then"];
n10[label = "If_Then"];
n100[label = "If_Then"];
n1000[label = "FarthestFirstNode"];
n100 -> n1000;
n1001[label = "FarthestInsertion"];
n100 -> n1001;
n10 -> n100;
n101[label = "FarthestInsertion"];
n10 -> n101;
n1 -> n10;
n11[label = "While"];
n110[label = "BestMove"];
n11 -> n110;
n111[label = "FarthestNeighbor"];
n11 -> n111;
n1 -> n11;
n -> n1;
}


Generation: 73
Best Individual:
Subpopulation 0:
Evaluated: true
Fitness: Standardized=0.17551348 Adjusted=0.85069203 Hits=1
Tree 0:
digraph g {
node [shape=rectangle];
n[label = "And"];
n0[label = "If_Then"];
n00[label = "NearestInsertion"];
n0 -> n00;
n01[label = "And"];
n010[label = "Equal"];
n0100[label = "FarthestFirstNode"];
n010 -> n0100;
n0101[label = "FarthestInsertion"];
n010 -> n0101;
n01 -> n010;
n011[label = "If_Then"];
n0110[label = "FarthestFirstNode"];
n011 -> n0110;
n0111[label = "FarthestInsertion"];
n011 -> n0111;
n01 -> n011;
n0 -> n01;
n -> n0;
n1[label = "If_Then"];
n10[label = "If_Then"];
n100[label = "If_Then"];
n1000[label = "FarthestFirstNode"];
n100 -> n1000;
n1001[label = "FarthestInsertion"];
n100 -> n1001;
n10 -> n100;
n101[label = "FarthestInsertion"];
n10 -> n101;
n1 -> n10;
n11[label = "While"];
n110[label = "BestMove"];
n11 -> n110;
n111[label = "FarthestNeighbor"];
n11 -> n111;
n1 -> n11;
n -> n1;
}


Generation: 74
Best Individual:
Subpopulation 0:
Evaluated: true
Fitness: Standardized=0.17551348 Adjusted=0.85069203 Hits=1
Tree 0:
digraph g {
node [shape=rectangle];
n[label = "And"];
n0[label = "If_Then"];
n00[label = "NearestInsertion"];
n0 -> n00;
n01[label = "And"];
n010[label = "If_Then"];
n0100[label = "FarthestFirstNode"];
n010 -> n0100;
n0101[label = "FarthestInsertion"];
n010 -> n0101;
n01 -> n010;
n011[label = "If_Then"];
n0110[label = "FarthestFirstNode"];
n011 -> n0110;
n0111[label = "FarthestInsertion"];
n011 -> n0111;
n01 -> n011;
n0 -> n01;
n -> n0;
n1[label = "If_Then"];
n10[label = "If_Then"];
n100[label = "If_Then"];
n1000[label = "FarthestFirstNode"];
n100 -> n1000;
n1001[label = "FarthestInsertion"];
n100 -> n1001;
n10 -> n100;
n101[label = "FarthestInsertion"];
n10 -> n101;
n1 -> n10;
n11[label = "While"];
n110[label = "BestMove"];
n11 -> n110;
n111[label = "FarthestNeighbor"];
n11 -> n111;
n1 -> n11;
n -> n1;
}


Generation: 75
Best Individual:
Subpopulation 0:
Evaluated: true
Fitness: Standardized=0.17551348 Adjusted=0.85069203 Hits=1
Tree 0:
digraph g {
node [shape=rectangle];
n[label = "And"];
n0[label = "If_Then"];
n00[label = "NearestInsertion"];
n0 -> n00;
n01[label = "And"];
n010[label = "Equal"];
n0100[label = "FarthestFirstNode"];
n010 -> n0100;
n0101[label = "FarthestInsertion"];
n010 -> n0101;
n01 -> n010;
n011[label = "If_Then"];
n0110[label = "FarthestFirstNode"];
n011 -> n0110;
n0111[label = "FarthestInsertion"];
n011 -> n0111;
n01 -> n011;
n0 -> n01;
n -> n0;
n1[label = "And"];
n10[label = "If_Then"];
n100[label = "If_Then"];
n1000[label = "FarthestFirstNode"];
n100 -> n1000;
n1001[label = "FarthestInsertion"];
n100 -> n1001;
n10 -> n100;
n101[label = "FarthestInsertion"];
n10 -> n101;
n1 -> n10;
n11[label = "While"];
n110[label = "BestMove"];
n11 -> n110;
n111[label = "FarthestNeighbor"];
n11 -> n111;
n1 -> n11;
n -> n1;
}


Generation: 76
Best Individual:
Subpopulation 0:
Evaluated: true
Fitness: Standardized=0.17551348 Adjusted=0.85069203 Hits=1
Tree 0:
digraph g {
node [shape=rectangle];
n[label = "And"];
n0[label = "If_Then"];
n00[label = "NearestInsertion"];
n0 -> n00;
n01[label = "And"];
n010[label = "If_Then"];
n0100[label = "FarthestFirstNode"];
n010 -> n0100;
n0101[label = "FarthestInsertion"];
n010 -> n0101;
n01 -> n010;
n011[label = "If_Then"];
n0110[label = "FarthestFirstNode"];
n011 -> n0110;
n0111[label = "FarthestInsertion"];
n011 -> n0111;
n01 -> n011;
n0 -> n01;
n -> n0;
n1[label = "If_Then"];
n10[label = "If_Then"];
n100[label = "If_Then"];
n1000[label = "FarthestFirstNode"];
n100 -> n1000;
n1001[label = "FarthestInsertion"];
n100 -> n1001;
n10 -> n100;
n101[label = "FarthestInsertion"];
n10 -> n101;
n1 -> n10;
n11[label = "While"];
n110[label = "BestMove"];
n11 -> n110;
n111[label = "FarthestNeighbor"];
n11 -> n111;
n1 -> n11;
n -> n1;
}


Generation: 77
Best Individual:
Subpopulation 0:
Evaluated: true
Fitness: Standardized=0.17551348 Adjusted=0.85069203 Hits=1
Tree 0:
digraph g {
node [shape=rectangle];
n[label = "And"];
n0[label = "If_Then"];
n00[label = "NearestInsertion"];
n0 -> n00;
n01[label = "And"];
n010[label = "If_Then"];
n0100[label = "FarthestFirstNode"];
n010 -> n0100;
n0101[label = "FarthestInsertion"];
n010 -> n0101;
n01 -> n010;
n011[label = "If_Then"];
n0110[label = "FarthestFirstNode"];
n011 -> n0110;
n0111[label = "FarthestInsertion"];
n011 -> n0111;
n01 -> n011;
n0 -> n01;
n -> n0;
n1[label = "If_Then"];
n10[label = "If_Then"];
n100[label = "If_Then"];
n1000[label = "FarthestFirstNode"];
n100 -> n1000;
n1001[label = "FarthestInsertion"];
n100 -> n1001;
n10 -> n100;
n101[label = "FarthestInsertion"];
n10 -> n101;
n1 -> n10;
n11[label = "While"];
n110[label = "BestMove"];
n11 -> n110;
n111[label = "FarthestNeighbor"];
n11 -> n111;
n1 -> n11;
n -> n1;
}


Generation: 78
Best Individual:
Subpopulation 0:
Evaluated: true
Fitness: Standardized=0.17551348 Adjusted=0.85069203 Hits=1
Tree 0:
digraph g {
node [shape=rectangle];
n[label = "And"];
n0[label = "If_Then"];
n00[label = "NearestInsertion"];
n0 -> n00;
n01[label = "And"];
n010[label = "If_Then"];
n0100[label = "FarthestFirstNode"];
n010 -> n0100;
n0101[label = "FarthestInsertion"];
n010 -> n0101;
n01 -> n010;
n011[label = "If_Then"];
n0110[label = "FarthestFirstNode"];
n011 -> n0110;
n0111[label = "FarthestInsertion"];
n011 -> n0111;
n01 -> n011;
n0 -> n01;
n -> n0;
n1[label = "If_Then"];
n10[label = "If_Then"];
n100[label = "If_Then"];
n1000[label = "FarthestFirstNode"];
n100 -> n1000;
n1001[label = "FarthestInsertion"];
n100 -> n1001;
n10 -> n100;
n101[label = "FarthestInsertion"];
n10 -> n101;
n1 -> n10;
n11[label = "While"];
n110[label = "BestMove"];
n11 -> n110;
n111[label = "FarthestNeighbor"];
n11 -> n111;
n1 -> n11;
n -> n1;
}


Generation: 79
Best Individual:
Subpopulation 0:
Evaluated: true
Fitness: Standardized=0.17551348 Adjusted=0.85069203 Hits=1
Tree 0:
digraph g {
node [shape=rectangle];
n[label = "And"];
n0[label = "If_Then"];
n00[label = "NearestInsertion"];
n0 -> n00;
n01[label = "And"];
n010[label = "If_Then"];
n0100[label = "FarthestFirstNode"];
n010 -> n0100;
n0101[label = "FarthestInsertion"];
n010 -> n0101;
n01 -> n010;
n011[label = "If_Then"];
n0110[label = "FarthestFirstNode"];
n011 -> n0110;
n0111[label = "FarthestInsertion"];
n011 -> n0111;
n01 -> n011;
n0 -> n01;
n -> n0;
n1[label = "If_Then"];
n10[label = "If_Then"];
n100[label = "If_Then"];
n1000[label = "FarthestFirstNode"];
n100 -> n1000;
n1001[label = "FarthestInsertion"];
n100 -> n1001;
n10 -> n100;
n101[label = "FarthestInsertion"];
n10 -> n101;
n1 -> n10;
n11[label = "While"];
n110[label = "BestMove"];
n11 -> n110;
n111[label = "FarthestNeighbor"];
n11 -> n111;
n1 -> n11;
n -> n1;
}


Generation: 80
Best Individual:
Subpopulation 0:
Evaluated: true
Fitness: Standardized=0.17551348 Adjusted=0.85069203 Hits=1
Tree 0:
digraph g {
node [shape=rectangle];
n[label = "And"];
n0[label = "If_Then"];
n00[label = "NearestInsertion"];
n0 -> n00;
n01[label = "And"];
n010[label = "If_Then"];
n0100[label = "FarthestFirstNode"];
n010 -> n0100;
n0101[label = "FarthestInsertion"];
n010 -> n0101;
n01 -> n010;
n011[label = "If_Then"];
n0110[label = "FarthestFirstNode"];
n011 -> n0110;
n0111[label = "FarthestInsertion"];
n011 -> n0111;
n01 -> n011;
n0 -> n01;
n -> n0;
n1[label = "If_Then"];
n10[label = "If_Then"];
n100[label = "If_Then"];
n1000[label = "FarthestFirstNode"];
n100 -> n1000;
n1001[label = "FarthestInsertion"];
n100 -> n1001;
n10 -> n100;
n101[label = "FarthestInsertion"];
n10 -> n101;
n1 -> n10;
n11[label = "While"];
n110[label = "BestMove"];
n11 -> n110;
n111[label = "FarthestNeighbor"];
n11 -> n111;
n1 -> n11;
n -> n1;
}


Generation: 81
Best Individual:
Subpopulation 0:
Evaluated: true
Fitness: Standardized=0.17551348 Adjusted=0.85069203 Hits=1
Tree 0:
digraph g {
node [shape=rectangle];
n[label = "And"];
n0[label = "If_Then"];
n00[label = "NearestInsertion"];
n0 -> n00;
n01[label = "And"];
n010[label = "If_Then"];
n0100[label = "FarthestFirstNode"];
n010 -> n0100;
n0101[label = "FarthestInsertion"];
n010 -> n0101;
n01 -> n010;
n011[label = "If_Then"];
n0110[label = "FarthestFirstNode"];
n011 -> n0110;
n0111[label = "FarthestInsertion"];
n011 -> n0111;
n01 -> n011;
n0 -> n01;
n -> n0;
n1[label = "If_Then"];
n10[label = "If_Then"];
n100[label = "If_Then"];
n1000[label = "FarthestFirstNode"];
n100 -> n1000;
n1001[label = "FarthestInsertion"];
n100 -> n1001;
n10 -> n100;
n101[label = "FarthestInsertion"];
n10 -> n101;
n1 -> n10;
n11[label = "While"];
n110[label = "BestMove"];
n11 -> n110;
n111[label = "FarthestNeighbor"];
n11 -> n111;
n1 -> n11;
n -> n1;
}


Generation: 82
Best Individual:
Subpopulation 0:
Evaluated: true
Fitness: Standardized=0.17551348 Adjusted=0.85069203 Hits=1
Tree 0:
digraph g {
node [shape=rectangle];
n[label = "And"];
n0[label = "If_Then"];
n00[label = "NearestInsertion"];
n0 -> n00;
n01[label = "And"];
n010[label = "If_Then"];
n0100[label = "FarthestFirstNode"];
n010 -> n0100;
n0101[label = "FarthestInsertion"];
n010 -> n0101;
n01 -> n010;
n011[label = "If_Then"];
n0110[label = "FarthestFirstNode"];
n011 -> n0110;
n0111[label = "FarthestInsertion"];
n011 -> n0111;
n01 -> n011;
n0 -> n01;
n -> n0;
n1[label = "If_Then"];
n10[label = "If_Then"];
n100[label = "If_Then"];
n1000[label = "FarthestFirstNode"];
n100 -> n1000;
n1001[label = "FarthestInsertion"];
n100 -> n1001;
n10 -> n100;
n101[label = "FarthestInsertion"];
n10 -> n101;
n1 -> n10;
n11[label = "While"];
n110[label = "BestMove"];
n11 -> n110;
n111[label = "FarthestNeighbor"];
n11 -> n111;
n1 -> n11;
n -> n1;
}


Generation: 83
Best Individual:
Subpopulation 0:
Evaluated: true
Fitness: Standardized=0.17551348 Adjusted=0.85069203 Hits=1
Tree 0:
digraph g {
node [shape=rectangle];
n[label = "And"];
n0[label = "If_Then"];
n00[label = "NearestInsertion"];
n0 -> n00;
n01[label = "And"];
n010[label = "If_Then"];
n0100[label = "FarthestFirstNode"];
n010 -> n0100;
n0101[label = "FarthestInsertion"];
n010 -> n0101;
n01 -> n010;
n011[label = "If_Then"];
n0110[label = "FarthestFirstNode"];
n011 -> n0110;
n0111[label = "FarthestInsertion"];
n011 -> n0111;
n01 -> n011;
n0 -> n01;
n -> n0;
n1[label = "If_Then"];
n10[label = "If_Then"];
n100[label = "If_Then"];
n1000[label = "FarthestFirstNode"];
n100 -> n1000;
n1001[label = "FarthestInsertion"];
n100 -> n1001;
n10 -> n100;
n101[label = "FarthestInsertion"];
n10 -> n101;
n1 -> n10;
n11[label = "While"];
n110[label = "BestMove"];
n11 -> n110;
n111[label = "FarthestNeighbor"];
n11 -> n111;
n1 -> n11;
n -> n1;
}


Generation: 84
Best Individual:
Subpopulation 0:
Evaluated: true
Fitness: Standardized=0.17551348 Adjusted=0.85069203 Hits=1
Tree 0:
digraph g {
node [shape=rectangle];
n[label = "And"];
n0[label = "If_Then"];
n00[label = "NearestInsertion"];
n0 -> n00;
n01[label = "And"];
n010[label = "If_Then"];
n0100[label = "FarthestFirstNode"];
n010 -> n0100;
n0101[label = "FarthestInsertion"];
n010 -> n0101;
n01 -> n010;
n011[label = "If_Then"];
n0110[label = "FarthestFirstNode"];
n011 -> n0110;
n0111[label = "FarthestInsertion"];
n011 -> n0111;
n01 -> n011;
n0 -> n01;
n -> n0;
n1[label = "If_Then"];
n10[label = "If_Then"];
n100[label = "If_Then"];
n1000[label = "FarthestFirstNode"];
n100 -> n1000;
n1001[label = "FarthestInsertion"];
n100 -> n1001;
n10 -> n100;
n101[label = "FarthestInsertion"];
n10 -> n101;
n1 -> n10;
n11[label = "While"];
n110[label = "BestMove"];
n11 -> n110;
n111[label = "FarthestNeighbor"];
n11 -> n111;
n1 -> n11;
n -> n1;
}


Generation: 85
Best Individual:
Subpopulation 0:
Evaluated: true
Fitness: Standardized=0.17551348 Adjusted=0.85069203 Hits=1
Tree 0:
digraph g {
node [shape=rectangle];
n[label = "And"];
n0[label = "If_Then"];
n00[label = "NearestInsertion"];
n0 -> n00;
n01[label = "And"];
n010[label = "If_Then"];
n0100[label = "FarthestFirstNode"];
n010 -> n0100;
n0101[label = "FarthestInsertion"];
n010 -> n0101;
n01 -> n010;
n011[label = "If_Then"];
n0110[label = "FarthestFirstNode"];
n011 -> n0110;
n0111[label = "FarthestInsertion"];
n011 -> n0111;
n01 -> n011;
n0 -> n01;
n -> n0;
n1[label = "If_Then"];
n10[label = "If_Then"];
n100[label = "If_Then"];
n1000[label = "FarthestFirstNode"];
n100 -> n1000;
n1001[label = "FarthestInsertion"];
n100 -> n1001;
n10 -> n100;
n101[label = "FarthestInsertion"];
n10 -> n101;
n1 -> n10;
n11[label = "While"];
n110[label = "BestMove"];
n11 -> n110;
n111[label = "FarthestNeighbor"];
n11 -> n111;
n1 -> n11;
n -> n1;
}


Generation: 86
Best Individual:
Subpopulation 0:
Evaluated: true
Fitness: Standardized=0.17551348 Adjusted=0.85069203 Hits=1
Tree 0:
digraph g {
node [shape=rectangle];
n[label = "And"];
n0[label = "If_Then"];
n00[label = "NearestInsertion"];
n0 -> n00;
n01[label = "And"];
n010[label = "If_Then"];
n0100[label = "FarthestFirstNode"];
n010 -> n0100;
n0101[label = "FarthestInsertion"];
n010 -> n0101;
n01 -> n010;
n011[label = "If_Then"];
n0110[label = "FarthestFirstNode"];
n011 -> n0110;
n0111[label = "FarthestInsertion"];
n011 -> n0111;
n01 -> n011;
n0 -> n01;
n -> n0;
n1[label = "If_Then"];
n10[label = "If_Then"];
n100[label = "If_Then"];
n1000[label = "FarthestFirstNode"];
n100 -> n1000;
n1001[label = "FarthestFirstNode"];
n100 -> n1001;
n10 -> n100;
n101[label = "FarthestInsertion"];
n10 -> n101;
n1 -> n10;
n11[label = "While"];
n110[label = "BestMove"];
n11 -> n110;
n111[label = "FarthestNeighbor"];
n11 -> n111;
n1 -> n11;
n -> n1;
}


Generation: 87
Best Individual:
Subpopulation 0:
Evaluated: true
Fitness: Standardized=0.17551348 Adjusted=0.85069203 Hits=1
Tree 0:
digraph g {
node [shape=rectangle];
n[label = "And"];
n0[label = "If_Then"];
n00[label = "NearestInsertion"];
n0 -> n00;
n01[label = "And"];
n010[label = "If_Then"];
n0100[label = "FarthestFirstNode"];
n010 -> n0100;
n0101[label = "FarthestInsertion"];
n010 -> n0101;
n01 -> n010;
n011[label = "If_Then"];
n0110[label = "FarthestFirstNode"];
n011 -> n0110;
n0111[label = "FarthestInsertion"];
n011 -> n0111;
n01 -> n011;
n0 -> n01;
n -> n0;
n1[label = "If_Then"];
n10[label = "If_Then"];
n100[label = "If_Then"];
n1000[label = "FarthestFirstNode"];
n100 -> n1000;
n1001[label = "FarthestInsertion"];
n100 -> n1001;
n10 -> n100;
n101[label = "FarthestInsertion"];
n10 -> n101;
n1 -> n10;
n11[label = "While"];
n110[label = "BestMove"];
n11 -> n110;
n111[label = "FarthestNeighbor"];
n11 -> n111;
n1 -> n11;
n -> n1;
}


Generation: 88
Best Individual:
Subpopulation 0:
Evaluated: true
Fitness: Standardized=0.17551348 Adjusted=0.85069203 Hits=1
Tree 0:
digraph g {
node [shape=rectangle];
n[label = "And"];
n0[label = "If_Then"];
n00[label = "NearestInsertion"];
n0 -> n00;
n01[label = "And"];
n010[label = "If_Then"];
n0100[label = "FarthestFirstNode"];
n010 -> n0100;
n0101[label = "FarthestInsertion"];
n010 -> n0101;
n01 -> n010;
n011[label = "If_Then"];
n0110[label = "FarthestFirstNode"];
n011 -> n0110;
n0111[label = "FarthestInsertion"];
n011 -> n0111;
n01 -> n011;
n0 -> n01;
n -> n0;
n1[label = "If_Then"];
n10[label = "If_Then"];
n100[label = "If_Then"];
n1000[label = "FarthestFirstNode"];
n100 -> n1000;
n1001[label = "FarthestInsertion"];
n100 -> n1001;
n10 -> n100;
n101[label = "FarthestInsertion"];
n10 -> n101;
n1 -> n10;
n11[label = "While"];
n110[label = "BestMove"];
n11 -> n110;
n111[label = "FarthestNeighbor"];
n11 -> n111;
n1 -> n11;
n -> n1;
}


Generation: 89
Best Individual:
Subpopulation 0:
Evaluated: true
Fitness: Standardized=0.17551348 Adjusted=0.85069203 Hits=1
Tree 0:
digraph g {
node [shape=rectangle];
n[label = "And"];
n0[label = "If_Then"];
n00[label = "NearestInsertion"];
n0 -> n00;
n01[label = "And"];
n010[label = "If_Then"];
n0100[label = "FarthestFirstNode"];
n010 -> n0100;
n0101[label = "FarthestInsertion"];
n010 -> n0101;
n01 -> n010;
n011[label = "If_Then"];
n0110[label = "FarthestFirstNode"];
n011 -> n0110;
n0111[label = "FarthestInsertion"];
n011 -> n0111;
n01 -> n011;
n0 -> n01;
n -> n0;
n1[label = "If_Then"];
n10[label = "If_Then"];
n100[label = "If_Then"];
n1000[label = "FarthestFirstNode"];
n100 -> n1000;
n1001[label = "FarthestInsertion"];
n100 -> n1001;
n10 -> n100;
n101[label = "FarthestInsertion"];
n10 -> n101;
n1 -> n10;
n11[label = "While"];
n110[label = "BestMove"];
n11 -> n110;
n111[label = "FarthestNeighbor"];
n11 -> n111;
n1 -> n11;
n -> n1;
}


Generation: 90
Best Individual:
Subpopulation 0:
Evaluated: true
Fitness: Standardized=0.17551348 Adjusted=0.85069203 Hits=1
Tree 0:
digraph g {
node [shape=rectangle];
n[label = "And"];
n0[label = "If_Then"];
n00[label = "NearestInsertion"];
n0 -> n00;
n01[label = "And"];
n010[label = "If_Then"];
n0100[label = "FarthestFirstNode"];
n010 -> n0100;
n0101[label = "FarthestInsertion"];
n010 -> n0101;
n01 -> n010;
n011[label = "If_Then"];
n0110[label = "FarthestFirstNode"];
n011 -> n0110;
n0111[label = "FarthestInsertion"];
n011 -> n0111;
n01 -> n011;
n0 -> n01;
n -> n0;
n1[label = "If_Then"];
n10[label = "If_Then"];
n100[label = "If_Then"];
n1000[label = "FarthestFirstNode"];
n100 -> n1000;
n1001[label = "FarthestInsertion"];
n100 -> n1001;
n10 -> n100;
n101[label = "FarthestInsertion"];
n10 -> n101;
n1 -> n10;
n11[label = "While"];
n110[label = "BestMove"];
n11 -> n110;
n111[label = "FarthestNeighbor"];
n11 -> n111;
n1 -> n11;
n -> n1;
}


Generation: 91
Best Individual:
Subpopulation 0:
Evaluated: true
Fitness: Standardized=0.17551348 Adjusted=0.85069203 Hits=1
Tree 0:
digraph g {
node [shape=rectangle];
n[label = "And"];
n0[label = "If_Then"];
n00[label = "NearestInsertion"];
n0 -> n00;
n01[label = "And"];
n010[label = "If_Then"];
n0100[label = "FarthestFirstNode"];
n010 -> n0100;
n0101[label = "FarthestInsertion"];
n010 -> n0101;
n01 -> n010;
n011[label = "If_Then"];
n0110[label = "FarthestFirstNode"];
n011 -> n0110;
n0111[label = "FarthestInsertion"];
n011 -> n0111;
n01 -> n011;
n0 -> n01;
n -> n0;
n1[label = "If_Then"];
n10[label = "If_Then"];
n100[label = "If_Then"];
n1000[label = "FarthestFirstNode"];
n100 -> n1000;
n1001[label = "FarthestInsertion"];
n100 -> n1001;
n10 -> n100;
n101[label = "FarthestInsertion"];
n10 -> n101;
n1 -> n10;
n11[label = "While"];
n110[label = "BestMove"];
n11 -> n110;
n111[label = "FarthestNeighbor"];
n11 -> n111;
n1 -> n11;
n -> n1;
}


Generation: 92
Best Individual:
Subpopulation 0:
Evaluated: true
Fitness: Standardized=0.17551348 Adjusted=0.85069203 Hits=1
Tree 0:
digraph g {
node [shape=rectangle];
n[label = "And"];
n0[label = "If_Then"];
n00[label = "NearestInsertion"];
n0 -> n00;
n01[label = "And"];
n010[label = "If_Then"];
n0100[label = "FarthestFirstNode"];
n010 -> n0100;
n0101[label = "FarthestInsertion"];
n010 -> n0101;
n01 -> n010;
n011[label = "If_Then"];
n0110[label = "FarthestFirstNode"];
n011 -> n0110;
n0111[label = "FarthestInsertion"];
n011 -> n0111;
n01 -> n011;
n0 -> n01;
n -> n0;
n1[label = "If_Then"];
n10[label = "If_Then"];
n100[label = "If_Then"];
n1000[label = "FarthestFirstNode"];
n100 -> n1000;
n1001[label = "FarthestInsertion"];
n100 -> n1001;
n10 -> n100;
n101[label = "FarthestInsertion"];
n10 -> n101;
n1 -> n10;
n11[label = "While"];
n110[label = "BestMove"];
n11 -> n110;
n111[label = "FarthestNeighbor"];
n11 -> n111;
n1 -> n11;
n -> n1;
}


Generation: 93
Best Individual:
Subpopulation 0:
Evaluated: true
Fitness: Standardized=0.17551348 Adjusted=0.85069203 Hits=1
Tree 0:
digraph g {
node [shape=rectangle];
n[label = "And"];
n0[label = "If_Then"];
n00[label = "NearestInsertion"];
n0 -> n00;
n01[label = "And"];
n010[label = "If_Then"];
n0100[label = "FarthestFirstNode"];
n010 -> n0100;
n0101[label = "FarthestNeighbor"];
n010 -> n0101;
n01 -> n010;
n011[label = "If_Then"];
n0110[label = "FarthestFirstNode"];
n011 -> n0110;
n0111[label = "FarthestInsertion"];
n011 -> n0111;
n01 -> n011;
n0 -> n01;
n -> n0;
n1[label = "If_Then"];
n10[label = "If_Then"];
n100[label = "If_Then"];
n1000[label = "FarthestFirstNode"];
n100 -> n1000;
n1001[label = "FarthestInsertion"];
n100 -> n1001;
n10 -> n100;
n101[label = "FarthestInsertion"];
n10 -> n101;
n1 -> n10;
n11[label = "While"];
n110[label = "BestMove"];
n11 -> n110;
n111[label = "FarthestNeighbor"];
n11 -> n111;
n1 -> n11;
n -> n1;
}


Generation: 94
Best Individual:
Subpopulation 0:
Evaluated: true
Fitness: Standardized=0.17551348 Adjusted=0.85069203 Hits=1
Tree 0:
digraph g {
node [shape=rectangle];
n[label = "And"];
n0[label = "If_Then"];
n00[label = "NearestInsertion"];
n0 -> n00;
n01[label = "And"];
n010[label = "If_Then"];
n0100[label = "FarthestFirstNode"];
n010 -> n0100;
n0101[label = "FarthestNeighbor"];
n010 -> n0101;
n01 -> n010;
n011[label = "If_Then"];
n0110[label = "FarthestFirstNode"];
n011 -> n0110;
n0111[label = "FarthestInsertion"];
n011 -> n0111;
n01 -> n011;
n0 -> n01;
n -> n0;
n1[label = "If_Then"];
n10[label = "If_Then"];
n100[label = "If_Then"];
n1000[label = "FarthestFirstNode"];
n100 -> n1000;
n1001[label = "FarthestNeighbor"];
n100 -> n1001;
n10 -> n100;
n101[label = "FarthestInsertion"];
n10 -> n101;
n1 -> n10;
n11[label = "While"];
n110[label = "BestMove"];
n11 -> n110;
n111[label = "FarthestNeighbor"];
n11 -> n111;
n1 -> n11;
n -> n1;
}


Generation: 95
Best Individual:
Subpopulation 0:
Evaluated: true
Fitness: Standardized=0.17551348 Adjusted=0.85069203 Hits=1
Tree 0:
digraph g {
node [shape=rectangle];
n[label = "And"];
n0[label = "If_Then"];
n00[label = "NearestInsertion"];
n0 -> n00;
n01[label = "And"];
n010[label = "If_Then"];
n0100[label = "FarthestFirstNode"];
n010 -> n0100;
n0101[label = "FarthestInsertion"];
n010 -> n0101;
n01 -> n010;
n011[label = "If_Then"];
n0110[label = "FarthestFirstNode"];
n011 -> n0110;
n0111[label = "FarthestInsertion"];
n011 -> n0111;
n01 -> n011;
n0 -> n01;
n -> n0;
n1[label = "If_Then"];
n10[label = "If_Then"];
n100[label = "If_Then"];
n1000[label = "FarthestFirstNode"];
n100 -> n1000;
n1001[label = "FarthestInsertion"];
n100 -> n1001;
n10 -> n100;
n101[label = "FarthestInsertion"];
n10 -> n101;
n1 -> n10;
n11[label = "While"];
n110[label = "BestMove"];
n11 -> n110;
n111[label = "FarthestNeighbor"];
n11 -> n111;
n1 -> n11;
n -> n1;
}


Generation: 96
Best Individual:
Subpopulation 0:
Evaluated: true
Fitness: Standardized=0.17551348 Adjusted=0.85069203 Hits=1
Tree 0:
digraph g {
node [shape=rectangle];
n[label = "And"];
n0[label = "If_Then"];
n00[label = "NearestInsertion"];
n0 -> n00;
n01[label = "And"];
n010[label = "If_Then"];
n0100[label = "FarthestFirstNode"];
n010 -> n0100;
n0101[label = "FarthestInsertion"];
n010 -> n0101;
n01 -> n010;
n011[label = "If_Then"];
n0110[label = "FarthestFirstNode"];
n011 -> n0110;
n0111[label = "FarthestInsertion"];
n011 -> n0111;
n01 -> n011;
n0 -> n01;
n -> n0;
n1[label = "If_Then"];
n10[label = "If_Then"];
n100[label = "If_Then"];
n1000[label = "FarthestFirstNode"];
n100 -> n1000;
n1001[label = "FarthestInsertion"];
n100 -> n1001;
n10 -> n100;
n101[label = "FarthestInsertion"];
n10 -> n101;
n1 -> n10;
n11[label = "While"];
n110[label = "BestMove"];
n11 -> n110;
n111[label = "FarthestNeighbor"];
n11 -> n111;
n1 -> n11;
n -> n1;
}


Generation: 97
Best Individual:
Subpopulation 0:
Evaluated: true
Fitness: Standardized=0.17551348 Adjusted=0.85069203 Hits=1
Tree 0:
digraph g {
node [shape=rectangle];
n[label = "And"];
n0[label = "If_Then"];
n00[label = "NearestInsertion"];
n0 -> n00;
n01[label = "And"];
n010[label = "If_Then"];
n0100[label = "FarthestFirstNode"];
n010 -> n0100;
n0101[label = "FarthestNeighbor"];
n010 -> n0101;
n01 -> n010;
n011[label = "If_Then"];
n0110[label = "FarthestFirstNode"];
n011 -> n0110;
n0111[label = "FarthestInsertion"];
n011 -> n0111;
n01 -> n011;
n0 -> n01;
n -> n0;
n1[label = "If_Then"];
n10[label = "If_Then"];
n100[label = "If_Then"];
n1000[label = "FarthestFirstNode"];
n100 -> n1000;
n1001[label = "FarthestInsertion"];
n100 -> n1001;
n10 -> n100;
n101[label = "FarthestInsertion"];
n10 -> n101;
n1 -> n10;
n11[label = "While"];
n110[label = "BestMove"];
n11 -> n110;
n111[label = "FarthestNeighbor"];
n11 -> n111;
n1 -> n11;
n -> n1;
}


Generation: 98
Best Individual:
Subpopulation 0:
Evaluated: true
Fitness: Standardized=0.17551348 Adjusted=0.85069203 Hits=1
Tree 0:
digraph g {
node [shape=rectangle];
n[label = "And"];
n0[label = "If_Then"];
n00[label = "NearestInsertion"];
n0 -> n00;
n01[label = "And"];
n010[label = "If_Then"];
n0100[label = "FarthestFirstNode"];
n010 -> n0100;
n0101[label = "FarthestInsertion"];
n010 -> n0101;
n01 -> n010;
n011[label = "If_Then"];
n0110[label = "FarthestFirstNode"];
n011 -> n0110;
n0111[label = "FarthestInsertion"];
n011 -> n0111;
n01 -> n011;
n0 -> n01;
n -> n0;
n1[label = "If_Then"];
n10[label = "If_Then"];
n100[label = "If_Then"];
n1000[label = "FarthestFirstNode"];
n100 -> n1000;
n1001[label = "FarthestInsertion"];
n100 -> n1001;
n10 -> n100;
n101[label = "FarthestInsertion"];
n10 -> n101;
n1 -> n10;
n11[label = "While"];
n110[label = "BestMove"];
n11 -> n110;
n111[label = "FarthestNeighbor"];
n11 -> n111;
n1 -> n11;
n -> n1;
}


Generation: 99
Best Individual:
Subpopulation 0:
Evaluated: true
Fitness: Standardized=0.17551348 Adjusted=0.85069203 Hits=1
Tree 0:
digraph g {
node [shape=rectangle];
n[label = "And"];
n0[label = "If_Then"];
n00[label = "NearestInsertion"];
n0 -> n00;
n01[label = "And"];
n010[label = "If_Then"];
n0100[label = "FarthestFirstNode"];
n010 -> n0100;
n0101[label = "FarthestNeighbor"];
n010 -> n0101;
n01 -> n010;
n011[label = "If_Then"];
n0110[label = "FarthestFirstNode"];
n011 -> n0110;
n0111[label = "FarthestInsertion"];
n011 -> n0111;
n01 -> n011;
n0 -> n01;
n -> n0;
n1[label = "If_Then"];
n10[label = "If_Then"];
n100[label = "If_Then"];
n1000[label = "FarthestFirstNode"];
n100 -> n1000;
n1001[label = "FarthestInsertion"];
n100 -> n1001;
n10 -> n100;
n101[label = "FarthestInsertion"];
n10 -> n101;
n1 -> n10;
n11[label = "While"];
n110[label = "BestMove"];
n11 -> n110;
n111[label = "FarthestNeighbor"];
n11 -> n111;
n1 -> n11;
n -> n1;
}


Best Individual of Run:
Subpopulation 0:
Evaluated: true
Fitness: Standardized=0.17551348 Adjusted=0.85069203 Hits=1
Tree 0:
digraph g {
node [shape=rectangle];
n[label = "And"];
n0[label = "If_Then"];
n00[label = "NearestInsertion"];
n0 -> n00;
n01[label = "And"];
n010[label = "If_Then"];
n0100[label = "FarthestFirstNode"];
n010 -> n0100;
n0101[label = "FarthestInsertion"];
n010 -> n0101;
n01 -> n010;
n011[label = "If_Then"];
n0110[label = "FarthestFirstNode"];
n011 -> n0110;
n0111[label = "FarthestInsertion"];
n011 -> n0111;
n01 -> n011;
n0 -> n01;
n -> n0;
n1[label = "If_Then"];
n10[label = "If_Then"];
n100[label = "If_Then"];
n1000[label = "FarthestFirstNode"];
n100 -> n1000;
n1001[label = "FarthestInsertion"];
n100 -> n1001;
n10 -> n100;
n101[label = "FarthestInsertion"];
n10 -> n101;
n1 -> n10;
n11[label = "While"];
n110[label = "BestMove"];
n11 -> n110;
n111[label = "FarthestNeighbor"];
n11 -> n111;
n1 -> n11;
n -> n1;
}

