
Generation: 0
Best Individual:
Subpopulation 0:
Evaluated: true
Fitness: Standardized=0.6776786 Adjusted=0.5960617 Hits=0
Tree 0:
digraph g {
node [shape=rectangle];
n[label = "Equal"];
n0[label = "If_Then"];
n00[label = "While"];
n000[label = "CplexTerminal"];
n00 -> n000;
n001[label = "FarthestInsertion"];
n00 -> n001;
n0 -> n00;
n01[label = "If_Then_Else"];
n010[label = "NearestNeighbor"];
n01 -> n010;
n011[label = "FarthestFirstNode"];
n01 -> n011;
n012[label = "NearestFirstNode"];
n01 -> n012;
n0 -> n01;
n -> n0;
n1[label = "If_Then"];
n10[label = "If_Then_Else"];
n100[label = "FarthestInsertion"];
n10 -> n100;
n101[label = "WorstMove"];
n10 -> n101;
n102[label = "WorstMove"];
n10 -> n102;
n1 -> n10;
n11[label = "If_Then_Else"];
n110[label = "FarthestFirstNode"];
n11 -> n110;
n111[label = "BestMove"];
n11 -> n111;
n112[label = "WorstMove"];
n11 -> n112;
n1 -> n11;
n -> n1;
}


Generation: 1
Best Individual:
Subpopulation 0:
Evaluated: true
Fitness: Standardized=0.60754216 Adjusted=0.6220677 Hits=0
Tree 0:
digraph g {
node [shape=rectangle];
n[label = "Equal"];
n0[label = "FarthestNeighbor"];
n -> n0;
n1[label = "FarthestFirstNode"];
n -> n1;
}


Generation: 2
Best Individual:
Subpopulation 0:
Evaluated: true
Fitness: Standardized=0.54758376 Adjusted=0.64616853 Hits=0
Tree 0:
digraph g {
node [shape=rectangle];
n[label = "Equal"];
n0[label = "If_Then"];
n00[label = "While"];
n000[label = "CplexTerminal"];
n00 -> n000;
n001[label = "FarthestInsertion"];
n00 -> n001;
n0 -> n00;
n01[label = "If_Then_Else"];
n010[label = "NearestNeighbor"];
n01 -> n010;
n011[label = "FarthestFirstNode"];
n01 -> n011;
n012[label = "NearestFirstNode"];
n01 -> n012;
n0 -> n01;
n -> n0;
n1[label = "If_Then"];
n10[label = "If_Then_Else"];
n100[label = "FarthestInsertion"];
n10 -> n100;
n101[label = "WorstMove"];
n10 -> n101;
n102[label = "WorstMove"];
n10 -> n102;
n1 -> n10;
n11[label = "If_Then"];
n110[label = "If_Then_Else"];
n1100[label = "FarthestInsertion"];
n110 -> n1100;
n1101[label = "WorstMove"];
n110 -> n1101;
n1102[label = "WorstMove"];
n110 -> n1102;
n11 -> n110;
n111[label = "If_Then_Else"];
n1110[label = "FarthestFirstNode"];
n111 -> n1110;
n1111[label = "BestMove"];
n111 -> n1111;
n1112[label = "WorstMove"];
n111 -> n1112;
n11 -> n111;
n1 -> n11;
n -> n1;
}


Generation: 3
Best Individual:
Subpopulation 0:
Evaluated: true
Fitness: Standardized=0.42734218 Adjusted=0.7006028 Hits=0
Tree 0:
digraph g {
node [shape=rectangle];
n[label = "Equal"];
n0[label = "If_Then"];
n00[label = "While"];
n000[label = "CplexTerminal"];
n00 -> n000;
n001[label = "FarthestInsertion"];
n00 -> n001;
n0 -> n00;
n01[label = "If_Then_Else"];
n010[label = "NearestNeighbor"];
n01 -> n010;
n011[label = "FarthestFirstNode"];
n01 -> n011;
n012[label = "NearestFirstNode"];
n01 -> n012;
n0 -> n01;
n -> n0;
n1[label = "If_Then"];
n10[label = "If_Then_Else"];
n100[label = "FarthestInsertion"];
n10 -> n100;
n101[label = "WorstMove"];
n10 -> n101;
n102[label = "WorstMove"];
n10 -> n102;
n1 -> n10;
n11[label = "Equal"];
n110[label = "FarthestNeighbor"];
n11 -> n110;
n111[label = "FarthestFirstNode"];
n11 -> n111;
n1 -> n11;
n -> n1;
}


Generation: 4
Best Individual:
Subpopulation 0:
Evaluated: true
Fitness: Standardized=0.29531538 Adjusted=0.77201277 Hits=0
Tree 0:
digraph g {
node [shape=rectangle];
n[label = "Equal"];
n0[label = "Equal"];
n00[label = "FarthestNeighbor"];
n0 -> n00;
n01[label = "FarthestFirstNode"];
n0 -> n01;
n -> n0;
n1[label = "If_Then"];
n10[label = "If_Then_Else"];
n100[label = "FarthestInsertion"];
n10 -> n100;
n101[label = "WorstMove"];
n10 -> n101;
n102[label = "WorstMove"];
n10 -> n102;
n1 -> n10;
n11[label = "Equal"];
n110[label = "FarthestNeighbor"];
n11 -> n110;
n111[label = "FarthestFirstNode"];
n11 -> n111;
n1 -> n11;
n -> n1;
}


Generation: 5
Best Individual:
Subpopulation 0:
Evaluated: true
Fitness: Standardized=0.29531538 Adjusted=0.77201277 Hits=0
Tree 0:
digraph g {
node [shape=rectangle];
n[label = "Equal"];
n0[label = "Equal"];
n00[label = "FarthestNeighbor"];
n0 -> n00;
n01[label = "FarthestFirstNode"];
n0 -> n01;
n -> n0;
n1[label = "If_Then"];
n10[label = "If_Then_Else"];
n100[label = "FarthestInsertion"];
n10 -> n100;
n101[label = "WorstMove"];
n10 -> n101;
n102[label = "CplexTerminal"];
n10 -> n102;
n1 -> n10;
n11[label = "Equal"];
n110[label = "FarthestNeighbor"];
n11 -> n110;
n111[label = "FarthestFirstNode"];
n11 -> n111;
n1 -> n11;
n -> n1;
}


Generation: 6
Best Individual:
Subpopulation 0:
Evaluated: true
Fitness: Standardized=0.29531538 Adjusted=0.77201277 Hits=0
Tree 0:
digraph g {
node [shape=rectangle];
n[label = "Equal"];
n0[label = "Equal"];
n00[label = "FarthestNeighbor"];
n0 -> n00;
n01[label = "FarthestFirstNode"];
n0 -> n01;
n -> n0;
n1[label = "If_Then"];
n10[label = "If_Then_Else"];
n100[label = "FarthestInsertion"];
n10 -> n100;
n101[label = "WorstMove"];
n10 -> n101;
n102[label = "WorstMove"];
n10 -> n102;
n1 -> n10;
n11[label = "Equal"];
n110[label = "FarthestNeighbor"];
n11 -> n110;
n111[label = "FarthestFirstNode"];
n11 -> n111;
n1 -> n11;
n -> n1;
}


Generation: 7
Best Individual:
Subpopulation 0:
Evaluated: true
Fitness: Standardized=0.29531506 Adjusted=0.77201295 Hits=0
Tree 0:
digraph g {
node [shape=rectangle];
n[label = "Equal"];
n0[label = "If_Then_Else"];
n00[label = "FarthestInsertion"];
n0 -> n00;
n01[label = "WorstMove"];
n0 -> n01;
n02[label = "CplexTerminal"];
n0 -> n02;
n -> n0;
n1[label = "If_Then"];
n10[label = "If_Then_Else"];
n100[label = "FarthestInsertion"];
n10 -> n100;
n101[label = "WorstMove"];
n10 -> n101;
n102[label = "CplexTerminal"];
n10 -> n102;
n1 -> n10;
n11[label = "Equal"];
n110[label = "Equal"];
n1100[label = "FarthestNeighbor"];
n110 -> n1100;
n1101[label = "FarthestFirstNode"];
n110 -> n1101;
n11 -> n110;
n111[label = "FarthestFirstNode"];
n11 -> n111;
n1 -> n11;
n -> n1;
}


Generation: 8
Best Individual:
Subpopulation 0:
Evaluated: true
Fitness: Standardized=0.29198328 Adjusted=0.77400386 Hits=0
Tree 0:
digraph g {
node [shape=rectangle];
n[label = "Equal"];
n0[label = "Equal"];
n00[label = "FarthestNeighbor"];
n0 -> n00;
n01[label = "FarthestFirstNode"];
n0 -> n01;
n -> n0;
n1[label = "If_Then"];
n10[label = "Equal"];
n100[label = "FarthestNeighbor"];
n10 -> n100;
n101[label = "FarthestFirstNode"];
n10 -> n101;
n1 -> n10;
n11[label = "And"];
n110[label = "NearestInsertion"];
n11 -> n110;
n111[label = "FarthestNeighbor"];
n11 -> n111;
n1 -> n11;
n -> n1;
}


Generation: 9
Best Individual:
Subpopulation 0:
Evaluated: true
Fitness: Standardized=0.29100516 Adjusted=0.77459025 Hits=0
Tree 0:
digraph g {
node [shape=rectangle];
n[label = "Equal"];
n0[label = "FarthestInsertion"];
n -> n0;
n1[label = "If_Then"];
n10[label = "If_Then_Else"];
n100[label = "FarthestInsertion"];
n10 -> n100;
n101[label = "And"];
n1010[label = "NearestInsertion"];
n101 -> n1010;
n1011[label = "FarthestNeighbor"];
n101 -> n1011;
n10 -> n101;
n102[label = "CplexTerminal"];
n10 -> n102;
n1 -> n10;
n11[label = "Equal"];
n110[label = "FarthestNeighbor"];
n11 -> n110;
n111[label = "FarthestFirstNode"];
n11 -> n111;
n1 -> n11;
n -> n1;
}


Generation: 10
Best Individual:
Subpopulation 0:
Evaluated: true
Fitness: Standardized=0.2884635 Adjusted=0.7761182 Hits=0
Tree 0:
digraph g {
node [shape=rectangle];
n[label = "Equal"];
n0[label = "Equal"];
n00[label = "FarthestNeighbor"];
n0 -> n00;
n01[label = "FarthestFirstNode"];
n0 -> n01;
n -> n0;
n1[label = "If_Then"];
n10[label = "Equal"];
n100[label = "FarthestNeighbor"];
n10 -> n100;
n101[label = "And"];
n1010[label = "NearestInsertion"];
n101 -> n1010;
n1011[label = "FarthestNeighbor"];
n101 -> n1011;
n10 -> n101;
n1 -> n10;
n11[label = "And"];
n110[label = "NearestInsertion"];
n11 -> n110;
n111[label = "FarthestNeighbor"];
n11 -> n111;
n1 -> n11;
n -> n1;
}


Generation: 11
Best Individual:
Subpopulation 0:
Evaluated: true
Fitness: Standardized=0.2884635 Adjusted=0.7761182 Hits=0
Tree 0:
digraph g {
node [shape=rectangle];
n[label = "Equal"];
n0[label = "Equal"];
n00[label = "FarthestNeighbor"];
n0 -> n00;
n01[label = "FarthestFirstNode"];
n0 -> n01;
n -> n0;
n1[label = "If_Then"];
n10[label = "Equal"];
n100[label = "FarthestNeighbor"];
n10 -> n100;
n101[label = "And"];
n1010[label = "NearestInsertion"];
n101 -> n1010;
n1011[label = "FarthestNeighbor"];
n101 -> n1011;
n10 -> n101;
n1 -> n10;
n11[label = "And"];
n110[label = "NearestInsertion"];
n11 -> n110;
n111[label = "FarthestNeighbor"];
n11 -> n111;
n1 -> n11;
n -> n1;
}


Generation: 12
Best Individual:
Subpopulation 0:
Evaluated: true
Fitness: Standardized=0.2801544 Adjusted=0.7811557 Hits=0
Tree 0:
digraph g {
node [shape=rectangle];
n[label = "Equal"];
n0[label = "NearestInsertion"];
n -> n0;
n1[label = "If_Then"];
n10[label = "If_Then_Else"];
n100[label = "FarthestInsertion"];
n10 -> n100;
n101[label = "And"];
n1010[label = "NearestInsertion"];
n101 -> n1010;
n1011[label = "FarthestNeighbor"];
n101 -> n1011;
n10 -> n101;
n102[label = "CplexTerminal"];
n10 -> n102;
n1 -> n10;
n11[label = "Equal"];
n110[label = "FarthestNeighbor"];
n11 -> n110;
n111[label = "FarthestFirstNode"];
n11 -> n111;
n1 -> n11;
n -> n1;
}


Generation: 13
Best Individual:
Subpopulation 0:
Evaluated: true
Fitness: Standardized=0.2801544 Adjusted=0.7811557 Hits=0
Tree 0:
digraph g {
node [shape=rectangle];
n[label = "Equal"];
n0[label = "NearestInsertion"];
n -> n0;
n1[label = "If_Then"];
n10[label = "If_Then_Else"];
n100[label = "FarthestInsertion"];
n10 -> n100;
n101[label = "And"];
n1010[label = "NearestInsertion"];
n101 -> n1010;
n1011[label = "FarthestNeighbor"];
n101 -> n1011;
n10 -> n101;
n102[label = "CplexTerminal"];
n10 -> n102;
n1 -> n10;
n11[label = "Equal"];
n110[label = "FarthestNeighbor"];
n11 -> n110;
n111[label = "FarthestFirstNode"];
n11 -> n111;
n1 -> n11;
n -> n1;
}


Generation: 14
Best Individual:
Subpopulation 0:
Evaluated: true
Fitness: Standardized=0.2801544 Adjusted=0.7811557 Hits=0
Tree 0:
digraph g {
node [shape=rectangle];
n[label = "Equal"];
n0[label = "NearestInsertion"];
n -> n0;
n1[label = "If_Then"];
n10[label = "If_Then_Else"];
n100[label = "FarthestInsertion"];
n10 -> n100;
n101[label = "And"];
n1010[label = "NearestInsertion"];
n101 -> n1010;
n1011[label = "FarthestNeighbor"];
n101 -> n1011;
n10 -> n101;
n102[label = "CplexTerminal"];
n10 -> n102;
n1 -> n10;
n11[label = "Equal"];
n110[label = "FarthestNeighbor"];
n11 -> n110;
n111[label = "FarthestFirstNode"];
n11 -> n111;
n1 -> n11;
n -> n1;
}


Generation: 15
Best Individual:
Subpopulation 0:
Evaluated: true
Fitness: Standardized=0.2801544 Adjusted=0.7811557 Hits=0
Tree 0:
digraph g {
node [shape=rectangle];
n[label = "Equal"];
n0[label = "NearestInsertion"];
n -> n0;
n1[label = "If_Then"];
n10[label = "If_Then_Else"];
n100[label = "FarthestInsertion"];
n10 -> n100;
n101[label = "And"];
n1010[label = "NearestInsertion"];
n101 -> n1010;
n1011[label = "FarthestNeighbor"];
n101 -> n1011;
n10 -> n101;
n102[label = "CplexTerminal"];
n10 -> n102;
n1 -> n10;
n11[label = "Equal"];
n110[label = "FarthestNeighbor"];
n11 -> n110;
n111[label = "FarthestFirstNode"];
n11 -> n111;
n1 -> n11;
n -> n1;
}


Generation: 16
Best Individual:
Subpopulation 0:
Evaluated: true
Fitness: Standardized=0.2801544 Adjusted=0.7811557 Hits=0
Tree 0:
digraph g {
node [shape=rectangle];
n[label = "Equal"];
n0[label = "NearestInsertion"];
n -> n0;
n1[label = "If_Then"];
n10[label = "If_Then_Else"];
n100[label = "FarthestInsertion"];
n10 -> n100;
n101[label = "And"];
n1010[label = "NearestInsertion"];
n101 -> n1010;
n1011[label = "FarthestNeighbor"];
n101 -> n1011;
n10 -> n101;
n102[label = "FarthestNeighbor"];
n10 -> n102;
n1 -> n10;
n11[label = "Equal"];
n110[label = "FarthestNeighbor"];
n11 -> n110;
n111[label = "FarthestFirstNode"];
n11 -> n111;
n1 -> n11;
n -> n1;
}


Generation: 17
Best Individual:
Subpopulation 0:
Evaluated: true
Fitness: Standardized=0.2801544 Adjusted=0.7811557 Hits=0
Tree 0:
digraph g {
node [shape=rectangle];
n[label = "Equal"];
n0[label = "NearestInsertion"];
n -> n0;
n1[label = "If_Then"];
n10[label = "If_Then_Else"];
n100[label = "FarthestInsertion"];
n10 -> n100;
n101[label = "And"];
n1010[label = "NearestInsertion"];
n101 -> n1010;
n1011[label = "FarthestNeighbor"];
n101 -> n1011;
n10 -> n101;
n102[label = "CplexTerminal"];
n10 -> n102;
n1 -> n10;
n11[label = "Equal"];
n110[label = "FarthestNeighbor"];
n11 -> n110;
n111[label = "FarthestFirstNode"];
n11 -> n111;
n1 -> n11;
n -> n1;
}


Generation: 18
Best Individual:
Subpopulation 0:
Evaluated: true
Fitness: Standardized=0.2801544 Adjusted=0.7811557 Hits=0
Tree 0:
digraph g {
node [shape=rectangle];
n[label = "Equal"];
n0[label = "NearestInsertion"];
n -> n0;
n1[label = "If_Then"];
n10[label = "If_Then_Else"];
n100[label = "FarthestInsertion"];
n10 -> n100;
n101[label = "And"];
n1010[label = "NearestInsertion"];
n101 -> n1010;
n1011[label = "FarthestNeighbor"];
n101 -> n1011;
n10 -> n101;
n102[label = "CplexTerminal"];
n10 -> n102;
n1 -> n10;
n11[label = "Equal"];
n110[label = "FarthestNeighbor"];
n11 -> n110;
n111[label = "FarthestFirstNode"];
n11 -> n111;
n1 -> n11;
n -> n1;
}


Generation: 19
Best Individual:
Subpopulation 0:
Evaluated: true
Fitness: Standardized=0.2801544 Adjusted=0.7811557 Hits=0
Tree 0:
digraph g {
node [shape=rectangle];
n[label = "Equal"];
n0[label = "NearestInsertion"];
n -> n0;
n1[label = "If_Then"];
n10[label = "If_Then_Else"];
n100[label = "FarthestInsertion"];
n10 -> n100;
n101[label = "And"];
n1010[label = "NearestInsertion"];
n101 -> n1010;
n1011[label = "FarthestNeighbor"];
n101 -> n1011;
n10 -> n101;
n102[label = "CplexTerminal"];
n10 -> n102;
n1 -> n10;
n11[label = "Equal"];
n110[label = "FarthestNeighbor"];
n11 -> n110;
n111[label = "FarthestFirstNode"];
n11 -> n111;
n1 -> n11;
n -> n1;
}


Generation: 20
Best Individual:
Subpopulation 0:
Evaluated: true
Fitness: Standardized=0.2801544 Adjusted=0.7811557 Hits=0
Tree 0:
digraph g {
node [shape=rectangle];
n[label = "Equal"];
n0[label = "NearestInsertion"];
n -> n0;
n1[label = "If_Then"];
n10[label = "If_Then_Else"];
n100[label = "FarthestInsertion"];
n10 -> n100;
n101[label = "And"];
n1010[label = "NearestInsertion"];
n101 -> n1010;
n1011[label = "FarthestNeighbor"];
n101 -> n1011;
n10 -> n101;
n102[label = "CplexTerminal"];
n10 -> n102;
n1 -> n10;
n11[label = "Equal"];
n110[label = "FarthestNeighbor"];
n11 -> n110;
n111[label = "FarthestFirstNode"];
n11 -> n111;
n1 -> n11;
n -> n1;
}


Generation: 21
Best Individual:
Subpopulation 0:
Evaluated: true
Fitness: Standardized=0.2801544 Adjusted=0.7811557 Hits=0
Tree 0:
digraph g {
node [shape=rectangle];
n[label = "Equal"];
n0[label = "NearestInsertion"];
n -> n0;
n1[label = "If_Then"];
n10[label = "If_Then_Else"];
n100[label = "FarthestInsertion"];
n10 -> n100;
n101[label = "And"];
n1010[label = "NearestInsertion"];
n101 -> n1010;
n1011[label = "FarthestNeighbor"];
n101 -> n1011;
n10 -> n101;
n102[label = "CplexTerminal"];
n10 -> n102;
n1 -> n10;
n11[label = "Equal"];
n110[label = "FarthestNeighbor"];
n11 -> n110;
n111[label = "FarthestFirstNode"];
n11 -> n111;
n1 -> n11;
n -> n1;
}


Generation: 22
Best Individual:
Subpopulation 0:
Evaluated: true
Fitness: Standardized=0.2801544 Adjusted=0.7811557 Hits=0
Tree 0:
digraph g {
node [shape=rectangle];
n[label = "Equal"];
n0[label = "NearestInsertion"];
n -> n0;
n1[label = "If_Then"];
n10[label = "If_Then_Else"];
n100[label = "FarthestInsertion"];
n10 -> n100;
n101[label = "And"];
n1010[label = "NearestInsertion"];
n101 -> n1010;
n1011[label = "FarthestNeighbor"];
n101 -> n1011;
n10 -> n101;
n102[label = "CplexTerminal"];
n10 -> n102;
n1 -> n10;
n11[label = "Equal"];
n110[label = "FarthestNeighbor"];
n11 -> n110;
n111[label = "FarthestFirstNode"];
n11 -> n111;
n1 -> n11;
n -> n1;
}


Generation: 23
Best Individual:
Subpopulation 0:
Evaluated: true
Fitness: Standardized=0.27358663 Adjusted=0.78518414 Hits=0
Tree 0:
digraph g {
node [shape=rectangle];
n[label = "Equal"];
n0[label = "NearestInsertion"];
n -> n0;
n1[label = "If_Then"];
n10[label = "If_Then_Else"];
n100[label = "FarthestInsertion"];
n10 -> n100;
n101[label = "And"];
n1010[label = "NearestInsertion"];
n101 -> n1010;
n1011[label = "FarthestNeighbor"];
n101 -> n1011;
n10 -> n101;
n102[label = "CplexTerminal"];
n10 -> n102;
n1 -> n10;
n11[label = "If_Then"];
n110[label = "NearestInsertion"];
n11 -> n110;
n111[label = "Equal"];
n1110[label = "FarthestNeighbor"];
n111 -> n1110;
n1111[label = "FarthestFirstNode"];
n111 -> n1111;
n11 -> n111;
n1 -> n11;
n -> n1;
}


Generation: 24
Best Individual:
Subpopulation 0:
Evaluated: true
Fitness: Standardized=0.27358663 Adjusted=0.78518414 Hits=0
Tree 0:
digraph g {
node [shape=rectangle];
n[label = "Equal"];
n0[label = "NearestInsertion"];
n -> n0;
n1[label = "If_Then"];
n10[label = "If_Then_Else"];
n100[label = "FarthestInsertion"];
n10 -> n100;
n101[label = "And"];
n1010[label = "NearestInsertion"];
n101 -> n1010;
n1011[label = "FarthestNeighbor"];
n101 -> n1011;
n10 -> n101;
n102[label = "CplexTerminal"];
n10 -> n102;
n1 -> n10;
n11[label = "If_Then"];
n110[label = "NearestInsertion"];
n11 -> n110;
n111[label = "Equal"];
n1110[label = "FarthestNeighbor"];
n111 -> n1110;
n1111[label = "FarthestFirstNode"];
n111 -> n1111;
n11 -> n111;
n1 -> n11;
n -> n1;
}


Generation: 25
Best Individual:
Subpopulation 0:
Evaluated: true
Fitness: Standardized=0.27358663 Adjusted=0.78518414 Hits=0
Tree 0:
digraph g {
node [shape=rectangle];
n[label = "Equal"];
n0[label = "NearestInsertion"];
n -> n0;
n1[label = "If_Then"];
n10[label = "If_Then_Else"];
n100[label = "FarthestInsertion"];
n10 -> n100;
n101[label = "And"];
n1010[label = "NearestInsertion"];
n101 -> n1010;
n1011[label = "FarthestNeighbor"];
n101 -> n1011;
n10 -> n101;
n102[label = "CplexTerminal"];
n10 -> n102;
n1 -> n10;
n11[label = "If_Then"];
n110[label = "NearestInsertion"];
n11 -> n110;
n111[label = "Equal"];
n1110[label = "FarthestNeighbor"];
n111 -> n1110;
n1111[label = "FarthestFirstNode"];
n111 -> n1111;
n11 -> n111;
n1 -> n11;
n -> n1;
}


Generation: 26
Best Individual:
Subpopulation 0:
Evaluated: true
Fitness: Standardized=0.27358663 Adjusted=0.78518414 Hits=0
Tree 0:
digraph g {
node [shape=rectangle];
n[label = "Equal"];
n0[label = "NearestInsertion"];
n -> n0;
n1[label = "If_Then"];
n10[label = "If_Then_Else"];
n100[label = "FarthestInsertion"];
n10 -> n100;
n101[label = "And"];
n1010[label = "NearestInsertion"];
n101 -> n1010;
n1011[label = "FarthestNeighbor"];
n101 -> n1011;
n10 -> n101;
n102[label = "CplexTerminal"];
n10 -> n102;
n1 -> n10;
n11[label = "If_Then"];
n110[label = "NearestInsertion"];
n11 -> n110;
n111[label = "Equal"];
n1110[label = "FarthestNeighbor"];
n111 -> n1110;
n1111[label = "FarthestFirstNode"];
n111 -> n1111;
n11 -> n111;
n1 -> n11;
n -> n1;
}


Generation: 27
Best Individual:
Subpopulation 0:
Evaluated: true
Fitness: Standardized=0.27358663 Adjusted=0.78518414 Hits=0
Tree 0:
digraph g {
node [shape=rectangle];
n[label = "Equal"];
n0[label = "NearestInsertion"];
n -> n0;
n1[label = "If_Then"];
n10[label = "If_Then_Else"];
n100[label = "FarthestInsertion"];
n10 -> n100;
n101[label = "And"];
n1010[label = "NearestInsertion"];
n101 -> n1010;
n1011[label = "FarthestNeighbor"];
n101 -> n1011;
n10 -> n101;
n102[label = "CplexTerminal"];
n10 -> n102;
n1 -> n10;
n11[label = "If_Then"];
n110[label = "NearestInsertion"];
n11 -> n110;
n111[label = "Equal"];
n1110[label = "FarthestNeighbor"];
n111 -> n1110;
n1111[label = "FarthestFirstNode"];
n111 -> n1111;
n11 -> n111;
n1 -> n11;
n -> n1;
}


Generation: 28
Best Individual:
Subpopulation 0:
Evaluated: true
Fitness: Standardized=0.27358663 Adjusted=0.78518414 Hits=0
Tree 0:
digraph g {
node [shape=rectangle];
n[label = "Equal"];
n0[label = "NearestInsertion"];
n -> n0;
n1[label = "If_Then"];
n10[label = "If_Then_Else"];
n100[label = "FarthestInsertion"];
n10 -> n100;
n101[label = "And"];
n1010[label = "NearestInsertion"];
n101 -> n1010;
n1011[label = "FarthestNeighbor"];
n101 -> n1011;
n10 -> n101;
n102[label = "CplexTerminal"];
n10 -> n102;
n1 -> n10;
n11[label = "If_Then"];
n110[label = "NearestInsertion"];
n11 -> n110;
n111[label = "Equal"];
n1110[label = "FarthestNeighbor"];
n111 -> n1110;
n1111[label = "FarthestFirstNode"];
n111 -> n1111;
n11 -> n111;
n1 -> n11;
n -> n1;
}


Generation: 29
Best Individual:
Subpopulation 0:
Evaluated: true
Fitness: Standardized=0.27358663 Adjusted=0.78518414 Hits=0
Tree 0:
digraph g {
node [shape=rectangle];
n[label = "Equal"];
n0[label = "NearestInsertion"];
n -> n0;
n1[label = "If_Then"];
n10[label = "If_Then_Else"];
n100[label = "FarthestInsertion"];
n10 -> n100;
n101[label = "And"];
n1010[label = "NearestInsertion"];
n101 -> n1010;
n1011[label = "FarthestNeighbor"];
n101 -> n1011;
n10 -> n101;
n102[label = "CplexTerminal"];
n10 -> n102;
n1 -> n10;
n11[label = "If_Then"];
n110[label = "NearestInsertion"];
n11 -> n110;
n111[label = "Equal"];
n1110[label = "FarthestNeighbor"];
n111 -> n1110;
n1111[label = "FarthestFirstNode"];
n111 -> n1111;
n11 -> n111;
n1 -> n11;
n -> n1;
}


Generation: 30
Best Individual:
Subpopulation 0:
Evaluated: true
Fitness: Standardized=0.27358663 Adjusted=0.78518414 Hits=0
Tree 0:
digraph g {
node [shape=rectangle];
n[label = "Equal"];
n0[label = "NearestInsertion"];
n -> n0;
n1[label = "If_Then"];
n10[label = "If_Then_Else"];
n100[label = "FarthestInsertion"];
n10 -> n100;
n101[label = "And"];
n1010[label = "NearestInsertion"];
n101 -> n1010;
n1011[label = "FarthestNeighbor"];
n101 -> n1011;
n10 -> n101;
n102[label = "Equal"];
n1020[label = "FarthestNeighbor"];
n102 -> n1020;
n1021[label = "FarthestFirstNode"];
n102 -> n1021;
n10 -> n102;
n1 -> n10;
n11[label = "If_Then"];
n110[label = "NearestInsertion"];
n11 -> n110;
n111[label = "Equal"];
n1110[label = "FarthestNeighbor"];
n111 -> n1110;
n1111[label = "FarthestFirstNode"];
n111 -> n1111;
n11 -> n111;
n1 -> n11;
n -> n1;
}


Generation: 31
Best Individual:
Subpopulation 0:
Evaluated: true
Fitness: Standardized=0.27358663 Adjusted=0.78518414 Hits=0
Tree 0:
digraph g {
node [shape=rectangle];
n[label = "Equal"];
n0[label = "NearestInsertion"];
n -> n0;
n1[label = "If_Then"];
n10[label = "If_Then_Else"];
n100[label = "FarthestInsertion"];
n10 -> n100;
n101[label = "And"];
n1010[label = "NearestInsertion"];
n101 -> n1010;
n1011[label = "FarthestNeighbor"];
n101 -> n1011;
n10 -> n101;
n102[label = "CplexTerminal"];
n10 -> n102;
n1 -> n10;
n11[label = "If_Then"];
n110[label = "NearestInsertion"];
n11 -> n110;
n111[label = "Equal"];
n1110[label = "FarthestNeighbor"];
n111 -> n1110;
n1111[label = "FarthestFirstNode"];
n111 -> n1111;
n11 -> n111;
n1 -> n11;
n -> n1;
}


Generation: 32
Best Individual:
Subpopulation 0:
Evaluated: true
Fitness: Standardized=0.27358663 Adjusted=0.78518414 Hits=0
Tree 0:
digraph g {
node [shape=rectangle];
n[label = "Equal"];
n0[label = "NearestInsertion"];
n -> n0;
n1[label = "If_Then"];
n10[label = "If_Then_Else"];
n100[label = "FarthestInsertion"];
n10 -> n100;
n101[label = "And"];
n1010[label = "NearestInsertion"];
n101 -> n1010;
n1011[label = "FarthestNeighbor"];
n101 -> n1011;
n10 -> n101;
n102[label = "CplexTerminal"];
n10 -> n102;
n1 -> n10;
n11[label = "If_Then"];
n110[label = "NearestInsertion"];
n11 -> n110;
n111[label = "Equal"];
n1110[label = "FarthestNeighbor"];
n111 -> n1110;
n1111[label = "FarthestFirstNode"];
n111 -> n1111;
n11 -> n111;
n1 -> n11;
n -> n1;
}


Generation: 33
Best Individual:
Subpopulation 0:
Evaluated: true
Fitness: Standardized=0.27358663 Adjusted=0.78518414 Hits=0
Tree 0:
digraph g {
node [shape=rectangle];
n[label = "Equal"];
n0[label = "NearestInsertion"];
n -> n0;
n1[label = "If_Then"];
n10[label = "If_Then_Else"];
n100[label = "FarthestInsertion"];
n10 -> n100;
n101[label = "And"];
n1010[label = "NearestInsertion"];
n101 -> n1010;
n1011[label = "FarthestNeighbor"];
n101 -> n1011;
n10 -> n101;
n102[label = "CplexTerminal"];
n10 -> n102;
n1 -> n10;
n11[label = "If_Then"];
n110[label = "NearestInsertion"];
n11 -> n110;
n111[label = "Equal"];
n1110[label = "FarthestNeighbor"];
n111 -> n1110;
n1111[label = "FarthestFirstNode"];
n111 -> n1111;
n11 -> n111;
n1 -> n11;
n -> n1;
}


Generation: 34
Best Individual:
Subpopulation 0:
Evaluated: true
Fitness: Standardized=0.2677907 Adjusted=0.7887738 Hits=0
Tree 0:
digraph g {
node [shape=rectangle];
n[label = "Equal"];
n0[label = "NearestInsertion"];
n -> n0;
n1[label = "If_Then"];
n10[label = "If_Then_Else"];
n100[label = "FarthestInsertion"];
n10 -> n100;
n101[label = "And"];
n1010[label = "NearestInsertion"];
n101 -> n1010;
n1011[label = "FarthestNeighbor"];
n101 -> n1011;
n10 -> n101;
n102[label = "CplexTerminal"];
n10 -> n102;
n1 -> n10;
n11[label = "If_Then"];
n110[label = "And"];
n1100[label = "NearestInsertion"];
n110 -> n1100;
n1101[label = "NearestInsertion"];
n110 -> n1101;
n11 -> n110;
n111[label = "Equal"];
n1110[label = "FarthestNeighbor"];
n111 -> n1110;
n1111[label = "FarthestFirstNode"];
n111 -> n1111;
n11 -> n111;
n1 -> n11;
n -> n1;
}


Generation: 35
Best Individual:
Subpopulation 0:
Evaluated: true
Fitness: Standardized=0.2677907 Adjusted=0.7887738 Hits=0
Tree 0:
digraph g {
node [shape=rectangle];
n[label = "Equal"];
n0[label = "NearestInsertion"];
n -> n0;
n1[label = "If_Then"];
n10[label = "If_Then_Else"];
n100[label = "FarthestInsertion"];
n10 -> n100;
n101[label = "And"];
n1010[label = "NearestInsertion"];
n101 -> n1010;
n1011[label = "FarthestNeighbor"];
n101 -> n1011;
n10 -> n101;
n102[label = "CplexTerminal"];
n10 -> n102;
n1 -> n10;
n11[label = "If_Then"];
n110[label = "And"];
n1100[label = "NearestInsertion"];
n110 -> n1100;
n1101[label = "NearestInsertion"];
n110 -> n1101;
n11 -> n110;
n111[label = "Equal"];
n1110[label = "FarthestNeighbor"];
n111 -> n1110;
n1111[label = "FarthestFirstNode"];
n111 -> n1111;
n11 -> n111;
n1 -> n11;
n -> n1;
}


Generation: 36
Best Individual:
Subpopulation 0:
Evaluated: true
Fitness: Standardized=0.2677907 Adjusted=0.7887738 Hits=0
Tree 0:
digraph g {
node [shape=rectangle];
n[label = "Equal"];
n0[label = "NearestInsertion"];
n -> n0;
n1[label = "If_Then"];
n10[label = "If_Then_Else"];
n100[label = "FarthestInsertion"];
n10 -> n100;
n101[label = "And"];
n1010[label = "NearestInsertion"];
n101 -> n1010;
n1011[label = "FarthestNeighbor"];
n101 -> n1011;
n10 -> n101;
n102[label = "CplexTerminal"];
n10 -> n102;
n1 -> n10;
n11[label = "If_Then"];
n110[label = "And"];
n1100[label = "NearestInsertion"];
n110 -> n1100;
n1101[label = "NearestInsertion"];
n110 -> n1101;
n11 -> n110;
n111[label = "Equal"];
n1110[label = "FarthestNeighbor"];
n111 -> n1110;
n1111[label = "FarthestFirstNode"];
n111 -> n1111;
n11 -> n111;
n1 -> n11;
n -> n1;
}


Generation: 37
Best Individual:
Subpopulation 0:
Evaluated: true
Fitness: Standardized=0.2677907 Adjusted=0.7887738 Hits=0
Tree 0:
digraph g {
node [shape=rectangle];
n[label = "Equal"];
n0[label = "NearestInsertion"];
n -> n0;
n1[label = "If_Then"];
n10[label = "If_Then_Else"];
n100[label = "FarthestInsertion"];
n10 -> n100;
n101[label = "And"];
n1010[label = "NearestInsertion"];
n101 -> n1010;
n1011[label = "FarthestNeighbor"];
n101 -> n1011;
n10 -> n101;
n102[label = "CplexTerminal"];
n10 -> n102;
n1 -> n10;
n11[label = "If_Then"];
n110[label = "And"];
n1100[label = "NearestInsertion"];
n110 -> n1100;
n1101[label = "NearestInsertion"];
n110 -> n1101;
n11 -> n110;
n111[label = "Equal"];
n1110[label = "FarthestNeighbor"];
n111 -> n1110;
n1111[label = "FarthestFirstNode"];
n111 -> n1111;
n11 -> n111;
n1 -> n11;
n -> n1;
}


Generation: 38
Best Individual:
Subpopulation 0:
Evaluated: true
Fitness: Standardized=0.2677907 Adjusted=0.7887738 Hits=0
Tree 0:
digraph g {
node [shape=rectangle];
n[label = "Equal"];
n0[label = "NearestInsertion"];
n -> n0;
n1[label = "If_Then"];
n10[label = "If_Then_Else"];
n100[label = "FarthestInsertion"];
n10 -> n100;
n101[label = "And"];
n1010[label = "NearestInsertion"];
n101 -> n1010;
n1011[label = "FarthestNeighbor"];
n101 -> n1011;
n10 -> n101;
n102[label = "CplexTerminal"];
n10 -> n102;
n1 -> n10;
n11[label = "If_Then"];
n110[label = "And"];
n1100[label = "NearestInsertion"];
n110 -> n1100;
n1101[label = "NearestInsertion"];
n110 -> n1101;
n11 -> n110;
n111[label = "Equal"];
n1110[label = "FarthestNeighbor"];
n111 -> n1110;
n1111[label = "FarthestFirstNode"];
n111 -> n1111;
n11 -> n111;
n1 -> n11;
n -> n1;
}


Generation: 39
Best Individual:
Subpopulation 0:
Evaluated: true
Fitness: Standardized=0.2677907 Adjusted=0.7887738 Hits=0
Tree 0:
digraph g {
node [shape=rectangle];
n[label = "Equal"];
n0[label = "NearestInsertion"];
n -> n0;
n1[label = "If_Then"];
n10[label = "If_Then_Else"];
n100[label = "FarthestInsertion"];
n10 -> n100;
n101[label = "And"];
n1010[label = "NearestInsertion"];
n101 -> n1010;
n1011[label = "FarthestNeighbor"];
n101 -> n1011;
n10 -> n101;
n102[label = "CplexTerminal"];
n10 -> n102;
n1 -> n10;
n11[label = "If_Then"];
n110[label = "And"];
n1100[label = "NearestInsertion"];
n110 -> n1100;
n1101[label = "NearestInsertion"];
n110 -> n1101;
n11 -> n110;
n111[label = "Equal"];
n1110[label = "FarthestNeighbor"];
n111 -> n1110;
n1111[label = "FarthestFirstNode"];
n111 -> n1111;
n11 -> n111;
n1 -> n11;
n -> n1;
}


Generation: 40
Best Individual:
Subpopulation 0:
Evaluated: true
Fitness: Standardized=0.2677907 Adjusted=0.7887738 Hits=0
Tree 0:
digraph g {
node [shape=rectangle];
n[label = "Equal"];
n0[label = "NearestInsertion"];
n -> n0;
n1[label = "If_Then"];
n10[label = "If_Then_Else"];
n100[label = "FarthestInsertion"];
n10 -> n100;
n101[label = "And"];
n1010[label = "NearestInsertion"];
n101 -> n1010;
n1011[label = "FarthestNeighbor"];
n101 -> n1011;
n10 -> n101;
n102[label = "CplexTerminal"];
n10 -> n102;
n1 -> n10;
n11[label = "If_Then"];
n110[label = "And"];
n1100[label = "NearestInsertion"];
n110 -> n1100;
n1101[label = "NearestInsertion"];
n110 -> n1101;
n11 -> n110;
n111[label = "Equal"];
n1110[label = "FarthestNeighbor"];
n111 -> n1110;
n1111[label = "FarthestFirstNode"];
n111 -> n1111;
n11 -> n111;
n1 -> n11;
n -> n1;
}


Generation: 41
Best Individual:
Subpopulation 0:
Evaluated: true
Fitness: Standardized=0.2677907 Adjusted=0.7887738 Hits=0
Tree 0:
digraph g {
node [shape=rectangle];
n[label = "Equal"];
n0[label = "NearestInsertion"];
n -> n0;
n1[label = "If_Then"];
n10[label = "If_Then_Else"];
n100[label = "FarthestInsertion"];
n10 -> n100;
n101[label = "And"];
n1010[label = "NearestInsertion"];
n101 -> n1010;
n1011[label = "FarthestNeighbor"];
n101 -> n1011;
n10 -> n101;
n102[label = "NearestInsertion"];
n10 -> n102;
n1 -> n10;
n11[label = "If_Then"];
n110[label = "And"];
n1100[label = "NearestInsertion"];
n110 -> n1100;
n1101[label = "NearestInsertion"];
n110 -> n1101;
n11 -> n110;
n111[label = "Equal"];
n1110[label = "FarthestNeighbor"];
n111 -> n1110;
n1111[label = "FarthestFirstNode"];
n111 -> n1111;
n11 -> n111;
n1 -> n11;
n -> n1;
}


Generation: 42
Best Individual:
Subpopulation 0:
Evaluated: true
Fitness: Standardized=0.2677907 Adjusted=0.7887738 Hits=0
Tree 0:
digraph g {
node [shape=rectangle];
n[label = "Equal"];
n0[label = "NearestInsertion"];
n -> n0;
n1[label = "If_Then"];
n10[label = "If_Then_Else"];
n100[label = "FarthestInsertion"];
n10 -> n100;
n101[label = "And"];
n1010[label = "NearestInsertion"];
n101 -> n1010;
n1011[label = "FarthestNeighbor"];
n101 -> n1011;
n10 -> n101;
n102[label = "NearestInsertion"];
n10 -> n102;
n1 -> n10;
n11[label = "If_Then"];
n110[label = "And"];
n1100[label = "NearestInsertion"];
n110 -> n1100;
n1101[label = "NearestInsertion"];
n110 -> n1101;
n11 -> n110;
n111[label = "Equal"];
n1110[label = "FarthestNeighbor"];
n111 -> n1110;
n1111[label = "FarthestFirstNode"];
n111 -> n1111;
n11 -> n111;
n1 -> n11;
n -> n1;
}


Generation: 43
Best Individual:
Subpopulation 0:
Evaluated: true
Fitness: Standardized=0.2677907 Adjusted=0.7887738 Hits=0
Tree 0:
digraph g {
node [shape=rectangle];
n[label = "Equal"];
n0[label = "NearestInsertion"];
n -> n0;
n1[label = "If_Then"];
n10[label = "If_Then_Else"];
n100[label = "FarthestInsertion"];
n10 -> n100;
n101[label = "And"];
n1010[label = "NearestInsertion"];
n101 -> n1010;
n1011[label = "FarthestNeighbor"];
n101 -> n1011;
n10 -> n101;
n102[label = "CplexTerminal"];
n10 -> n102;
n1 -> n10;
n11[label = "If_Then"];
n110[label = "And"];
n1100[label = "NearestInsertion"];
n110 -> n1100;
n1101[label = "NearestInsertion"];
n110 -> n1101;
n11 -> n110;
n111[label = "Equal"];
n1110[label = "FarthestNeighbor"];
n111 -> n1110;
n1111[label = "FarthestFirstNode"];
n111 -> n1111;
n11 -> n111;
n1 -> n11;
n -> n1;
}


Generation: 44
Best Individual:
Subpopulation 0:
Evaluated: true
Fitness: Standardized=0.2677907 Adjusted=0.7887738 Hits=0
Tree 0:
digraph g {
node [shape=rectangle];
n[label = "Equal"];
n0[label = "NearestInsertion"];
n -> n0;
n1[label = "If_Then"];
n10[label = "If_Then_Else"];
n100[label = "FarthestInsertion"];
n10 -> n100;
n101[label = "And"];
n1010[label = "NearestInsertion"];
n101 -> n1010;
n1011[label = "FarthestNeighbor"];
n101 -> n1011;
n10 -> n101;
n102[label = "CplexTerminal"];
n10 -> n102;
n1 -> n10;
n11[label = "If_Then"];
n110[label = "And"];
n1100[label = "NearestInsertion"];
n110 -> n1100;
n1101[label = "NearestInsertion"];
n110 -> n1101;
n11 -> n110;
n111[label = "Equal"];
n1110[label = "FarthestNeighbor"];
n111 -> n1110;
n1111[label = "FarthestFirstNode"];
n111 -> n1111;
n11 -> n111;
n1 -> n11;
n -> n1;
}


Generation: 45
Best Individual:
Subpopulation 0:
Evaluated: true
Fitness: Standardized=0.2677907 Adjusted=0.7887738 Hits=0
Tree 0:
digraph g {
node [shape=rectangle];
n[label = "Equal"];
n0[label = "NearestInsertion"];
n -> n0;
n1[label = "If_Then"];
n10[label = "If_Then_Else"];
n100[label = "FarthestInsertion"];
n10 -> n100;
n101[label = "And"];
n1010[label = "NearestInsertion"];
n101 -> n1010;
n1011[label = "FarthestNeighbor"];
n101 -> n1011;
n10 -> n101;
n102[label = "CplexTerminal"];
n10 -> n102;
n1 -> n10;
n11[label = "If_Then"];
n110[label = "And"];
n1100[label = "NearestInsertion"];
n110 -> n1100;
n1101[label = "NearestInsertion"];
n110 -> n1101;
n11 -> n110;
n111[label = "Equal"];
n1110[label = "FarthestNeighbor"];
n111 -> n1110;
n1111[label = "FarthestFirstNode"];
n111 -> n1111;
n11 -> n111;
n1 -> n11;
n -> n1;
}


Generation: 46
Best Individual:
Subpopulation 0:
Evaluated: true
Fitness: Standardized=0.2677907 Adjusted=0.7887738 Hits=0
Tree 0:
digraph g {
node [shape=rectangle];
n[label = "Equal"];
n0[label = "NearestInsertion"];
n -> n0;
n1[label = "If_Then"];
n10[label = "If_Then_Else"];
n100[label = "FarthestInsertion"];
n10 -> n100;
n101[label = "And"];
n1010[label = "NearestInsertion"];
n101 -> n1010;
n1011[label = "FarthestNeighbor"];
n101 -> n1011;
n10 -> n101;
n102[label = "CplexTerminal"];
n10 -> n102;
n1 -> n10;
n11[label = "If_Then"];
n110[label = "And"];
n1100[label = "NearestInsertion"];
n110 -> n1100;
n1101[label = "NearestInsertion"];
n110 -> n1101;
n11 -> n110;
n111[label = "Equal"];
n1110[label = "FarthestNeighbor"];
n111 -> n1110;
n1111[label = "FarthestFirstNode"];
n111 -> n1111;
n11 -> n111;
n1 -> n11;
n -> n1;
}


Generation: 47
Best Individual:
Subpopulation 0:
Evaluated: true
Fitness: Standardized=0.2677907 Adjusted=0.7887738 Hits=0
Tree 0:
digraph g {
node [shape=rectangle];
n[label = "Equal"];
n0[label = "NearestInsertion"];
n -> n0;
n1[label = "If_Then"];
n10[label = "If_Then_Else"];
n100[label = "FarthestInsertion"];
n10 -> n100;
n101[label = "And"];
n1010[label = "NearestInsertion"];
n101 -> n1010;
n1011[label = "FarthestNeighbor"];
n101 -> n1011;
n10 -> n101;
n102[label = "CplexTerminal"];
n10 -> n102;
n1 -> n10;
n11[label = "If_Then"];
n110[label = "And"];
n1100[label = "NearestInsertion"];
n110 -> n1100;
n1101[label = "NearestInsertion"];
n110 -> n1101;
n11 -> n110;
n111[label = "Equal"];
n1110[label = "FarthestNeighbor"];
n111 -> n1110;
n1111[label = "FarthestFirstNode"];
n111 -> n1111;
n11 -> n111;
n1 -> n11;
n -> n1;
}


Generation: 48
Best Individual:
Subpopulation 0:
Evaluated: true
Fitness: Standardized=0.2677907 Adjusted=0.7887738 Hits=0
Tree 0:
digraph g {
node [shape=rectangle];
n[label = "Equal"];
n0[label = "NearestInsertion"];
n -> n0;
n1[label = "If_Then"];
n10[label = "If_Then_Else"];
n100[label = "FarthestInsertion"];
n10 -> n100;
n101[label = "And"];
n1010[label = "NearestInsertion"];
n101 -> n1010;
n1011[label = "FarthestNeighbor"];
n101 -> n1011;
n10 -> n101;
n102[label = "CplexTerminal"];
n10 -> n102;
n1 -> n10;
n11[label = "If_Then"];
n110[label = "And"];
n1100[label = "NearestInsertion"];
n110 -> n1100;
n1101[label = "NearestInsertion"];
n110 -> n1101;
n11 -> n110;
n111[label = "Equal"];
n1110[label = "FarthestNeighbor"];
n111 -> n1110;
n1111[label = "FarthestFirstNode"];
n111 -> n1111;
n11 -> n111;
n1 -> n11;
n -> n1;
}


Generation: 49
Best Individual:
Subpopulation 0:
Evaluated: true
Fitness: Standardized=0.2677907 Adjusted=0.7887738 Hits=0
Tree 0:
digraph g {
node [shape=rectangle];
n[label = "Equal"];
n0[label = "NearestInsertion"];
n -> n0;
n1[label = "If_Then"];
n10[label = "If_Then_Else"];
n100[label = "FarthestInsertion"];
n10 -> n100;
n101[label = "And"];
n1010[label = "NearestInsertion"];
n101 -> n1010;
n1011[label = "FarthestNeighbor"];
n101 -> n1011;
n10 -> n101;
n102[label = "CplexTerminal"];
n10 -> n102;
n1 -> n10;
n11[label = "If_Then"];
n110[label = "And"];
n1100[label = "NearestInsertion"];
n110 -> n1100;
n1101[label = "NearestInsertion"];
n110 -> n1101;
n11 -> n110;
n111[label = "Equal"];
n1110[label = "FarthestNeighbor"];
n111 -> n1110;
n1111[label = "FarthestFirstNode"];
n111 -> n1111;
n11 -> n111;
n1 -> n11;
n -> n1;
}


Generation: 50
Best Individual:
Subpopulation 0:
Evaluated: true
Fitness: Standardized=0.2677907 Adjusted=0.7887738 Hits=0
Tree 0:
digraph g {
node [shape=rectangle];
n[label = "Equal"];
n0[label = "NearestInsertion"];
n -> n0;
n1[label = "If_Then"];
n10[label = "If_Then_Else"];
n100[label = "FarthestInsertion"];
n10 -> n100;
n101[label = "And"];
n1010[label = "NearestInsertion"];
n101 -> n1010;
n1011[label = "FarthestNeighbor"];
n101 -> n1011;
n10 -> n101;
n102[label = "CplexTerminal"];
n10 -> n102;
n1 -> n10;
n11[label = "If_Then"];
n110[label = "And"];
n1100[label = "NearestInsertion"];
n110 -> n1100;
n1101[label = "NearestInsertion"];
n110 -> n1101;
n11 -> n110;
n111[label = "Equal"];
n1110[label = "FarthestNeighbor"];
n111 -> n1110;
n1111[label = "FarthestFirstNode"];
n111 -> n1111;
n11 -> n111;
n1 -> n11;
n -> n1;
}


Generation: 51
Best Individual:
Subpopulation 0:
Evaluated: true
Fitness: Standardized=0.2677907 Adjusted=0.7887738 Hits=0
Tree 0:
digraph g {
node [shape=rectangle];
n[label = "Equal"];
n0[label = "NearestInsertion"];
n -> n0;
n1[label = "If_Then"];
n10[label = "If_Then_Else"];
n100[label = "FarthestInsertion"];
n10 -> n100;
n101[label = "And"];
n1010[label = "NearestInsertion"];
n101 -> n1010;
n1011[label = "FarthestNeighbor"];
n101 -> n1011;
n10 -> n101;
n102[label = "CplexTerminal"];
n10 -> n102;
n1 -> n10;
n11[label = "If_Then"];
n110[label = "And"];
n1100[label = "NearestInsertion"];
n110 -> n1100;
n1101[label = "NearestInsertion"];
n110 -> n1101;
n11 -> n110;
n111[label = "Equal"];
n1110[label = "FarthestNeighbor"];
n111 -> n1110;
n1111[label = "FarthestFirstNode"];
n111 -> n1111;
n11 -> n111;
n1 -> n11;
n -> n1;
}


Generation: 52
Best Individual:
Subpopulation 0:
Evaluated: true
Fitness: Standardized=0.2677907 Adjusted=0.7887738 Hits=0
Tree 0:
digraph g {
node [shape=rectangle];
n[label = "Equal"];
n0[label = "NearestInsertion"];
n -> n0;
n1[label = "If_Then"];
n10[label = "If_Then_Else"];
n100[label = "FarthestInsertion"];
n10 -> n100;
n101[label = "And"];
n1010[label = "NearestInsertion"];
n101 -> n1010;
n1011[label = "FarthestNeighbor"];
n101 -> n1011;
n10 -> n101;
n102[label = "CplexTerminal"];
n10 -> n102;
n1 -> n10;
n11[label = "If_Then"];
n110[label = "And"];
n1100[label = "NearestInsertion"];
n110 -> n1100;
n1101[label = "NearestInsertion"];
n110 -> n1101;
n11 -> n110;
n111[label = "Equal"];
n1110[label = "FarthestNeighbor"];
n111 -> n1110;
n1111[label = "FarthestFirstNode"];
n111 -> n1111;
n11 -> n111;
n1 -> n11;
n -> n1;
}


Generation: 53
Best Individual:
Subpopulation 0:
Evaluated: true
Fitness: Standardized=0.2677907 Adjusted=0.7887738 Hits=0
Tree 0:
digraph g {
node [shape=rectangle];
n[label = "Equal"];
n0[label = "NearestInsertion"];
n -> n0;
n1[label = "If_Then"];
n10[label = "If_Then_Else"];
n100[label = "FarthestInsertion"];
n10 -> n100;
n101[label = "And"];
n1010[label = "NearestInsertion"];
n101 -> n1010;
n1011[label = "FarthestNeighbor"];
n101 -> n1011;
n10 -> n101;
n102[label = "CplexTerminal"];
n10 -> n102;
n1 -> n10;
n11[label = "If_Then"];
n110[label = "And"];
n1100[label = "NearestInsertion"];
n110 -> n1100;
n1101[label = "NearestInsertion"];
n110 -> n1101;
n11 -> n110;
n111[label = "Equal"];
n1110[label = "FarthestNeighbor"];
n111 -> n1110;
n1111[label = "FarthestFirstNode"];
n111 -> n1111;
n11 -> n111;
n1 -> n11;
n -> n1;
}


Generation: 54
Best Individual:
Subpopulation 0:
Evaluated: true
Fitness: Standardized=0.2677907 Adjusted=0.7887738 Hits=0
Tree 0:
digraph g {
node [shape=rectangle];
n[label = "Equal"];
n0[label = "NearestInsertion"];
n -> n0;
n1[label = "If_Then"];
n10[label = "If_Then_Else"];
n100[label = "FarthestInsertion"];
n10 -> n100;
n101[label = "And"];
n1010[label = "NearestInsertion"];
n101 -> n1010;
n1011[label = "FarthestNeighbor"];
n101 -> n1011;
n10 -> n101;
n102[label = "FarthestNeighbor"];
n10 -> n102;
n1 -> n10;
n11[label = "If_Then"];
n110[label = "And"];
n1100[label = "NearestInsertion"];
n110 -> n1100;
n1101[label = "NearestInsertion"];
n110 -> n1101;
n11 -> n110;
n111[label = "Equal"];
n1110[label = "FarthestNeighbor"];
n111 -> n1110;
n1111[label = "FarthestFirstNode"];
n111 -> n1111;
n11 -> n111;
n1 -> n11;
n -> n1;
}


Generation: 55
Best Individual:
Subpopulation 0:
Evaluated: true
Fitness: Standardized=0.2677907 Adjusted=0.7887738 Hits=0
Tree 0:
digraph g {
node [shape=rectangle];
n[label = "Equal"];
n0[label = "NearestInsertion"];
n -> n0;
n1[label = "If_Then"];
n10[label = "If_Then_Else"];
n100[label = "FarthestInsertion"];
n10 -> n100;
n101[label = "And"];
n1010[label = "NearestInsertion"];
n101 -> n1010;
n1011[label = "FarthestNeighbor"];
n101 -> n1011;
n10 -> n101;
n102[label = "CplexTerminal"];
n10 -> n102;
n1 -> n10;
n11[label = "If_Then"];
n110[label = "And"];
n1100[label = "NearestInsertion"];
n110 -> n1100;
n1101[label = "NearestInsertion"];
n110 -> n1101;
n11 -> n110;
n111[label = "Equal"];
n1110[label = "FarthestNeighbor"];
n111 -> n1110;
n1111[label = "FarthestFirstNode"];
n111 -> n1111;
n11 -> n111;
n1 -> n11;
n -> n1;
}


Generation: 56
Best Individual:
Subpopulation 0:
Evaluated: true
Fitness: Standardized=0.2677907 Adjusted=0.7887738 Hits=0
Tree 0:
digraph g {
node [shape=rectangle];
n[label = "Equal"];
n0[label = "NearestInsertion"];
n -> n0;
n1[label = "If_Then"];
n10[label = "If_Then_Else"];
n100[label = "FarthestInsertion"];
n10 -> n100;
n101[label = "And"];
n1010[label = "NearestInsertion"];
n101 -> n1010;
n1011[label = "FarthestNeighbor"];
n101 -> n1011;
n10 -> n101;
n102[label = "CplexTerminal"];
n10 -> n102;
n1 -> n10;
n11[label = "If_Then"];
n110[label = "And"];
n1100[label = "NearestInsertion"];
n110 -> n1100;
n1101[label = "NearestInsertion"];
n110 -> n1101;
n11 -> n110;
n111[label = "Equal"];
n1110[label = "FarthestNeighbor"];
n111 -> n1110;
n1111[label = "FarthestFirstNode"];
n111 -> n1111;
n11 -> n111;
n1 -> n11;
n -> n1;
}


Generation: 57
Best Individual:
Subpopulation 0:
Evaluated: true
Fitness: Standardized=0.2677907 Adjusted=0.7887738 Hits=0
Tree 0:
digraph g {
node [shape=rectangle];
n[label = "Equal"];
n0[label = "NearestInsertion"];
n -> n0;
n1[label = "If_Then"];
n10[label = "If_Then_Else"];
n100[label = "FarthestInsertion"];
n10 -> n100;
n101[label = "And"];
n1010[label = "NearestInsertion"];
n101 -> n1010;
n1011[label = "FarthestNeighbor"];
n101 -> n1011;
n10 -> n101;
n102[label = "FarthestNeighbor"];
n10 -> n102;
n1 -> n10;
n11[label = "If_Then"];
n110[label = "And"];
n1100[label = "NearestInsertion"];
n110 -> n1100;
n1101[label = "NearestInsertion"];
n110 -> n1101;
n11 -> n110;
n111[label = "Equal"];
n1110[label = "FarthestNeighbor"];
n111 -> n1110;
n1111[label = "FarthestFirstNode"];
n111 -> n1111;
n11 -> n111;
n1 -> n11;
n -> n1;
}


Generation: 58
Best Individual:
Subpopulation 0:
Evaluated: true
Fitness: Standardized=0.2677907 Adjusted=0.7887738 Hits=0
Tree 0:
digraph g {
node [shape=rectangle];
n[label = "Equal"];
n0[label = "NearestInsertion"];
n -> n0;
n1[label = "If_Then"];
n10[label = "If_Then_Else"];
n100[label = "FarthestInsertion"];
n10 -> n100;
n101[label = "And"];
n1010[label = "NearestInsertion"];
n101 -> n1010;
n1011[label = "FarthestNeighbor"];
n101 -> n1011;
n10 -> n101;
n102[label = "CplexTerminal"];
n10 -> n102;
n1 -> n10;
n11[label = "If_Then"];
n110[label = "And"];
n1100[label = "NearestInsertion"];
n110 -> n1100;
n1101[label = "NearestInsertion"];
n110 -> n1101;
n11 -> n110;
n111[label = "Equal"];
n1110[label = "FarthestNeighbor"];
n111 -> n1110;
n1111[label = "FarthestFirstNode"];
n111 -> n1111;
n11 -> n111;
n1 -> n11;
n -> n1;
}


Generation: 59
Best Individual:
Subpopulation 0:
Evaluated: true
Fitness: Standardized=0.2677907 Adjusted=0.7887738 Hits=0
Tree 0:
digraph g {
node [shape=rectangle];
n[label = "Equal"];
n0[label = "NearestInsertion"];
n -> n0;
n1[label = "If_Then"];
n10[label = "If_Then_Else"];
n100[label = "FarthestInsertion"];
n10 -> n100;
n101[label = "And"];
n1010[label = "NearestInsertion"];
n101 -> n1010;
n1011[label = "FarthestNeighbor"];
n101 -> n1011;
n10 -> n101;
n102[label = "FarthestNeighbor"];
n10 -> n102;
n1 -> n10;
n11[label = "If_Then"];
n110[label = "And"];
n1100[label = "NearestInsertion"];
n110 -> n1100;
n1101[label = "NearestInsertion"];
n110 -> n1101;
n11 -> n110;
n111[label = "Equal"];
n1110[label = "FarthestNeighbor"];
n111 -> n1110;
n1111[label = "FarthestFirstNode"];
n111 -> n1111;
n11 -> n111;
n1 -> n11;
n -> n1;
}


Generation: 60
Best Individual:
Subpopulation 0:
Evaluated: true
Fitness: Standardized=0.2677907 Adjusted=0.7887738 Hits=0
Tree 0:
digraph g {
node [shape=rectangle];
n[label = "Equal"];
n0[label = "NearestInsertion"];
n -> n0;
n1[label = "If_Then"];
n10[label = "If_Then_Else"];
n100[label = "FarthestInsertion"];
n10 -> n100;
n101[label = "And"];
n1010[label = "NearestInsertion"];
n101 -> n1010;
n1011[label = "FarthestNeighbor"];
n101 -> n1011;
n10 -> n101;
n102[label = "FarthestNeighbor"];
n10 -> n102;
n1 -> n10;
n11[label = "If_Then"];
n110[label = "And"];
n1100[label = "NearestInsertion"];
n110 -> n1100;
n1101[label = "NearestInsertion"];
n110 -> n1101;
n11 -> n110;
n111[label = "Equal"];
n1110[label = "FarthestNeighbor"];
n111 -> n1110;
n1111[label = "FarthestFirstNode"];
n111 -> n1111;
n11 -> n111;
n1 -> n11;
n -> n1;
}


Generation: 61
Best Individual:
Subpopulation 0:
Evaluated: true
Fitness: Standardized=0.2677907 Adjusted=0.7887738 Hits=0
Tree 0:
digraph g {
node [shape=rectangle];
n[label = "Equal"];
n0[label = "NearestInsertion"];
n -> n0;
n1[label = "If_Then"];
n10[label = "If_Then_Else"];
n100[label = "FarthestInsertion"];
n10 -> n100;
n101[label = "And"];
n1010[label = "NearestInsertion"];
n101 -> n1010;
n1011[label = "FarthestNeighbor"];
n101 -> n1011;
n10 -> n101;
n102[label = "FarthestNeighbor"];
n10 -> n102;
n1 -> n10;
n11[label = "If_Then"];
n110[label = "And"];
n1100[label = "NearestInsertion"];
n110 -> n1100;
n1101[label = "NearestInsertion"];
n110 -> n1101;
n11 -> n110;
n111[label = "Equal"];
n1110[label = "FarthestNeighbor"];
n111 -> n1110;
n1111[label = "FarthestFirstNode"];
n111 -> n1111;
n11 -> n111;
n1 -> n11;
n -> n1;
}


Generation: 62
Best Individual:
Subpopulation 0:
Evaluated: true
Fitness: Standardized=0.2677907 Adjusted=0.7887738 Hits=0
Tree 0:
digraph g {
node [shape=rectangle];
n[label = "Equal"];
n0[label = "NearestInsertion"];
n -> n0;
n1[label = "If_Then"];
n10[label = "If_Then_Else"];
n100[label = "FarthestInsertion"];
n10 -> n100;
n101[label = "And"];
n1010[label = "NearestInsertion"];
n101 -> n1010;
n1011[label = "FarthestNeighbor"];
n101 -> n1011;
n10 -> n101;
n102[label = "FarthestNeighbor"];
n10 -> n102;
n1 -> n10;
n11[label = "If_Then"];
n110[label = "And"];
n1100[label = "NearestInsertion"];
n110 -> n1100;
n1101[label = "NearestInsertion"];
n110 -> n1101;
n11 -> n110;
n111[label = "Equal"];
n1110[label = "FarthestNeighbor"];
n111 -> n1110;
n1111[label = "FarthestFirstNode"];
n111 -> n1111;
n11 -> n111;
n1 -> n11;
n -> n1;
}


Generation: 63
Best Individual:
Subpopulation 0:
Evaluated: true
Fitness: Standardized=0.2677907 Adjusted=0.7887738 Hits=0
Tree 0:
digraph g {
node [shape=rectangle];
n[label = "Equal"];
n0[label = "NearestInsertion"];
n -> n0;
n1[label = "If_Then"];
n10[label = "If_Then_Else"];
n100[label = "FarthestInsertion"];
n10 -> n100;
n101[label = "And"];
n1010[label = "NearestInsertion"];
n101 -> n1010;
n1011[label = "FarthestNeighbor"];
n101 -> n1011;
n10 -> n101;
n102[label = "FarthestNeighbor"];
n10 -> n102;
n1 -> n10;
n11[label = "If_Then"];
n110[label = "And"];
n1100[label = "NearestInsertion"];
n110 -> n1100;
n1101[label = "NearestInsertion"];
n110 -> n1101;
n11 -> n110;
n111[label = "Equal"];
n1110[label = "FarthestNeighbor"];
n111 -> n1110;
n1111[label = "FarthestFirstNode"];
n111 -> n1111;
n11 -> n111;
n1 -> n11;
n -> n1;
}


Generation: 64
Best Individual:
Subpopulation 0:
Evaluated: true
Fitness: Standardized=0.2677907 Adjusted=0.7887738 Hits=0
Tree 0:
digraph g {
node [shape=rectangle];
n[label = "Equal"];
n0[label = "NearestInsertion"];
n -> n0;
n1[label = "If_Then"];
n10[label = "If_Then_Else"];
n100[label = "FarthestInsertion"];
n10 -> n100;
n101[label = "And"];
n1010[label = "NearestInsertion"];
n101 -> n1010;
n1011[label = "FarthestNeighbor"];
n101 -> n1011;
n10 -> n101;
n102[label = "CplexTerminal"];
n10 -> n102;
n1 -> n10;
n11[label = "If_Then"];
n110[label = "And"];
n1100[label = "NearestInsertion"];
n110 -> n1100;
n1101[label = "NearestInsertion"];
n110 -> n1101;
n11 -> n110;
n111[label = "Equal"];
n1110[label = "FarthestNeighbor"];
n111 -> n1110;
n1111[label = "FarthestFirstNode"];
n111 -> n1111;
n11 -> n111;
n1 -> n11;
n -> n1;
}


Generation: 65
Best Individual:
Subpopulation 0:
Evaluated: true
Fitness: Standardized=0.2677907 Adjusted=0.7887738 Hits=0
Tree 0:
digraph g {
node [shape=rectangle];
n[label = "Equal"];
n0[label = "NearestInsertion"];
n -> n0;
n1[label = "If_Then"];
n10[label = "If_Then_Else"];
n100[label = "FarthestInsertion"];
n10 -> n100;
n101[label = "And"];
n1010[label = "NearestInsertion"];
n101 -> n1010;
n1011[label = "FarthestNeighbor"];
n101 -> n1011;
n10 -> n101;
n102[label = "CplexTerminal"];
n10 -> n102;
n1 -> n10;
n11[label = "If_Then"];
n110[label = "And"];
n1100[label = "NearestInsertion"];
n110 -> n1100;
n1101[label = "NearestInsertion"];
n110 -> n1101;
n11 -> n110;
n111[label = "Equal"];
n1110[label = "FarthestNeighbor"];
n111 -> n1110;
n1111[label = "FarthestFirstNode"];
n111 -> n1111;
n11 -> n111;
n1 -> n11;
n -> n1;
}


Generation: 66
Best Individual:
Subpopulation 0:
Evaluated: true
Fitness: Standardized=0.2677907 Adjusted=0.7887738 Hits=0
Tree 0:
digraph g {
node [shape=rectangle];
n[label = "Equal"];
n0[label = "NearestInsertion"];
n -> n0;
n1[label = "If_Then"];
n10[label = "If_Then_Else"];
n100[label = "FarthestInsertion"];
n10 -> n100;
n101[label = "And"];
n1010[label = "NearestInsertion"];
n101 -> n1010;
n1011[label = "FarthestNeighbor"];
n101 -> n1011;
n10 -> n101;
n102[label = "CplexTerminal"];
n10 -> n102;
n1 -> n10;
n11[label = "If_Then"];
n110[label = "And"];
n1100[label = "NearestInsertion"];
n110 -> n1100;
n1101[label = "NearestInsertion"];
n110 -> n1101;
n11 -> n110;
n111[label = "Equal"];
n1110[label = "FarthestNeighbor"];
n111 -> n1110;
n1111[label = "FarthestFirstNode"];
n111 -> n1111;
n11 -> n111;
n1 -> n11;
n -> n1;
}


Generation: 67
Best Individual:
Subpopulation 0:
Evaluated: true
Fitness: Standardized=0.2677907 Adjusted=0.7887738 Hits=0
Tree 0:
digraph g {
node [shape=rectangle];
n[label = "Equal"];
n0[label = "NearestInsertion"];
n -> n0;
n1[label = "If_Then"];
n10[label = "If_Then_Else"];
n100[label = "FarthestInsertion"];
n10 -> n100;
n101[label = "And"];
n1010[label = "NearestInsertion"];
n101 -> n1010;
n1011[label = "FarthestNeighbor"];
n101 -> n1011;
n10 -> n101;
n102[label = "FarthestNeighbor"];
n10 -> n102;
n1 -> n10;
n11[label = "If_Then"];
n110[label = "And"];
n1100[label = "NearestInsertion"];
n110 -> n1100;
n1101[label = "NearestInsertion"];
n110 -> n1101;
n11 -> n110;
n111[label = "Equal"];
n1110[label = "FarthestNeighbor"];
n111 -> n1110;
n1111[label = "FarthestFirstNode"];
n111 -> n1111;
n11 -> n111;
n1 -> n11;
n -> n1;
}


Generation: 68
Best Individual:
Subpopulation 0:
Evaluated: true
Fitness: Standardized=0.19798224 Adjusted=0.83473694 Hits=2
Tree 0:
digraph g {
node [shape=rectangle];
n[label = "Equal"];
n0[label = "NearestInsertion"];
n -> n0;
n1[label = "If_Then"];
n10[label = "If_Then_Else"];
n100[label = "FarthestInsertion"];
n10 -> n100;
n101[label = "And"];
n1010[label = "NearestInsertion"];
n101 -> n1010;
n1011[label = "FarthestNeighbor"];
n101 -> n1011;
n10 -> n101;
n102[label = "FarthestNeighbor"];
n10 -> n102;
n1 -> n10;
n11[label = "If_Then"];
n110[label = "While"];
n1100[label = "NearestInsertion"];
n110 -> n1100;
n1101[label = "NearestInsertion"];
n110 -> n1101;
n11 -> n110;
n111[label = "Equal"];
n1110[label = "FarthestNeighbor"];
n111 -> n1110;
n1111[label = "FarthestFirstNode"];
n111 -> n1111;
n11 -> n111;
n1 -> n11;
n -> n1;
}


Generation: 69
Best Individual:
Subpopulation 0:
Evaluated: true
Fitness: Standardized=0.19798224 Adjusted=0.83473694 Hits=2
Tree 0:
digraph g {
node [shape=rectangle];
n[label = "Equal"];
n0[label = "NearestInsertion"];
n -> n0;
n1[label = "If_Then"];
n10[label = "If_Then_Else"];
n100[label = "FarthestInsertion"];
n10 -> n100;
n101[label = "And"];
n1010[label = "NearestInsertion"];
n101 -> n1010;
n1011[label = "FarthestNeighbor"];
n101 -> n1011;
n10 -> n101;
n102[label = "FarthestNeighbor"];
n10 -> n102;
n1 -> n10;
n11[label = "If_Then"];
n110[label = "While"];
n1100[label = "NearestInsertion"];
n110 -> n1100;
n1101[label = "NearestInsertion"];
n110 -> n1101;
n11 -> n110;
n111[label = "Equal"];
n1110[label = "FarthestNeighbor"];
n111 -> n1110;
n1111[label = "FarthestFirstNode"];
n111 -> n1111;
n11 -> n111;
n1 -> n11;
n -> n1;
}


Generation: 70
Best Individual:
Subpopulation 0:
Evaluated: true
Fitness: Standardized=0.19798224 Adjusted=0.83473694 Hits=2
Tree 0:
digraph g {
node [shape=rectangle];
n[label = "Equal"];
n0[label = "NearestInsertion"];
n -> n0;
n1[label = "And"];
n10[label = "If_Then_Else"];
n100[label = "FarthestInsertion"];
n10 -> n100;
n101[label = "And"];
n1010[label = "NearestInsertion"];
n101 -> n1010;
n1011[label = "FarthestNeighbor"];
n101 -> n1011;
n10 -> n101;
n102[label = "CplexTerminal"];
n10 -> n102;
n1 -> n10;
n11[label = "If_Then"];
n110[label = "While"];
n1100[label = "NearestInsertion"];
n110 -> n1100;
n1101[label = "NearestInsertion"];
n110 -> n1101;
n11 -> n110;
n111[label = "NearestInsertion"];
n11 -> n111;
n1 -> n11;
n -> n1;
}


Generation: 71
Best Individual:
Subpopulation 0:
Evaluated: true
Fitness: Standardized=0.19798224 Adjusted=0.83473694 Hits=2
Tree 0:
digraph g {
node [shape=rectangle];
n[label = "Equal"];
n0[label = "NearestInsertion"];
n -> n0;
n1[label = "If_Then"];
n10[label = "If_Then_Else"];
n100[label = "FarthestInsertion"];
n10 -> n100;
n101[label = "And"];
n1010[label = "NearestInsertion"];
n101 -> n1010;
n1011[label = "FarthestNeighbor"];
n101 -> n1011;
n10 -> n101;
n102[label = "FarthestNeighbor"];
n10 -> n102;
n1 -> n10;
n11[label = "If_Then"];
n110[label = "While"];
n1100[label = "NearestInsertion"];
n110 -> n1100;
n1101[label = "NearestInsertion"];
n110 -> n1101;
n11 -> n110;
n111[label = "Equal"];
n1110[label = "FarthestNeighbor"];
n111 -> n1110;
n1111[label = "FarthestFirstNode"];
n111 -> n1111;
n11 -> n111;
n1 -> n11;
n -> n1;
}


Generation: 72
Best Individual:
Subpopulation 0:
Evaluated: true
Fitness: Standardized=0.19798224 Adjusted=0.83473694 Hits=2
Tree 0:
digraph g {
node [shape=rectangle];
n[label = "Equal"];
n0[label = "NearestInsertion"];
n -> n0;
n1[label = "If_Then"];
n10[label = "If_Then_Else"];
n100[label = "FarthestInsertion"];
n10 -> n100;
n101[label = "And"];
n1010[label = "NearestInsertion"];
n101 -> n1010;
n1011[label = "FarthestNeighbor"];
n101 -> n1011;
n10 -> n101;
n102[label = "FarthestNeighbor"];
n10 -> n102;
n1 -> n10;
n11[label = "If_Then"];
n110[label = "While"];
n1100[label = "NearestInsertion"];
n110 -> n1100;
n1101[label = "NearestInsertion"];
n110 -> n1101;
n11 -> n110;
n111[label = "Equal"];
n1110[label = "FarthestNeighbor"];
n111 -> n1110;
n1111[label = "FarthestFirstNode"];
n111 -> n1111;
n11 -> n111;
n1 -> n11;
n -> n1;
}


Generation: 73
Best Individual:
Subpopulation 0:
Evaluated: true
Fitness: Standardized=0.19798224 Adjusted=0.83473694 Hits=2
Tree 0:
digraph g {
node [shape=rectangle];
n[label = "Equal"];
n0[label = "NearestInsertion"];
n -> n0;
n1[label = "If_Then"];
n10[label = "If_Then_Else"];
n100[label = "FarthestInsertion"];
n10 -> n100;
n101[label = "And"];
n1010[label = "NearestInsertion"];
n101 -> n1010;
n1011[label = "FarthestNeighbor"];
n101 -> n1011;
n10 -> n101;
n102[label = "FarthestNeighbor"];
n10 -> n102;
n1 -> n10;
n11[label = "If_Then"];
n110[label = "While"];
n1100[label = "NearestInsertion"];
n110 -> n1100;
n1101[label = "NearestInsertion"];
n110 -> n1101;
n11 -> n110;
n111[label = "Equal"];
n1110[label = "FarthestNeighbor"];
n111 -> n1110;
n1111[label = "FarthestFirstNode"];
n111 -> n1111;
n11 -> n111;
n1 -> n11;
n -> n1;
}


Generation: 74
Best Individual:
Subpopulation 0:
Evaluated: true
Fitness: Standardized=0.19798224 Adjusted=0.83473694 Hits=2
Tree 0:
digraph g {
node [shape=rectangle];
n[label = "And"];
n0[label = "NearestInsertion"];
n -> n0;
n1[label = "If_Then"];
n10[label = "If_Then_Else"];
n100[label = "FarthestInsertion"];
n10 -> n100;
n101[label = "And"];
n1010[label = "NearestInsertion"];
n101 -> n1010;
n1011[label = "FarthestNeighbor"];
n101 -> n1011;
n10 -> n101;
n102[label = "FarthestNeighbor"];
n10 -> n102;
n1 -> n10;
n11[label = "If_Then"];
n110[label = "While"];
n1100[label = "NearestInsertion"];
n110 -> n1100;
n1101[label = "NearestInsertion"];
n110 -> n1101;
n11 -> n110;
n111[label = "While"];
n1110[label = "NearestInsertion"];
n111 -> n1110;
n1111[label = "NearestInsertion"];
n111 -> n1111;
n11 -> n111;
n1 -> n11;
n -> n1;
}


Generation: 75
Best Individual:
Subpopulation 0:
Evaluated: true
Fitness: Standardized=0.18382244 Adjusted=0.8447213 Hits=2
Tree 0:
digraph g {
node [shape=rectangle];
n[label = "Equal"];
n0[label = "FarthestFirstNode"];
n -> n0;
n1[label = "If_Then"];
n10[label = "If_Then_Else"];
n100[label = "FarthestInsertion"];
n10 -> n100;
n101[label = "And"];
n1010[label = "NearestInsertion"];
n101 -> n1010;
n1011[label = "FarthestNeighbor"];
n101 -> n1011;
n10 -> n101;
n102[label = "FarthestNeighbor"];
n10 -> n102;
n1 -> n10;
n11[label = "If_Then"];
n110[label = "While"];
n1100[label = "NearestInsertion"];
n110 -> n1100;
n1101[label = "NearestInsertion"];
n110 -> n1101;
n11 -> n110;
n111[label = "Equal"];
n1110[label = "FarthestNeighbor"];
n111 -> n1110;
n1111[label = "FarthestFirstNode"];
n111 -> n1111;
n11 -> n111;
n1 -> n11;
n -> n1;
}


Generation: 76
Best Individual:
Subpopulation 0:
Evaluated: true
Fitness: Standardized=0.18382244 Adjusted=0.8447213 Hits=2
Tree 0:
digraph g {
node [shape=rectangle];
n[label = "Equal"];
n0[label = "FarthestFirstNode"];
n -> n0;
n1[label = "If_Then"];
n10[label = "If_Then_Else"];
n100[label = "FarthestInsertion"];
n10 -> n100;
n101[label = "And"];
n1010[label = "NearestInsertion"];
n101 -> n1010;
n1011[label = "FarthestNeighbor"];
n101 -> n1011;
n10 -> n101;
n102[label = "FarthestNeighbor"];
n10 -> n102;
n1 -> n10;
n11[label = "If_Then"];
n110[label = "While"];
n1100[label = "NearestInsertion"];
n110 -> n1100;
n1101[label = "NearestInsertion"];
n110 -> n1101;
n11 -> n110;
n111[label = "Equal"];
n1110[label = "FarthestNeighbor"];
n111 -> n1110;
n1111[label = "FarthestFirstNode"];
n111 -> n1111;
n11 -> n111;
n1 -> n11;
n -> n1;
}


Generation: 77
Best Individual:
Subpopulation 0:
Evaluated: true
Fitness: Standardized=0.18382244 Adjusted=0.8447213 Hits=2
Tree 0:
digraph g {
node [shape=rectangle];
n[label = "Equal"];
n0[label = "FarthestFirstNode"];
n -> n0;
n1[label = "If_Then"];
n10[label = "If_Then_Else"];
n100[label = "FarthestInsertion"];
n10 -> n100;
n101[label = "And"];
n1010[label = "NearestInsertion"];
n101 -> n1010;
n1011[label = "FarthestNeighbor"];
n101 -> n1011;
n10 -> n101;
n102[label = "FarthestNeighbor"];
n10 -> n102;
n1 -> n10;
n11[label = "If_Then"];
n110[label = "While"];
n1100[label = "NearestInsertion"];
n110 -> n1100;
n1101[label = "NearestInsertion"];
n110 -> n1101;
n11 -> n110;
n111[label = "Equal"];
n1110[label = "FarthestNeighbor"];
n111 -> n1110;
n1111[label = "FarthestFirstNode"];
n111 -> n1111;
n11 -> n111;
n1 -> n11;
n -> n1;
}


Generation: 78
Best Individual:
Subpopulation 0:
Evaluated: true
Fitness: Standardized=0.18382244 Adjusted=0.8447213 Hits=2
Tree 0:
digraph g {
node [shape=rectangle];
n[label = "Equal"];
n0[label = "FarthestFirstNode"];
n -> n0;
n1[label = "If_Then"];
n10[label = "If_Then_Else"];
n100[label = "FarthestInsertion"];
n10 -> n100;
n101[label = "And"];
n1010[label = "NearestInsertion"];
n101 -> n1010;
n1011[label = "FarthestNeighbor"];
n101 -> n1011;
n10 -> n101;
n102[label = "And"];
n1020[label = "NearestInsertion"];
n102 -> n1020;
n1021[label = "FarthestNeighbor"];
n102 -> n1021;
n10 -> n102;
n1 -> n10;
n11[label = "If_Then"];
n110[label = "While"];
n1100[label = "NearestInsertion"];
n110 -> n1100;
n1101[label = "NearestInsertion"];
n110 -> n1101;
n11 -> n110;
n111[label = "Equal"];
n1110[label = "FarthestNeighbor"];
n111 -> n1110;
n1111[label = "FarthestFirstNode"];
n111 -> n1111;
n11 -> n111;
n1 -> n11;
n -> n1;
}


Generation: 79
Best Individual:
Subpopulation 0:
Evaluated: true
Fitness: Standardized=0.18382244 Adjusted=0.8447213 Hits=2
Tree 0:
digraph g {
node [shape=rectangle];
n[label = "Equal"];
n0[label = "FarthestFirstNode"];
n -> n0;
n1[label = "If_Then"];
n10[label = "If_Then_Else"];
n100[label = "FarthestInsertion"];
n10 -> n100;
n101[label = "And"];
n1010[label = "NearestInsertion"];
n101 -> n1010;
n1011[label = "FarthestNeighbor"];
n101 -> n1011;
n10 -> n101;
n102[label = "And"];
n1020[label = "NearestInsertion"];
n102 -> n1020;
n1021[label = "FarthestNeighbor"];
n102 -> n1021;
n10 -> n102;
n1 -> n10;
n11[label = "If_Then"];
n110[label = "While"];
n1100[label = "NearestInsertion"];
n110 -> n1100;
n1101[label = "NearestInsertion"];
n110 -> n1101;
n11 -> n110;
n111[label = "Equal"];
n1110[label = "FarthestNeighbor"];
n111 -> n1110;
n1111[label = "FarthestFirstNode"];
n111 -> n1111;
n11 -> n111;
n1 -> n11;
n -> n1;
}


Generation: 80
Best Individual:
Subpopulation 0:
Evaluated: true
Fitness: Standardized=0.18382244 Adjusted=0.8447213 Hits=2
Tree 0:
digraph g {
node [shape=rectangle];
n[label = "Equal"];
n0[label = "FarthestFirstNode"];
n -> n0;
n1[label = "If_Then"];
n10[label = "If_Then_Else"];
n100[label = "FarthestInsertion"];
n10 -> n100;
n101[label = "And"];
n1010[label = "NearestInsertion"];
n101 -> n1010;
n1011[label = "FarthestNeighbor"];
n101 -> n1011;
n10 -> n101;
n102[label = "FarthestNeighbor"];
n10 -> n102;
n1 -> n10;
n11[label = "Or"];
n110[label = "While"];
n1100[label = "NearestInsertion"];
n110 -> n1100;
n1101[label = "NearestInsertion"];
n110 -> n1101;
n11 -> n110;
n111[label = "Equal"];
n1110[label = "FarthestNeighbor"];
n111 -> n1110;
n1111[label = "FarthestFirstNode"];
n111 -> n1111;
n11 -> n111;
n1 -> n11;
n -> n1;
}


Generation: 81
Best Individual:
Subpopulation 0:
Evaluated: true
Fitness: Standardized=0.18382244 Adjusted=0.8447213 Hits=2
Tree 0:
digraph g {
node [shape=rectangle];
n[label = "Equal"];
n0[label = "FarthestFirstNode"];
n -> n0;
n1[label = "If_Then"];
n10[label = "If_Then_Else"];
n100[label = "FarthestInsertion"];
n10 -> n100;
n101[label = "And"];
n1010[label = "NearestInsertion"];
n101 -> n1010;
n1011[label = "FarthestNeighbor"];
n101 -> n1011;
n10 -> n101;
n102[label = "And"];
n1020[label = "NearestInsertion"];
n102 -> n1020;
n1021[label = "FarthestNeighbor"];
n102 -> n1021;
n10 -> n102;
n1 -> n10;
n11[label = "If_Then"];
n110[label = "While"];
n1100[label = "NearestInsertion"];
n110 -> n1100;
n1101[label = "NearestInsertion"];
n110 -> n1101;
n11 -> n110;
n111[label = "Equal"];
n1110[label = "FarthestNeighbor"];
n111 -> n1110;
n1111[label = "FarthestFirstNode"];
n111 -> n1111;
n11 -> n111;
n1 -> n11;
n -> n1;
}


Generation: 82
Best Individual:
Subpopulation 0:
Evaluated: true
Fitness: Standardized=0.18220858 Adjusted=0.8458744 Hits=2
Tree 0:
digraph g {
node [shape=rectangle];
n[label = "Equal"];
n0[label = "FarthestFirstNode"];
n -> n0;
n1[label = "If_Then"];
n10[label = "If_Then_Else"];
n100[label = "FarthestInsertion"];
n10 -> n100;
n101[label = "And"];
n1010[label = "NearestInsertion"];
n101 -> n1010;
n1011[label = "FarthestNeighbor"];
n101 -> n1011;
n10 -> n101;
n102[label = "And"];
n1020[label = "NearestInsertion"];
n102 -> n1020;
n1021[label = "FarthestNeighbor"];
n102 -> n1021;
n10 -> n102;
n1 -> n10;
n11[label = "If_Then"];
n110[label = "While"];
n1100[label = "NearestInsertion"];
n110 -> n1100;
n1101[label = "NearestInsertion"];
n110 -> n1101;
n11 -> n110;
n111[label = "Equal"];
n1110[label = "CplexTerminal"];
n111 -> n1110;
n1111[label = "FarthestFirstNode"];
n111 -> n1111;
n11 -> n111;
n1 -> n11;
n -> n1;
}


Generation: 83
Best Individual:
Subpopulation 0:
Evaluated: true
Fitness: Standardized=0.18220858 Adjusted=0.8458744 Hits=2
Tree 0:
digraph g {
node [shape=rectangle];
n[label = "Equal"];
n0[label = "FarthestFirstNode"];
n -> n0;
n1[label = "If_Then"];
n10[label = "If_Then_Else"];
n100[label = "FarthestInsertion"];
n10 -> n100;
n101[label = "And"];
n1010[label = "NearestInsertion"];
n101 -> n1010;
n1011[label = "FarthestNeighbor"];
n101 -> n1011;
n10 -> n101;
n102[label = "And"];
n1020[label = "NearestInsertion"];
n102 -> n1020;
n1021[label = "FarthestNeighbor"];
n102 -> n1021;
n10 -> n102;
n1 -> n10;
n11[label = "If_Then"];
n110[label = "While"];
n1100[label = "NearestInsertion"];
n110 -> n1100;
n1101[label = "NearestInsertion"];
n110 -> n1101;
n11 -> n110;
n111[label = "Equal"];
n1110[label = "CplexTerminal"];
n111 -> n1110;
n1111[label = "FarthestFirstNode"];
n111 -> n1111;
n11 -> n111;
n1 -> n11;
n -> n1;
}


Generation: 84
Best Individual:
Subpopulation 0:
Evaluated: true
Fitness: Standardized=0.18220858 Adjusted=0.8458744 Hits=2
Tree 0:
digraph g {
node [shape=rectangle];
n[label = "Equal"];
n0[label = "FarthestFirstNode"];
n -> n0;
n1[label = "If_Then"];
n10[label = "If_Then_Else"];
n100[label = "FarthestInsertion"];
n10 -> n100;
n101[label = "And"];
n1010[label = "NearestInsertion"];
n101 -> n1010;
n1011[label = "FarthestNeighbor"];
n101 -> n1011;
n10 -> n101;
n102[label = "NearestInsertion"];
n10 -> n102;
n1 -> n10;
n11[label = "If_Then"];
n110[label = "While"];
n1100[label = "NearestInsertion"];
n110 -> n1100;
n1101[label = "NearestInsertion"];
n110 -> n1101;
n11 -> n110;
n111[label = "Equal"];
n1110[label = "CplexTerminal"];
n111 -> n1110;
n1111[label = "FarthestFirstNode"];
n111 -> n1111;
n11 -> n111;
n1 -> n11;
n -> n1;
}


Generation: 85
Best Individual:
Subpopulation 0:
Evaluated: true
Fitness: Standardized=0.18220858 Adjusted=0.8458744 Hits=2
Tree 0:
digraph g {
node [shape=rectangle];
n[label = "Equal"];
n0[label = "FarthestFirstNode"];
n -> n0;
n1[label = "If_Then"];
n10[label = "If_Then_Else"];
n100[label = "FarthestInsertion"];
n10 -> n100;
n101[label = "And"];
n1010[label = "NearestInsertion"];
n101 -> n1010;
n1011[label = "FarthestNeighbor"];
n101 -> n1011;
n10 -> n101;
n102[label = "While"];
n1020[label = "NearestInsertion"];
n102 -> n1020;
n1021[label = "NearestInsertion"];
n102 -> n1021;
n10 -> n102;
n1 -> n10;
n11[label = "If_Then"];
n110[label = "While"];
n1100[label = "NearestInsertion"];
n110 -> n1100;
n1101[label = "NearestInsertion"];
n110 -> n1101;
n11 -> n110;
n111[label = "Equal"];
n1110[label = "CplexTerminal"];
n111 -> n1110;
n1111[label = "FarthestFirstNode"];
n111 -> n1111;
n11 -> n111;
n1 -> n11;
n -> n1;
}


Generation: 86
Best Individual:
Subpopulation 0:
Evaluated: true
Fitness: Standardized=0.18220858 Adjusted=0.8458744 Hits=2
Tree 0:
digraph g {
node [shape=rectangle];
n[label = "Equal"];
n0[label = "FarthestFirstNode"];
n -> n0;
n1[label = "If_Then"];
n10[label = "If_Then_Else"];
n100[label = "FarthestInsertion"];
n10 -> n100;
n101[label = "And"];
n1010[label = "NearestInsertion"];
n101 -> n1010;
n1011[label = "FarthestNeighbor"];
n101 -> n1011;
n10 -> n101;
n102[label = "NearestInsertion"];
n10 -> n102;
n1 -> n10;
n11[label = "If_Then"];
n110[label = "While"];
n1100[label = "NearestInsertion"];
n110 -> n1100;
n1101[label = "NearestInsertion"];
n110 -> n1101;
n11 -> n110;
n111[label = "Equal"];
n1110[label = "CplexTerminal"];
n111 -> n1110;
n1111[label = "FarthestFirstNode"];
n111 -> n1111;
n11 -> n111;
n1 -> n11;
n -> n1;
}


Generation: 87
Best Individual:
Subpopulation 0:
Evaluated: true
Fitness: Standardized=0.18220858 Adjusted=0.8458744 Hits=2
Tree 0:
digraph g {
node [shape=rectangle];
n[label = "Equal"];
n0[label = "FarthestFirstNode"];
n -> n0;
n1[label = "If_Then"];
n10[label = "If_Then_Else"];
n100[label = "FarthestInsertion"];
n10 -> n100;
n101[label = "And"];
n1010[label = "NearestInsertion"];
n101 -> n1010;
n1011[label = "FarthestNeighbor"];
n101 -> n1011;
n10 -> n101;
n102[label = "And"];
n1020[label = "NearestInsertion"];
n102 -> n1020;
n1021[label = "FarthestNeighbor"];
n102 -> n1021;
n10 -> n102;
n1 -> n10;
n11[label = "If_Then"];
n110[label = "While"];
n1100[label = "NearestInsertion"];
n110 -> n1100;
n1101[label = "NearestInsertion"];
n110 -> n1101;
n11 -> n110;
n111[label = "Equal"];
n1110[label = "CplexTerminal"];
n111 -> n1110;
n1111[label = "FarthestFirstNode"];
n111 -> n1111;
n11 -> n111;
n1 -> n11;
n -> n1;
}


Generation: 88
Best Individual:
Subpopulation 0:
Evaluated: true
Fitness: Standardized=0.18220858 Adjusted=0.8458744 Hits=2
Tree 0:
digraph g {
node [shape=rectangle];
n[label = "Equal"];
n0[label = "FarthestFirstNode"];
n -> n0;
n1[label = "If_Then"];
n10[label = "If_Then_Else"];
n100[label = "FarthestInsertion"];
n10 -> n100;
n101[label = "And"];
n1010[label = "NearestInsertion"];
n101 -> n1010;
n1011[label = "FarthestNeighbor"];
n101 -> n1011;
n10 -> n101;
n102[label = "NearestInsertion"];
n10 -> n102;
n1 -> n10;
n11[label = "If_Then"];
n110[label = "While"];
n1100[label = "NearestInsertion"];
n110 -> n1100;
n1101[label = "NearestInsertion"];
n110 -> n1101;
n11 -> n110;
n111[label = "Equal"];
n1110[label = "CplexTerminal"];
n111 -> n1110;
n1111[label = "FarthestFirstNode"];
n111 -> n1111;
n11 -> n111;
n1 -> n11;
n -> n1;
}


Generation: 89
Best Individual:
Subpopulation 0:
Evaluated: true
Fitness: Standardized=0.18220858 Adjusted=0.8458744 Hits=2
Tree 0:
digraph g {
node [shape=rectangle];
n[label = "Equal"];
n0[label = "FarthestFirstNode"];
n -> n0;
n1[label = "If_Then"];
n10[label = "If_Then_Else"];
n100[label = "FarthestInsertion"];
n10 -> n100;
n101[label = "And"];
n1010[label = "NearestInsertion"];
n101 -> n1010;
n1011[label = "FarthestNeighbor"];
n101 -> n1011;
n10 -> n101;
n102[label = "And"];
n1020[label = "NearestInsertion"];
n102 -> n1020;
n1021[label = "FarthestNeighbor"];
n102 -> n1021;
n10 -> n102;
n1 -> n10;
n11[label = "If_Then"];
n110[label = "While"];
n1100[label = "NearestInsertion"];
n110 -> n1100;
n1101[label = "NearestInsertion"];
n110 -> n1101;
n11 -> n110;
n111[label = "Equal"];
n1110[label = "CplexTerminal"];
n111 -> n1110;
n1111[label = "FarthestFirstNode"];
n111 -> n1111;
n11 -> n111;
n1 -> n11;
n -> n1;
}


Generation: 90
Best Individual:
Subpopulation 0:
Evaluated: true
Fitness: Standardized=0.18220858 Adjusted=0.8458744 Hits=2
Tree 0:
digraph g {
node [shape=rectangle];
n[label = "Equal"];
n0[label = "FarthestFirstNode"];
n -> n0;
n1[label = "If_Then"];
n10[label = "If_Then_Else"];
n100[label = "FarthestInsertion"];
n10 -> n100;
n101[label = "And"];
n1010[label = "NearestInsertion"];
n101 -> n1010;
n1011[label = "FarthestNeighbor"];
n101 -> n1011;
n10 -> n101;
n102[label = "NearestInsertion"];
n10 -> n102;
n1 -> n10;
n11[label = "If_Then"];
n110[label = "While"];
n1100[label = "NearestInsertion"];
n110 -> n1100;
n1101[label = "NearestInsertion"];
n110 -> n1101;
n11 -> n110;
n111[label = "Equal"];
n1110[label = "CplexTerminal"];
n111 -> n1110;
n1111[label = "FarthestFirstNode"];
n111 -> n1111;
n11 -> n111;
n1 -> n11;
n -> n1;
}


Generation: 91
Best Individual:
Subpopulation 0:
Evaluated: true
Fitness: Standardized=0.18220858 Adjusted=0.8458744 Hits=2
Tree 0:
digraph g {
node [shape=rectangle];
n[label = "Equal"];
n0[label = "FarthestFirstNode"];
n -> n0;
n1[label = "If_Then"];
n10[label = "If_Then_Else"];
n100[label = "FarthestInsertion"];
n10 -> n100;
n101[label = "And"];
n1010[label = "NearestInsertion"];
n101 -> n1010;
n1011[label = "FarthestNeighbor"];
n101 -> n1011;
n10 -> n101;
n102[label = "And"];
n1020[label = "NearestInsertion"];
n102 -> n1020;
n1021[label = "FarthestNeighbor"];
n102 -> n1021;
n10 -> n102;
n1 -> n10;
n11[label = "If_Then"];
n110[label = "While"];
n1100[label = "NearestInsertion"];
n110 -> n1100;
n1101[label = "NearestInsertion"];
n110 -> n1101;
n11 -> n110;
n111[label = "Equal"];
n1110[label = "CplexTerminal"];
n111 -> n1110;
n1111[label = "FarthestFirstNode"];
n111 -> n1111;
n11 -> n111;
n1 -> n11;
n -> n1;
}


Generation: 92
Best Individual:
Subpopulation 0:
Evaluated: true
Fitness: Standardized=0.18220858 Adjusted=0.8458744 Hits=2
Tree 0:
digraph g {
node [shape=rectangle];
n[label = "Equal"];
n0[label = "FarthestFirstNode"];
n -> n0;
n1[label = "If_Then"];
n10[label = "If_Then_Else"];
n100[label = "FarthestInsertion"];
n10 -> n100;
n101[label = "And"];
n1010[label = "NearestInsertion"];
n101 -> n1010;
n1011[label = "FarthestNeighbor"];
n101 -> n1011;
n10 -> n101;
n102[label = "And"];
n1020[label = "NearestInsertion"];
n102 -> n1020;
n1021[label = "FarthestNeighbor"];
n102 -> n1021;
n10 -> n102;
n1 -> n10;
n11[label = "If_Then"];
n110[label = "While"];
n1100[label = "NearestInsertion"];
n110 -> n1100;
n1101[label = "NearestInsertion"];
n110 -> n1101;
n11 -> n110;
n111[label = "Equal"];
n1110[label = "CplexTerminal"];
n111 -> n1110;
n1111[label = "FarthestFirstNode"];
n111 -> n1111;
n11 -> n111;
n1 -> n11;
n -> n1;
}


Generation: 93
Best Individual:
Subpopulation 0:
Evaluated: true
Fitness: Standardized=0.18220858 Adjusted=0.8458744 Hits=2
Tree 0:
digraph g {
node [shape=rectangle];
n[label = "Equal"];
n0[label = "FarthestNeighbor"];
n -> n0;
n1[label = "If_Then"];
n10[label = "If_Then_Else"];
n100[label = "FarthestInsertion"];
n10 -> n100;
n101[label = "And"];
n1010[label = "NearestInsertion"];
n101 -> n1010;
n1011[label = "FarthestNeighbor"];
n101 -> n1011;
n10 -> n101;
n102[label = "NearestInsertion"];
n10 -> n102;
n1 -> n10;
n11[label = "If_Then"];
n110[label = "While"];
n1100[label = "NearestInsertion"];
n110 -> n1100;
n1101[label = "NearestInsertion"];
n110 -> n1101;
n11 -> n110;
n111[label = "Equal"];
n1110[label = "CplexTerminal"];
n111 -> n1110;
n1111[label = "FarthestFirstNode"];
n111 -> n1111;
n11 -> n111;
n1 -> n11;
n -> n1;
}


Generation: 94
Best Individual:
Subpopulation 0:
Evaluated: true
Fitness: Standardized=0.18220858 Adjusted=0.8458744 Hits=2
Tree 0:
digraph g {
node [shape=rectangle];
n[label = "Equal"];
n0[label = "FarthestNeighbor"];
n -> n0;
n1[label = "If_Then"];
n10[label = "If_Then_Else"];
n100[label = "FarthestInsertion"];
n10 -> n100;
n101[label = "And"];
n1010[label = "NearestInsertion"];
n101 -> n1010;
n1011[label = "FarthestNeighbor"];
n101 -> n1011;
n10 -> n101;
n102[label = "NearestInsertion"];
n10 -> n102;
n1 -> n10;
n11[label = "If_Then"];
n110[label = "While"];
n1100[label = "NearestInsertion"];
n110 -> n1100;
n1101[label = "NearestInsertion"];
n110 -> n1101;
n11 -> n110;
n111[label = "Equal"];
n1110[label = "CplexTerminal"];
n111 -> n1110;
n1111[label = "FarthestFirstNode"];
n111 -> n1111;
n11 -> n111;
n1 -> n11;
n -> n1;
}


Generation: 95
Best Individual:
Subpopulation 0:
Evaluated: true
Fitness: Standardized=0.18220858 Adjusted=0.8458744 Hits=2
Tree 0:
digraph g {
node [shape=rectangle];
n[label = "Equal"];
n0[label = "FarthestFirstNode"];
n -> n0;
n1[label = "If_Then"];
n10[label = "If_Then_Else"];
n100[label = "FarthestInsertion"];
n10 -> n100;
n101[label = "And"];
n1010[label = "NearestInsertion"];
n101 -> n1010;
n1011[label = "FarthestNeighbor"];
n101 -> n1011;
n10 -> n101;
n102[label = "If_Then"];
n1020[label = "NearestInsertion"];
n102 -> n1020;
n1021[label = "FarthestNeighbor"];
n102 -> n1021;
n10 -> n102;
n1 -> n10;
n11[label = "If_Then"];
n110[label = "While"];
n1100[label = "NearestInsertion"];
n110 -> n1100;
n1101[label = "NearestInsertion"];
n110 -> n1101;
n11 -> n110;
n111[label = "Equal"];
n1110[label = "CplexTerminal"];
n111 -> n1110;
n1111[label = "FarthestFirstNode"];
n111 -> n1111;
n11 -> n111;
n1 -> n11;
n -> n1;
}


Generation: 96
Best Individual:
Subpopulation 0:
Evaluated: true
Fitness: Standardized=0.18220858 Adjusted=0.8458744 Hits=2
Tree 0:
digraph g {
node [shape=rectangle];
n[label = "Equal"];
n0[label = "FarthestFirstNode"];
n -> n0;
n1[label = "If_Then"];
n10[label = "If_Then_Else"];
n100[label = "FarthestInsertion"];
n10 -> n100;
n101[label = "And"];
n1010[label = "NearestInsertion"];
n101 -> n1010;
n1011[label = "FarthestNeighbor"];
n101 -> n1011;
n10 -> n101;
n102[label = "If_Then"];
n1020[label = "NearestInsertion"];
n102 -> n1020;
n1021[label = "FarthestNeighbor"];
n102 -> n1021;
n10 -> n102;
n1 -> n10;
n11[label = "If_Then"];
n110[label = "While"];
n1100[label = "NearestInsertion"];
n110 -> n1100;
n1101[label = "NearestInsertion"];
n110 -> n1101;
n11 -> n110;
n111[label = "Equal"];
n1110[label = "CplexTerminal"];
n111 -> n1110;
n1111[label = "FarthestFirstNode"];
n111 -> n1111;
n11 -> n111;
n1 -> n11;
n -> n1;
}


Generation: 97
Best Individual:
Subpopulation 0:
Evaluated: true
Fitness: Standardized=0.18220858 Adjusted=0.8458744 Hits=2
Tree 0:
digraph g {
node [shape=rectangle];
n[label = "Equal"];
n0[label = "FarthestFirstNode"];
n -> n0;
n1[label = "If_Then"];
n10[label = "If_Then_Else"];
n100[label = "FarthestInsertion"];
n10 -> n100;
n101[label = "And"];
n1010[label = "NearestInsertion"];
n101 -> n1010;
n1011[label = "FarthestNeighbor"];
n101 -> n1011;
n10 -> n101;
n102[label = "If_Then"];
n1020[label = "NearestInsertion"];
n102 -> n1020;
n1021[label = "FarthestNeighbor"];
n102 -> n1021;
n10 -> n102;
n1 -> n10;
n11[label = "If_Then"];
n110[label = "While"];
n1100[label = "NearestInsertion"];
n110 -> n1100;
n1101[label = "NearestInsertion"];
n110 -> n1101;
n11 -> n110;
n111[label = "Equal"];
n1110[label = "CplexTerminal"];
n111 -> n1110;
n1111[label = "FarthestFirstNode"];
n111 -> n1111;
n11 -> n111;
n1 -> n11;
n -> n1;
}


Generation: 98
Best Individual:
Subpopulation 0:
Evaluated: true
Fitness: Standardized=0.18220858 Adjusted=0.8458744 Hits=2
Tree 0:
digraph g {
node [shape=rectangle];
n[label = "Equal"];
n0[label = "FarthestFirstNode"];
n -> n0;
n1[label = "If_Then"];
n10[label = "If_Then_Else"];
n100[label = "FarthestInsertion"];
n10 -> n100;
n101[label = "And"];
n1010[label = "NearestInsertion"];
n101 -> n1010;
n1011[label = "FarthestNeighbor"];
n101 -> n1011;
n10 -> n101;
n102[label = "If_Then"];
n1020[label = "NearestInsertion"];
n102 -> n1020;
n1021[label = "FarthestNeighbor"];
n102 -> n1021;
n10 -> n102;
n1 -> n10;
n11[label = "If_Then"];
n110[label = "While"];
n1100[label = "NearestInsertion"];
n110 -> n1100;
n1101[label = "NearestInsertion"];
n110 -> n1101;
n11 -> n110;
n111[label = "Equal"];
n1110[label = "CplexTerminal"];
n111 -> n1110;
n1111[label = "FarthestFirstNode"];
n111 -> n1111;
n11 -> n111;
n1 -> n11;
n -> n1;
}


Generation: 99
Best Individual:
Subpopulation 0:
Evaluated: true
Fitness: Standardized=0.18220858 Adjusted=0.8458744 Hits=2
Tree 0:
digraph g {
node [shape=rectangle];
n[label = "Equal"];
n0[label = "FarthestNeighbor"];
n -> n0;
n1[label = "If_Then"];
n10[label = "If_Then_Else"];
n100[label = "FarthestInsertion"];
n10 -> n100;
n101[label = "And"];
n1010[label = "NearestInsertion"];
n101 -> n1010;
n1011[label = "FarthestNeighbor"];
n101 -> n1011;
n10 -> n101;
n102[label = "NearestInsertion"];
n10 -> n102;
n1 -> n10;
n11[label = "If_Then"];
n110[label = "While"];
n1100[label = "NearestInsertion"];
n110 -> n1100;
n1101[label = "NearestInsertion"];
n110 -> n1101;
n11 -> n110;
n111[label = "Equal"];
n1110[label = "CplexTerminal"];
n111 -> n1110;
n1111[label = "FarthestFirstNode"];
n111 -> n1111;
n11 -> n111;
n1 -> n11;
n -> n1;
}


Best Individual of Run:
Subpopulation 0:
Evaluated: true
Fitness: Standardized=0.18220858 Adjusted=0.8458744 Hits=2
Tree 0:
digraph g {
node [shape=rectangle];
n[label = "Equal"];
n0[label = "FarthestFirstNode"];
n -> n0;
n1[label = "If_Then"];
n10[label = "If_Then_Else"];
n100[label = "FarthestInsertion"];
n10 -> n100;
n101[label = "And"];
n1010[label = "NearestInsertion"];
n101 -> n1010;
n1011[label = "FarthestNeighbor"];
n101 -> n1011;
n10 -> n101;
n102[label = "And"];
n1020[label = "NearestInsertion"];
n102 -> n1020;
n1021[label = "FarthestNeighbor"];
n102 -> n1021;
n10 -> n102;
n1 -> n10;
n11[label = "If_Then"];
n110[label = "While"];
n1100[label = "NearestInsertion"];
n110 -> n1100;
n1101[label = "NearestInsertion"];
n110 -> n1101;
n11 -> n110;
n111[label = "Equal"];
n1110[label = "CplexTerminal"];
n111 -> n1110;
n1111[label = "FarthestFirstNode"];
n111 -> n1111;
n11 -> n111;
n1 -> n11;
n -> n1;
}

