
Generation: 0
Best Individual:
Subpopulation 0:
Evaluated: true
Fitness: Standardized=0.35641825 Adjusted=0.7372357 Hits=0
Tree 0:
digraph g {
node [shape=rectangle];
n[label = "And"];
n0[label = "If_Then"];
n00[label = "Equal"];
n000[label = "NearestNeighbor"];
n00 -> n000;
n001[label = "If_Then_Else"];
n0010[label = "FarthestInsertion"];
n001 -> n0010;
n0011[label = "WorstMove"];
n001 -> n0011;
n0012[label = "FarthestInsertion"];
n001 -> n0012;
n00 -> n001;
n0 -> n00;
n01[label = "And"];
n010[label = "If_Then_Else"];
n0100[label = "FarthestFirstNode"];
n010 -> n0100;
n0101[label = "FarthestNeighbor"];
n010 -> n0101;
n0102[label = "CplexTerminal"];
n010 -> n0102;
n01 -> n010;
n011[label = "FarthestNeighbor"];
n01 -> n011;
n0 -> n01;
n -> n0;
n1[label = "BestMove"];
n -> n1;
}


Generation: 1
Best Individual:
Subpopulation 0:
Evaluated: true
Fitness: Standardized=0.28440526 Adjusted=0.7785705 Hits=0
Tree 0:
digraph g {
node [shape=rectangle];
n[label = "If_Then"];
n0[label = "Equal"];
n00[label = "NearestNeighbor"];
n0 -> n00;
n01[label = "If_Then_Else"];
n010[label = "FarthestInsertion"];
n01 -> n010;
n011[label = "WorstMove"];
n01 -> n011;
n012[label = "FarthestInsertion"];
n01 -> n012;
n0 -> n01;
n -> n0;
n1[label = "And"];
n10[label = "If_Then_Else"];
n100[label = "FarthestFirstNode"];
n10 -> n100;
n101[label = "FarthestNeighbor"];
n10 -> n101;
n102[label = "CplexTerminal"];
n10 -> n102;
n1 -> n10;
n11[label = "FarthestNeighbor"];
n1 -> n11;
n -> n1;
}


Generation: 2
Best Individual:
Subpopulation 0:
Evaluated: true
Fitness: Standardized=0.28065833 Adjusted=0.7808484 Hits=0
Tree 0:
digraph g {
node [shape=rectangle];
n[label = "If_Then_Else"];
n0[label = "If_Then"];
n00[label = "Equal"];
n000[label = "NearestNeighbor"];
n00 -> n000;
n001[label = "If_Then_Else"];
n0010[label = "FarthestInsertion"];
n001 -> n0010;
n0011[label = "WorstMove"];
n001 -> n0011;
n0012[label = "FarthestInsertion"];
n001 -> n0012;
n00 -> n001;
n0 -> n00;
n01[label = "And"];
n010[label = "If_Then_Else"];
n0100[label = "FarthestFirstNode"];
n010 -> n0100;
n0101[label = "FarthestNeighbor"];
n010 -> n0101;
n0102[label = "CplexTerminal"];
n010 -> n0102;
n01 -> n010;
n011[label = "FarthestNeighbor"];
n01 -> n011;
n0 -> n01;
n -> n0;
n1[label = "And"];
n10[label = "BestMove"];
n1 -> n10;
n11[label = "FarthestNeighbor"];
n1 -> n11;
n -> n1;
n2[label = "Equal"];
n20[label = "FarthestInsertion"];
n2 -> n20;
n21[label = "FarthestInsertion"];
n2 -> n21;
n -> n2;
}


Generation: 3
Best Individual:
Subpopulation 0:
Evaluated: true
Fitness: Standardized=0.28065833 Adjusted=0.7808484 Hits=0
Tree 0:
digraph g {
node [shape=rectangle];
n[label = "If_Then_Else"];
n0[label = "If_Then"];
n00[label = "Equal"];
n000[label = "NearestNeighbor"];
n00 -> n000;
n001[label = "If_Then_Else"];
n0010[label = "FarthestInsertion"];
n001 -> n0010;
n0011[label = "WorstMove"];
n001 -> n0011;
n0012[label = "FarthestInsertion"];
n001 -> n0012;
n00 -> n001;
n0 -> n00;
n01[label = "And"];
n010[label = "If_Then_Else"];
n0100[label = "FarthestFirstNode"];
n010 -> n0100;
n0101[label = "FarthestNeighbor"];
n010 -> n0101;
n0102[label = "CplexTerminal"];
n010 -> n0102;
n01 -> n010;
n011[label = "FarthestNeighbor"];
n01 -> n011;
n0 -> n01;
n -> n0;
n1[label = "And"];
n10[label = "BestMove"];
n1 -> n10;
n11[label = "FarthestNeighbor"];
n1 -> n11;
n -> n1;
n2[label = "Equal"];
n20[label = "FarthestInsertion"];
n2 -> n20;
n21[label = "FarthestInsertion"];
n2 -> n21;
n -> n2;
}


Generation: 4
Best Individual:
Subpopulation 0:
Evaluated: true
Fitness: Standardized=0.28065833 Adjusted=0.7808484 Hits=0
Tree 0:
digraph g {
node [shape=rectangle];
n[label = "If_Then_Else"];
n0[label = "If_Then"];
n00[label = "Equal"];
n000[label = "NearestNeighbor"];
n00 -> n000;
n001[label = "If_Then_Else"];
n0010[label = "FarthestInsertion"];
n001 -> n0010;
n0011[label = "WorstMove"];
n001 -> n0011;
n0012[label = "FarthestInsertion"];
n001 -> n0012;
n00 -> n001;
n0 -> n00;
n01[label = "And"];
n010[label = "If_Then_Else"];
n0100[label = "FarthestFirstNode"];
n010 -> n0100;
n0101[label = "FarthestNeighbor"];
n010 -> n0101;
n0102[label = "CplexTerminal"];
n010 -> n0102;
n01 -> n010;
n011[label = "FarthestNeighbor"];
n01 -> n011;
n0 -> n01;
n -> n0;
n1[label = "And"];
n10[label = "BestMove"];
n1 -> n10;
n11[label = "FarthestNeighbor"];
n1 -> n11;
n -> n1;
n2[label = "Equal"];
n20[label = "FarthestInsertion"];
n2 -> n20;
n21[label = "FarthestInsertion"];
n2 -> n21;
n -> n2;
}


Generation: 5
Best Individual:
Subpopulation 0:
Evaluated: true
Fitness: Standardized=0.28065833 Adjusted=0.7808484 Hits=0
Tree 0:
digraph g {
node [shape=rectangle];
n[label = "If_Then_Else"];
n0[label = "If_Then"];
n00[label = "Equal"];
n000[label = "NearestNeighbor"];
n00 -> n000;
n001[label = "If_Then_Else"];
n0010[label = "FarthestInsertion"];
n001 -> n0010;
n0011[label = "WorstMove"];
n001 -> n0011;
n0012[label = "FarthestInsertion"];
n001 -> n0012;
n00 -> n001;
n0 -> n00;
n01[label = "And"];
n010[label = "If_Then_Else"];
n0100[label = "FarthestFirstNode"];
n010 -> n0100;
n0101[label = "FarthestNeighbor"];
n010 -> n0101;
n0102[label = "CplexTerminal"];
n010 -> n0102;
n01 -> n010;
n011[label = "FarthestNeighbor"];
n01 -> n011;
n0 -> n01;
n -> n0;
n1[label = "And"];
n10[label = "BestMove"];
n1 -> n10;
n11[label = "FarthestNeighbor"];
n1 -> n11;
n -> n1;
n2[label = "And"];
n20[label = "If_Then_Else"];
n200[label = "FarthestFirstNode"];
n20 -> n200;
n201[label = "FarthestNeighbor"];
n20 -> n201;
n202[label = "CplexTerminal"];
n20 -> n202;
n2 -> n20;
n21[label = "FarthestNeighbor"];
n2 -> n21;
n -> n2;
}


Generation: 6
Best Individual:
Subpopulation 0:
Evaluated: true
Fitness: Standardized=0.28065833 Adjusted=0.7808484 Hits=0
Tree 0:
digraph g {
node [shape=rectangle];
n[label = "If_Then_Else"];
n0[label = "If_Then"];
n00[label = "Equal"];
n000[label = "NearestNeighbor"];
n00 -> n000;
n001[label = "If_Then_Else"];
n0010[label = "FarthestInsertion"];
n001 -> n0010;
n0011[label = "WorstMove"];
n001 -> n0011;
n0012[label = "FarthestInsertion"];
n001 -> n0012;
n00 -> n001;
n0 -> n00;
n01[label = "And"];
n010[label = "If_Then_Else"];
n0100[label = "FarthestFirstNode"];
n010 -> n0100;
n0101[label = "FarthestNeighbor"];
n010 -> n0101;
n0102[label = "CplexTerminal"];
n010 -> n0102;
n01 -> n010;
n011[label = "FarthestNeighbor"];
n01 -> n011;
n0 -> n01;
n -> n0;
n1[label = "And"];
n10[label = "BestMove"];
n1 -> n10;
n11[label = "FarthestNeighbor"];
n1 -> n11;
n -> n1;
n2[label = "Equal"];
n20[label = "If_Then_Else"];
n200[label = "FarthestFirstNode"];
n20 -> n200;
n201[label = "FarthestNeighbor"];
n20 -> n201;
n202[label = "CplexTerminal"];
n20 -> n202;
n2 -> n20;
n21[label = "FarthestInsertion"];
n2 -> n21;
n -> n2;
}


Generation: 7
Best Individual:
Subpopulation 0:
Evaluated: true
Fitness: Standardized=0.28065833 Adjusted=0.7808484 Hits=0
Tree 0:
digraph g {
node [shape=rectangle];
n[label = "If_Then_Else"];
n0[label = "If_Then"];
n00[label = "Equal"];
n000[label = "NearestNeighbor"];
n00 -> n000;
n001[label = "If_Then_Else"];
n0010[label = "FarthestInsertion"];
n001 -> n0010;
n0011[label = "WorstMove"];
n001 -> n0011;
n0012[label = "FarthestInsertion"];
n001 -> n0012;
n00 -> n001;
n0 -> n00;
n01[label = "And"];
n010[label = "If_Then_Else"];
n0100[label = "FarthestFirstNode"];
n010 -> n0100;
n0101[label = "FarthestNeighbor"];
n010 -> n0101;
n0102[label = "CplexTerminal"];
n010 -> n0102;
n01 -> n010;
n011[label = "FarthestNeighbor"];
n01 -> n011;
n0 -> n01;
n -> n0;
n1[label = "And"];
n10[label = "BestMove"];
n1 -> n10;
n11[label = "FarthestNeighbor"];
n1 -> n11;
n -> n1;
n2[label = "Equal"];
n20[label = "FarthestInsertion"];
n2 -> n20;
n21[label = "FarthestInsertion"];
n2 -> n21;
n -> n2;
}


Generation: 8
Best Individual:
Subpopulation 0:
Evaluated: true
Fitness: Standardized=0.28065833 Adjusted=0.7808484 Hits=0
Tree 0:
digraph g {
node [shape=rectangle];
n[label = "If_Then_Else"];
n0[label = "If_Then"];
n00[label = "Equal"];
n000[label = "NearestNeighbor"];
n00 -> n000;
n001[label = "FarthestInsertion"];
n00 -> n001;
n0 -> n00;
n01[label = "And"];
n010[label = "If_Then_Else"];
n0100[label = "FarthestFirstNode"];
n010 -> n0100;
n0101[label = "FarthestNeighbor"];
n010 -> n0101;
n0102[label = "CplexTerminal"];
n010 -> n0102;
n01 -> n010;
n011[label = "FarthestNeighbor"];
n01 -> n011;
n0 -> n01;
n -> n0;
n1[label = "And"];
n10[label = "BestMove"];
n1 -> n10;
n11[label = "FarthestNeighbor"];
n1 -> n11;
n -> n1;
n2[label = "Equal"];
n20[label = "FarthestInsertion"];
n2 -> n20;
n21[label = "And"];
n210[label = "If_Then_Else"];
n2100[label = "FarthestFirstNode"];
n210 -> n2100;
n2101[label = "FarthestNeighbor"];
n210 -> n2101;
n2102[label = "CplexTerminal"];
n210 -> n2102;
n21 -> n210;
n211[label = "FarthestNeighbor"];
n21 -> n211;
n2 -> n21;
n -> n2;
}


Generation: 9
Best Individual:
Subpopulation 0:
Evaluated: true
Fitness: Standardized=0.27883905 Adjusted=0.7819592 Hits=0
Tree 0:
digraph g {
node [shape=rectangle];
n[label = "If_Then_Else"];
n0[label = "If_Then"];
n00[label = "Equal"];
n000[label = "NearestNeighbor"];
n00 -> n000;
n001[label = "If_Then_Else"];
n0010[label = "FarthestInsertion"];
n001 -> n0010;
n0011[label = "WorstMove"];
n001 -> n0011;
n0012[label = "FarthestInsertion"];
n001 -> n0012;
n00 -> n001;
n0 -> n00;
n01[label = "And"];
n010[label = "If_Then_Else"];
n0100[label = "FarthestFirstNode"];
n010 -> n0100;
n0101[label = "FarthestNeighbor"];
n010 -> n0101;
n0102[label = "CplexTerminal"];
n010 -> n0102;
n01 -> n010;
n011[label = "FarthestNeighbor"];
n01 -> n011;
n0 -> n01;
n -> n0;
n1[label = "NearestNeighbor"];
n -> n1;
n2[label = "And"];
n20[label = "If_Then_Else"];
n200[label = "FarthestFirstNode"];
n20 -> n200;
n201[label = "FarthestFirstNode"];
n20 -> n201;
n202[label = "CplexTerminal"];
n20 -> n202;
n2 -> n20;
n21[label = "FarthestNeighbor"];
n2 -> n21;
n -> n2;
}


Generation: 10
Best Individual:
Subpopulation 0:
Evaluated: true
Fitness: Standardized=0.27883905 Adjusted=0.7819592 Hits=0
Tree 0:
digraph g {
node [shape=rectangle];
n[label = "If_Then_Else"];
n0[label = "If_Then"];
n00[label = "Equal"];
n000[label = "NearestNeighbor"];
n00 -> n000;
n001[label = "If_Then_Else"];
n0010[label = "FarthestInsertion"];
n001 -> n0010;
n0011[label = "WorstMove"];
n001 -> n0011;
n0012[label = "FarthestInsertion"];
n001 -> n0012;
n00 -> n001;
n0 -> n00;
n01[label = "And"];
n010[label = "If_Then_Else"];
n0100[label = "FarthestFirstNode"];
n010 -> n0100;
n0101[label = "FarthestNeighbor"];
n010 -> n0101;
n0102[label = "CplexTerminal"];
n010 -> n0102;
n01 -> n010;
n011[label = "FarthestNeighbor"];
n01 -> n011;
n0 -> n01;
n -> n0;
n1[label = "NearestNeighbor"];
n -> n1;
n2[label = "And"];
n20[label = "If_Then_Else"];
n200[label = "FarthestFirstNode"];
n20 -> n200;
n201[label = "FarthestFirstNode"];
n20 -> n201;
n202[label = "CplexTerminal"];
n20 -> n202;
n2 -> n20;
n21[label = "FarthestNeighbor"];
n2 -> n21;
n -> n2;
}


Generation: 11
Best Individual:
Subpopulation 0:
Evaluated: true
Fitness: Standardized=0.27883905 Adjusted=0.7819592 Hits=0
Tree 0:
digraph g {
node [shape=rectangle];
n[label = "If_Then_Else"];
n0[label = "If_Then"];
n00[label = "Equal"];
n000[label = "NearestNeighbor"];
n00 -> n000;
n001[label = "If_Then_Else"];
n0010[label = "FarthestInsertion"];
n001 -> n0010;
n0011[label = "WorstMove"];
n001 -> n0011;
n0012[label = "FarthestInsertion"];
n001 -> n0012;
n00 -> n001;
n0 -> n00;
n01[label = "And"];
n010[label = "If_Then_Else"];
n0100[label = "FarthestFirstNode"];
n010 -> n0100;
n0101[label = "FarthestNeighbor"];
n010 -> n0101;
n0102[label = "CplexTerminal"];
n010 -> n0102;
n01 -> n010;
n011[label = "FarthestNeighbor"];
n01 -> n011;
n0 -> n01;
n -> n0;
n1[label = "NearestNeighbor"];
n -> n1;
n2[label = "WorstMove"];
n -> n2;
}


Generation: 12
Best Individual:
Subpopulation 0:
Evaluated: true
Fitness: Standardized=0.27883905 Adjusted=0.7819592 Hits=0
Tree 0:
digraph g {
node [shape=rectangle];
n[label = "If_Then_Else"];
n0[label = "If_Then"];
n00[label = "Equal"];
n000[label = "NearestNeighbor"];
n00 -> n000;
n001[label = "If_Then_Else"];
n0010[label = "FarthestInsertion"];
n001 -> n0010;
n0011[label = "WorstMove"];
n001 -> n0011;
n0012[label = "FarthestInsertion"];
n001 -> n0012;
n00 -> n001;
n0 -> n00;
n01[label = "And"];
n010[label = "If_Then_Else"];
n0100[label = "FarthestFirstNode"];
n010 -> n0100;
n0101[label = "FarthestNeighbor"];
n010 -> n0101;
n0102[label = "CplexTerminal"];
n010 -> n0102;
n01 -> n010;
n011[label = "FarthestNeighbor"];
n01 -> n011;
n0 -> n01;
n -> n0;
n1[label = "NearestNeighbor"];
n -> n1;
n2[label = "WorstMove"];
n -> n2;
}


Generation: 13
Best Individual:
Subpopulation 0:
Evaluated: true
Fitness: Standardized=0.27883905 Adjusted=0.7819592 Hits=0
Tree 0:
digraph g {
node [shape=rectangle];
n[label = "If_Then_Else"];
n0[label = "If_Then"];
n00[label = "Equal"];
n000[label = "NearestNeighbor"];
n00 -> n000;
n001[label = "If_Then_Else"];
n0010[label = "FarthestInsertion"];
n001 -> n0010;
n0011[label = "WorstMove"];
n001 -> n0011;
n0012[label = "FarthestInsertion"];
n001 -> n0012;
n00 -> n001;
n0 -> n00;
n01[label = "And"];
n010[label = "If_Then_Else"];
n0100[label = "FarthestFirstNode"];
n010 -> n0100;
n0101[label = "FarthestNeighbor"];
n010 -> n0101;
n0102[label = "NearestFirstNode"];
n010 -> n0102;
n01 -> n010;
n011[label = "FarthestNeighbor"];
n01 -> n011;
n0 -> n01;
n -> n0;
n1[label = "NearestNeighbor"];
n -> n1;
n2[label = "And"];
n20[label = "If_Then_Else"];
n200[label = "FarthestFirstNode"];
n20 -> n200;
n201[label = "FarthestFirstNode"];
n20 -> n201;
n202[label = "CplexTerminal"];
n20 -> n202;
n2 -> n20;
n21[label = "FarthestNeighbor"];
n2 -> n21;
n -> n2;
}


Generation: 14
Best Individual:
Subpopulation 0:
Evaluated: true
Fitness: Standardized=0.27883905 Adjusted=0.7819592 Hits=0
Tree 0:
digraph g {
node [shape=rectangle];
n[label = "If_Then_Else"];
n0[label = "If_Then"];
n00[label = "Equal"];
n000[label = "NearestNeighbor"];
n00 -> n000;
n001[label = "If_Then_Else"];
n0010[label = "FarthestInsertion"];
n001 -> n0010;
n0011[label = "WorstMove"];
n001 -> n0011;
n0012[label = "FarthestInsertion"];
n001 -> n0012;
n00 -> n001;
n0 -> n00;
n01[label = "And"];
n010[label = "If_Then_Else"];
n0100[label = "FarthestFirstNode"];
n010 -> n0100;
n0101[label = "FarthestNeighbor"];
n010 -> n0101;
n0102[label = "NearestFirstNode"];
n010 -> n0102;
n01 -> n010;
n011[label = "FarthestNeighbor"];
n01 -> n011;
n0 -> n01;
n -> n0;
n1[label = "NearestNeighbor"];
n -> n1;
n2[label = "If_Then"];
n20[label = "If_Then_Else"];
n200[label = "FarthestFirstNode"];
n20 -> n200;
n201[label = "FarthestFirstNode"];
n20 -> n201;
n202[label = "CplexTerminal"];
n20 -> n202;
n2 -> n20;
n21[label = "FarthestNeighbor"];
n2 -> n21;
n -> n2;
}


Generation: 15
Best Individual:
Subpopulation 0:
Evaluated: true
Fitness: Standardized=0.27883905 Adjusted=0.7819592 Hits=0
Tree 0:
digraph g {
node [shape=rectangle];
n[label = "If_Then_Else"];
n0[label = "If_Then"];
n00[label = "Equal"];
n000[label = "NearestNeighbor"];
n00 -> n000;
n001[label = "FarthestInsertion"];
n00 -> n001;
n0 -> n00;
n01[label = "And"];
n010[label = "If_Then_Else"];
n0100[label = "FarthestFirstNode"];
n010 -> n0100;
n0101[label = "FarthestNeighbor"];
n010 -> n0101;
n0102[label = "CplexTerminal"];
n010 -> n0102;
n01 -> n010;
n011[label = "FarthestNeighbor"];
n01 -> n011;
n0 -> n01;
n -> n0;
n1[label = "NearestNeighbor"];
n -> n1;
n2[label = "WorstMove"];
n -> n2;
}


Generation: 16
Best Individual:
Subpopulation 0:
Evaluated: true
Fitness: Standardized=0.27883905 Adjusted=0.7819592 Hits=0
Tree 0:
digraph g {
node [shape=rectangle];
n[label = "If_Then_Else"];
n0[label = "If_Then"];
n00[label = "Equal"];
n000[label = "NearestNeighbor"];
n00 -> n000;
n001[label = "If_Then_Else"];
n0010[label = "FarthestInsertion"];
n001 -> n0010;
n0011[label = "WorstMove"];
n001 -> n0011;
n0012[label = "FarthestInsertion"];
n001 -> n0012;
n00 -> n001;
n0 -> n00;
n01[label = "And"];
n010[label = "If_Then_Else"];
n0100[label = "FarthestFirstNode"];
n010 -> n0100;
n0101[label = "FarthestNeighbor"];
n010 -> n0101;
n0102[label = "NearestFirstNode"];
n010 -> n0102;
n01 -> n010;
n011[label = "FarthestNeighbor"];
n01 -> n011;
n0 -> n01;
n -> n0;
n1[label = "NearestNeighbor"];
n -> n1;
n2[label = "FarthestInsertion"];
n -> n2;
}


Generation: 17
Best Individual:
Subpopulation 0:
Evaluated: true
Fitness: Standardized=0.27883905 Adjusted=0.7819592 Hits=0
Tree 0:
digraph g {
node [shape=rectangle];
n[label = "If_Then_Else"];
n0[label = "If_Then"];
n00[label = "Equal"];
n000[label = "NearestNeighbor"];
n00 -> n000;
n001[label = "If_Then_Else"];
n0010[label = "FarthestInsertion"];
n001 -> n0010;
n0011[label = "WorstMove"];
n001 -> n0011;
n0012[label = "FarthestInsertion"];
n001 -> n0012;
n00 -> n001;
n0 -> n00;
n01[label = "And"];
n010[label = "If_Then_Else"];
n0100[label = "FarthestFirstNode"];
n010 -> n0100;
n0101[label = "FarthestNeighbor"];
n010 -> n0101;
n0102[label = "CplexTerminal"];
n010 -> n0102;
n01 -> n010;
n011[label = "FarthestNeighbor"];
n01 -> n011;
n0 -> n01;
n -> n0;
n1[label = "NearestNeighbor"];
n -> n1;
n2[label = "FarthestInsertion"];
n -> n2;
}


Generation: 18
Best Individual:
Subpopulation 0:
Evaluated: true
Fitness: Standardized=0.27883905 Adjusted=0.7819592 Hits=0
Tree 0:
digraph g {
node [shape=rectangle];
n[label = "If_Then_Else"];
n0[label = "If_Then"];
n00[label = "Equal"];
n000[label = "NearestNeighbor"];
n00 -> n000;
n001[label = "If_Then_Else"];
n0010[label = "FarthestInsertion"];
n001 -> n0010;
n0011[label = "WorstMove"];
n001 -> n0011;
n0012[label = "FarthestInsertion"];
n001 -> n0012;
n00 -> n001;
n0 -> n00;
n01[label = "And"];
n010[label = "If_Then_Else"];
n0100[label = "FarthestFirstNode"];
n010 -> n0100;
n0101[label = "FarthestNeighbor"];
n010 -> n0101;
n0102[label = "CplexTerminal"];
n010 -> n0102;
n01 -> n010;
n011[label = "FarthestNeighbor"];
n01 -> n011;
n0 -> n01;
n -> n0;
n1[label = "NearestNeighbor"];
n -> n1;
n2[label = "FarthestInsertion"];
n -> n2;
}


Generation: 19
Best Individual:
Subpopulation 0:
Evaluated: true
Fitness: Standardized=0.27883905 Adjusted=0.7819592 Hits=0
Tree 0:
digraph g {
node [shape=rectangle];
n[label = "If_Then_Else"];
n0[label = "If_Then"];
n00[label = "Equal"];
n000[label = "NearestNeighbor"];
n00 -> n000;
n001[label = "If_Then_Else"];
n0010[label = "FarthestInsertion"];
n001 -> n0010;
n0011[label = "WorstMove"];
n001 -> n0011;
n0012[label = "FarthestInsertion"];
n001 -> n0012;
n00 -> n001;
n0 -> n00;
n01[label = "And"];
n010[label = "If_Then_Else"];
n0100[label = "FarthestFirstNode"];
n010 -> n0100;
n0101[label = "FarthestNeighbor"];
n010 -> n0101;
n0102[label = "CplexTerminal"];
n010 -> n0102;
n01 -> n010;
n011[label = "FarthestNeighbor"];
n01 -> n011;
n0 -> n01;
n -> n0;
n1[label = "NearestNeighbor"];
n -> n1;
n2[label = "FarthestInsertion"];
n -> n2;
}


Generation: 20
Best Individual:
Subpopulation 0:
Evaluated: true
Fitness: Standardized=0.27883905 Adjusted=0.7819592 Hits=0
Tree 0:
digraph g {
node [shape=rectangle];
n[label = "If_Then_Else"];
n0[label = "If_Then"];
n00[label = "Equal"];
n000[label = "NearestNeighbor"];
n00 -> n000;
n001[label = "If_Then_Else"];
n0010[label = "FarthestInsertion"];
n001 -> n0010;
n0011[label = "WorstMove"];
n001 -> n0011;
n0012[label = "FarthestInsertion"];
n001 -> n0012;
n00 -> n001;
n0 -> n00;
n01[label = "And"];
n010[label = "If_Then_Else"];
n0100[label = "FarthestFirstNode"];
n010 -> n0100;
n0101[label = "FarthestNeighbor"];
n010 -> n0101;
n0102[label = "NearestFirstNode"];
n010 -> n0102;
n01 -> n010;
n011[label = "FarthestNeighbor"];
n01 -> n011;
n0 -> n01;
n -> n0;
n1[label = "NearestNeighbor"];
n -> n1;
n2[label = "FarthestInsertion"];
n -> n2;
}


Generation: 21
Best Individual:
Subpopulation 0:
Evaluated: true
Fitness: Standardized=0.27883905 Adjusted=0.7819592 Hits=0
Tree 0:
digraph g {
node [shape=rectangle];
n[label = "If_Then_Else"];
n0[label = "If_Then"];
n00[label = "Equal"];
n000[label = "NearestNeighbor"];
n00 -> n000;
n001[label = "If_Then_Else"];
n0010[label = "FarthestInsertion"];
n001 -> n0010;
n0011[label = "WorstMove"];
n001 -> n0011;
n0012[label = "FarthestInsertion"];
n001 -> n0012;
n00 -> n001;
n0 -> n00;
n01[label = "And"];
n010[label = "If_Then_Else"];
n0100[label = "FarthestFirstNode"];
n010 -> n0100;
n0101[label = "FarthestNeighbor"];
n010 -> n0101;
n0102[label = "CplexTerminal"];
n010 -> n0102;
n01 -> n010;
n011[label = "FarthestNeighbor"];
n01 -> n011;
n0 -> n01;
n -> n0;
n1[label = "NearestNeighbor"];
n -> n1;
n2[label = "FarthestInsertion"];
n -> n2;
}


Generation: 22
Best Individual:
Subpopulation 0:
Evaluated: true
Fitness: Standardized=0.27883905 Adjusted=0.7819592 Hits=0
Tree 0:
digraph g {
node [shape=rectangle];
n[label = "If_Then_Else"];
n0[label = "If_Then"];
n00[label = "Equal"];
n000[label = "NearestNeighbor"];
n00 -> n000;
n001[label = "If_Then_Else"];
n0010[label = "FarthestInsertion"];
n001 -> n0010;
n0011[label = "WorstMove"];
n001 -> n0011;
n0012[label = "FarthestInsertion"];
n001 -> n0012;
n00 -> n001;
n0 -> n00;
n01[label = "And"];
n010[label = "If_Then_Else"];
n0100[label = "FarthestFirstNode"];
n010 -> n0100;
n0101[label = "FarthestNeighbor"];
n010 -> n0101;
n0102[label = "NearestFirstNode"];
n010 -> n0102;
n01 -> n010;
n011[label = "FarthestNeighbor"];
n01 -> n011;
n0 -> n01;
n -> n0;
n1[label = "NearestNeighbor"];
n -> n1;
n2[label = "FarthestInsertion"];
n -> n2;
}


Generation: 23
Best Individual:
Subpopulation 0:
Evaluated: true
Fitness: Standardized=0.27883905 Adjusted=0.7819592 Hits=0
Tree 0:
digraph g {
node [shape=rectangle];
n[label = "If_Then_Else"];
n0[label = "If_Then"];
n00[label = "Equal"];
n000[label = "NearestNeighbor"];
n00 -> n000;
n001[label = "If_Then_Else"];
n0010[label = "FarthestInsertion"];
n001 -> n0010;
n0011[label = "WorstMove"];
n001 -> n0011;
n0012[label = "FarthestInsertion"];
n001 -> n0012;
n00 -> n001;
n0 -> n00;
n01[label = "And"];
n010[label = "If_Then_Else"];
n0100[label = "FarthestFirstNode"];
n010 -> n0100;
n0101[label = "FarthestNeighbor"];
n010 -> n0101;
n0102[label = "NearestFirstNode"];
n010 -> n0102;
n01 -> n010;
n011[label = "FarthestNeighbor"];
n01 -> n011;
n0 -> n01;
n -> n0;
n1[label = "NearestNeighbor"];
n -> n1;
n2[label = "If_Then_Else"];
n20[label = "FarthestFirstNode"];
n2 -> n20;
n21[label = "FarthestNeighbor"];
n2 -> n21;
n22[label = "NearestFirstNode"];
n2 -> n22;
n -> n2;
}


Generation: 24
Best Individual:
Subpopulation 0:
Evaluated: true
Fitness: Standardized=0.27883905 Adjusted=0.7819592 Hits=0
Tree 0:
digraph g {
node [shape=rectangle];
n[label = "If_Then_Else"];
n0[label = "If_Then"];
n00[label = "Equal"];
n000[label = "NearestNeighbor"];
n00 -> n000;
n001[label = "If_Then_Else"];
n0010[label = "FarthestInsertion"];
n001 -> n0010;
n0011[label = "WorstMove"];
n001 -> n0011;
n0012[label = "FarthestInsertion"];
n001 -> n0012;
n00 -> n001;
n0 -> n00;
n01[label = "And"];
n010[label = "If_Then_Else"];
n0100[label = "FarthestFirstNode"];
n010 -> n0100;
n0101[label = "FarthestNeighbor"];
n010 -> n0101;
n0102[label = "NearestFirstNode"];
n010 -> n0102;
n01 -> n010;
n011[label = "FarthestNeighbor"];
n01 -> n011;
n0 -> n01;
n -> n0;
n1[label = "NearestNeighbor"];
n -> n1;
n2[label = "If_Then_Else"];
n20[label = "FarthestInsertion"];
n2 -> n20;
n21[label = "WorstMove"];
n2 -> n21;
n22[label = "FarthestInsertion"];
n2 -> n22;
n -> n2;
}


Generation: 25
Best Individual:
Subpopulation 0:
Evaluated: true
Fitness: Standardized=0.27883905 Adjusted=0.7819592 Hits=0
Tree 0:
digraph g {
node [shape=rectangle];
n[label = "If_Then_Else"];
n0[label = "If_Then"];
n00[label = "Equal"];
n000[label = "NearestNeighbor"];
n00 -> n000;
n001[label = "FarthestFirstNode"];
n00 -> n001;
n0 -> n00;
n01[label = "And"];
n010[label = "If_Then_Else"];
n0100[label = "FarthestFirstNode"];
n010 -> n0100;
n0101[label = "FarthestNeighbor"];
n010 -> n0101;
n0102[label = "NearestFirstNode"];
n010 -> n0102;
n01 -> n010;
n011[label = "FarthestNeighbor"];
n01 -> n011;
n0 -> n01;
n -> n0;
n1[label = "NearestNeighbor"];
n -> n1;
n2[label = "FarthestInsertion"];
n -> n2;
}


Generation: 26
Best Individual:
Subpopulation 0:
Evaluated: true
Fitness: Standardized=0.27883905 Adjusted=0.7819592 Hits=0
Tree 0:
digraph g {
node [shape=rectangle];
n[label = "If_Then_Else"];
n0[label = "If_Then"];
n00[label = "Equal"];
n000[label = "NearestNeighbor"];
n00 -> n000;
n001[label = "FarthestFirstNode"];
n00 -> n001;
n0 -> n00;
n01[label = "And"];
n010[label = "If_Then_Else"];
n0100[label = "FarthestFirstNode"];
n010 -> n0100;
n0101[label = "FarthestNeighbor"];
n010 -> n0101;
n0102[label = "NearestFirstNode"];
n010 -> n0102;
n01 -> n010;
n011[label = "FarthestNeighbor"];
n01 -> n011;
n0 -> n01;
n -> n0;
n1[label = "NearestNeighbor"];
n -> n1;
n2[label = "FarthestInsertion"];
n -> n2;
}


Generation: 27
Best Individual:
Subpopulation 0:
Evaluated: true
Fitness: Standardized=0.27883905 Adjusted=0.7819592 Hits=0
Tree 0:
digraph g {
node [shape=rectangle];
n[label = "If_Then_Else"];
n0[label = "If_Then"];
n00[label = "Equal"];
n000[label = "NearestNeighbor"];
n00 -> n000;
n001[label = "FarthestFirstNode"];
n00 -> n001;
n0 -> n00;
n01[label = "And"];
n010[label = "If_Then_Else"];
n0100[label = "FarthestFirstNode"];
n010 -> n0100;
n0101[label = "FarthestNeighbor"];
n010 -> n0101;
n0102[label = "NearestFirstNode"];
n010 -> n0102;
n01 -> n010;
n011[label = "FarthestNeighbor"];
n01 -> n011;
n0 -> n01;
n -> n0;
n1[label = "NearestNeighbor"];
n -> n1;
n2[label = "FarthestInsertion"];
n -> n2;
}


Generation: 28
Best Individual:
Subpopulation 0:
Evaluated: true
Fitness: Standardized=0.27883905 Adjusted=0.7819592 Hits=0
Tree 0:
digraph g {
node [shape=rectangle];
n[label = "If_Then_Else"];
n0[label = "If_Then"];
n00[label = "Equal"];
n000[label = "NearestNeighbor"];
n00 -> n000;
n001[label = "If_Then_Else"];
n0010[label = "FarthestInsertion"];
n001 -> n0010;
n0011[label = "WorstMove"];
n001 -> n0011;
n0012[label = "FarthestInsertion"];
n001 -> n0012;
n00 -> n001;
n0 -> n00;
n01[label = "And"];
n010[label = "If_Then_Else"];
n0100[label = "FarthestFirstNode"];
n010 -> n0100;
n0101[label = "FarthestNeighbor"];
n010 -> n0101;
n0102[label = "NearestFirstNode"];
n010 -> n0102;
n01 -> n010;
n011[label = "FarthestNeighbor"];
n01 -> n011;
n0 -> n01;
n -> n0;
n1[label = "NearestNeighbor"];
n -> n1;
n2[label = "If_Then_Else"];
n20[label = "FarthestInsertion"];
n2 -> n20;
n21[label = "WorstMove"];
n2 -> n21;
n22[label = "FarthestInsertion"];
n2 -> n22;
n -> n2;
}


Generation: 29
Best Individual:
Subpopulation 0:
Evaluated: true
Fitness: Standardized=0.27883905 Adjusted=0.7819592 Hits=0
Tree 0:
digraph g {
node [shape=rectangle];
n[label = "If_Then_Else"];
n0[label = "If_Then"];
n00[label = "Equal"];
n000[label = "NearestNeighbor"];
n00 -> n000;
n001[label = "If_Then_Else"];
n0010[label = "FarthestInsertion"];
n001 -> n0010;
n0011[label = "WorstMove"];
n001 -> n0011;
n0012[label = "FarthestInsertion"];
n001 -> n0012;
n00 -> n001;
n0 -> n00;
n01[label = "And"];
n010[label = "If_Then_Else"];
n0100[label = "FarthestFirstNode"];
n010 -> n0100;
n0101[label = "FarthestNeighbor"];
n010 -> n0101;
n0102[label = "NearestFirstNode"];
n010 -> n0102;
n01 -> n010;
n011[label = "FarthestNeighbor"];
n01 -> n011;
n0 -> n01;
n -> n0;
n1[label = "NearestNeighbor"];
n -> n1;
n2[label = "FarthestInsertion"];
n -> n2;
}


Generation: 30
Best Individual:
Subpopulation 0:
Evaluated: true
Fitness: Standardized=0.27883905 Adjusted=0.7819592 Hits=0
Tree 0:
digraph g {
node [shape=rectangle];
n[label = "If_Then_Else"];
n0[label = "If_Then"];
n00[label = "Equal"];
n000[label = "NearestNeighbor"];
n00 -> n000;
n001[label = "If_Then_Else"];
n0010[label = "FarthestInsertion"];
n001 -> n0010;
n0011[label = "WorstMove"];
n001 -> n0011;
n0012[label = "FarthestInsertion"];
n001 -> n0012;
n00 -> n001;
n0 -> n00;
n01[label = "And"];
n010[label = "If_Then_Else"];
n0100[label = "FarthestFirstNode"];
n010 -> n0100;
n0101[label = "FarthestNeighbor"];
n010 -> n0101;
n0102[label = "NearestFirstNode"];
n010 -> n0102;
n01 -> n010;
n011[label = "FarthestNeighbor"];
n01 -> n011;
n0 -> n01;
n -> n0;
n1[label = "NearestNeighbor"];
n -> n1;
n2[label = "FarthestInsertion"];
n -> n2;
}


Generation: 31
Best Individual:
Subpopulation 0:
Evaluated: true
Fitness: Standardized=0.27883905 Adjusted=0.7819592 Hits=0
Tree 0:
digraph g {
node [shape=rectangle];
n[label = "If_Then_Else"];
n0[label = "If_Then"];
n00[label = "Equal"];
n000[label = "NearestNeighbor"];
n00 -> n000;
n001[label = "If_Then_Else"];
n0010[label = "FarthestInsertion"];
n001 -> n0010;
n0011[label = "WorstMove"];
n001 -> n0011;
n0012[label = "FarthestInsertion"];
n001 -> n0012;
n00 -> n001;
n0 -> n00;
n01[label = "And"];
n010[label = "If_Then_Else"];
n0100[label = "FarthestFirstNode"];
n010 -> n0100;
n0101[label = "FarthestNeighbor"];
n010 -> n0101;
n0102[label = "NearestFirstNode"];
n010 -> n0102;
n01 -> n010;
n011[label = "FarthestNeighbor"];
n01 -> n011;
n0 -> n01;
n -> n0;
n1[label = "NearestNeighbor"];
n -> n1;
n2[label = "FarthestInsertion"];
n -> n2;
}


Generation: 32
Best Individual:
Subpopulation 0:
Evaluated: true
Fitness: Standardized=0.27883905 Adjusted=0.7819592 Hits=0
Tree 0:
digraph g {
node [shape=rectangle];
n[label = "If_Then_Else"];
n0[label = "If_Then"];
n00[label = "Equal"];
n000[label = "NearestNeighbor"];
n00 -> n000;
n001[label = "FarthestFirstNode"];
n00 -> n001;
n0 -> n00;
n01[label = "And"];
n010[label = "If_Then_Else"];
n0100[label = "FarthestFirstNode"];
n010 -> n0100;
n0101[label = "FarthestNeighbor"];
n010 -> n0101;
n0102[label = "NearestFirstNode"];
n010 -> n0102;
n01 -> n010;
n011[label = "FarthestNeighbor"];
n01 -> n011;
n0 -> n01;
n -> n0;
n1[label = "NearestNeighbor"];
n -> n1;
n2[label = "If_Then"];
n20[label = "Equal"];
n200[label = "NearestNeighbor"];
n20 -> n200;
n201[label = "FarthestFirstNode"];
n20 -> n201;
n2 -> n20;
n21[label = "And"];
n210[label = "If_Then_Else"];
n2100[label = "FarthestFirstNode"];
n210 -> n2100;
n2101[label = "FarthestNeighbor"];
n210 -> n2101;
n2102[label = "NearestFirstNode"];
n210 -> n2102;
n21 -> n210;
n211[label = "FarthestNeighbor"];
n21 -> n211;
n2 -> n21;
n -> n2;
}


Generation: 33
Best Individual:
Subpopulation 0:
Evaluated: true
Fitness: Standardized=0.27883905 Adjusted=0.7819592 Hits=0
Tree 0:
digraph g {
node [shape=rectangle];
n[label = "If_Then_Else"];
n0[label = "If_Then"];
n00[label = "Equal"];
n000[label = "NearestNeighbor"];
n00 -> n000;
n001[label = "FarthestFirstNode"];
n00 -> n001;
n0 -> n00;
n01[label = "And"];
n010[label = "If_Then_Else"];
n0100[label = "FarthestFirstNode"];
n010 -> n0100;
n0101[label = "FarthestNeighbor"];
n010 -> n0101;
n0102[label = "NearestFirstNode"];
n010 -> n0102;
n01 -> n010;
n011[label = "FarthestNeighbor"];
n01 -> n011;
n0 -> n01;
n -> n0;
n1[label = "NearestNeighbor"];
n -> n1;
n2[label = "If_Then"];
n20[label = "Equal"];
n200[label = "NearestNeighbor"];
n20 -> n200;
n201[label = "FarthestFirstNode"];
n20 -> n201;
n2 -> n20;
n21[label = "And"];
n210[label = "If_Then_Else"];
n2100[label = "FarthestFirstNode"];
n210 -> n2100;
n2101[label = "FarthestNeighbor"];
n210 -> n2101;
n2102[label = "NearestFirstNode"];
n210 -> n2102;
n21 -> n210;
n211[label = "FarthestNeighbor"];
n21 -> n211;
n2 -> n21;
n -> n2;
}


Generation: 34
Best Individual:
Subpopulation 0:
Evaluated: true
Fitness: Standardized=0.27883905 Adjusted=0.7819592 Hits=0
Tree 0:
digraph g {
node [shape=rectangle];
n[label = "If_Then_Else"];
n0[label = "If_Then"];
n00[label = "Equal"];
n000[label = "NearestNeighbor"];
n00 -> n000;
n001[label = "FarthestInsertion"];
n00 -> n001;
n0 -> n00;
n01[label = "And"];
n010[label = "If_Then_Else"];
n0100[label = "FarthestFirstNode"];
n010 -> n0100;
n0101[label = "FarthestNeighbor"];
n010 -> n0101;
n0102[label = "FarthestFirstNode"];
n010 -> n0102;
n01 -> n010;
n011[label = "FarthestNeighbor"];
n01 -> n011;
n0 -> n01;
n -> n0;
n1[label = "NearestNeighbor"];
n -> n1;
n2[label = "If_Then"];
n20[label = "And"];
n200[label = "If_Then_Else"];
n2000[label = "FarthestFirstNode"];
n200 -> n2000;
n2001[label = "FarthestNeighbor"];
n200 -> n2001;
n2002[label = "NearestFirstNode"];
n200 -> n2002;
n20 -> n200;
n201[label = "FarthestNeighbor"];
n20 -> n201;
n2 -> n20;
n21[label = "And"];
n210[label = "If_Then_Else"];
n2100[label = "FarthestFirstNode"];
n210 -> n2100;
n2101[label = "FarthestNeighbor"];
n210 -> n2101;
n2102[label = "NearestFirstNode"];
n210 -> n2102;
n21 -> n210;
n211[label = "FarthestNeighbor"];
n21 -> n211;
n2 -> n21;
n -> n2;
}


Generation: 35
Best Individual:
Subpopulation 0:
Evaluated: true
Fitness: Standardized=0.27883905 Adjusted=0.7819592 Hits=0
Tree 0:
digraph g {
node [shape=rectangle];
n[label = "If_Then_Else"];
n0[label = "If_Then"];
n00[label = "Equal"];
n000[label = "NearestNeighbor"];
n00 -> n000;
n001[label = "FarthestFirstNode"];
n00 -> n001;
n0 -> n00;
n01[label = "And"];
n010[label = "If_Then_Else"];
n0100[label = "FarthestFirstNode"];
n010 -> n0100;
n0101[label = "FarthestNeighbor"];
n010 -> n0101;
n0102[label = "NearestFirstNode"];
n010 -> n0102;
n01 -> n010;
n011[label = "FarthestNeighbor"];
n01 -> n011;
n0 -> n01;
n -> n0;
n1[label = "NearestNeighbor"];
n -> n1;
n2[label = "If_Then"];
n20[label = "If_Then_Else"];
n200[label = "FarthestInsertion"];
n20 -> n200;
n201[label = "WorstMove"];
n20 -> n201;
n202[label = "FarthestInsertion"];
n20 -> n202;
n2 -> n20;
n21[label = "And"];
n210[label = "If_Then_Else"];
n2100[label = "FarthestFirstNode"];
n210 -> n2100;
n2101[label = "FarthestNeighbor"];
n210 -> n2101;
n2102[label = "NearestFirstNode"];
n210 -> n2102;
n21 -> n210;
n211[label = "FarthestNeighbor"];
n21 -> n211;
n2 -> n21;
n -> n2;
}


Generation: 36
Best Individual:
Subpopulation 0:
Evaluated: true
Fitness: Standardized=0.27883905 Adjusted=0.7819592 Hits=0
Tree 0:
digraph g {
node [shape=rectangle];
n[label = "If_Then_Else"];
n0[label = "If_Then"];
n00[label = "Equal"];
n000[label = "NearestNeighbor"];
n00 -> n000;
n001[label = "FarthestInsertion"];
n00 -> n001;
n0 -> n00;
n01[label = "And"];
n010[label = "If_Then_Else"];
n0100[label = "FarthestFirstNode"];
n010 -> n0100;
n0101[label = "FarthestNeighbor"];
n010 -> n0101;
n0102[label = "NearestFirstNode"];
n010 -> n0102;
n01 -> n010;
n011[label = "FarthestNeighbor"];
n01 -> n011;
n0 -> n01;
n -> n0;
n1[label = "NearestNeighbor"];
n -> n1;
n2[label = "If_Then"];
n20[label = "And"];
n200[label = "If_Then_Else"];
n2000[label = "FarthestFirstNode"];
n200 -> n2000;
n2001[label = "FarthestNeighbor"];
n200 -> n2001;
n2002[label = "NearestFirstNode"];
n200 -> n2002;
n20 -> n200;
n201[label = "FarthestNeighbor"];
n20 -> n201;
n2 -> n20;
n21[label = "And"];
n210[label = "FarthestInsertion"];
n21 -> n210;
n211[label = "FarthestNeighbor"];
n21 -> n211;
n2 -> n21;
n -> n2;
}


Generation: 37
Best Individual:
Subpopulation 0:
Evaluated: true
Fitness: Standardized=0.27883905 Adjusted=0.7819592 Hits=0
Tree 0:
digraph g {
node [shape=rectangle];
n[label = "If_Then_Else"];
n0[label = "If_Then"];
n00[label = "Equal"];
n000[label = "NearestNeighbor"];
n00 -> n000;
n001[label = "FarthestInsertion"];
n00 -> n001;
n0 -> n00;
n01[label = "And"];
n010[label = "If_Then_Else"];
n0100[label = "FarthestFirstNode"];
n010 -> n0100;
n0101[label = "FarthestNeighbor"];
n010 -> n0101;
n0102[label = "NearestFirstNode"];
n010 -> n0102;
n01 -> n010;
n011[label = "FarthestNeighbor"];
n01 -> n011;
n0 -> n01;
n -> n0;
n1[label = "NearestNeighbor"];
n -> n1;
n2[label = "If_Then"];
n20[label = "And"];
n200[label = "If_Then_Else"];
n2000[label = "FarthestFirstNode"];
n200 -> n2000;
n2001[label = "FarthestNeighbor"];
n200 -> n2001;
n2002[label = "NearestFirstNode"];
n200 -> n2002;
n20 -> n200;
n201[label = "FarthestNeighbor"];
n20 -> n201;
n2 -> n20;
n21[label = "Equal"];
n210[label = "NearestNeighbor"];
n21 -> n210;
n211[label = "FarthestInsertion"];
n21 -> n211;
n2 -> n21;
n -> n2;
}


Generation: 38
Best Individual:
Subpopulation 0:
Evaluated: true
Fitness: Standardized=0.27883905 Adjusted=0.7819592 Hits=0
Tree 0:
digraph g {
node [shape=rectangle];
n[label = "If_Then_Else"];
n0[label = "If_Then"];
n00[label = "Equal"];
n000[label = "NearestNeighbor"];
n00 -> n000;
n001[label = "FarthestInsertion"];
n00 -> n001;
n0 -> n00;
n01[label = "And"];
n010[label = "If_Then_Else"];
n0100[label = "FarthestFirstNode"];
n010 -> n0100;
n0101[label = "FarthestNeighbor"];
n010 -> n0101;
n0102[label = "FarthestFirstNode"];
n010 -> n0102;
n01 -> n010;
n011[label = "FarthestNeighbor"];
n01 -> n011;
n0 -> n01;
n -> n0;
n1[label = "NearestNeighbor"];
n -> n1;
n2[label = "If_Then"];
n20[label = "And"];
n200[label = "FarthestNeighbor"];
n20 -> n200;
n201[label = "FarthestNeighbor"];
n20 -> n201;
n2 -> n20;
n21[label = "And"];
n210[label = "If_Then_Else"];
n2100[label = "FarthestFirstNode"];
n210 -> n2100;
n2101[label = "FarthestNeighbor"];
n210 -> n2101;
n2102[label = "NearestFirstNode"];
n210 -> n2102;
n21 -> n210;
n211[label = "FarthestNeighbor"];
n21 -> n211;
n2 -> n21;
n -> n2;
}


Generation: 39
Best Individual:
Subpopulation 0:
Evaluated: true
Fitness: Standardized=0.27883905 Adjusted=0.7819592 Hits=0
Tree 0:
digraph g {
node [shape=rectangle];
n[label = "If_Then_Else"];
n0[label = "If_Then"];
n00[label = "Equal"];
n000[label = "NearestNeighbor"];
n00 -> n000;
n001[label = "FarthestInsertion"];
n00 -> n001;
n0 -> n00;
n01[label = "And"];
n010[label = "If_Then_Else"];
n0100[label = "FarthestFirstNode"];
n010 -> n0100;
n0101[label = "FarthestNeighbor"];
n010 -> n0101;
n0102[label = "NearestFirstNode"];
n010 -> n0102;
n01 -> n010;
n011[label = "FarthestNeighbor"];
n01 -> n011;
n0 -> n01;
n -> n0;
n1[label = "NearestNeighbor"];
n -> n1;
n2[label = "If_Then"];
n20[label = "And"];
n200[label = "FarthestNeighbor"];
n20 -> n200;
n201[label = "FarthestNeighbor"];
n20 -> n201;
n2 -> n20;
n21[label = "And"];
n210[label = "If_Then_Else"];
n2100[label = "FarthestFirstNode"];
n210 -> n2100;
n2101[label = "FarthestNeighbor"];
n210 -> n2101;
n2102[label = "NearestFirstNode"];
n210 -> n2102;
n21 -> n210;
n211[label = "FarthestNeighbor"];
n21 -> n211;
n2 -> n21;
n -> n2;
}


Generation: 40
Best Individual:
Subpopulation 0:
Evaluated: true
Fitness: Standardized=0.27883905 Adjusted=0.7819592 Hits=0
Tree 0:
digraph g {
node [shape=rectangle];
n[label = "If_Then_Else"];
n0[label = "If_Then"];
n00[label = "Equal"];
n000[label = "NearestNeighbor"];
n00 -> n000;
n001[label = "FarthestInsertion"];
n00 -> n001;
n0 -> n00;
n01[label = "And"];
n010[label = "If_Then_Else"];
n0100[label = "FarthestFirstNode"];
n010 -> n0100;
n0101[label = "FarthestNeighbor"];
n010 -> n0101;
n0102[label = "FarthestFirstNode"];
n010 -> n0102;
n01 -> n010;
n011[label = "FarthestNeighbor"];
n01 -> n011;
n0 -> n01;
n -> n0;
n1[label = "NearestNeighbor"];
n -> n1;
n2[label = "If_Then"];
n20[label = "And"];
n200[label = "If_Then_Else"];
n2000[label = "FarthestFirstNode"];
n200 -> n2000;
n2001[label = "FarthestNeighbor"];
n200 -> n2001;
n2002[label = "NearestFirstNode"];
n200 -> n2002;
n20 -> n200;
n201[label = "FarthestNeighbor"];
n20 -> n201;
n2 -> n20;
n21[label = "And"];
n210[label = "If_Then_Else"];
n2100[label = "FarthestFirstNode"];
n210 -> n2100;
n2101[label = "FarthestNeighbor"];
n210 -> n2101;
n2102[label = "NearestFirstNode"];
n210 -> n2102;
n21 -> n210;
n211[label = "FarthestNeighbor"];
n21 -> n211;
n2 -> n21;
n -> n2;
}


Generation: 41
Best Individual:
Subpopulation 0:
Evaluated: true
Fitness: Standardized=0.27883905 Adjusted=0.7819592 Hits=0
Tree 0:
digraph g {
node [shape=rectangle];
n[label = "If_Then_Else"];
n0[label = "If_Then"];
n00[label = "Equal"];
n000[label = "NearestNeighbor"];
n00 -> n000;
n001[label = "FarthestFirstNode"];
n00 -> n001;
n0 -> n00;
n01[label = "And"];
n010[label = "If_Then_Else"];
n0100[label = "FarthestFirstNode"];
n010 -> n0100;
n0101[label = "FarthestNeighbor"];
n010 -> n0101;
n0102[label = "NearestFirstNode"];
n010 -> n0102;
n01 -> n010;
n011[label = "FarthestFirstNode"];
n01 -> n011;
n0 -> n01;
n -> n0;
n1[label = "NearestNeighbor"];
n -> n1;
n2[label = "Equal"];
n20[label = "NearestNeighbor"];
n2 -> n20;
n21[label = "FarthestInsertion"];
n2 -> n21;
n -> n2;
}


Generation: 42
Best Individual:
Subpopulation 0:
Evaluated: true
Fitness: Standardized=0.27883905 Adjusted=0.7819592 Hits=0
Tree 0:
digraph g {
node [shape=rectangle];
n[label = "If_Then_Else"];
n0[label = "If_Then"];
n00[label = "Equal"];
n000[label = "NearestNeighbor"];
n00 -> n000;
n001[label = "FarthestInsertion"];
n00 -> n001;
n0 -> n00;
n01[label = "And"];
n010[label = "If_Then_Else"];
n0100[label = "FarthestFirstNode"];
n010 -> n0100;
n0101[label = "FarthestNeighbor"];
n010 -> n0101;
n0102[label = "NearestFirstNode"];
n010 -> n0102;
n01 -> n010;
n011[label = "FarthestNeighbor"];
n01 -> n011;
n0 -> n01;
n -> n0;
n1[label = "NearestNeighbor"];
n -> n1;
n2[label = "If_Then"];
n20[label = "And"];
n200[label = "If_Then_Else"];
n2000[label = "FarthestFirstNode"];
n200 -> n2000;
n2001[label = "FarthestNeighbor"];
n200 -> n2001;
n2002[label = "NearestFirstNode"];
n200 -> n2002;
n20 -> n200;
n201[label = "FarthestNeighbor"];
n20 -> n201;
n2 -> n20;
n21[label = "Equal"];
n210[label = "Equal"];
n2100[label = "NearestNeighbor"];
n210 -> n2100;
n2101[label = "FarthestInsertion"];
n210 -> n2101;
n21 -> n210;
n211[label = "FarthestInsertion"];
n21 -> n211;
n2 -> n21;
n -> n2;
}


Generation: 43
Best Individual:
Subpopulation 0:
Evaluated: true
Fitness: Standardized=0.27883905 Adjusted=0.7819592 Hits=0
Tree 0:
digraph g {
node [shape=rectangle];
n[label = "If_Then_Else"];
n0[label = "If_Then"];
n00[label = "Equal"];
n000[label = "NearestNeighbor"];
n00 -> n000;
n001[label = "FarthestInsertion"];
n00 -> n001;
n0 -> n00;
n01[label = "And"];
n010[label = "If_Then_Else"];
n0100[label = "FarthestFirstNode"];
n010 -> n0100;
n0101[label = "FarthestNeighbor"];
n010 -> n0101;
n0102[label = "NearestFirstNode"];
n010 -> n0102;
n01 -> n010;
n011[label = "FarthestNeighbor"];
n01 -> n011;
n0 -> n01;
n -> n0;
n1[label = "NearestNeighbor"];
n -> n1;
n2[label = "If_Then"];
n20[label = "And"];
n200[label = "If_Then_Else"];
n2000[label = "FarthestFirstNode"];
n200 -> n2000;
n2001[label = "FarthestNeighbor"];
n200 -> n2001;
n2002[label = "FarthestNeighbor"];
n200 -> n2002;
n20 -> n200;
n201[label = "FarthestNeighbor"];
n20 -> n201;
n2 -> n20;
n21[label = "Equal"];
n210[label = "Equal"];
n2100[label = "NearestNeighbor"];
n210 -> n2100;
n2101[label = "FarthestInsertion"];
n210 -> n2101;
n21 -> n210;
n211[label = "FarthestInsertion"];
n21 -> n211;
n2 -> n21;
n -> n2;
}


Generation: 44
Best Individual:
Subpopulation 0:
Evaluated: true
Fitness: Standardized=0.27883905 Adjusted=0.7819592 Hits=0
Tree 0:
digraph g {
node [shape=rectangle];
n[label = "If_Then_Else"];
n0[label = "If_Then"];
n00[label = "Equal"];
n000[label = "NearestNeighbor"];
n00 -> n000;
n001[label = "FarthestInsertion"];
n00 -> n001;
n0 -> n00;
n01[label = "And"];
n010[label = "If_Then_Else"];
n0100[label = "FarthestFirstNode"];
n010 -> n0100;
n0101[label = "FarthestNeighbor"];
n010 -> n0101;
n0102[label = "NearestFirstNode"];
n010 -> n0102;
n01 -> n010;
n011[label = "FarthestNeighbor"];
n01 -> n011;
n0 -> n01;
n -> n0;
n1[label = "NearestNeighbor"];
n -> n1;
n2[label = "If_Then"];
n20[label = "And"];
n200[label = "Equal"];
n2000[label = "NearestNeighbor"];
n200 -> n2000;
n2001[label = "FarthestFirstNode"];
n200 -> n2001;
n20 -> n200;
n201[label = "FarthestNeighbor"];
n20 -> n201;
n2 -> n20;
n21[label = "NearestNeighbor"];
n2 -> n21;
n -> n2;
}


Generation: 45
Best Individual:
Subpopulation 0:
Evaluated: true
Fitness: Standardized=0.27883905 Adjusted=0.7819592 Hits=0
Tree 0:
digraph g {
node [shape=rectangle];
n[label = "If_Then_Else"];
n0[label = "If_Then"];
n00[label = "Equal"];
n000[label = "NearestNeighbor"];
n00 -> n000;
n001[label = "FarthestInsertion"];
n00 -> n001;
n0 -> n00;
n01[label = "And"];
n010[label = "If_Then_Else"];
n0100[label = "FarthestFirstNode"];
n010 -> n0100;
n0101[label = "FarthestNeighbor"];
n010 -> n0101;
n0102[label = "NearestFirstNode"];
n010 -> n0102;
n01 -> n010;
n011[label = "FarthestNeighbor"];
n01 -> n011;
n0 -> n01;
n -> n0;
n1[label = "NearestNeighbor"];
n -> n1;
n2[label = "If_Then"];
n20[label = "And"];
n200[label = "If_Then_Else"];
n2000[label = "FarthestFirstNode"];
n200 -> n2000;
n2001[label = "FarthestNeighbor"];
n200 -> n2001;
n2002[label = "FarthestNeighbor"];
n200 -> n2002;
n20 -> n200;
n201[label = "FarthestNeighbor"];
n20 -> n201;
n2 -> n20;
n21[label = "If_Then_Else"];
n210[label = "FarthestFirstNode"];
n21 -> n210;
n211[label = "FarthestNeighbor"];
n21 -> n211;
n212[label = "NearestFirstNode"];
n21 -> n212;
n2 -> n21;
n -> n2;
}


Generation: 46
Best Individual:
Subpopulation 0:
Evaluated: true
Fitness: Standardized=0.27883905 Adjusted=0.7819592 Hits=0
Tree 0:
digraph g {
node [shape=rectangle];
n[label = "If_Then_Else"];
n0[label = "If_Then"];
n00[label = "Equal"];
n000[label = "NearestNeighbor"];
n00 -> n000;
n001[label = "FarthestFirstNode"];
n00 -> n001;
n0 -> n00;
n01[label = "And"];
n010[label = "If_Then_Else"];
n0100[label = "FarthestFirstNode"];
n010 -> n0100;
n0101[label = "FarthestNeighbor"];
n010 -> n0101;
n0102[label = "NearestFirstNode"];
n010 -> n0102;
n01 -> n010;
n011[label = "FarthestNeighbor"];
n01 -> n011;
n0 -> n01;
n -> n0;
n1[label = "NearestNeighbor"];
n -> n1;
n2[label = "Equal"];
n20[label = "NearestNeighbor"];
n2 -> n20;
n21[label = "FarthestInsertion"];
n2 -> n21;
n -> n2;
}


Generation: 47
Best Individual:
Subpopulation 0:
Evaluated: true
Fitness: Standardized=0.27883905 Adjusted=0.7819592 Hits=0
Tree 0:
digraph g {
node [shape=rectangle];
n[label = "If_Then_Else"];
n0[label = "If_Then"];
n00[label = "Equal"];
n000[label = "NearestNeighbor"];
n00 -> n000;
n001[label = "FarthestInsertion"];
n00 -> n001;
n0 -> n00;
n01[label = "And"];
n010[label = "If_Then_Else"];
n0100[label = "FarthestFirstNode"];
n010 -> n0100;
n0101[label = "FarthestNeighbor"];
n010 -> n0101;
n0102[label = "NearestFirstNode"];
n010 -> n0102;
n01 -> n010;
n011[label = "FarthestNeighbor"];
n01 -> n011;
n0 -> n01;
n -> n0;
n1[label = "NearestNeighbor"];
n -> n1;
n2[label = "Equal"];
n20[label = "And"];
n200[label = "FarthestInsertion"];
n20 -> n200;
n201[label = "FarthestNeighbor"];
n20 -> n201;
n2 -> n20;
n21[label = "NearestNeighbor"];
n2 -> n21;
n -> n2;
}


Generation: 48
Best Individual:
Subpopulation 0:
Evaluated: true
Fitness: Standardized=0.27883905 Adjusted=0.7819592 Hits=0
Tree 0:
digraph g {
node [shape=rectangle];
n[label = "If_Then_Else"];
n0[label = "If_Then"];
n00[label = "Equal"];
n000[label = "NearestNeighbor"];
n00 -> n000;
n001[label = "FarthestFirstNode"];
n00 -> n001;
n0 -> n00;
n01[label = "And"];
n010[label = "If_Then_Else"];
n0100[label = "FarthestFirstNode"];
n010 -> n0100;
n0101[label = "FarthestNeighbor"];
n010 -> n0101;
n0102[label = "NearestFirstNode"];
n010 -> n0102;
n01 -> n010;
n011[label = "FarthestNeighbor"];
n01 -> n011;
n0 -> n01;
n -> n0;
n1[label = "NearestNeighbor"];
n -> n1;
n2[label = "FarthestInsertion"];
n -> n2;
}


Generation: 49
Best Individual:
Subpopulation 0:
Evaluated: true
Fitness: Standardized=0.27883905 Adjusted=0.7819592 Hits=0
Tree 0:
digraph g {
node [shape=rectangle];
n[label = "If_Then_Else"];
n0[label = "If_Then"];
n00[label = "Equal"];
n000[label = "NearestNeighbor"];
n00 -> n000;
n001[label = "FarthestFirstNode"];
n00 -> n001;
n0 -> n00;
n01[label = "And"];
n010[label = "If_Then_Else"];
n0100[label = "FarthestFirstNode"];
n010 -> n0100;
n0101[label = "FarthestNeighbor"];
n010 -> n0101;
n0102[label = "NearestFirstNode"];
n010 -> n0102;
n01 -> n010;
n011[label = "FarthestNeighbor"];
n01 -> n011;
n0 -> n01;
n -> n0;
n1[label = "NearestNeighbor"];
n -> n1;
n2[label = "FarthestInsertion"];
n -> n2;
}


Generation: 50
Best Individual:
Subpopulation 0:
Evaluated: true
Fitness: Standardized=0.27883905 Adjusted=0.7819592 Hits=0
Tree 0:
digraph g {
node [shape=rectangle];
n[label = "If_Then_Else"];
n0[label = "If_Then"];
n00[label = "Equal"];
n000[label = "NearestNeighbor"];
n00 -> n000;
n001[label = "FarthestFirstNode"];
n00 -> n001;
n0 -> n00;
n01[label = "And"];
n010[label = "If_Then_Else"];
n0100[label = "FarthestFirstNode"];
n010 -> n0100;
n0101[label = "FarthestNeighbor"];
n010 -> n0101;
n0102[label = "NearestFirstNode"];
n010 -> n0102;
n01 -> n010;
n011[label = "FarthestNeighbor"];
n01 -> n011;
n0 -> n01;
n -> n0;
n1[label = "NearestNeighbor"];
n -> n1;
n2[label = "Equal"];
n20[label = "If_Then_Else"];
n200[label = "FarthestFirstNode"];
n20 -> n200;
n201[label = "FarthestNeighbor"];
n20 -> n201;
n202[label = "NearestFirstNode"];
n20 -> n202;
n2 -> n20;
n21[label = "FarthestInsertion"];
n2 -> n21;
n -> n2;
}


Generation: 51
Best Individual:
Subpopulation 0:
Evaluated: true
Fitness: Standardized=0.27883905 Adjusted=0.7819592 Hits=0
Tree 0:
digraph g {
node [shape=rectangle];
n[label = "If_Then_Else"];
n0[label = "If_Then"];
n00[label = "Equal"];
n000[label = "NearestNeighbor"];
n00 -> n000;
n001[label = "FarthestFirstNode"];
n00 -> n001;
n0 -> n00;
n01[label = "And"];
n010[label = "If_Then_Else"];
n0100[label = "FarthestFirstNode"];
n010 -> n0100;
n0101[label = "FarthestNeighbor"];
n010 -> n0101;
n0102[label = "NearestFirstNode"];
n010 -> n0102;
n01 -> n010;
n011[label = "FarthestNeighbor"];
n01 -> n011;
n0 -> n01;
n -> n0;
n1[label = "NearestNeighbor"];
n -> n1;
n2[label = "Equal"];
n20[label = "NearestNeighbor"];
n2 -> n20;
n21[label = "FarthestInsertion"];
n2 -> n21;
n -> n2;
}


Generation: 52
Best Individual:
Subpopulation 0:
Evaluated: true
Fitness: Standardized=0.27883905 Adjusted=0.7819592 Hits=0
Tree 0:
digraph g {
node [shape=rectangle];
n[label = "If_Then_Else"];
n0[label = "If_Then"];
n00[label = "Equal"];
n000[label = "NearestNeighbor"];
n00 -> n000;
n001[label = "FarthestFirstNode"];
n00 -> n001;
n0 -> n00;
n01[label = "And"];
n010[label = "If_Then_Else"];
n0100[label = "FarthestInsertion"];
n010 -> n0100;
n0101[label = "FarthestNeighbor"];
n010 -> n0101;
n0102[label = "NearestFirstNode"];
n010 -> n0102;
n01 -> n010;
n011[label = "FarthestNeighbor"];
n01 -> n011;
n0 -> n01;
n -> n0;
n1[label = "NearestNeighbor"];
n -> n1;
n2[label = "FarthestInsertion"];
n -> n2;
}


Generation: 53
Best Individual:
Subpopulation 0:
Evaluated: true
Fitness: Standardized=0.27883905 Adjusted=0.7819592 Hits=0
Tree 0:
digraph g {
node [shape=rectangle];
n[label = "If_Then_Else"];
n0[label = "If_Then"];
n00[label = "Equal"];
n000[label = "NearestNeighbor"];
n00 -> n000;
n001[label = "FarthestFirstNode"];
n00 -> n001;
n0 -> n00;
n01[label = "And"];
n010[label = "If_Then_Else"];
n0100[label = "FarthestFirstNode"];
n010 -> n0100;
n0101[label = "FarthestNeighbor"];
n010 -> n0101;
n0102[label = "NearestFirstNode"];
n010 -> n0102;
n01 -> n010;
n011[label = "FarthestNeighbor"];
n01 -> n011;
n0 -> n01;
n -> n0;
n1[label = "NearestNeighbor"];
n -> n1;
n2[label = "Equal"];
n20[label = "NearestNeighbor"];
n2 -> n20;
n21[label = "FarthestInsertion"];
n2 -> n21;
n -> n2;
}


Generation: 54
Best Individual:
Subpopulation 0:
Evaluated: true
Fitness: Standardized=0.27883905 Adjusted=0.7819592 Hits=0
Tree 0:
digraph g {
node [shape=rectangle];
n[label = "If_Then_Else"];
n0[label = "If_Then"];
n00[label = "Equal"];
n000[label = "NearestNeighbor"];
n00 -> n000;
n001[label = "FarthestFirstNode"];
n00 -> n001;
n0 -> n00;
n01[label = "And"];
n010[label = "If_Then_Else"];
n0100[label = "FarthestFirstNode"];
n010 -> n0100;
n0101[label = "FarthestNeighbor"];
n010 -> n0101;
n0102[label = "NearestFirstNode"];
n010 -> n0102;
n01 -> n010;
n011[label = "FarthestNeighbor"];
n01 -> n011;
n0 -> n01;
n -> n0;
n1[label = "NearestNeighbor"];
n -> n1;
n2[label = "If_Then_Else"];
n20[label = "FarthestFirstNode"];
n2 -> n20;
n21[label = "FarthestNeighbor"];
n2 -> n21;
n22[label = "NearestFirstNode"];
n2 -> n22;
n -> n2;
}


Generation: 55
Best Individual:
Subpopulation 0:
Evaluated: true
Fitness: Standardized=0.27883905 Adjusted=0.7819592 Hits=0
Tree 0:
digraph g {
node [shape=rectangle];
n[label = "If_Then_Else"];
n0[label = "If_Then"];
n00[label = "Equal"];
n000[label = "NearestNeighbor"];
n00 -> n000;
n001[label = "FarthestFirstNode"];
n00 -> n001;
n0 -> n00;
n01[label = "And"];
n010[label = "If_Then_Else"];
n0100[label = "FarthestFirstNode"];
n010 -> n0100;
n0101[label = "FarthestNeighbor"];
n010 -> n0101;
n0102[label = "NearestFirstNode"];
n010 -> n0102;
n01 -> n010;
n011[label = "FarthestNeighbor"];
n01 -> n011;
n0 -> n01;
n -> n0;
n1[label = "NearestNeighbor"];
n -> n1;
n2[label = "If_Then_Else"];
n20[label = "FarthestFirstNode"];
n2 -> n20;
n21[label = "FarthestNeighbor"];
n2 -> n21;
n22[label = "NearestFirstNode"];
n2 -> n22;
n -> n2;
}


Generation: 56
Best Individual:
Subpopulation 0:
Evaluated: true
Fitness: Standardized=0.27883905 Adjusted=0.7819592 Hits=0
Tree 0:
digraph g {
node [shape=rectangle];
n[label = "If_Then_Else"];
n0[label = "If_Then"];
n00[label = "Equal"];
n000[label = "NearestNeighbor"];
n00 -> n000;
n001[label = "FarthestFirstNode"];
n00 -> n001;
n0 -> n00;
n01[label = "And"];
n010[label = "If_Then_Else"];
n0100[label = "FarthestFirstNode"];
n010 -> n0100;
n0101[label = "FarthestNeighbor"];
n010 -> n0101;
n0102[label = "NearestFirstNode"];
n010 -> n0102;
n01 -> n010;
n011[label = "FarthestNeighbor"];
n01 -> n011;
n0 -> n01;
n -> n0;
n1[label = "NearestNeighbor"];
n -> n1;
n2[label = "FarthestFirstNode"];
n -> n2;
}


Generation: 57
Best Individual:
Subpopulation 0:
Evaluated: true
Fitness: Standardized=0.27883905 Adjusted=0.7819592 Hits=0
Tree 0:
digraph g {
node [shape=rectangle];
n[label = "If_Then_Else"];
n0[label = "If_Then"];
n00[label = "Equal"];
n000[label = "NearestNeighbor"];
n00 -> n000;
n001[label = "FarthestFirstNode"];
n00 -> n001;
n0 -> n00;
n01[label = "And"];
n010[label = "If_Then_Else"];
n0100[label = "FarthestFirstNode"];
n010 -> n0100;
n0101[label = "FarthestNeighbor"];
n010 -> n0101;
n0102[label = "NearestFirstNode"];
n010 -> n0102;
n01 -> n010;
n011[label = "FarthestNeighbor"];
n01 -> n011;
n0 -> n01;
n -> n0;
n1[label = "NearestNeighbor"];
n -> n1;
n2[label = "FarthestFirstNode"];
n -> n2;
}


Generation: 58
Best Individual:
Subpopulation 0:
Evaluated: true
Fitness: Standardized=0.27883905 Adjusted=0.7819592 Hits=0
Tree 0:
digraph g {
node [shape=rectangle];
n[label = "If_Then_Else"];
n0[label = "If_Then"];
n00[label = "Equal"];
n000[label = "NearestNeighbor"];
n00 -> n000;
n001[label = "FarthestFirstNode"];
n00 -> n001;
n0 -> n00;
n01[label = "And"];
n010[label = "If_Then_Else"];
n0100[label = "FarthestFirstNode"];
n010 -> n0100;
n0101[label = "FarthestNeighbor"];
n010 -> n0101;
n0102[label = "FarthestNeighbor"];
n010 -> n0102;
n01 -> n010;
n011[label = "FarthestNeighbor"];
n01 -> n011;
n0 -> n01;
n -> n0;
n1[label = "NearestNeighbor"];
n -> n1;
n2[label = "FarthestFirstNode"];
n -> n2;
}


Generation: 59
Best Individual:
Subpopulation 0:
Evaluated: true
Fitness: Standardized=0.27883905 Adjusted=0.7819592 Hits=0
Tree 0:
digraph g {
node [shape=rectangle];
n[label = "If_Then_Else"];
n0[label = "If_Then"];
n00[label = "Equal"];
n000[label = "NearestNeighbor"];
n00 -> n000;
n001[label = "FarthestFirstNode"];
n00 -> n001;
n0 -> n00;
n01[label = "If_Then"];
n010[label = "If_Then_Else"];
n0100[label = "FarthestFirstNode"];
n010 -> n0100;
n0101[label = "FarthestNeighbor"];
n010 -> n0101;
n0102[label = "NearestFirstNode"];
n010 -> n0102;
n01 -> n010;
n011[label = "FarthestNeighbor"];
n01 -> n011;
n0 -> n01;
n -> n0;
n1[label = "NearestNeighbor"];
n -> n1;
n2[label = "Equal"];
n20[label = "NearestNeighbor"];
n2 -> n20;
n21[label = "FarthestInsertion"];
n2 -> n21;
n -> n2;
}


Generation: 60
Best Individual:
Subpopulation 0:
Evaluated: true
Fitness: Standardized=0.27883905 Adjusted=0.7819592 Hits=0
Tree 0:
digraph g {
node [shape=rectangle];
n[label = "If_Then_Else"];
n0[label = "If_Then"];
n00[label = "Equal"];
n000[label = "NearestNeighbor"];
n00 -> n000;
n001[label = "FarthestFirstNode"];
n00 -> n001;
n0 -> n00;
n01[label = "If_Then"];
n010[label = "If_Then_Else"];
n0100[label = "FarthestFirstNode"];
n010 -> n0100;
n0101[label = "FarthestNeighbor"];
n010 -> n0101;
n0102[label = "NearestFirstNode"];
n010 -> n0102;
n01 -> n010;
n011[label = "FarthestNeighbor"];
n01 -> n011;
n0 -> n01;
n -> n0;
n1[label = "NearestNeighbor"];
n -> n1;
n2[label = "CplexTerminal"];
n -> n2;
}


Generation: 61
Best Individual:
Subpopulation 0:
Evaluated: true
Fitness: Standardized=0.27883905 Adjusted=0.7819592 Hits=0
Tree 0:
digraph g {
node [shape=rectangle];
n[label = "If_Then_Else"];
n0[label = "If_Then"];
n00[label = "Equal"];
n000[label = "NearestNeighbor"];
n00 -> n000;
n001[label = "FarthestFirstNode"];
n00 -> n001;
n0 -> n00;
n01[label = "And"];
n010[label = "If_Then_Else"];
n0100[label = "FarthestFirstNode"];
n010 -> n0100;
n0101[label = "FarthestNeighbor"];
n010 -> n0101;
n0102[label = "NearestFirstNode"];
n010 -> n0102;
n01 -> n010;
n011[label = "FarthestNeighbor"];
n01 -> n011;
n0 -> n01;
n -> n0;
n1[label = "NearestNeighbor"];
n -> n1;
n2[label = "Equal"];
n20[label = "NearestNeighbor"];
n2 -> n20;
n21[label = "FarthestInsertion"];
n2 -> n21;
n -> n2;
}


Generation: 62
Best Individual:
Subpopulation 0:
Evaluated: true
Fitness: Standardized=0.27883905 Adjusted=0.7819592 Hits=0
Tree 0:
digraph g {
node [shape=rectangle];
n[label = "If_Then_Else"];
n0[label = "If_Then"];
n00[label = "Equal"];
n000[label = "NearestNeighbor"];
n00 -> n000;
n001[label = "FarthestFirstNode"];
n00 -> n001;
n0 -> n00;
n01[label = "And"];
n010[label = "If_Then_Else"];
n0100[label = "FarthestFirstNode"];
n010 -> n0100;
n0101[label = "FarthestNeighbor"];
n010 -> n0101;
n0102[label = "NearestFirstNode"];
n010 -> n0102;
n01 -> n010;
n011[label = "FarthestNeighbor"];
n01 -> n011;
n0 -> n01;
n -> n0;
n1[label = "NearestNeighbor"];
n -> n1;
n2[label = "Equal"];
n20[label = "NearestNeighbor"];
n2 -> n20;
n21[label = "If_Then_Else"];
n210[label = "FarthestFirstNode"];
n21 -> n210;
n211[label = "FarthestNeighbor"];
n21 -> n211;
n212[label = "If_Then_Else"];
n2120[label = "FarthestFirstNode"];
n212 -> n2120;
n2121[label = "FarthestNeighbor"];
n212 -> n2121;
n2122[label = "NearestFirstNode"];
n212 -> n2122;
n21 -> n212;
n2 -> n21;
n -> n2;
}


Generation: 63
Best Individual:
Subpopulation 0:
Evaluated: true
Fitness: Standardized=0.27883905 Adjusted=0.7819592 Hits=0
Tree 0:
digraph g {
node [shape=rectangle];
n[label = "If_Then_Else"];
n0[label = "If_Then"];
n00[label = "Equal"];
n000[label = "NearestNeighbor"];
n00 -> n000;
n001[label = "FarthestFirstNode"];
n00 -> n001;
n0 -> n00;
n01[label = "If_Then"];
n010[label = "If_Then_Else"];
n0100[label = "FarthestFirstNode"];
n010 -> n0100;
n0101[label = "FarthestNeighbor"];
n010 -> n0101;
n0102[label = "NearestFirstNode"];
n010 -> n0102;
n01 -> n010;
n011[label = "FarthestNeighbor"];
n01 -> n011;
n0 -> n01;
n -> n0;
n1[label = "NearestNeighbor"];
n -> n1;
n2[label = "FarthestFirstNode"];
n -> n2;
}


Generation: 64
Best Individual:
Subpopulation 0:
Evaluated: true
Fitness: Standardized=0.27883905 Adjusted=0.7819592 Hits=0
Tree 0:
digraph g {
node [shape=rectangle];
n[label = "If_Then_Else"];
n0[label = "If_Then"];
n00[label = "Equal"];
n000[label = "NearestNeighbor"];
n00 -> n000;
n001[label = "FarthestFirstNode"];
n00 -> n001;
n0 -> n00;
n01[label = "If_Then"];
n010[label = "If_Then_Else"];
n0100[label = "FarthestFirstNode"];
n010 -> n0100;
n0101[label = "FarthestNeighbor"];
n010 -> n0101;
n0102[label = "NearestFirstNode"];
n010 -> n0102;
n01 -> n010;
n011[label = "FarthestNeighbor"];
n01 -> n011;
n0 -> n01;
n -> n0;
n1[label = "NearestNeighbor"];
n -> n1;
n2[label = "CplexTerminal"];
n -> n2;
}


Generation: 65
Best Individual:
Subpopulation 0:
Evaluated: true
Fitness: Standardized=0.27883905 Adjusted=0.7819592 Hits=0
Tree 0:
digraph g {
node [shape=rectangle];
n[label = "If_Then_Else"];
n0[label = "If_Then"];
n00[label = "Equal"];
n000[label = "NearestNeighbor"];
n00 -> n000;
n001[label = "FarthestFirstNode"];
n00 -> n001;
n0 -> n00;
n01[label = "And"];
n010[label = "If_Then_Else"];
n0100[label = "FarthestFirstNode"];
n010 -> n0100;
n0101[label = "FarthestNeighbor"];
n010 -> n0101;
n0102[label = "NearestFirstNode"];
n010 -> n0102;
n01 -> n010;
n011[label = "FarthestNeighbor"];
n01 -> n011;
n0 -> n01;
n -> n0;
n1[label = "NearestNeighbor"];
n -> n1;
n2[label = "CplexTerminal"];
n -> n2;
}


Generation: 66
Best Individual:
Subpopulation 0:
Evaluated: true
Fitness: Standardized=0.27883905 Adjusted=0.7819592 Hits=0
Tree 0:
digraph g {
node [shape=rectangle];
n[label = "If_Then_Else"];
n0[label = "If_Then"];
n00[label = "Equal"];
n000[label = "NearestNeighbor"];
n00 -> n000;
n001[label = "FarthestFirstNode"];
n00 -> n001;
n0 -> n00;
n01[label = "If_Then"];
n010[label = "If_Then_Else"];
n0100[label = "FarthestFirstNode"];
n010 -> n0100;
n0101[label = "FarthestNeighbor"];
n010 -> n0101;
n0102[label = "NearestFirstNode"];
n010 -> n0102;
n01 -> n010;
n011[label = "FarthestNeighbor"];
n01 -> n011;
n0 -> n01;
n -> n0;
n1[label = "NearestNeighbor"];
n -> n1;
n2[label = "FarthestFirstNode"];
n -> n2;
}


Generation: 67
Best Individual:
Subpopulation 0:
Evaluated: true
Fitness: Standardized=0.27883905 Adjusted=0.7819592 Hits=0
Tree 0:
digraph g {
node [shape=rectangle];
n[label = "If_Then_Else"];
n0[label = "If_Then"];
n00[label = "Equal"];
n000[label = "NearestNeighbor"];
n00 -> n000;
n001[label = "FarthestFirstNode"];
n00 -> n001;
n0 -> n00;
n01[label = "If_Then"];
n010[label = "If_Then_Else"];
n0100[label = "FarthestFirstNode"];
n010 -> n0100;
n0101[label = "FarthestNeighbor"];
n010 -> n0101;
n0102[label = "NearestFirstNode"];
n010 -> n0102;
n01 -> n010;
n011[label = "FarthestNeighbor"];
n01 -> n011;
n0 -> n01;
n -> n0;
n1[label = "NearestNeighbor"];
n -> n1;
n2[label = "FarthestFirstNode"];
n -> n2;
}


Generation: 68
Best Individual:
Subpopulation 0:
Evaluated: true
Fitness: Standardized=0.27883905 Adjusted=0.7819592 Hits=0
Tree 0:
digraph g {
node [shape=rectangle];
n[label = "If_Then_Else"];
n0[label = "If_Then"];
n00[label = "Equal"];
n000[label = "NearestNeighbor"];
n00 -> n000;
n001[label = "FarthestFirstNode"];
n00 -> n001;
n0 -> n00;
n01[label = "If_Then"];
n010[label = "If_Then_Else"];
n0100[label = "FarthestFirstNode"];
n010 -> n0100;
n0101[label = "FarthestNeighbor"];
n010 -> n0101;
n0102[label = "NearestFirstNode"];
n010 -> n0102;
n01 -> n010;
n011[label = "FarthestNeighbor"];
n01 -> n011;
n0 -> n01;
n -> n0;
n1[label = "NearestNeighbor"];
n -> n1;
n2[label = "FarthestFirstNode"];
n -> n2;
}


Generation: 69
Best Individual:
Subpopulation 0:
Evaluated: true
Fitness: Standardized=0.27883905 Adjusted=0.7819592 Hits=0
Tree 0:
digraph g {
node [shape=rectangle];
n[label = "If_Then_Else"];
n0[label = "If_Then"];
n00[label = "Equal"];
n000[label = "NearestNeighbor"];
n00 -> n000;
n001[label = "FarthestFirstNode"];
n00 -> n001;
n0 -> n00;
n01[label = "If_Then"];
n010[label = "If_Then_Else"];
n0100[label = "FarthestFirstNode"];
n010 -> n0100;
n0101[label = "FarthestNeighbor"];
n010 -> n0101;
n0102[label = "NearestFirstNode"];
n010 -> n0102;
n01 -> n010;
n011[label = "FarthestNeighbor"];
n01 -> n011;
n0 -> n01;
n -> n0;
n1[label = "NearestNeighbor"];
n -> n1;
n2[label = "FarthestFirstNode"];
n -> n2;
}


Generation: 70
Best Individual:
Subpopulation 0:
Evaluated: true
Fitness: Standardized=0.27883905 Adjusted=0.7819592 Hits=0
Tree 0:
digraph g {
node [shape=rectangle];
n[label = "If_Then_Else"];
n0[label = "If_Then"];
n00[label = "Equal"];
n000[label = "NearestNeighbor"];
n00 -> n000;
n001[label = "FarthestFirstNode"];
n00 -> n001;
n0 -> n00;
n01[label = "If_Then"];
n010[label = "If_Then_Else"];
n0100[label = "FarthestFirstNode"];
n010 -> n0100;
n0101[label = "FarthestNeighbor"];
n010 -> n0101;
n0102[label = "NearestFirstNode"];
n010 -> n0102;
n01 -> n010;
n011[label = "FarthestNeighbor"];
n01 -> n011;
n0 -> n01;
n -> n0;
n1[label = "NearestNeighbor"];
n -> n1;
n2[label = "FarthestFirstNode"];
n -> n2;
}


Generation: 71
Best Individual:
Subpopulation 0:
Evaluated: true
Fitness: Standardized=0.27883905 Adjusted=0.7819592 Hits=0
Tree 0:
digraph g {
node [shape=rectangle];
n[label = "If_Then_Else"];
n0[label = "If_Then"];
n00[label = "Equal"];
n000[label = "NearestNeighbor"];
n00 -> n000;
n001[label = "FarthestFirstNode"];
n00 -> n001;
n0 -> n00;
n01[label = "If_Then"];
n010[label = "If_Then_Else"];
n0100[label = "FarthestFirstNode"];
n010 -> n0100;
n0101[label = "FarthestNeighbor"];
n010 -> n0101;
n0102[label = "NearestFirstNode"];
n010 -> n0102;
n01 -> n010;
n011[label = "FarthestNeighbor"];
n01 -> n011;
n0 -> n01;
n -> n0;
n1[label = "NearestNeighbor"];
n -> n1;
n2[label = "FarthestFirstNode"];
n -> n2;
}


Generation: 72
Best Individual:
Subpopulation 0:
Evaluated: true
Fitness: Standardized=0.27883905 Adjusted=0.7819592 Hits=0
Tree 0:
digraph g {
node [shape=rectangle];
n[label = "If_Then_Else"];
n0[label = "If_Then"];
n00[label = "Equal"];
n000[label = "NearestNeighbor"];
n00 -> n000;
n001[label = "FarthestFirstNode"];
n00 -> n001;
n0 -> n00;
n01[label = "If_Then"];
n010[label = "If_Then_Else"];
n0100[label = "FarthestFirstNode"];
n010 -> n0100;
n0101[label = "FarthestNeighbor"];
n010 -> n0101;
n0102[label = "NearestFirstNode"];
n010 -> n0102;
n01 -> n010;
n011[label = "FarthestNeighbor"];
n01 -> n011;
n0 -> n01;
n -> n0;
n1[label = "NearestNeighbor"];
n -> n1;
n2[label = "FarthestFirstNode"];
n -> n2;
}


Generation: 73
Best Individual:
Subpopulation 0:
Evaluated: true
Fitness: Standardized=0.27883905 Adjusted=0.7819592 Hits=0
Tree 0:
digraph g {
node [shape=rectangle];
n[label = "If_Then_Else"];
n0[label = "If_Then"];
n00[label = "Equal"];
n000[label = "NearestNeighbor"];
n00 -> n000;
n001[label = "FarthestFirstNode"];
n00 -> n001;
n0 -> n00;
n01[label = "If_Then"];
n010[label = "If_Then_Else"];
n0100[label = "FarthestNeighbor"];
n010 -> n0100;
n0101[label = "FarthestNeighbor"];
n010 -> n0101;
n0102[label = "NearestFirstNode"];
n010 -> n0102;
n01 -> n010;
n011[label = "FarthestNeighbor"];
n01 -> n011;
n0 -> n01;
n -> n0;
n1[label = "NearestNeighbor"];
n -> n1;
n2[label = "FarthestFirstNode"];
n -> n2;
}


Generation: 74
Best Individual:
Subpopulation 0:
Evaluated: true
Fitness: Standardized=0.27883905 Adjusted=0.7819592 Hits=0
Tree 0:
digraph g {
node [shape=rectangle];
n[label = "If_Then_Else"];
n0[label = "If_Then"];
n00[label = "Equal"];
n000[label = "NearestNeighbor"];
n00 -> n000;
n001[label = "FarthestFirstNode"];
n00 -> n001;
n0 -> n00;
n01[label = "If_Then"];
n010[label = "If_Then_Else"];
n0100[label = "FarthestFirstNode"];
n010 -> n0100;
n0101[label = "FarthestNeighbor"];
n010 -> n0101;
n0102[label = "NearestFirstNode"];
n010 -> n0102;
n01 -> n010;
n011[label = "FarthestNeighbor"];
n01 -> n011;
n0 -> n01;
n -> n0;
n1[label = "NearestNeighbor"];
n -> n1;
n2[label = "FarthestFirstNode"];
n -> n2;
}


Generation: 75
Best Individual:
Subpopulation 0:
Evaluated: true
Fitness: Standardized=0.27883905 Adjusted=0.7819592 Hits=0
Tree 0:
digraph g {
node [shape=rectangle];
n[label = "If_Then_Else"];
n0[label = "If_Then"];
n00[label = "Equal"];
n000[label = "NearestNeighbor"];
n00 -> n000;
n001[label = "FarthestFirstNode"];
n00 -> n001;
n0 -> n00;
n01[label = "If_Then"];
n010[label = "If_Then_Else"];
n0100[label = "FarthestFirstNode"];
n010 -> n0100;
n0101[label = "FarthestNeighbor"];
n010 -> n0101;
n0102[label = "NearestFirstNode"];
n010 -> n0102;
n01 -> n010;
n011[label = "FarthestNeighbor"];
n01 -> n011;
n0 -> n01;
n -> n0;
n1[label = "NearestNeighbor"];
n -> n1;
n2[label = "FarthestFirstNode"];
n -> n2;
}


Generation: 76
Best Individual:
Subpopulation 0:
Evaluated: true
Fitness: Standardized=0.27883905 Adjusted=0.7819592 Hits=0
Tree 0:
digraph g {
node [shape=rectangle];
n[label = "If_Then_Else"];
n0[label = "If_Then"];
n00[label = "Equal"];
n000[label = "NearestNeighbor"];
n00 -> n000;
n001[label = "FarthestFirstNode"];
n00 -> n001;
n0 -> n00;
n01[label = "If_Then"];
n010[label = "If_Then_Else"];
n0100[label = "FarthestNeighbor"];
n010 -> n0100;
n0101[label = "FarthestNeighbor"];
n010 -> n0101;
n0102[label = "BestMove"];
n010 -> n0102;
n01 -> n010;
n011[label = "FarthestNeighbor"];
n01 -> n011;
n0 -> n01;
n -> n0;
n1[label = "NearestNeighbor"];
n -> n1;
n2[label = "FarthestFirstNode"];
n -> n2;
}


Generation: 77
Best Individual:
Subpopulation 0:
Evaluated: true
Fitness: Standardized=0.27421898 Adjusted=0.78479445 Hits=0
Tree 0:
digraph g {
node [shape=rectangle];
n[label = "If_Then_Else"];
n0[label = "If_Then"];
n00[label = "Equal"];
n000[label = "NearestNeighbor"];
n00 -> n000;
n001[label = "FarthestFirstNode"];
n00 -> n001;
n0 -> n00;
n01[label = "If_Then"];
n010[label = "If_Then_Else"];
n0100[label = "FarthestFirstNode"];
n010 -> n0100;
n0101[label = "FarthestNeighbor"];
n010 -> n0101;
n0102[label = "NearestFirstNode"];
n010 -> n0102;
n01 -> n010;
n011[label = "Equal"];
n0110[label = "NearestNeighbor"];
n011 -> n0110;
n0111[label = "FarthestFirstNode"];
n011 -> n0111;
n01 -> n011;
n0 -> n01;
n -> n0;
n1[label = "NearestNeighbor"];
n -> n1;
n2[label = "FarthestFirstNode"];
n -> n2;
}


Generation: 78
Best Individual:
Subpopulation 0:
Evaluated: true
Fitness: Standardized=0.27421898 Adjusted=0.78479445 Hits=0
Tree 0:
digraph g {
node [shape=rectangle];
n[label = "If_Then_Else"];
n0[label = "If_Then"];
n00[label = "Equal"];
n000[label = "NearestNeighbor"];
n00 -> n000;
n001[label = "FarthestFirstNode"];
n00 -> n001;
n0 -> n00;
n01[label = "If_Then"];
n010[label = "If_Then_Else"];
n0100[label = "FarthestFirstNode"];
n010 -> n0100;
n0101[label = "FarthestNeighbor"];
n010 -> n0101;
n0102[label = "NearestFirstNode"];
n010 -> n0102;
n01 -> n010;
n011[label = "Equal"];
n0110[label = "NearestNeighbor"];
n011 -> n0110;
n0111[label = "FarthestFirstNode"];
n011 -> n0111;
n01 -> n011;
n0 -> n01;
n -> n0;
n1[label = "NearestNeighbor"];
n -> n1;
n2[label = "FarthestFirstNode"];
n -> n2;
}


Generation: 79
Best Individual:
Subpopulation 0:
Evaluated: true
Fitness: Standardized=0.27421898 Adjusted=0.78479445 Hits=0
Tree 0:
digraph g {
node [shape=rectangle];
n[label = "If_Then_Else"];
n0[label = "If_Then"];
n00[label = "Equal"];
n000[label = "NearestNeighbor"];
n00 -> n000;
n001[label = "FarthestFirstNode"];
n00 -> n001;
n0 -> n00;
n01[label = "If_Then"];
n010[label = "If_Then_Else"];
n0100[label = "FarthestFirstNode"];
n010 -> n0100;
n0101[label = "FarthestNeighbor"];
n010 -> n0101;
n0102[label = "NearestFirstNode"];
n010 -> n0102;
n01 -> n010;
n011[label = "Equal"];
n0110[label = "NearestNeighbor"];
n011 -> n0110;
n0111[label = "FarthestFirstNode"];
n011 -> n0111;
n01 -> n011;
n0 -> n01;
n -> n0;
n1[label = "NearestNeighbor"];
n -> n1;
n2[label = "FarthestFirstNode"];
n -> n2;
}


Generation: 80
Best Individual:
Subpopulation 0:
Evaluated: true
Fitness: Standardized=0.27421898 Adjusted=0.78479445 Hits=0
Tree 0:
digraph g {
node [shape=rectangle];
n[label = "If_Then_Else"];
n0[label = "If_Then"];
n00[label = "Equal"];
n000[label = "NearestNeighbor"];
n00 -> n000;
n001[label = "FarthestFirstNode"];
n00 -> n001;
n0 -> n00;
n01[label = "If_Then"];
n010[label = "If_Then_Else"];
n0100[label = "FarthestFirstNode"];
n010 -> n0100;
n0101[label = "FarthestNeighbor"];
n010 -> n0101;
n0102[label = "NearestFirstNode"];
n010 -> n0102;
n01 -> n010;
n011[label = "Equal"];
n0110[label = "NearestNeighbor"];
n011 -> n0110;
n0111[label = "FarthestFirstNode"];
n011 -> n0111;
n01 -> n011;
n0 -> n01;
n -> n0;
n1[label = "NearestNeighbor"];
n -> n1;
n2[label = "FarthestFirstNode"];
n -> n2;
}


Generation: 81
Best Individual:
Subpopulation 0:
Evaluated: true
Fitness: Standardized=0.27421898 Adjusted=0.78479445 Hits=0
Tree 0:
digraph g {
node [shape=rectangle];
n[label = "If_Then_Else"];
n0[label = "If_Then"];
n00[label = "Equal"];
n000[label = "NearestNeighbor"];
n00 -> n000;
n001[label = "FarthestFirstNode"];
n00 -> n001;
n0 -> n00;
n01[label = "If_Then"];
n010[label = "If_Then_Else"];
n0100[label = "FarthestFirstNode"];
n010 -> n0100;
n0101[label = "FarthestNeighbor"];
n010 -> n0101;
n0102[label = "NearestFirstNode"];
n010 -> n0102;
n01 -> n010;
n011[label = "Equal"];
n0110[label = "NearestNeighbor"];
n011 -> n0110;
n0111[label = "FarthestFirstNode"];
n011 -> n0111;
n01 -> n011;
n0 -> n01;
n -> n0;
n1[label = "NearestNeighbor"];
n -> n1;
n2[label = "FarthestFirstNode"];
n -> n2;
}


Generation: 82
Best Individual:
Subpopulation 0:
Evaluated: true
Fitness: Standardized=0.27421898 Adjusted=0.78479445 Hits=0
Tree 0:
digraph g {
node [shape=rectangle];
n[label = "If_Then_Else"];
n0[label = "If_Then"];
n00[label = "Equal"];
n000[label = "NearestNeighbor"];
n00 -> n000;
n001[label = "FarthestFirstNode"];
n00 -> n001;
n0 -> n00;
n01[label = "If_Then"];
n010[label = "If_Then_Else"];
n0100[label = "FarthestFirstNode"];
n010 -> n0100;
n0101[label = "FarthestNeighbor"];
n010 -> n0101;
n0102[label = "NearestFirstNode"];
n010 -> n0102;
n01 -> n010;
n011[label = "Equal"];
n0110[label = "NearestNeighbor"];
n011 -> n0110;
n0111[label = "FarthestFirstNode"];
n011 -> n0111;
n01 -> n011;
n0 -> n01;
n -> n0;
n1[label = "NearestNeighbor"];
n -> n1;
n2[label = "FarthestFirstNode"];
n -> n2;
}


Generation: 83
Best Individual:
Subpopulation 0:
Evaluated: true
Fitness: Standardized=0.27421898 Adjusted=0.78479445 Hits=0
Tree 0:
digraph g {
node [shape=rectangle];
n[label = "If_Then_Else"];
n0[label = "If_Then"];
n00[label = "Equal"];
n000[label = "NearestNeighbor"];
n00 -> n000;
n001[label = "FarthestFirstNode"];
n00 -> n001;
n0 -> n00;
n01[label = "If_Then"];
n010[label = "If_Then_Else"];
n0100[label = "FarthestFirstNode"];
n010 -> n0100;
n0101[label = "FarthestNeighbor"];
n010 -> n0101;
n0102[label = "NearestFirstNode"];
n010 -> n0102;
n01 -> n010;
n011[label = "Equal"];
n0110[label = "NearestNeighbor"];
n011 -> n0110;
n0111[label = "FarthestFirstNode"];
n011 -> n0111;
n01 -> n011;
n0 -> n01;
n -> n0;
n1[label = "NearestNeighbor"];
n -> n1;
n2[label = "FarthestFirstNode"];
n -> n2;
}


Generation: 84
Best Individual:
Subpopulation 0:
Evaluated: true
Fitness: Standardized=0.27421898 Adjusted=0.78479445 Hits=0
Tree 0:
digraph g {
node [shape=rectangle];
n[label = "If_Then_Else"];
n0[label = "If_Then"];
n00[label = "If_Then"];
n000[label = "NearestNeighbor"];
n00 -> n000;
n001[label = "FarthestFirstNode"];
n00 -> n001;
n0 -> n00;
n01[label = "If_Then"];
n010[label = "If_Then_Else"];
n0100[label = "FarthestFirstNode"];
n010 -> n0100;
n0101[label = "FarthestNeighbor"];
n010 -> n0101;
n0102[label = "NearestFirstNode"];
n010 -> n0102;
n01 -> n010;
n011[label = "Equal"];
n0110[label = "NearestNeighbor"];
n011 -> n0110;
n0111[label = "FarthestFirstNode"];
n011 -> n0111;
n01 -> n011;
n0 -> n01;
n -> n0;
n1[label = "NearestNeighbor"];
n -> n1;
n2[label = "FarthestFirstNode"];
n -> n2;
}


Generation: 85
Best Individual:
Subpopulation 0:
Evaluated: true
Fitness: Standardized=0.27421898 Adjusted=0.78479445 Hits=0
Tree 0:
digraph g {
node [shape=rectangle];
n[label = "If_Then_Else"];
n0[label = "Equal"];
n00[label = "Equal"];
n000[label = "NearestNeighbor"];
n00 -> n000;
n001[label = "FarthestFirstNode"];
n00 -> n001;
n0 -> n00;
n01[label = "If_Then"];
n010[label = "If_Then_Else"];
n0100[label = "FarthestFirstNode"];
n010 -> n0100;
n0101[label = "FarthestNeighbor"];
n010 -> n0101;
n0102[label = "NearestFirstNode"];
n010 -> n0102;
n01 -> n010;
n011[label = "Equal"];
n0110[label = "NearestNeighbor"];
n011 -> n0110;
n0111[label = "FarthestFirstNode"];
n011 -> n0111;
n01 -> n011;
n0 -> n01;
n -> n0;
n1[label = "NearestNeighbor"];
n -> n1;
n2[label = "FarthestFirstNode"];
n -> n2;
}


Generation: 86
Best Individual:
Subpopulation 0:
Evaluated: true
Fitness: Standardized=0.27421898 Adjusted=0.78479445 Hits=0
Tree 0:
digraph g {
node [shape=rectangle];
n[label = "If_Then_Else"];
n0[label = "If_Then"];
n00[label = "Equal"];
n000[label = "NearestNeighbor"];
n00 -> n000;
n001[label = "FarthestFirstNode"];
n00 -> n001;
n0 -> n00;
n01[label = "If_Then"];
n010[label = "If_Then_Else"];
n0100[label = "FarthestFirstNode"];
n010 -> n0100;
n0101[label = "FarthestNeighbor"];
n010 -> n0101;
n0102[label = "NearestFirstNode"];
n010 -> n0102;
n01 -> n010;
n011[label = "Equal"];
n0110[label = "NearestNeighbor"];
n011 -> n0110;
n0111[label = "FarthestFirstNode"];
n011 -> n0111;
n01 -> n011;
n0 -> n01;
n -> n0;
n1[label = "NearestNeighbor"];
n -> n1;
n2[label = "FarthestFirstNode"];
n -> n2;
}


Generation: 87
Best Individual:
Subpopulation 0:
Evaluated: true
Fitness: Standardized=0.27421898 Adjusted=0.78479445 Hits=0
Tree 0:
digraph g {
node [shape=rectangle];
n[label = "If_Then_Else"];
n0[label = "If_Then"];
n00[label = "Equal"];
n000[label = "NearestNeighbor"];
n00 -> n000;
n001[label = "FarthestFirstNode"];
n00 -> n001;
n0 -> n00;
n01[label = "If_Then"];
n010[label = "If_Then_Else"];
n0100[label = "FarthestFirstNode"];
n010 -> n0100;
n0101[label = "FarthestNeighbor"];
n010 -> n0101;
n0102[label = "NearestFirstNode"];
n010 -> n0102;
n01 -> n010;
n011[label = "Equal"];
n0110[label = "NearestNeighbor"];
n011 -> n0110;
n0111[label = "FarthestFirstNode"];
n011 -> n0111;
n01 -> n011;
n0 -> n01;
n -> n0;
n1[label = "NearestNeighbor"];
n -> n1;
n2[label = "FarthestFirstNode"];
n -> n2;
}


Generation: 88
Best Individual:
Subpopulation 0:
Evaluated: true
Fitness: Standardized=0.27421898 Adjusted=0.78479445 Hits=0
Tree 0:
digraph g {
node [shape=rectangle];
n[label = "If_Then_Else"];
n0[label = "If_Then"];
n00[label = "Equal"];
n000[label = "NearestNeighbor"];
n00 -> n000;
n001[label = "FarthestFirstNode"];
n00 -> n001;
n0 -> n00;
n01[label = "If_Then"];
n010[label = "If_Then_Else"];
n0100[label = "FarthestFirstNode"];
n010 -> n0100;
n0101[label = "FarthestNeighbor"];
n010 -> n0101;
n0102[label = "NearestFirstNode"];
n010 -> n0102;
n01 -> n010;
n011[label = "Equal"];
n0110[label = "NearestNeighbor"];
n011 -> n0110;
n0111[label = "FarthestFirstNode"];
n011 -> n0111;
n01 -> n011;
n0 -> n01;
n -> n0;
n1[label = "NearestNeighbor"];
n -> n1;
n2[label = "FarthestFirstNode"];
n -> n2;
}


Generation: 89
Best Individual:
Subpopulation 0:
Evaluated: true
Fitness: Standardized=0.27421898 Adjusted=0.78479445 Hits=0
Tree 0:
digraph g {
node [shape=rectangle];
n[label = "If_Then_Else"];
n0[label = "If_Then"];
n00[label = "Equal"];
n000[label = "NearestNeighbor"];
n00 -> n000;
n001[label = "FarthestFirstNode"];
n00 -> n001;
n0 -> n00;
n01[label = "If_Then"];
n010[label = "If_Then_Else"];
n0100[label = "FarthestFirstNode"];
n010 -> n0100;
n0101[label = "FarthestNeighbor"];
n010 -> n0101;
n0102[label = "NearestFirstNode"];
n010 -> n0102;
n01 -> n010;
n011[label = "Equal"];
n0110[label = "NearestNeighbor"];
n011 -> n0110;
n0111[label = "FarthestFirstNode"];
n011 -> n0111;
n01 -> n011;
n0 -> n01;
n -> n0;
n1[label = "NearestNeighbor"];
n -> n1;
n2[label = "FarthestFirstNode"];
n -> n2;
}


Generation: 90
Best Individual:
Subpopulation 0:
Evaluated: true
Fitness: Standardized=0.27421898 Adjusted=0.78479445 Hits=0
Tree 0:
digraph g {
node [shape=rectangle];
n[label = "If_Then_Else"];
n0[label = "If_Then"];
n00[label = "Equal"];
n000[label = "NearestNeighbor"];
n00 -> n000;
n001[label = "FarthestFirstNode"];
n00 -> n001;
n0 -> n00;
n01[label = "If_Then"];
n010[label = "If_Then_Else"];
n0100[label = "FarthestFirstNode"];
n010 -> n0100;
n0101[label = "FarthestNeighbor"];
n010 -> n0101;
n0102[label = "NearestFirstNode"];
n010 -> n0102;
n01 -> n010;
n011[label = "Equal"];
n0110[label = "NearestNeighbor"];
n011 -> n0110;
n0111[label = "FarthestFirstNode"];
n011 -> n0111;
n01 -> n011;
n0 -> n01;
n -> n0;
n1[label = "NearestNeighbor"];
n -> n1;
n2[label = "FarthestFirstNode"];
n -> n2;
}


Generation: 91
Best Individual:
Subpopulation 0:
Evaluated: true
Fitness: Standardized=0.27421898 Adjusted=0.78479445 Hits=0
Tree 0:
digraph g {
node [shape=rectangle];
n[label = "If_Then_Else"];
n0[label = "If_Then"];
n00[label = "Equal"];
n000[label = "NearestNeighbor"];
n00 -> n000;
n001[label = "FarthestFirstNode"];
n00 -> n001;
n0 -> n00;
n01[label = "If_Then"];
n010[label = "If_Then_Else"];
n0100[label = "FarthestFirstNode"];
n010 -> n0100;
n0101[label = "FarthestNeighbor"];
n010 -> n0101;
n0102[label = "NearestFirstNode"];
n010 -> n0102;
n01 -> n010;
n011[label = "Equal"];
n0110[label = "NearestNeighbor"];
n011 -> n0110;
n0111[label = "FarthestFirstNode"];
n011 -> n0111;
n01 -> n011;
n0 -> n01;
n -> n0;
n1[label = "NearestNeighbor"];
n -> n1;
n2[label = "FarthestFirstNode"];
n -> n2;
}


Generation: 92
Best Individual:
Subpopulation 0:
Evaluated: true
Fitness: Standardized=0.27421898 Adjusted=0.78479445 Hits=0
Tree 0:
digraph g {
node [shape=rectangle];
n[label = "If_Then_Else"];
n0[label = "If_Then"];
n00[label = "Equal"];
n000[label = "NearestNeighbor"];
n00 -> n000;
n001[label = "FarthestFirstNode"];
n00 -> n001;
n0 -> n00;
n01[label = "If_Then"];
n010[label = "If_Then_Else"];
n0100[label = "FarthestFirstNode"];
n010 -> n0100;
n0101[label = "FarthestNeighbor"];
n010 -> n0101;
n0102[label = "NearestFirstNode"];
n010 -> n0102;
n01 -> n010;
n011[label = "Equal"];
n0110[label = "NearestNeighbor"];
n011 -> n0110;
n0111[label = "FarthestFirstNode"];
n011 -> n0111;
n01 -> n011;
n0 -> n01;
n -> n0;
n1[label = "NearestNeighbor"];
n -> n1;
n2[label = "FarthestFirstNode"];
n -> n2;
}


Generation: 93
Best Individual:
Subpopulation 0:
Evaluated: true
Fitness: Standardized=0.2696565 Adjusted=0.7876146 Hits=0
Tree 0:
digraph g {
node [shape=rectangle];
n[label = "If_Then_Else"];
n0[label = "If_Then"];
n00[label = "Equal"];
n000[label = "NearestNeighbor"];
n00 -> n000;
n001[label = "If_Then_Else"];
n0010[label = "FarthestFirstNode"];
n001 -> n0010;
n0011[label = "FarthestNeighbor"];
n001 -> n0011;
n0012[label = "NearestFirstNode"];
n001 -> n0012;
n00 -> n001;
n0 -> n00;
n01[label = "If_Then"];
n010[label = "Equal"];
n0100[label = "NearestNeighbor"];
n010 -> n0100;
n0101[label = "FarthestFirstNode"];
n010 -> n0101;
n01 -> n010;
n011[label = "Equal"];
n0110[label = "NearestNeighbor"];
n011 -> n0110;
n0111[label = "FarthestFirstNode"];
n011 -> n0111;
n01 -> n011;
n0 -> n01;
n -> n0;
n1[label = "NearestNeighbor"];
n -> n1;
n2[label = "FarthestFirstNode"];
n -> n2;
}


Generation: 94
Best Individual:
Subpopulation 0:
Evaluated: true
Fitness: Standardized=0.2696565 Adjusted=0.7876146 Hits=0
Tree 0:
digraph g {
node [shape=rectangle];
n[label = "If_Then_Else"];
n0[label = "If_Then"];
n00[label = "Equal"];
n000[label = "NearestNeighbor"];
n00 -> n000;
n001[label = "If_Then_Else"];
n0010[label = "FarthestFirstNode"];
n001 -> n0010;
n0011[label = "FarthestNeighbor"];
n001 -> n0011;
n0012[label = "NearestFirstNode"];
n001 -> n0012;
n00 -> n001;
n0 -> n00;
n01[label = "If_Then"];
n010[label = "Equal"];
n0100[label = "NearestNeighbor"];
n010 -> n0100;
n0101[label = "FarthestFirstNode"];
n010 -> n0101;
n01 -> n010;
n011[label = "Equal"];
n0110[label = "NearestNeighbor"];
n011 -> n0110;
n0111[label = "FarthestFirstNode"];
n011 -> n0111;
n01 -> n011;
n0 -> n01;
n -> n0;
n1[label = "NearestNeighbor"];
n -> n1;
n2[label = "FarthestFirstNode"];
n -> n2;
}


Generation: 95
Best Individual:
Subpopulation 0:
Evaluated: true
Fitness: Standardized=0.2696565 Adjusted=0.7876146 Hits=0
Tree 0:
digraph g {
node [shape=rectangle];
n[label = "If_Then_Else"];
n0[label = "If_Then"];
n00[label = "Equal"];
n000[label = "NearestNeighbor"];
n00 -> n000;
n001[label = "If_Then_Else"];
n0010[label = "FarthestFirstNode"];
n001 -> n0010;
n0011[label = "FarthestNeighbor"];
n001 -> n0011;
n0012[label = "NearestFirstNode"];
n001 -> n0012;
n00 -> n001;
n0 -> n00;
n01[label = "If_Then"];
n010[label = "Equal"];
n0100[label = "NearestNeighbor"];
n010 -> n0100;
n0101[label = "FarthestFirstNode"];
n010 -> n0101;
n01 -> n010;
n011[label = "Equal"];
n0110[label = "NearestNeighbor"];
n011 -> n0110;
n0111[label = "FarthestFirstNode"];
n011 -> n0111;
n01 -> n011;
n0 -> n01;
n -> n0;
n1[label = "NearestNeighbor"];
n -> n1;
n2[label = "FarthestFirstNode"];
n -> n2;
}


Generation: 96
Best Individual:
Subpopulation 0:
Evaluated: true
Fitness: Standardized=0.2696565 Adjusted=0.7876146 Hits=0
Tree 0:
digraph g {
node [shape=rectangle];
n[label = "If_Then_Else"];
n0[label = "If_Then"];
n00[label = "Equal"];
n000[label = "NearestNeighbor"];
n00 -> n000;
n001[label = "If_Then_Else"];
n0010[label = "FarthestFirstNode"];
n001 -> n0010;
n0011[label = "FarthestNeighbor"];
n001 -> n0011;
n0012[label = "NearestFirstNode"];
n001 -> n0012;
n00 -> n001;
n0 -> n00;
n01[label = "If_Then"];
n010[label = "Equal"];
n0100[label = "NearestNeighbor"];
n010 -> n0100;
n0101[label = "FarthestFirstNode"];
n010 -> n0101;
n01 -> n010;
n011[label = "Equal"];
n0110[label = "NearestNeighbor"];
n011 -> n0110;
n0111[label = "FarthestNeighbor"];
n011 -> n0111;
n01 -> n011;
n0 -> n01;
n -> n0;
n1[label = "NearestNeighbor"];
n -> n1;
n2[label = "FarthestFirstNode"];
n -> n2;
}


Generation: 97
Best Individual:
Subpopulation 0:
Evaluated: true
Fitness: Standardized=0.26393914 Adjusted=0.79117733 Hits=0
Tree 0:
digraph g {
node [shape=rectangle];
n[label = "If_Then_Else"];
n0[label = "If_Then"];
n00[label = "If_Then"];
n000[label = "Equal"];
n0000[label = "NearestNeighbor"];
n000 -> n0000;
n0001[label = "FarthestFirstNode"];
n000 -> n0001;
n00 -> n000;
n001[label = "Equal"];
n0010[label = "NearestNeighbor"];
n001 -> n0010;
n0011[label = "FarthestNeighbor"];
n001 -> n0011;
n00 -> n001;
n0 -> n00;
n01[label = "If_Then"];
n010[label = "Equal"];
n0100[label = "NearestNeighbor"];
n010 -> n0100;
n0101[label = "FarthestFirstNode"];
n010 -> n0101;
n01 -> n010;
n011[label = "Equal"];
n0110[label = "NearestNeighbor"];
n011 -> n0110;
n0111[label = "FarthestFirstNode"];
n011 -> n0111;
n01 -> n011;
n0 -> n01;
n -> n0;
n1[label = "NearestNeighbor"];
n -> n1;
n2[label = "FarthestFirstNode"];
n -> n2;
}


Generation: 98
Best Individual:
Subpopulation 0:
Evaluated: true
Fitness: Standardized=0.26393914 Adjusted=0.79117733 Hits=0
Tree 0:
digraph g {
node [shape=rectangle];
n[label = "If_Then_Else"];
n0[label = "If_Then"];
n00[label = "If_Then"];
n000[label = "Equal"];
n0000[label = "NearestNeighbor"];
n000 -> n0000;
n0001[label = "FarthestFirstNode"];
n000 -> n0001;
n00 -> n000;
n001[label = "Equal"];
n0010[label = "NearestNeighbor"];
n001 -> n0010;
n0011[label = "FarthestNeighbor"];
n001 -> n0011;
n00 -> n001;
n0 -> n00;
n01[label = "If_Then"];
n010[label = "Equal"];
n0100[label = "NearestNeighbor"];
n010 -> n0100;
n0101[label = "FarthestFirstNode"];
n010 -> n0101;
n01 -> n010;
n011[label = "Equal"];
n0110[label = "NearestNeighbor"];
n011 -> n0110;
n0111[label = "FarthestFirstNode"];
n011 -> n0111;
n01 -> n011;
n0 -> n01;
n -> n0;
n1[label = "NearestNeighbor"];
n -> n1;
n2[label = "FarthestFirstNode"];
n -> n2;
}


Generation: 99
Best Individual:
Subpopulation 0:
Evaluated: true
Fitness: Standardized=0.26393914 Adjusted=0.79117733 Hits=0
Tree 0:
digraph g {
node [shape=rectangle];
n[label = "If_Then_Else"];
n0[label = "If_Then"];
n00[label = "If_Then"];
n000[label = "Equal"];
n0000[label = "NearestNeighbor"];
n000 -> n0000;
n0001[label = "FarthestFirstNode"];
n000 -> n0001;
n00 -> n000;
n001[label = "Equal"];
n0010[label = "NearestNeighbor"];
n001 -> n0010;
n0011[label = "FarthestNeighbor"];
n001 -> n0011;
n00 -> n001;
n0 -> n00;
n01[label = "If_Then"];
n010[label = "Equal"];
n0100[label = "NearestNeighbor"];
n010 -> n0100;
n0101[label = "FarthestFirstNode"];
n010 -> n0101;
n01 -> n010;
n011[label = "Equal"];
n0110[label = "NearestNeighbor"];
n011 -> n0110;
n0111[label = "FarthestFirstNode"];
n011 -> n0111;
n01 -> n011;
n0 -> n01;
n -> n0;
n1[label = "NearestNeighbor"];
n -> n1;
n2[label = "FarthestFirstNode"];
n -> n2;
}


Best Individual of Run:
Subpopulation 0:
Evaluated: true
Fitness: Standardized=0.26393914 Adjusted=0.79117733 Hits=0
Tree 0:
digraph g {
node [shape=rectangle];
n[label = "If_Then_Else"];
n0[label = "If_Then"];
n00[label = "If_Then"];
n000[label = "Equal"];
n0000[label = "NearestNeighbor"];
n000 -> n0000;
n0001[label = "FarthestFirstNode"];
n000 -> n0001;
n00 -> n000;
n001[label = "Equal"];
n0010[label = "NearestNeighbor"];
n001 -> n0010;
n0011[label = "FarthestNeighbor"];
n001 -> n0011;
n00 -> n001;
n0 -> n00;
n01[label = "If_Then"];
n010[label = "Equal"];
n0100[label = "NearestNeighbor"];
n010 -> n0100;
n0101[label = "FarthestFirstNode"];
n010 -> n0101;
n01 -> n010;
n011[label = "Equal"];
n0110[label = "NearestNeighbor"];
n011 -> n0110;
n0111[label = "FarthestFirstNode"];
n011 -> n0111;
n01 -> n011;
n0 -> n01;
n -> n0;
n1[label = "NearestNeighbor"];
n -> n1;
n2[label = "FarthestFirstNode"];
n -> n2;
}

