
Generation: 0
Best Individual:
Subpopulation 0:
Evaluated: true
Fitness: Standardized=0.59247154 Adjusted=0.62795466 Hits=0
Tree 0:
digraph g {
node [shape=rectangle];
n[label = "If_Then"];
n0[label = "Or"];
n00[label = "If_Then_Else"];
n000[label = "FarthestNeighbor"];
n00 -> n000;
n001[label = "NearestFirstNode"];
n00 -> n001;
n002[label = "NearestFirstNode"];
n00 -> n002;
n0 -> n00;
n01[label = "If_Then"];
n010[label = "FarthestInsertion"];
n01 -> n010;
n011[label = "FarthestNeighbor"];
n01 -> n011;
n0 -> n01;
n -> n0;
n1[label = "Equal"];
n10[label = "If_Then_Else"];
n100[label = "WorstMove"];
n10 -> n100;
n101[label = "NearestFirstNode"];
n10 -> n101;
n102[label = "BestMove"];
n10 -> n102;
n1 -> n10;
n11[label = "And"];
n110[label = "FarthestNeighbor"];
n11 -> n110;
n111[label = "NearestFirstNode"];
n11 -> n111;
n1 -> n11;
n -> n1;
}


Generation: 1
Best Individual:
Subpopulation 0:
Evaluated: true
Fitness: Standardized=0.36344463 Adjusted=0.73343647 Hits=0
Tree 0:
digraph g {
node [shape=rectangle];
n[label = "If_Then"];
n0[label = "Or"];
n00[label = "If_Then_Else"];
n000[label = "FarthestNeighbor"];
n00 -> n000;
n001[label = "NearestFirstNode"];
n00 -> n001;
n002[label = "NearestFirstNode"];
n00 -> n002;
n0 -> n00;
n01[label = "If_Then"];
n010[label = "FarthestInsertion"];
n01 -> n010;
n011[label = "FarthestNeighbor"];
n01 -> n011;
n0 -> n01;
n -> n0;
n1[label = "Equal"];
n10[label = "If_Then_Else"];
n100[label = "WorstMove"];
n10 -> n100;
n101[label = "NearestFirstNode"];
n10 -> n101;
n102[label = "FarthestInsertion"];
n10 -> n102;
n1 -> n10;
n11[label = "And"];
n110[label = "FarthestNeighbor"];
n11 -> n110;
n111[label = "NearestFirstNode"];
n11 -> n111;
n1 -> n11;
n -> n1;
}


Generation: 2
Best Individual:
Subpopulation 0:
Evaluated: true
Fitness: Standardized=0.32584286 Adjusted=0.7542372 Hits=0
Tree 0:
digraph g {
node [shape=rectangle];
n[label = "If_Then"];
n0[label = "Or"];
n00[label = "If_Then_Else"];
n000[label = "If_Then_Else"];
n0000[label = "FarthestInsertion"];
n000 -> n0000;
n0001[label = "FarthestFirstNode"];
n000 -> n0001;
n0002[label = "NearestInsertion"];
n000 -> n0002;
n00 -> n000;
n001[label = "NearestInsertion"];
n00 -> n001;
n002[label = "NearestInsertion"];
n00 -> n002;
n0 -> n00;
n01[label = "If_Then"];
n010[label = "FarthestInsertion"];
n01 -> n010;
n011[label = "FarthestNeighbor"];
n01 -> n011;
n0 -> n01;
n -> n0;
n1[label = "Equal"];
n10[label = "If_Then_Else"];
n100[label = "WorstMove"];
n10 -> n100;
n101[label = "NearestFirstNode"];
n10 -> n101;
n102[label = "BestMove"];
n10 -> n102;
n1 -> n10;
n11[label = "Or"];
n110[label = "If_Then_Else"];
n1100[label = "FarthestNeighbor"];
n110 -> n1100;
n1101[label = "NearestFirstNode"];
n110 -> n1101;
n1102[label = "NearestFirstNode"];
n110 -> n1102;
n11 -> n110;
n111[label = "If_Then"];
n1110[label = "FarthestInsertion"];
n111 -> n1110;
n1111[label = "FarthestNeighbor"];
n111 -> n1111;
n11 -> n111;
n1 -> n11;
n -> n1;
}


Generation: 3
Best Individual:
Subpopulation 0:
Evaluated: true
Fitness: Standardized=0.27846417 Adjusted=0.78218853 Hits=0
Tree 0:
digraph g {
node [shape=rectangle];
n[label = "If_Then"];
n0[label = "Or"];
n00[label = "If_Then_Else"];
n000[label = "FarthestNeighbor"];
n00 -> n000;
n001[label = "If_Then"];
n0010[label = "FarthestInsertion"];
n001 -> n0010;
n0011[label = "FarthestNeighbor"];
n001 -> n0011;
n00 -> n001;
n002[label = "NearestFirstNode"];
n00 -> n002;
n0 -> n00;
n01[label = "If_Then_Else"];
n010[label = "FarthestNeighbor"];
n01 -> n010;
n011[label = "NearestFirstNode"];
n01 -> n011;
n012[label = "NearestFirstNode"];
n01 -> n012;
n0 -> n01;
n -> n0;
n1[label = "Equal"];
n10[label = "If_Then_Else"];
n100[label = "WorstMove"];
n10 -> n100;
n101[label = "NearestFirstNode"];
n10 -> n101;
n102[label = "FarthestInsertion"];
n10 -> n102;
n1 -> n10;
n11[label = "And"];
n110[label = "FarthestNeighbor"];
n11 -> n110;
n111[label = "NearestFirstNode"];
n11 -> n111;
n1 -> n11;
n -> n1;
}


Generation: 4
Best Individual:
Subpopulation 0:
Evaluated: true
Fitness: Standardized=0.27846417 Adjusted=0.78218853 Hits=0
Tree 0:
digraph g {
node [shape=rectangle];
n[label = "If_Then"];
n0[label = "Or"];
n00[label = "If_Then_Else"];
n000[label = "FarthestNeighbor"];
n00 -> n000;
n001[label = "If_Then"];
n0010[label = "FarthestInsertion"];
n001 -> n0010;
n0011[label = "FarthestNeighbor"];
n001 -> n0011;
n00 -> n001;
n002[label = "NearestFirstNode"];
n00 -> n002;
n0 -> n00;
n01[label = "If_Then_Else"];
n010[label = "FarthestNeighbor"];
n01 -> n010;
n011[label = "NearestFirstNode"];
n01 -> n011;
n012[label = "NearestFirstNode"];
n01 -> n012;
n0 -> n01;
n -> n0;
n1[label = "Equal"];
n10[label = "If_Then_Else"];
n100[label = "WorstMove"];
n10 -> n100;
n101[label = "NearestFirstNode"];
n10 -> n101;
n102[label = "FarthestInsertion"];
n10 -> n102;
n1 -> n10;
n11[label = "And"];
n110[label = "FarthestNeighbor"];
n11 -> n110;
n111[label = "NearestFirstNode"];
n11 -> n111;
n1 -> n11;
n -> n1;
}


Generation: 5
Best Individual:
Subpopulation 0:
Evaluated: true
Fitness: Standardized=0.27846417 Adjusted=0.78218853 Hits=0
Tree 0:
digraph g {
node [shape=rectangle];
n[label = "If_Then"];
n0[label = "Or"];
n00[label = "If_Then_Else"];
n000[label = "FarthestNeighbor"];
n00 -> n000;
n001[label = "If_Then"];
n0010[label = "FarthestInsertion"];
n001 -> n0010;
n0011[label = "FarthestNeighbor"];
n001 -> n0011;
n00 -> n001;
n002[label = "NearestFirstNode"];
n00 -> n002;
n0 -> n00;
n01[label = "If_Then_Else"];
n010[label = "FarthestNeighbor"];
n01 -> n010;
n011[label = "NearestFirstNode"];
n01 -> n011;
n012[label = "NearestFirstNode"];
n01 -> n012;
n0 -> n01;
n -> n0;
n1[label = "Equal"];
n10[label = "If_Then_Else"];
n100[label = "WorstMove"];
n10 -> n100;
n101[label = "NearestFirstNode"];
n10 -> n101;
n102[label = "FarthestInsertion"];
n10 -> n102;
n1 -> n10;
n11[label = "And"];
n110[label = "FarthestNeighbor"];
n11 -> n110;
n111[label = "NearestFirstNode"];
n11 -> n111;
n1 -> n11;
n -> n1;
}


Generation: 6
Best Individual:
Subpopulation 0:
Evaluated: true
Fitness: Standardized=0.27846417 Adjusted=0.78218853 Hits=0
Tree 0:
digraph g {
node [shape=rectangle];
n[label = "If_Then"];
n0[label = "Or"];
n00[label = "If_Then_Else"];
n000[label = "FarthestNeighbor"];
n00 -> n000;
n001[label = "If_Then"];
n0010[label = "FarthestInsertion"];
n001 -> n0010;
n0011[label = "FarthestNeighbor"];
n001 -> n0011;
n00 -> n001;
n002[label = "NearestFirstNode"];
n00 -> n002;
n0 -> n00;
n01[label = "If_Then_Else"];
n010[label = "FarthestNeighbor"];
n01 -> n010;
n011[label = "NearestFirstNode"];
n01 -> n011;
n012[label = "NearestFirstNode"];
n01 -> n012;
n0 -> n01;
n -> n0;
n1[label = "Equal"];
n10[label = "If_Then_Else"];
n100[label = "WorstMove"];
n10 -> n100;
n101[label = "NearestFirstNode"];
n10 -> n101;
n102[label = "FarthestInsertion"];
n10 -> n102;
n1 -> n10;
n11[label = "And"];
n110[label = "FarthestNeighbor"];
n11 -> n110;
n111[label = "NearestFirstNode"];
n11 -> n111;
n1 -> n11;
n -> n1;
}


Generation: 7
Best Individual:
Subpopulation 0:
Evaluated: true
Fitness: Standardized=0.2749832 Adjusted=0.7843241 Hits=0
Tree 0:
digraph g {
node [shape=rectangle];
n[label = "If_Then"];
n0[label = "Or"];
n00[label = "If_Then_Else"];
n000[label = "If_Then_Else"];
n0000[label = "FarthestNeighbor"];
n000 -> n0000;
n0001[label = "NearestFirstNode"];
n000 -> n0001;
n0002[label = "NearestFirstNode"];
n000 -> n0002;
n00 -> n000;
n001[label = "If_Then"];
n0010[label = "FarthestInsertion"];
n001 -> n0010;
n0011[label = "FarthestNeighbor"];
n001 -> n0011;
n00 -> n001;
n002[label = "NearestFirstNode"];
n00 -> n002;
n0 -> n00;
n01[label = "If_Then_Else"];
n010[label = "WorstMove"];
n01 -> n010;
n011[label = "NearestFirstNode"];
n01 -> n011;
n012[label = "FarthestInsertion"];
n01 -> n012;
n0 -> n01;
n -> n0;
n1[label = "Equal"];
n10[label = "If_Then_Else"];
n100[label = "WorstMove"];
n10 -> n100;
n101[label = "NearestFirstNode"];
n10 -> n101;
n102[label = "FarthestInsertion"];
n10 -> n102;
n1 -> n10;
n11[label = "And"];
n110[label = "FarthestNeighbor"];
n11 -> n110;
n111[label = "NearestFirstNode"];
n11 -> n111;
n1 -> n11;
n -> n1;
}


Generation: 8
Best Individual:
Subpopulation 0:
Evaluated: true
Fitness: Standardized=0.2749832 Adjusted=0.7843241 Hits=0
Tree 0:
digraph g {
node [shape=rectangle];
n[label = "If_Then"];
n0[label = "Or"];
n00[label = "If_Then_Else"];
n000[label = "If_Then_Else"];
n0000[label = "FarthestNeighbor"];
n000 -> n0000;
n0001[label = "NearestFirstNode"];
n000 -> n0001;
n0002[label = "NearestFirstNode"];
n000 -> n0002;
n00 -> n000;
n001[label = "If_Then"];
n0010[label = "FarthestInsertion"];
n001 -> n0010;
n0011[label = "FarthestNeighbor"];
n001 -> n0011;
n00 -> n001;
n002[label = "NearestFirstNode"];
n00 -> n002;
n0 -> n00;
n01[label = "If_Then_Else"];
n010[label = "If_Then_Else"];
n0100[label = "WorstMove"];
n010 -> n0100;
n0101[label = "NearestFirstNode"];
n010 -> n0101;
n0102[label = "FarthestInsertion"];
n010 -> n0102;
n01 -> n010;
n011[label = "NearestFirstNode"];
n01 -> n011;
n012[label = "FarthestInsertion"];
n01 -> n012;
n0 -> n01;
n -> n0;
n1[label = "Equal"];
n10[label = "If_Then_Else"];
n100[label = "WorstMove"];
n10 -> n100;
n101[label = "NearestFirstNode"];
n10 -> n101;
n102[label = "FarthestInsertion"];
n10 -> n102;
n1 -> n10;
n11[label = "And"];
n110[label = "FarthestNeighbor"];
n11 -> n110;
n111[label = "NearestFirstNode"];
n11 -> n111;
n1 -> n11;
n -> n1;
}


Generation: 9
Best Individual:
Subpopulation 0:
Evaluated: true
Fitness: Standardized=0.2749832 Adjusted=0.7843241 Hits=0
Tree 0:
digraph g {
node [shape=rectangle];
n[label = "If_Then"];
n0[label = "Or"];
n00[label = "If_Then_Else"];
n000[label = "If_Then_Else"];
n0000[label = "FarthestNeighbor"];
n000 -> n0000;
n0001[label = "NearestFirstNode"];
n000 -> n0001;
n0002[label = "NearestFirstNode"];
n000 -> n0002;
n00 -> n000;
n001[label = "If_Then"];
n0010[label = "FarthestInsertion"];
n001 -> n0010;
n0011[label = "FarthestNeighbor"];
n001 -> n0011;
n00 -> n001;
n002[label = "NearestFirstNode"];
n00 -> n002;
n0 -> n00;
n01[label = "If_Then_Else"];
n010[label = "WorstMove"];
n01 -> n010;
n011[label = "NearestFirstNode"];
n01 -> n011;
n012[label = "FarthestInsertion"];
n01 -> n012;
n0 -> n01;
n -> n0;
n1[label = "Equal"];
n10[label = "If_Then_Else"];
n100[label = "WorstMove"];
n10 -> n100;
n101[label = "NearestFirstNode"];
n10 -> n101;
n102[label = "FarthestInsertion"];
n10 -> n102;
n1 -> n10;
n11[label = "And"];
n110[label = "FarthestNeighbor"];
n11 -> n110;
n111[label = "NearestFirstNode"];
n11 -> n111;
n1 -> n11;
n -> n1;
}


Generation: 10
Best Individual:
Subpopulation 0:
Evaluated: true
Fitness: Standardized=0.2749832 Adjusted=0.7843241 Hits=0
Tree 0:
digraph g {
node [shape=rectangle];
n[label = "If_Then"];
n0[label = "Or"];
n00[label = "If_Then_Else"];
n000[label = "If_Then_Else"];
n0000[label = "FarthestNeighbor"];
n000 -> n0000;
n0001[label = "NearestFirstNode"];
n000 -> n0001;
n0002[label = "NearestFirstNode"];
n000 -> n0002;
n00 -> n000;
n001[label = "If_Then"];
n0010[label = "FarthestInsertion"];
n001 -> n0010;
n0011[label = "FarthestNeighbor"];
n001 -> n0011;
n00 -> n001;
n002[label = "NearestFirstNode"];
n00 -> n002;
n0 -> n00;
n01[label = "If_Then_Else"];
n010[label = "WorstMove"];
n01 -> n010;
n011[label = "NearestFirstNode"];
n01 -> n011;
n012[label = "FarthestInsertion"];
n01 -> n012;
n0 -> n01;
n -> n0;
n1[label = "Equal"];
n10[label = "If_Then_Else"];
n100[label = "WorstMove"];
n10 -> n100;
n101[label = "NearestFirstNode"];
n10 -> n101;
n102[label = "FarthestInsertion"];
n10 -> n102;
n1 -> n10;
n11[label = "And"];
n110[label = "FarthestNeighbor"];
n11 -> n110;
n111[label = "NearestFirstNode"];
n11 -> n111;
n1 -> n11;
n -> n1;
}


Generation: 11
Best Individual:
Subpopulation 0:
Evaluated: true
Fitness: Standardized=0.2749832 Adjusted=0.7843241 Hits=0
Tree 0:
digraph g {
node [shape=rectangle];
n[label = "If_Then"];
n0[label = "Or"];
n00[label = "If_Then_Else"];
n000[label = "If_Then_Else"];
n0000[label = "FarthestNeighbor"];
n000 -> n0000;
n0001[label = "NearestFirstNode"];
n000 -> n0001;
n0002[label = "NearestFirstNode"];
n000 -> n0002;
n00 -> n000;
n001[label = "If_Then"];
n0010[label = "FarthestInsertion"];
n001 -> n0010;
n0011[label = "FarthestNeighbor"];
n001 -> n0011;
n00 -> n001;
n002[label = "NearestFirstNode"];
n00 -> n002;
n0 -> n00;
n01[label = "If_Then_Else"];
n010[label = "WorstMove"];
n01 -> n010;
n011[label = "NearestFirstNode"];
n01 -> n011;
n012[label = "FarthestInsertion"];
n01 -> n012;
n0 -> n01;
n -> n0;
n1[label = "Equal"];
n10[label = "If_Then_Else"];
n100[label = "WorstMove"];
n10 -> n100;
n101[label = "NearestFirstNode"];
n10 -> n101;
n102[label = "FarthestInsertion"];
n10 -> n102;
n1 -> n10;
n11[label = "And"];
n110[label = "FarthestNeighbor"];
n11 -> n110;
n111[label = "NearestFirstNode"];
n11 -> n111;
n1 -> n11;
n -> n1;
}


Generation: 12
Best Individual:
Subpopulation 0:
Evaluated: true
Fitness: Standardized=0.2749832 Adjusted=0.7843241 Hits=0
Tree 0:
digraph g {
node [shape=rectangle];
n[label = "If_Then"];
n0[label = "Or"];
n00[label = "If_Then_Else"];
n000[label = "If_Then_Else"];
n0000[label = "FarthestNeighbor"];
n000 -> n0000;
n0001[label = "NearestFirstNode"];
n000 -> n0001;
n0002[label = "NearestFirstNode"];
n000 -> n0002;
n00 -> n000;
n001[label = "If_Then"];
n0010[label = "FarthestInsertion"];
n001 -> n0010;
n0011[label = "FarthestNeighbor"];
n001 -> n0011;
n00 -> n001;
n002[label = "NearestFirstNode"];
n00 -> n002;
n0 -> n00;
n01[label = "If_Then"];
n010[label = "FarthestInsertion"];
n01 -> n010;
n011[label = "FarthestNeighbor"];
n01 -> n011;
n0 -> n01;
n -> n0;
n1[label = "Equal"];
n10[label = "If_Then_Else"];
n100[label = "WorstMove"];
n10 -> n100;
n101[label = "NearestFirstNode"];
n10 -> n101;
n102[label = "FarthestInsertion"];
n10 -> n102;
n1 -> n10;
n11[label = "And"];
n110[label = "FarthestNeighbor"];
n11 -> n110;
n111[label = "NearestFirstNode"];
n11 -> n111;
n1 -> n11;
n -> n1;
}


Generation: 13
Best Individual:
Subpopulation 0:
Evaluated: true
Fitness: Standardized=0.2749832 Adjusted=0.7843241 Hits=0
Tree 0:
digraph g {
node [shape=rectangle];
n[label = "If_Then"];
n0[label = "Or"];
n00[label = "If_Then_Else"];
n000[label = "If_Then_Else"];
n0000[label = "FarthestNeighbor"];
n000 -> n0000;
n0001[label = "NearestFirstNode"];
n000 -> n0001;
n0002[label = "NearestFirstNode"];
n000 -> n0002;
n00 -> n000;
n001[label = "If_Then"];
n0010[label = "FarthestInsertion"];
n001 -> n0010;
n0011[label = "FarthestNeighbor"];
n001 -> n0011;
n00 -> n001;
n002[label = "NearestFirstNode"];
n00 -> n002;
n0 -> n00;
n01[label = "If_Then_Else"];
n010[label = "If_Then_Else"];
n0100[label = "FarthestNeighbor"];
n010 -> n0100;
n0101[label = "BestMove"];
n010 -> n0101;
n0102[label = "FarthestFirstNode"];
n010 -> n0102;
n01 -> n010;
n011[label = "NearestFirstNode"];
n01 -> n011;
n012[label = "FarthestInsertion"];
n01 -> n012;
n0 -> n01;
n -> n0;
n1[label = "Equal"];
n10[label = "If_Then_Else"];
n100[label = "WorstMove"];
n10 -> n100;
n101[label = "NearestFirstNode"];
n10 -> n101;
n102[label = "FarthestInsertion"];
n10 -> n102;
n1 -> n10;
n11[label = "And"];
n110[label = "FarthestNeighbor"];
n11 -> n110;
n111[label = "NearestFirstNode"];
n11 -> n111;
n1 -> n11;
n -> n1;
}


Generation: 14
Best Individual:
Subpopulation 0:
Evaluated: true
Fitness: Standardized=0.2749832 Adjusted=0.7843241 Hits=0
Tree 0:
digraph g {
node [shape=rectangle];
n[label = "If_Then"];
n0[label = "Or"];
n00[label = "If_Then_Else"];
n000[label = "If_Then_Else"];
n0000[label = "FarthestNeighbor"];
n000 -> n0000;
n0001[label = "NearestFirstNode"];
n000 -> n0001;
n0002[label = "NearestFirstNode"];
n000 -> n0002;
n00 -> n000;
n001[label = "If_Then"];
n0010[label = "FarthestInsertion"];
n001 -> n0010;
n0011[label = "FarthestNeighbor"];
n001 -> n0011;
n00 -> n001;
n002[label = "NearestFirstNode"];
n00 -> n002;
n0 -> n00;
n01[label = "If_Then_Else"];
n010[label = "WorstMove"];
n01 -> n010;
n011[label = "NearestFirstNode"];
n01 -> n011;
n012[label = "FarthestInsertion"];
n01 -> n012;
n0 -> n01;
n -> n0;
n1[label = "Equal"];
n10[label = "If_Then_Else"];
n100[label = "WorstMove"];
n10 -> n100;
n101[label = "NearestFirstNode"];
n10 -> n101;
n102[label = "FarthestInsertion"];
n10 -> n102;
n1 -> n10;
n11[label = "And"];
n110[label = "FarthestNeighbor"];
n11 -> n110;
n111[label = "NearestFirstNode"];
n11 -> n111;
n1 -> n11;
n -> n1;
}


Generation: 15
Best Individual:
Subpopulation 0:
Evaluated: true
Fitness: Standardized=0.2749832 Adjusted=0.7843241 Hits=0
Tree 0:
digraph g {
node [shape=rectangle];
n[label = "If_Then"];
n0[label = "Or"];
n00[label = "If_Then_Else"];
n000[label = "If_Then_Else"];
n0000[label = "FarthestNeighbor"];
n000 -> n0000;
n0001[label = "NearestFirstNode"];
n000 -> n0001;
n0002[label = "NearestFirstNode"];
n000 -> n0002;
n00 -> n000;
n001[label = "If_Then"];
n0010[label = "FarthestInsertion"];
n001 -> n0010;
n0011[label = "FarthestNeighbor"];
n001 -> n0011;
n00 -> n001;
n002[label = "NearestFirstNode"];
n00 -> n002;
n0 -> n00;
n01[label = "If_Then_Else"];
n010[label = "WorstMove"];
n01 -> n010;
n011[label = "NearestFirstNode"];
n01 -> n011;
n012[label = "FarthestInsertion"];
n01 -> n012;
n0 -> n01;
n -> n0;
n1[label = "Equal"];
n10[label = "If_Then_Else"];
n100[label = "WorstMove"];
n10 -> n100;
n101[label = "NearestFirstNode"];
n10 -> n101;
n102[label = "FarthestInsertion"];
n10 -> n102;
n1 -> n10;
n11[label = "And"];
n110[label = "FarthestNeighbor"];
n11 -> n110;
n111[label = "NearestFirstNode"];
n11 -> n111;
n1 -> n11;
n -> n1;
}


Generation: 16
Best Individual:
Subpopulation 0:
Evaluated: true
Fitness: Standardized=0.2749832 Adjusted=0.7843241 Hits=0
Tree 0:
digraph g {
node [shape=rectangle];
n[label = "If_Then"];
n0[label = "Or"];
n00[label = "If_Then_Else"];
n000[label = "If_Then_Else"];
n0000[label = "FarthestNeighbor"];
n000 -> n0000;
n0001[label = "NearestFirstNode"];
n000 -> n0001;
n0002[label = "NearestFirstNode"];
n000 -> n0002;
n00 -> n000;
n001[label = "If_Then"];
n0010[label = "FarthestInsertion"];
n001 -> n0010;
n0011[label = "FarthestNeighbor"];
n001 -> n0011;
n00 -> n001;
n002[label = "NearestFirstNode"];
n00 -> n002;
n0 -> n00;
n01[label = "If_Then_Else"];
n010[label = "WorstMove"];
n01 -> n010;
n011[label = "NearestFirstNode"];
n01 -> n011;
n012[label = "FarthestInsertion"];
n01 -> n012;
n0 -> n01;
n -> n0;
n1[label = "Equal"];
n10[label = "If_Then_Else"];
n100[label = "WorstMove"];
n10 -> n100;
n101[label = "NearestFirstNode"];
n10 -> n101;
n102[label = "FarthestInsertion"];
n10 -> n102;
n1 -> n10;
n11[label = "And"];
n110[label = "FarthestNeighbor"];
n11 -> n110;
n111[label = "NearestFirstNode"];
n11 -> n111;
n1 -> n11;
n -> n1;
}


Generation: 17
Best Individual:
Subpopulation 0:
Evaluated: true
Fitness: Standardized=0.2749832 Adjusted=0.7843241 Hits=0
Tree 0:
digraph g {
node [shape=rectangle];
n[label = "If_Then"];
n0[label = "Or"];
n00[label = "If_Then_Else"];
n000[label = "If_Then_Else"];
n0000[label = "FarthestNeighbor"];
n000 -> n0000;
n0001[label = "NearestFirstNode"];
n000 -> n0001;
n0002[label = "NearestFirstNode"];
n000 -> n0002;
n00 -> n000;
n001[label = "If_Then"];
n0010[label = "FarthestInsertion"];
n001 -> n0010;
n0011[label = "FarthestNeighbor"];
n001 -> n0011;
n00 -> n001;
n002[label = "NearestFirstNode"];
n00 -> n002;
n0 -> n00;
n01[label = "If_Then_Else"];
n010[label = "WorstMove"];
n01 -> n010;
n011[label = "NearestFirstNode"];
n01 -> n011;
n012[label = "FarthestInsertion"];
n01 -> n012;
n0 -> n01;
n -> n0;
n1[label = "Equal"];
n10[label = "If_Then_Else"];
n100[label = "WorstMove"];
n10 -> n100;
n101[label = "NearestFirstNode"];
n10 -> n101;
n102[label = "FarthestInsertion"];
n10 -> n102;
n1 -> n10;
n11[label = "And"];
n110[label = "FarthestNeighbor"];
n11 -> n110;
n111[label = "NearestFirstNode"];
n11 -> n111;
n1 -> n11;
n -> n1;
}


Generation: 18
Best Individual:
Subpopulation 0:
Evaluated: true
Fitness: Standardized=0.2749832 Adjusted=0.7843241 Hits=0
Tree 0:
digraph g {
node [shape=rectangle];
n[label = "If_Then"];
n0[label = "Or"];
n00[label = "If_Then_Else"];
n000[label = "If_Then_Else"];
n0000[label = "FarthestNeighbor"];
n000 -> n0000;
n0001[label = "NearestFirstNode"];
n000 -> n0001;
n0002[label = "NearestFirstNode"];
n000 -> n0002;
n00 -> n000;
n001[label = "If_Then"];
n0010[label = "FarthestInsertion"];
n001 -> n0010;
n0011[label = "FarthestNeighbor"];
n001 -> n0011;
n00 -> n001;
n002[label = "NearestFirstNode"];
n00 -> n002;
n0 -> n00;
n01[label = "NearestFirstNode"];
n0 -> n01;
n -> n0;
n1[label = "Equal"];
n10[label = "If_Then_Else"];
n100[label = "WorstMove"];
n10 -> n100;
n101[label = "NearestFirstNode"];
n10 -> n101;
n102[label = "If_Then"];
n1020[label = "FarthestInsertion"];
n102 -> n1020;
n1021[label = "FarthestNeighbor"];
n102 -> n1021;
n10 -> n102;
n1 -> n10;
n11[label = "And"];
n110[label = "FarthestNeighbor"];
n11 -> n110;
n111[label = "NearestFirstNode"];
n11 -> n111;
n1 -> n11;
n -> n1;
}


Generation: 19
Best Individual:
Subpopulation 0:
Evaluated: true
Fitness: Standardized=0.2749832 Adjusted=0.7843241 Hits=0
Tree 0:
digraph g {
node [shape=rectangle];
n[label = "If_Then"];
n0[label = "Or"];
n00[label = "If_Then_Else"];
n000[label = "If_Then_Else"];
n0000[label = "FarthestNeighbor"];
n000 -> n0000;
n0001[label = "NearestFirstNode"];
n000 -> n0001;
n0002[label = "NearestFirstNode"];
n000 -> n0002;
n00 -> n000;
n001[label = "If_Then"];
n0010[label = "FarthestInsertion"];
n001 -> n0010;
n0011[label = "FarthestNeighbor"];
n001 -> n0011;
n00 -> n001;
n002[label = "NearestFirstNode"];
n00 -> n002;
n0 -> n00;
n01[label = "NearestFirstNode"];
n0 -> n01;
n -> n0;
n1[label = "Equal"];
n10[label = "If_Then_Else"];
n100[label = "WorstMove"];
n10 -> n100;
n101[label = "NearestFirstNode"];
n10 -> n101;
n102[label = "If_Then"];
n1020[label = "FarthestInsertion"];
n102 -> n1020;
n1021[label = "FarthestNeighbor"];
n102 -> n1021;
n10 -> n102;
n1 -> n10;
n11[label = "And"];
n110[label = "FarthestNeighbor"];
n11 -> n110;
n111[label = "NearestFirstNode"];
n11 -> n111;
n1 -> n11;
n -> n1;
}


Generation: 20
Best Individual:
Subpopulation 0:
Evaluated: true
Fitness: Standardized=0.2749832 Adjusted=0.7843241 Hits=0
Tree 0:
digraph g {
node [shape=rectangle];
n[label = "If_Then"];
n0[label = "Or"];
n00[label = "If_Then_Else"];
n000[label = "If_Then_Else"];
n0000[label = "FarthestNeighbor"];
n000 -> n0000;
n0001[label = "NearestFirstNode"];
n000 -> n0001;
n0002[label = "NearestFirstNode"];
n000 -> n0002;
n00 -> n000;
n001[label = "If_Then"];
n0010[label = "FarthestInsertion"];
n001 -> n0010;
n0011[label = "FarthestNeighbor"];
n001 -> n0011;
n00 -> n001;
n002[label = "NearestFirstNode"];
n00 -> n002;
n0 -> n00;
n01[label = "If_Then_Else"];
n010[label = "WorstMove"];
n01 -> n010;
n011[label = "FarthestInsertion"];
n01 -> n011;
n012[label = "FarthestInsertion"];
n01 -> n012;
n0 -> n01;
n -> n0;
n1[label = "Equal"];
n10[label = "If_Then_Else"];
n100[label = "WorstMove"];
n10 -> n100;
n101[label = "NearestFirstNode"];
n10 -> n101;
n102[label = "FarthestInsertion"];
n10 -> n102;
n1 -> n10;
n11[label = "And"];
n110[label = "FarthestNeighbor"];
n11 -> n110;
n111[label = "NearestFirstNode"];
n11 -> n111;
n1 -> n11;
n -> n1;
}


Generation: 21
Best Individual:
Subpopulation 0:
Evaluated: true
Fitness: Standardized=0.2749832 Adjusted=0.7843241 Hits=0
Tree 0:
digraph g {
node [shape=rectangle];
n[label = "If_Then"];
n0[label = "Or"];
n00[label = "If_Then_Else"];
n000[label = "If_Then_Else"];
n0000[label = "FarthestNeighbor"];
n000 -> n0000;
n0001[label = "NearestFirstNode"];
n000 -> n0001;
n0002[label = "FarthestInsertion"];
n000 -> n0002;
n00 -> n000;
n001[label = "If_Then"];
n0010[label = "FarthestInsertion"];
n001 -> n0010;
n0011[label = "FarthestNeighbor"];
n001 -> n0011;
n00 -> n001;
n002[label = "NearestFirstNode"];
n00 -> n002;
n0 -> n00;
n01[label = "NearestFirstNode"];
n0 -> n01;
n -> n0;
n1[label = "Equal"];
n10[label = "If_Then_Else"];
n100[label = "WorstMove"];
n10 -> n100;
n101[label = "NearestFirstNode"];
n10 -> n101;
n102[label = "If_Then"];
n1020[label = "FarthestInsertion"];
n102 -> n1020;
n1021[label = "FarthestNeighbor"];
n102 -> n1021;
n10 -> n102;
n1 -> n10;
n11[label = "And"];
n110[label = "FarthestNeighbor"];
n11 -> n110;
n111[label = "NearestFirstNode"];
n11 -> n111;
n1 -> n11;
n -> n1;
}


Generation: 22
Best Individual:
Subpopulation 0:
Evaluated: true
Fitness: Standardized=0.2749832 Adjusted=0.7843241 Hits=0
Tree 0:
digraph g {
node [shape=rectangle];
n[label = "If_Then"];
n0[label = "Or"];
n00[label = "If_Then_Else"];
n000[label = "If_Then_Else"];
n0000[label = "FarthestNeighbor"];
n000 -> n0000;
n0001[label = "NearestFirstNode"];
n000 -> n0001;
n0002[label = "FarthestInsertion"];
n000 -> n0002;
n00 -> n000;
n001[label = "If_Then"];
n0010[label = "FarthestInsertion"];
n001 -> n0010;
n0011[label = "FarthestNeighbor"];
n001 -> n0011;
n00 -> n001;
n002[label = "NearestFirstNode"];
n00 -> n002;
n0 -> n00;
n01[label = "NearestFirstNode"];
n0 -> n01;
n -> n0;
n1[label = "Equal"];
n10[label = "If_Then_Else"];
n100[label = "WorstMove"];
n10 -> n100;
n101[label = "NearestFirstNode"];
n10 -> n101;
n102[label = "If_Then"];
n1020[label = "FarthestInsertion"];
n102 -> n1020;
n1021[label = "FarthestNeighbor"];
n102 -> n1021;
n10 -> n102;
n1 -> n10;
n11[label = "And"];
n110[label = "FarthestNeighbor"];
n11 -> n110;
n111[label = "NearestFirstNode"];
n11 -> n111;
n1 -> n11;
n -> n1;
}


Generation: 23
Best Individual:
Subpopulation 0:
Evaluated: true
Fitness: Standardized=0.2749832 Adjusted=0.7843241 Hits=0
Tree 0:
digraph g {
node [shape=rectangle];
n[label = "If_Then"];
n0[label = "Or"];
n00[label = "If_Then_Else"];
n000[label = "If_Then_Else"];
n0000[label = "FarthestNeighbor"];
n000 -> n0000;
n0001[label = "NearestFirstNode"];
n000 -> n0001;
n0002[label = "NearestFirstNode"];
n000 -> n0002;
n00 -> n000;
n001[label = "If_Then"];
n0010[label = "FarthestInsertion"];
n001 -> n0010;
n0011[label = "FarthestNeighbor"];
n001 -> n0011;
n00 -> n001;
n002[label = "NearestFirstNode"];
n00 -> n002;
n0 -> n00;
n01[label = "NearestFirstNode"];
n0 -> n01;
n -> n0;
n1[label = "Equal"];
n10[label = "If_Then_Else"];
n100[label = "WorstMove"];
n10 -> n100;
n101[label = "NearestFirstNode"];
n10 -> n101;
n102[label = "If_Then"];
n1020[label = "FarthestInsertion"];
n102 -> n1020;
n1021[label = "FarthestNeighbor"];
n102 -> n1021;
n10 -> n102;
n1 -> n10;
n11[label = "And"];
n110[label = "FarthestNeighbor"];
n11 -> n110;
n111[label = "NearestFirstNode"];
n11 -> n111;
n1 -> n11;
n -> n1;
}


Generation: 24
Best Individual:
Subpopulation 0:
Evaluated: true
Fitness: Standardized=0.27208638 Adjusted=0.78611016 Hits=0
Tree 0:
digraph g {
node [shape=rectangle];
n[label = "If_Then"];
n0[label = "Or"];
n00[label = "If_Then_Else"];
n000[label = "NearestFirstNode"];
n00 -> n000;
n001[label = "If_Then"];
n0010[label = "FarthestInsertion"];
n001 -> n0010;
n0011[label = "FarthestNeighbor"];
n001 -> n0011;
n00 -> n001;
n002[label = "NearestFirstNode"];
n00 -> n002;
n0 -> n00;
n01[label = "NearestFirstNode"];
n0 -> n01;
n -> n0;
n1[label = "Equal"];
n10[label = "If_Then_Else"];
n100[label = "WorstMove"];
n10 -> n100;
n101[label = "NearestFirstNode"];
n10 -> n101;
n102[label = "If_Then"];
n1020[label = "FarthestInsertion"];
n102 -> n1020;
n1021[label = "FarthestNeighbor"];
n102 -> n1021;
n10 -> n102;
n1 -> n10;
n11[label = "And"];
n110[label = "FarthestNeighbor"];
n11 -> n110;
n111[label = "NearestFirstNode"];
n11 -> n111;
n1 -> n11;
n -> n1;
}


Generation: 25
Best Individual:
Subpopulation 0:
Evaluated: true
Fitness: Standardized=0.27208638 Adjusted=0.78611016 Hits=0
Tree 0:
digraph g {
node [shape=rectangle];
n[label = "If_Then"];
n0[label = "Or"];
n00[label = "If_Then_Else"];
n000[label = "NearestFirstNode"];
n00 -> n000;
n001[label = "If_Then"];
n0010[label = "FarthestInsertion"];
n001 -> n0010;
n0011[label = "FarthestNeighbor"];
n001 -> n0011;
n00 -> n001;
n002[label = "NearestFirstNode"];
n00 -> n002;
n0 -> n00;
n01[label = "NearestFirstNode"];
n0 -> n01;
n -> n0;
n1[label = "Equal"];
n10[label = "If_Then_Else"];
n100[label = "WorstMove"];
n10 -> n100;
n101[label = "NearestFirstNode"];
n10 -> n101;
n102[label = "If_Then"];
n1020[label = "FarthestInsertion"];
n102 -> n1020;
n1021[label = "FarthestNeighbor"];
n102 -> n1021;
n10 -> n102;
n1 -> n10;
n11[label = "And"];
n110[label = "FarthestNeighbor"];
n11 -> n110;
n111[label = "NearestFirstNode"];
n11 -> n111;
n1 -> n11;
n -> n1;
}


Generation: 26
Best Individual:
Subpopulation 0:
Evaluated: true
Fitness: Standardized=0.27208638 Adjusted=0.78611016 Hits=0
Tree 0:
digraph g {
node [shape=rectangle];
n[label = "If_Then"];
n0[label = "Or"];
n00[label = "If_Then_Else"];
n000[label = "NearestFirstNode"];
n00 -> n000;
n001[label = "If_Then"];
n0010[label = "FarthestInsertion"];
n001 -> n0010;
n0011[label = "FarthestNeighbor"];
n001 -> n0011;
n00 -> n001;
n002[label = "If_Then"];
n0020[label = "FarthestInsertion"];
n002 -> n0020;
n0021[label = "FarthestNeighbor"];
n002 -> n0021;
n00 -> n002;
n0 -> n00;
n01[label = "NearestFirstNode"];
n0 -> n01;
n -> n0;
n1[label = "Equal"];
n10[label = "If_Then_Else"];
n100[label = "WorstMove"];
n10 -> n100;
n101[label = "NearestFirstNode"];
n10 -> n101;
n102[label = "If_Then"];
n1020[label = "FarthestInsertion"];
n102 -> n1020;
n1021[label = "FarthestNeighbor"];
n102 -> n1021;
n10 -> n102;
n1 -> n10;
n11[label = "And"];
n110[label = "FarthestNeighbor"];
n11 -> n110;
n111[label = "NearestFirstNode"];
n11 -> n111;
n1 -> n11;
n -> n1;
}


Generation: 27
Best Individual:
Subpopulation 0:
Evaluated: true
Fitness: Standardized=0.27208638 Adjusted=0.78611016 Hits=0
Tree 0:
digraph g {
node [shape=rectangle];
n[label = "If_Then"];
n0[label = "Or"];
n00[label = "If_Then_Else"];
n000[label = "NearestFirstNode"];
n00 -> n000;
n001[label = "If_Then"];
n0010[label = "FarthestInsertion"];
n001 -> n0010;
n0011[label = "FarthestNeighbor"];
n001 -> n0011;
n00 -> n001;
n002[label = "If_Then"];
n0020[label = "FarthestInsertion"];
n002 -> n0020;
n0021[label = "FarthestNeighbor"];
n002 -> n0021;
n00 -> n002;
n0 -> n00;
n01[label = "NearestFirstNode"];
n0 -> n01;
n -> n0;
n1[label = "Equal"];
n10[label = "If_Then_Else"];
n100[label = "WorstMove"];
n10 -> n100;
n101[label = "NearestFirstNode"];
n10 -> n101;
n102[label = "If_Then"];
n1020[label = "FarthestInsertion"];
n102 -> n1020;
n1021[label = "FarthestNeighbor"];
n102 -> n1021;
n10 -> n102;
n1 -> n10;
n11[label = "And"];
n110[label = "FarthestNeighbor"];
n11 -> n110;
n111[label = "NearestFirstNode"];
n11 -> n111;
n1 -> n11;
n -> n1;
}


Generation: 28
Best Individual:
Subpopulation 0:
Evaluated: true
Fitness: Standardized=0.27208638 Adjusted=0.78611016 Hits=0
Tree 0:
digraph g {
node [shape=rectangle];
n[label = "If_Then"];
n0[label = "Or"];
n00[label = "If_Then_Else"];
n000[label = "NearestFirstNode"];
n00 -> n000;
n001[label = "If_Then"];
n0010[label = "FarthestInsertion"];
n001 -> n0010;
n0011[label = "FarthestNeighbor"];
n001 -> n0011;
n00 -> n001;
n002[label = "If_Then"];
n0020[label = "FarthestInsertion"];
n002 -> n0020;
n0021[label = "FarthestNeighbor"];
n002 -> n0021;
n00 -> n002;
n0 -> n00;
n01[label = "NearestFirstNode"];
n0 -> n01;
n -> n0;
n1[label = "Equal"];
n10[label = "If_Then_Else"];
n100[label = "WorstMove"];
n10 -> n100;
n101[label = "NearestFirstNode"];
n10 -> n101;
n102[label = "If_Then"];
n1020[label = "FarthestInsertion"];
n102 -> n1020;
n1021[label = "FarthestNeighbor"];
n102 -> n1021;
n10 -> n102;
n1 -> n10;
n11[label = "And"];
n110[label = "FarthestNeighbor"];
n11 -> n110;
n111[label = "NearestFirstNode"];
n11 -> n111;
n1 -> n11;
n -> n1;
}


Generation: 29
Best Individual:
Subpopulation 0:
Evaluated: true
Fitness: Standardized=0.27208638 Adjusted=0.78611016 Hits=0
Tree 0:
digraph g {
node [shape=rectangle];
n[label = "If_Then"];
n0[label = "Or"];
n00[label = "If_Then_Else"];
n000[label = "NearestFirstNode"];
n00 -> n000;
n001[label = "If_Then"];
n0010[label = "FarthestInsertion"];
n001 -> n0010;
n0011[label = "FarthestNeighbor"];
n001 -> n0011;
n00 -> n001;
n002[label = "If_Then"];
n0020[label = "FarthestInsertion"];
n002 -> n0020;
n0021[label = "FarthestNeighbor"];
n002 -> n0021;
n00 -> n002;
n0 -> n00;
n01[label = "NearestFirstNode"];
n0 -> n01;
n -> n0;
n1[label = "Equal"];
n10[label = "If_Then_Else"];
n100[label = "WorstMove"];
n10 -> n100;
n101[label = "NearestFirstNode"];
n10 -> n101;
n102[label = "If_Then"];
n1020[label = "FarthestInsertion"];
n102 -> n1020;
n1021[label = "FarthestNeighbor"];
n102 -> n1021;
n10 -> n102;
n1 -> n10;
n11[label = "And"];
n110[label = "FarthestNeighbor"];
n11 -> n110;
n111[label = "NearestFirstNode"];
n11 -> n111;
n1 -> n11;
n -> n1;
}


Generation: 30
Best Individual:
Subpopulation 0:
Evaluated: true
Fitness: Standardized=0.25892007 Adjusted=0.7943316 Hits=0
Tree 0:
digraph g {
node [shape=rectangle];
n[label = "If_Then"];
n0[label = "Or"];
n00[label = "If_Then_Else"];
n000[label = "NearestFirstNode"];
n00 -> n000;
n001[label = "If_Then"];
n0010[label = "FarthestInsertion"];
n001 -> n0010;
n0011[label = "FarthestNeighbor"];
n001 -> n0011;
n00 -> n001;
n002[label = "If_Then"];
n0020[label = "FarthestInsertion"];
n002 -> n0020;
n0021[label = "FarthestNeighbor"];
n002 -> n0021;
n00 -> n002;
n0 -> n00;
n01[label = "NearestFirstNode"];
n0 -> n01;
n -> n0;
n1[label = "Equal"];
n10[label = "If_Then_Else"];
n100[label = "WorstMove"];
n10 -> n100;
n101[label = "And"];
n1010[label = "FarthestNeighbor"];
n101 -> n1010;
n1011[label = "NearestFirstNode"];
n101 -> n1011;
n10 -> n101;
n102[label = "If_Then"];
n1020[label = "FarthestInsertion"];
n102 -> n1020;
n1021[label = "FarthestNeighbor"];
n102 -> n1021;
n10 -> n102;
n1 -> n10;
n11[label = "And"];
n110[label = "FarthestNeighbor"];
n11 -> n110;
n111[label = "NearestFirstNode"];
n11 -> n111;
n1 -> n11;
n -> n1;
}


Generation: 31
Best Individual:
Subpopulation 0:
Evaluated: true
Fitness: Standardized=0.25764972 Adjusted=0.795134 Hits=0
Tree 0:
digraph g {
node [shape=rectangle];
n[label = "If_Then"];
n0[label = "Or"];
n00[label = "If_Then_Else"];
n000[label = "NearestFirstNode"];
n00 -> n000;
n001[label = "If_Then"];
n0010[label = "FarthestInsertion"];
n001 -> n0010;
n0011[label = "FarthestNeighbor"];
n001 -> n0011;
n00 -> n001;
n002[label = "If_Then"];
n0020[label = "FarthestInsertion"];
n002 -> n0020;
n0021[label = "FarthestNeighbor"];
n002 -> n0021;
n00 -> n002;
n0 -> n00;
n01[label = "NearestFirstNode"];
n0 -> n01;
n -> n0;
n1[label = "Equal"];
n10[label = "If_Then_Else"];
n100[label = "WorstMove"];
n10 -> n100;
n101[label = "NearestFirstNode"];
n10 -> n101;
n102[label = "If_Then"];
n1020[label = "FarthestInsertion"];
n102 -> n1020;
n1021[label = "FarthestNeighbor"];
n102 -> n1021;
n10 -> n102;
n1 -> n10;
n11[label = "FarthestInsertion"];
n1 -> n11;
n -> n1;
}


Generation: 32
Best Individual:
Subpopulation 0:
Evaluated: true
Fitness: Standardized=0.25764972 Adjusted=0.795134 Hits=0
Tree 0:
digraph g {
node [shape=rectangle];
n[label = "If_Then"];
n0[label = "Or"];
n00[label = "If_Then_Else"];
n000[label = "NearestFirstNode"];
n00 -> n000;
n001[label = "If_Then"];
n0010[label = "FarthestInsertion"];
n001 -> n0010;
n0011[label = "FarthestNeighbor"];
n001 -> n0011;
n00 -> n001;
n002[label = "If_Then"];
n0020[label = "FarthestInsertion"];
n002 -> n0020;
n0021[label = "FarthestNeighbor"];
n002 -> n0021;
n00 -> n002;
n0 -> n00;
n01[label = "NearestFirstNode"];
n0 -> n01;
n -> n0;
n1[label = "Equal"];
n10[label = "If_Then_Else"];
n100[label = "WorstMove"];
n10 -> n100;
n101[label = "NearestFirstNode"];
n10 -> n101;
n102[label = "If_Then"];
n1020[label = "FarthestInsertion"];
n102 -> n1020;
n1021[label = "FarthestNeighbor"];
n102 -> n1021;
n10 -> n102;
n1 -> n10;
n11[label = "FarthestInsertion"];
n1 -> n11;
n -> n1;
}


Generation: 33
Best Individual:
Subpopulation 0:
Evaluated: true
Fitness: Standardized=0.25764972 Adjusted=0.795134 Hits=0
Tree 0:
digraph g {
node [shape=rectangle];
n[label = "If_Then"];
n0[label = "Or"];
n00[label = "If_Then_Else"];
n000[label = "NearestFirstNode"];
n00 -> n000;
n001[label = "If_Then"];
n0010[label = "FarthestInsertion"];
n001 -> n0010;
n0011[label = "FarthestNeighbor"];
n001 -> n0011;
n00 -> n001;
n002[label = "If_Then"];
n0020[label = "FarthestInsertion"];
n002 -> n0020;
n0021[label = "FarthestNeighbor"];
n002 -> n0021;
n00 -> n002;
n0 -> n00;
n01[label = "NearestFirstNode"];
n0 -> n01;
n -> n0;
n1[label = "Equal"];
n10[label = "If_Then_Else"];
n100[label = "WorstMove"];
n10 -> n100;
n101[label = "NearestFirstNode"];
n10 -> n101;
n102[label = "If_Then"];
n1020[label = "FarthestInsertion"];
n102 -> n1020;
n1021[label = "FarthestNeighbor"];
n102 -> n1021;
n10 -> n102;
n1 -> n10;
n11[label = "FarthestInsertion"];
n1 -> n11;
n -> n1;
}


Generation: 34
Best Individual:
Subpopulation 0:
Evaluated: true
Fitness: Standardized=0.25764972 Adjusted=0.795134 Hits=0
Tree 0:
digraph g {
node [shape=rectangle];
n[label = "If_Then"];
n0[label = "Or"];
n00[label = "If_Then_Else"];
n000[label = "NearestFirstNode"];
n00 -> n000;
n001[label = "If_Then"];
n0010[label = "FarthestInsertion"];
n001 -> n0010;
n0011[label = "FarthestNeighbor"];
n001 -> n0011;
n00 -> n001;
n002[label = "If_Then"];
n0020[label = "FarthestInsertion"];
n002 -> n0020;
n0021[label = "FarthestNeighbor"];
n002 -> n0021;
n00 -> n002;
n0 -> n00;
n01[label = "NearestFirstNode"];
n0 -> n01;
n -> n0;
n1[label = "Equal"];
n10[label = "If_Then_Else"];
n100[label = "WorstMove"];
n10 -> n100;
n101[label = "NearestFirstNode"];
n10 -> n101;
n102[label = "If_Then"];
n1020[label = "FarthestInsertion"];
n102 -> n1020;
n1021[label = "FarthestNeighbor"];
n102 -> n1021;
n10 -> n102;
n1 -> n10;
n11[label = "FarthestInsertion"];
n1 -> n11;
n -> n1;
}


Generation: 35
Best Individual:
Subpopulation 0:
Evaluated: true
Fitness: Standardized=0.25764972 Adjusted=0.795134 Hits=0
Tree 0:
digraph g {
node [shape=rectangle];
n[label = "If_Then"];
n0[label = "Or"];
n00[label = "If_Then_Else"];
n000[label = "NearestFirstNode"];
n00 -> n000;
n001[label = "If_Then"];
n0010[label = "FarthestInsertion"];
n001 -> n0010;
n0011[label = "FarthestNeighbor"];
n001 -> n0011;
n00 -> n001;
n002[label = "NearestFirstNode"];
n00 -> n002;
n0 -> n00;
n01[label = "NearestFirstNode"];
n0 -> n01;
n -> n0;
n1[label = "Equal"];
n10[label = "If_Then_Else"];
n100[label = "WorstMove"];
n10 -> n100;
n101[label = "NearestFirstNode"];
n10 -> n101;
n102[label = "If_Then"];
n1020[label = "FarthestInsertion"];
n102 -> n1020;
n1021[label = "FarthestNeighbor"];
n102 -> n1021;
n10 -> n102;
n1 -> n10;
n11[label = "FarthestInsertion"];
n1 -> n11;
n -> n1;
}


Generation: 36
Best Individual:
Subpopulation 0:
Evaluated: true
Fitness: Standardized=0.25764972 Adjusted=0.795134 Hits=0
Tree 0:
digraph g {
node [shape=rectangle];
n[label = "If_Then"];
n0[label = "Or"];
n00[label = "If_Then_Else"];
n000[label = "NearestFirstNode"];
n00 -> n000;
n001[label = "If_Then"];
n0010[label = "FarthestInsertion"];
n001 -> n0010;
n0011[label = "FarthestInsertion"];
n001 -> n0011;
n00 -> n001;
n002[label = "If_Then"];
n0020[label = "FarthestInsertion"];
n002 -> n0020;
n0021[label = "FarthestNeighbor"];
n002 -> n0021;
n00 -> n002;
n0 -> n00;
n01[label = "NearestFirstNode"];
n0 -> n01;
n -> n0;
n1[label = "Equal"];
n10[label = "If_Then_Else"];
n100[label = "WorstMove"];
n10 -> n100;
n101[label = "NearestFirstNode"];
n10 -> n101;
n102[label = "If_Then"];
n1020[label = "FarthestInsertion"];
n102 -> n1020;
n1021[label = "FarthestNeighbor"];
n102 -> n1021;
n10 -> n102;
n1 -> n10;
n11[label = "FarthestInsertion"];
n1 -> n11;
n -> n1;
}


Generation: 37
Best Individual:
Subpopulation 0:
Evaluated: true
Fitness: Standardized=0.25764972 Adjusted=0.795134 Hits=0
Tree 0:
digraph g {
node [shape=rectangle];
n[label = "If_Then"];
n0[label = "Or"];
n00[label = "If_Then_Else"];
n000[label = "NearestFirstNode"];
n00 -> n000;
n001[label = "If_Then"];
n0010[label = "FarthestInsertion"];
n001 -> n0010;
n0011[label = "FarthestNeighbor"];
n001 -> n0011;
n00 -> n001;
n002[label = "If_Then"];
n0020[label = "FarthestInsertion"];
n002 -> n0020;
n0021[label = "FarthestNeighbor"];
n002 -> n0021;
n00 -> n002;
n0 -> n00;
n01[label = "NearestFirstNode"];
n0 -> n01;
n -> n0;
n1[label = "Equal"];
n10[label = "If_Then_Else"];
n100[label = "WorstMove"];
n10 -> n100;
n101[label = "NearestFirstNode"];
n10 -> n101;
n102[label = "If_Then"];
n1020[label = "FarthestInsertion"];
n102 -> n1020;
n1021[label = "FarthestNeighbor"];
n102 -> n1021;
n10 -> n102;
n1 -> n10;
n11[label = "FarthestInsertion"];
n1 -> n11;
n -> n1;
}


Generation: 38
Best Individual:
Subpopulation 0:
Evaluated: true
Fitness: Standardized=0.25764972 Adjusted=0.795134 Hits=0
Tree 0:
digraph g {
node [shape=rectangle];
n[label = "If_Then"];
n0[label = "Or"];
n00[label = "If_Then_Else"];
n000[label = "NearestFirstNode"];
n00 -> n000;
n001[label = "If_Then"];
n0010[label = "FarthestInsertion"];
n001 -> n0010;
n0011[label = "FarthestNeighbor"];
n001 -> n0011;
n00 -> n001;
n002[label = "If_Then"];
n0020[label = "FarthestInsertion"];
n002 -> n0020;
n0021[label = "FarthestNeighbor"];
n002 -> n0021;
n00 -> n002;
n0 -> n00;
n01[label = "NearestFirstNode"];
n0 -> n01;
n -> n0;
n1[label = "Equal"];
n10[label = "If_Then_Else"];
n100[label = "WorstMove"];
n10 -> n100;
n101[label = "NearestFirstNode"];
n10 -> n101;
n102[label = "If_Then"];
n1020[label = "FarthestInsertion"];
n102 -> n1020;
n1021[label = "FarthestNeighbor"];
n102 -> n1021;
n10 -> n102;
n1 -> n10;
n11[label = "FarthestInsertion"];
n1 -> n11;
n -> n1;
}


Generation: 39
Best Individual:
Subpopulation 0:
Evaluated: true
Fitness: Standardized=0.25764972 Adjusted=0.795134 Hits=0
Tree 0:
digraph g {
node [shape=rectangle];
n[label = "If_Then"];
n0[label = "Or"];
n00[label = "If_Then_Else"];
n000[label = "NearestFirstNode"];
n00 -> n000;
n001[label = "If_Then"];
n0010[label = "FarthestInsertion"];
n001 -> n0010;
n0011[label = "FarthestNeighbor"];
n001 -> n0011;
n00 -> n001;
n002[label = "If_Then"];
n0020[label = "FarthestInsertion"];
n002 -> n0020;
n0021[label = "FarthestNeighbor"];
n002 -> n0021;
n00 -> n002;
n0 -> n00;
n01[label = "NearestFirstNode"];
n0 -> n01;
n -> n0;
n1[label = "Equal"];
n10[label = "If_Then_Else"];
n100[label = "WorstMove"];
n10 -> n100;
n101[label = "NearestFirstNode"];
n10 -> n101;
n102[label = "If_Then"];
n1020[label = "FarthestInsertion"];
n102 -> n1020;
n1021[label = "FarthestNeighbor"];
n102 -> n1021;
n10 -> n102;
n1 -> n10;
n11[label = "FarthestInsertion"];
n1 -> n11;
n -> n1;
}


Generation: 40
Best Individual:
Subpopulation 0:
Evaluated: true
Fitness: Standardized=0.25764972 Adjusted=0.795134 Hits=0
Tree 0:
digraph g {
node [shape=rectangle];
n[label = "If_Then"];
n0[label = "Or"];
n00[label = "If_Then_Else"];
n000[label = "NearestFirstNode"];
n00 -> n000;
n001[label = "If_Then"];
n0010[label = "FarthestInsertion"];
n001 -> n0010;
n0011[label = "FarthestNeighbor"];
n001 -> n0011;
n00 -> n001;
n002[label = "If_Then"];
n0020[label = "FarthestInsertion"];
n002 -> n0020;
n0021[label = "FarthestNeighbor"];
n002 -> n0021;
n00 -> n002;
n0 -> n00;
n01[label = "NearestFirstNode"];
n0 -> n01;
n -> n0;
n1[label = "Equal"];
n10[label = "If_Then_Else"];
n100[label = "WorstMove"];
n10 -> n100;
n101[label = "NearestFirstNode"];
n10 -> n101;
n102[label = "If_Then"];
n1020[label = "FarthestInsertion"];
n102 -> n1020;
n1021[label = "FarthestNeighbor"];
n102 -> n1021;
n10 -> n102;
n1 -> n10;
n11[label = "FarthestInsertion"];
n1 -> n11;
n -> n1;
}


Generation: 41
Best Individual:
Subpopulation 0:
Evaluated: true
Fitness: Standardized=0.25764972 Adjusted=0.795134 Hits=0
Tree 0:
digraph g {
node [shape=rectangle];
n[label = "If_Then"];
n0[label = "Or"];
n00[label = "If_Then_Else"];
n000[label = "NearestFirstNode"];
n00 -> n000;
n001[label = "If_Then"];
n0010[label = "FarthestInsertion"];
n001 -> n0010;
n0011[label = "FarthestNeighbor"];
n001 -> n0011;
n00 -> n001;
n002[label = "If_Then"];
n0020[label = "FarthestInsertion"];
n002 -> n0020;
n0021[label = "FarthestNeighbor"];
n002 -> n0021;
n00 -> n002;
n0 -> n00;
n01[label = "NearestFirstNode"];
n0 -> n01;
n -> n0;
n1[label = "Equal"];
n10[label = "If_Then_Else"];
n100[label = "WorstMove"];
n10 -> n100;
n101[label = "NearestFirstNode"];
n10 -> n101;
n102[label = "If_Then"];
n1020[label = "FarthestInsertion"];
n102 -> n1020;
n1021[label = "FarthestNeighbor"];
n102 -> n1021;
n10 -> n102;
n1 -> n10;
n11[label = "FarthestInsertion"];
n1 -> n11;
n -> n1;
}


Generation: 42
Best Individual:
Subpopulation 0:
Evaluated: true
Fitness: Standardized=0.25764972 Adjusted=0.795134 Hits=0
Tree 0:
digraph g {
node [shape=rectangle];
n[label = "If_Then"];
n0[label = "Or"];
n00[label = "If_Then_Else"];
n000[label = "NearestFirstNode"];
n00 -> n000;
n001[label = "If_Then"];
n0010[label = "FarthestInsertion"];
n001 -> n0010;
n0011[label = "FarthestNeighbor"];
n001 -> n0011;
n00 -> n001;
n002[label = "FarthestInsertion"];
n00 -> n002;
n0 -> n00;
n01[label = "NearestFirstNode"];
n0 -> n01;
n -> n0;
n1[label = "Equal"];
n10[label = "If_Then_Else"];
n100[label = "WorstMove"];
n10 -> n100;
n101[label = "NearestFirstNode"];
n10 -> n101;
n102[label = "If_Then"];
n1020[label = "FarthestInsertion"];
n102 -> n1020;
n1021[label = "FarthestInsertion"];
n102 -> n1021;
n10 -> n102;
n1 -> n10;
n11[label = "FarthestInsertion"];
n1 -> n11;
n -> n1;
}


Generation: 43
Best Individual:
Subpopulation 0:
Evaluated: true
Fitness: Standardized=0.25764972 Adjusted=0.795134 Hits=0
Tree 0:
digraph g {
node [shape=rectangle];
n[label = "If_Then"];
n0[label = "Or"];
n00[label = "If_Then_Else"];
n000[label = "NearestFirstNode"];
n00 -> n000;
n001[label = "If_Then"];
n0010[label = "FarthestInsertion"];
n001 -> n0010;
n0011[label = "FarthestNeighbor"];
n001 -> n0011;
n00 -> n001;
n002[label = "NearestFirstNode"];
n00 -> n002;
n0 -> n00;
n01[label = "NearestFirstNode"];
n0 -> n01;
n -> n0;
n1[label = "Equal"];
n10[label = "If_Then_Else"];
n100[label = "WorstMove"];
n10 -> n100;
n101[label = "NearestFirstNode"];
n10 -> n101;
n102[label = "If_Then"];
n1020[label = "FarthestInsertion"];
n102 -> n1020;
n1021[label = "FarthestNeighbor"];
n102 -> n1021;
n10 -> n102;
n1 -> n10;
n11[label = "FarthestInsertion"];
n1 -> n11;
n -> n1;
}


Generation: 44
Best Individual:
Subpopulation 0:
Evaluated: true
Fitness: Standardized=0.25764972 Adjusted=0.795134 Hits=0
Tree 0:
digraph g {
node [shape=rectangle];
n[label = "If_Then"];
n0[label = "Or"];
n00[label = "If_Then_Else"];
n000[label = "NearestFirstNode"];
n00 -> n000;
n001[label = "If_Then"];
n0010[label = "FarthestInsertion"];
n001 -> n0010;
n0011[label = "FarthestNeighbor"];
n001 -> n0011;
n00 -> n001;
n002[label = "NearestFirstNode"];
n00 -> n002;
n0 -> n00;
n01[label = "NearestFirstNode"];
n0 -> n01;
n -> n0;
n1[label = "Equal"];
n10[label = "If_Then_Else"];
n100[label = "WorstMove"];
n10 -> n100;
n101[label = "NearestFirstNode"];
n10 -> n101;
n102[label = "If_Then"];
n1020[label = "FarthestInsertion"];
n102 -> n1020;
n1021[label = "FarthestNeighbor"];
n102 -> n1021;
n10 -> n102;
n1 -> n10;
n11[label = "FarthestInsertion"];
n1 -> n11;
n -> n1;
}


Generation: 45
Best Individual:
Subpopulation 0:
Evaluated: true
Fitness: Standardized=0.25764972 Adjusted=0.795134 Hits=0
Tree 0:
digraph g {
node [shape=rectangle];
n[label = "If_Then"];
n0[label = "Or"];
n00[label = "If_Then_Else"];
n000[label = "NearestFirstNode"];
n00 -> n000;
n001[label = "If_Then"];
n0010[label = "FarthestInsertion"];
n001 -> n0010;
n0011[label = "FarthestNeighbor"];
n001 -> n0011;
n00 -> n001;
n002[label = "NearestFirstNode"];
n00 -> n002;
n0 -> n00;
n01[label = "NearestFirstNode"];
n0 -> n01;
n -> n0;
n1[label = "Equal"];
n10[label = "If_Then_Else"];
n100[label = "WorstMove"];
n10 -> n100;
n101[label = "NearestFirstNode"];
n10 -> n101;
n102[label = "If_Then"];
n1020[label = "FarthestInsertion"];
n102 -> n1020;
n1021[label = "FarthestNeighbor"];
n102 -> n1021;
n10 -> n102;
n1 -> n10;
n11[label = "FarthestInsertion"];
n1 -> n11;
n -> n1;
}


Generation: 46
Best Individual:
Subpopulation 0:
Evaluated: true
Fitness: Standardized=0.25764972 Adjusted=0.795134 Hits=0
Tree 0:
digraph g {
node [shape=rectangle];
n[label = "If_Then"];
n0[label = "Or"];
n00[label = "If_Then_Else"];
n000[label = "NearestFirstNode"];
n00 -> n000;
n001[label = "If_Then"];
n0010[label = "FarthestInsertion"];
n001 -> n0010;
n0011[label = "FarthestNeighbor"];
n001 -> n0011;
n00 -> n001;
n002[label = "FarthestInsertion"];
n00 -> n002;
n0 -> n00;
n01[label = "FarthestInsertion"];
n0 -> n01;
n -> n0;
n1[label = "Equal"];
n10[label = "If_Then_Else"];
n100[label = "WorstMove"];
n10 -> n100;
n101[label = "NearestFirstNode"];
n10 -> n101;
n102[label = "Equal"];
n1020[label = "FarthestInsertion"];
n102 -> n1020;
n1021[label = "FarthestNeighbor"];
n102 -> n1021;
n10 -> n102;
n1 -> n10;
n11[label = "FarthestInsertion"];
n1 -> n11;
n -> n1;
}


Generation: 47
Best Individual:
Subpopulation 0:
Evaluated: true
Fitness: Standardized=0.25764972 Adjusted=0.795134 Hits=0
Tree 0:
digraph g {
node [shape=rectangle];
n[label = "If_Then"];
n0[label = "Or"];
n00[label = "If_Then_Else"];
n000[label = "NearestFirstNode"];
n00 -> n000;
n001[label = "If_Then"];
n0010[label = "FarthestInsertion"];
n001 -> n0010;
n0011[label = "FarthestNeighbor"];
n001 -> n0011;
n00 -> n001;
n002[label = "FarthestInsertion"];
n00 -> n002;
n0 -> n00;
n01[label = "NearestFirstNode"];
n0 -> n01;
n -> n0;
n1[label = "Equal"];
n10[label = "If_Then_Else"];
n100[label = "WorstMove"];
n10 -> n100;
n101[label = "NearestFirstNode"];
n10 -> n101;
n102[label = "If_Then"];
n1020[label = "FarthestInsertion"];
n102 -> n1020;
n1021[label = "FarthestNeighbor"];
n102 -> n1021;
n10 -> n102;
n1 -> n10;
n11[label = "FarthestInsertion"];
n1 -> n11;
n -> n1;
}


Generation: 48
Best Individual:
Subpopulation 0:
Evaluated: true
Fitness: Standardized=0.25764972 Adjusted=0.795134 Hits=0
Tree 0:
digraph g {
node [shape=rectangle];
n[label = "If_Then"];
n0[label = "Or"];
n00[label = "If_Then_Else"];
n000[label = "NearestFirstNode"];
n00 -> n000;
n001[label = "If_Then"];
n0010[label = "FarthestInsertion"];
n001 -> n0010;
n0011[label = "FarthestNeighbor"];
n001 -> n0011;
n00 -> n001;
n002[label = "FarthestInsertion"];
n00 -> n002;
n0 -> n00;
n01[label = "NearestFirstNode"];
n0 -> n01;
n -> n0;
n1[label = "Equal"];
n10[label = "If_Then_Else"];
n100[label = "WorstMove"];
n10 -> n100;
n101[label = "NearestFirstNode"];
n10 -> n101;
n102[label = "Equal"];
n1020[label = "FarthestNeighbor"];
n102 -> n1020;
n1021[label = "FarthestNeighbor"];
n102 -> n1021;
n10 -> n102;
n1 -> n10;
n11[label = "FarthestInsertion"];
n1 -> n11;
n -> n1;
}


Generation: 49
Best Individual:
Subpopulation 0:
Evaluated: true
Fitness: Standardized=0.25764972 Adjusted=0.795134 Hits=0
Tree 0:
digraph g {
node [shape=rectangle];
n[label = "If_Then"];
n0[label = "Or"];
n00[label = "If_Then_Else"];
n000[label = "NearestFirstNode"];
n00 -> n000;
n001[label = "If_Then"];
n0010[label = "FarthestInsertion"];
n001 -> n0010;
n0011[label = "FarthestNeighbor"];
n001 -> n0011;
n00 -> n001;
n002[label = "FarthestInsertion"];
n00 -> n002;
n0 -> n00;
n01[label = "NearestFirstNode"];
n0 -> n01;
n -> n0;
n1[label = "Equal"];
n10[label = "If_Then_Else"];
n100[label = "WorstMove"];
n10 -> n100;
n101[label = "NearestFirstNode"];
n10 -> n101;
n102[label = "If_Then"];
n1020[label = "FarthestInsertion"];
n102 -> n1020;
n1021[label = "FarthestNeighbor"];
n102 -> n1021;
n10 -> n102;
n1 -> n10;
n11[label = "FarthestInsertion"];
n1 -> n11;
n -> n1;
}


Generation: 50
Best Individual:
Subpopulation 0:
Evaluated: true
Fitness: Standardized=0.25764972 Adjusted=0.795134 Hits=0
Tree 0:
digraph g {
node [shape=rectangle];
n[label = "If_Then"];
n0[label = "Or"];
n00[label = "If_Then_Else"];
n000[label = "NearestFirstNode"];
n00 -> n000;
n001[label = "If_Then"];
n0010[label = "FarthestInsertion"];
n001 -> n0010;
n0011[label = "FarthestNeighbor"];
n001 -> n0011;
n00 -> n001;
n002[label = "FarthestInsertion"];
n00 -> n002;
n0 -> n00;
n01[label = "NearestFirstNode"];
n0 -> n01;
n -> n0;
n1[label = "Equal"];
n10[label = "If_Then_Else"];
n100[label = "WorstMove"];
n10 -> n100;
n101[label = "NearestFirstNode"];
n10 -> n101;
n102[label = "If_Then"];
n1020[label = "FarthestInsertion"];
n102 -> n1020;
n1021[label = "FarthestNeighbor"];
n102 -> n1021;
n10 -> n102;
n1 -> n10;
n11[label = "FarthestInsertion"];
n1 -> n11;
n -> n1;
}


Generation: 51
Best Individual:
Subpopulation 0:
Evaluated: true
Fitness: Standardized=0.25764972 Adjusted=0.795134 Hits=0
Tree 0:
digraph g {
node [shape=rectangle];
n[label = "If_Then"];
n0[label = "Or"];
n00[label = "If_Then_Else"];
n000[label = "NearestFirstNode"];
n00 -> n000;
n001[label = "If_Then"];
n0010[label = "FarthestInsertion"];
n001 -> n0010;
n0011[label = "FarthestNeighbor"];
n001 -> n0011;
n00 -> n001;
n002[label = "FarthestInsertion"];
n00 -> n002;
n0 -> n00;
n01[label = "If_Then"];
n010[label = "FarthestInsertion"];
n01 -> n010;
n011[label = "FarthestNeighbor"];
n01 -> n011;
n0 -> n01;
n -> n0;
n1[label = "Equal"];
n10[label = "If_Then_Else"];
n100[label = "WorstMove"];
n10 -> n100;
n101[label = "NearestFirstNode"];
n10 -> n101;
n102[label = "If_Then"];
n1020[label = "FarthestInsertion"];
n102 -> n1020;
n1021[label = "FarthestNeighbor"];
n102 -> n1021;
n10 -> n102;
n1 -> n10;
n11[label = "FarthestInsertion"];
n1 -> n11;
n -> n1;
}


Generation: 52
Best Individual:
Subpopulation 0:
Evaluated: true
Fitness: Standardized=0.25764972 Adjusted=0.795134 Hits=0
Tree 0:
digraph g {
node [shape=rectangle];
n[label = "If_Then"];
n0[label = "Or"];
n00[label = "If_Then_Else"];
n000[label = "NearestFirstNode"];
n00 -> n000;
n001[label = "If_Then"];
n0010[label = "FarthestInsertion"];
n001 -> n0010;
n0011[label = "FarthestNeighbor"];
n001 -> n0011;
n00 -> n001;
n002[label = "FarthestInsertion"];
n00 -> n002;
n0 -> n00;
n01[label = "NearestFirstNode"];
n0 -> n01;
n -> n0;
n1[label = "Equal"];
n10[label = "If_Then_Else"];
n100[label = "WorstMove"];
n10 -> n100;
n101[label = "NearestFirstNode"];
n10 -> n101;
n102[label = "Equal"];
n1020[label = "FarthestInsertion"];
n102 -> n1020;
n1021[label = "FarthestNeighbor"];
n102 -> n1021;
n10 -> n102;
n1 -> n10;
n11[label = "FarthestInsertion"];
n1 -> n11;
n -> n1;
}


Generation: 53
Best Individual:
Subpopulation 0:
Evaluated: true
Fitness: Standardized=0.25764972 Adjusted=0.795134 Hits=0
Tree 0:
digraph g {
node [shape=rectangle];
n[label = "If_Then"];
n0[label = "Or"];
n00[label = "If_Then_Else"];
n000[label = "NearestFirstNode"];
n00 -> n000;
n001[label = "If_Then"];
n0010[label = "FarthestInsertion"];
n001 -> n0010;
n0011[label = "FarthestNeighbor"];
n001 -> n0011;
n00 -> n001;
n002[label = "FarthestInsertion"];
n00 -> n002;
n0 -> n00;
n01[label = "NearestFirstNode"];
n0 -> n01;
n -> n0;
n1[label = "Equal"];
n10[label = "If_Then_Else"];
n100[label = "WorstMove"];
n10 -> n100;
n101[label = "NearestFirstNode"];
n10 -> n101;
n102[label = "Equal"];
n1020[label = "FarthestInsertion"];
n102 -> n1020;
n1021[label = "FarthestNeighbor"];
n102 -> n1021;
n10 -> n102;
n1 -> n10;
n11[label = "FarthestInsertion"];
n1 -> n11;
n -> n1;
}


Generation: 54
Best Individual:
Subpopulation 0:
Evaluated: true
Fitness: Standardized=0.25764972 Adjusted=0.795134 Hits=0
Tree 0:
digraph g {
node [shape=rectangle];
n[label = "If_Then"];
n0[label = "Or"];
n00[label = "If_Then_Else"];
n000[label = "NearestFirstNode"];
n00 -> n000;
n001[label = "If_Then"];
n0010[label = "FarthestInsertion"];
n001 -> n0010;
n0011[label = "FarthestNeighbor"];
n001 -> n0011;
n00 -> n001;
n002[label = "FarthestInsertion"];
n00 -> n002;
n0 -> n00;
n01[label = "NearestFirstNode"];
n0 -> n01;
n -> n0;
n1[label = "Equal"];
n10[label = "If_Then_Else"];
n100[label = "WorstMove"];
n10 -> n100;
n101[label = "NearestFirstNode"];
n10 -> n101;
n102[label = "If_Then"];
n1020[label = "FarthestInsertion"];
n102 -> n1020;
n1021[label = "FarthestNeighbor"];
n102 -> n1021;
n10 -> n102;
n1 -> n10;
n11[label = "FarthestInsertion"];
n1 -> n11;
n -> n1;
}


Generation: 55
Best Individual:
Subpopulation 0:
Evaluated: true
Fitness: Standardized=0.25764972 Adjusted=0.795134 Hits=0
Tree 0:
digraph g {
node [shape=rectangle];
n[label = "If_Then"];
n0[label = "Or"];
n00[label = "If_Then_Else"];
n000[label = "NearestFirstNode"];
n00 -> n000;
n001[label = "If_Then"];
n0010[label = "FarthestInsertion"];
n001 -> n0010;
n0011[label = "FarthestNeighbor"];
n001 -> n0011;
n00 -> n001;
n002[label = "FarthestInsertion"];
n00 -> n002;
n0 -> n00;
n01[label = "NearestFirstNode"];
n0 -> n01;
n -> n0;
n1[label = "Equal"];
n10[label = "If_Then_Else"];
n100[label = "WorstMove"];
n10 -> n100;
n101[label = "NearestFirstNode"];
n10 -> n101;
n102[label = "Equal"];
n1020[label = "FarthestInsertion"];
n102 -> n1020;
n1021[label = "FarthestNeighbor"];
n102 -> n1021;
n10 -> n102;
n1 -> n10;
n11[label = "FarthestInsertion"];
n1 -> n11;
n -> n1;
}


Generation: 56
Best Individual:
Subpopulation 0:
Evaluated: true
Fitness: Standardized=0.25764972 Adjusted=0.795134 Hits=0
Tree 0:
digraph g {
node [shape=rectangle];
n[label = "If_Then"];
n0[label = "Or"];
n00[label = "If_Then_Else"];
n000[label = "NearestFirstNode"];
n00 -> n000;
n001[label = "If_Then"];
n0010[label = "FarthestInsertion"];
n001 -> n0010;
n0011[label = "FarthestNeighbor"];
n001 -> n0011;
n00 -> n001;
n002[label = "FarthestInsertion"];
n00 -> n002;
n0 -> n00;
n01[label = "NearestFirstNode"];
n0 -> n01;
n -> n0;
n1[label = "Equal"];
n10[label = "If_Then_Else"];
n100[label = "WorstMove"];
n10 -> n100;
n101[label = "NearestFirstNode"];
n10 -> n101;
n102[label = "Equal"];
n1020[label = "FarthestInsertion"];
n102 -> n1020;
n1021[label = "FarthestNeighbor"];
n102 -> n1021;
n10 -> n102;
n1 -> n10;
n11[label = "FarthestInsertion"];
n1 -> n11;
n -> n1;
}


Generation: 57
Best Individual:
Subpopulation 0:
Evaluated: true
Fitness: Standardized=0.25764972 Adjusted=0.795134 Hits=0
Tree 0:
digraph g {
node [shape=rectangle];
n[label = "If_Then"];
n0[label = "Or"];
n00[label = "If_Then_Else"];
n000[label = "NearestFirstNode"];
n00 -> n000;
n001[label = "If_Then"];
n0010[label = "FarthestInsertion"];
n001 -> n0010;
n0011[label = "FarthestNeighbor"];
n001 -> n0011;
n00 -> n001;
n002[label = "FarthestInsertion"];
n00 -> n002;
n0 -> n00;
n01[label = "NearestFirstNode"];
n0 -> n01;
n -> n0;
n1[label = "Equal"];
n10[label = "If_Then_Else"];
n100[label = "WorstMove"];
n10 -> n100;
n101[label = "NearestFirstNode"];
n10 -> n101;
n102[label = "Equal"];
n1020[label = "FarthestInsertion"];
n102 -> n1020;
n1021[label = "FarthestNeighbor"];
n102 -> n1021;
n10 -> n102;
n1 -> n10;
n11[label = "FarthestInsertion"];
n1 -> n11;
n -> n1;
}


Generation: 58
Best Individual:
Subpopulation 0:
Evaluated: true
Fitness: Standardized=0.25764972 Adjusted=0.795134 Hits=0
Tree 0:
digraph g {
node [shape=rectangle];
n[label = "If_Then"];
n0[label = "Or"];
n00[label = "If_Then_Else"];
n000[label = "NearestFirstNode"];
n00 -> n000;
n001[label = "If_Then"];
n0010[label = "FarthestInsertion"];
n001 -> n0010;
n0011[label = "FarthestNeighbor"];
n001 -> n0011;
n00 -> n001;
n002[label = "FarthestInsertion"];
n00 -> n002;
n0 -> n00;
n01[label = "NearestFirstNode"];
n0 -> n01;
n -> n0;
n1[label = "Equal"];
n10[label = "If_Then_Else"];
n100[label = "WorstMove"];
n10 -> n100;
n101[label = "NearestFirstNode"];
n10 -> n101;
n102[label = "Equal"];
n1020[label = "FarthestInsertion"];
n102 -> n1020;
n1021[label = "FarthestNeighbor"];
n102 -> n1021;
n10 -> n102;
n1 -> n10;
n11[label = "FarthestInsertion"];
n1 -> n11;
n -> n1;
}


Generation: 59
Best Individual:
Subpopulation 0:
Evaluated: true
Fitness: Standardized=0.25764972 Adjusted=0.795134 Hits=0
Tree 0:
digraph g {
node [shape=rectangle];
n[label = "If_Then"];
n0[label = "Or"];
n00[label = "If_Then_Else"];
n000[label = "NearestFirstNode"];
n00 -> n000;
n001[label = "If_Then"];
n0010[label = "FarthestInsertion"];
n001 -> n0010;
n0011[label = "FarthestNeighbor"];
n001 -> n0011;
n00 -> n001;
n002[label = "If_Then"];
n0020[label = "FarthestInsertion"];
n002 -> n0020;
n0021[label = "FarthestNeighbor"];
n002 -> n0021;
n00 -> n002;
n0 -> n00;
n01[label = "NearestFirstNode"];
n0 -> n01;
n -> n0;
n1[label = "Equal"];
n10[label = "If_Then_Else"];
n100[label = "WorstMove"];
n10 -> n100;
n101[label = "NearestFirstNode"];
n10 -> n101;
n102[label = "Equal"];
n1020[label = "FarthestInsertion"];
n102 -> n1020;
n1021[label = "FarthestNeighbor"];
n102 -> n1021;
n10 -> n102;
n1 -> n10;
n11[label = "FarthestInsertion"];
n1 -> n11;
n -> n1;
}


Generation: 60
Best Individual:
Subpopulation 0:
Evaluated: true
Fitness: Standardized=0.25764972 Adjusted=0.795134 Hits=0
Tree 0:
digraph g {
node [shape=rectangle];
n[label = "If_Then"];
n0[label = "If_Then_Else"];
n00[label = "NearestFirstNode"];
n0 -> n00;
n01[label = "If_Then"];
n010[label = "FarthestInsertion"];
n01 -> n010;
n011[label = "FarthestNeighbor"];
n01 -> n011;
n0 -> n01;
n02[label = "FarthestInsertion"];
n0 -> n02;
n -> n0;
n1[label = "Equal"];
n10[label = "If_Then_Else"];
n100[label = "WorstMove"];
n10 -> n100;
n101[label = "NearestFirstNode"];
n10 -> n101;
n102[label = "Equal"];
n1020[label = "FarthestInsertion"];
n102 -> n1020;
n1021[label = "FarthestNeighbor"];
n102 -> n1021;
n10 -> n102;
n1 -> n10;
n11[label = "FarthestInsertion"];
n1 -> n11;
n -> n1;
}


Generation: 61
Best Individual:
Subpopulation 0:
Evaluated: true
Fitness: Standardized=0.25764972 Adjusted=0.795134 Hits=0
Tree 0:
digraph g {
node [shape=rectangle];
n[label = "If_Then"];
n0[label = "If_Then_Else"];
n00[label = "NearestFirstNode"];
n0 -> n00;
n01[label = "If_Then"];
n010[label = "FarthestInsertion"];
n01 -> n010;
n011[label = "FarthestNeighbor"];
n01 -> n011;
n0 -> n01;
n02[label = "FarthestInsertion"];
n0 -> n02;
n -> n0;
n1[label = "Equal"];
n10[label = "If_Then_Else"];
n100[label = "WorstMove"];
n10 -> n100;
n101[label = "NearestFirstNode"];
n10 -> n101;
n102[label = "If_Then"];
n1020[label = "FarthestInsertion"];
n102 -> n1020;
n1021[label = "FarthestNeighbor"];
n102 -> n1021;
n10 -> n102;
n1 -> n10;
n11[label = "FarthestInsertion"];
n1 -> n11;
n -> n1;
}


Generation: 62
Best Individual:
Subpopulation 0:
Evaluated: true
Fitness: Standardized=0.25764972 Adjusted=0.795134 Hits=0
Tree 0:
digraph g {
node [shape=rectangle];
n[label = "If_Then"];
n0[label = "Or"];
n00[label = "If_Then_Else"];
n000[label = "NearestFirstNode"];
n00 -> n000;
n001[label = "If_Then"];
n0010[label = "FarthestInsertion"];
n001 -> n0010;
n0011[label = "FarthestNeighbor"];
n001 -> n0011;
n00 -> n001;
n002[label = "FarthestInsertion"];
n00 -> n002;
n0 -> n00;
n01[label = "NearestFirstNode"];
n0 -> n01;
n -> n0;
n1[label = "Equal"];
n10[label = "If_Then_Else"];
n100[label = "WorstMove"];
n10 -> n100;
n101[label = "NearestFirstNode"];
n10 -> n101;
n102[label = "Equal"];
n1020[label = "FarthestNeighbor"];
n102 -> n1020;
n1021[label = "FarthestNeighbor"];
n102 -> n1021;
n10 -> n102;
n1 -> n10;
n11[label = "FarthestInsertion"];
n1 -> n11;
n -> n1;
}


Generation: 63
Best Individual:
Subpopulation 0:
Evaluated: true
Fitness: Standardized=0.25764972 Adjusted=0.795134 Hits=0
Tree 0:
digraph g {
node [shape=rectangle];
n[label = "If_Then"];
n0[label = "Or"];
n00[label = "If_Then_Else"];
n000[label = "NearestFirstNode"];
n00 -> n000;
n001[label = "If_Then"];
n0010[label = "FarthestInsertion"];
n001 -> n0010;
n0011[label = "FarthestNeighbor"];
n001 -> n0011;
n00 -> n001;
n002[label = "FarthestInsertion"];
n00 -> n002;
n0 -> n00;
n01[label = "NearestFirstNode"];
n0 -> n01;
n -> n0;
n1[label = "Equal"];
n10[label = "If_Then_Else"];
n100[label = "WorstMove"];
n10 -> n100;
n101[label = "NearestFirstNode"];
n10 -> n101;
n102[label = "Equal"];
n1020[label = "FarthestNeighbor"];
n102 -> n1020;
n1021[label = "FarthestNeighbor"];
n102 -> n1021;
n10 -> n102;
n1 -> n10;
n11[label = "FarthestInsertion"];
n1 -> n11;
n -> n1;
}


Generation: 64
Best Individual:
Subpopulation 0:
Evaluated: true
Fitness: Standardized=0.25764972 Adjusted=0.795134 Hits=0
Tree 0:
digraph g {
node [shape=rectangle];
n[label = "If_Then"];
n0[label = "Or"];
n00[label = "If_Then_Else"];
n000[label = "NearestFirstNode"];
n00 -> n000;
n001[label = "If_Then"];
n0010[label = "FarthestInsertion"];
n001 -> n0010;
n0011[label = "FarthestNeighbor"];
n001 -> n0011;
n00 -> n001;
n002[label = "FarthestInsertion"];
n00 -> n002;
n0 -> n00;
n01[label = "Equal"];
n010[label = "FarthestNeighbor"];
n01 -> n010;
n011[label = "FarthestNeighbor"];
n01 -> n011;
n0 -> n01;
n -> n0;
n1[label = "Equal"];
n10[label = "If_Then_Else"];
n100[label = "WorstMove"];
n10 -> n100;
n101[label = "NearestFirstNode"];
n10 -> n101;
n102[label = "Equal"];
n1020[label = "FarthestInsertion"];
n102 -> n1020;
n1021[label = "FarthestNeighbor"];
n102 -> n1021;
n10 -> n102;
n1 -> n10;
n11[label = "FarthestInsertion"];
n1 -> n11;
n -> n1;
}


Generation: 65
Best Individual:
Subpopulation 0:
Evaluated: true
Fitness: Standardized=0.25764972 Adjusted=0.795134 Hits=0
Tree 0:
digraph g {
node [shape=rectangle];
n[label = "If_Then"];
n0[label = "Or"];
n00[label = "If_Then_Else"];
n000[label = "NearestFirstNode"];
n00 -> n000;
n001[label = "If_Then"];
n0010[label = "FarthestInsertion"];
n001 -> n0010;
n0011[label = "FarthestNeighbor"];
n001 -> n0011;
n00 -> n001;
n002[label = "FarthestInsertion"];
n00 -> n002;
n0 -> n00;
n01[label = "Equal"];
n010[label = "FarthestNeighbor"];
n01 -> n010;
n011[label = "FarthestNeighbor"];
n01 -> n011;
n0 -> n01;
n -> n0;
n1[label = "Equal"];
n10[label = "If_Then_Else"];
n100[label = "WorstMove"];
n10 -> n100;
n101[label = "NearestFirstNode"];
n10 -> n101;
n102[label = "Equal"];
n1020[label = "FarthestInsertion"];
n102 -> n1020;
n1021[label = "FarthestNeighbor"];
n102 -> n1021;
n10 -> n102;
n1 -> n10;
n11[label = "FarthestInsertion"];
n1 -> n11;
n -> n1;
}


Generation: 66
Best Individual:
Subpopulation 0:
Evaluated: true
Fitness: Standardized=0.25764972 Adjusted=0.795134 Hits=0
Tree 0:
digraph g {
node [shape=rectangle];
n[label = "If_Then"];
n0[label = "Or"];
n00[label = "If_Then_Else"];
n000[label = "NearestFirstNode"];
n00 -> n000;
n001[label = "If_Then"];
n0010[label = "FarthestInsertion"];
n001 -> n0010;
n0011[label = "FarthestNeighbor"];
n001 -> n0011;
n00 -> n001;
n002[label = "FarthestInsertion"];
n00 -> n002;
n0 -> n00;
n01[label = "Equal"];
n010[label = "FarthestNeighbor"];
n01 -> n010;
n011[label = "FarthestNeighbor"];
n01 -> n011;
n0 -> n01;
n -> n0;
n1[label = "Equal"];
n10[label = "If_Then_Else"];
n100[label = "WorstMove"];
n10 -> n100;
n101[label = "NearestFirstNode"];
n10 -> n101;
n102[label = "Equal"];
n1020[label = "FarthestInsertion"];
n102 -> n1020;
n1021[label = "FarthestNeighbor"];
n102 -> n1021;
n10 -> n102;
n1 -> n10;
n11[label = "FarthestInsertion"];
n1 -> n11;
n -> n1;
}


Generation: 67
Best Individual:
Subpopulation 0:
Evaluated: true
Fitness: Standardized=0.25764972 Adjusted=0.795134 Hits=0
Tree 0:
digraph g {
node [shape=rectangle];
n[label = "If_Then"];
n0[label = "Or"];
n00[label = "If_Then_Else"];
n000[label = "NearestFirstNode"];
n00 -> n000;
n001[label = "If_Then"];
n0010[label = "FarthestInsertion"];
n001 -> n0010;
n0011[label = "FarthestNeighbor"];
n001 -> n0011;
n00 -> n001;
n002[label = "FarthestInsertion"];
n00 -> n002;
n0 -> n00;
n01[label = "Equal"];
n010[label = "FarthestNeighbor"];
n01 -> n010;
n011[label = "FarthestNeighbor"];
n01 -> n011;
n0 -> n01;
n -> n0;
n1[label = "Equal"];
n10[label = "If_Then_Else"];
n100[label = "WorstMove"];
n10 -> n100;
n101[label = "NearestFirstNode"];
n10 -> n101;
n102[label = "Equal"];
n1020[label = "FarthestInsertion"];
n102 -> n1020;
n1021[label = "FarthestNeighbor"];
n102 -> n1021;
n10 -> n102;
n1 -> n10;
n11[label = "FarthestInsertion"];
n1 -> n11;
n -> n1;
}


Generation: 68
Best Individual:
Subpopulation 0:
Evaluated: true
Fitness: Standardized=0.25764972 Adjusted=0.795134 Hits=0
Tree 0:
digraph g {
node [shape=rectangle];
n[label = "If_Then"];
n0[label = "Or"];
n00[label = "If_Then_Else"];
n000[label = "NearestFirstNode"];
n00 -> n000;
n001[label = "If_Then"];
n0010[label = "FarthestInsertion"];
n001 -> n0010;
n0011[label = "FarthestNeighbor"];
n001 -> n0011;
n00 -> n001;
n002[label = "FarthestInsertion"];
n00 -> n002;
n0 -> n00;
n01[label = "Equal"];
n010[label = "FarthestNeighbor"];
n01 -> n010;
n011[label = "NearestNeighbor"];
n01 -> n011;
n0 -> n01;
n -> n0;
n1[label = "Equal"];
n10[label = "If_Then_Else"];
n100[label = "WorstMove"];
n10 -> n100;
n101[label = "NearestFirstNode"];
n10 -> n101;
n102[label = "Equal"];
n1020[label = "FarthestInsertion"];
n102 -> n1020;
n1021[label = "FarthestNeighbor"];
n102 -> n1021;
n10 -> n102;
n1 -> n10;
n11[label = "FarthestInsertion"];
n1 -> n11;
n -> n1;
}


Generation: 69
Best Individual:
Subpopulation 0:
Evaluated: true
Fitness: Standardized=0.25764972 Adjusted=0.795134 Hits=0
Tree 0:
digraph g {
node [shape=rectangle];
n[label = "If_Then"];
n0[label = "Or"];
n00[label = "If_Then_Else"];
n000[label = "NearestFirstNode"];
n00 -> n000;
n001[label = "If_Then"];
n0010[label = "FarthestInsertion"];
n001 -> n0010;
n0011[label = "FarthestNeighbor"];
n001 -> n0011;
n00 -> n001;
n002[label = "FarthestInsertion"];
n00 -> n002;
n0 -> n00;
n01[label = "NearestFirstNode"];
n0 -> n01;
n -> n0;
n1[label = "Equal"];
n10[label = "If_Then_Else"];
n100[label = "WorstMove"];
n10 -> n100;
n101[label = "NearestFirstNode"];
n10 -> n101;
n102[label = "If_Then"];
n1020[label = "FarthestInsertion"];
n102 -> n1020;
n1021[label = "FarthestNeighbor"];
n102 -> n1021;
n10 -> n102;
n1 -> n10;
n11[label = "FarthestInsertion"];
n1 -> n11;
n -> n1;
}


Generation: 70
Best Individual:
Subpopulation 0:
Evaluated: true
Fitness: Standardized=0.25764972 Adjusted=0.795134 Hits=0
Tree 0:
digraph g {
node [shape=rectangle];
n[label = "If_Then"];
n0[label = "Or"];
n00[label = "If_Then_Else"];
n000[label = "NearestFirstNode"];
n00 -> n000;
n001[label = "If_Then"];
n0010[label = "FarthestInsertion"];
n001 -> n0010;
n0011[label = "FarthestNeighbor"];
n001 -> n0011;
n00 -> n001;
n002[label = "FarthestInsertion"];
n00 -> n002;
n0 -> n00;
n01[label = "Equal"];
n010[label = "FarthestNeighbor"];
n01 -> n010;
n011[label = "FarthestNeighbor"];
n01 -> n011;
n0 -> n01;
n -> n0;
n1[label = "Equal"];
n10[label = "If_Then_Else"];
n100[label = "WorstMove"];
n10 -> n100;
n101[label = "NearestFirstNode"];
n10 -> n101;
n102[label = "Equal"];
n1020[label = "FarthestInsertion"];
n102 -> n1020;
n1021[label = "FarthestNeighbor"];
n102 -> n1021;
n10 -> n102;
n1 -> n10;
n11[label = "FarthestInsertion"];
n1 -> n11;
n -> n1;
}


Generation: 71
Best Individual:
Subpopulation 0:
Evaluated: true
Fitness: Standardized=0.25764972 Adjusted=0.795134 Hits=0
Tree 0:
digraph g {
node [shape=rectangle];
n[label = "If_Then"];
n0[label = "Or"];
n00[label = "If_Then_Else"];
n000[label = "NearestFirstNode"];
n00 -> n000;
n001[label = "If_Then"];
n0010[label = "FarthestInsertion"];
n001 -> n0010;
n0011[label = "FarthestNeighbor"];
n001 -> n0011;
n00 -> n001;
n002[label = "FarthestInsertion"];
n00 -> n002;
n0 -> n00;
n01[label = "NearestFirstNode"];
n0 -> n01;
n -> n0;
n1[label = "Equal"];
n10[label = "If_Then_Else"];
n100[label = "WorstMove"];
n10 -> n100;
n101[label = "NearestFirstNode"];
n10 -> n101;
n102[label = "If_Then"];
n1020[label = "FarthestInsertion"];
n102 -> n1020;
n1021[label = "FarthestNeighbor"];
n102 -> n1021;
n10 -> n102;
n1 -> n10;
n11[label = "FarthestInsertion"];
n1 -> n11;
n -> n1;
}


Generation: 72
Best Individual:
Subpopulation 0:
Evaluated: true
Fitness: Standardized=0.25764972 Adjusted=0.795134 Hits=0
Tree 0:
digraph g {
node [shape=rectangle];
n[label = "If_Then"];
n0[label = "Or"];
n00[label = "If_Then_Else"];
n000[label = "NearestFirstNode"];
n00 -> n000;
n001[label = "If_Then"];
n0010[label = "FarthestInsertion"];
n001 -> n0010;
n0011[label = "FarthestNeighbor"];
n001 -> n0011;
n00 -> n001;
n002[label = "FarthestInsertion"];
n00 -> n002;
n0 -> n00;
n01[label = "NearestFirstNode"];
n0 -> n01;
n -> n0;
n1[label = "Equal"];
n10[label = "If_Then_Else"];
n100[label = "WorstMove"];
n10 -> n100;
n101[label = "NearestFirstNode"];
n10 -> n101;
n102[label = "If_Then"];
n1020[label = "FarthestInsertion"];
n102 -> n1020;
n1021[label = "FarthestNeighbor"];
n102 -> n1021;
n10 -> n102;
n1 -> n10;
n11[label = "FarthestInsertion"];
n1 -> n11;
n -> n1;
}


Generation: 73
Best Individual:
Subpopulation 0:
Evaluated: true
Fitness: Standardized=0.25764972 Adjusted=0.795134 Hits=0
Tree 0:
digraph g {
node [shape=rectangle];
n[label = "If_Then"];
n0[label = "Or"];
n00[label = "If_Then_Else"];
n000[label = "NearestFirstNode"];
n00 -> n000;
n001[label = "If_Then"];
n0010[label = "FarthestInsertion"];
n001 -> n0010;
n0011[label = "FarthestNeighbor"];
n001 -> n0011;
n00 -> n001;
n002[label = "FarthestInsertion"];
n00 -> n002;
n0 -> n00;
n01[label = "NearestFirstNode"];
n0 -> n01;
n -> n0;
n1[label = "Equal"];
n10[label = "If_Then_Else"];
n100[label = "WorstMove"];
n10 -> n100;
n101[label = "NearestFirstNode"];
n10 -> n101;
n102[label = "If_Then"];
n1020[label = "FarthestInsertion"];
n102 -> n1020;
n1021[label = "FarthestNeighbor"];
n102 -> n1021;
n10 -> n102;
n1 -> n10;
n11[label = "FarthestInsertion"];
n1 -> n11;
n -> n1;
}


Generation: 74
Best Individual:
Subpopulation 0:
Evaluated: true
Fitness: Standardized=0.25764972 Adjusted=0.795134 Hits=0
Tree 0:
digraph g {
node [shape=rectangle];
n[label = "If_Then"];
n0[label = "Or"];
n00[label = "If_Then_Else"];
n000[label = "NearestFirstNode"];
n00 -> n000;
n001[label = "If_Then"];
n0010[label = "FarthestInsertion"];
n001 -> n0010;
n0011[label = "FarthestNeighbor"];
n001 -> n0011;
n00 -> n001;
n002[label = "FarthestInsertion"];
n00 -> n002;
n0 -> n00;
n01[label = "NearestFirstNode"];
n0 -> n01;
n -> n0;
n1[label = "Equal"];
n10[label = "If_Then_Else"];
n100[label = "WorstMove"];
n10 -> n100;
n101[label = "NearestFirstNode"];
n10 -> n101;
n102[label = "If_Then"];
n1020[label = "FarthestInsertion"];
n102 -> n1020;
n1021[label = "FarthestNeighbor"];
n102 -> n1021;
n10 -> n102;
n1 -> n10;
n11[label = "FarthestInsertion"];
n1 -> n11;
n -> n1;
}


Generation: 75
Best Individual:
Subpopulation 0:
Evaluated: true
Fitness: Standardized=0.25764972 Adjusted=0.795134 Hits=0
Tree 0:
digraph g {
node [shape=rectangle];
n[label = "If_Then"];
n0[label = "Or"];
n00[label = "If_Then_Else"];
n000[label = "NearestFirstNode"];
n00 -> n000;
n001[label = "If_Then"];
n0010[label = "FarthestInsertion"];
n001 -> n0010;
n0011[label = "FarthestNeighbor"];
n001 -> n0011;
n00 -> n001;
n002[label = "FarthestInsertion"];
n00 -> n002;
n0 -> n00;
n01[label = "NearestFirstNode"];
n0 -> n01;
n -> n0;
n1[label = "Equal"];
n10[label = "If_Then_Else"];
n100[label = "WorstMove"];
n10 -> n100;
n101[label = "NearestFirstNode"];
n10 -> n101;
n102[label = "If_Then"];
n1020[label = "FarthestInsertion"];
n102 -> n1020;
n1021[label = "FarthestNeighbor"];
n102 -> n1021;
n10 -> n102;
n1 -> n10;
n11[label = "FarthestInsertion"];
n1 -> n11;
n -> n1;
}


Generation: 76
Best Individual:
Subpopulation 0:
Evaluated: true
Fitness: Standardized=0.25764972 Adjusted=0.795134 Hits=0
Tree 0:
digraph g {
node [shape=rectangle];
n[label = "If_Then"];
n0[label = "Or"];
n00[label = "If_Then_Else"];
n000[label = "NearestFirstNode"];
n00 -> n000;
n001[label = "If_Then"];
n0010[label = "FarthestInsertion"];
n001 -> n0010;
n0011[label = "FarthestNeighbor"];
n001 -> n0011;
n00 -> n001;
n002[label = "FarthestInsertion"];
n00 -> n002;
n0 -> n00;
n01[label = "NearestFirstNode"];
n0 -> n01;
n -> n0;
n1[label = "Equal"];
n10[label = "If_Then_Else"];
n100[label = "WorstMove"];
n10 -> n100;
n101[label = "NearestFirstNode"];
n10 -> n101;
n102[label = "If_Then"];
n1020[label = "FarthestInsertion"];
n102 -> n1020;
n1021[label = "FarthestNeighbor"];
n102 -> n1021;
n10 -> n102;
n1 -> n10;
n11[label = "FarthestInsertion"];
n1 -> n11;
n -> n1;
}


Generation: 77
Best Individual:
Subpopulation 0:
Evaluated: true
Fitness: Standardized=0.25764972 Adjusted=0.795134 Hits=0
Tree 0:
digraph g {
node [shape=rectangle];
n[label = "If_Then"];
n0[label = "Or"];
n00[label = "If_Then_Else"];
n000[label = "NearestFirstNode"];
n00 -> n000;
n001[label = "If_Then"];
n0010[label = "FarthestInsertion"];
n001 -> n0010;
n0011[label = "FarthestNeighbor"];
n001 -> n0011;
n00 -> n001;
n002[label = "FarthestInsertion"];
n00 -> n002;
n0 -> n00;
n01[label = "NearestFirstNode"];
n0 -> n01;
n -> n0;
n1[label = "Equal"];
n10[label = "If_Then_Else"];
n100[label = "WorstMove"];
n10 -> n100;
n101[label = "NearestFirstNode"];
n10 -> n101;
n102[label = "If_Then"];
n1020[label = "FarthestInsertion"];
n102 -> n1020;
n1021[label = "FarthestNeighbor"];
n102 -> n1021;
n10 -> n102;
n1 -> n10;
n11[label = "FarthestInsertion"];
n1 -> n11;
n -> n1;
}


Generation: 78
Best Individual:
Subpopulation 0:
Evaluated: true
Fitness: Standardized=0.25764972 Adjusted=0.795134 Hits=0
Tree 0:
digraph g {
node [shape=rectangle];
n[label = "If_Then"];
n0[label = "Or"];
n00[label = "If_Then_Else"];
n000[label = "NearestFirstNode"];
n00 -> n000;
n001[label = "If_Then"];
n0010[label = "FarthestInsertion"];
n001 -> n0010;
n0011[label = "FarthestNeighbor"];
n001 -> n0011;
n00 -> n001;
n002[label = "FarthestInsertion"];
n00 -> n002;
n0 -> n00;
n01[label = "NearestFirstNode"];
n0 -> n01;
n -> n0;
n1[label = "Equal"];
n10[label = "If_Then_Else"];
n100[label = "WorstMove"];
n10 -> n100;
n101[label = "NearestFirstNode"];
n10 -> n101;
n102[label = "If_Then"];
n1020[label = "FarthestInsertion"];
n102 -> n1020;
n1021[label = "FarthestNeighbor"];
n102 -> n1021;
n10 -> n102;
n1 -> n10;
n11[label = "FarthestInsertion"];
n1 -> n11;
n -> n1;
}


Generation: 79
Best Individual:
Subpopulation 0:
Evaluated: true
Fitness: Standardized=0.25764972 Adjusted=0.795134 Hits=0
Tree 0:
digraph g {
node [shape=rectangle];
n[label = "If_Then"];
n0[label = "Or"];
n00[label = "If_Then_Else"];
n000[label = "NearestFirstNode"];
n00 -> n000;
n001[label = "If_Then"];
n0010[label = "FarthestInsertion"];
n001 -> n0010;
n0011[label = "FarthestNeighbor"];
n001 -> n0011;
n00 -> n001;
n002[label = "FarthestInsertion"];
n00 -> n002;
n0 -> n00;
n01[label = "NearestFirstNode"];
n0 -> n01;
n -> n0;
n1[label = "Equal"];
n10[label = "If_Then_Else"];
n100[label = "WorstMove"];
n10 -> n100;
n101[label = "NearestFirstNode"];
n10 -> n101;
n102[label = "If_Then"];
n1020[label = "FarthestInsertion"];
n102 -> n1020;
n1021[label = "FarthestNeighbor"];
n102 -> n1021;
n10 -> n102;
n1 -> n10;
n11[label = "FarthestInsertion"];
n1 -> n11;
n -> n1;
}


Generation: 80
Best Individual:
Subpopulation 0:
Evaluated: true
Fitness: Standardized=0.25764972 Adjusted=0.795134 Hits=0
Tree 0:
digraph g {
node [shape=rectangle];
n[label = "If_Then"];
n0[label = "Or"];
n00[label = "If_Then_Else"];
n000[label = "NearestFirstNode"];
n00 -> n000;
n001[label = "If_Then"];
n0010[label = "FarthestInsertion"];
n001 -> n0010;
n0011[label = "FarthestNeighbor"];
n001 -> n0011;
n00 -> n001;
n002[label = "FarthestInsertion"];
n00 -> n002;
n0 -> n00;
n01[label = "NearestFirstNode"];
n0 -> n01;
n -> n0;
n1[label = "Equal"];
n10[label = "If_Then_Else"];
n100[label = "WorstMove"];
n10 -> n100;
n101[label = "NearestFirstNode"];
n10 -> n101;
n102[label = "If_Then"];
n1020[label = "FarthestInsertion"];
n102 -> n1020;
n1021[label = "FarthestNeighbor"];
n102 -> n1021;
n10 -> n102;
n1 -> n10;
n11[label = "FarthestInsertion"];
n1 -> n11;
n -> n1;
}


Generation: 81
Best Individual:
Subpopulation 0:
Evaluated: true
Fitness: Standardized=0.25764972 Adjusted=0.795134 Hits=0
Tree 0:
digraph g {
node [shape=rectangle];
n[label = "If_Then"];
n0[label = "Or"];
n00[label = "If_Then_Else"];
n000[label = "NearestFirstNode"];
n00 -> n000;
n001[label = "If_Then"];
n0010[label = "FarthestInsertion"];
n001 -> n0010;
n0011[label = "FarthestNeighbor"];
n001 -> n0011;
n00 -> n001;
n002[label = "FarthestInsertion"];
n00 -> n002;
n0 -> n00;
n01[label = "NearestFirstNode"];
n0 -> n01;
n -> n0;
n1[label = "Equal"];
n10[label = "If_Then_Else"];
n100[label = "WorstMove"];
n10 -> n100;
n101[label = "NearestFirstNode"];
n10 -> n101;
n102[label = "If_Then"];
n1020[label = "FarthestInsertion"];
n102 -> n1020;
n1021[label = "FarthestNeighbor"];
n102 -> n1021;
n10 -> n102;
n1 -> n10;
n11[label = "FarthestInsertion"];
n1 -> n11;
n -> n1;
}


Generation: 82
Best Individual:
Subpopulation 0:
Evaluated: true
Fitness: Standardized=0.25764972 Adjusted=0.795134 Hits=0
Tree 0:
digraph g {
node [shape=rectangle];
n[label = "If_Then"];
n0[label = "Or"];
n00[label = "If_Then_Else"];
n000[label = "NearestFirstNode"];
n00 -> n000;
n001[label = "If_Then"];
n0010[label = "FarthestInsertion"];
n001 -> n0010;
n0011[label = "FarthestNeighbor"];
n001 -> n0011;
n00 -> n001;
n002[label = "FarthestInsertion"];
n00 -> n002;
n0 -> n00;
n01[label = "NearestFirstNode"];
n0 -> n01;
n -> n0;
n1[label = "Equal"];
n10[label = "If_Then_Else"];
n100[label = "WorstMove"];
n10 -> n100;
n101[label = "NearestFirstNode"];
n10 -> n101;
n102[label = "If_Then"];
n1020[label = "FarthestInsertion"];
n102 -> n1020;
n1021[label = "FarthestNeighbor"];
n102 -> n1021;
n10 -> n102;
n1 -> n10;
n11[label = "FarthestInsertion"];
n1 -> n11;
n -> n1;
}


Generation: 83
Best Individual:
Subpopulation 0:
Evaluated: true
Fitness: Standardized=0.25764972 Adjusted=0.795134 Hits=0
Tree 0:
digraph g {
node [shape=rectangle];
n[label = "If_Then"];
n0[label = "Or"];
n00[label = "If_Then_Else"];
n000[label = "NearestFirstNode"];
n00 -> n000;
n001[label = "If_Then"];
n0010[label = "FarthestInsertion"];
n001 -> n0010;
n0011[label = "FarthestNeighbor"];
n001 -> n0011;
n00 -> n001;
n002[label = "FarthestInsertion"];
n00 -> n002;
n0 -> n00;
n01[label = "NearestFirstNode"];
n0 -> n01;
n -> n0;
n1[label = "Equal"];
n10[label = "If_Then_Else"];
n100[label = "WorstMove"];
n10 -> n100;
n101[label = "NearestFirstNode"];
n10 -> n101;
n102[label = "If_Then"];
n1020[label = "FarthestInsertion"];
n102 -> n1020;
n1021[label = "FarthestNeighbor"];
n102 -> n1021;
n10 -> n102;
n1 -> n10;
n11[label = "FarthestInsertion"];
n1 -> n11;
n -> n1;
}


Generation: 84
Best Individual:
Subpopulation 0:
Evaluated: true
Fitness: Standardized=0.25764972 Adjusted=0.795134 Hits=0
Tree 0:
digraph g {
node [shape=rectangle];
n[label = "If_Then"];
n0[label = "Or"];
n00[label = "If_Then_Else"];
n000[label = "NearestFirstNode"];
n00 -> n000;
n001[label = "If_Then"];
n0010[label = "FarthestInsertion"];
n001 -> n0010;
n0011[label = "FarthestNeighbor"];
n001 -> n0011;
n00 -> n001;
n002[label = "FarthestInsertion"];
n00 -> n002;
n0 -> n00;
n01[label = "NearestFirstNode"];
n0 -> n01;
n -> n0;
n1[label = "Equal"];
n10[label = "If_Then_Else"];
n100[label = "WorstMove"];
n10 -> n100;
n101[label = "NearestFirstNode"];
n10 -> n101;
n102[label = "If_Then"];
n1020[label = "FarthestInsertion"];
n102 -> n1020;
n1021[label = "FarthestNeighbor"];
n102 -> n1021;
n10 -> n102;
n1 -> n10;
n11[label = "FarthestInsertion"];
n1 -> n11;
n -> n1;
}


Generation: 85
Best Individual:
Subpopulation 0:
Evaluated: true
Fitness: Standardized=0.25764972 Adjusted=0.795134 Hits=0
Tree 0:
digraph g {
node [shape=rectangle];
n[label = "If_Then"];
n0[label = "Or"];
n00[label = "If_Then_Else"];
n000[label = "NearestFirstNode"];
n00 -> n000;
n001[label = "If_Then"];
n0010[label = "FarthestInsertion"];
n001 -> n0010;
n0011[label = "FarthestNeighbor"];
n001 -> n0011;
n00 -> n001;
n002[label = "FarthestInsertion"];
n00 -> n002;
n0 -> n00;
n01[label = "NearestFirstNode"];
n0 -> n01;
n -> n0;
n1[label = "Equal"];
n10[label = "If_Then_Else"];
n100[label = "WorstMove"];
n10 -> n100;
n101[label = "NearestFirstNode"];
n10 -> n101;
n102[label = "If_Then"];
n1020[label = "FarthestInsertion"];
n102 -> n1020;
n1021[label = "FarthestNeighbor"];
n102 -> n1021;
n10 -> n102;
n1 -> n10;
n11[label = "FarthestInsertion"];
n1 -> n11;
n -> n1;
}


Generation: 86
Best Individual:
Subpopulation 0:
Evaluated: true
Fitness: Standardized=0.25764972 Adjusted=0.795134 Hits=0
Tree 0:
digraph g {
node [shape=rectangle];
n[label = "If_Then"];
n0[label = "Or"];
n00[label = "If_Then_Else"];
n000[label = "NearestFirstNode"];
n00 -> n000;
n001[label = "If_Then"];
n0010[label = "FarthestInsertion"];
n001 -> n0010;
n0011[label = "FarthestNeighbor"];
n001 -> n0011;
n00 -> n001;
n002[label = "WorstMove"];
n00 -> n002;
n0 -> n00;
n01[label = "NearestFirstNode"];
n0 -> n01;
n -> n0;
n1[label = "Equal"];
n10[label = "If_Then_Else"];
n100[label = "WorstMove"];
n10 -> n100;
n101[label = "NearestFirstNode"];
n10 -> n101;
n102[label = "If_Then"];
n1020[label = "FarthestInsertion"];
n102 -> n1020;
n1021[label = "FarthestNeighbor"];
n102 -> n1021;
n10 -> n102;
n1 -> n10;
n11[label = "FarthestInsertion"];
n1 -> n11;
n -> n1;
}


Generation: 87
Best Individual:
Subpopulation 0:
Evaluated: true
Fitness: Standardized=0.25764972 Adjusted=0.795134 Hits=0
Tree 0:
digraph g {
node [shape=rectangle];
n[label = "If_Then"];
n0[label = "Or"];
n00[label = "If_Then_Else"];
n000[label = "NearestFirstNode"];
n00 -> n000;
n001[label = "If_Then"];
n0010[label = "FarthestInsertion"];
n001 -> n0010;
n0011[label = "FarthestNeighbor"];
n001 -> n0011;
n00 -> n001;
n002[label = "FarthestInsertion"];
n00 -> n002;
n0 -> n00;
n01[label = "NearestFirstNode"];
n0 -> n01;
n -> n0;
n1[label = "Equal"];
n10[label = "If_Then_Else"];
n100[label = "WorstMove"];
n10 -> n100;
n101[label = "NearestFirstNode"];
n10 -> n101;
n102[label = "If_Then"];
n1020[label = "FarthestInsertion"];
n102 -> n1020;
n1021[label = "FarthestNeighbor"];
n102 -> n1021;
n10 -> n102;
n1 -> n10;
n11[label = "FarthestInsertion"];
n1 -> n11;
n -> n1;
}


Generation: 88
Best Individual:
Subpopulation 0:
Evaluated: true
Fitness: Standardized=0.25764972 Adjusted=0.795134 Hits=0
Tree 0:
digraph g {
node [shape=rectangle];
n[label = "If_Then"];
n0[label = "Or"];
n00[label = "If_Then_Else"];
n000[label = "NearestFirstNode"];
n00 -> n000;
n001[label = "If_Then"];
n0010[label = "FarthestInsertion"];
n001 -> n0010;
n0011[label = "FarthestNeighbor"];
n001 -> n0011;
n00 -> n001;
n002[label = "NearestFirstNode"];
n00 -> n002;
n0 -> n00;
n01[label = "NearestFirstNode"];
n0 -> n01;
n -> n0;
n1[label = "Equal"];
n10[label = "If_Then_Else"];
n100[label = "WorstMove"];
n10 -> n100;
n101[label = "NearestFirstNode"];
n10 -> n101;
n102[label = "If_Then"];
n1020[label = "FarthestInsertion"];
n102 -> n1020;
n1021[label = "FarthestNeighbor"];
n102 -> n1021;
n10 -> n102;
n1 -> n10;
n11[label = "FarthestInsertion"];
n1 -> n11;
n -> n1;
}


Generation: 89
Best Individual:
Subpopulation 0:
Evaluated: true
Fitness: Standardized=0.25764972 Adjusted=0.795134 Hits=0
Tree 0:
digraph g {
node [shape=rectangle];
n[label = "If_Then"];
n0[label = "Or"];
n00[label = "If_Then_Else"];
n000[label = "NearestFirstNode"];
n00 -> n000;
n001[label = "If_Then"];
n0010[label = "FarthestInsertion"];
n001 -> n0010;
n0011[label = "FarthestNeighbor"];
n001 -> n0011;
n00 -> n001;
n002[label = "FarthestInsertion"];
n00 -> n002;
n0 -> n00;
n01[label = "NearestFirstNode"];
n0 -> n01;
n -> n0;
n1[label = "Equal"];
n10[label = "If_Then_Else"];
n100[label = "WorstMove"];
n10 -> n100;
n101[label = "NearestFirstNode"];
n10 -> n101;
n102[label = "If_Then"];
n1020[label = "FarthestInsertion"];
n102 -> n1020;
n1021[label = "FarthestNeighbor"];
n102 -> n1021;
n10 -> n102;
n1 -> n10;
n11[label = "FarthestInsertion"];
n1 -> n11;
n -> n1;
}


Generation: 90
Best Individual:
Subpopulation 0:
Evaluated: true
Fitness: Standardized=0.25764972 Adjusted=0.795134 Hits=0
Tree 0:
digraph g {
node [shape=rectangle];
n[label = "If_Then"];
n0[label = "Or"];
n00[label = "If_Then_Else"];
n000[label = "NearestFirstNode"];
n00 -> n000;
n001[label = "If_Then"];
n0010[label = "FarthestInsertion"];
n001 -> n0010;
n0011[label = "FarthestNeighbor"];
n001 -> n0011;
n00 -> n001;
n002[label = "And"];
n0020[label = "NearestNeighbor"];
n002 -> n0020;
n0021[label = "FarthestFirstNode"];
n002 -> n0021;
n00 -> n002;
n0 -> n00;
n01[label = "NearestFirstNode"];
n0 -> n01;
n -> n0;
n1[label = "Equal"];
n10[label = "If_Then_Else"];
n100[label = "WorstMove"];
n10 -> n100;
n101[label = "NearestFirstNode"];
n10 -> n101;
n102[label = "If_Then"];
n1020[label = "FarthestInsertion"];
n102 -> n1020;
n1021[label = "FarthestNeighbor"];
n102 -> n1021;
n10 -> n102;
n1 -> n10;
n11[label = "FarthestInsertion"];
n1 -> n11;
n -> n1;
}


Generation: 91
Best Individual:
Subpopulation 0:
Evaluated: true
Fitness: Standardized=0.25764972 Adjusted=0.795134 Hits=0
Tree 0:
digraph g {
node [shape=rectangle];
n[label = "If_Then"];
n0[label = "Or"];
n00[label = "If_Then_Else"];
n000[label = "NearestFirstNode"];
n00 -> n000;
n001[label = "If_Then"];
n0010[label = "FarthestInsertion"];
n001 -> n0010;
n0011[label = "FarthestNeighbor"];
n001 -> n0011;
n00 -> n001;
n002[label = "And"];
n0020[label = "NearestNeighbor"];
n002 -> n0020;
n0021[label = "FarthestFirstNode"];
n002 -> n0021;
n00 -> n002;
n0 -> n00;
n01[label = "NearestFirstNode"];
n0 -> n01;
n -> n0;
n1[label = "Equal"];
n10[label = "If_Then_Else"];
n100[label = "WorstMove"];
n10 -> n100;
n101[label = "NearestFirstNode"];
n10 -> n101;
n102[label = "If_Then"];
n1020[label = "FarthestInsertion"];
n102 -> n1020;
n1021[label = "FarthestNeighbor"];
n102 -> n1021;
n10 -> n102;
n1 -> n10;
n11[label = "FarthestInsertion"];
n1 -> n11;
n -> n1;
}


Generation: 92
Best Individual:
Subpopulation 0:
Evaluated: true
Fitness: Standardized=0.25764972 Adjusted=0.795134 Hits=0
Tree 0:
digraph g {
node [shape=rectangle];
n[label = "If_Then"];
n0[label = "Or"];
n00[label = "If_Then_Else"];
n000[label = "NearestFirstNode"];
n00 -> n000;
n001[label = "If_Then"];
n0010[label = "FarthestInsertion"];
n001 -> n0010;
n0011[label = "FarthestNeighbor"];
n001 -> n0011;
n00 -> n001;
n002[label = "FarthestInsertion"];
n00 -> n002;
n0 -> n00;
n01[label = "NearestFirstNode"];
n0 -> n01;
n -> n0;
n1[label = "Equal"];
n10[label = "If_Then_Else"];
n100[label = "WorstMove"];
n10 -> n100;
n101[label = "NearestFirstNode"];
n10 -> n101;
n102[label = "If_Then"];
n1020[label = "FarthestInsertion"];
n102 -> n1020;
n1021[label = "FarthestNeighbor"];
n102 -> n1021;
n10 -> n102;
n1 -> n10;
n11[label = "FarthestInsertion"];
n1 -> n11;
n -> n1;
}


Generation: 93
Best Individual:
Subpopulation 0:
Evaluated: true
Fitness: Standardized=0.25764972 Adjusted=0.795134 Hits=0
Tree 0:
digraph g {
node [shape=rectangle];
n[label = "If_Then"];
n0[label = "Or"];
n00[label = "If_Then_Else"];
n000[label = "NearestFirstNode"];
n00 -> n000;
n001[label = "If_Then"];
n0010[label = "FarthestInsertion"];
n001 -> n0010;
n0011[label = "FarthestNeighbor"];
n001 -> n0011;
n00 -> n001;
n002[label = "And"];
n0020[label = "NearestNeighbor"];
n002 -> n0020;
n0021[label = "FarthestFirstNode"];
n002 -> n0021;
n00 -> n002;
n0 -> n00;
n01[label = "NearestFirstNode"];
n0 -> n01;
n -> n0;
n1[label = "Equal"];
n10[label = "If_Then_Else"];
n100[label = "WorstMove"];
n10 -> n100;
n101[label = "NearestFirstNode"];
n10 -> n101;
n102[label = "If_Then"];
n1020[label = "FarthestInsertion"];
n102 -> n1020;
n1021[label = "FarthestNeighbor"];
n102 -> n1021;
n10 -> n102;
n1 -> n10;
n11[label = "FarthestInsertion"];
n1 -> n11;
n -> n1;
}


Generation: 94
Best Individual:
Subpopulation 0:
Evaluated: true
Fitness: Standardized=0.25764972 Adjusted=0.795134 Hits=0
Tree 0:
digraph g {
node [shape=rectangle];
n[label = "If_Then"];
n0[label = "Or"];
n00[label = "If_Then_Else"];
n000[label = "NearestFirstNode"];
n00 -> n000;
n001[label = "If_Then"];
n0010[label = "FarthestInsertion"];
n001 -> n0010;
n0011[label = "FarthestNeighbor"];
n001 -> n0011;
n00 -> n001;
n002[label = "NearestFirstNode"];
n00 -> n002;
n0 -> n00;
n01[label = "NearestFirstNode"];
n0 -> n01;
n -> n0;
n1[label = "Equal"];
n10[label = "If_Then_Else"];
n100[label = "WorstMove"];
n10 -> n100;
n101[label = "NearestFirstNode"];
n10 -> n101;
n102[label = "If_Then"];
n1020[label = "FarthestInsertion"];
n102 -> n1020;
n1021[label = "FarthestNeighbor"];
n102 -> n1021;
n10 -> n102;
n1 -> n10;
n11[label = "FarthestInsertion"];
n1 -> n11;
n -> n1;
}


Generation: 95
Best Individual:
Subpopulation 0:
Evaluated: true
Fitness: Standardized=0.25764972 Adjusted=0.795134 Hits=0
Tree 0:
digraph g {
node [shape=rectangle];
n[label = "If_Then"];
n0[label = "Or"];
n00[label = "If_Then_Else"];
n000[label = "NearestFirstNode"];
n00 -> n000;
n001[label = "If_Then"];
n0010[label = "FarthestInsertion"];
n001 -> n0010;
n0011[label = "FarthestNeighbor"];
n001 -> n0011;
n00 -> n001;
n002[label = "And"];
n0020[label = "NearestNeighbor"];
n002 -> n0020;
n0021[label = "FarthestFirstNode"];
n002 -> n0021;
n00 -> n002;
n0 -> n00;
n01[label = "NearestFirstNode"];
n0 -> n01;
n -> n0;
n1[label = "Equal"];
n10[label = "If_Then_Else"];
n100[label = "WorstMove"];
n10 -> n100;
n101[label = "NearestFirstNode"];
n10 -> n101;
n102[label = "If_Then"];
n1020[label = "FarthestInsertion"];
n102 -> n1020;
n1021[label = "FarthestNeighbor"];
n102 -> n1021;
n10 -> n102;
n1 -> n10;
n11[label = "FarthestInsertion"];
n1 -> n11;
n -> n1;
}


Generation: 96
Best Individual:
Subpopulation 0:
Evaluated: true
Fitness: Standardized=0.25764972 Adjusted=0.795134 Hits=0
Tree 0:
digraph g {
node [shape=rectangle];
n[label = "If_Then"];
n0[label = "Or"];
n00[label = "If_Then_Else"];
n000[label = "NearestFirstNode"];
n00 -> n000;
n001[label = "If_Then"];
n0010[label = "FarthestInsertion"];
n001 -> n0010;
n0011[label = "FarthestNeighbor"];
n001 -> n0011;
n00 -> n001;
n002[label = "And"];
n0020[label = "NearestNeighbor"];
n002 -> n0020;
n0021[label = "FarthestFirstNode"];
n002 -> n0021;
n00 -> n002;
n0 -> n00;
n01[label = "NearestFirstNode"];
n0 -> n01;
n -> n0;
n1[label = "Equal"];
n10[label = "If_Then_Else"];
n100[label = "WorstMove"];
n10 -> n100;
n101[label = "NearestFirstNode"];
n10 -> n101;
n102[label = "If_Then"];
n1020[label = "FarthestInsertion"];
n102 -> n1020;
n1021[label = "FarthestNeighbor"];
n102 -> n1021;
n10 -> n102;
n1 -> n10;
n11[label = "FarthestInsertion"];
n1 -> n11;
n -> n1;
}


Generation: 97
Best Individual:
Subpopulation 0:
Evaluated: true
Fitness: Standardized=0.25764972 Adjusted=0.795134 Hits=0
Tree 0:
digraph g {
node [shape=rectangle];
n[label = "If_Then"];
n0[label = "Or"];
n00[label = "If_Then_Else"];
n000[label = "NearestFirstNode"];
n00 -> n000;
n001[label = "If_Then"];
n0010[label = "FarthestInsertion"];
n001 -> n0010;
n0011[label = "FarthestNeighbor"];
n001 -> n0011;
n00 -> n001;
n002[label = "NearestFirstNode"];
n00 -> n002;
n0 -> n00;
n01[label = "NearestFirstNode"];
n0 -> n01;
n -> n0;
n1[label = "Equal"];
n10[label = "If_Then_Else"];
n100[label = "WorstMove"];
n10 -> n100;
n101[label = "NearestFirstNode"];
n10 -> n101;
n102[label = "If_Then"];
n1020[label = "FarthestInsertion"];
n102 -> n1020;
n1021[label = "FarthestNeighbor"];
n102 -> n1021;
n10 -> n102;
n1 -> n10;
n11[label = "FarthestInsertion"];
n1 -> n11;
n -> n1;
}


Generation: 98
Best Individual:
Subpopulation 0:
Evaluated: true
Fitness: Standardized=0.25764972 Adjusted=0.795134 Hits=0
Tree 0:
digraph g {
node [shape=rectangle];
n[label = "If_Then"];
n0[label = "Or"];
n00[label = "If_Then_Else"];
n000[label = "NearestFirstNode"];
n00 -> n000;
n001[label = "If_Then"];
n0010[label = "FarthestInsertion"];
n001 -> n0010;
n0011[label = "FarthestNeighbor"];
n001 -> n0011;
n00 -> n001;
n002[label = "Equal"];
n0020[label = "FarthestInsertion"];
n002 -> n0020;
n0021[label = "NearestFirstNode"];
n002 -> n0021;
n00 -> n002;
n0 -> n00;
n01[label = "NearestFirstNode"];
n0 -> n01;
n -> n0;
n1[label = "Equal"];
n10[label = "If_Then_Else"];
n100[label = "WorstMove"];
n10 -> n100;
n101[label = "NearestFirstNode"];
n10 -> n101;
n102[label = "If_Then"];
n1020[label = "FarthestInsertion"];
n102 -> n1020;
n1021[label = "FarthestNeighbor"];
n102 -> n1021;
n10 -> n102;
n1 -> n10;
n11[label = "FarthestInsertion"];
n1 -> n11;
n -> n1;
}


Generation: 99
Best Individual:
Subpopulation 0:
Evaluated: true
Fitness: Standardized=0.25764972 Adjusted=0.795134 Hits=0
Tree 0:
digraph g {
node [shape=rectangle];
n[label = "If_Then"];
n0[label = "Or"];
n00[label = "If_Then_Else"];
n000[label = "NearestFirstNode"];
n00 -> n000;
n001[label = "If_Then"];
n0010[label = "FarthestInsertion"];
n001 -> n0010;
n0011[label = "FarthestNeighbor"];
n001 -> n0011;
n00 -> n001;
n002[label = "And"];
n0020[label = "NearestNeighbor"];
n002 -> n0020;
n0021[label = "FarthestFirstNode"];
n002 -> n0021;
n00 -> n002;
n0 -> n00;
n01[label = "NearestFirstNode"];
n0 -> n01;
n -> n0;
n1[label = "Equal"];
n10[label = "If_Then_Else"];
n100[label = "WorstMove"];
n10 -> n100;
n101[label = "NearestFirstNode"];
n10 -> n101;
n102[label = "If_Then"];
n1020[label = "FarthestInsertion"];
n102 -> n1020;
n1021[label = "FarthestNeighbor"];
n102 -> n1021;
n10 -> n102;
n1 -> n10;
n11[label = "FarthestInsertion"];
n1 -> n11;
n -> n1;
}


Best Individual of Run:
Subpopulation 0:
Evaluated: true
Fitness: Standardized=0.25764972 Adjusted=0.795134 Hits=0
Tree 0:
digraph g {
node [shape=rectangle];
n[label = "If_Then"];
n0[label = "Or"];
n00[label = "If_Then_Else"];
n000[label = "NearestFirstNode"];
n00 -> n000;
n001[label = "If_Then"];
n0010[label = "FarthestInsertion"];
n001 -> n0010;
n0011[label = "FarthestNeighbor"];
n001 -> n0011;
n00 -> n001;
n002[label = "If_Then"];
n0020[label = "FarthestInsertion"];
n002 -> n0020;
n0021[label = "FarthestNeighbor"];
n002 -> n0021;
n00 -> n002;
n0 -> n00;
n01[label = "NearestFirstNode"];
n0 -> n01;
n -> n0;
n1[label = "Equal"];
n10[label = "If_Then_Else"];
n100[label = "WorstMove"];
n10 -> n100;
n101[label = "NearestFirstNode"];
n10 -> n101;
n102[label = "If_Then"];
n1020[label = "FarthestInsertion"];
n102 -> n1020;
n1021[label = "FarthestNeighbor"];
n102 -> n1021;
n10 -> n102;
n1 -> n10;
n11[label = "FarthestInsertion"];
n1 -> n11;
n -> n1;
}

